[1] "/project2/xinhe/shengqian/cTWAS/cTWAS_analysis/data/UKBB/OxHb.txt"     
[2] "/project2/mstephens/wcrouse/UKB_LDR_0.1"                               
[3] "/project2/compbio/predictdb/mashr_models/mashr_Artery_Tibial.db"       
[4] "/project2/xinhe/shengqian/cTWAS/cTWAS_analysis/code/ctwas_config_b38.R"
[5] "OxHb_Artery_Tibial_expr"                                               
[6] "OxHb_Artery_Tibial_ctwas"                                              
[7] "/project2/xinhe/shengqian/cTWAS/cTWAS_analysis/data/OxHb/Artery_Tibial"
[1] "skip parameter estimation"
[1] "start fine mapping"
2023-10-12 11:06:22 INFO::ctwas started ...
2023-10-12 11:07:53 INFO::LD region file: /home/shengqian/R/x86_64-pc-linux-gnu-library/4.1/ctwas/extdata/ldetect/EUR.b38.bed
2023-10-12 11:07:54 INFO::No. LD regions: 1700
2023-10-12 11:08:01 INFO::No. regions with at least one SNP/gene for chr1: 130
2023-10-12 11:08:01 INFO::No. regions with at least one SNP/gene for chr1 after merging: 130
2023-10-12 11:08:08 INFO::No. regions with at least one SNP/gene for chr2: 143
2023-10-12 11:08:08 INFO::No. regions with at least one SNP/gene for chr2 after merging: 143
2023-10-12 11:08:13 INFO::No. regions with at least one SNP/gene for chr3: 122
2023-10-12 11:08:13 INFO::No. regions with at least one SNP/gene for chr3 after merging: 122
2023-10-12 11:08:19 INFO::No. regions with at least one SNP/gene for chr4: 122
2023-10-12 11:08:19 INFO::No. regions with at least one SNP/gene for chr4 after merging: 122
2023-10-12 11:08:23 INFO::No. regions with at least one SNP/gene for chr5: 110
2023-10-12 11:08:23 INFO::No. regions with at least one SNP/gene for chr5 after merging: 110
2023-10-12 11:08:28 INFO::No. regions with at least one SNP/gene for chr6: 112
2023-10-12 11:08:28 INFO::No. regions with at least one SNP/gene for chr6 after merging: 112
2023-10-12 11:08:32 INFO::No. regions with at least one SNP/gene for chr7: 98
2023-10-12 11:08:32 INFO::No. regions with at least one SNP/gene for chr7 after merging: 98
2023-10-12 11:08:37 INFO::No. regions with at least one SNP/gene for chr8: 94
2023-10-12 11:08:37 INFO::No. regions with at least one SNP/gene for chr8 after merging: 94
2023-10-12 11:08:39 INFO::No. regions with at least one SNP/gene for chr9: 74
2023-10-12 11:08:39 INFO::No. regions with at least one SNP/gene for chr9 after merging: 74
2023-10-12 11:08:43 INFO::No. regions with at least one SNP/gene for chr10: 85
2023-10-12 11:08:43 INFO::No. regions with at least one SNP/gene for chr10 after merging: 85
2023-10-12 11:08:46 INFO::No. regions with at least one SNP/gene for chr11: 84
2023-10-12 11:08:46 INFO::No. regions with at least one SNP/gene for chr11 after merging: 84
2023-10-12 11:08:51 INFO::No. regions with at least one SNP/gene for chr12: 82
2023-10-12 11:08:51 INFO::No. regions with at least one SNP/gene for chr12 after merging: 82
2023-10-12 11:08:53 INFO::No. regions with at least one SNP/gene for chr13: 62
2023-10-12 11:08:53 INFO::No. regions with at least one SNP/gene for chr13 after merging: 62
2023-10-12 11:08:55 INFO::No. regions with at least one SNP/gene for chr14: 56
2023-10-12 11:08:55 INFO::No. regions with at least one SNP/gene for chr14 after merging: 56
2023-10-12 11:08:57 INFO::No. regions with at least one SNP/gene for chr15: 50
2023-10-12 11:08:57 INFO::No. regions with at least one SNP/gene for chr15 after merging: 50
2023-10-12 11:08:59 INFO::No. regions with at least one SNP/gene for chr16: 54
2023-10-12 11:08:59 INFO::No. regions with at least one SNP/gene for chr16 after merging: 54
2023-10-12 11:09:01 INFO::No. regions with at least one SNP/gene for chr17: 47
2023-10-12 11:09:01 INFO::No. regions with at least one SNP/gene for chr17 after merging: 47
2023-10-12 11:09:03 INFO::No. regions with at least one SNP/gene for chr18: 47
2023-10-12 11:09:03 INFO::No. regions with at least one SNP/gene for chr18 after merging: 47
2023-10-12 11:09:05 INFO::No. regions with at least one SNP/gene for chr19: 39
2023-10-12 11:09:05 INFO::No. regions with at least one SNP/gene for chr19 after merging: 39
2023-10-12 11:09:06 INFO::No. regions with at least one SNP/gene for chr20: 38
2023-10-12 11:09:06 INFO::No. regions with at least one SNP/gene for chr20 after merging: 38
2023-10-12 11:09:07 INFO::No. regions with at least one SNP/gene for chr21: 24
2023-10-12 11:09:07 INFO::No. regions with at least one SNP/gene for chr21 after merging: 24
2023-10-12 11:09:08 INFO::No. regions with at least one SNP/gene for chr22: 24
2023-10-12 11:09:08 INFO::No. regions with at least one SNP/gene for chr22 after merging: 24
2023-10-12 11:09:08 INFO::Trim regions with SNPs more than Inf
2023-10-12 11:09:08 INFO::Adding R matrix info, as genotype is not given
starting worker pid=43331 on localhost:11653 at 11:09:09.074
starting worker pid=43330 on localhost:11653 at 11:09:09.074
starting worker pid=43334 on localhost:11653 at 11:09:09.075
starting worker pid=43333 on localhost:11653 at 11:09:09.075
starting worker pid=43332 on localhost:11653 at 11:09:09.075
2023-10-12 11:09:11 INFO::Adding R matrix info for chrom 10 (core 4)
2023-10-12 11:09:11 INFO::Adding R matrix info for chrom 14 (core 5)
2023-10-12 11:09:11 INFO::Adding R matrix info for chrom 1 (core 1)
2023-10-12 11:09:11 INFO::Adding R matrix info for chrom 6 (core 3)
2023-10-12 11:09:11 INFO::Adding R matrix info for chrom 3 (core 2)
2023-10-12 11:10:55 INFO::Adding R matrix info for chrom 15 (core 5)
2023-10-12 11:16:39 INFO::Adding R matrix info for chrom 16 (core 5)
2023-10-12 11:16:45 INFO::Adding R matrix info for chrom 7 (core 3)
2023-10-12 11:17:09 INFO::Adding R matrix info for chrom 4 (core 2)
2023-10-12 11:18:42 INFO::Adding R matrix info for chrom 11 (core 4)
2023-10-12 11:21:52 INFO::Adding R matrix info for chrom 17 (core 5)
2023-10-12 11:27:19 INFO::Adding R matrix info for chrom 2 (core 1)
2023-10-12 11:28:59 INFO::Adding R matrix info for chrom 18 (core 5)
2023-10-12 11:29:26 INFO::Adding R matrix info for chrom 12 (core 4)
2023-10-12 11:31:09 INFO::Adding R matrix info for chrom 8 (core 3)
2023-10-12 11:35:06 INFO::Adding R matrix info for chrom 19 (core 5)
2023-10-12 11:36:51 INFO::Adding R matrix info for chrom 5 (core 2)
2023-10-12 11:40:35 INFO::Adding R matrix info for chrom 13 (core 4)
2023-10-12 11:41:00 INFO::Adding R matrix info for chrom 20 (core 5)
2023-10-12 11:45:27 INFO::Adding R matrix info for chrom 9 (core 3)
2023-10-12 11:47:01 INFO::Adding R matrix info for chrom 21 (core 5)
2023-10-12 11:48:25 INFO::Adding R matrix info for chrom 14 (core 4)
2023-10-12 11:49:28 INFO::Adding R matrix info for chrom 3 (core 1)
2023-10-12 11:49:35 INFO::Adding R matrix info for chrom 22 (core 5)
2023-10-12 11:50:46 INFO::Adding R matrix info for chrom 6 (core 2)
2023-10-12 11:56:12 INFO::Adding R matrix info for chrom 10 (core 3)
2023-10-12 11:58:36 INFO::Run susie for all regions.
2023-10-12 11:58:36 INFO::run iteration 1
starting worker pid=47661 on localhost:11653 at 11:58:37.269
starting worker pid=47659 on localhost:11653 at 11:58:37.269
starting worker pid=47662 on localhost:11653 at 11:58:37.269
starting worker pid=47657 on localhost:11653 at 11:58:37.269
starting worker pid=47655 on localhost:11653 at 11:58:37.270
starting worker pid=47660 on localhost:11653 at 11:58:37.270
starting worker pid=47664 on localhost:11653 at 11:58:37.270
starting worker pid=47663 on localhost:11653 at 11:58:37.271
starting worker pid=47656 on localhost:11653 at 11:58:37.271
starting worker pid=47658 on localhost:11653 at 11:58:37.272
2023-10-12 12:02:56 INFO::No. LD regions: 1700
2023-10-12 12:03:07 INFO::No. regions with at least one SNP/gene for chr1: 130
2023-10-12 12:03:07 INFO::No. regions with at least one SNP/gene for chr1 after merging: 130
2023-10-12 12:03:15 INFO::No. regions with at least one SNP/gene for chr2: 144
2023-10-12 12:03:15 INFO::No. regions with at least one SNP/gene for chr2 after merging: 144
2023-10-12 12:03:21 INFO::No. regions with at least one SNP/gene for chr3: 122
2023-10-12 12:03:21 INFO::No. regions with at least one SNP/gene for chr3 after merging: 122
2023-10-12 12:03:28 INFO::No. regions with at least one SNP/gene for chr4: 122
2023-10-12 12:03:28 INFO::No. regions with at least one SNP/gene for chr4 after merging: 122
2023-10-12 12:03:35 INFO::No. regions with at least one SNP/gene for chr5: 110
2023-10-12 12:03:35 INFO::No. regions with at least one SNP/gene for chr5 after merging: 110
2023-10-12 12:03:43 INFO::No. regions with at least one SNP/gene for chr6: 112
2023-10-12 12:03:43 INFO::No. regions with at least one SNP/gene for chr6 after merging: 112
2023-10-12 12:03:49 INFO::No. regions with at least one SNP/gene for chr7: 99
2023-10-12 12:03:49 INFO::No. regions with at least one SNP/gene for chr7 after merging: 99
2023-10-12 12:03:54 INFO::No. regions with at least one SNP/gene for chr8: 94
2023-10-12 12:03:54 INFO::No. regions with at least one SNP/gene for chr8 after merging: 94
2023-10-12 12:03:59 INFO::No. regions with at least one SNP/gene for chr9: 74
2023-10-12 12:03:59 INFO::No. regions with at least one SNP/gene for chr9 after merging: 74
2023-10-12 12:04:04 INFO::No. regions with at least one SNP/gene for chr10: 85
2023-10-12 12:04:04 INFO::No. regions with at least one SNP/gene for chr10 after merging: 85
2023-10-12 12:04:10 INFO::No. regions with at least one SNP/gene for chr11: 84
2023-10-12 12:04:10 INFO::No. regions with at least one SNP/gene for chr11 after merging: 84
2023-10-12 12:04:16 INFO::No. regions with at least one SNP/gene for chr12: 82
2023-10-12 12:04:16 INFO::No. regions with at least one SNP/gene for chr12 after merging: 82
2023-10-12 12:04:21 INFO::No. regions with at least one SNP/gene for chr13: 62
2023-10-12 12:04:21 INFO::No. regions with at least one SNP/gene for chr13 after merging: 62
2023-10-12 12:04:23 INFO::No. regions with at least one SNP/gene for chr14: 56
2023-10-12 12:04:23 INFO::No. regions with at least one SNP/gene for chr14 after merging: 56
2023-10-12 12:04:25 INFO::No. regions with at least one SNP/gene for chr15: 50
2023-10-12 12:04:25 INFO::No. regions with at least one SNP/gene for chr15 after merging: 50
2023-10-12 12:04:26 INFO::No. regions with at least one SNP/gene for chr16: 54
2023-10-12 12:04:26 INFO::No. regions with at least one SNP/gene for chr16 after merging: 54
2023-10-12 12:04:28 INFO::No. regions with at least one SNP/gene for chr17: 47
2023-10-12 12:04:28 INFO::No. regions with at least one SNP/gene for chr17 after merging: 47
2023-10-12 12:04:29 INFO::No. regions with at least one SNP/gene for chr18: 47
2023-10-12 12:04:29 INFO::No. regions with at least one SNP/gene for chr18 after merging: 47
2023-10-12 12:04:30 INFO::No. regions with at least one SNP/gene for chr19: 39
2023-10-12 12:04:30 INFO::No. regions with at least one SNP/gene for chr19 after merging: 39
2023-10-12 12:04:32 INFO::No. regions with at least one SNP/gene for chr20: 38
2023-10-12 12:04:32 INFO::No. regions with at least one SNP/gene for chr20 after merging: 38
2023-10-12 12:04:33 INFO::No. regions with at least one SNP/gene for chr21: 24
2023-10-12 12:04:33 INFO::No. regions with at least one SNP/gene for chr21 after merging: 24
2023-10-12 12:04:35 INFO::No. regions with at least one SNP/gene for chr22: 24
2023-10-12 12:04:35 INFO::No. regions with at least one SNP/gene for chr22 after merging: 24
2023-10-12 12:04:35 INFO::Trim regions with SNPs more than 20000
2023-10-12 12:04:35 INFO::Adding R matrix info, as genotype is not given
starting worker pid=48298 on localhost:11653 at 12:04:36.380
starting worker pid=48297 on localhost:11653 at 12:04:36.380
starting worker pid=48294 on localhost:11653 at 12:04:36.380
starting worker pid=48295 on localhost:11653 at 12:04:36.380
starting worker pid=48296 on localhost:11653 at 12:04:36.380
2023-10-12 12:04:56 INFO::Adding R matrix info for chrom 1 (core 1)
2023-10-12 12:04:56 INFO::Adding R matrix info for chrom 3 (core 2)
2023-10-12 12:04:56 INFO::Adding R matrix info for chrom 10 (core 4)
2023-10-12 12:04:56 INFO::Adding R matrix info for chrom 14 (core 5)
2023-10-12 12:04:56 INFO::Adding R matrix info for chrom 6 (core 3)
2023-10-12 12:07:13 INFO::Adding R matrix info for chrom 15 (core 5)
2023-10-12 12:13:34 INFO::Adding R matrix info for chrom 7 (core 3)
2023-10-12 12:13:45 INFO::Adding R matrix info for chrom 4 (core 2)
2023-10-12 12:13:54 INFO::Adding R matrix info for chrom 16 (core 5)
2023-10-12 12:16:01 INFO::Adding R matrix info for chrom 11 (core 4)
2023-10-12 12:19:47 INFO::Adding R matrix info for chrom 17 (core 5)
2023-10-12 12:25:17 INFO::Adding R matrix info for chrom 2 (core 1)
2023-10-12 12:27:42 INFO::Adding R matrix info for chrom 18 (core 5)
2023-10-12 12:28:15 INFO::Adding R matrix info for chrom 12 (core 4)
2023-10-12 12:29:51 INFO::Adding R matrix info for chrom 8 (core 3)
2023-10-12 12:34:25 INFO::Adding R matrix info for chrom 19 (core 5)
2023-10-12 12:35:00 INFO::Adding R matrix info for chrom 5 (core 2)
2023-10-12 12:40:51 INFO::Adding R matrix info for chrom 13 (core 4)
2023-10-12 12:40:51 INFO::Adding R matrix info for chrom 20 (core 5)
2023-10-12 12:46:00 INFO::Adding R matrix info for chrom 9 (core 3)
2023-10-12 12:46:52 INFO::Adding R matrix info for chrom 21 (core 5)
2023-10-12 12:49:10 INFO::Adding R matrix info for chrom 22 (core 5)
2023-10-12 12:49:16 INFO::Adding R matrix info for chrom 14 (core 4)
2023-10-12 12:49:35 INFO::Adding R matrix info for chrom 3 (core 1)
2023-10-12 12:53:06 INFO::Adding R matrix info for chrom 6 (core 2)
2023-10-12 12:58:30 INFO::Adding R matrix info for chrom 10 (core 3)
2023-10-12 13:03:27 INFO::Number of regions that contain strong gene signals: 0
$group_prior
         SNP         gene 
0.0003778214 0.0040115252 

$group_prior_var
      SNP      gene 
0.6684344 0.5565171 

R version 4.1.0 (2021-05-18)
Platform: x86_64-pc-linux-gnu (64-bit)
Running under: CentOS Linux 7 (Core)

Matrix products: default
BLAS/LAPACK: /software/openblas-0.3.13-el7-x86_64/lib/libopenblas_haswellp-r0.3.13.so

locale:
[1] C

attached base packages:
[1] stats     graphics  grDevices utils     datasets  methods   base     

other attached packages:
[1] data.table_1.14.6 ctwas_0.1.40     

loaded via a namespace (and not attached):
 [1] Rcpp_1.0.9        pgenlibr_0.3.2    magrittr_2.0.3    hms_1.1.2        
 [5] doParallel_1.0.17 lattice_0.20-44   R6_2.5.1          rlang_1.1.1      
 [9] foreach_1.5.2     fansi_1.0.3       tools_4.1.0       parallel_4.1.0   
[13] grid_4.1.0        logging_0.10-108  utf8_1.2.2        cli_3.6.1        
[17] iterators_1.0.14  ellipsis_0.3.2    tibble_3.1.8      lifecycle_1.0.3  
[21] crayon_1.5.2      Matrix_1.3-3      readr_2.1.3       tzdb_0.3.0       
[25] vctrs_0.6.3       codetools_0.2-18  glue_1.6.2        compiler_4.1.0   
[29] pillar_1.8.1      pkgconfig_2.0.3  
