Loading required package: ctwas
loaded ctwas and set parent environment
Loading required package: ctwas
loaded ctwas and set parent environment
Loading required package: ctwas
loaded ctwas and set parent environment
Loading required package: ctwas
loaded ctwas and set parent environment
Loading required package: ctwas
loaded ctwas and set parent environment
Loading required package: ctwas
loaded ctwas and set parent environment
Loading required package: ctwas
loaded ctwas and set parent environment
Loading required package: ctwas
loaded ctwas and set parent environment
Loading required package: ctwas
loaded ctwas and set parent environment
Loading required package: ctwas
loaded ctwas and set parent environment
Loading required package: ctwas
loaded ctwas and set parent environment
Loading required package: ctwas
loaded ctwas and set parent environment
Loading required package: ctwas
loaded ctwas and set parent environment
Loading required package: ctwas
loaded ctwas and set parent environment
Loading required package: ctwas
loaded ctwas and set parent environment
Loading required package: ctwas
loaded ctwas and set parent environment
Loading required package: ctwas
loaded ctwas and set parent environment
Loading required package: ctwas
loaded ctwas and set parent environment
Loading required package: ctwas
loaded ctwas and set parent environment
Loading required package: ctwas
loaded ctwas and set parent environment
Loading required package: ctwas
loaded ctwas and set parent environment
Loading required package: ctwas
loaded ctwas and set parent environment
Loading required package: ctwas
loaded ctwas and set parent environment
Loading required package: ctwas
loaded ctwas and set parent environment
Loading required package: ctwas
loaded ctwas and set parent environment
Loading required package: ctwas
loaded ctwas and set parent environment
Loading required package: ctwas
loaded ctwas and set parent environment
Loading required package: ctwas
loaded ctwas and set parent environment
Loading required package: ctwas
loaded ctwas and set parent environment
Loading required package: ctwas
loaded ctwas and set parent environment
Loading required package: ctwas
loaded ctwas and set parent environment
Loading required package: ctwas
loaded ctwas and set parent environment
Loading required package: ctwas
loaded ctwas and set parent environment
Loading required package: ctwas
loaded ctwas and set parent environment
Loading required package: ctwas
loaded ctwas and set parent environment
Loading required package: ctwas
loaded ctwas and set parent environment
Loading required package: ctwas
loaded ctwas and set parent environment
Loading required package: ctwas
loaded ctwas and set parent environment
Loading required package: ctwas
loaded ctwas and set parent environment
Loading required package: ctwas
loaded ctwas and set parent environment
Loading required package: ctwas
loaded ctwas and set parent environment
Loading required package: ctwas
loaded ctwas and set parent environment
Loading required package: ctwas
loaded ctwas and set parent environment
Loading required package: ctwas
loaded ctwas and set parent environment
Loading required package: ctwas
loaded ctwas and set parent environment
Loading required package: ctwas
loaded ctwas and set parent environment
Loading required package: ctwas
loaded ctwas and set parent environment
Loading required package: ctwas
loaded ctwas and set parent environment
Loading required package: ctwas
loaded ctwas and set parent environment
Loading required package: ctwas
loaded ctwas and set parent environment
Loading required package: ctwas
loaded ctwas and set parent environment
Loading required package: ctwas
loaded ctwas and set parent environment
Loading required package: ctwas
loaded ctwas and set parent environment
Loading required package: ctwas
loaded ctwas and set parent environment
Loading required package: ctwas
loaded ctwas and set parent environment
Loading required package: ctwas
loaded ctwas and set parent environment
Loading required package: ctwas
loaded ctwas and set parent environment
Loading required package: ctwas
loaded ctwas and set parent environment
Loading required package: ctwas
loaded ctwas and set parent environment
Loading required package: ctwas
loaded ctwas and set parent environment
Loading required package: ctwas
loaded ctwas and set parent environment
Loading required package: ctwas
loaded ctwas and set parent environment
Loading required package: ctwas
loaded ctwas and set parent environment
Loading required package: ctwas
loaded ctwas and set parent environment
Loading required package: ctwas
loaded ctwas and set parent environment
Loading required package: ctwas
loaded ctwas and set parent environment
Loading required package: ctwas
loaded ctwas and set parent environment
Loading required package: ctwas
loaded ctwas and set parent environment
Loading required package: ctwas
loaded ctwas and set parent environment
Loading required package: ctwas
loaded ctwas and set parent environment
Loading required package: ctwas
loaded ctwas and set parent environment
Loading required package: ctwas
loaded ctwas and set parent environment
Loading required package: ctwas
loaded ctwas and set parent environment
Loading required package: ctwas
loaded ctwas and set parent environment
Loading required package: ctwas
loaded ctwas and set parent environment
Loading required package: ctwas
loaded ctwas and set parent environment
Loading required package: ctwas
loaded ctwas and set parent environment
Loading required package: ctwas
loaded ctwas and set parent environment
Loading required package: ctwas
loaded ctwas and set parent environment
Loading required package: ctwas
loaded ctwas and set parent environment
Loading required package: ctwas
loaded ctwas and set parent environment
Loading required package: ctwas
loaded ctwas and set parent environment
Loading required package: ctwas
loaded ctwas and set parent environment
Loading required package: ctwas
loaded ctwas and set parent environment
Loading required package: ctwas
loaded ctwas and set parent environment
Loading required package: ctwas
loaded ctwas and set parent environment
Loading required package: ctwas
loaded ctwas and set parent environment
Loading required package: ctwas
loaded ctwas and set parent environment
Loading required package: ctwas
loaded ctwas and set parent environment
Loading required package: ctwas
loaded ctwas and set parent environment
Loading required package: ctwas
loaded ctwas and set parent environment
Loading required package: ctwas
loaded ctwas and set parent environment
Loading required package: ctwas
loaded ctwas and set parent environment
Loading required package: ctwas
loaded ctwas and set parent environment
Loading required package: ctwas
loaded ctwas and set parent environment
Loading required package: ctwas
loaded ctwas and set parent environment
Loading required package: ctwas
loaded ctwas and set parent environment
Loading required package: ctwas
loaded ctwas and set parent environment
Loading required package: ctwas
loaded ctwas and set parent environment
Loading required package: ctwas
loaded ctwas and set parent environment
Loading required package: ctwas
loaded ctwas and set parent environment
Loading required package: ctwas
loaded ctwas and set parent environment
Loading required package: ctwas
loaded ctwas and set parent environment
Loading required package: ctwas
loaded ctwas and set parent environment
Loading required package: ctwas
loaded ctwas and set parent environment
Loading required package: ctwas
loaded ctwas and set parent environment
Loading required package: ctwas
loaded ctwas and set parent environment
Loading required package: ctwas
loaded ctwas and set parent environment
Loading required package: ctwas
loaded ctwas and set parent environment
Loading required package: ctwas
loaded ctwas and set parent environment
Loading required package: ctwas
loaded ctwas and set parent environment
Loading required package: ctwas
loaded ctwas and set parent environment
Loading required package: ctwas
loaded ctwas and set parent environment
Loading required package: ctwas
loaded ctwas and set parent environment
Loading required package: ctwas
loaded ctwas and set parent environment
Loading required package: ctwas
loaded ctwas and set parent environment
Loading required package: ctwas
loaded ctwas and set parent environment
Loading required package: ctwas
loaded ctwas and set parent environment
Loading required package: ctwas
loaded ctwas and set parent environment
Loading required package: ctwas
loaded ctwas and set parent environment
Loading required package: ctwas
loaded ctwas and set parent environment
Loading required package: ctwas
loaded ctwas and set parent environment
Loading required package: ctwas
loaded ctwas and set parent environment
Loading required package: ctwas
loaded ctwas and set parent environment
Loading required package: ctwas
loaded ctwas and set parent environment
Loading required package: ctwas
loaded ctwas and set parent environment
Loading required package: ctwas
loaded ctwas and set parent environment
Loading required package: ctwas
loaded ctwas and set parent environment
Loading required package: ctwas
loaded ctwas and set parent environment
Loading required package: ctwas
loaded ctwas and set parent environment
Loading required package: ctwas
loaded ctwas and set parent environment
Loading required package: ctwas
loaded ctwas and set parent environment
Loading required package: ctwas
loaded ctwas and set parent environment
Loading required package: ctwas
loaded ctwas and set parent environment
Loading required package: ctwas
loaded ctwas and set parent environment
Loading required package: ctwas
loaded ctwas and set parent environment
Loading required package: ctwas
loaded ctwas and set parent environment
Loading required package: ctwas
loaded ctwas and set parent environment
Loading required package: ctwas
loaded ctwas and set parent environment
Loading required package: ctwas
loaded ctwas and set parent environment
Loading required package: ctwas
loaded ctwas and set parent environment
Loading required package: ctwas
loaded ctwas and set parent environment
Loading required package: ctwas
loaded ctwas and set parent environment
Loading required package: ctwas
loaded ctwas and set parent environment
Loading required package: ctwas
loaded ctwas and set parent environment
Loading required package: ctwas
loaded ctwas and set parent environment
Loading required package: ctwas
loaded ctwas and set parent environment
Loading required package: ctwas
loaded ctwas and set parent environment
Loading required package: ctwas
loaded ctwas and set parent environment
Loading required package: ctwas
loaded ctwas and set parent environment
Loading required package: ctwas
loaded ctwas and set parent environment
Loading required package: ctwas
loaded ctwas and set parent environment
Loading required package: ctwas
loaded ctwas and set parent environment
Loading required package: ctwas
loaded ctwas and set parent environment
Loading required package: ctwas
loaded ctwas and set parent environment
Loading required package: ctwas
loaded ctwas and set parent environment
Loading required package: ctwas
loaded ctwas and set parent environment
Loading required package: ctwas
loaded ctwas and set parent environment
Loading required package: ctwas
loaded ctwas and set parent environment
Loading required package: ctwas
loaded ctwas and set parent environment
Loading required package: ctwas
loaded ctwas and set parent environment
Loading required package: ctwas
loaded ctwas and set parent environment
Loading required package: ctwas
loaded ctwas and set parent environment
Loading required package: ctwas
loaded ctwas and set parent environment
Loading required package: ctwas
loaded ctwas and set parent environment
Loading required package: ctwas
loaded ctwas and set parent environment
Loading required package: ctwas
loaded ctwas and set parent environment
Loading required package: ctwas
loaded ctwas and set parent environment
Loading required package: ctwas
loaded ctwas and set parent environment
Loading required package: ctwas
loaded ctwas and set parent environment
Loading required package: ctwas
loaded ctwas and set parent environment
Loading required package: ctwas
loaded ctwas and set parent environment
Loading required package: ctwas
loaded ctwas and set parent environment
Loading required package: ctwas
loaded ctwas and set parent environment
Loading required package: ctwas
loaded ctwas and set parent environment
Loading required package: ctwas
loaded ctwas and set parent environment
Loading required package: ctwas
loaded ctwas and set parent environment
Loading required package: ctwas
loaded ctwas and set parent environment
Loading required package: ctwas
loaded ctwas and set parent environment
Loading required package: ctwas
Error: package or namespace load failed for 'ctwas' in namespaceExport(ns, exports):
 undefined exports: coef.susie, compute_ss, ctwas, ctwas_rss, ctwas_summarize_parameters, impute_expr, impute_expr_z, predict.susie, preharmonize_z_ld, susie, susie_get_cs, susie_get_lfsr, susie_get_niter, susie_get_objective, susie_get_pip, susie_get_posterior_mean, susie_get_posterior_samples, susie_get_posterior_sd, susie_get_prior_variance, susie_get_residual_variance, susie_init_coef, susie_rss, susie_suff_stat, univariate_regression
Error in e$fun(obj, substitute(ex), parent.frame(), e$data) : 
  worker initialization failed: there is no package called 'ctwas'
Calls: impute_expr_z -> %dopar% -> <Anonymous>
Execution halted
Error in unserialize(node$con) : error reading from connection
Calls: <Anonymous> ... doTryCatch -> recvData -> recvData.SOCKnode -> unserialize
Error in unserialize(node$con) : error reading from connection
Calls: <Anonymous> ... doTryCatch -> recvData -> recvData.SOCKnode -> unserialize
Error in unserialize(node$con) : error reading from connection
Calls: <Anonymous> ... doTryCatch -> recvData -> recvData.SOCKnode -> unserialize
Error in unserialize(node$con) : error reading from connection
Calls: <Anonymous> ... doTryCatch -> recvData -> recvData.SOCKnode -> unserialize
Error in unserialize(node$con) : error reading from connection
Calls: <Anonymous> ... doTryCatch -> recvData -> recvData.SOCKnode -> unserialize
Error in unserialize(node$con) : error reading from connection
Calls: <Anonymous> ... doTryCatch -> recvData -> recvData.SOCKnode -> unserialize
Execution halted
Execution halted
Execution halted
Execution halted
Execution halted
Execution halted
Error in unserialize(node$con) : error reading from connection
Calls: <Anonymous> ... doTryCatch -> recvData -> recvData.SOCKnode -> unserialize
Error in unserialize(node$con) : error reading from connection
Calls: <Anonymous> ... doTryCatch -> recvData -> recvData.SOCKnode -> unserialize
In addition: Warning message:
S3 methods 'coef.susie', 'predict.susie' were declared in NAMESPACE but not found 
Execution halted
Execution halted
