[1] "/project2/xinhe/shengqian/cTWAS/cTWAS_analysis/data/UKBB/OxHb.txt"     
[2] "/project2/mstephens/wcrouse/UKB_LDR_0.1"                               
[3] "/project2/compbio/predictdb/mashr_models/mashr_Kidney_Cortex.db"       
[4] "/project2/xinhe/shengqian/cTWAS/cTWAS_analysis/code/ctwas_config_b38.R"
[5] "OxHb_Kidney_Cortex_expr"                                               
[6] "OxHb_Kidney_Cortex_ctwas"                                              
[7] "/project2/xinhe/shengqian/cTWAS/cTWAS_analysis/data/OxHb/Kidney_Cortex"
[1] "skip parameter estimation"
[1] "start fine mapping"
2023-10-12 15:56:21 INFO::ctwas started ...
2023-10-12 15:57:14 INFO::LD region file: /home/shengqian/R/x86_64-pc-linux-gnu-library/4.1/ctwas/extdata/ldetect/EUR.b38.bed
2023-10-12 15:57:16 INFO::No. LD regions: 1700
2023-10-12 15:57:22 INFO::No. regions with at least one SNP/gene for chr1: 130
2023-10-12 15:57:22 INFO::No. regions with at least one SNP/gene for chr1 after merging: 130
2023-10-12 15:57:28 INFO::No. regions with at least one SNP/gene for chr2: 143
2023-10-12 15:57:28 INFO::No. regions with at least one SNP/gene for chr2 after merging: 143
2023-10-12 15:57:33 INFO::No. regions with at least one SNP/gene for chr3: 122
2023-10-12 15:57:33 INFO::No. regions with at least one SNP/gene for chr3 after merging: 122
2023-10-12 15:57:38 INFO::No. regions with at least one SNP/gene for chr4: 122
2023-10-12 15:57:38 INFO::No. regions with at least one SNP/gene for chr4 after merging: 122
2023-10-12 15:57:42 INFO::No. regions with at least one SNP/gene for chr5: 110
2023-10-12 15:57:42 INFO::No. regions with at least one SNP/gene for chr5 after merging: 110
2023-10-12 15:57:47 INFO::No. regions with at least one SNP/gene for chr6: 112
2023-10-12 15:57:47 INFO::No. regions with at least one SNP/gene for chr6 after merging: 112
2023-10-12 15:57:51 INFO::No. regions with at least one SNP/gene for chr7: 98
2023-10-12 15:57:51 INFO::No. regions with at least one SNP/gene for chr7 after merging: 98
2023-10-12 15:57:56 INFO::No. regions with at least one SNP/gene for chr8: 94
2023-10-12 15:57:56 INFO::No. regions with at least one SNP/gene for chr8 after merging: 94
2023-10-12 15:57:58 INFO::No. regions with at least one SNP/gene for chr9: 74
2023-10-12 15:57:58 INFO::No. regions with at least one SNP/gene for chr9 after merging: 74
2023-10-12 15:58:02 INFO::No. regions with at least one SNP/gene for chr10: 85
2023-10-12 15:58:02 INFO::No. regions with at least one SNP/gene for chr10 after merging: 85
2023-10-12 15:58:06 INFO::No. regions with at least one SNP/gene for chr11: 84
2023-10-12 15:58:06 INFO::No. regions with at least one SNP/gene for chr11 after merging: 84
2023-10-12 15:58:10 INFO::No. regions with at least one SNP/gene for chr12: 82
2023-10-12 15:58:10 INFO::No. regions with at least one SNP/gene for chr12 after merging: 82
2023-10-12 15:58:12 INFO::No. regions with at least one SNP/gene for chr13: 62
2023-10-12 15:58:13 INFO::No. regions with at least one SNP/gene for chr13 after merging: 62
2023-10-12 15:58:15 INFO::No. regions with at least one SNP/gene for chr14: 56
2023-10-12 15:58:15 INFO::No. regions with at least one SNP/gene for chr14 after merging: 56
2023-10-12 15:58:17 INFO::No. regions with at least one SNP/gene for chr15: 50
2023-10-12 15:58:17 INFO::No. regions with at least one SNP/gene for chr15 after merging: 50
2023-10-12 15:58:19 INFO::No. regions with at least one SNP/gene for chr16: 54
2023-10-12 15:58:19 INFO::No. regions with at least one SNP/gene for chr16 after merging: 54
2023-10-12 15:58:21 INFO::No. regions with at least one SNP/gene for chr17: 47
2023-10-12 15:58:21 INFO::No. regions with at least one SNP/gene for chr17 after merging: 47
2023-10-12 15:58:24 INFO::No. regions with at least one SNP/gene for chr18: 47
2023-10-12 15:58:24 INFO::No. regions with at least one SNP/gene for chr18 after merging: 47
2023-10-12 15:58:25 INFO::No. regions with at least one SNP/gene for chr19: 39
2023-10-12 15:58:25 INFO::No. regions with at least one SNP/gene for chr19 after merging: 39
2023-10-12 15:58:27 INFO::No. regions with at least one SNP/gene for chr20: 38
2023-10-12 15:58:27 INFO::No. regions with at least one SNP/gene for chr20 after merging: 38
2023-10-12 15:58:27 INFO::No. regions with at least one SNP/gene for chr21: 24
2023-10-12 15:58:27 INFO::No. regions with at least one SNP/gene for chr21 after merging: 24
2023-10-12 15:58:28 INFO::No. regions with at least one SNP/gene for chr22: 24
2023-10-12 15:58:28 INFO::No. regions with at least one SNP/gene for chr22 after merging: 24
2023-10-12 15:58:28 INFO::Trim regions with SNPs more than Inf
2023-10-12 15:58:28 INFO::Adding R matrix info, as genotype is not given
starting worker pid=36146 on localhost:11520 at 15:58:29.516
starting worker pid=36142 on localhost:11520 at 15:58:29.516
starting worker pid=36143 on localhost:11520 at 15:58:29.516
starting worker pid=36144 on localhost:11520 at 15:58:29.516
starting worker pid=36145 on localhost:11520 at 15:58:29.517
2023-10-12 15:58:31 INFO::Adding R matrix info for chrom 1 (core 1)
2023-10-12 15:58:31 INFO::Adding R matrix info for chrom 3 (core 2)
2023-10-12 15:58:31 INFO::Adding R matrix info for chrom 6 (core 3)
2023-10-12 15:58:31 INFO::Adding R matrix info for chrom 14 (core 5)
2023-10-12 15:58:31 INFO::Adding R matrix info for chrom 10 (core 4)
2023-10-12 16:00:10 INFO::Adding R matrix info for chrom 15 (core 5)
2023-10-12 16:05:56 INFO::Adding R matrix info for chrom 16 (core 5)
2023-10-12 16:06:21 INFO::Adding R matrix info for chrom 7 (core 3)
2023-10-12 16:06:54 INFO::Adding R matrix info for chrom 4 (core 2)
2023-10-12 16:07:59 INFO::Adding R matrix info for chrom 11 (core 4)
2023-10-12 16:11:15 INFO::Adding R matrix info for chrom 17 (core 5)
2023-10-12 16:12:45 INFO::Adding R matrix info for chrom 2 (core 1)
2023-10-12 16:18:30 INFO::Adding R matrix info for chrom 18 (core 5)
2023-10-12 16:19:48 INFO::Adding R matrix info for chrom 12 (core 4)
2023-10-12 16:22:10 INFO::Adding R matrix info for chrom 8 (core 3)
2023-10-12 16:25:02 INFO::Adding R matrix info for chrom 19 (core 5)
2023-10-12 16:28:08 INFO::Adding R matrix info for chrom 5 (core 2)
2023-10-12 16:30:24 INFO::Adding R matrix info for chrom 3 (core 1)
2023-10-12 16:31:00 INFO::Adding R matrix info for chrom 20 (core 5)
2023-10-12 16:31:56 INFO::Adding R matrix info for chrom 13 (core 4)
2023-10-12 16:37:18 INFO::Adding R matrix info for chrom 9 (core 3)
2023-10-12 16:37:19 INFO::Adding R matrix info for chrom 21 (core 5)
2023-10-12 16:40:13 INFO::Adding R matrix info for chrom 22 (core 5)
2023-10-12 16:40:28 INFO::Adding R matrix info for chrom 14 (core 4)
2023-10-12 16:45:49 INFO::Adding R matrix info for chrom 6 (core 2)
2023-10-12 16:48:33 INFO::Adding R matrix info for chrom 10 (core 3)
2023-10-12 16:53:25 INFO::Run susie for all regions.
2023-10-12 16:53:25 INFO::run iteration 1
starting worker pid=40948 on localhost:11520 at 16:53:26.411
starting worker pid=40946 on localhost:11520 at 16:53:26.411
starting worker pid=40949 on localhost:11520 at 16:53:26.411
starting worker pid=40947 on localhost:11520 at 16:53:26.411
starting worker pid=40944 on localhost:11520 at 16:53:26.411
starting worker pid=40943 on localhost:11520 at 16:53:26.411
starting worker pid=40942 on localhost:11520 at 16:53:26.411
starting worker pid=40945 on localhost:11520 at 16:53:26.412
starting worker pid=40941 on localhost:11520 at 16:53:26.412
starting worker pid=40950 on localhost:11520 at 16:53:26.412
2023-10-12 16:57:32 INFO::No. LD regions: 1700
2023-10-12 16:57:41 INFO::No. regions with at least one SNP/gene for chr1: 130
2023-10-12 16:57:41 INFO::No. regions with at least one SNP/gene for chr1 after merging: 130
2023-10-12 16:57:49 INFO::No. regions with at least one SNP/gene for chr2: 144
2023-10-12 16:57:49 INFO::No. regions with at least one SNP/gene for chr2 after merging: 144
2023-10-12 16:57:54 INFO::No. regions with at least one SNP/gene for chr3: 122
2023-10-12 16:57:54 INFO::No. regions with at least one SNP/gene for chr3 after merging: 122
2023-10-12 16:58:02 INFO::No. regions with at least one SNP/gene for chr4: 122
2023-10-12 16:58:02 INFO::No. regions with at least one SNP/gene for chr4 after merging: 122
2023-10-12 16:58:08 INFO::No. regions with at least one SNP/gene for chr5: 110
2023-10-12 16:58:08 INFO::No. regions with at least one SNP/gene for chr5 after merging: 110
2023-10-12 16:58:15 INFO::No. regions with at least one SNP/gene for chr6: 112
2023-10-12 16:58:15 INFO::No. regions with at least one SNP/gene for chr6 after merging: 112
2023-10-12 16:58:21 INFO::No. regions with at least one SNP/gene for chr7: 99
2023-10-12 16:58:21 INFO::No. regions with at least one SNP/gene for chr7 after merging: 99
2023-10-12 16:58:26 INFO::No. regions with at least one SNP/gene for chr8: 94
2023-10-12 16:58:26 INFO::No. regions with at least one SNP/gene for chr8 after merging: 94
2023-10-12 16:58:29 INFO::No. regions with at least one SNP/gene for chr9: 74
2023-10-12 16:58:29 INFO::No. regions with at least one SNP/gene for chr9 after merging: 74
2023-10-12 16:58:35 INFO::No. regions with at least one SNP/gene for chr10: 85
2023-10-12 16:58:35 INFO::No. regions with at least one SNP/gene for chr10 after merging: 85
2023-10-12 16:58:39 INFO::No. regions with at least one SNP/gene for chr11: 84
2023-10-12 16:58:39 INFO::No. regions with at least one SNP/gene for chr11 after merging: 84
2023-10-12 16:58:43 INFO::No. regions with at least one SNP/gene for chr12: 82
2023-10-12 16:58:43 INFO::No. regions with at least one SNP/gene for chr12 after merging: 82
2023-10-12 16:58:47 INFO::No. regions with at least one SNP/gene for chr13: 62
2023-10-12 16:58:47 INFO::No. regions with at least one SNP/gene for chr13 after merging: 62
2023-10-12 16:58:50 INFO::No. regions with at least one SNP/gene for chr14: 56
2023-10-12 16:58:50 INFO::No. regions with at least one SNP/gene for chr14 after merging: 56
2023-10-12 16:58:54 INFO::No. regions with at least one SNP/gene for chr15: 50
2023-10-12 16:58:54 INFO::No. regions with at least one SNP/gene for chr15 after merging: 50
2023-10-12 16:58:57 INFO::No. regions with at least one SNP/gene for chr16: 54
2023-10-12 16:58:57 INFO::No. regions with at least one SNP/gene for chr16 after merging: 54
2023-10-12 16:58:58 INFO::No. regions with at least one SNP/gene for chr17: 47
2023-10-12 16:58:58 INFO::No. regions with at least one SNP/gene for chr17 after merging: 47
2023-10-12 16:59:00 INFO::No. regions with at least one SNP/gene for chr18: 47
2023-10-12 16:59:00 INFO::No. regions with at least one SNP/gene for chr18 after merging: 47
2023-10-12 16:59:02 INFO::No. regions with at least one SNP/gene for chr19: 39
2023-10-12 16:59:02 INFO::No. regions with at least one SNP/gene for chr19 after merging: 39
2023-10-12 16:59:03 INFO::No. regions with at least one SNP/gene for chr20: 38
2023-10-12 16:59:03 INFO::No. regions with at least one SNP/gene for chr20 after merging: 38
2023-10-12 16:59:04 INFO::No. regions with at least one SNP/gene for chr21: 24
2023-10-12 16:59:04 INFO::No. regions with at least one SNP/gene for chr21 after merging: 24
2023-10-12 16:59:04 INFO::No. regions with at least one SNP/gene for chr22: 24
2023-10-12 16:59:04 INFO::No. regions with at least one SNP/gene for chr22 after merging: 24
2023-10-12 16:59:04 INFO::Trim regions with SNPs more than 20000
2023-10-12 16:59:04 INFO::Adding R matrix info, as genotype is not given
starting worker pid=41589 on localhost:11520 at 16:59:05.914
starting worker pid=41590 on localhost:11520 at 16:59:05.914
starting worker pid=41586 on localhost:11520 at 16:59:05.914
starting worker pid=41588 on localhost:11520 at 16:59:05.915
starting worker pid=41587 on localhost:11520 at 16:59:05.915
2023-10-12 16:59:25 INFO::Adding R matrix info for chrom 14 (core 5)
2023-10-12 16:59:25 INFO::Adding R matrix info for chrom 6 (core 3)
2023-10-12 16:59:25 INFO::Adding R matrix info for chrom 3 (core 2)
2023-10-12 16:59:25 INFO::Adding R matrix info for chrom 10 (core 4)
2023-10-12 16:59:25 INFO::Adding R matrix info for chrom 1 (core 1)
2023-10-12 17:01:41 INFO::Adding R matrix info for chrom 15 (core 5)
2023-10-12 17:08:12 INFO::Adding R matrix info for chrom 16 (core 5)
2023-10-12 17:08:23 INFO::Adding R matrix info for chrom 7 (core 3)
2023-10-12 17:09:06 INFO::Adding R matrix info for chrom 4 (core 2)
2023-10-12 17:10:44 INFO::Adding R matrix info for chrom 11 (core 4)
2023-10-12 17:14:08 INFO::Adding R matrix info for chrom 17 (core 5)
2023-10-12 17:16:24 INFO::Adding R matrix info for chrom 2 (core 1)
2023-10-12 17:22:13 INFO::Adding R matrix info for chrom 18 (core 5)
2023-10-12 17:22:44 INFO::Adding R matrix info for chrom 12 (core 4)
2023-10-12 17:25:00 INFO::Adding R matrix info for chrom 8 (core 3)
2023-10-12 17:29:06 INFO::Adding R matrix info for chrom 19 (core 5)
2023-10-12 17:32:19 INFO::Adding R matrix info for chrom 5 (core 2)
2023-10-12 17:34:17 INFO::Adding R matrix info for chrom 3 (core 1)
2023-10-12 17:34:52 INFO::Adding R matrix info for chrom 13 (core 4)
2023-10-12 17:35:22 INFO::Adding R matrix info for chrom 20 (core 5)
2023-10-12 17:41:32 INFO::Adding R matrix info for chrom 9 (core 3)
2023-10-12 17:41:53 INFO::Adding R matrix info for chrom 21 (core 5)
2023-10-12 17:43:47 INFO::Adding R matrix info for chrom 14 (core 4)
2023-10-12 17:44:37 INFO::Adding R matrix info for chrom 22 (core 5)
2023-10-12 17:50:56 INFO::Adding R matrix info for chrom 6 (core 2)
2023-10-12 17:52:46 INFO::Adding R matrix info for chrom 10 (core 3)
2023-10-12 18:01:02 INFO::Number of regions that contain strong gene signals: 0
$group_prior
        SNP        gene 
0.000379666 0.004579254 

$group_prior_var
     SNP     gene 
0.681686 2.502479 

R version 4.1.0 (2021-05-18)
Platform: x86_64-pc-linux-gnu (64-bit)
Running under: CentOS Linux 7 (Core)

Matrix products: default
BLAS/LAPACK: /software/openblas-0.3.13-el7-x86_64/lib/libopenblas_haswellp-r0.3.13.so

locale:
[1] C

attached base packages:
[1] stats     graphics  grDevices utils     datasets  methods   base     

other attached packages:
[1] data.table_1.14.6 ctwas_0.1.40     

loaded via a namespace (and not attached):
 [1] Rcpp_1.0.9        pgenlibr_0.3.2    magrittr_2.0.3    hms_1.1.2        
 [5] doParallel_1.0.17 lattice_0.20-44   R6_2.5.1          rlang_1.1.1      
 [9] foreach_1.5.2     fansi_1.0.3       tools_4.1.0       parallel_4.1.0   
[13] grid_4.1.0        logging_0.10-108  utf8_1.2.2        cli_3.6.1        
[17] iterators_1.0.14  ellipsis_0.3.2    tibble_3.1.8      lifecycle_1.0.3  
[21] crayon_1.5.2      Matrix_1.3-3      readr_2.1.3       tzdb_0.3.0       
[25] vctrs_0.6.3       codetools_0.2-18  glue_1.6.2        compiler_4.1.0   
[29] pillar_1.8.1      pkgconfig_2.0.3  
