[1] "/project2/xinhe/shengqian/cTWAS/cTWAS_analysis/data/UKBB/OxHb.txt"     
[2] "/project2/mstephens/wcrouse/UKB_LDR_0.1"                               
[3] "/project2/compbio/predictdb/mashr_models/mashr_Whole_Blood.db"         
[4] "/project2/xinhe/shengqian/cTWAS/cTWAS_analysis/code/ctwas_config_b38.R"
[5] "OxHb_Whole_Blood_expr"                                                 
[6] "OxHb_Whole_Blood_ctwas"                                                
[7] "/project2/xinhe/shengqian/cTWAS/cTWAS_analysis/data/OxHb/Whole_Blood"  
[1] "skip parameter estimation"
[1] "start fine mapping"
2023-10-11 23:17:08 INFO::ctwas started ...
2023-10-11 23:17:45 INFO::LD region file: /home/shengqian/R/x86_64-pc-linux-gnu-library/4.1/ctwas/extdata/ldetect/EUR.b38.bed
2023-10-11 23:17:47 INFO::No. LD regions: 1700
2023-10-11 23:17:53 INFO::No. regions with at least one SNP/gene for chr1: 130
2023-10-11 23:17:53 INFO::No. regions with at least one SNP/gene for chr1 after merging: 130
2023-10-11 23:18:01 INFO::No. regions with at least one SNP/gene for chr2: 143
2023-10-11 23:18:01 INFO::No. regions with at least one SNP/gene for chr2 after merging: 143
2023-10-11 23:18:08 INFO::No. regions with at least one SNP/gene for chr3: 122
2023-10-11 23:18:08 INFO::No. regions with at least one SNP/gene for chr3 after merging: 122
2023-10-11 23:18:16 INFO::No. regions with at least one SNP/gene for chr4: 122
2023-10-11 23:18:16 INFO::No. regions with at least one SNP/gene for chr4 after merging: 122
2023-10-11 23:18:21 INFO::No. regions with at least one SNP/gene for chr5: 110
2023-10-11 23:18:21 INFO::No. regions with at least one SNP/gene for chr5 after merging: 110
2023-10-11 23:18:26 INFO::No. regions with at least one SNP/gene for chr6: 112
2023-10-11 23:18:26 INFO::No. regions with at least one SNP/gene for chr6 after merging: 112
2023-10-11 23:18:30 INFO::No. regions with at least one SNP/gene for chr7: 98
2023-10-11 23:18:30 INFO::No. regions with at least one SNP/gene for chr7 after merging: 98
2023-10-11 23:18:35 INFO::No. regions with at least one SNP/gene for chr8: 94
2023-10-11 23:18:35 INFO::No. regions with at least one SNP/gene for chr8 after merging: 94
2023-10-11 23:18:38 INFO::No. regions with at least one SNP/gene for chr9: 74
2023-10-11 23:18:38 INFO::No. regions with at least one SNP/gene for chr9 after merging: 74
2023-10-11 23:18:42 INFO::No. regions with at least one SNP/gene for chr10: 85
2023-10-11 23:18:42 INFO::No. regions with at least one SNP/gene for chr10 after merging: 85
2023-10-11 23:18:45 INFO::No. regions with at least one SNP/gene for chr11: 84
2023-10-11 23:18:45 INFO::No. regions with at least one SNP/gene for chr11 after merging: 84
2023-10-11 23:18:50 INFO::No. regions with at least one SNP/gene for chr12: 82
2023-10-11 23:18:50 INFO::No. regions with at least one SNP/gene for chr12 after merging: 82
2023-10-11 23:18:52 INFO::No. regions with at least one SNP/gene for chr13: 62
2023-10-11 23:18:52 INFO::No. regions with at least one SNP/gene for chr13 after merging: 62
2023-10-11 23:18:54 INFO::No. regions with at least one SNP/gene for chr14: 56
2023-10-11 23:18:54 INFO::No. regions with at least one SNP/gene for chr14 after merging: 56
2023-10-11 23:18:56 INFO::No. regions with at least one SNP/gene for chr15: 50
2023-10-11 23:18:56 INFO::No. regions with at least one SNP/gene for chr15 after merging: 50
2023-10-11 23:18:58 INFO::No. regions with at least one SNP/gene for chr16: 54
2023-10-11 23:18:58 INFO::No. regions with at least one SNP/gene for chr16 after merging: 54
2023-10-11 23:19:00 INFO::No. regions with at least one SNP/gene for chr17: 47
2023-10-11 23:19:00 INFO::No. regions with at least one SNP/gene for chr17 after merging: 47
2023-10-11 23:19:03 INFO::No. regions with at least one SNP/gene for chr18: 47
2023-10-11 23:19:03 INFO::No. regions with at least one SNP/gene for chr18 after merging: 47
2023-10-11 23:19:05 INFO::No. regions with at least one SNP/gene for chr19: 39
2023-10-11 23:19:05 INFO::No. regions with at least one SNP/gene for chr19 after merging: 39
2023-10-11 23:19:07 INFO::No. regions with at least one SNP/gene for chr20: 38
2023-10-11 23:19:07 INFO::No. regions with at least one SNP/gene for chr20 after merging: 38
2023-10-11 23:19:08 INFO::No. regions with at least one SNP/gene for chr21: 24
2023-10-11 23:19:08 INFO::No. regions with at least one SNP/gene for chr21 after merging: 24
2023-10-11 23:19:08 INFO::No. regions with at least one SNP/gene for chr22: 24
2023-10-11 23:19:08 INFO::No. regions with at least one SNP/gene for chr22 after merging: 24
2023-10-11 23:19:08 INFO::Trim regions with SNPs more than Inf
2023-10-11 23:19:08 INFO::Adding R matrix info, as genotype is not given
starting worker pid=37016 on localhost:11653 at 23:19:09.258
starting worker pid=37020 on localhost:11653 at 23:19:09.258
starting worker pid=37019 on localhost:11653 at 23:19:09.258
starting worker pid=37017 on localhost:11653 at 23:19:09.265
starting worker pid=37018 on localhost:11653 at 23:19:09.270
2023-10-11 23:19:11 INFO::Adding R matrix info for chrom 14 (core 5)
2023-10-11 23:19:11 INFO::Adding R matrix info for chrom 10 (core 4)
2023-10-11 23:19:11 INFO::Adding R matrix info for chrom 6 (core 3)
2023-10-11 23:19:11 INFO::Adding R matrix info for chrom 1 (core 1)
2023-10-11 23:19:11 INFO::Adding R matrix info for chrom 3 (core 2)
2023-10-11 23:21:00 INFO::Adding R matrix info for chrom 15 (core 5)
2023-10-11 23:26:46 INFO::Adding R matrix info for chrom 7 (core 3)
2023-10-11 23:26:47 INFO::Adding R matrix info for chrom 11 (core 4)
2023-10-11 23:26:50 INFO::Adding R matrix info for chrom 16 (core 5)
2023-10-11 23:27:14 INFO::Adding R matrix info for chrom 4 (core 2)
2023-10-11 23:32:13 INFO::Adding R matrix info for chrom 17 (core 5)
2023-10-11 23:33:28 INFO::Adding R matrix info for chrom 2 (core 1)
2023-10-11 23:35:57 INFO::Adding R matrix info for chrom 12 (core 4)
2023-10-11 23:39:24 INFO::Adding R matrix info for chrom 18 (core 5)
2023-10-11 23:41:15 INFO::Adding R matrix info for chrom 8 (core 3)
2023-10-11 23:45:08 INFO::Adding R matrix info for chrom 13 (core 4)
2023-10-11 23:45:38 INFO::Adding R matrix info for chrom 19 (core 5)
2023-10-11 23:47:06 INFO::Adding R matrix info for chrom 5 (core 2)
2023-10-11 23:50:12 INFO::Adding R matrix info for chrom 3 (core 1)
2023-10-11 23:51:27 INFO::Adding R matrix info for chrom 20 (core 5)
2023-10-11 23:51:34 INFO::Adding R matrix info for chrom 14 (core 4)
2023-10-11 23:55:32 INFO::Adding R matrix info for chrom 9 (core 3)
2023-10-11 23:57:06 INFO::Adding R matrix info for chrom 21 (core 5)
2023-10-11 23:59:19 INFO::Adding R matrix info for chrom 22 (core 5)
2023-10-12 00:02:31 INFO::Adding R matrix info for chrom 6 (core 2)
2023-10-12 00:04:44 INFO::Adding R matrix info for chrom 10 (core 3)
2023-10-12 00:10:24 INFO::Run susie for all regions.
2023-10-12 00:10:25 INFO::run iteration 1
starting worker pid=41585 on localhost:11653 at 00:10:25.648
starting worker pid=41583 on localhost:11653 at 00:10:25.648
starting worker pid=41590 on localhost:11653 at 00:10:25.649
starting worker pid=41582 on localhost:11653 at 00:10:25.649
starting worker pid=41588 on localhost:11653 at 00:10:25.649
starting worker pid=41586 on localhost:11653 at 00:10:25.650
starting worker pid=41581 on localhost:11653 at 00:10:25.650
starting worker pid=41589 on localhost:11653 at 00:10:25.650
starting worker pid=41584 on localhost:11653 at 00:10:25.650
starting worker pid=41587 on localhost:11653 at 00:10:25.651
2023-10-12 00:14:44 INFO::No. LD regions: 1700
2023-10-12 00:14:55 INFO::No. regions with at least one SNP/gene for chr1: 130
2023-10-12 00:14:55 INFO::No. regions with at least one SNP/gene for chr1 after merging: 130
2023-10-12 00:15:02 INFO::No. regions with at least one SNP/gene for chr2: 144
2023-10-12 00:15:02 INFO::No. regions with at least one SNP/gene for chr2 after merging: 144
2023-10-12 00:15:06 INFO::No. regions with at least one SNP/gene for chr3: 122
2023-10-12 00:15:06 INFO::No. regions with at least one SNP/gene for chr3 after merging: 122
2023-10-12 00:15:12 INFO::No. regions with at least one SNP/gene for chr4: 122
2023-10-12 00:15:12 INFO::No. regions with at least one SNP/gene for chr4 after merging: 122
2023-10-12 00:15:16 INFO::No. regions with at least one SNP/gene for chr5: 110
2023-10-12 00:15:16 INFO::No. regions with at least one SNP/gene for chr5 after merging: 110
2023-10-12 00:15:22 INFO::No. regions with at least one SNP/gene for chr6: 112
2023-10-12 00:15:22 INFO::No. regions with at least one SNP/gene for chr6 after merging: 112
2023-10-12 00:15:26 INFO::No. regions with at least one SNP/gene for chr7: 99
2023-10-12 00:15:26 INFO::No. regions with at least one SNP/gene for chr7 after merging: 99
2023-10-12 00:15:30 INFO::No. regions with at least one SNP/gene for chr8: 94
2023-10-12 00:15:30 INFO::No. regions with at least one SNP/gene for chr8 after merging: 94
2023-10-12 00:15:33 INFO::No. regions with at least one SNP/gene for chr9: 74
2023-10-12 00:15:33 INFO::No. regions with at least one SNP/gene for chr9 after merging: 74
2023-10-12 00:15:37 INFO::No. regions with at least one SNP/gene for chr10: 85
2023-10-12 00:15:37 INFO::No. regions with at least one SNP/gene for chr10 after merging: 85
2023-10-12 00:15:41 INFO::No. regions with at least one SNP/gene for chr11: 84
2023-10-12 00:15:41 INFO::No. regions with at least one SNP/gene for chr11 after merging: 84
2023-10-12 00:15:45 INFO::No. regions with at least one SNP/gene for chr12: 82
2023-10-12 00:15:45 INFO::No. regions with at least one SNP/gene for chr12 after merging: 82
2023-10-12 00:15:48 INFO::No. regions with at least one SNP/gene for chr13: 62
2023-10-12 00:15:48 INFO::No. regions with at least one SNP/gene for chr13 after merging: 62
2023-10-12 00:15:50 INFO::No. regions with at least one SNP/gene for chr14: 56
2023-10-12 00:15:50 INFO::No. regions with at least one SNP/gene for chr14 after merging: 56
2023-10-12 00:15:53 INFO::No. regions with at least one SNP/gene for chr15: 50
2023-10-12 00:15:53 INFO::No. regions with at least one SNP/gene for chr15 after merging: 50
2023-10-12 00:15:55 INFO::No. regions with at least one SNP/gene for chr16: 54
2023-10-12 00:15:55 INFO::No. regions with at least one SNP/gene for chr16 after merging: 54
2023-10-12 00:15:56 INFO::No. regions with at least one SNP/gene for chr17: 47
2023-10-12 00:15:56 INFO::No. regions with at least one SNP/gene for chr17 after merging: 47
2023-10-12 00:15:57 INFO::No. regions with at least one SNP/gene for chr18: 47
2023-10-12 00:15:57 INFO::No. regions with at least one SNP/gene for chr18 after merging: 47
2023-10-12 00:15:58 INFO::No. regions with at least one SNP/gene for chr19: 39
2023-10-12 00:15:58 INFO::No. regions with at least one SNP/gene for chr19 after merging: 39
2023-10-12 00:15:59 INFO::No. regions with at least one SNP/gene for chr20: 38
2023-10-12 00:15:59 INFO::No. regions with at least one SNP/gene for chr20 after merging: 38
2023-10-12 00:16:00 INFO::No. regions with at least one SNP/gene for chr21: 24
2023-10-12 00:16:00 INFO::No. regions with at least one SNP/gene for chr21 after merging: 24
2023-10-12 00:16:00 INFO::No. regions with at least one SNP/gene for chr22: 24
2023-10-12 00:16:00 INFO::No. regions with at least one SNP/gene for chr22 after merging: 24
2023-10-12 00:16:00 INFO::Trim regions with SNPs more than 20000
2023-10-12 00:16:00 INFO::Adding R matrix info, as genotype is not given
starting worker pid=42240 on localhost:11653 at 00:16:02.073
starting worker pid=42239 on localhost:11653 at 00:16:02.073
starting worker pid=42241 on localhost:11653 at 00:16:02.073
starting worker pid=42237 on localhost:11653 at 00:16:02.073
starting worker pid=42238 on localhost:11653 at 00:16:02.079
2023-10-12 00:16:17 INFO::Adding R matrix info for chrom 1 (core 1)
2023-10-12 00:16:17 INFO::Adding R matrix info for chrom 6 (core 3)
2023-10-12 00:16:17 INFO::Adding R matrix info for chrom 3 (core 2)
2023-10-12 00:16:17 INFO::Adding R matrix info for chrom 10 (core 4)
2023-10-12 00:16:17 INFO::Adding R matrix info for chrom 14 (core 5)
2023-10-12 00:18:01 INFO::Adding R matrix info for chrom 15 (core 5)
2023-10-12 00:23:13 INFO::Adding R matrix info for chrom 16 (core 5)
2023-10-12 00:23:34 INFO::Adding R matrix info for chrom 4 (core 2)
2023-10-12 00:24:29 INFO::Adding R matrix info for chrom 7 (core 3)
2023-10-12 00:26:56 INFO::Adding R matrix info for chrom 11 (core 4)
2023-10-12 00:27:53 INFO::Adding R matrix info for chrom 17 (core 5)
2023-10-12 00:33:46 INFO::Adding R matrix info for chrom 18 (core 5)
2023-10-12 00:35:13 INFO::Adding R matrix info for chrom 2 (core 1)
2023-10-12 00:38:42 INFO::Adding R matrix info for chrom 12 (core 4)
2023-10-12 00:38:57 INFO::Adding R matrix info for chrom 19 (core 5)
2023-10-12 00:39:38 INFO::Adding R matrix info for chrom 8 (core 3)
2023-10-12 00:40:08 INFO::Adding R matrix info for chrom 5 (core 2)
2023-10-12 00:44:01 INFO::Adding R matrix info for chrom 20 (core 5)
2023-10-12 00:48:49 INFO::Adding R matrix info for chrom 21 (core 5)
2023-10-12 00:50:52 INFO::Adding R matrix info for chrom 13 (core 4)
2023-10-12 00:51:01 INFO::Adding R matrix info for chrom 22 (core 5)
2023-10-12 00:53:38 INFO::Adding R matrix info for chrom 6 (core 2)
2023-10-12 00:54:48 INFO::Adding R matrix info for chrom 9 (core 3)
2023-10-12 00:57:32 INFO::Adding R matrix info for chrom 3 (core 1)
2023-10-12 00:58:21 INFO::Adding R matrix info for chrom 14 (core 4)
2023-10-12 01:05:35 INFO::Adding R matrix info for chrom 10 (core 3)
2023-10-12 01:08:10 INFO::Number of regions that contain strong gene signals: 0
$group_prior
         SNP         gene 
0.0003797145 0.0041089502 

$group_prior_var
      SNP      gene 
0.6782780 0.4515726 

R version 4.1.0 (2021-05-18)
Platform: x86_64-pc-linux-gnu (64-bit)
Running under: CentOS Linux 7 (Core)

Matrix products: default
BLAS/LAPACK: /software/openblas-0.3.13-el7-x86_64/lib/libopenblas_haswellp-r0.3.13.so

locale:
[1] C

attached base packages:
[1] stats     graphics  grDevices utils     datasets  methods   base     

other attached packages:
[1] data.table_1.14.6 ctwas_0.1.40     

loaded via a namespace (and not attached):
 [1] Rcpp_1.0.9        pgenlibr_0.3.2    magrittr_2.0.3    hms_1.1.2        
 [5] doParallel_1.0.17 lattice_0.20-44   R6_2.5.1          rlang_1.1.1      
 [9] foreach_1.5.2     fansi_1.0.3       tools_4.1.0       parallel_4.1.0   
[13] grid_4.1.0        logging_0.10-108  utf8_1.2.2        cli_3.6.1        
[17] iterators_1.0.14  ellipsis_0.3.2    tibble_3.1.8      lifecycle_1.0.3  
[21] crayon_1.5.2      Matrix_1.3-3      readr_2.1.3       tzdb_0.3.0       
[25] vctrs_0.6.3       codetools_0.2-18  glue_1.6.2        compiler_4.1.0   
[29] pillar_1.8.1      pkgconfig_2.0.3  
