[1] "/project2/xinhe/shengqian/cTWAS/cTWAS_analysis/data/UKBB/OxHb.txt"     
[2] "/project2/mstephens/wcrouse/UKB_LDR_0.1"                               
[3] "/project2/compbio/predictdb/mashr_models/mashr_Liver.db"               
[4] "/project2/xinhe/shengqian/cTWAS/cTWAS_analysis/code/ctwas_config_b38.R"
[5] "OxHb_Liver_expr"                                                       
[6] "OxHb_Liver_ctwas"                                                      
[7] "/project2/xinhe/shengqian/cTWAS/cTWAS_analysis/data/OxHb/Liver"        
[1] "skip parameter estimation"
[1] "start fine mapping"
2023-10-12 11:06:36 INFO::ctwas started ...
2023-10-12 11:08:09 INFO::LD region file: /home/shengqian/R/x86_64-pc-linux-gnu-library/4.1/ctwas/extdata/ldetect/EUR.b38.bed
2023-10-12 11:08:12 INFO::No. LD regions: 1700
2023-10-12 11:08:26 INFO::No. regions with at least one SNP/gene for chr1: 130
2023-10-12 11:08:26 INFO::No. regions with at least one SNP/gene for chr1 after merging: 130
2023-10-12 11:08:40 INFO::No. regions with at least one SNP/gene for chr2: 143
2023-10-12 11:08:40 INFO::No. regions with at least one SNP/gene for chr2 after merging: 143
2023-10-12 11:08:51 INFO::No. regions with at least one SNP/gene for chr3: 122
2023-10-12 11:08:51 INFO::No. regions with at least one SNP/gene for chr3 after merging: 122
2023-10-12 11:09:02 INFO::No. regions with at least one SNP/gene for chr4: 122
2023-10-12 11:09:02 INFO::No. regions with at least one SNP/gene for chr4 after merging: 122
2023-10-12 11:09:12 INFO::No. regions with at least one SNP/gene for chr5: 110
2023-10-12 11:09:12 INFO::No. regions with at least one SNP/gene for chr5 after merging: 110
2023-10-12 11:09:22 INFO::No. regions with at least one SNP/gene for chr6: 112
2023-10-12 11:09:22 INFO::No. regions with at least one SNP/gene for chr6 after merging: 112
2023-10-12 11:09:30 INFO::No. regions with at least one SNP/gene for chr7: 98
2023-10-12 11:09:30 INFO::No. regions with at least one SNP/gene for chr7 after merging: 98
2023-10-12 11:09:39 INFO::No. regions with at least one SNP/gene for chr8: 94
2023-10-12 11:09:39 INFO::No. regions with at least one SNP/gene for chr8 after merging: 94
2023-10-12 11:09:44 INFO::No. regions with at least one SNP/gene for chr9: 74
2023-10-12 11:09:44 INFO::No. regions with at least one SNP/gene for chr9 after merging: 74
2023-10-12 11:09:51 INFO::No. regions with at least one SNP/gene for chr10: 85
2023-10-12 11:09:51 INFO::No. regions with at least one SNP/gene for chr10 after merging: 85
2023-10-12 11:09:59 INFO::No. regions with at least one SNP/gene for chr11: 84
2023-10-12 11:09:59 INFO::No. regions with at least one SNP/gene for chr11 after merging: 84
2023-10-12 11:10:07 INFO::No. regions with at least one SNP/gene for chr12: 82
2023-10-12 11:10:07 INFO::No. regions with at least one SNP/gene for chr12 after merging: 82
2023-10-12 11:10:11 INFO::No. regions with at least one SNP/gene for chr13: 62
2023-10-12 11:10:11 INFO::No. regions with at least one SNP/gene for chr13 after merging: 62
2023-10-12 11:10:16 INFO::No. regions with at least one SNP/gene for chr14: 56
2023-10-12 11:10:16 INFO::No. regions with at least one SNP/gene for chr14 after merging: 56
2023-10-12 11:10:19 INFO::No. regions with at least one SNP/gene for chr15: 50
2023-10-12 11:10:19 INFO::No. regions with at least one SNP/gene for chr15 after merging: 50
2023-10-12 11:10:24 INFO::No. regions with at least one SNP/gene for chr16: 54
2023-10-12 11:10:24 INFO::No. regions with at least one SNP/gene for chr16 after merging: 54
2023-10-12 11:10:27 INFO::No. regions with at least one SNP/gene for chr17: 47
2023-10-12 11:10:27 INFO::No. regions with at least one SNP/gene for chr17 after merging: 47
2023-10-12 11:10:32 INFO::No. regions with at least one SNP/gene for chr18: 47
2023-10-12 11:10:32 INFO::No. regions with at least one SNP/gene for chr18 after merging: 47
2023-10-12 11:10:35 INFO::No. regions with at least one SNP/gene for chr19: 39
2023-10-12 11:10:35 INFO::No. regions with at least one SNP/gene for chr19 after merging: 39
2023-10-12 11:10:38 INFO::No. regions with at least one SNP/gene for chr20: 38
2023-10-12 11:10:38 INFO::No. regions with at least one SNP/gene for chr20 after merging: 38
2023-10-12 11:10:39 INFO::No. regions with at least one SNP/gene for chr21: 24
2023-10-12 11:10:39 INFO::No. regions with at least one SNP/gene for chr21 after merging: 24
2023-10-12 11:10:41 INFO::No. regions with at least one SNP/gene for chr22: 24
2023-10-12 11:10:41 INFO::No. regions with at least one SNP/gene for chr22 after merging: 24
2023-10-12 11:10:41 INFO::Trim regions with SNPs more than Inf
2023-10-12 11:10:41 INFO::Adding R matrix info, as genotype is not given
starting worker pid=12457 on localhost:11963 at 11:10:42.501
starting worker pid=12458 on localhost:11963 at 11:10:42.501
starting worker pid=12454 on localhost:11963 at 11:10:42.501
starting worker pid=12455 on localhost:11963 at 11:10:42.502
starting worker pid=12456 on localhost:11963 at 11:10:42.502
2023-10-12 11:10:46 INFO::Adding R matrix info for chrom 6 (core 3)
2023-10-12 11:10:46 INFO::Adding R matrix info for chrom 14 (core 5)
2023-10-12 11:10:46 INFO::Adding R matrix info for chrom 1 (core 1)
2023-10-12 11:10:46 INFO::Adding R matrix info for chrom 10 (core 4)
2023-10-12 11:10:46 INFO::Adding R matrix info for chrom 3 (core 2)
2023-10-12 11:14:39 INFO::Adding R matrix info for chrom 15 (core 5)
2023-10-12 11:25:23 INFO::Adding R matrix info for chrom 4 (core 2)
2023-10-12 11:27:25 INFO::Adding R matrix info for chrom 16 (core 5)
2023-10-12 11:27:36 INFO::Adding R matrix info for chrom 7 (core 3)
2023-10-12 11:31:00 INFO::Adding R matrix info for chrom 11 (core 4)
2023-10-12 11:39:00 INFO::Adding R matrix info for chrom 17 (core 5)
2023-10-12 11:42:32 INFO::Adding R matrix info for chrom 2 (core 1)
2023-10-12 11:54:14 INFO::Adding R matrix info for chrom 18 (core 5)
2023-10-12 11:54:59 INFO::Adding R matrix info for chrom 12 (core 4)
2023-10-12 11:59:30 INFO::Adding R matrix info for chrom 8 (core 3)
2023-10-12 12:00:44 INFO::Adding R matrix info for chrom 5 (core 2)
2023-10-12 12:08:11 INFO::Adding R matrix info for chrom 19 (core 5)
2023-10-12 12:19:49 INFO::Adding R matrix info for chrom 13 (core 4)
2023-10-12 12:20:33 INFO::Adding R matrix info for chrom 3 (core 1)
2023-10-12 12:20:39 INFO::Adding R matrix info for chrom 20 (core 5)
2023-10-12 12:30:23 INFO::Adding R matrix info for chrom 6 (core 2)
2023-10-12 12:31:11 INFO::Adding R matrix info for chrom 9 (core 3)
2023-10-12 12:33:30 INFO::Adding R matrix info for chrom 21 (core 5)
2023-10-12 12:37:36 INFO::Adding R matrix info for chrom 14 (core 4)
2023-10-12 12:39:19 INFO::Adding R matrix info for chrom 22 (core 5)
2023-10-12 12:55:01 INFO::Adding R matrix info for chrom 10 (core 3)
2023-10-12 13:00:24 INFO::Run susie for all regions.
2023-10-12 13:00:24 INFO::run iteration 1
starting worker pid=22076 on localhost:11963 at 13:00:25.549
starting worker pid=22074 on localhost:11963 at 13:00:25.549
starting worker pid=22078 on localhost:11963 at 13:00:25.549
starting worker pid=22071 on localhost:11963 at 13:00:25.550
starting worker pid=22079 on localhost:11963 at 13:00:25.550
starting worker pid=22077 on localhost:11963 at 13:00:25.550
starting worker pid=22073 on localhost:11963 at 13:00:25.550
starting worker pid=22075 on localhost:11963 at 13:00:25.550
starting worker pid=22070 on localhost:11963 at 13:00:25.550
starting worker pid=22072 on localhost:11963 at 13:00:25.558
2023-10-12 13:07:12 INFO::No. LD regions: 1700
2023-10-12 13:07:28 INFO::No. regions with at least one SNP/gene for chr1: 130
2023-10-12 13:07:28 INFO::No. regions with at least one SNP/gene for chr1 after merging: 130
2023-10-12 13:07:42 INFO::No. regions with at least one SNP/gene for chr2: 144
2023-10-12 13:07:42 INFO::No. regions with at least one SNP/gene for chr2 after merging: 144
2023-10-12 13:07:54 INFO::No. regions with at least one SNP/gene for chr3: 122
2023-10-12 13:07:54 INFO::No. regions with at least one SNP/gene for chr3 after merging: 122
2023-10-12 13:08:07 INFO::No. regions with at least one SNP/gene for chr4: 122
2023-10-12 13:08:07 INFO::No. regions with at least one SNP/gene for chr4 after merging: 122
2023-10-12 13:08:17 INFO::No. regions with at least one SNP/gene for chr5: 110
2023-10-12 13:08:17 INFO::No. regions with at least one SNP/gene for chr5 after merging: 110
2023-10-12 13:08:30 INFO::No. regions with at least one SNP/gene for chr6: 112
2023-10-12 13:08:30 INFO::No. regions with at least one SNP/gene for chr6 after merging: 112
2023-10-12 13:08:40 INFO::No. regions with at least one SNP/gene for chr7: 99
2023-10-12 13:08:40 INFO::No. regions with at least one SNP/gene for chr7 after merging: 99
2023-10-12 13:08:50 INFO::No. regions with at least one SNP/gene for chr8: 94
2023-10-12 13:08:50 INFO::No. regions with at least one SNP/gene for chr8 after merging: 94
2023-10-12 13:08:57 INFO::No. regions with at least one SNP/gene for chr9: 74
2023-10-12 13:08:57 INFO::No. regions with at least one SNP/gene for chr9 after merging: 74
2023-10-12 13:09:05 INFO::No. regions with at least one SNP/gene for chr10: 85
2023-10-12 13:09:05 INFO::No. regions with at least one SNP/gene for chr10 after merging: 85
2023-10-12 13:09:14 INFO::No. regions with at least one SNP/gene for chr11: 84
2023-10-12 13:09:14 INFO::No. regions with at least one SNP/gene for chr11 after merging: 84
2023-10-12 13:09:24 INFO::No. regions with at least one SNP/gene for chr12: 82
2023-10-12 13:09:24 INFO::No. regions with at least one SNP/gene for chr12 after merging: 82
2023-10-12 13:09:31 INFO::No. regions with at least one SNP/gene for chr13: 62
2023-10-12 13:09:31 INFO::No. regions with at least one SNP/gene for chr13 after merging: 62
2023-10-12 13:09:34 INFO::No. regions with at least one SNP/gene for chr14: 56
2023-10-12 13:09:34 INFO::No. regions with at least one SNP/gene for chr14 after merging: 56
2023-10-12 13:09:37 INFO::No. regions with at least one SNP/gene for chr15: 50
2023-10-12 13:09:37 INFO::No. regions with at least one SNP/gene for chr15 after merging: 50
2023-10-12 13:09:40 INFO::No. regions with at least one SNP/gene for chr16: 54
2023-10-12 13:09:40 INFO::No. regions with at least one SNP/gene for chr16 after merging: 54
2023-10-12 13:09:43 INFO::No. regions with at least one SNP/gene for chr17: 47
2023-10-12 13:09:43 INFO::No. regions with at least one SNP/gene for chr17 after merging: 47
2023-10-12 13:09:46 INFO::No. regions with at least one SNP/gene for chr18: 47
2023-10-12 13:09:46 INFO::No. regions with at least one SNP/gene for chr18 after merging: 47
2023-10-12 13:09:48 INFO::No. regions with at least one SNP/gene for chr19: 39
2023-10-12 13:09:48 INFO::No. regions with at least one SNP/gene for chr19 after merging: 39
2023-10-12 13:09:51 INFO::No. regions with at least one SNP/gene for chr20: 38
2023-10-12 13:09:51 INFO::No. regions with at least one SNP/gene for chr20 after merging: 38
2023-10-12 13:09:52 INFO::No. regions with at least one SNP/gene for chr21: 24
2023-10-12 13:09:52 INFO::No. regions with at least one SNP/gene for chr21 after merging: 24
2023-10-12 13:09:54 INFO::No. regions with at least one SNP/gene for chr22: 24
2023-10-12 13:09:54 INFO::No. regions with at least one SNP/gene for chr22 after merging: 24
2023-10-12 13:09:54 INFO::Trim regions with SNPs more than 20000
2023-10-12 13:09:54 INFO::Adding R matrix info, as genotype is not given
starting worker pid=23016 on localhost:11963 at 13:09:55.406
starting worker pid=23014 on localhost:11963 at 13:09:55.406
starting worker pid=23017 on localhost:11963 at 13:09:55.406
starting worker pid=23018 on localhost:11963 at 13:09:55.406
starting worker pid=23015 on localhost:11963 at 13:09:55.406
2023-10-12 13:10:23 INFO::Adding R matrix info for chrom 10 (core 4)
2023-10-12 13:10:23 INFO::Adding R matrix info for chrom 1 (core 1)
2023-10-12 13:10:23 INFO::Adding R matrix info for chrom 14 (core 5)
2023-10-12 13:10:23 INFO::Adding R matrix info for chrom 3 (core 2)
2023-10-12 13:10:23 INFO::Adding R matrix info for chrom 6 (core 3)
2023-10-12 13:14:17 INFO::Adding R matrix info for chrom 15 (core 5)
2023-10-12 13:25:20 INFO::Adding R matrix info for chrom 7 (core 3)
2023-10-12 13:25:41 INFO::Adding R matrix info for chrom 16 (core 5)
2023-10-12 13:29:54 INFO::Adding R matrix info for chrom 4 (core 2)
2023-10-12 13:33:55 INFO::Adding R matrix info for chrom 11 (core 4)
2023-10-12 13:35:56 INFO::Adding R matrix info for chrom 17 (core 5)
2023-10-12 13:49:06 INFO::Adding R matrix info for chrom 18 (core 5)
2023-10-12 13:51:23 INFO::Adding R matrix info for chrom 2 (core 1)
2023-10-12 13:52:02 INFO::Adding R matrix info for chrom 8 (core 3)
2023-10-12 13:58:59 INFO::Adding R matrix info for chrom 12 (core 4)
2023-10-12 14:00:51 INFO::Adding R matrix info for chrom 19 (core 5)
2023-10-12 14:11:55 INFO::Adding R matrix info for chrom 20 (core 5)
2023-10-12 14:15:37 INFO::Adding R matrix info for chrom 5 (core 2)
2023-10-12 14:18:10 INFO::Adding R matrix info for chrom 9 (core 3)
2023-10-12 14:22:31 INFO::Adding R matrix info for chrom 21 (core 5)
2023-10-12 14:25:13 INFO::Adding R matrix info for chrom 13 (core 4)
2023-10-12 14:27:38 INFO::Adding R matrix info for chrom 22 (core 5)
2023-10-12 14:38:41 INFO::Adding R matrix info for chrom 10 (core 3)
2023-10-12 14:39:21 INFO::Adding R matrix info for chrom 3 (core 1)
2023-10-12 14:43:00 INFO::Adding R matrix info for chrom 14 (core 4)
2023-10-12 14:53:00 INFO::Adding R matrix info for chrom 6 (core 2)
2023-10-12 15:14:50 INFO::Number of regions that contain strong gene signals: 0
$group_prior
         SNP         gene 
0.0003814401 0.0041596106 

$group_prior_var
      SNP      gene 
0.7027292 1.2651829 

R version 4.1.0 (2021-05-18)
Platform: x86_64-pc-linux-gnu (64-bit)
Running under: CentOS Linux 7 (Core)

Matrix products: default
BLAS/LAPACK: /software/openblas-0.3.13-el7-x86_64/lib/libopenblas_haswellp-r0.3.13.so

locale:
[1] C

attached base packages:
[1] stats     graphics  grDevices utils     datasets  methods   base     

other attached packages:
[1] data.table_1.14.6 ctwas_0.1.40     

loaded via a namespace (and not attached):
 [1] Rcpp_1.0.9        pgenlibr_0.3.2    magrittr_2.0.3    hms_1.1.2        
 [5] doParallel_1.0.17 lattice_0.20-44   R6_2.5.1          rlang_1.1.1      
 [9] foreach_1.5.2     fansi_1.0.3       tools_4.1.0       parallel_4.1.0   
[13] grid_4.1.0        logging_0.10-108  utf8_1.2.2        cli_3.6.1        
[17] iterators_1.0.14  ellipsis_0.3.2    tibble_3.1.8      lifecycle_1.0.3  
[21] crayon_1.5.2      Matrix_1.3-3      readr_2.1.3       tzdb_0.3.0       
[25] vctrs_0.6.3       codetools_0.2-18  glue_1.6.2        compiler_4.1.0   
[29] pillar_1.8.1      pkgconfig_2.0.3  
