[1] "/project2/xinhe/shengqian/cTWAS/cTWAS_analysis/data/UKBB/OxHb.txt"            
[2] "/project2/mstephens/wcrouse/UKB_LDR_0.1"                                      
[3] "/project2/compbio/predictdb/mashr_models/mashr_Heart_Left_Ventricle.db"       
[4] "/project2/xinhe/shengqian/cTWAS/cTWAS_analysis/code/ctwas_config_b38.R"       
[5] "OxHb_Heart_Left_Ventricle_expr"                                               
[6] "OxHb_Heart_Left_Ventricle_ctwas"                                              
[7] "/project2/xinhe/shengqian/cTWAS/cTWAS_analysis/data/OxHb/Heart_Left_Ventricle"
[1] "skip parameter estimation"
[1] "start fine mapping"
2023-09-15 13:38:51 INFO::ctwas started ...
2023-09-15 13:40:16 INFO::LD region file: /home/shengqian/R/x86_64-pc-linux-gnu-library/4.1/ctwas/extdata/ldetect/EUR.b38.bed
2023-09-15 13:40:20 INFO::No. LD regions: 1700
2023-09-15 13:40:27 INFO::No. regions with at least one SNP/gene for chr1: 130
2023-09-15 13:40:27 INFO::No. regions with at least one SNP/gene for chr1 after merging: 130
2023-09-15 13:40:34 INFO::No. regions with at least one SNP/gene for chr2: 143
2023-09-15 13:40:34 INFO::No. regions with at least one SNP/gene for chr2 after merging: 143
2023-09-15 13:40:40 INFO::No. regions with at least one SNP/gene for chr3: 122
2023-09-15 13:40:40 INFO::No. regions with at least one SNP/gene for chr3 after merging: 122
2023-09-15 13:40:47 INFO::No. regions with at least one SNP/gene for chr4: 122
2023-09-15 13:40:47 INFO::No. regions with at least one SNP/gene for chr4 after merging: 122
2023-09-15 13:40:52 INFO::No. regions with at least one SNP/gene for chr5: 110
2023-09-15 13:40:52 INFO::No. regions with at least one SNP/gene for chr5 after merging: 110
2023-09-15 13:40:57 INFO::No. regions with at least one SNP/gene for chr6: 112
2023-09-15 13:40:57 INFO::No. regions with at least one SNP/gene for chr6 after merging: 112
2023-09-15 13:41:02 INFO::No. regions with at least one SNP/gene for chr7: 98
2023-09-15 13:41:02 INFO::No. regions with at least one SNP/gene for chr7 after merging: 98
2023-09-15 13:41:07 INFO::No. regions with at least one SNP/gene for chr8: 94
2023-09-15 13:41:07 INFO::No. regions with at least one SNP/gene for chr8 after merging: 94
2023-09-15 13:41:10 INFO::No. regions with at least one SNP/gene for chr9: 74
2023-09-15 13:41:10 INFO::No. regions with at least one SNP/gene for chr9 after merging: 74
2023-09-15 13:41:15 INFO::No. regions with at least one SNP/gene for chr10: 85
2023-09-15 13:41:15 INFO::No. regions with at least one SNP/gene for chr10 after merging: 85
2023-09-15 13:41:19 INFO::No. regions with at least one SNP/gene for chr11: 84
2023-09-15 13:41:19 INFO::No. regions with at least one SNP/gene for chr11 after merging: 84
2023-09-15 13:41:23 INFO::No. regions with at least one SNP/gene for chr12: 82
2023-09-15 13:41:23 INFO::No. regions with at least one SNP/gene for chr12 after merging: 82
2023-09-15 13:41:26 INFO::No. regions with at least one SNP/gene for chr13: 62
2023-09-15 13:41:26 INFO::No. regions with at least one SNP/gene for chr13 after merging: 62
2023-09-15 13:41:29 INFO::No. regions with at least one SNP/gene for chr14: 56
2023-09-15 13:41:29 INFO::No. regions with at least one SNP/gene for chr14 after merging: 56
2023-09-15 13:41:31 INFO::No. regions with at least one SNP/gene for chr15: 50
2023-09-15 13:41:31 INFO::No. regions with at least one SNP/gene for chr15 after merging: 50
2023-09-15 13:41:34 INFO::No. regions with at least one SNP/gene for chr16: 54
2023-09-15 13:41:34 INFO::No. regions with at least one SNP/gene for chr16 after merging: 54
2023-09-15 13:41:35 INFO::No. regions with at least one SNP/gene for chr17: 47
2023-09-15 13:41:35 INFO::No. regions with at least one SNP/gene for chr17 after merging: 47
2023-09-15 13:41:37 INFO::No. regions with at least one SNP/gene for chr18: 47
2023-09-15 13:41:37 INFO::No. regions with at least one SNP/gene for chr18 after merging: 47
2023-09-15 13:41:38 INFO::No. regions with at least one SNP/gene for chr19: 39
2023-09-15 13:41:38 INFO::No. regions with at least one SNP/gene for chr19 after merging: 39
2023-09-15 13:41:39 INFO::No. regions with at least one SNP/gene for chr20: 38
2023-09-15 13:41:39 INFO::No. regions with at least one SNP/gene for chr20 after merging: 38
2023-09-15 13:41:39 INFO::No. regions with at least one SNP/gene for chr21: 24
2023-09-15 13:41:39 INFO::No. regions with at least one SNP/gene for chr21 after merging: 24
2023-09-15 13:41:40 INFO::No. regions with at least one SNP/gene for chr22: 24
2023-09-15 13:41:40 INFO::No. regions with at least one SNP/gene for chr22 after merging: 24
2023-09-15 13:41:40 INFO::Trim regions with SNPs more than Inf
2023-09-15 13:41:40 INFO::Adding R matrix info, as genotype is not given
starting worker pid=43157 on localhost:11160 at 13:41:41.529
starting worker pid=43158 on localhost:11160 at 13:41:41.530
starting worker pid=43155 on localhost:11160 at 13:41:41.532
starting worker pid=43156 on localhost:11160 at 13:41:41.533
starting worker pid=43154 on localhost:11160 at 13:41:41.534
2023-09-15 13:41:44 INFO::Adding R matrix info for chrom 14 (core 5)
2023-09-15 13:41:44 INFO::Adding R matrix info for chrom 10 (core 4)
2023-09-15 13:41:44 INFO::Adding R matrix info for chrom 6 (core 3)
2023-09-15 13:41:44 INFO::Adding R matrix info for chrom 3 (core 2)
2023-09-15 13:41:44 INFO::Adding R matrix info for chrom 1 (core 1)
2023-09-15 13:43:26 INFO::Adding R matrix info for chrom 15 (core 5)
2023-09-15 13:48:38 INFO::Adding R matrix info for chrom 4 (core 2)
2023-09-15 13:49:09 INFO::Adding R matrix info for chrom 7 (core 3)
2023-09-15 13:49:09 INFO::Adding R matrix info for chrom 16 (core 5)
2023-09-15 13:50:47 INFO::Adding R matrix info for chrom 11 (core 4)
2023-09-15 13:54:30 INFO::Adding R matrix info for chrom 17 (core 5)
2023-09-15 13:59:15 INFO::Adding R matrix info for chrom 2 (core 1)
2023-09-15 14:01:27 INFO::Adding R matrix info for chrom 18 (core 5)
2023-09-15 14:01:49 INFO::Adding R matrix info for chrom 12 (core 4)
2023-09-15 14:03:48 INFO::Adding R matrix info for chrom 8 (core 3)
2023-09-15 14:05:16 INFO::Adding R matrix info for chrom 5 (core 2)
2023-09-15 14:07:39 INFO::Adding R matrix info for chrom 19 (core 5)
2023-09-15 14:13:27 INFO::Adding R matrix info for chrom 13 (core 4)
2023-09-15 14:13:39 INFO::Adding R matrix info for chrom 20 (core 5)
2023-09-15 14:18:23 INFO::Adding R matrix info for chrom 9 (core 3)
2023-09-15 14:18:57 INFO::Adding R matrix info for chrom 6 (core 2)
2023-09-15 14:19:38 INFO::Adding R matrix info for chrom 21 (core 5)
2023-09-15 14:21:02 INFO::Adding R matrix info for chrom 3 (core 1)
2023-09-15 14:21:21 INFO::Adding R matrix info for chrom 14 (core 4)
2023-09-15 14:22:18 INFO::Adding R matrix info for chrom 22 (core 5)
2023-09-15 14:29:26 INFO::Adding R matrix info for chrom 10 (core 3)
2023-09-15 14:31:37 INFO::Run susie for all regions.
2023-09-15 14:31:37 INFO::run iteration 1
starting worker pid=47658 on localhost:11160 at 14:31:38.521
starting worker pid=47662 on localhost:11160 at 14:31:38.521
starting worker pid=47659 on localhost:11160 at 14:31:38.523
starting worker pid=47663 on localhost:11160 at 14:31:38.524
starting worker pid=47657 on localhost:11160 at 14:31:38.525
starting worker pid=47655 on localhost:11160 at 14:31:38.525
starting worker pid=47656 on localhost:11160 at 14:31:38.528
starting worker pid=47661 on localhost:11160 at 14:31:38.528
starting worker pid=47660 on localhost:11160 at 14:31:38.528
starting worker pid=47654 on localhost:11160 at 14:31:38.528
2023-09-15 14:36:30 INFO::No. LD regions: 1700
2023-09-15 14:36:38 INFO::No. regions with at least one SNP/gene for chr1: 130
2023-09-15 14:36:38 INFO::No. regions with at least one SNP/gene for chr1 after merging: 130
2023-09-15 14:36:46 INFO::No. regions with at least one SNP/gene for chr2: 144
2023-09-15 14:36:46 INFO::No. regions with at least one SNP/gene for chr2 after merging: 144
2023-09-15 14:36:51 INFO::No. regions with at least one SNP/gene for chr3: 122
2023-09-15 14:36:51 INFO::No. regions with at least one SNP/gene for chr3 after merging: 122
2023-09-15 14:36:58 INFO::No. regions with at least one SNP/gene for chr4: 122
2023-09-15 14:36:58 INFO::No. regions with at least one SNP/gene for chr4 after merging: 122
2023-09-15 14:37:04 INFO::No. regions with at least one SNP/gene for chr5: 110
2023-09-15 14:37:04 INFO::No. regions with at least one SNP/gene for chr5 after merging: 110
2023-09-15 14:37:10 INFO::No. regions with at least one SNP/gene for chr6: 112
2023-09-15 14:37:10 INFO::No. regions with at least one SNP/gene for chr6 after merging: 112
2023-09-15 14:37:16 INFO::No. regions with at least one SNP/gene for chr7: 99
2023-09-15 14:37:16 INFO::No. regions with at least one SNP/gene for chr7 after merging: 99
2023-09-15 14:37:21 INFO::No. regions with at least one SNP/gene for chr8: 94
2023-09-15 14:37:21 INFO::No. regions with at least one SNP/gene for chr8 after merging: 94
2023-09-15 14:37:23 INFO::No. regions with at least one SNP/gene for chr9: 74
2023-09-15 14:37:23 INFO::No. regions with at least one SNP/gene for chr9 after merging: 74
2023-09-15 14:37:26 INFO::No. regions with at least one SNP/gene for chr10: 85
2023-09-15 14:37:26 INFO::No. regions with at least one SNP/gene for chr10 after merging: 85
2023-09-15 14:37:28 INFO::No. regions with at least one SNP/gene for chr11: 84
2023-09-15 14:37:28 INFO::No. regions with at least one SNP/gene for chr11 after merging: 84
2023-09-15 14:37:31 INFO::No. regions with at least one SNP/gene for chr12: 82
2023-09-15 14:37:31 INFO::No. regions with at least one SNP/gene for chr12 after merging: 82
2023-09-15 14:37:34 INFO::No. regions with at least one SNP/gene for chr13: 62
2023-09-15 14:37:34 INFO::No. regions with at least one SNP/gene for chr13 after merging: 62
2023-09-15 14:37:36 INFO::No. regions with at least one SNP/gene for chr14: 56
2023-09-15 14:37:36 INFO::No. regions with at least one SNP/gene for chr14 after merging: 56
2023-09-15 14:37:38 INFO::No. regions with at least one SNP/gene for chr15: 50
2023-09-15 14:37:38 INFO::No. regions with at least one SNP/gene for chr15 after merging: 50
2023-09-15 14:37:39 INFO::No. regions with at least one SNP/gene for chr16: 54
2023-09-15 14:37:39 INFO::No. regions with at least one SNP/gene for chr16 after merging: 54
2023-09-15 14:37:41 INFO::No. regions with at least one SNP/gene for chr17: 47
2023-09-15 14:37:41 INFO::No. regions with at least one SNP/gene for chr17 after merging: 47
2023-09-15 14:37:42 INFO::No. regions with at least one SNP/gene for chr18: 47
2023-09-15 14:37:42 INFO::No. regions with at least one SNP/gene for chr18 after merging: 47
2023-09-15 14:37:44 INFO::No. regions with at least one SNP/gene for chr19: 39
2023-09-15 14:37:44 INFO::No. regions with at least one SNP/gene for chr19 after merging: 39
2023-09-15 14:37:45 INFO::No. regions with at least one SNP/gene for chr20: 38
2023-09-15 14:37:45 INFO::No. regions with at least one SNP/gene for chr20 after merging: 38
2023-09-15 14:37:46 INFO::No. regions with at least one SNP/gene for chr21: 24
2023-09-15 14:37:46 INFO::No. regions with at least one SNP/gene for chr21 after merging: 24
2023-09-15 14:37:46 INFO::No. regions with at least one SNP/gene for chr22: 24
2023-09-15 14:37:46 INFO::No. regions with at least one SNP/gene for chr22 after merging: 24
2023-09-15 14:37:46 INFO::Trim regions with SNPs more than 20000
2023-09-15 14:37:46 INFO::Adding R matrix info, as genotype is not given
starting worker pid=48352 on localhost:11160 at 14:37:47.829
starting worker pid=48348 on localhost:11160 at 14:37:47.830
starting worker pid=48349 on localhost:11160 at 14:37:47.830
starting worker pid=48351 on localhost:11160 at 14:37:47.830
starting worker pid=48350 on localhost:11160 at 14:37:47.830
2023-09-15 14:38:11 INFO::Adding R matrix info for chrom 10 (core 4)
2023-09-15 14:38:11 INFO::Adding R matrix info for chrom 1 (core 1)
2023-09-15 14:38:11 INFO::Adding R matrix info for chrom 14 (core 5)
2023-09-15 14:38:11 INFO::Adding R matrix info for chrom 6 (core 3)
2023-09-15 14:38:11 INFO::Adding R matrix info for chrom 3 (core 2)
2023-09-15 14:40:27 INFO::Adding R matrix info for chrom 15 (core 5)
2023-09-15 14:46:34 INFO::Adding R matrix info for chrom 16 (core 5)
2023-09-15 14:46:39 INFO::Adding R matrix info for chrom 7 (core 3)
2023-09-15 14:47:03 INFO::Adding R matrix info for chrom 4 (core 2)
2023-09-15 14:49:01 INFO::Adding R matrix info for chrom 11 (core 4)
2023-09-15 14:52:07 INFO::Adding R matrix info for chrom 17 (core 5)
2023-09-15 14:58:30 INFO::Adding R matrix info for chrom 2 (core 1)
2023-09-15 14:59:50 INFO::Adding R matrix info for chrom 18 (core 5)
2023-09-15 15:00:46 INFO::Adding R matrix info for chrom 12 (core 4)
2023-09-15 15:02:15 INFO::Adding R matrix info for chrom 8 (core 3)
2023-09-15 15:06:25 INFO::Adding R matrix info for chrom 19 (core 5)
2023-09-15 15:08:26 INFO::Adding R matrix info for chrom 5 (core 2)
2023-09-15 15:12:54 INFO::Adding R matrix info for chrom 20 (core 5)
2023-09-15 15:12:56 INFO::Adding R matrix info for chrom 13 (core 4)
2023-09-15 15:17:56 INFO::Adding R matrix info for chrom 9 (core 3)
2023-09-15 15:19:37 INFO::Adding R matrix info for chrom 21 (core 5)
2023-09-15 15:21:49 INFO::Adding R matrix info for chrom 14 (core 4)
2023-09-15 15:22:43 INFO::Adding R matrix info for chrom 22 (core 5)
2023-09-15 15:22:50 INFO::Adding R matrix info for chrom 3 (core 1)
2023-09-15 15:26:50 INFO::Adding R matrix info for chrom 6 (core 2)
2023-09-15 15:30:06 INFO::Adding R matrix info for chrom 10 (core 3)
2023-09-15 15:37:07 INFO::Number of regions that contain strong gene signals: 0
$group_prior
        SNP        gene 
0.000031964 0.003239715 

$group_prior_var
      SNP      gene 
0.6208634 0.5341527 

R version 4.1.0 (2021-05-18)
Platform: x86_64-pc-linux-gnu (64-bit)
Running under: CentOS Linux 7 (Core)

Matrix products: default
BLAS/LAPACK: /software/openblas-0.3.13-el7-x86_64/lib/libopenblas_haswellp-r0.3.13.so

locale:
[1] C

attached base packages:
[1] stats     graphics  grDevices utils     datasets  methods   base     

other attached packages:
[1] data.table_1.14.6 ctwas_0.1.40     

loaded via a namespace (and not attached):
 [1] Rcpp_1.0.9        pgenlibr_0.3.2    magrittr_2.0.3    hms_1.1.2        
 [5] doParallel_1.0.17 lattice_0.20-44   R6_2.5.1          rlang_1.0.6      
 [9] foreach_1.5.2     fansi_1.0.3       tools_4.1.0       parallel_4.1.0   
[13] grid_4.1.0        logging_0.10-108  utf8_1.2.2        cli_3.4.1        
[17] iterators_1.0.14  ellipsis_0.3.2    tibble_3.1.8      lifecycle_1.0.3  
[21] crayon_1.5.2      Matrix_1.3-3      readr_2.1.3       tzdb_0.3.0       
[25] vctrs_0.5.1       codetools_0.2-18  glue_1.6.2        compiler_4.1.0   
[29] pillar_1.8.1      pkgconfig_2.0.3  
