[1] "/project2/xinhe/shengqian/cTWAS/cTWAS_analysis/data/UKBB/ukb-a-248.vcf.gz"                      
[2] "/project2/mstephens/wcrouse/UKB_LDR_0.1"                                                        
[3] "/project2/xinhe/shengqian/cTWAS/cTWAS_analysis/data/mashr_sqtl/sqtl/mashr/mashr_Brain_Cortex.db"
[4] "/project2/xinhe/shengqian/cTWAS/cTWAS_analysis/code/ctwas_config.R"                             
[5] "BMI_Brain_Cortex_expr"                                                                          
[6] "BMI_Brain_Cortex_ctwas"                                                                         
[7] "/project2/xinhe/shengqian/cTWAS/cTWAS_analysis/data/TEST/Brain_Cortex"                          
2022-02-16 15:50:12 INFO::Flipping z scores to match LD reference
2022-02-16 15:50:14 INFO::Reading weights for chromosome 1
2022-02-16 15:50:14 INFO::Number of genes with weights provided: 35086
2022-02-16 15:50:14 INFO::Collecting gene weight information ...
2022-02-16 15:50:14 INFO::Flipping weights to match LD reference
2022-02-16 15:50:14 INFO::Harmonizing strand ambiguous weights using correlations with unambiguous variants
2022-02-16 16:22:24 INFO::Start gene z score imputation ...
2022-02-16 16:22:24 INFO::Using given LD matrices to impute gene z score.
2022-02-16 16:35:01 INFO::Imputation done, writing results to output...
2022-02-16 16:35:01 INFO::Imputation done: number of genes with imputed expression: 2515 for chr 1
2022-02-16 16:35:02 INFO::Flipping z scores to match LD reference
2022-02-16 16:35:04 INFO::Reading weights for chromosome 2
2022-02-16 16:35:05 INFO::Number of genes with weights provided: 35086
2022-02-16 16:35:05 INFO::Collecting gene weight information ...
2022-02-16 16:35:05 INFO::Flipping weights to match LD reference
2022-02-16 16:35:05 INFO::Harmonizing strand ambiguous weights using correlations with unambiguous variants
2022-02-16 17:06:55 INFO::Start gene z score imputation ...
2022-02-16 17:06:55 INFO::Using given LD matrices to impute gene z score.
2022-02-16 17:18:36 INFO::Imputation done, writing results to output...
2022-02-16 17:18:36 INFO::Imputation done: number of genes with imputed expression: 1948 for chr 2
2022-02-16 17:18:37 INFO::Flipping z scores to match LD reference
2022-02-16 17:18:40 INFO::Reading weights for chromosome 3
2022-02-16 17:18:40 INFO::Number of genes with weights provided: 35086
2022-02-16 17:18:40 INFO::Collecting gene weight information ...
2022-02-16 17:18:40 INFO::Flipping weights to match LD reference
2022-02-16 17:18:40 INFO::Harmonizing strand ambiguous weights using correlations with unambiguous variants
2022-02-16 17:45:07 INFO::Start gene z score imputation ...
2022-02-16 17:45:07 INFO::Using given LD matrices to impute gene z score.
2022-02-16 17:54:01 INFO::Imputation done, writing results to output...
2022-02-16 17:54:01 INFO::Imputation done: number of genes with imputed expression: 1633 for chr 3
2022-02-16 17:54:02 INFO::Flipping z scores to match LD reference
2022-02-16 17:54:04 INFO::Reading weights for chromosome 4
2022-02-16 17:54:04 INFO::Number of genes with weights provided: 35086
2022-02-16 17:54:04 INFO::Collecting gene weight information ...
2022-02-16 17:54:04 INFO::Flipping weights to match LD reference
2022-02-16 17:54:04 INFO::Harmonizing strand ambiguous weights using correlations with unambiguous variants
2022-02-16 18:18:53 INFO::Start gene z score imputation ...
2022-02-16 18:18:53 INFO::Using given LD matrices to impute gene z score.
2022-02-16 18:27:16 INFO::Imputation done, writing results to output...
2022-02-16 18:27:16 INFO::Imputation done: number of genes with imputed expression: 1028 for chr 4
2022-02-16 18:27:17 INFO::Flipping z scores to match LD reference
2022-02-16 18:27:19 INFO::Reading weights for chromosome 5
2022-02-16 18:27:19 INFO::Number of genes with weights provided: 35086
2022-02-16 18:27:19 INFO::Collecting gene weight information ...
2022-02-16 18:27:19 INFO::Flipping weights to match LD reference
2022-02-16 18:27:19 INFO::Harmonizing strand ambiguous weights using correlations with unambiguous variants
2022-02-16 18:49:32 INFO::Start gene z score imputation ...
2022-02-16 18:49:32 INFO::Using given LD matrices to impute gene z score.
2022-02-16 18:56:50 INFO::Imputation done, writing results to output...
2022-02-16 18:56:50 INFO::Imputation done: number of genes with imputed expression: 1120 for chr 5
2022-02-16 18:56:51 INFO::Flipping z scores to match LD reference
2022-02-16 18:56:53 INFO::Reading weights for chromosome 6
2022-02-16 18:56:53 INFO::Number of genes with weights provided: 35086
2022-02-16 18:56:53 INFO::Collecting gene weight information ...
2022-02-16 18:56:53 INFO::Flipping weights to match LD reference
2022-02-16 18:56:53 INFO::Harmonizing strand ambiguous weights using correlations with unambiguous variants
2022-02-16 19:25:02 INFO::Start gene z score imputation ...
2022-02-16 19:25:02 INFO::Using given LD matrices to impute gene z score.
2022-02-16 19:33:57 INFO::Imputation done, writing results to output...
2022-02-16 19:33:57 INFO::Imputation done: number of genes with imputed expression: 1411 for chr 6
2022-02-16 19:33:58 INFO::Flipping z scores to match LD reference
2022-02-16 19:34:00 INFO::Reading weights for chromosome 7
2022-02-16 19:34:00 INFO::Number of genes with weights provided: 35086
2022-02-16 19:34:00 INFO::Collecting gene weight information ...
2022-02-16 19:34:00 INFO::Flipping weights to match LD reference
2022-02-16 19:34:00 INFO::Harmonizing strand ambiguous weights using correlations with unambiguous variants
2022-02-16 19:58:03 INFO::Start gene z score imputation ...
2022-02-16 19:58:03 INFO::Using given LD matrices to impute gene z score.
2022-02-16 20:07:36 INFO::Imputation done, writing results to output...
2022-02-16 20:07:36 INFO::Imputation done: number of genes with imputed expression: 1528 for chr 7
2022-02-16 20:07:37 INFO::Flipping z scores to match LD reference
2022-02-16 20:07:39 INFO::Reading weights for chromosome 8
2022-02-16 20:07:39 INFO::Number of genes with weights provided: 35086
2022-02-16 20:07:39 INFO::Collecting gene weight information ...
2022-02-16 20:07:39 INFO::Flipping weights to match LD reference
2022-02-16 20:07:39 INFO::Harmonizing strand ambiguous weights using correlations with unambiguous variants
2022-02-16 20:25:44 INFO::Start gene z score imputation ...
2022-02-16 20:25:44 INFO::Using given LD matrices to impute gene z score.
2022-02-16 20:32:24 INFO::Imputation done, writing results to output...
2022-02-16 20:32:24 INFO::Imputation done: number of genes with imputed expression: 995 for chr 8
2022-02-16 20:32:25 INFO::Flipping z scores to match LD reference
2022-02-16 20:32:27 INFO::Reading weights for chromosome 9
2022-02-16 20:32:27 INFO::Number of genes with weights provided: 35086
2022-02-16 20:32:27 INFO::Collecting gene weight information ...
2022-02-16 20:32:27 INFO::Flipping weights to match LD reference
2022-02-16 20:32:27 INFO::Harmonizing strand ambiguous weights using correlations with unambiguous variants
2022-02-16 20:50:27 INFO::Start gene z score imputation ...
2022-02-16 20:50:27 INFO::Using given LD matrices to impute gene z score.
2022-02-16 20:57:09 INFO::Imputation done, writing results to output...
2022-02-16 20:57:09 INFO::Imputation done: number of genes with imputed expression: 1079 for chr 9
2022-02-16 20:57:10 INFO::Flipping z scores to match LD reference
2022-02-16 20:57:12 INFO::Reading weights for chromosome 10
2022-02-16 20:57:12 INFO::Number of genes with weights provided: 35086
2022-02-16 20:57:12 INFO::Collecting gene weight information ...
2022-02-16 20:57:12 INFO::Flipping weights to match LD reference
2022-02-16 20:57:12 INFO::Harmonizing strand ambiguous weights using correlations with unambiguous variants
2022-02-16 21:18:29 INFO::Start gene z score imputation ...
2022-02-16 21:18:29 INFO::Using given LD matrices to impute gene z score.
2022-02-16 21:26:14 INFO::Imputation done, writing results to output...
2022-02-16 21:26:15 INFO::Imputation done: number of genes with imputed expression: 1185 for chr 10
2022-02-16 21:26:16 INFO::Flipping z scores to match LD reference
2022-02-16 21:26:18 INFO::Reading weights for chromosome 11
2022-02-16 21:26:18 INFO::Number of genes with weights provided: 35086
2022-02-16 21:26:18 INFO::Collecting gene weight information ...
2022-02-16 21:26:18 INFO::Flipping weights to match LD reference
2022-02-16 21:26:18 INFO::Harmonizing strand ambiguous weights using correlations with unambiguous variants
2022-02-16 21:46:32 INFO::Start gene z score imputation ...
2022-02-16 21:46:32 INFO::Using given LD matrices to impute gene z score.
2022-02-16 21:55:18 INFO::Imputation done, writing results to output...
2022-02-16 21:55:19 INFO::Imputation done: number of genes with imputed expression: 1612 for chr 11
2022-02-16 21:55:20 INFO::Flipping z scores to match LD reference
2022-02-16 21:55:22 INFO::Reading weights for chromosome 12
2022-02-16 21:55:22 INFO::Number of genes with weights provided: 35086
2022-02-16 21:55:22 INFO::Collecting gene weight information ...
2022-02-16 21:55:22 INFO::Flipping weights to match LD reference
2022-02-16 21:55:22 INFO::Harmonizing strand ambiguous weights using correlations with unambiguous variants
2022-02-16 22:15:51 INFO::Start gene z score imputation ...
2022-02-16 22:15:51 INFO::Using given LD matrices to impute gene z score.
2022-02-16 22:24:11 INFO::Imputation done, writing results to output...
2022-02-16 22:24:11 INFO::Imputation done: number of genes with imputed expression: 1380 for chr 12
2022-02-16 22:24:12 INFO::Flipping z scores to match LD reference
2022-02-16 22:24:14 INFO::Reading weights for chromosome 13
2022-02-16 22:24:14 INFO::Number of genes with weights provided: 35086
2022-02-16 22:24:14 INFO::Collecting gene weight information ...
2022-02-16 22:24:14 INFO::Flipping weights to match LD reference
2022-02-16 22:24:14 INFO::Harmonizing strand ambiguous weights using correlations with unambiguous variants
2022-02-16 22:36:32 INFO::Start gene z score imputation ...
2022-02-16 22:36:32 INFO::Using given LD matrices to impute gene z score.
2022-02-16 22:40:29 INFO::Imputation done, writing results to output...
2022-02-16 22:40:29 INFO::Imputation done: number of genes with imputed expression: 526 for chr 13
2022-02-16 22:40:30 INFO::Flipping z scores to match LD reference
2022-02-16 22:40:31 INFO::Reading weights for chromosome 14
2022-02-16 22:40:32 INFO::Number of genes with weights provided: 35086
2022-02-16 22:40:32 INFO::Collecting gene weight information ...
2022-02-16 22:40:32 INFO::Flipping weights to match LD reference
2022-02-16 22:40:32 INFO::Harmonizing strand ambiguous weights using correlations with unambiguous variants
2022-02-16 22:54:10 INFO::Start gene z score imputation ...
2022-02-16 22:54:10 INFO::Using given LD matrices to impute gene z score.
2022-02-16 22:59:42 INFO::Imputation done, writing results to output...
2022-02-16 22:59:43 INFO::Imputation done: number of genes with imputed expression: 907 for chr 14
2022-02-16 22:59:43 INFO::Flipping z scores to match LD reference
2022-02-16 22:59:45 INFO::Reading weights for chromosome 15
2022-02-16 22:59:45 INFO::Number of genes with weights provided: 35086
2022-02-16 22:59:45 INFO::Collecting gene weight information ...
2022-02-16 22:59:45 INFO::Flipping weights to match LD reference
2022-02-16 22:59:45 INFO::Harmonizing strand ambiguous weights using correlations with unambiguous variants
2022-02-16 23:11:45 INFO::Start gene z score imputation ...
2022-02-16 23:11:45 INFO::Using given LD matrices to impute gene z score.
2022-02-16 23:17:07 INFO::Imputation done, writing results to output...
2022-02-16 23:17:08 INFO::Imputation done: number of genes with imputed expression: 911 for chr 15
2022-02-16 23:17:08 INFO::Flipping z scores to match LD reference
2022-02-16 23:17:11 INFO::Reading weights for chromosome 16
2022-02-16 23:17:11 INFO::Number of genes with weights provided: 35086
2022-02-16 23:17:11 INFO::Collecting gene weight information ...
2022-02-16 23:17:11 INFO::Flipping weights to match LD reference
2022-02-16 23:17:11 INFO::Harmonizing strand ambiguous weights using correlations with unambiguous variants
2022-02-16 23:31:29 INFO::Start gene z score imputation ...
2022-02-16 23:31:29 INFO::Using given LD matrices to impute gene z score.
2022-02-16 23:37:29 INFO::Imputation done, writing results to output...
2022-02-16 23:37:29 INFO::Imputation done: number of genes with imputed expression: 1244 for chr 16
2022-02-16 23:37:30 INFO::Flipping z scores to match LD reference
2022-02-16 23:37:32 INFO::Reading weights for chromosome 17
2022-02-16 23:37:32 INFO::Number of genes with weights provided: 35086
2022-02-16 23:37:32 INFO::Collecting gene weight information ...
2022-02-16 23:37:32 INFO::Flipping weights to match LD reference
2022-02-16 23:37:32 INFO::Harmonizing strand ambiguous weights using correlations with unambiguous variants
2022-02-16 23:55:03 INFO::Start gene z score imputation ...
2022-02-16 23:55:03 INFO::Using given LD matrices to impute gene z score.
2022-02-17 00:03:59 INFO::Imputation done, writing results to output...
2022-02-17 00:04:00 INFO::Imputation done: number of genes with imputed expression: 1938 for chr 17
2022-02-17 00:04:00 INFO::Flipping z scores to match LD reference
2022-02-17 00:04:02 INFO::Reading weights for chromosome 18
2022-02-17 00:04:02 INFO::Number of genes with weights provided: 35086
2022-02-17 00:04:02 INFO::Collecting gene weight information ...
2022-02-17 00:04:02 INFO::Flipping weights to match LD reference
2022-02-17 00:04:02 INFO::Harmonizing strand ambiguous weights using correlations with unambiguous variants
2022-02-17 00:13:16 INFO::Start gene z score imputation ...
2022-02-17 00:13:16 INFO::Using given LD matrices to impute gene z score.
2022-02-17 00:16:21 INFO::Imputation done, writing results to output...
2022-02-17 00:16:21 INFO::Imputation done: number of genes with imputed expression: 360 for chr 18
2022-02-17 00:16:22 INFO::Flipping z scores to match LD reference
2022-02-17 00:16:23 INFO::Reading weights for chromosome 19
2022-02-17 00:16:23 INFO::Number of genes with weights provided: 35086
2022-02-17 00:16:23 INFO::Collecting gene weight information ...
2022-02-17 00:16:23 INFO::Flipping weights to match LD reference
2022-02-17 00:16:23 INFO::Harmonizing strand ambiguous weights using correlations with unambiguous variants
2022-02-17 00:34:28 INFO::Start gene z score imputation ...
2022-02-17 00:34:28 INFO::Using given LD matrices to impute gene z score.
2022-02-17 00:43:31 INFO::Imputation done, writing results to output...
2022-02-17 00:43:32 INFO::Imputation done: number of genes with imputed expression: 1923 for chr 19
2022-02-17 00:43:32 INFO::Flipping z scores to match LD reference
2022-02-17 00:43:35 INFO::Reading weights for chromosome 20
2022-02-17 00:43:35 INFO::Number of genes with weights provided: 35086
2022-02-17 00:43:35 INFO::Collecting gene weight information ...
2022-02-17 00:43:35 INFO::Flipping weights to match LD reference
2022-02-17 00:43:35 INFO::Harmonizing strand ambiguous weights using correlations with unambiguous variants
2022-02-17 00:54:28 INFO::Start gene z score imputation ...
2022-02-17 00:54:28 INFO::Using given LD matrices to impute gene z score.
2022-02-17 00:59:37 INFO::Imputation done, writing results to output...
2022-02-17 00:59:37 INFO::Imputation done: number of genes with imputed expression: 874 for chr 20
2022-02-17 00:59:38 INFO::Flipping z scores to match LD reference
2022-02-17 00:59:39 INFO::Reading weights for chromosome 21
2022-02-17 00:59:39 INFO::Number of genes with weights provided: 35086
2022-02-17 00:59:39 INFO::Collecting gene weight information ...
2022-02-17 00:59:39 INFO::Flipping weights to match LD reference
2022-02-17 00:59:39 INFO::Harmonizing strand ambiguous weights using correlations with unambiguous variants
2022-02-17 01:05:38 INFO::Start gene z score imputation ...
2022-02-17 01:05:38 INFO::Using given LD matrices to impute gene z score.
2022-02-17 01:07:47 INFO::Imputation done, writing results to output...
2022-02-17 01:07:47 INFO::Imputation done: number of genes with imputed expression: 342 for chr 21
2022-02-17 01:07:48 INFO::Flipping z scores to match LD reference
2022-02-17 01:07:49 INFO::Reading weights for chromosome 22
2022-02-17 01:07:49 INFO::Number of genes with weights provided: 35086
2022-02-17 01:07:49 INFO::Collecting gene weight information ...
2022-02-17 01:07:49 INFO::Flipping weights to match LD reference
2022-02-17 01:07:49 INFO::Harmonizing strand ambiguous weights using correlations with unambiguous variants
2022-02-17 01:17:14 INFO::Start gene z score imputation ...
2022-02-17 01:17:14 INFO::Using given LD matrices to impute gene z score.
2022-02-17 01:21:32 INFO::Imputation done, writing results to output...
2022-02-17 01:21:32 INFO::Imputation done: number of genes with imputed expression: 852 for chr 22
2022-02-17 01:21:56 INFO::ctwas started ...
2022-02-17 01:22:20 INFO::LD region file: /home/shengqian/R/x86_64-pc-linux-gnu-library/3.6/ctwas/extdata/ldetect/EUR.b38.bed
2022-02-17 01:22:27 INFO::No. LD regions: 1700
2022-02-17 01:22:35 INFO::No. regions with at least one SNP/gene for chr1: 131
2022-02-17 01:22:35 INFO::Merge regions for chr1
2022-02-17 01:22:35 INFO::No. regions with at least one SNP/gene for chr1 after merging: 130
2022-02-17 01:22:42 INFO::No. regions with at least one SNP/gene for chr2: 144
2022-02-17 01:22:42 INFO::Merge regions for chr2
2022-02-17 01:22:42 INFO::No. regions with at least one SNP/gene for chr2 after merging: 143
2022-02-17 01:22:48 INFO::No. regions with at least one SNP/gene for chr3: 122
2022-02-17 01:22:48 INFO::Merge regions for chr3
2022-02-17 01:22:48 INFO::No. regions with at least one SNP/gene for chr3 after merging: 122
2022-02-17 01:22:54 INFO::No. regions with at least one SNP/gene for chr4: 122
2022-02-17 01:22:54 INFO::Merge regions for chr4
2022-02-17 01:22:54 INFO::No. regions with at least one SNP/gene for chr4 after merging: 122
2022-02-17 01:22:59 INFO::No. regions with at least one SNP/gene for chr5: 110
2022-02-17 01:22:59 INFO::Merge regions for chr5
2022-02-17 01:22:59 INFO::No. regions with at least one SNP/gene for chr5 after merging: 110
2022-02-17 01:23:04 INFO::No. regions with at least one SNP/gene for chr6: 112
2022-02-17 01:23:04 INFO::Merge regions for chr6
2022-02-17 01:23:04 INFO::No. regions with at least one SNP/gene for chr6 after merging: 111
2022-02-17 01:23:08 INFO::No. regions with at least one SNP/gene for chr7: 99
2022-02-17 01:23:08 INFO::Merge regions for chr7
2022-02-17 01:23:08 INFO::No. regions with at least one SNP/gene for chr7 after merging: 99
2022-02-17 01:23:12 INFO::No. regions with at least one SNP/gene for chr8: 94
2022-02-17 01:23:12 INFO::Merge regions for chr8
2022-02-17 01:23:12 INFO::No. regions with at least one SNP/gene for chr8 after merging: 94
2022-02-17 01:23:16 INFO::No. regions with at least one SNP/gene for chr9: 74
2022-02-17 01:23:16 INFO::Merge regions for chr9
2022-02-17 01:23:16 INFO::No. regions with at least one SNP/gene for chr9 after merging: 74
2022-02-17 01:23:19 INFO::No. regions with at least one SNP/gene for chr10: 85
2022-02-17 01:23:19 INFO::Merge regions for chr10
2022-02-17 01:23:19 INFO::No. regions with at least one SNP/gene for chr10 after merging: 85
2022-02-17 01:23:23 INFO::No. regions with at least one SNP/gene for chr11: 84
2022-02-17 01:23:23 INFO::Merge regions for chr11
2022-02-17 01:23:23 INFO::No. regions with at least one SNP/gene for chr11 after merging: 84
2022-02-17 01:23:27 INFO::No. regions with at least one SNP/gene for chr12: 81
2022-02-17 01:23:27 INFO::Merge regions for chr12
2022-02-17 01:23:27 INFO::No. regions with at least one SNP/gene for chr12 after merging: 80
2022-02-17 01:23:30 INFO::No. regions with at least one SNP/gene for chr13: 62
2022-02-17 01:23:30 INFO::Merge regions for chr13
2022-02-17 01:23:30 INFO::No. regions with at least one SNP/gene for chr13 after merging: 62
2022-02-17 01:23:32 INFO::No. regions with at least one SNP/gene for chr14: 56
2022-02-17 01:23:32 INFO::Merge regions for chr14
2022-02-17 01:23:32 INFO::No. regions with at least one SNP/gene for chr14 after merging: 56
2022-02-17 01:23:34 INFO::No. regions with at least one SNP/gene for chr15: 50
2022-02-17 01:23:34 INFO::Merge regions for chr15
2022-02-17 01:23:34 INFO::No. regions with at least one SNP/gene for chr15 after merging: 49
2022-02-17 01:23:36 INFO::No. regions with at least one SNP/gene for chr16: 54
2022-02-17 01:23:36 INFO::Merge regions for chr16
2022-02-17 01:23:36 INFO::No. regions with at least one SNP/gene for chr16 after merging: 54
2022-02-17 01:23:39 INFO::No. regions with at least one SNP/gene for chr17: 47
2022-02-17 01:23:39 INFO::Merge regions for chr17
2022-02-17 01:23:39 INFO::No. regions with at least one SNP/gene for chr17 after merging: 47
2022-02-17 01:23:40 INFO::No. regions with at least one SNP/gene for chr18: 47
2022-02-17 01:23:40 INFO::Merge regions for chr18
2022-02-17 01:23:40 INFO::No. regions with at least one SNP/gene for chr18 after merging: 47
2022-02-17 01:23:43 INFO::No. regions with at least one SNP/gene for chr19: 39
2022-02-17 01:23:43 INFO::Merge regions for chr19
2022-02-17 01:23:43 INFO::No. regions with at least one SNP/gene for chr19 after merging: 39
2022-02-17 01:23:44 INFO::No. regions with at least one SNP/gene for chr20: 38
2022-02-17 01:23:44 INFO::Merge regions for chr20
2022-02-17 01:23:44 INFO::No. regions with at least one SNP/gene for chr20 after merging: 38
2022-02-17 01:23:46 INFO::No. regions with at least one SNP/gene for chr21: 24
2022-02-17 01:23:46 INFO::Merge regions for chr21
2022-02-17 01:23:46 INFO::No. regions with at least one SNP/gene for chr21 after merging: 24
2022-02-17 01:23:49 INFO::No. regions with at least one SNP/gene for chr22: 24
2022-02-17 01:23:49 INFO::Merge regions for chr22
2022-02-17 01:23:49 INFO::No. regions with at least one SNP/gene for chr22 after merging: 24
2022-02-17 01:23:49 INFO::Trim regions with SNPs more than Inf
2022-02-17 01:23:49 INFO::Adding R matrix info, as genotype is not given
2022-02-17 01:23:49 INFO::Adding R matrix info for chrom 1
2022-02-17 01:37:02 INFO::Adding R matrix info for chrom 2
2022-02-17 01:49:55 INFO::Adding R matrix info for chrom 3
2022-02-17 01:59:29 INFO::Adding R matrix info for chrom 4
2022-02-17 02:07:58 INFO::Adding R matrix info for chrom 5
2022-02-17 02:16:06 INFO::Adding R matrix info for chrom 6
2022-02-17 02:26:43 INFO::Adding R matrix info for chrom 7
2022-02-17 02:35:41 INFO::Adding R matrix info for chrom 8
2022-02-17 02:43:02 INFO::Adding R matrix info for chrom 9
2022-02-17 02:49:45 INFO::Adding R matrix info for chrom 10
2022-02-17 02:57:27 INFO::Adding R matrix info for chrom 11
2022-02-17 03:06:13 INFO::Adding R matrix info for chrom 12
2022-02-17 03:14:10 INFO::Adding R matrix info for chrom 13
2022-02-17 03:18:47 INFO::Adding R matrix info for chrom 14
2022-02-17 03:24:12 INFO::Adding R matrix info for chrom 15
2022-02-17 03:29:10 INFO::Adding R matrix info for chrom 16
2022-02-17 03:34:29 INFO::Adding R matrix info for chrom 17
2022-02-17 03:41:36 INFO::Adding R matrix info for chrom 18
2022-02-17 03:45:12 INFO::Adding R matrix info for chrom 19
2022-02-17 03:52:48 INFO::Adding R matrix info for chrom 20
2022-02-17 03:57:05 INFO::Adding R matrix info for chrom 21
2022-02-17 03:58:54 INFO::Adding R matrix info for chrom 22
2022-02-17 04:02:00 INFO::Run susie iteratively, getting rough estimate ...
2022-02-17 04:02:00 INFO::run iteration 1
starting worker pid=56351 on localhost:11587 at 04:02:01.791
starting worker pid=56365 on localhost:11587 at 04:02:02.422
starting worker pid=56379 on localhost:11587 at 04:02:03.000
starting worker pid=56392 on localhost:11587 at 04:02:03.582
starting worker pid=56406 on localhost:11587 at 04:02:04.156
starting worker pid=56419 on localhost:11587 at 04:02:04.734
starting worker pid=56433 on localhost:11587 at 04:02:05.311
starting worker pid=56446 on localhost:11587 at 04:02:05.892
starting worker pid=56460 on localhost:11587 at 04:02:06.473
starting worker pid=56473 on localhost:11587 at 04:02:07.048
2022-02-17 04:16:59 INFO::After iteration 1, gene prior 0.00306905462604629:, SNP prior:0.00213693286287351
2022-02-17 04:17:00 INFO::run iteration 2
starting worker pid=730 on localhost:11587 at 04:17:00.877
starting worker pid=744 on localhost:11587 at 04:17:01.521
starting worker pid=758 on localhost:11587 at 04:17:02.108
starting worker pid=772 on localhost:11587 at 04:17:02.691
starting worker pid=785 on localhost:11587 at 04:17:03.274
starting worker pid=799 on localhost:11587 at 04:17:03.855
starting worker pid=812 on localhost:11587 at 04:17:04.438
starting worker pid=825 on localhost:11587 at 04:17:05.022
starting worker pid=839 on localhost:11587 at 04:17:05.606
starting worker pid=852 on localhost:11587 at 04:17:06.189
2022-02-17 04:32:06 INFO::After iteration 2, gene prior 0.00350421670977026:, SNP prior:0.00193991252838445
2022-02-17 04:32:06 INFO::run iteration 3
starting worker pid=1903 on localhost:11587 at 04:32:07.182
starting worker pid=1917 on localhost:11587 at 04:32:07.832
starting worker pid=1930 on localhost:11587 at 04:32:08.412
starting worker pid=1944 on localhost:11587 at 04:32:08.988
starting worker pid=1957 on localhost:11587 at 04:32:09.568
starting worker pid=1971 on localhost:11587 at 04:32:10.146
starting worker pid=1984 on localhost:11587 at 04:32:10.729
starting worker pid=1997 on localhost:11587 at 04:32:11.309
starting worker pid=2011 on localhost:11587 at 04:32:11.892
starting worker pid=2024 on localhost:11587 at 04:32:12.467
2022-02-17 04:47:10 INFO::After iteration 3, gene prior 0.00394069304742622:, SNP prior:0.00188757703764429
2022-02-17 04:47:11 INFO::Blocks are filtered: 727 blocks left
2022-02-17 04:47:11 INFO::Run susie iteratively, getting accurate estimate ...
2022-02-17 04:47:11 INFO::run iteration 1
starting worker pid=3278 on localhost:11587 at 04:47:11.891
starting worker pid=3291 on localhost:11587 at 04:47:12.512
starting worker pid=3305 on localhost:11587 at 04:47:13.101
starting worker pid=3318 on localhost:11587 at 04:47:13.680
starting worker pid=3332 on localhost:11587 at 04:47:14.264
starting worker pid=3345 on localhost:11587 at 04:47:14.843
starting worker pid=3359 on localhost:11587 at 04:47:15.425
starting worker pid=3372 on localhost:11587 at 04:47:16.011
starting worker pid=3386 on localhost:11587 at 04:47:16.589
starting worker pid=3399 on localhost:11587 at 04:47:17.171
2022-02-17 04:54:36 INFO::After iteration 1, gene prior 0.00583799484172818:, SNP prior:0.00243790877252499
2022-02-17 04:54:36 INFO::run iteration 2
starting worker pid=4006 on localhost:11587 at 04:54:37.098
starting worker pid=4020 on localhost:11587 at 04:54:37.689
starting worker pid=4033 on localhost:11587 at 04:54:38.269
starting worker pid=4046 on localhost:11587 at 04:54:38.850
starting worker pid=4060 on localhost:11587 at 04:54:39.430
starting worker pid=4073 on localhost:11587 at 04:54:40.010
starting worker pid=4087 on localhost:11587 at 04:54:40.593
starting worker pid=4101 on localhost:11587 at 04:54:41.169
starting worker pid=4116 on localhost:11587 at 04:54:41.749
starting worker pid=4129 on localhost:11587 at 04:54:42.330
2022-02-17 05:01:56 INFO::After iteration 2, gene prior 0.0067290197456657:, SNP prior:0.00269644075882737
2022-02-17 05:01:57 INFO::run iteration 3
starting worker pid=4505 on localhost:11587 at 05:01:57.659
starting worker pid=4518 on localhost:11587 at 05:01:58.219
starting worker pid=4532 on localhost:11587 at 05:01:58.801
starting worker pid=4545 on localhost:11587 at 05:01:59.384
starting worker pid=4559 on localhost:11587 at 05:01:59.966
starting worker pid=4572 on localhost:11587 at 05:02:00.550
starting worker pid=4586 on localhost:11587 at 05:02:01.129
starting worker pid=4599 on localhost:11587 at 05:02:01.712
starting worker pid=4612 on localhost:11587 at 05:02:02.293
starting worker pid=4626 on localhost:11587 at 05:02:02.870
2022-02-17 05:09:20 INFO::After iteration 3, gene prior 0.00708454356745264:, SNP prior:0.00278474245809801
2022-02-17 05:09:21 INFO::run iteration 4
starting worker pid=5007 on localhost:11587 at 05:09:21.706
starting worker pid=5020 on localhost:11587 at 05:09:22.290
starting worker pid=5034 on localhost:11587 at 05:09:22.872
starting worker pid=5047 on localhost:11587 at 05:09:23.456
starting worker pid=5061 on localhost:11587 at 05:09:24.039
starting worker pid=5074 on localhost:11587 at 05:09:24.613
starting worker pid=5089 on localhost:11587 at 05:09:25.191
starting worker pid=5102 on localhost:11587 at 05:09:25.770
starting worker pid=5116 on localhost:11587 at 05:09:26.349
starting worker pid=5129 on localhost:11587 at 05:09:26.932
2022-02-17 05:16:43 INFO::After iteration 4, gene prior 0.00722668060069049:, SNP prior:0.00280846052582035
2022-02-17 05:16:43 INFO::run iteration 5
starting worker pid=6169 on localhost:11587 at 05:16:44.177
starting worker pid=6182 on localhost:11587 at 05:16:44.769
starting worker pid=6196 on localhost:11587 at 05:16:45.383
starting worker pid=6209 on localhost:11587 at 05:16:45.964
starting worker pid=6223 on localhost:11587 at 05:16:46.541
starting worker pid=6236 on localhost:11587 at 05:16:47.118
starting worker pid=6250 on localhost:11587 at 05:16:47.692
starting worker pid=6263 on localhost:11587 at 05:16:48.280
starting worker pid=6277 on localhost:11587 at 05:16:48.858
starting worker pid=6290 on localhost:11587 at 05:16:49.439
2022-02-17 05:24:07 INFO::After iteration 5, gene prior 0.00729302916978131:, SNP prior:0.00281371262863615
2022-02-17 05:24:07 INFO::run iteration 6
starting worker pid=6900 on localhost:11587 at 05:24:08.576
starting worker pid=6913 on localhost:11587 at 05:24:09.220
starting worker pid=6927 on localhost:11587 at 05:24:09.811
starting worker pid=6940 on localhost:11587 at 05:24:10.392
starting worker pid=6954 on localhost:11587 at 05:24:10.973
starting worker pid=6967 on localhost:11587 at 05:24:11.561
starting worker pid=6981 on localhost:11587 at 05:24:12.137
starting worker pid=6994 on localhost:11587 at 05:24:12.712
starting worker pid=7007 on localhost:11587 at 05:24:13.289
starting worker pid=7021 on localhost:11587 at 05:24:13.872
2022-02-17 05:31:51 INFO::After iteration 6, gene prior 0.00732969499623066:, SNP prior:0.00281441777687794
2022-02-17 05:31:51 INFO::run iteration 7
starting worker pid=7470 on localhost:11587 at 05:31:52.480
starting worker pid=7483 on localhost:11587 at 05:31:53.062
starting worker pid=7497 on localhost:11587 at 05:31:53.640
starting worker pid=7510 on localhost:11587 at 05:31:54.222
starting worker pid=7524 on localhost:11587 at 05:31:54.812
starting worker pid=7537 on localhost:11587 at 05:31:55.401
starting worker pid=7551 on localhost:11587 at 05:31:55.979
starting worker pid=7564 on localhost:11587 at 05:31:56.558
starting worker pid=7578 on localhost:11587 at 05:31:57.141
starting worker pid=7591 on localhost:11587 at 05:31:57.718
2022-02-17 05:40:02 INFO::After iteration 7, gene prior 0.00735221089402287:, SNP prior:0.00281415845826319
2022-02-17 05:40:02 INFO::run iteration 8
starting worker pid=8007 on localhost:11587 at 05:40:03.180
starting worker pid=8020 on localhost:11587 at 05:40:03.744
starting worker pid=8033 on localhost:11587 at 05:40:04.323
starting worker pid=8047 on localhost:11587 at 05:40:04.902
starting worker pid=8060 on localhost:11587 at 05:40:05.474
starting worker pid=8075 on localhost:11587 at 05:40:06.041
starting worker pid=8088 on localhost:11587 at 05:40:06.618
starting worker pid=8102 on localhost:11587 at 05:40:07.200
starting worker pid=8115 on localhost:11587 at 05:40:07.782
starting worker pid=8129 on localhost:11587 at 05:40:08.362
2022-02-17 05:47:57 INFO::After iteration 8, gene prior 0.00736676423388968:, SNP prior:0.00281379607941809
2022-02-17 05:47:57 INFO::run iteration 9
starting worker pid=9108 on localhost:11587 at 05:47:57.992
starting worker pid=9121 on localhost:11587 at 05:47:58.614
starting worker pid=9135 on localhost:11587 at 05:47:59.193
starting worker pid=9148 on localhost:11587 at 05:47:59.772
starting worker pid=9162 on localhost:11587 at 05:48:00.350
starting worker pid=9175 on localhost:11587 at 05:48:00.930
starting worker pid=9189 on localhost:11587 at 05:48:01.504
starting worker pid=9210 on localhost:11587 at 05:48:02.079
starting worker pid=9224 on localhost:11587 at 05:48:02.661
starting worker pid=9246 on localhost:11587 at 05:48:14.540
2022-02-17 05:55:32 INFO::After iteration 9, gene prior 0.00737637652390646:, SNP prior:0.00281350454899984
2022-02-17 05:55:32 INFO::run iteration 10
starting worker pid=9798 on localhost:11587 at 05:55:33.065
starting worker pid=9811 on localhost:11587 at 05:55:33.664
starting worker pid=9825 on localhost:11587 at 05:55:34.251
starting worker pid=9838 on localhost:11587 at 05:55:34.832
starting worker pid=9853 on localhost:11587 at 05:55:35.413
starting worker pid=9866 on localhost:11587 at 05:55:35.989
starting worker pid=9880 on localhost:11587 at 05:55:36.570
starting worker pid=9893 on localhost:11587 at 05:55:37.150
starting worker pid=9907 on localhost:11587 at 05:55:37.735
starting worker pid=9920 on localhost:11587 at 05:55:38.320
2022-02-17 06:02:57 INFO::After iteration 10, gene prior 0.00738277985778499:, SNP prior:0.00281329664691256
2022-02-17 06:02:58 INFO::run iteration 11
starting worker pid=10342 on localhost:11587 at 06:02:58.700
starting worker pid=10355 on localhost:11587 at 06:02:59.319
starting worker pid=10369 on localhost:11587 at 06:02:59.902
starting worker pid=10382 on localhost:11587 at 06:03:00.481
starting worker pid=10395 on localhost:11587 at 06:03:01.057
starting worker pid=10409 on localhost:11587 at 06:03:01.639
starting worker pid=10422 on localhost:11587 at 06:03:02.221
starting worker pid=10436 on localhost:11587 at 06:03:02.802
starting worker pid=10449 on localhost:11587 at 06:03:03.385
starting worker pid=10463 on localhost:11587 at 06:03:03.963
2022-02-17 06:10:22 INFO::After iteration 11, gene prior 0.00738705936108415:, SNP prior:0.00281315413545507
2022-02-17 06:10:23 INFO::run iteration 12
starting worker pid=10847 on localhost:11587 at 06:10:23.959
starting worker pid=10868 on localhost:11587 at 06:10:24.559
starting worker pid=10882 on localhost:11587 at 06:10:25.141
starting worker pid=10895 on localhost:11587 at 06:10:25.725
starting worker pid=10909 on localhost:11587 at 06:10:26.310
starting worker pid=10923 on localhost:11587 at 06:10:26.890
starting worker pid=10939 on localhost:11587 at 06:10:27.470
starting worker pid=10956 on localhost:11587 at 06:10:28.048
starting worker pid=10970 on localhost:11587 at 06:10:28.624
starting worker pid=10983 on localhost:11587 at 06:10:29.204
2022-02-17 06:17:46 INFO::After iteration 12, gene prior 0.00738992281576024:, SNP prior:0.00281305785426164
2022-02-17 06:17:47 INFO::run iteration 13
starting worker pid=11997 on localhost:11587 at 06:17:47.649
starting worker pid=12010 on localhost:11587 at 06:17:48.200
starting worker pid=12024 on localhost:11587 at 06:17:48.749
starting worker pid=12037 on localhost:11587 at 06:17:49.324
starting worker pid=12051 on localhost:11587 at 06:17:49.899
starting worker pid=12064 on localhost:11587 at 06:17:50.480
starting worker pid=12077 on localhost:11587 at 06:17:51.063
starting worker pid=12091 on localhost:11587 at 06:17:51.636
starting worker pid=12104 on localhost:11587 at 06:17:52.221
starting worker pid=12118 on localhost:11587 at 06:17:52.800
2022-02-17 06:25:13 INFO::After iteration 13, gene prior 0.00739183953386407:, SNP prior:0.00281299316623166
2022-02-17 06:25:13 INFO::run iteration 14
starting worker pid=12731 on localhost:11587 at 06:25:14.045
starting worker pid=12744 on localhost:11587 at 06:25:14.660
starting worker pid=12758 on localhost:11587 at 06:25:15.245
starting worker pid=12771 on localhost:11587 at 06:25:15.824
starting worker pid=12785 on localhost:11587 at 06:25:16.401
starting worker pid=12798 on localhost:11587 at 06:25:16.982
starting worker pid=12812 on localhost:11587 at 06:25:17.559
starting worker pid=12826 on localhost:11587 at 06:25:18.141
starting worker pid=12840 on localhost:11587 at 06:25:18.718
starting worker pid=12853 on localhost:11587 at 06:25:19.294
2022-02-17 06:32:41 INFO::After iteration 14, gene prior 0.00739312267445531:, SNP prior:0.00281294979877099
2022-02-17 06:32:41 INFO::run iteration 15
starting worker pid=13233 on localhost:11587 at 06:32:42.242
starting worker pid=13246 on localhost:11587 at 06:32:42.824
starting worker pid=13260 on localhost:11587 at 06:32:43.397
starting worker pid=13273 on localhost:11587 at 06:32:43.974
starting worker pid=13286 on localhost:11587 at 06:32:44.552
starting worker pid=13300 on localhost:11587 at 06:32:45.127
starting worker pid=13313 on localhost:11587 at 06:32:45.710
starting worker pid=13327 on localhost:11587 at 06:32:46.294
starting worker pid=13340 on localhost:11587 at 06:32:46.858
starting worker pid=13354 on localhost:11587 at 06:32:47.492
2022-02-17 06:40:05 INFO::After iteration 15, gene prior 0.00739398168131158:, SNP prior:0.00281292074996912
2022-02-17 06:40:05 INFO::run iteration 16
starting worker pid=13731 on localhost:11587 at 06:40:06.489
starting worker pid=13744 on localhost:11587 at 06:40:07.093
starting worker pid=13758 on localhost:11587 at 06:40:07.676
starting worker pid=13771 on localhost:11587 at 06:40:08.258
starting worker pid=13785 on localhost:11587 at 06:40:08.837
starting worker pid=13798 on localhost:11587 at 06:40:09.415
starting worker pid=13812 on localhost:11587 at 06:40:09.995
starting worker pid=13825 on localhost:11587 at 06:40:10.570
starting worker pid=13839 on localhost:11587 at 06:40:11.154
starting worker pid=13852 on localhost:11587 at 06:40:11.731
2022-02-17 06:47:29 INFO::After iteration 16, gene prior 0.00739455674148922:, SNP prior:0.00281290129910728
2022-02-17 06:47:29 INFO::run iteration 17
starting worker pid=14779 on localhost:11587 at 06:47:29.766
starting worker pid=14792 on localhost:11587 at 06:47:30.329
starting worker pid=14806 on localhost:11587 at 06:47:30.913
starting worker pid=14819 on localhost:11587 at 06:47:31.493
starting worker pid=14832 on localhost:11587 at 06:47:32.090
starting worker pid=14846 on localhost:11587 at 06:47:32.671
starting worker pid=14859 on localhost:11587 at 06:47:33.251
starting worker pid=14873 on localhost:11587 at 06:47:33.830
starting worker pid=14886 on localhost:11587 at 06:47:34.410
starting worker pid=14900 on localhost:11587 at 06:47:34.990
2022-02-17 06:54:52 INFO::After iteration 17, gene prior 0.0073949417073832:, SNP prior:0.00281288827690471
2022-02-17 06:54:52 INFO::run iteration 18
starting worker pid=15530 on localhost:11587 at 06:54:53.028
starting worker pid=15544 on localhost:11587 at 06:54:53.613
starting worker pid=15557 on localhost:11587 at 06:54:54.192
starting worker pid=15571 on localhost:11587 at 06:54:54.770
starting worker pid=15584 on localhost:11587 at 06:54:55.343
starting worker pid=15598 on localhost:11587 at 06:54:55.922
starting worker pid=15611 on localhost:11587 at 06:54:56.499
starting worker pid=15624 on localhost:11587 at 06:54:57.072
starting worker pid=15638 on localhost:11587 at 06:54:57.650
starting worker pid=15651 on localhost:11587 at 06:54:58.229
2022-02-17 07:02:15 INFO::After iteration 18, gene prior 0.00739519941340098:, SNP prior:0.00281287955922075
2022-02-17 07:02:15 INFO::run iteration 19
starting worker pid=16026 on localhost:11587 at 07:02:16.278
starting worker pid=16039 on localhost:11587 at 07:02:16.837
starting worker pid=16053 on localhost:11587 at 07:02:17.408
starting worker pid=16066 on localhost:11587 at 07:02:17.991
starting worker pid=16080 on localhost:11587 at 07:02:18.572
starting worker pid=16093 on localhost:11587 at 07:02:19.154
starting worker pid=16107 on localhost:11587 at 07:02:19.730
starting worker pid=16120 on localhost:11587 at 07:02:20.308
starting worker pid=16134 on localhost:11587 at 07:02:20.882
starting worker pid=16147 on localhost:11587 at 07:02:21.458
2022-02-17 07:09:38 INFO::After iteration 19, gene prior 0.00739537192640179:, SNP prior:0.0028128737233713
2022-02-17 07:09:39 INFO::run iteration 20
starting worker pid=16525 on localhost:11587 at 07:09:39.675
starting worker pid=16538 on localhost:11587 at 07:09:40.301
starting worker pid=16552 on localhost:11587 at 07:09:40.889
starting worker pid=16565 on localhost:11587 at 07:09:41.473
starting worker pid=16579 on localhost:11587 at 07:09:42.053
starting worker pid=16592 on localhost:11587 at 07:09:42.628
starting worker pid=16606 on localhost:11587 at 07:09:43.211
starting worker pid=16619 on localhost:11587 at 07:09:43.790
starting worker pid=16633 on localhost:11587 at 07:09:44.374
starting worker pid=16646 on localhost:11587 at 07:09:44.950
2022-02-17 07:17:01 INFO::After iteration 20, gene prior 0.00739548740872282:, SNP prior:0.00281286981676143
2022-02-17 07:17:01 INFO::run iteration 21
starting worker pid=17525 on localhost:11587 at 07:17:02.496
starting worker pid=17539 on localhost:11587 at 07:17:03.086
starting worker pid=17552 on localhost:11587 at 07:17:03.693
starting worker pid=17566 on localhost:11587 at 07:17:04.273
starting worker pid=17579 on localhost:11587 at 07:17:04.849
starting worker pid=17593 on localhost:11587 at 07:17:05.430
starting worker pid=17606 on localhost:11587 at 07:17:06.012
starting worker pid=17619 on localhost:11587 at 07:17:06.590
starting worker pid=17633 on localhost:11587 at 07:17:07.171
starting worker pid=17646 on localhost:11587 at 07:17:07.753
2022-02-17 07:24:28 INFO::After iteration 21, gene prior 0.00739556471356266:, SNP prior:0.00281286720163815
2022-02-17 07:24:28 INFO::run iteration 22
starting worker pid=18302 on localhost:11587 at 07:24:28.797
starting worker pid=18316 on localhost:11587 at 07:24:29.360
starting worker pid=18329 on localhost:11587 at 07:24:29.940
starting worker pid=18343 on localhost:11587 at 07:24:30.520
starting worker pid=18356 on localhost:11587 at 07:24:31.097
starting worker pid=18370 on localhost:11587 at 07:24:31.677
starting worker pid=18383 on localhost:11587 at 07:24:32.253
starting worker pid=18397 on localhost:11587 at 07:24:32.840
starting worker pid=18410 on localhost:11587 at 07:24:33.427
starting worker pid=18424 on localhost:11587 at 07:24:34.009
2022-02-17 07:31:53 INFO::After iteration 22, gene prior 0.00739561646187168:, SNP prior:0.0028128654510578
2022-02-17 07:31:53 INFO::run iteration 23
starting worker pid=18801 on localhost:11587 at 07:31:53.970
starting worker pid=18814 on localhost:11587 at 07:31:54.542
starting worker pid=18828 on localhost:11587 at 07:31:55.119
starting worker pid=18841 on localhost:11587 at 07:31:55.700
starting worker pid=18855 on localhost:11587 at 07:31:56.281
starting worker pid=18868 on localhost:11587 at 07:31:56.859
starting worker pid=18882 on localhost:11587 at 07:31:57.440
starting worker pid=18895 on localhost:11587 at 07:31:58.021
starting worker pid=18908 on localhost:11587 at 07:31:58.600
starting worker pid=18922 on localhost:11587 at 07:31:59.183
2022-02-17 07:39:15 INFO::After iteration 23, gene prior 0.00739565110239848:, SNP prior:0.00281286427921175
2022-02-17 07:39:15 INFO::run iteration 24
starting worker pid=19298 on localhost:11587 at 07:39:16.200
starting worker pid=19311 on localhost:11587 at 07:39:16.820
starting worker pid=19325 on localhost:11587 at 07:39:17.392
starting worker pid=19338 on localhost:11587 at 07:39:17.973
starting worker pid=19352 on localhost:11587 at 07:39:18.553
starting worker pid=19365 on localhost:11587 at 07:39:19.131
starting worker pid=19379 on localhost:11587 at 07:39:19.714
starting worker pid=19402 on localhost:11587 at 07:39:20.291
starting worker pid=19422 on localhost:11587 at 07:39:20.870
starting worker pid=19435 on localhost:11587 at 07:39:21.450
2022-02-17 07:46:40 INFO::After iteration 24, gene prior 0.00739567429086538:, SNP prior:0.00281286349477453
2022-02-17 07:46:40 INFO::run iteration 25
starting worker pid=20341 on localhost:11587 at 07:46:40.766
starting worker pid=20354 on localhost:11587 at 07:46:41.349
starting worker pid=20368 on localhost:11587 at 07:46:41.934
starting worker pid=20382 on localhost:11587 at 07:46:42.513
starting worker pid=20395 on localhost:11587 at 07:46:43.090
starting worker pid=20409 on localhost:11587 at 07:46:43.670
starting worker pid=20422 on localhost:11587 at 07:46:44.243
starting worker pid=20436 on localhost:11587 at 07:46:44.820
starting worker pid=20449 on localhost:11587 at 07:46:45.399
starting worker pid=20463 on localhost:11587 at 07:46:45.979
2022-02-17 07:54:04 INFO::After iteration 25, gene prior 0.00739568981327225:, SNP prior:0.0028128629696706
2022-02-17 07:54:04 INFO::run iteration 26
starting worker pid=21068 on localhost:11587 at 07:54:04.946
starting worker pid=21087 on localhost:11587 at 07:54:05.525
starting worker pid=21100 on localhost:11587 at 07:54:06.103
starting worker pid=21114 on localhost:11587 at 07:54:06.682
starting worker pid=21127 on localhost:11587 at 07:54:07.264
starting worker pid=21140 on localhost:11587 at 07:54:07.842
starting worker pid=21154 on localhost:11587 at 07:54:08.423
starting worker pid=21167 on localhost:11587 at 07:54:08.998
starting worker pid=21181 on localhost:11587 at 07:54:09.583
starting worker pid=21194 on localhost:11587 at 07:54:10.160
2022-02-17 08:01:27 INFO::After iteration 26, gene prior 0.00739570020399458:, SNP prior:0.00281286261816523
2022-02-17 08:01:28 INFO::run iteration 27
starting worker pid=21569 on localhost:11587 at 08:01:28.712
starting worker pid=21583 on localhost:11587 at 08:01:29.292
starting worker pid=21596 on localhost:11587 at 08:01:29.871
starting worker pid=21610 on localhost:11587 at 08:01:30.453
starting worker pid=21623 on localhost:11587 at 08:01:31.034
starting worker pid=21637 on localhost:11587 at 08:01:31.613
starting worker pid=21650 on localhost:11587 at 08:01:32.191
starting worker pid=21663 on localhost:11587 at 08:01:32.769
starting worker pid=21677 on localhost:11587 at 08:01:33.349
starting worker pid=21690 on localhost:11587 at 08:01:33.930
2022-02-17 08:08:51 INFO::After iteration 27, gene prior 0.00739570715955586:, SNP prior:0.00281286238286712
2022-02-17 08:08:51 INFO::run iteration 28
starting worker pid=22066 on localhost:11587 at 08:08:51.740
starting worker pid=22079 on localhost:11587 at 08:08:52.341
starting worker pid=22093 on localhost:11587 at 08:08:52.922
starting worker pid=22106 on localhost:11587 at 08:08:53.498
starting worker pid=22120 on localhost:11587 at 08:08:54.080
starting worker pid=22133 on localhost:11587 at 08:08:54.663
starting worker pid=22147 on localhost:11587 at 08:08:55.217
starting worker pid=22160 on localhost:11587 at 08:08:55.861
starting worker pid=22175 on localhost:11587 at 08:08:56.439
starting worker pid=22189 on localhost:11587 at 08:08:57.014
2022-02-17 08:16:16 INFO::After iteration 28, gene prior 0.00739571181561476:, SNP prior:0.00281286222535836
2022-02-17 08:16:16 INFO::run iteration 29
starting worker pid=22573 on localhost:11587 at 08:16:17.330
starting worker pid=22587 on localhost:11587 at 08:16:17.963
starting worker pid=22600 on localhost:11587 at 08:16:18.567
starting worker pid=22614 on localhost:11587 at 08:16:19.144
starting worker pid=22651 on localhost:11587 at 08:16:19.730
starting worker pid=22755 on localhost:11587 at 08:16:20.333
starting worker pid=22875 on localhost:11587 at 08:16:20.932
starting worker pid=22953 on localhost:11587 at 08:16:21.530
starting worker pid=23070 on localhost:11587 at 08:16:22.121
starting worker pid=23152 on localhost:11587 at 08:16:22.715
2022-02-17 08:23:45 INFO::After iteration 29, gene prior 0.00739571493238397:, SNP prior:0.00281286211992188
2022-02-17 08:23:45 INFO::run iteration 30
starting worker pid=23798 on localhost:11587 at 08:23:46.560
starting worker pid=23813 on localhost:11587 at 08:23:47.159
starting worker pid=23827 on localhost:11587 at 08:23:47.742
starting worker pid=23840 on localhost:11587 at 08:23:48.313
starting worker pid=23854 on localhost:11587 at 08:23:48.883
starting worker pid=23867 on localhost:11587 at 08:23:49.459
starting worker pid=23881 on localhost:11587 at 08:23:50.037
starting worker pid=23894 on localhost:11587 at 08:23:50.620
starting worker pid=23908 on localhost:11587 at 08:23:51.201
starting worker pid=23921 on localhost:11587 at 08:23:51.782
2022-02-17 08:30:56 INFO::After iteration 30, gene prior 0.00739571701875121:, SNP prior:0.00281286204934263
2022-02-17 08:30:56 INFO::Run susie for all regions.
2022-02-17 08:30:56 INFO::run iteration 1
starting worker pid=24289 on localhost:11587 at 08:30:57.147
starting worker pid=24302 on localhost:11587 at 08:30:57.708
starting worker pid=24315 on localhost:11587 at 08:30:58.301
starting worker pid=24329 on localhost:11587 at 08:30:58.882
starting worker pid=24342 on localhost:11587 at 08:30:59.464
starting worker pid=24356 on localhost:11587 at 08:31:00.052
starting worker pid=24369 on localhost:11587 at 08:31:00.628
starting worker pid=24383 on localhost:11587 at 08:31:01.208
starting worker pid=24396 on localhost:11587 at 08:31:01.793
starting worker pid=24410 on localhost:11587 at 08:31:02.371
2022-02-17 08:46:42 INFO::After iteration 1, gene prior 0.0196366958044873:, SNP prior:0.00917444014636599
2022-02-17 08:46:42 INFO::No. LD regions: 1700
2022-02-17 08:46:49 INFO::No. regions with at least one SNP/gene for chr1: 131
2022-02-17 08:46:49 INFO::Merge regions for chr1
2022-02-17 08:46:49 INFO::No. regions with at least one SNP/gene for chr1 after merging: 130
2022-02-17 08:46:57 INFO::No. regions with at least one SNP/gene for chr2: 144
2022-02-17 08:46:57 INFO::Merge regions for chr2
2022-02-17 08:46:57 INFO::No. regions with at least one SNP/gene for chr2 after merging: 143
2022-02-17 08:47:03 INFO::No. regions with at least one SNP/gene for chr3: 122
2022-02-17 08:47:03 INFO::Merge regions for chr3
2022-02-17 08:47:03 INFO::No. regions with at least one SNP/gene for chr3 after merging: 122
2022-02-17 08:47:09 INFO::No. regions with at least one SNP/gene for chr4: 122
2022-02-17 08:47:09 INFO::Merge regions for chr4
2022-02-17 08:47:09 INFO::No. regions with at least one SNP/gene for chr4 after merging: 122
2022-02-17 08:47:14 INFO::No. regions with at least one SNP/gene for chr5: 110
2022-02-17 08:47:14 INFO::Merge regions for chr5
2022-02-17 08:47:14 INFO::No. regions with at least one SNP/gene for chr5 after merging: 110
2022-02-17 08:47:20 INFO::No. regions with at least one SNP/gene for chr6: 112
2022-02-17 08:47:20 INFO::Merge regions for chr6
2022-02-17 08:47:20 INFO::No. regions with at least one SNP/gene for chr6 after merging: 111
2022-02-17 08:47:24 INFO::No. regions with at least one SNP/gene for chr7: 99
2022-02-17 08:47:24 INFO::Merge regions for chr7
2022-02-17 08:47:24 INFO::No. regions with at least one SNP/gene for chr7 after merging: 99
2022-02-17 08:47:29 INFO::No. regions with at least one SNP/gene for chr8: 94
2022-02-17 08:47:29 INFO::Merge regions for chr8
2022-02-17 08:47:29 INFO::No. regions with at least one SNP/gene for chr8 after merging: 94
2022-02-17 08:47:33 INFO::No. regions with at least one SNP/gene for chr9: 74
2022-02-17 08:47:33 INFO::Merge regions for chr9
2022-02-17 08:47:33 INFO::No. regions with at least one SNP/gene for chr9 after merging: 74
2022-02-17 08:47:37 INFO::No. regions with at least one SNP/gene for chr10: 85
2022-02-17 08:47:37 INFO::Merge regions for chr10
2022-02-17 08:47:37 INFO::No. regions with at least one SNP/gene for chr10 after merging: 85
2022-02-17 08:47:40 INFO::No. regions with at least one SNP/gene for chr11: 84
2022-02-17 08:47:40 INFO::Merge regions for chr11
2022-02-17 08:47:40 INFO::No. regions with at least one SNP/gene for chr11 after merging: 84
2022-02-17 08:47:44 INFO::No. regions with at least one SNP/gene for chr12: 81
2022-02-17 08:47:44 INFO::Merge regions for chr12
2022-02-17 08:47:44 INFO::No. regions with at least one SNP/gene for chr12 after merging: 80
2022-02-17 08:47:47 INFO::No. regions with at least one SNP/gene for chr13: 62
2022-02-17 08:47:47 INFO::Merge regions for chr13
2022-02-17 08:47:47 INFO::No. regions with at least one SNP/gene for chr13 after merging: 62
2022-02-17 08:47:49 INFO::No. regions with at least one SNP/gene for chr14: 56
2022-02-17 08:47:49 INFO::Merge regions for chr14
2022-02-17 08:47:49 INFO::No. regions with at least one SNP/gene for chr14 after merging: 56
2022-02-17 08:47:52 INFO::No. regions with at least one SNP/gene for chr15: 50
2022-02-17 08:47:52 INFO::Merge regions for chr15
2022-02-17 08:47:52 INFO::No. regions with at least one SNP/gene for chr15 after merging: 49
2022-02-17 08:47:54 INFO::No. regions with at least one SNP/gene for chr16: 54
2022-02-17 08:47:54 INFO::Merge regions for chr16
2022-02-17 08:47:54 INFO::No. regions with at least one SNP/gene for chr16 after merging: 54
2022-02-17 08:47:56 INFO::No. regions with at least one SNP/gene for chr17: 47
2022-02-17 08:47:56 INFO::Merge regions for chr17
2022-02-17 08:47:56 INFO::No. regions with at least one SNP/gene for chr17 after merging: 47
2022-02-17 08:47:59 INFO::No. regions with at least one SNP/gene for chr18: 47
2022-02-17 08:47:59 INFO::Merge regions for chr18
2022-02-17 08:47:59 INFO::No. regions with at least one SNP/gene for chr18 after merging: 47
2022-02-17 08:48:01 INFO::No. regions with at least one SNP/gene for chr19: 39
2022-02-17 08:48:01 INFO::Merge regions for chr19
2022-02-17 08:48:01 INFO::No. regions with at least one SNP/gene for chr19 after merging: 39
2022-02-17 08:48:02 INFO::No. regions with at least one SNP/gene for chr20: 38
2022-02-17 08:48:02 INFO::Merge regions for chr20
2022-02-17 08:48:02 INFO::No. regions with at least one SNP/gene for chr20 after merging: 38
2022-02-17 08:48:04 INFO::No. regions with at least one SNP/gene for chr21: 24
2022-02-17 08:48:04 INFO::Merge regions for chr21
2022-02-17 08:48:04 INFO::No. regions with at least one SNP/gene for chr21 after merging: 24
2022-02-17 08:48:06 INFO::No. regions with at least one SNP/gene for chr22: 24
2022-02-17 08:48:06 INFO::Merge regions for chr22
2022-02-17 08:48:06 INFO::No. regions with at least one SNP/gene for chr22 after merging: 24
2022-02-17 08:48:06 INFO::Trim regions with SNPs more than 20000
2022-02-17 08:48:06 INFO::Adding R matrix info, as genotype is not given
2022-02-17 08:48:07 INFO::Adding R matrix info for chrom 1
2022-02-17 09:01:07 INFO::Adding R matrix info for chrom 2
2022-02-17 09:13:42 INFO::Adding R matrix info for chrom 3
2022-02-17 09:22:54 INFO::Adding R matrix info for chrom 4
2022-02-17 09:31:13 INFO::Adding R matrix info for chrom 5
2022-02-17 09:38:53 INFO::Adding R matrix info for chrom 6
2022-02-17 09:49:08 INFO::Adding R matrix info for chrom 7
2022-02-17 09:58:01 INFO::Adding R matrix info for chrom 8
2022-02-17 10:05:22 INFO::Adding R matrix info for chrom 9
2022-02-17 10:11:53 INFO::Adding R matrix info for chrom 10
2022-02-17 10:19:41 INFO::Adding R matrix info for chrom 11
2022-02-17 10:28:26 INFO::Adding R matrix info for chrom 12
2022-02-17 10:36:15 INFO::Adding R matrix info for chrom 13
2022-02-17 10:40:35 INFO::Adding R matrix info for chrom 14
2022-02-17 10:45:43 INFO::Adding R matrix info for chrom 15
2022-02-17 10:50:38 INFO::Adding R matrix info for chrom 16
2022-02-17 10:55:59 INFO::Adding R matrix info for chrom 17
2022-02-17 11:03:11 INFO::Adding R matrix info for chrom 18
2022-02-17 11:06:44 INFO::Adding R matrix info for chrom 19
2022-02-17 11:14:24 INFO::Adding R matrix info for chrom 20
2022-02-17 11:18:32 INFO::Adding R matrix info for chrom 21
2022-02-17 11:20:19 INFO::Adding R matrix info for chrom 22
2022-02-17 11:25:53 INFO::Number of regions that contains strong gene signals: 28
2022-02-17 11:25:53 INFO::Rerun susie for regions with strong gene signals using full SNPs.
2022-02-17 11:25:53 INFO::run iteration 1
starting worker pid=37346 on localhost:11587 at 11:25:54.569
2022-02-17 11:52:25 INFO::After iteration 1, gene prior 0.0142020191581809:, SNP prior:0.00067959927630817
$group_prior
[1] 0.0073957170 0.0002812862

$group_prior_var
[1] 22.56600 17.24449

R version 3.6.1 (2019-07-05)
Platform: x86_64-pc-linux-gnu (64-bit)
Running under: Scientific Linux 7.4 (Nitrogen)

Matrix products: default
BLAS/LAPACK: /software/openblas-0.2.19-el7-x86_64/lib/libopenblas_haswellp-r0.2.19.so

locale:
[1] C

attached base packages:
[1] stats     graphics  grDevices utils     datasets  methods   base     

other attached packages:
[1] data.table_1.14.2 ctwas_0.1.31     

loaded via a namespace (and not attached):
 [1] Rcpp_1.0.7                  lattice_0.20-38            
 [3] gwasvcf_0.1.0               prettyunits_1.1.1          
 [5] Rsamtools_2.0.0             Biostrings_2.52.0          
 [7] assertthat_0.2.1            foreach_1.5.1              
 [9] utf8_1.2.2                  R6_2.5.1                   
[11] GenomeInfoDb_1.20.0         stats4_3.6.1               
[13] RSQLite_2.2.8               httr_1.4.2                 
[15] pillar_1.6.4                zlibbioc_1.30.0            
[17] rlang_0.4.12                GenomicFeatures_1.36.3     
[19] progress_1.2.2              blob_1.2.2                 
[21] S4Vectors_0.22.1            Matrix_1.2-18              
[23] BiocParallel_1.18.0         readr_2.1.1                
[25] stringr_1.4.0               RCurl_1.98-1.5             
[27] bit_4.0.4                   biomaRt_2.40.1             
[29] DelayedArray_0.10.0         compiler_3.6.1             
[31] rtracklayer_1.44.4          pkgconfig_2.0.3            
[33] BiocGenerics_0.30.0         tidyselect_1.1.1           
[35] SummarizedExperiment_1.14.1 tibble_3.1.6               
[37] GenomeInfoDbData_1.2.1      logging_0.10-108           
[39] IRanges_2.18.1              codetools_0.2-16           
[41] matrixStats_0.57.0          XML_3.99-0.3               
[43] fansi_0.5.0                 tzdb_0.2.0                 
[45] crayon_1.4.2                dplyr_1.0.7                
[47] GenomicAlignments_1.20.1    bitops_1.0-7               
[49] grid_3.6.1                  lifecycle_1.0.1            
[51] DBI_1.1.1                   magrittr_2.0.1             
[53] stringi_1.7.6               cachem_1.0.6               
[55] XVector_0.24.0              doParallel_1.0.16          
[57] pgenlibr_0.3.1              ellipsis_0.3.2             
[59] vctrs_0.3.8                 generics_0.1.1             
[61] iterators_1.0.13            tools_3.6.1                
[63] bit64_4.0.5                 BSgenome_1.52.0            
[65] Biobase_2.44.0              glue_1.5.1                 
[67] purrr_0.3.4                 hms_1.1.1                  
[69] parallel_3.6.1              fastmap_1.1.0              
[71] AnnotationDbi_1.46.0        GenomicRanges_1.36.1       
[73] memoise_2.0.1               VariantAnnotation_1.30.1   
