Note that the current default version of R is 3.6.1.
Loading required package: ctwas
loaded ctwas and set parent environment
Loading required package: ctwas
loaded ctwas and set parent environment
Loading required package: ctwas
loaded ctwas and set parent environment
Loading required package: ctwas
loaded ctwas and set parent environment
Loading required package: ctwas
loaded ctwas and set parent environment
Loading required package: ctwas
loaded ctwas and set parent environment
Loading required package: ctwas
loaded ctwas and set parent environment
Loading required package: ctwas
loaded ctwas and set parent environment
Loading required package: ctwas
loaded ctwas and set parent environment
Loading required package: ctwas
loaded ctwas and set parent environment
Loading required package: ctwas
loaded ctwas and set parent environment
Loading required package: ctwas
loaded ctwas and set parent environment
Loading required package: ctwas
loaded ctwas and set parent environment
Loading required package: ctwas
loaded ctwas and set parent environment
Loading required package: ctwas
loaded ctwas and set parent environment
Loading required package: ctwas
loaded ctwas and set parent environment
Loading required package: ctwas
loaded ctwas and set parent environment
Loading required package: ctwas
loaded ctwas and set parent environment
Loading required package: ctwas
loaded ctwas and set parent environment
Loading required package: ctwas
loaded ctwas and set parent environment
Loading required package: ctwas
loaded ctwas and set parent environment
Loading required package: ctwas
loaded ctwas and set parent environment
Loading required package: ctwas
loaded ctwas and set parent environment
Loading required package: ctwas
loaded ctwas and set parent environment
Loading required package: ctwas
loaded ctwas and set parent environment
Loading required package: ctwas
loaded ctwas and set parent environment
Loading required package: ctwas
loaded ctwas and set parent environment
Loading required package: ctwas
loaded ctwas and set parent environment
Loading required package: ctwas
loaded ctwas and set parent environment
Loading required package: ctwas
loaded ctwas and set parent environment
Loading required package: ctwas
loaded ctwas and set parent environment
Loading required package: ctwas
loaded ctwas and set parent environment
Loading required package: ctwas
loaded ctwas and set parent environment
Loading required package: ctwas
loaded ctwas and set parent environment
Loading required package: ctwas
loaded ctwas and set parent environment
Loading required package: ctwas
loaded ctwas and set parent environment
Loading required package: ctwas
loaded ctwas and set parent environment
Loading required package: ctwas
loaded ctwas and set parent environment
Loading required package: ctwas
loaded ctwas and set parent environment
Loading required package: ctwas
loaded ctwas and set parent environment
Loading required package: ctwas
loaded ctwas and set parent environment
Loading required package: ctwas
loaded ctwas and set parent environment
Loading required package: ctwas
loaded ctwas and set parent environment
Loading required package: ctwas
loaded ctwas and set parent environment
Loading required package: ctwas
loaded ctwas and set parent environment
Loading required package: ctwas
loaded ctwas and set parent environment
Loading required package: ctwas
loaded ctwas and set parent environment
Loading required package: ctwas
loaded ctwas and set parent environment
Loading required package: ctwas
loaded ctwas and set parent environment
Loading required package: ctwas
loaded ctwas and set parent environment
Loading required package: ctwas
loaded ctwas and set parent environment
Loading required package: ctwas
loaded ctwas and set parent environment
Loading required package: ctwas
loaded ctwas and set parent environment
Loading required package: ctwas
loaded ctwas and set parent environment
Loading required package: ctwas
loaded ctwas and set parent environment
Loading required package: ctwas
loaded ctwas and set parent environment
Loading required package: ctwas
loaded ctwas and set parent environment
Loading required package: ctwas
loaded ctwas and set parent environment
Loading required package: ctwas
loaded ctwas and set parent environment
Loading required package: ctwas
loaded ctwas and set parent environment
Loading required package: ctwas
loaded ctwas and set parent environment
Loading required package: ctwas
loaded ctwas and set parent environment
Loading required package: ctwas
loaded ctwas and set parent environment
Loading required package: ctwas
loaded ctwas and set parent environment
Loading required package: ctwas
loaded ctwas and set parent environment
Loading required package: ctwas
loaded ctwas and set parent environment
Loading required package: ctwas
loaded ctwas and set parent environment
Loading required package: ctwas
loaded ctwas and set parent environment
Loading required package: ctwas
loaded ctwas and set parent environment
Loading required package: ctwas
loaded ctwas and set parent environment
Loading required package: ctwas
loaded ctwas and set parent environment
Loading required package: ctwas
loaded ctwas and set parent environment
Loading required package: ctwas
loaded ctwas and set parent environment
Loading required package: ctwas
loaded ctwas and set parent environment
Loading required package: ctwas
loaded ctwas and set parent environment
Loading required package: ctwas
loaded ctwas and set parent environment
Loading required package: ctwas
loaded ctwas and set parent environment
Loading required package: ctwas
loaded ctwas and set parent environment
Loading required package: ctwas
loaded ctwas and set parent environment
Loading required package: ctwas
loaded ctwas and set parent environment
Loading required package: ctwas
loaded ctwas and set parent environment
Loading required package: ctwas
loaded ctwas and set parent environment
Loading required package: ctwas
loaded ctwas and set parent environment
Loading required package: ctwas
loaded ctwas and set parent environment
Loading required package: ctwas
loaded ctwas and set parent environment
Loading required package: ctwas
loaded ctwas and set parent environment
Loading required package: ctwas
loaded ctwas and set parent environment
Loading required package: ctwas
loaded ctwas and set parent environment
Loading required package: ctwas
loaded ctwas and set parent environment
Loading required package: ctwas
loaded ctwas and set parent environment
Loading required package: ctwas
loaded ctwas and set parent environment
Loading required package: ctwas
loaded ctwas and set parent environment
Loading required package: ctwas
loaded ctwas and set parent environment
Loading required package: ctwas
loaded ctwas and set parent environment
Loading required package: ctwas
loaded ctwas and set parent environment
Loading required package: ctwas
loaded ctwas and set parent environment
Loading required package: ctwas
loaded ctwas and set parent environment
Loading required package: ctwas
loaded ctwas and set parent environment
Loading required package: ctwas
loaded ctwas and set parent environment
Loading required package: ctwas
loaded ctwas and set parent environment
Loading required package: ctwas
loaded ctwas and set parent environment
Loading required package: ctwas
loaded ctwas and set parent environment
Loading required package: ctwas
loaded ctwas and set parent environment
Loading required package: ctwas
loaded ctwas and set parent environment
Loading required package: ctwas
loaded ctwas and set parent environment
Loading required package: ctwas
loaded ctwas and set parent environment
Loading required package: ctwas
loaded ctwas and set parent environment
Loading required package: ctwas
loaded ctwas and set parent environment
Loading required package: ctwas
loaded ctwas and set parent environment
Loading required package: ctwas
loaded ctwas and set parent environment
Loading required package: ctwas
loaded ctwas and set parent environment
Loading required package: ctwas
loaded ctwas and set parent environment
Loading required package: ctwas
loaded ctwas and set parent environment
Loading required package: ctwas
loaded ctwas and set parent environment
Loading required package: ctwas
loaded ctwas and set parent environment
Loading required package: ctwas
loaded ctwas and set parent environment
Loading required package: ctwas
loaded ctwas and set parent environment
Loading required package: ctwas
loaded ctwas and set parent environment
Loading required package: ctwas
loaded ctwas and set parent environment
Loading required package: ctwas
loaded ctwas and set parent environment
Loading required package: ctwas
loaded ctwas and set parent environment
Loading required package: ctwas
loaded ctwas and set parent environment
Loading required package: ctwas
loaded ctwas and set parent environment
Loading required package: ctwas
loaded ctwas and set parent environment
Loading required package: ctwas
loaded ctwas and set parent environment
Loading required package: ctwas
loaded ctwas and set parent environment
Loading required package: ctwas
loaded ctwas and set parent environment
Loading required package: ctwas
loaded ctwas and set parent environment
Loading required package: ctwas
loaded ctwas and set parent environment
Loading required package: ctwas
loaded ctwas and set parent environment
Loading required package: ctwas
loaded ctwas and set parent environment
Loading required package: ctwas
loaded ctwas and set parent environment
Loading required package: ctwas
loaded ctwas and set parent environment
Loading required package: ctwas
loaded ctwas and set parent environment
Loading required package: ctwas
loaded ctwas and set parent environment
Loading required package: ctwas
loaded ctwas and set parent environment
Loading required package: ctwas
loaded ctwas and set parent environment
Loading required package: ctwas
loaded ctwas and set parent environment
Loading required package: ctwas
loaded ctwas and set parent environment
Loading required package: ctwas
loaded ctwas and set parent environment
Loading required package: ctwas
loaded ctwas and set parent environment
Loading required package: ctwas
loaded ctwas and set parent environment
Loading required package: ctwas
loaded ctwas and set parent environment
Loading required package: ctwas
loaded ctwas and set parent environment
Loading required package: ctwas
loaded ctwas and set parent environment
Loading required package: ctwas
loaded ctwas and set parent environment
Loading required package: ctwas
loaded ctwas and set parent environment
Loading required package: ctwas
loaded ctwas and set parent environment
Loading required package: ctwas
loaded ctwas and set parent environment
Loading required package: ctwas
loaded ctwas and set parent environment
Loading required package: ctwas
loaded ctwas and set parent environment
Loading required package: ctwas
loaded ctwas and set parent environment
Loading required package: ctwas
loaded ctwas and set parent environment
Loading required package: ctwas
loaded ctwas and set parent environment
Loading required package: ctwas
loaded ctwas and set parent environment
Loading required package: ctwas
loaded ctwas and set parent environment
Loading required package: ctwas
loaded ctwas and set parent environment
Loading required package: ctwas
loaded ctwas and set parent environment
Loading required package: ctwas
loaded ctwas and set parent environment
Loading required package: ctwas
loaded ctwas and set parent environment
Loading required package: ctwas
loaded ctwas and set parent environment
Loading required package: ctwas
loaded ctwas and set parent environment
Loading required package: ctwas
loaded ctwas and set parent environment
Loading required package: ctwas
loaded ctwas and set parent environment
Loading required package: ctwas
loaded ctwas and set parent environment
Loading required package: ctwas
loaded ctwas and set parent environment
Loading required package: ctwas
loaded ctwas and set parent environment
Loading required package: ctwas
loaded ctwas and set parent environment
Loading required package: ctwas
loaded ctwas and set parent environment
Loading required package: ctwas
loaded ctwas and set parent environment
Loading required package: ctwas
loaded ctwas and set parent environment
Loading required package: ctwas
loaded ctwas and set parent environment
Loading required package: ctwas
loaded ctwas and set parent environment
Loading required package: ctwas
loaded ctwas and set parent environment
Loading required package: ctwas
loaded ctwas and set parent environment
Loading required package: ctwas
loaded ctwas and set parent environment
Loading required package: ctwas
loaded ctwas and set parent environment
Loading required package: ctwas
loaded ctwas and set parent environment
Loading required package: ctwas
loaded ctwas and set parent environment
Loading required package: ctwas
loaded ctwas and set parent environment
Loading required package: ctwas
loaded ctwas and set parent environment
Loading required package: ctwas
loaded ctwas and set parent environment
Loading required package: ctwas
loaded ctwas and set parent environment
Loading required package: ctwas
loaded ctwas and set parent environment
Loading required package: ctwas
loaded ctwas and set parent environment
Loading required package: ctwas
loaded ctwas and set parent environment
Loading required package: ctwas
loaded ctwas and set parent environment
Loading required package: ctwas
loaded ctwas and set parent environment
Loading required package: ctwas
loaded ctwas and set parent environment
Loading required package: ctwas
loaded ctwas and set parent environment
Loading required package: ctwas
loaded ctwas and set parent environment
Loading required package: ctwas
loaded ctwas and set parent environment
Loading required package: ctwas
loaded ctwas and set parent environment
Loading required package: ctwas
loaded ctwas and set parent environment
Loading required package: ctwas
loaded ctwas and set parent environment
Loading required package: ctwas
loaded ctwas and set parent environment
Loading required package: ctwas
loaded ctwas and set parent environment
Loading required package: ctwas
loaded ctwas and set parent environment
Loading required package: ctwas
loaded ctwas and set parent environment
Loading required package: ctwas
loaded ctwas and set parent environment
Loading required package: ctwas
loaded ctwas and set parent environment
Loading required package: ctwas
loaded ctwas and set parent environment
Loading required package: ctwas
loaded ctwas and set parent environment
Loading required package: ctwas
loaded ctwas and set parent environment
Loading required package: ctwas
loaded ctwas and set parent environment
Loading required package: ctwas
loaded ctwas and set parent environment
Loading required package: ctwas
loaded ctwas and set parent environment
Loading required package: ctwas
loaded ctwas and set parent environment
Loading required package: ctwas
loaded ctwas and set parent environment
Loading required package: ctwas
loaded ctwas and set parent environment
Loading required package: ctwas
loaded ctwas and set parent environment
Loading required package: ctwas
loaded ctwas and set parent environment
Loading required package: ctwas
loaded ctwas and set parent environment
Loading required package: ctwas
loaded ctwas and set parent environment
Loading required package: ctwas
loaded ctwas and set parent environment
Loading required package: ctwas
loaded ctwas and set parent environment
Loading required package: ctwas
loaded ctwas and set parent environment
Loading required package: ctwas
loaded ctwas and set parent environment
Loading required package: ctwas
loaded ctwas and set parent environment
Loading required package: ctwas
loaded ctwas and set parent environment
Loading required package: ctwas
loaded ctwas and set parent environment
Loading required package: ctwas
loaded ctwas and set parent environment
Loading required package: ctwas
loaded ctwas and set parent environment
Loading required package: ctwas
loaded ctwas and set parent environment
Loading required package: ctwas
loaded ctwas and set parent environment
Loading required package: ctwas
loaded ctwas and set parent environment
Loading required package: ctwas
loaded ctwas and set parent environment
Loading required package: ctwas
loaded ctwas and set parent environment
Loading required package: ctwas
loaded ctwas and set parent environment
Loading required package: ctwas
loaded ctwas and set parent environment
Loading required package: ctwas
loaded ctwas and set parent environment
Loading required package: ctwas
loaded ctwas and set parent environment
Loading required package: ctwas
loaded ctwas and set parent environment
Loading required package: ctwas
loaded ctwas and set parent environment
Loading required package: ctwas
loaded ctwas and set parent environment
Loading required package: ctwas
loaded ctwas and set parent environment
Loading required package: ctwas
loaded ctwas and set parent environment
Loading required package: ctwas
loaded ctwas and set parent environment
Loading required package: ctwas
loaded ctwas and set parent environment
Loading required package: ctwas
loaded ctwas and set parent environment
Loading required package: ctwas
loaded ctwas and set parent environment
Loading required package: ctwas
loaded ctwas and set parent environment
Loading required package: ctwas
loaded ctwas and set parent environment
Loading required package: ctwas
loaded ctwas and set parent environment
Loading required package: ctwas
loaded ctwas and set parent environment
Loading required package: ctwas
loaded ctwas and set parent environment
Loading required package: ctwas
loaded ctwas and set parent environment
Loading required package: ctwas
loaded ctwas and set parent environment
Loading required package: ctwas
loaded ctwas and set parent environment
Loading required package: ctwas
loaded ctwas and set parent environment
Loading required package: ctwas
loaded ctwas and set parent environment
Loading required package: ctwas
loaded ctwas and set parent environment
Loading required package: ctwas
loaded ctwas and set parent environment
Loading required package: ctwas
loaded ctwas and set parent environment
Loading required package: ctwas
loaded ctwas and set parent environment
Loading required package: ctwas
loaded ctwas and set parent environment
Loading required package: ctwas
loaded ctwas and set parent environment
Loading required package: ctwas
loaded ctwas and set parent environment
Loading required package: ctwas
loaded ctwas and set parent environment
Loading required package: ctwas
loaded ctwas and set parent environment
Loading required package: ctwas
loaded ctwas and set parent environment
Loading required package: ctwas
loaded ctwas and set parent environment
Loading required package: ctwas
loaded ctwas and set parent environment
Loading required package: ctwas
loaded ctwas and set parent environment
Loading required package: ctwas
loaded ctwas and set parent environment
Loading required package: ctwas
loaded ctwas and set parent environment
Loading required package: ctwas
loaded ctwas and set parent environment
Loading required package: ctwas
loaded ctwas and set parent environment
Loading required package: ctwas
loaded ctwas and set parent environment
Loading required package: ctwas
loaded ctwas and set parent environment
Loading required package: ctwas
loaded ctwas and set parent environment
Loading required package: ctwas
loaded ctwas and set parent environment
Loading required package: ctwas
loaded ctwas and set parent environment
Loading required package: ctwas
loaded ctwas and set parent environment
Loading required package: ctwas
loaded ctwas and set parent environment
Loading required package: ctwas
loaded ctwas and set parent environment
Loading required package: ctwas
loaded ctwas and set parent environment
Loading required package: ctwas
loaded ctwas and set parent environment
Loading required package: ctwas
loaded ctwas and set parent environment
Loading required package: ctwas
loaded ctwas and set parent environment
Loading required package: ctwas
loaded ctwas and set parent environment
Loading required package: ctwas
loaded ctwas and set parent environment
Loading required package: ctwas
loaded ctwas and set parent environment
Loading required package: ctwas
loaded ctwas and set parent environment
Loading required package: ctwas
loaded ctwas and set parent environment
Loading required package: ctwas
loaded ctwas and set parent environment
Loading required package: ctwas
loaded ctwas and set parent environment
Loading required package: ctwas
loaded ctwas and set parent environment
Loading required package: ctwas
loaded ctwas and set parent environment
Loading required package: ctwas
loaded ctwas and set parent environment
Loading required package: ctwas
loaded ctwas and set parent environment
Loading required package: ctwas
loaded ctwas and set parent environment
Loading required package: ctwas
loaded ctwas and set parent environment
Loading required package: ctwas
loaded ctwas and set parent environment
Loading required package: ctwas
loaded ctwas and set parent environment
Loading required package: ctwas
loaded ctwas and set parent environment
Loading required package: ctwas
loaded ctwas and set parent environment
Loading required package: ctwas
loaded ctwas and set parent environment
Loading required package: ctwas
loaded ctwas and set parent environment
Loading required package: ctwas
loaded ctwas and set parent environment
Loading required package: ctwas
loaded ctwas and set parent environment
Loading required package: ctwas
loaded ctwas and set parent environment
Loading required package: ctwas
loaded ctwas and set parent environment
Loading required package: ctwas
loaded ctwas and set parent environment
Loading required package: ctwas
loaded ctwas and set parent environment
Loading required package: ctwas
loaded ctwas and set parent environment
Loading required package: ctwas
loaded ctwas and set parent environment
Loading required package: ctwas
loaded ctwas and set parent environment
Loading required package: ctwas
loaded ctwas and set parent environment
Loading required package: ctwas
loaded ctwas and set parent environment
Loading required package: ctwas
loaded ctwas and set parent environment
Loading required package: ctwas
loaded ctwas and set parent environment
Loading required package: ctwas
loaded ctwas and set parent environment
Loading required package: ctwas
loaded ctwas and set parent environment
Loading required package: ctwas
loaded ctwas and set parent environment
Loading required package: ctwas
loaded ctwas and set parent environment
Loading required package: ctwas
loaded ctwas and set parent environment
Loading required package: ctwas
loaded ctwas and set parent environment
Loading required package: ctwas
loaded ctwas and set parent environment
Loading required package: ctwas
loaded ctwas and set parent environment
Loading required package: ctwas
loaded ctwas and set parent environment
Loading required package: ctwas
loaded ctwas and set parent environment
Loading required package: ctwas
loaded ctwas and set parent environment
Loading required package: ctwas
loaded ctwas and set parent environment
Loading required package: ctwas
loaded ctwas and set parent environment
Loading required package: ctwas
loaded ctwas and set parent environment
Loading required package: ctwas
loaded ctwas and set parent environment
Loading required package: ctwas
loaded ctwas and set parent environment
Loading required package: ctwas
loaded ctwas and set parent environment
Loading required package: ctwas
loaded ctwas and set parent environment
Loading required package: ctwas
loaded ctwas and set parent environment
Loading required package: ctwas
loaded ctwas and set parent environment
Loading required package: ctwas
loaded ctwas and set parent environment
Loading required package: ctwas
loaded ctwas and set parent environment
Loading required package: ctwas
loaded ctwas and set parent environment
Loading required package: ctwas
loaded ctwas and set parent environment
Loading required package: ctwas
loaded ctwas and set parent environment
Loading required package: ctwas
loaded ctwas and set parent environment
Loading required package: ctwas
loaded ctwas and set parent environment
Loading required package: ctwas
loaded ctwas and set parent environment
Warning messages:
1: In susie_suff_stat(XtX = R, Xty = z, n = length(z), yty = length(z) -  :
  IBSS algorithm did not converge in 100 iterations!
2: In susie_suff_stat(XtX = R, Xty = z, n = length(z), yty = length(z) -  :
  IBSS algorithm did not converge in 100 iterations!
There were 14 warnings (use warnings() to see them)3: 
In susie_suff_stat(XtX = R, Xty = z, n = length(z), yty = length(z) -  :
  IBSS algorithm did not converge in 100 iterations!
4: In susie_suff_stat(XtX = R, Xty = z, n = length(z), yty = length(z) -  :
  IBSS algorithm did not converge in 100 iterations!
5: In susie_suff_stat(XtX = R, Xty = z, n = length(z), yty = length(z) -  :
  IBSS algorithm did not converge in 100 iterations!
There were 13 warnings (use warnings() to see them)
Warning messages:
1: In susie_suff_stat(XtX = R, Xty = z, n = length(z), yty = length(z) -  :
  IBSS algorithm did not converge in 100 iterations!
2: In susie_suff_stat(XtX = R, Xty = z, n = length(z), yty = length(z) -  :
  IBSS algorithm did not converge in 100 iterations!
3: In susie_suff_stat(XtX = R, Xty = z, n = length(z), yty = length(z) -  :
  IBSS algorithm did not converge in 100 iterations!
4: In susie_suff_stat(XtX = R, Xty = z, n = length(z), yty = length(z) -  :
  IBSS algorithm did not converge in 100 iterations!
Warning messages:
5: In susie_suff_stat(XtX = R, Xty = z, n = length(z), yty = length(z) -  :
  IBSS algorithm did not converge in 100 iterations!
6: 1: In susie_suff_stat(XtX = R, Xty = z, n = length(z), yty = length(z) -  :In susie_suff_stat(XtX = R, Xty = z, n = length(z), yty = length(z) -  :
 
  IBSS algorithm did not converge in 100 iterations!
 IBSS algorithm did not converge in 100 iterations!
7: In susie_suff_stat(XtX = R, Xty = z, n = length(z), yty = length(z) -  :2: 
 In susie_suff_stat(XtX = R, Xty = z, n = length(z), yty = length(z) -  : IBSS algorithm did not converge in 100 iterations!

 Warning messages:
 IBSS algorithm did not converge in 100 iterations!
8: In susie_suff_stat(XtX = R, Xty = z, n = length(z), yty = length(z) -  :
 3:  IBSS algorithm did not converge in 100 iterations!
In susie_suff_stat(XtX = R, Xty = z, n = length(z), yty = length(z) -  :
  IBSS algorithm did not converge in 100 iterations!
9: 1: In susie_suff_stat(XtX = R, Xty = z, n = length(z), yty = length(z) -  :4: In susie_suff_stat(XtX = R, Xty = z, n = length(z), yty = length(z) -  :
 In susie_suff_stat(XtX = R, Xty = z, n = length(z), yty = length(z) -  :
  IBSS algorithm did not converge in 100 iterations!

  IBSS algorithm did not converge in 100 iterations!
 IBSS algorithm did not converge in 100 iterations!
10: In susie_suff_stat(XtX = R, Xty = z, n = length(z), yty = length(z) -  :
 5: 2:  IBSS algorithm did not converge in 100 iterations!
In susie_suff_stat(XtX = R, Xty = z, n = length(z), yty = length(z) -  :Warning messages:
In susie_suff_stat(XtX = R, Xty = z, n = length(z), yty = length(z) -  :
 
  IBSS algorithm did not converge in 100 iterations!
 IBSS algorithm did not converge in 100 iterations!
6: 1: In susie_suff_stat(XtX = R, Xty = z, n = length(z), yty = length(z) -  :3: In susie_suff_stat(XtX = R, Xty = z, n = length(z), yty = length(z) -  :
 In susie_suff_stat(XtX = R, Xty = z, n = length(z), yty = length(z) -  :
  IBSS algorithm did not converge in 100 iterations!

  IBSS algorithm did not converge in 100 iterations!
 IBSS algorithm did not converge in 100 iterations!
7: In susie_suff_stat(XtX = R, Xty = z, n = length(z), yty = length(z) -  :2: 
 4: In susie_suff_stat(XtX = R, Xty = z, n = length(z), yty = length(z) -  : IBSS algorithm did not converge in 100 iterations!
In susie_suff_stat(XtX = R, Xty = z, n = length(z), yty = length(z) -  :Warning messages:

 
  IBSS algorithm did not converge in 100 iterations!
 IBSS algorithm did not converge in 100 iterations!
3: In susie_suff_stat(XtX = R, Xty = z, n = length(z), yty = length(z) -  :
 1: 5:  IBSS algorithm did not converge in 100 iterations!
In susie_suff_stat(XtX = R, Xty = z, n = length(z), yty = length(z) -  :In susie_suff_stat(XtX = R, Xty = z, n = length(z), yty = length(z) -  :
 
 4:  IBSS algorithm did not converge in 100 iterations!
 IBSS algorithm did not converge in 100 iterations!
In susie_suff_stat(XtX = R, Xty = z, n = length(z), yty = length(z) -  :
  IBSS algorithm did not converge in 100 iterations!
2: In susie_suff_stat(XtX = R, Xty = z, n = length(z), yty = length(z) -  :6: 
 5: In susie_suff_stat(XtX = R, Xty = z, n = length(z), yty = length(z) -  : IBSS algorithm did not converge in 100 iterations!
In susie_suff_stat(XtX = R, Xty = z, n = length(z), yty = length(z) -  :
 
 3:  IBSS algorithm did not converge in 100 iterations!
 IBSS algorithm did not converge in 100 iterations!
In susie_suff_stat(XtX = R, Xty = z, n = length(z), yty = length(z) -  :Warning messages:

 6: 7:  IBSS algorithm did not converge in 100 iterations!
In susie_suff_stat(XtX = R, Xty = z, n = length(z), yty = length(z) -  :In susie_suff_stat(XtX = R, Xty = z, n = length(z), yty = length(z) -  :
 4: 
  IBSS algorithm did not converge in 100 iterations!
1: In susie_suff_stat(XtX = R, Xty = z, n = length(z), yty = length(z) -  : IBSS algorithm did not converge in 100 iterations!
In susie_suff_stat(XtX = R, Xty = z, n = length(z), yty = length(z) -  :7: 
 
 In susie_suff_stat(XtX = R, Xty = z, n = length(z), yty = length(z) -  : IBSS algorithm did not converge in 100 iterations!
8:  IBSS algorithm did not converge in 100 iterations!

 In susie_suff_stat(XtX = R, Xty = z, n = length(z), yty = length(z) -  :5:  IBSS algorithm did not converge in 100 iterations!

 In susie_suff_stat(XtX = R, Xty = z, n = length(z), yty = length(z) -  :2:  IBSS algorithm did not converge in 100 iterations!

 In susie_suff_stat(XtX = R, Xty = z, n = length(z), yty = length(z) -  :Warning messages:
 IBSS algorithm did not converge in 100 iterations!

  IBSS algorithm did not converge in 100 iterations!
3: In susie_suff_stat(XtX = R, Xty = z, n = length(z), yty = length(z) -  :
  IBSS algorithm did not converge in 100 iterations!
1: In susie_suff_stat(XtX = R, Xty = z, n = length(z), yty = length(z) -  :4: 
 In susie_suff_stat(XtX = R, Xty = z, n = length(z), yty = length(z) -  : IBSS algorithm did not converge in 100 iterations!

  IBSS algorithm did not converge in 100 iterations!
2: In susie_suff_stat(XtX = R, Xty = z, n = length(z), yty = length(z) -  :5: 
 In susie_suff_stat(XtX = R, Xty = z, n = length(z), yty = length(z) -  : IBSS algorithm did not converge in 100 iterations!

  IBSS algorithm did not converge in 100 iterations!
3: In susie_suff_stat(XtX = R, Xty = z, n = length(z), yty = length(z) -  :
 6:  IBSS algorithm did not converge in 100 iterations!
In susie_suff_stat(XtX = R, Xty = z, n = length(z), yty = length(z) -  :
  IBSS algorithm did not converge in 100 iterations!
4: In susie_suff_stat(XtX = R, Xty = z, n = length(z), yty = length(z) -  :
  IBSS algorithm did not converge in 100 iterations!
5: In susie_suff_stat(XtX = R, Xty = z, n = length(z), yty = length(z) -  :
  IBSS algorithm did not converge in 100 iterations!
Loading required package: ctwas
loaded ctwas and set parent environment
There were 14 warnings (use warnings() to see them)
