[1] "/project2/xinhe/shengqian/cTWAS/cTWAS_analysis/data/UKBB/ieu-b-42.vcf.gz"          
[2] "/project2/mstephens/wcrouse/UKB_LDR_0.1"                                           
[3] "/project2/compbio/predictdb/mashr_models/mashr_Brain_Hippocampus.db"               
[4] "/project2/xinhe/shengqian/cTWAS/cTWAS_analysis/code/ctwas_config.R"                
[5] "SCZ_Brain_Hippocampus_expr"                                                        
[6] "SCZ_Brain_Hippocampus_ctwas"                                                       
[7] "/project2/xinhe/shengqian/cTWAS/cTWAS_analysis/data/SCZ_2014_EUR/Brain_Hippocampus"
2022-03-12 17:42:29 INFO::Flipping z scores to match LD reference
2022-03-12 17:42:31 INFO::Harmonizing strand-ambiguous z scores using imputation by region
2022-03-12 18:02:49 INFO::Reading weights for chromosome 1
2022-03-12 18:02:49 INFO::Number of genes with weights provided: 13526
2022-03-12 18:02:49 INFO::Collecting gene weight information ...
2022-03-12 18:02:49 INFO::Flipping weights to match LD reference
2022-03-12 18:02:49 INFO::Harmonizing strand ambiguous weights using correlations with unambiguous variants
2022-03-12 18:17:41 INFO::Start gene z score imputation ...
2022-03-12 18:17:41 INFO::Using given LD matrices to impute gene z score.
2022-03-12 18:30:17 INFO::Imputation done, writing results to output...
2022-03-12 18:30:18 INFO::Imputation done: number of genes with imputed expression: 1035 for chr 1
2022-03-12 18:30:18 INFO::Flipping z scores to match LD reference
2022-03-12 18:30:22 INFO::Harmonizing strand-ambiguous z scores using imputation by region
2022-03-12 18:53:58 INFO::Reading weights for chromosome 2
2022-03-12 18:53:58 INFO::Number of genes with weights provided: 13526
2022-03-12 18:53:58 INFO::Collecting gene weight information ...
2022-03-12 18:53:58 INFO::Flipping weights to match LD reference
2022-03-12 18:53:58 INFO::Harmonizing strand ambiguous weights using correlations with unambiguous variants
2022-03-12 19:06:02 INFO::Start gene z score imputation ...
2022-03-12 19:06:02 INFO::Using given LD matrices to impute gene z score.
2022-03-12 19:16:16 INFO::Imputation done, writing results to output...
2022-03-12 19:16:16 INFO::Imputation done: number of genes with imputed expression: 753 for chr 2
2022-03-12 19:16:17 INFO::Flipping z scores to match LD reference
2022-03-12 19:16:19 INFO::Harmonizing strand-ambiguous z scores using imputation by region
2022-03-12 19:33:18 INFO::Reading weights for chromosome 3
2022-03-12 19:33:18 INFO::Number of genes with weights provided: 13526
2022-03-12 19:33:18 INFO::Collecting gene weight information ...
2022-03-12 19:33:18 INFO::Flipping weights to match LD reference
2022-03-12 19:33:18 INFO::Harmonizing strand ambiguous weights using correlations with unambiguous variants
2022-03-12 19:42:25 INFO::Start gene z score imputation ...
2022-03-12 19:42:25 INFO::Using given LD matrices to impute gene z score.
2022-03-12 19:51:34 INFO::Imputation done, writing results to output...
2022-03-12 19:51:34 INFO::Imputation done: number of genes with imputed expression: 624 for chr 3
2022-03-12 19:51:35 INFO::Flipping z scores to match LD reference
2022-03-12 19:51:38 INFO::Harmonizing strand-ambiguous z scores using imputation by region
2022-03-12 20:10:40 INFO::Reading weights for chromosome 4
2022-03-12 20:10:40 INFO::Number of genes with weights provided: 13526
2022-03-12 20:10:40 INFO::Collecting gene weight information ...
2022-03-12 20:10:40 INFO::Flipping weights to match LD reference
2022-03-12 20:10:40 INFO::Harmonizing strand ambiguous weights using correlations with unambiguous variants
2022-03-12 20:17:04 INFO::Start gene z score imputation ...
2022-03-12 20:17:04 INFO::Using given LD matrices to impute gene z score.
2022-03-12 20:24:16 INFO::Imputation done, writing results to output...
2022-03-12 20:24:16 INFO::Imputation done: number of genes with imputed expression: 411 for chr 4
2022-03-12 20:24:17 INFO::Flipping z scores to match LD reference
2022-03-12 20:24:19 INFO::Harmonizing strand-ambiguous z scores using imputation by region
2022-03-12 20:40:16 INFO::Reading weights for chromosome 5
2022-03-12 20:40:16 INFO::Number of genes with weights provided: 13526
2022-03-12 20:40:16 INFO::Collecting gene weight information ...
2022-03-12 20:40:16 INFO::Flipping weights to match LD reference
2022-03-12 20:40:16 INFO::Harmonizing strand ambiguous weights using correlations with unambiguous variants
2022-03-12 20:47:56 INFO::Start gene z score imputation ...
2022-03-12 20:47:56 INFO::Using given LD matrices to impute gene z score.
2022-03-12 20:55:03 INFO::Imputation done, writing results to output...
2022-03-12 20:55:04 INFO::Imputation done: number of genes with imputed expression: 532 for chr 5
2022-03-12 20:55:05 INFO::Flipping z scores to match LD reference
2022-03-12 20:55:07 INFO::Harmonizing strand-ambiguous z scores using imputation by region
2022-03-12 21:13:02 INFO::Reading weights for chromosome 6
2022-03-12 21:13:02 INFO::Number of genes with weights provided: 13526
2022-03-12 21:13:02 INFO::Collecting gene weight information ...
2022-03-12 21:13:02 INFO::Flipping weights to match LD reference
2022-03-12 21:13:02 INFO::Harmonizing strand ambiguous weights using correlations with unambiguous variants
2022-03-12 21:24:44 INFO::Start gene z score imputation ...
2022-03-12 21:24:44 INFO::Using given LD matrices to impute gene z score.
2022-03-12 21:35:00 INFO::Imputation done, writing results to output...
2022-03-12 21:35:01 INFO::Imputation done: number of genes with imputed expression: 604 for chr 6
2022-03-12 21:35:02 INFO::Flipping z scores to match LD reference
2022-03-12 21:35:05 INFO::Harmonizing strand-ambiguous z scores using imputation by region
2022-03-12 21:51:14 INFO::Reading weights for chromosome 7
2022-03-12 21:51:14 INFO::Number of genes with weights provided: 13526
2022-03-12 21:51:14 INFO::Collecting gene weight information ...
2022-03-12 21:51:14 INFO::Flipping weights to match LD reference
2022-03-12 21:51:14 INFO::Harmonizing strand ambiguous weights using correlations with unambiguous variants
2022-03-12 21:59:37 INFO::Start gene z score imputation ...
2022-03-12 21:59:37 INFO::Using given LD matrices to impute gene z score.
2022-03-12 22:06:53 INFO::Imputation done, writing results to output...
2022-03-12 22:06:54 INFO::Imputation done: number of genes with imputed expression: 502 for chr 7
2022-03-12 22:06:54 INFO::Flipping z scores to match LD reference
2022-03-12 22:06:57 INFO::Harmonizing strand-ambiguous z scores using imputation by region
2022-03-12 22:23:03 INFO::Reading weights for chromosome 8
2022-03-12 22:23:03 INFO::Number of genes with weights provided: 13526
2022-03-12 22:23:03 INFO::Collecting gene weight information ...
2022-03-12 22:23:03 INFO::Flipping weights to match LD reference
2022-03-12 22:23:03 INFO::Harmonizing strand ambiguous weights using correlations with unambiguous variants
2022-03-12 22:29:03 INFO::Start gene z score imputation ...
2022-03-12 22:29:03 INFO::Using given LD matrices to impute gene z score.
2022-03-12 22:35:57 INFO::Imputation done, writing results to output...
2022-03-12 22:35:57 INFO::Imputation done: number of genes with imputed expression: 391 for chr 8
2022-03-12 22:35:58 INFO::Flipping z scores to match LD reference
2022-03-12 22:36:00 INFO::Harmonizing strand-ambiguous z scores using imputation by region
2022-03-12 22:48:02 INFO::Reading weights for chromosome 9
2022-03-12 22:48:02 INFO::Number of genes with weights provided: 13526
2022-03-12 22:48:02 INFO::Collecting gene weight information ...
2022-03-12 22:48:02 INFO::Flipping weights to match LD reference
2022-03-12 22:48:02 INFO::Harmonizing strand ambiguous weights using correlations with unambiguous variants
2022-03-12 22:54:53 INFO::Start gene z score imputation ...
2022-03-12 22:54:53 INFO::Using given LD matrices to impute gene z score.
2022-03-12 23:00:29 INFO::Imputation done, writing results to output...
2022-03-12 23:00:30 INFO::Imputation done: number of genes with imputed expression: 402 for chr 9
2022-03-12 23:00:31 INFO::Flipping z scores to match LD reference
2022-03-12 23:00:34 INFO::Harmonizing strand-ambiguous z scores using imputation by region
2022-03-12 23:15:45 INFO::Reading weights for chromosome 10
2022-03-12 23:15:45 INFO::Number of genes with weights provided: 13526
2022-03-12 23:15:45 INFO::Collecting gene weight information ...
2022-03-12 23:15:45 INFO::Flipping weights to match LD reference
2022-03-12 23:15:45 INFO::Harmonizing strand ambiguous weights using correlations with unambiguous variants
2022-03-12 23:24:24 INFO::Start gene z score imputation ...
2022-03-12 23:24:24 INFO::Using given LD matrices to impute gene z score.
2022-03-12 23:31:29 INFO::Imputation done, writing results to output...
2022-03-12 23:31:29 INFO::Imputation done: number of genes with imputed expression: 420 for chr 10
2022-03-12 23:31:30 INFO::Flipping z scores to match LD reference
2022-03-12 23:31:33 INFO::Harmonizing strand-ambiguous z scores using imputation by region
2022-03-12 23:47:04 INFO::Reading weights for chromosome 11
2022-03-12 23:47:04 INFO::Number of genes with weights provided: 13526
2022-03-12 23:47:04 INFO::Collecting gene weight information ...
2022-03-12 23:47:04 INFO::Flipping weights to match LD reference
2022-03-12 23:47:04 INFO::Harmonizing strand ambiguous weights using correlations with unambiguous variants
2022-03-12 23:57:27 INFO::Start gene z score imputation ...
2022-03-12 23:57:27 INFO::Using given LD matrices to impute gene z score.
2022-03-13 00:05:53 INFO::Imputation done, writing results to output...
2022-03-13 00:05:54 INFO::Imputation done: number of genes with imputed expression: 627 for chr 11
2022-03-13 00:05:55 INFO::Flipping z scores to match LD reference
2022-03-13 00:05:57 INFO::Harmonizing strand-ambiguous z scores using imputation by region
2022-03-13 00:19:11 INFO::Reading weights for chromosome 12
2022-03-13 00:19:11 INFO::Number of genes with weights provided: 13526
2022-03-13 00:19:11 INFO::Collecting gene weight information ...
2022-03-13 00:19:11 INFO::Flipping weights to match LD reference
2022-03-13 00:19:11 INFO::Harmonizing strand ambiguous weights using correlations with unambiguous variants
2022-03-13 00:28:01 INFO::Start gene z score imputation ...
2022-03-13 00:28:01 INFO::Using given LD matrices to impute gene z score.
2022-03-13 00:36:18 INFO::Imputation done, writing results to output...
2022-03-13 00:36:19 INFO::Imputation done: number of genes with imputed expression: 592 for chr 12
2022-03-13 00:36:20 INFO::Flipping z scores to match LD reference
2022-03-13 00:36:22 INFO::Harmonizing strand-ambiguous z scores using imputation by region
2022-03-13 00:46:59 INFO::Reading weights for chromosome 13
2022-03-13 00:46:59 INFO::Number of genes with weights provided: 13526
2022-03-13 00:46:59 INFO::Collecting gene weight information ...
2022-03-13 00:46:59 INFO::Flipping weights to match LD reference
2022-03-13 00:46:59 INFO::Harmonizing strand ambiguous weights using correlations with unambiguous variants
2022-03-13 00:50:29 INFO::Start gene z score imputation ...
2022-03-13 00:50:29 INFO::Using given LD matrices to impute gene z score.
2022-03-13 00:54:59 INFO::Imputation done, writing results to output...
2022-03-13 00:54:59 INFO::Imputation done: number of genes with imputed expression: 214 for chr 13
2022-03-13 00:55:00 INFO::Flipping z scores to match LD reference
2022-03-13 00:55:02 INFO::Harmonizing strand-ambiguous z scores using imputation by region
2022-03-13 01:03:37 INFO::Reading weights for chromosome 14
2022-03-13 01:03:37 INFO::Number of genes with weights provided: 13526
2022-03-13 01:03:37 INFO::Collecting gene weight information ...
2022-03-13 01:03:37 INFO::Flipping weights to match LD reference
2022-03-13 01:03:37 INFO::Harmonizing strand ambiguous weights using correlations with unambiguous variants
2022-03-13 01:09:43 INFO::Start gene z score imputation ...
2022-03-13 01:09:43 INFO::Using given LD matrices to impute gene z score.
2022-03-13 01:15:20 INFO::Imputation done, writing results to output...
2022-03-13 01:15:20 INFO::Imputation done: number of genes with imputed expression: 352 for chr 14
2022-03-13 01:15:21 INFO::Flipping z scores to match LD reference
2022-03-13 01:15:25 INFO::Harmonizing strand-ambiguous z scores using imputation by region
2022-03-13 01:21:59 INFO::Reading weights for chromosome 15
2022-03-13 01:21:59 INFO::Number of genes with weights provided: 13526
2022-03-13 01:21:59 INFO::Collecting gene weight information ...
2022-03-13 01:21:59 INFO::Flipping weights to match LD reference
2022-03-13 01:21:59 INFO::Harmonizing strand ambiguous weights using correlations with unambiguous variants
2022-03-13 01:27:27 INFO::Start gene z score imputation ...
2022-03-13 01:27:27 INFO::Using given LD matrices to impute gene z score.
2022-03-13 01:31:54 INFO::Imputation done, writing results to output...
2022-03-13 01:31:54 INFO::Imputation done: number of genes with imputed expression: 363 for chr 15
2022-03-13 01:31:55 INFO::Flipping z scores to match LD reference
2022-03-13 01:31:57 INFO::Harmonizing strand-ambiguous z scores using imputation by region
2022-03-13 01:39:00 INFO::Reading weights for chromosome 16
2022-03-13 01:39:00 INFO::Number of genes with weights provided: 13526
2022-03-13 01:39:00 INFO::Collecting gene weight information ...
2022-03-13 01:39:00 INFO::Flipping weights to match LD reference
2022-03-13 01:39:00 INFO::Harmonizing strand ambiguous weights using correlations with unambiguous variants
2022-03-13 01:45:29 INFO::Start gene z score imputation ...
2022-03-13 01:45:29 INFO::Using given LD matrices to impute gene z score.
2022-03-13 01:50:37 INFO::Imputation done, writing results to output...
2022-03-13 01:50:37 INFO::Imputation done: number of genes with imputed expression: 495 for chr 16
2022-03-13 01:50:38 INFO::Flipping z scores to match LD reference
2022-03-13 01:50:42 INFO::Harmonizing strand-ambiguous z scores using imputation by region
2022-03-13 01:57:08 INFO::Reading weights for chromosome 17
2022-03-13 01:57:08 INFO::Number of genes with weights provided: 13526
2022-03-13 01:57:08 INFO::Collecting gene weight information ...
2022-03-13 01:57:08 INFO::Flipping weights to match LD reference
2022-03-13 01:57:08 INFO::Harmonizing strand ambiguous weights using correlations with unambiguous variants
2022-03-13 03:07:34 INFO::Start gene z score imputation ...
2022-03-13 03:07:34 INFO::Using given LD matrices to impute gene z score.
2022-03-13 03:14:22 INFO::Imputation done, writing results to output...
2022-03-13 03:14:22 INFO::Imputation done: number of genes with imputed expression: 649 for chr 17
2022-03-13 03:14:23 INFO::Flipping z scores to match LD reference
2022-03-13 03:14:25 INFO::Harmonizing strand-ambiguous z scores using imputation by region
2022-03-13 03:23:14 INFO::Reading weights for chromosome 18
2022-03-13 03:23:14 INFO::Number of genes with weights provided: 13526
2022-03-13 03:23:14 INFO::Collecting gene weight information ...
2022-03-13 03:23:14 INFO::Flipping weights to match LD reference
2022-03-13 03:23:14 INFO::Harmonizing strand ambiguous weights using correlations with unambiguous variants
2022-03-13 03:26:27 INFO::Start gene z score imputation ...
2022-03-13 03:26:27 INFO::Using given LD matrices to impute gene z score.
2022-03-13 03:29:51 INFO::Imputation done, writing results to output...
2022-03-13 03:29:51 INFO::Imputation done: number of genes with imputed expression: 161 for chr 18
2022-03-13 03:29:52 INFO::Flipping z scores to match LD reference
2022-03-13 03:29:54 INFO::Harmonizing strand-ambiguous z scores using imputation by region
2022-03-13 03:35:32 INFO::Reading weights for chromosome 19
2022-03-13 03:35:32 INFO::Number of genes with weights provided: 13526
2022-03-13 03:35:32 INFO::Collecting gene weight information ...
2022-03-13 03:35:32 INFO::Flipping weights to match LD reference
2022-03-13 03:35:32 INFO::Harmonizing strand ambiguous weights using correlations with unambiguous variants
2022-03-13 03:48:43 INFO::Start gene z score imputation ...
2022-03-13 03:48:43 INFO::Using given LD matrices to impute gene z score.
2022-03-13 03:57:43 INFO::Imputation done, writing results to output...
2022-03-13 03:57:43 INFO::Imputation done: number of genes with imputed expression: 821 for chr 19
2022-03-13 03:57:44 INFO::Flipping z scores to match LD reference
2022-03-13 03:57:46 INFO::Harmonizing strand-ambiguous z scores using imputation by region
2022-03-13 04:03:57 INFO::Reading weights for chromosome 20
2022-03-13 04:03:57 INFO::Number of genes with weights provided: 13526
2022-03-13 04:03:57 INFO::Collecting gene weight information ...
2022-03-13 04:03:57 INFO::Flipping weights to match LD reference
2022-03-13 04:03:57 INFO::Harmonizing strand ambiguous weights using correlations with unambiguous variants
2022-03-13 04:09:04 INFO::Start gene z score imputation ...
2022-03-13 04:09:04 INFO::Using given LD matrices to impute gene z score.
2022-03-13 04:13:03 INFO::Imputation done, writing results to output...
2022-03-13 04:13:03 INFO::Imputation done: number of genes with imputed expression: 318 for chr 20
2022-03-13 04:13:04 INFO::Flipping z scores to match LD reference
2022-03-13 04:13:06 INFO::Harmonizing strand-ambiguous z scores using imputation by region
2022-03-13 04:16:26 INFO::Reading weights for chromosome 21
2022-03-13 04:16:26 INFO::Number of genes with weights provided: 13526
2022-03-13 04:16:26 INFO::Collecting gene weight information ...
2022-03-13 04:16:26 INFO::Flipping weights to match LD reference
2022-03-13 04:16:26 INFO::Harmonizing strand ambiguous weights using correlations with unambiguous variants
2022-03-13 04:18:24 INFO::Start gene z score imputation ...
2022-03-13 04:18:24 INFO::Using given LD matrices to impute gene z score.
2022-03-13 04:20:03 INFO::Imputation done, writing results to output...
2022-03-13 04:20:03 INFO::Imputation done: number of genes with imputed expression: 114 for chr 21
2022-03-13 04:20:04 INFO::Flipping z scores to match LD reference
2022-03-13 04:20:06 INFO::Harmonizing strand-ambiguous z scores using imputation by region
2022-03-13 04:22:59 INFO::Reading weights for chromosome 22
2022-03-13 04:22:59 INFO::Number of genes with weights provided: 13526
2022-03-13 04:22:59 INFO::Collecting gene weight information ...
2022-03-13 04:22:59 INFO::Flipping weights to match LD reference
2022-03-13 04:22:59 INFO::Harmonizing strand ambiguous weights using correlations with unambiguous variants
2022-03-13 04:27:10 INFO::Start gene z score imputation ...
2022-03-13 04:27:10 INFO::Using given LD matrices to impute gene z score.
2022-03-13 04:30:23 INFO::Imputation done, writing results to output...
2022-03-13 04:30:24 INFO::Imputation done: number of genes with imputed expression: 274 for chr 22
2022-03-13 04:30:48 INFO::ctwas started ...
2022-03-13 04:31:11 INFO::LD region file: /home/shengqian/R/x86_64-pc-linux-gnu-library/3.6/ctwas/extdata/ldetect/EUR.b38.bed
2022-03-13 04:31:16 INFO::No. LD regions: 1700
2022-03-13 04:31:31 INFO::No. regions with at least one SNP/gene for chr1: 131
2022-03-13 04:31:31 INFO::Merge regions for chr1
2022-03-13 04:31:31 INFO::No. regions with at least one SNP/gene for chr1 after merging: 129
2022-03-13 04:31:40 INFO::No. regions with at least one SNP/gene for chr2: 144
2022-03-13 04:31:40 INFO::Merge regions for chr2
2022-03-13 04:31:40 INFO::No. regions with at least one SNP/gene for chr2 after merging: 142
2022-03-13 04:31:47 INFO::No. regions with at least one SNP/gene for chr3: 122
2022-03-13 04:31:47 INFO::Merge regions for chr3
2022-03-13 04:31:47 INFO::No. regions with at least one SNP/gene for chr3 after merging: 120
2022-03-13 04:31:56 INFO::No. regions with at least one SNP/gene for chr4: 122
2022-03-13 04:31:56 INFO::Merge regions for chr4
2022-03-13 04:31:56 INFO::No. regions with at least one SNP/gene for chr4 after merging: 122
2022-03-13 04:32:01 INFO::No. regions with at least one SNP/gene for chr5: 110
2022-03-13 04:32:01 INFO::Merge regions for chr5
2022-03-13 04:32:01 INFO::No. regions with at least one SNP/gene for chr5 after merging: 110
2022-03-13 04:32:07 INFO::No. regions with at least one SNP/gene for chr6: 112
2022-03-13 04:32:07 INFO::Merge regions for chr6
2022-03-13 04:32:07 INFO::No. regions with at least one SNP/gene for chr6 after merging: 110
2022-03-13 04:32:12 INFO::No. regions with at least one SNP/gene for chr7: 99
2022-03-13 04:32:12 INFO::Merge regions for chr7
2022-03-13 04:32:12 INFO::No. regions with at least one SNP/gene for chr7 after merging: 97
2022-03-13 04:32:17 INFO::No. regions with at least one SNP/gene for chr8: 94
2022-03-13 04:32:17 INFO::Merge regions for chr8
2022-03-13 04:32:17 INFO::No. regions with at least one SNP/gene for chr8 after merging: 91
2022-03-13 04:32:21 INFO::No. regions with at least one SNP/gene for chr9: 74
2022-03-13 04:32:21 INFO::Merge regions for chr9
2022-03-13 04:32:21 INFO::No. regions with at least one SNP/gene for chr9 after merging: 74
2022-03-13 04:32:26 INFO::No. regions with at least one SNP/gene for chr10: 85
2022-03-13 04:32:26 INFO::Merge regions for chr10
2022-03-13 04:32:26 INFO::No. regions with at least one SNP/gene for chr10 after merging: 84
2022-03-13 04:32:29 INFO::No. regions with at least one SNP/gene for chr11: 84
2022-03-13 04:32:29 INFO::Merge regions for chr11
2022-03-13 04:32:29 INFO::No. regions with at least one SNP/gene for chr11 after merging: 82
2022-03-13 04:32:34 INFO::No. regions with at least one SNP/gene for chr12: 82
2022-03-13 04:32:34 INFO::Merge regions for chr12
2022-03-13 04:32:34 INFO::No. regions with at least one SNP/gene for chr12 after merging: 81
2022-03-13 04:32:37 INFO::No. regions with at least one SNP/gene for chr13: 62
2022-03-13 04:32:37 INFO::Merge regions for chr13
2022-03-13 04:32:37 INFO::No. regions with at least one SNP/gene for chr13 after merging: 61
2022-03-13 04:32:40 INFO::No. regions with at least one SNP/gene for chr14: 56
2022-03-13 04:32:40 INFO::Merge regions for chr14
2022-03-13 04:32:40 INFO::No. regions with at least one SNP/gene for chr14 after merging: 53
2022-03-13 04:32:41 INFO::No. regions with at least one SNP/gene for chr15: 50
2022-03-13 04:32:41 INFO::Merge regions for chr15
2022-03-13 04:32:41 INFO::No. regions with at least one SNP/gene for chr15 after merging: 50
2022-03-13 04:32:48 INFO::No. regions with at least one SNP/gene for chr16: 54
2022-03-13 04:32:48 INFO::Merge regions for chr16
2022-03-13 04:32:48 INFO::No. regions with at least one SNP/gene for chr16 after merging: 54
2022-03-13 04:32:50 INFO::No. regions with at least one SNP/gene for chr17: 47
2022-03-13 04:32:50 INFO::Merge regions for chr17
2022-03-13 04:32:50 INFO::No. regions with at least one SNP/gene for chr17 after merging: 46
2022-03-13 04:32:51 INFO::No. regions with at least one SNP/gene for chr18: 47
2022-03-13 04:32:51 INFO::Merge regions for chr18
2022-03-13 04:32:51 INFO::No. regions with at least one SNP/gene for chr18 after merging: 47
2022-03-13 04:32:53 INFO::No. regions with at least one SNP/gene for chr19: 39
2022-03-13 04:32:53 INFO::Merge regions for chr19
2022-03-13 04:32:53 INFO::No. regions with at least one SNP/gene for chr19 after merging: 37
2022-03-13 04:32:55 INFO::No. regions with at least one SNP/gene for chr20: 38
2022-03-13 04:32:55 INFO::Merge regions for chr20
2022-03-13 04:32:55 INFO::No. regions with at least one SNP/gene for chr20 after merging: 38
2022-03-13 04:32:56 INFO::No. regions with at least one SNP/gene for chr21: 24
2022-03-13 04:32:56 INFO::Merge regions for chr21
2022-03-13 04:32:56 INFO::No. regions with at least one SNP/gene for chr21 after merging: 24
2022-03-13 04:32:58 INFO::No. regions with at least one SNP/gene for chr22: 24
2022-03-13 04:32:58 INFO::Merge regions for chr22
2022-03-13 04:32:58 INFO::No. regions with at least one SNP/gene for chr22 after merging: 23
2022-03-13 04:32:58 INFO::Trim regions with SNPs more than Inf
2022-03-13 04:32:58 INFO::Adding R matrix info, as genotype is not given
2022-03-13 04:32:58 INFO::Adding R matrix info for chrom 1
2022-03-13 04:42:58 INFO::Adding R matrix info for chrom 2
2022-03-13 04:52:20 INFO::Adding R matrix info for chrom 3
2022-03-13 05:01:21 INFO::Adding R matrix info for chrom 4
2022-03-13 05:08:35 INFO::Adding R matrix info for chrom 5
2022-03-13 05:14:36 INFO::Adding R matrix info for chrom 6
2022-03-13 05:23:09 INFO::Adding R matrix info for chrom 7
2022-03-13 05:29:03 INFO::Adding R matrix info for chrom 8
2022-03-13 05:35:35 INFO::Adding R matrix info for chrom 9
2022-03-13 05:40:46 INFO::Adding R matrix info for chrom 10
2022-03-13 05:46:36 INFO::Adding R matrix info for chrom 11
2022-03-13 05:53:34 INFO::Adding R matrix info for chrom 12
2022-03-13 05:59:11 INFO::Adding R matrix info for chrom 13
2022-03-13 06:03:02 INFO::Adding R matrix info for chrom 14
2022-03-13 06:07:34 INFO::Adding R matrix info for chrom 15
2022-03-13 06:10:32 INFO::Adding R matrix info for chrom 16
2022-03-13 06:13:48 INFO::Adding R matrix info for chrom 17
2022-03-13 06:17:51 INFO::Adding R matrix info for chrom 18
2022-03-13 06:20:43 INFO::Adding R matrix info for chrom 19
2022-03-13 06:25:47 INFO::Adding R matrix info for chrom 20
2022-03-13 06:28:21 INFO::Adding R matrix info for chrom 21
2022-03-13 06:29:34 INFO::Adding R matrix info for chrom 22
2022-03-13 06:31:15 INFO::Run susie iteratively, getting rough estimate ...
2022-03-13 06:31:15 INFO::run iteration 1
starting worker pid=685 on localhost:11415 at 06:31:16.927
starting worker pid=699 on localhost:11415 at 06:31:17.587
starting worker pid=712 on localhost:11415 at 06:31:18.232
starting worker pid=726 on localhost:11415 at 06:31:18.878
starting worker pid=739 on localhost:11415 at 06:31:19.516
starting worker pid=755 on localhost:11415 at 06:31:20.155
starting worker pid=768 on localhost:11415 at 06:31:20.799
starting worker pid=783 on localhost:11415 at 06:31:21.439
starting worker pid=796 on localhost:11415 at 06:31:22.054
starting worker pid=810 on localhost:11415 at 06:31:22.760
2022-03-13 06:46:25 INFO::After iteration 1, gene prior 0.00328752501271978:, SNP prior:0.00223044786249687
2022-03-13 06:46:26 INFO::run iteration 2
