[1] "/project2/xinhe/shengqian/cTWAS/cTWAS_analysis/data/UKBB/ieu-b-42.vcf.gz"         
[2] "/project2/mstephens/wcrouse/UKB_LDR_0.1"                                          
[3] "/project2/compbio/predictdb/mashr_models/mashr_Brain_Cerebellum.db"               
[4] "/project2/xinhe/shengqian/cTWAS/cTWAS_analysis/code/ctwas_config.R"               
[5] "SCZ_Brain_Cerebellum_expr"                                                        
[6] "SCZ_Brain_Cerebellum_ctwas"                                                       
[7] "/project2/xinhe/shengqian/cTWAS/cTWAS_analysis/data/SCZ_2014_EUR/Brain_Cerebellum"
2022-03-12 17:42:29 INFO::Flipping z scores to match LD reference
2022-03-12 17:42:31 INFO::Harmonizing strand-ambiguous z scores using imputation by region
2022-03-12 18:02:49 INFO::Reading weights for chromosome 1
2022-03-12 18:02:49 INFO::Number of genes with weights provided: 13992
2022-03-12 18:02:49 INFO::Collecting gene weight information ...
2022-03-12 18:02:49 INFO::Flipping weights to match LD reference
2022-03-12 18:02:49 INFO::Harmonizing strand ambiguous weights using correlations with unambiguous variants
2022-03-12 18:22:26 INFO::Start gene z score imputation ...
2022-03-12 18:22:26 INFO::Using given LD matrices to impute gene z score.
2022-03-12 18:36:08 INFO::Imputation done, writing results to output...
2022-03-12 18:36:08 INFO::Imputation done: number of genes with imputed expression: 1074 for chr 1
2022-03-12 18:36:09 INFO::Flipping z scores to match LD reference
2022-03-12 18:36:13 INFO::Harmonizing strand-ambiguous z scores using imputation by region
2022-03-12 18:59:54 INFO::Reading weights for chromosome 2
2022-03-12 18:59:54 INFO::Number of genes with weights provided: 13992
2022-03-12 18:59:54 INFO::Collecting gene weight information ...
2022-03-12 18:59:54 INFO::Flipping weights to match LD reference
2022-03-12 18:59:54 INFO::Harmonizing strand ambiguous weights using correlations with unambiguous variants
2022-03-12 19:14:43 INFO::Start gene z score imputation ...
2022-03-12 19:14:43 INFO::Using given LD matrices to impute gene z score.
2022-03-12 19:26:52 INFO::Imputation done, writing results to output...
2022-03-12 19:26:52 INFO::Imputation done: number of genes with imputed expression: 779 for chr 2
2022-03-12 19:26:53 INFO::Flipping z scores to match LD reference
2022-03-12 19:26:56 INFO::Harmonizing strand-ambiguous z scores using imputation by region
2022-03-12 19:44:24 INFO::Reading weights for chromosome 3
2022-03-12 19:44:24 INFO::Number of genes with weights provided: 13992
2022-03-12 19:44:24 INFO::Collecting gene weight information ...
2022-03-12 19:44:24 INFO::Flipping weights to match LD reference
2022-03-12 19:44:24 INFO::Harmonizing strand ambiguous weights using correlations with unambiguous variants
2022-03-12 19:55:14 INFO::Start gene z score imputation ...
2022-03-12 19:55:14 INFO::Using given LD matrices to impute gene z score.
2022-03-12 20:04:49 INFO::Imputation done, writing results to output...
2022-03-12 20:04:50 INFO::Imputation done: number of genes with imputed expression: 637 for chr 3
2022-03-12 20:04:51 INFO::Flipping z scores to match LD reference
2022-03-12 20:04:53 INFO::Harmonizing strand-ambiguous z scores using imputation by region
2022-03-12 20:25:00 INFO::Reading weights for chromosome 4
2022-03-12 20:25:00 INFO::Number of genes with weights provided: 13992
2022-03-12 20:25:00 INFO::Collecting gene weight information ...
2022-03-12 20:25:00 INFO::Flipping weights to match LD reference
2022-03-12 20:25:00 INFO::Harmonizing strand ambiguous weights using correlations with unambiguous variants
2022-03-12 20:32:35 INFO::Start gene z score imputation ...
2022-03-12 20:32:35 INFO::Using given LD matrices to impute gene z score.
2022-03-12 20:40:24 INFO::Imputation done, writing results to output...
2022-03-12 20:40:25 INFO::Imputation done: number of genes with imputed expression: 413 for chr 4
2022-03-12 20:40:25 INFO::Flipping z scores to match LD reference
2022-03-12 20:40:28 INFO::Harmonizing strand-ambiguous z scores using imputation by region
2022-03-12 20:56:41 INFO::Reading weights for chromosome 5
2022-03-12 20:56:41 INFO::Number of genes with weights provided: 13992
2022-03-12 20:56:41 INFO::Collecting gene weight information ...
2022-03-12 20:56:41 INFO::Flipping weights to match LD reference
2022-03-12 20:56:41 INFO::Harmonizing strand ambiguous weights using correlations with unambiguous variants
2022-03-12 21:05:43 INFO::Start gene z score imputation ...
2022-03-12 21:05:43 INFO::Using given LD matrices to impute gene z score.
2022-03-12 21:14:13 INFO::Imputation done, writing results to output...
2022-03-12 21:14:13 INFO::Imputation done: number of genes with imputed expression: 547 for chr 5
2022-03-12 21:14:14 INFO::Flipping z scores to match LD reference
2022-03-12 21:14:16 INFO::Harmonizing strand-ambiguous z scores using imputation by region
2022-03-12 21:32:31 INFO::Reading weights for chromosome 6
2022-03-12 21:32:31 INFO::Number of genes with weights provided: 13992
2022-03-12 21:32:31 INFO::Collecting gene weight information ...
2022-03-12 21:32:31 INFO::Flipping weights to match LD reference
2022-03-12 21:32:31 INFO::Harmonizing strand ambiguous weights using correlations with unambiguous variants
2022-03-12 21:48:41 INFO::Start gene z score imputation ...
2022-03-12 21:48:41 INFO::Using given LD matrices to impute gene z score.
2022-03-12 21:58:55 INFO::Imputation done, writing results to output...
2022-03-12 21:58:56 INFO::Imputation done: number of genes with imputed expression: 634 for chr 6
2022-03-12 21:58:56 INFO::Flipping z scores to match LD reference
2022-03-12 21:58:59 INFO::Harmonizing strand-ambiguous z scores using imputation by region
2022-03-12 22:15:34 INFO::Reading weights for chromosome 7
2022-03-12 22:15:34 INFO::Number of genes with weights provided: 13992
2022-03-12 22:15:34 INFO::Collecting gene weight information ...
2022-03-12 22:15:34 INFO::Flipping weights to match LD reference
2022-03-12 22:15:34 INFO::Harmonizing strand ambiguous weights using correlations with unambiguous variants
2022-03-12 22:26:44 INFO::Start gene z score imputation ...
2022-03-12 22:26:44 INFO::Using given LD matrices to impute gene z score.
2022-03-12 22:35:44 INFO::Imputation done, writing results to output...
2022-03-12 22:35:45 INFO::Imputation done: number of genes with imputed expression: 559 for chr 7
2022-03-12 22:35:45 INFO::Flipping z scores to match LD reference
2022-03-12 22:35:48 INFO::Harmonizing strand-ambiguous z scores using imputation by region
2022-03-12 22:51:46 INFO::Reading weights for chromosome 8
2022-03-12 22:51:46 INFO::Number of genes with weights provided: 13992
2022-03-12 22:51:46 INFO::Collecting gene weight information ...
2022-03-12 22:51:46 INFO::Flipping weights to match LD reference
2022-03-12 22:51:46 INFO::Harmonizing strand ambiguous weights using correlations with unambiguous variants
2022-03-12 22:59:28 INFO::Start gene z score imputation ...
2022-03-12 22:59:28 INFO::Using given LD matrices to impute gene z score.
2022-03-12 23:07:50 INFO::Imputation done, writing results to output...
2022-03-12 23:07:51 INFO::Imputation done: number of genes with imputed expression: 420 for chr 8
2022-03-12 23:07:51 INFO::Flipping z scores to match LD reference
2022-03-12 23:07:54 INFO::Harmonizing strand-ambiguous z scores using imputation by region
2022-03-12 23:19:42 INFO::Reading weights for chromosome 9
2022-03-12 23:19:42 INFO::Number of genes with weights provided: 13992
2022-03-12 23:19:42 INFO::Collecting gene weight information ...
2022-03-12 23:19:42 INFO::Flipping weights to match LD reference
2022-03-12 23:19:42 INFO::Harmonizing strand ambiguous weights using correlations with unambiguous variants
2022-03-12 23:27:37 INFO::Start gene z score imputation ...
2022-03-12 23:27:37 INFO::Using given LD matrices to impute gene z score.
2022-03-12 23:35:53 INFO::Imputation done, writing results to output...
2022-03-12 23:35:53 INFO::Imputation done: number of genes with imputed expression: 436 for chr 9
2022-03-12 23:35:54 INFO::Flipping z scores to match LD reference
2022-03-12 23:35:57 INFO::Harmonizing strand-ambiguous z scores using imputation by region
2022-03-12 23:50:07 INFO::Reading weights for chromosome 10
2022-03-12 23:50:07 INFO::Number of genes with weights provided: 13992
2022-03-12 23:50:07 INFO::Collecting gene weight information ...
2022-03-12 23:50:07 INFO::Flipping weights to match LD reference
2022-03-12 23:50:07 INFO::Harmonizing strand ambiguous weights using correlations with unambiguous variants
2022-03-12 23:58:38 INFO::Start gene z score imputation ...
2022-03-12 23:58:38 INFO::Using given LD matrices to impute gene z score.
2022-03-13 00:05:25 INFO::Imputation done, writing results to output...
2022-03-13 00:05:25 INFO::Imputation done: number of genes with imputed expression: 446 for chr 10
2022-03-13 00:05:26 INFO::Flipping z scores to match LD reference
2022-03-13 00:05:29 INFO::Harmonizing strand-ambiguous z scores using imputation by region
2022-03-13 00:20:34 INFO::Reading weights for chromosome 11
2022-03-13 00:20:34 INFO::Number of genes with weights provided: 13992
2022-03-13 00:20:34 INFO::Collecting gene weight information ...
2022-03-13 00:20:34 INFO::Flipping weights to match LD reference
2022-03-13 00:20:34 INFO::Harmonizing strand ambiguous weights using correlations with unambiguous variants
2022-03-13 00:31:50 INFO::Start gene z score imputation ...
2022-03-13 00:31:50 INFO::Using given LD matrices to impute gene z score.
2022-03-13 00:42:06 INFO::Imputation done, writing results to output...
2022-03-13 00:42:07 INFO::Imputation done: number of genes with imputed expression: 669 for chr 11
2022-03-13 00:42:08 INFO::Flipping z scores to match LD reference
2022-03-13 00:42:11 INFO::Harmonizing strand-ambiguous z scores using imputation by region
2022-03-13 00:55:31 INFO::Reading weights for chromosome 12
2022-03-13 00:55:31 INFO::Number of genes with weights provided: 13992
2022-03-13 00:55:31 INFO::Collecting gene weight information ...
2022-03-13 00:55:31 INFO::Flipping weights to match LD reference
2022-03-13 00:55:31 INFO::Harmonizing strand ambiguous weights using correlations with unambiguous variants
2022-03-13 01:07:27 INFO::Start gene z score imputation ...
2022-03-13 01:07:27 INFO::Using given LD matrices to impute gene z score.
2022-03-13 01:16:06 INFO::Imputation done, writing results to output...
2022-03-13 01:16:07 INFO::Imputation done: number of genes with imputed expression: 633 for chr 12
2022-03-13 01:16:07 INFO::Flipping z scores to match LD reference
2022-03-13 01:16:10 INFO::Harmonizing strand-ambiguous z scores using imputation by region
2022-03-13 01:26:22 INFO::Reading weights for chromosome 13
2022-03-13 01:26:22 INFO::Number of genes with weights provided: 13992
2022-03-13 01:26:22 INFO::Collecting gene weight information ...
2022-03-13 01:26:22 INFO::Flipping weights to match LD reference
2022-03-13 01:26:22 INFO::Harmonizing strand ambiguous weights using correlations with unambiguous variants
2022-03-13 01:29:59 INFO::Start gene z score imputation ...
2022-03-13 01:29:59 INFO::Using given LD matrices to impute gene z score.
2022-03-13 01:34:54 INFO::Imputation done, writing results to output...
2022-03-13 01:34:55 INFO::Imputation done: number of genes with imputed expression: 228 for chr 13
2022-03-13 01:34:55 INFO::Flipping z scores to match LD reference
2022-03-13 01:35:00 INFO::Harmonizing strand-ambiguous z scores using imputation by region
2022-03-13 01:43:43 INFO::Reading weights for chromosome 14
2022-03-13 01:43:43 INFO::Number of genes with weights provided: 13992
2022-03-13 01:43:43 INFO::Collecting gene weight information ...
2022-03-13 01:43:43 INFO::Flipping weights to match LD reference
2022-03-13 01:43:43 INFO::Harmonizing strand ambiguous weights using correlations with unambiguous variants
2022-03-13 01:50:43 INFO::Start gene z score imputation ...
2022-03-13 01:50:43 INFO::Using given LD matrices to impute gene z score.
2022-03-13 01:56:21 INFO::Imputation done, writing results to output...
2022-03-13 01:56:22 INFO::Imputation done: number of genes with imputed expression: 361 for chr 14
2022-03-13 01:56:22 INFO::Flipping z scores to match LD reference
2022-03-13 01:56:26 INFO::Harmonizing strand-ambiguous z scores using imputation by region
2022-03-13 03:03:02 INFO::Reading weights for chromosome 15
2022-03-13 03:03:02 INFO::Number of genes with weights provided: 13992
2022-03-13 03:03:02 INFO::Collecting gene weight information ...
2022-03-13 03:03:02 INFO::Flipping weights to match LD reference
2022-03-13 03:03:02 INFO::Harmonizing strand ambiguous weights using correlations with unambiguous variants
2022-03-13 03:09:29 INFO::Start gene z score imputation ...
2022-03-13 03:09:29 INFO::Using given LD matrices to impute gene z score.
2022-03-13 03:14:43 INFO::Imputation done, writing results to output...
2022-03-13 03:14:43 INFO::Imputation done: number of genes with imputed expression: 371 for chr 15
2022-03-13 03:14:45 INFO::Flipping z scores to match LD reference
2022-03-13 03:14:51 INFO::Harmonizing strand-ambiguous z scores using imputation by region
2022-03-13 03:21:51 INFO::Reading weights for chromosome 16
2022-03-13 03:21:51 INFO::Number of genes with weights provided: 13992
2022-03-13 03:21:51 INFO::Collecting gene weight information ...
2022-03-13 03:21:51 INFO::Flipping weights to match LD reference
2022-03-13 03:21:51 INFO::Harmonizing strand ambiguous weights using correlations with unambiguous variants
2022-03-13 03:30:37 INFO::Start gene z score imputation ...
2022-03-13 03:30:37 INFO::Using given LD matrices to impute gene z score.
2022-03-13 03:36:54 INFO::Imputation done, writing results to output...
2022-03-13 03:36:55 INFO::Imputation done: number of genes with imputed expression: 526 for chr 16
2022-03-13 03:36:56 INFO::Flipping z scores to match LD reference
2022-03-13 03:36:58 INFO::Harmonizing strand-ambiguous z scores using imputation by region
2022-03-13 03:43:33 INFO::Reading weights for chromosome 17
2022-03-13 03:43:33 INFO::Number of genes with weights provided: 13992
2022-03-13 03:43:33 INFO::Collecting gene weight information ...
2022-03-13 03:43:33 INFO::Flipping weights to match LD reference
2022-03-13 03:43:33 INFO::Harmonizing strand ambiguous weights using correlations with unambiguous variants
2022-03-13 03:54:23 INFO::Start gene z score imputation ...
2022-03-13 03:54:23 INFO::Using given LD matrices to impute gene z score.
2022-03-13 04:02:08 INFO::Imputation done, writing results to output...
2022-03-13 04:02:09 INFO::Imputation done: number of genes with imputed expression: 674 for chr 17
2022-03-13 04:02:09 INFO::Flipping z scores to match LD reference
2022-03-13 04:02:13 INFO::Harmonizing strand-ambiguous z scores using imputation by region
2022-03-13 04:10:46 INFO::Reading weights for chromosome 18
2022-03-13 04:10:46 INFO::Number of genes with weights provided: 13992
2022-03-13 04:10:46 INFO::Collecting gene weight information ...
2022-03-13 04:10:46 INFO::Flipping weights to match LD reference
2022-03-13 04:10:46 INFO::Harmonizing strand ambiguous weights using correlations with unambiguous variants
2022-03-13 04:14:40 INFO::Start gene z score imputation ...
2022-03-13 04:14:40 INFO::Using given LD matrices to impute gene z score.
2022-03-13 04:19:01 INFO::Imputation done, writing results to output...
2022-03-13 04:19:02 INFO::Imputation done: number of genes with imputed expression: 166 for chr 18
2022-03-13 04:19:02 INFO::Flipping z scores to match LD reference
2022-03-13 04:19:05 INFO::Harmonizing strand-ambiguous z scores using imputation by region
2022-03-13 04:24:35 INFO::Reading weights for chromosome 19
2022-03-13 04:24:35 INFO::Number of genes with weights provided: 13992
2022-03-13 04:24:35 INFO::Collecting gene weight information ...
2022-03-13 04:24:35 INFO::Flipping weights to match LD reference
2022-03-13 04:24:36 INFO::Harmonizing strand ambiguous weights using correlations with unambiguous variants
2022-03-13 04:41:17 INFO::Start gene z score imputation ...
2022-03-13 04:41:17 INFO::Using given LD matrices to impute gene z score.
2022-03-13 04:51:10 INFO::Imputation done, writing results to output...
2022-03-13 04:51:11 INFO::Imputation done: number of genes with imputed expression: 861 for chr 19
2022-03-13 04:51:11 INFO::Flipping z scores to match LD reference
2022-03-13 04:51:13 INFO::Harmonizing strand-ambiguous z scores using imputation by region
2022-03-13 04:58:07 INFO::Reading weights for chromosome 20
2022-03-13 04:58:07 INFO::Number of genes with weights provided: 13992
2022-03-13 04:58:07 INFO::Collecting gene weight information ...
2022-03-13 04:58:07 INFO::Flipping weights to match LD reference
2022-03-13 04:58:07 INFO::Harmonizing strand ambiguous weights using correlations with unambiguous variants
2022-03-13 05:05:23 INFO::Start gene z score imputation ...
2022-03-13 05:05:23 INFO::Using given LD matrices to impute gene z score.
2022-03-13 05:11:46 INFO::Imputation done, writing results to output...
2022-03-13 05:11:46 INFO::Imputation done: number of genes with imputed expression: 329 for chr 20
2022-03-13 05:11:47 INFO::Flipping z scores to match LD reference
2022-03-13 05:11:49 INFO::Harmonizing strand-ambiguous z scores using imputation by region
2022-03-13 05:15:09 INFO::Reading weights for chromosome 21
2022-03-13 05:15:09 INFO::Number of genes with weights provided: 13992
2022-03-13 05:15:09 INFO::Collecting gene weight information ...
2022-03-13 05:15:09 INFO::Flipping weights to match LD reference
2022-03-13 05:15:09 INFO::Harmonizing strand ambiguous weights using correlations with unambiguous variants
2022-03-13 05:17:48 INFO::Start gene z score imputation ...
2022-03-13 05:17:48 INFO::Using given LD matrices to impute gene z score.
2022-03-13 05:20:00 INFO::Imputation done, writing results to output...
2022-03-13 05:20:01 INFO::Imputation done: number of genes with imputed expression: 125 for chr 21
2022-03-13 05:20:01 INFO::Flipping z scores to match LD reference
2022-03-13 05:20:03 INFO::Harmonizing strand-ambiguous z scores using imputation by region
2022-03-13 05:22:59 INFO::Reading weights for chromosome 22
2022-03-13 05:22:59 INFO::Number of genes with weights provided: 13992
2022-03-13 05:22:59 INFO::Collecting gene weight information ...
2022-03-13 05:22:59 INFO::Flipping weights to match LD reference
2022-03-13 05:22:59 INFO::Harmonizing strand ambiguous weights using correlations with unambiguous variants
2022-03-13 05:28:02 INFO::Start gene z score imputation ...
2022-03-13 05:28:02 INFO::Using given LD matrices to impute gene z score.
2022-03-13 05:32:22 INFO::Imputation done, writing results to output...
2022-03-13 05:32:22 INFO::Imputation done: number of genes with imputed expression: 288 for chr 22
2022-03-13 05:32:55 INFO::ctwas started ...
2022-03-13 05:33:15 INFO::LD region file: /home/shengqian/R/x86_64-pc-linux-gnu-library/3.6/ctwas/extdata/ldetect/EUR.b38.bed
2022-03-13 05:33:20 INFO::No. LD regions: 1700
2022-03-13 05:33:31 INFO::No. regions with at least one SNP/gene for chr1: 131
2022-03-13 05:33:31 INFO::Merge regions for chr1
2022-03-13 05:33:31 INFO::No. regions with at least one SNP/gene for chr1 after merging: 127
2022-03-13 05:33:37 INFO::No. regions with at least one SNP/gene for chr2: 144
2022-03-13 05:33:44 INFO::Merge regions for chr2
2022-03-13 05:33:44 INFO::No. regions with at least one SNP/gene for chr2 after merging: 140
2022-03-13 05:33:49 INFO::No. regions with at least one SNP/gene for chr3: 122
2022-03-13 05:33:49 INFO::Merge regions for chr3
2022-03-13 05:33:49 INFO::No. regions with at least one SNP/gene for chr3 after merging: 120
2022-03-13 05:33:54 INFO::No. regions with at least one SNP/gene for chr4: 122
2022-03-13 05:33:54 INFO::Merge regions for chr4
2022-03-13 05:33:54 INFO::No. regions with at least one SNP/gene for chr4 after merging: 121
2022-03-13 05:33:59 INFO::No. regions with at least one SNP/gene for chr5: 110
2022-03-13 05:33:59 INFO::Merge regions for chr5
2022-03-13 05:33:59 INFO::No. regions with at least one SNP/gene for chr5 after merging: 110
2022-03-13 05:34:04 INFO::No. regions with at least one SNP/gene for chr6: 112
2022-03-13 05:34:04 INFO::Merge regions for chr6
2022-03-13 05:34:04 INFO::No. regions with at least one SNP/gene for chr6 after merging: 111
2022-03-13 05:34:07 INFO::No. regions with at least one SNP/gene for chr7: 99
2022-03-13 05:34:07 INFO::Merge regions for chr7
2022-03-13 05:34:07 INFO::No. regions with at least one SNP/gene for chr7 after merging: 97
2022-03-13 05:34:11 INFO::No. regions with at least one SNP/gene for chr8: 94
2022-03-13 05:34:11 INFO::Merge regions for chr8
2022-03-13 05:34:11 INFO::No. regions with at least one SNP/gene for chr8 after merging: 91
2022-03-13 05:34:14 INFO::No. regions with at least one SNP/gene for chr9: 74
2022-03-13 05:34:14 INFO::Merge regions for chr9
2022-03-13 05:34:14 INFO::No. regions with at least one SNP/gene for chr9 after merging: 70
2022-03-13 05:34:16 INFO::No. regions with at least one SNP/gene for chr10: 85
2022-03-13 05:34:16 INFO::Merge regions for chr10
2022-03-13 05:34:16 INFO::No. regions with at least one SNP/gene for chr10 after merging: 84
2022-03-13 05:34:20 INFO::No. regions with at least one SNP/gene for chr11: 84
2022-03-13 05:34:20 INFO::Merge regions for chr11
2022-03-13 05:34:20 INFO::No. regions with at least one SNP/gene for chr11 after merging: 79
2022-03-13 05:34:23 INFO::No. regions with at least one SNP/gene for chr12: 82
2022-03-13 05:34:23 INFO::Merge regions for chr12
2022-03-13 05:34:23 INFO::No. regions with at least one SNP/gene for chr12 after merging: 77
2022-03-13 05:34:26 INFO::No. regions with at least one SNP/gene for chr13: 62
2022-03-13 05:34:26 INFO::Merge regions for chr13
2022-03-13 05:34:26 INFO::No. regions with at least one SNP/gene for chr13 after merging: 60
2022-03-13 05:34:28 INFO::No. regions with at least one SNP/gene for chr14: 56
2022-03-13 05:34:28 INFO::Merge regions for chr14
2022-03-13 05:34:28 INFO::No. regions with at least one SNP/gene for chr14 after merging: 53
2022-03-13 05:34:30 INFO::No. regions with at least one SNP/gene for chr15: 50
2022-03-13 05:34:30 INFO::Merge regions for chr15
2022-03-13 05:34:30 INFO::No. regions with at least one SNP/gene for chr15 after merging: 48
2022-03-13 05:34:32 INFO::No. regions with at least one SNP/gene for chr16: 54
2022-03-13 05:34:32 INFO::Merge regions for chr16
2022-03-13 05:34:32 INFO::No. regions with at least one SNP/gene for chr16 after merging: 53
2022-03-13 05:34:34 INFO::No. regions with at least one SNP/gene for chr17: 47
2022-03-13 05:34:34 INFO::Merge regions for chr17
2022-03-13 05:34:34 INFO::No. regions with at least one SNP/gene for chr17 after merging: 46
2022-03-13 05:34:36 INFO::No. regions with at least one SNP/gene for chr18: 47
2022-03-13 05:34:36 INFO::Merge regions for chr18
2022-03-13 05:34:36 INFO::No. regions with at least one SNP/gene for chr18 after merging: 45
2022-03-13 05:34:38 INFO::No. regions with at least one SNP/gene for chr19: 39
2022-03-13 05:34:38 INFO::Merge regions for chr19
2022-03-13 05:34:38 INFO::No. regions with at least one SNP/gene for chr19 after merging: 36
2022-03-13 05:34:40 INFO::No. regions with at least one SNP/gene for chr20: 38
2022-03-13 05:34:40 INFO::Merge regions for chr20
2022-03-13 05:34:40 INFO::No. regions with at least one SNP/gene for chr20 after merging: 34
2022-03-13 05:34:41 INFO::No. regions with at least one SNP/gene for chr21: 24
2022-03-13 05:34:41 INFO::Merge regions for chr21
2022-03-13 05:34:41 INFO::No. regions with at least one SNP/gene for chr21 after merging: 23
2022-03-13 05:34:42 INFO::No. regions with at least one SNP/gene for chr22: 24
2022-03-13 05:34:42 INFO::Merge regions for chr22
2022-03-13 05:34:42 INFO::No. regions with at least one SNP/gene for chr22 after merging: 22
2022-03-13 05:34:42 INFO::Trim regions with SNPs more than Inf
2022-03-13 05:34:42 INFO::Adding R matrix info, as genotype is not given
2022-03-13 05:34:43 INFO::Adding R matrix info for chrom 1
2022-03-13 05:46:02 INFO::Adding R matrix info for chrom 2
2022-03-13 05:55:41 INFO::Adding R matrix info for chrom 3
2022-03-13 06:03:09 INFO::Adding R matrix info for chrom 4
2022-03-13 06:10:30 INFO::Adding R matrix info for chrom 5
2022-03-13 06:16:56 INFO::Adding R matrix info for chrom 6
2022-03-13 06:24:54 INFO::Adding R matrix info for chrom 7
2022-03-13 06:31:37 INFO::Adding R matrix info for chrom 8
2022-03-13 06:38:17 INFO::Adding R matrix info for chrom 9
2022-03-13 06:44:10 INFO::Adding R matrix info for chrom 10
2022-03-13 06:49:41 INFO::Adding R matrix info for chrom 11
2022-03-13 06:57:15 INFO::Adding R matrix info for chrom 12
2022-03-13 07:04:06 INFO::Adding R matrix info for chrom 13
2022-03-13 07:07:52 INFO::Adding R matrix info for chrom 14
2022-03-13 07:11:55 INFO::Adding R matrix info for chrom 15
2022-03-13 07:15:24 INFO::Adding R matrix info for chrom 16
2022-03-13 07:19:20 INFO::Adding R matrix info for chrom 17
2022-03-13 07:23:42 INFO::Adding R matrix info for chrom 18
2022-03-13 07:26:58 INFO::Adding R matrix info for chrom 19
2022-03-13 07:31:58 INFO::Adding R matrix info for chrom 20
2022-03-13 07:35:41 INFO::Adding R matrix info for chrom 21
2022-03-13 07:37:18 INFO::Adding R matrix info for chrom 22
2022-03-13 07:39:30 INFO::Run susie iteratively, getting rough estimate ...
2022-03-13 07:39:30 INFO::run iteration 1
starting worker pid=44806 on localhost:11746 at 07:39:32.096
starting worker pid=44820 on localhost:11746 at 07:39:32.760
starting worker pid=44833 on localhost:11746 at 07:39:33.404
starting worker pid=44847 on localhost:11746 at 07:39:34.045
starting worker pid=44860 on localhost:11746 at 07:39:34.685
starting worker pid=44874 on localhost:11746 at 07:39:35.323
starting worker pid=44887 on localhost:11746 at 07:39:35.965
starting worker pid=44901 on localhost:11746 at 07:39:36.605
starting worker pid=44914 on localhost:11746 at 07:39:37.243
starting worker pid=44928 on localhost:11746 at 07:39:37.882
2022-03-13 07:54:59 INFO::After iteration 1, gene prior 0.00345485792321716:, SNP prior:0.00218748904527216
2022-03-13 07:54:59 INFO::run iteration 2
