[1] "/project2/xinhe/shengqian/cTWAS/cTWAS_analysis/data/UKBB/ieu-b-42.vcf.gz"                             
[2] "/project2/mstephens/wcrouse/UKB_LDR_0.1"                                                              
[3] "/project2/compbio/predictdb/mashr_models/mashr_Brain_Anterior_cingulate_cortex_BA24.db"               
[4] "/project2/xinhe/shengqian/cTWAS/cTWAS_analysis/code/ctwas_config.R"                                   
[5] "SCZ_Brain_Anterior_cingulate_cortex_BA24_expr"                                                        
[6] "SCZ_Brain_Anterior_cingulate_cortex_BA24_ctwas"                                                       
[7] "/project2/xinhe/shengqian/cTWAS/cTWAS_analysis/data/SCZ_2014_EUR/Brain_Anterior_cingulate_cortex_BA24"
2022-03-12 17:42:28 INFO::Flipping z scores to match LD reference
2022-03-12 17:42:31 INFO::Harmonizing strand-ambiguous z scores using imputation by region
2022-03-12 18:02:49 INFO::Reading weights for chromosome 1
2022-03-12 18:02:49 INFO::Number of genes with weights provided: 13528
2022-03-12 18:02:49 INFO::Collecting gene weight information ...
2022-03-12 18:02:49 INFO::Flipping weights to match LD reference
2022-03-12 18:02:49 INFO::Harmonizing strand ambiguous weights using correlations with unambiguous variants
2022-03-12 18:18:04 INFO::Start gene z score imputation ...
2022-03-12 18:18:04 INFO::Using given LD matrices to impute gene z score.
2022-03-12 18:29:36 INFO::Imputation done, writing results to output...
2022-03-12 18:29:37 INFO::Imputation done: number of genes with imputed expression: 1030 for chr 1
2022-03-12 18:29:38 INFO::Flipping z scores to match LD reference
2022-03-12 18:29:41 INFO::Harmonizing strand-ambiguous z scores using imputation by region
2022-03-12 18:53:33 INFO::Reading weights for chromosome 2
2022-03-12 18:53:33 INFO::Number of genes with weights provided: 13528
2022-03-12 18:53:33 INFO::Collecting gene weight information ...
2022-03-12 18:53:33 INFO::Flipping weights to match LD reference
2022-03-12 18:53:33 INFO::Harmonizing strand ambiguous weights using correlations with unambiguous variants
2022-03-12 19:04:10 INFO::Start gene z score imputation ...
2022-03-12 19:04:10 INFO::Using given LD matrices to impute gene z score.
2022-03-12 19:13:53 INFO::Imputation done, writing results to output...
2022-03-12 19:13:54 INFO::Imputation done: number of genes with imputed expression: 748 for chr 2
2022-03-12 19:13:55 INFO::Flipping z scores to match LD reference
2022-03-12 19:13:58 INFO::Harmonizing strand-ambiguous z scores using imputation by region
2022-03-12 19:31:23 INFO::Reading weights for chromosome 3
2022-03-12 19:31:23 INFO::Number of genes with weights provided: 13528
2022-03-12 19:31:23 INFO::Collecting gene weight information ...
2022-03-12 19:31:23 INFO::Flipping weights to match LD reference
2022-03-12 19:31:23 INFO::Harmonizing strand ambiguous weights using correlations with unambiguous variants
2022-03-12 19:40:02 INFO::Start gene z score imputation ...
2022-03-12 19:40:02 INFO::Using given LD matrices to impute gene z score.
2022-03-12 19:48:57 INFO::Imputation done, writing results to output...
2022-03-12 19:48:58 INFO::Imputation done: number of genes with imputed expression: 613 for chr 3
2022-03-12 19:48:59 INFO::Flipping z scores to match LD reference
2022-03-12 19:49:01 INFO::Harmonizing strand-ambiguous z scores using imputation by region
2022-03-12 20:08:29 INFO::Reading weights for chromosome 4
2022-03-12 20:08:29 INFO::Number of genes with weights provided: 13528
2022-03-12 20:08:29 INFO::Collecting gene weight information ...
2022-03-12 20:08:29 INFO::Flipping weights to match LD reference
2022-03-12 20:08:29 INFO::Harmonizing strand ambiguous weights using correlations with unambiguous variants
2022-03-12 20:14:52 INFO::Start gene z score imputation ...
2022-03-12 20:14:52 INFO::Using given LD matrices to impute gene z score.
2022-03-12 20:21:44 INFO::Imputation done, writing results to output...
2022-03-12 20:21:44 INFO::Imputation done: number of genes with imputed expression: 403 for chr 4
2022-03-12 20:21:45 INFO::Flipping z scores to match LD reference
2022-03-12 20:21:49 INFO::Harmonizing strand-ambiguous z scores using imputation by region
2022-03-12 20:38:03 INFO::Reading weights for chromosome 5
2022-03-12 20:38:03 INFO::Number of genes with weights provided: 13528
2022-03-12 20:38:03 INFO::Collecting gene weight information ...
2022-03-12 20:38:03 INFO::Flipping weights to match LD reference
2022-03-12 20:38:03 INFO::Harmonizing strand ambiguous weights using correlations with unambiguous variants
2022-03-12 20:44:15 INFO::Start gene z score imputation ...
2022-03-12 20:44:15 INFO::Using given LD matrices to impute gene z score.
2022-03-12 20:51:23 INFO::Imputation done, writing results to output...
2022-03-12 20:51:23 INFO::Imputation done: number of genes with imputed expression: 500 for chr 5
2022-03-12 20:51:24 INFO::Flipping z scores to match LD reference
2022-03-12 20:51:27 INFO::Harmonizing strand-ambiguous z scores using imputation by region
2022-03-12 21:09:10 INFO::Reading weights for chromosome 6
2022-03-12 21:09:11 INFO::Number of genes with weights provided: 13528
2022-03-12 21:09:11 INFO::Collecting gene weight information ...
2022-03-12 21:09:11 INFO::Flipping weights to match LD reference
2022-03-12 21:09:11 INFO::Harmonizing strand ambiguous weights using correlations with unambiguous variants
2022-03-12 21:21:27 INFO::Start gene z score imputation ...
2022-03-12 21:21:27 INFO::Using given LD matrices to impute gene z score.
2022-03-12 21:31:00 INFO::Imputation done, writing results to output...
2022-03-12 21:31:01 INFO::Imputation done: number of genes with imputed expression: 608 for chr 6
2022-03-12 21:31:01 INFO::Flipping z scores to match LD reference
2022-03-12 21:31:04 INFO::Harmonizing strand-ambiguous z scores using imputation by region
2022-03-12 21:47:20 INFO::Reading weights for chromosome 7
2022-03-12 21:47:20 INFO::Number of genes with weights provided: 13528
2022-03-12 21:47:20 INFO::Collecting gene weight information ...
2022-03-12 21:47:20 INFO::Flipping weights to match LD reference
2022-03-12 21:47:20 INFO::Harmonizing strand ambiguous weights using correlations with unambiguous variants
2022-03-12 21:54:37 INFO::Start gene z score imputation ...
2022-03-12 21:54:37 INFO::Using given LD matrices to impute gene z score.
2022-03-12 22:02:29 INFO::Imputation done, writing results to output...
2022-03-12 22:02:30 INFO::Imputation done: number of genes with imputed expression: 511 for chr 7
2022-03-12 22:02:30 INFO::Flipping z scores to match LD reference
2022-03-12 22:02:34 INFO::Harmonizing strand-ambiguous z scores using imputation by region
2022-03-12 22:18:58 INFO::Reading weights for chromosome 8
2022-03-12 22:18:58 INFO::Number of genes with weights provided: 13528
2022-03-12 22:18:58 INFO::Collecting gene weight information ...
2022-03-12 22:18:58 INFO::Flipping weights to match LD reference
2022-03-12 22:18:58 INFO::Harmonizing strand ambiguous weights using correlations with unambiguous variants
2022-03-12 22:24:15 INFO::Start gene z score imputation ...
2022-03-12 22:24:15 INFO::Using given LD matrices to impute gene z score.
2022-03-12 22:30:58 INFO::Imputation done, writing results to output...
2022-03-12 22:30:59 INFO::Imputation done: number of genes with imputed expression: 407 for chr 8
2022-03-12 22:31:00 INFO::Flipping z scores to match LD reference
2022-03-12 22:31:03 INFO::Harmonizing strand-ambiguous z scores using imputation by region
2022-03-12 22:56:16 INFO::Reading weights for chromosome 9
2022-03-12 22:56:16 INFO::Number of genes with weights provided: 13528
2022-03-12 22:56:16 INFO::Collecting gene weight information ...
2022-03-12 22:56:16 INFO::Flipping weights to match LD reference
2022-03-12 22:56:16 INFO::Harmonizing strand ambiguous weights using correlations with unambiguous variants
2022-03-12 23:06:13 INFO::Start gene z score imputation ...
2022-03-12 23:06:13 INFO::Using given LD matrices to impute gene z score.
2022-03-12 23:11:41 INFO::Imputation done, writing results to output...
2022-03-12 23:11:42 INFO::Imputation done: number of genes with imputed expression: 386 for chr 9
2022-03-12 23:11:43 INFO::Flipping z scores to match LD reference
2022-03-12 23:11:45 INFO::Harmonizing strand-ambiguous z scores using imputation by region
2022-03-12 23:26:41 INFO::Reading weights for chromosome 10
2022-03-12 23:26:41 INFO::Number of genes with weights provided: 13528
2022-03-12 23:26:41 INFO::Collecting gene weight information ...
2022-03-12 23:26:41 INFO::Flipping weights to match LD reference
2022-03-12 23:26:41 INFO::Harmonizing strand ambiguous weights using correlations with unambiguous variants
2022-03-12 23:33:41 INFO::Start gene z score imputation ...
2022-03-12 23:33:41 INFO::Using given LD matrices to impute gene z score.
2022-03-12 23:40:21 INFO::Imputation done, writing results to output...
2022-03-12 23:40:21 INFO::Imputation done: number of genes with imputed expression: 416 for chr 10
2022-03-12 23:40:23 INFO::Flipping z scores to match LD reference
2022-03-12 23:40:25 INFO::Harmonizing strand-ambiguous z scores using imputation by region
2022-03-12 23:55:38 INFO::Reading weights for chromosome 11
2022-03-12 23:55:38 INFO::Number of genes with weights provided: 13528
2022-03-12 23:55:38 INFO::Collecting gene weight information ...
2022-03-12 23:55:38 INFO::Flipping weights to match LD reference
2022-03-12 23:55:38 INFO::Harmonizing strand ambiguous weights using correlations with unambiguous variants
2022-03-13 00:04:07 INFO::Start gene z score imputation ...
2022-03-13 00:04:07 INFO::Using given LD matrices to impute gene z score.
2022-03-13 00:12:18 INFO::Imputation done, writing results to output...
2022-03-13 00:12:19 INFO::Imputation done: number of genes with imputed expression: 633 for chr 11
2022-03-13 00:12:19 INFO::Flipping z scores to match LD reference
2022-03-13 00:12:22 INFO::Harmonizing strand-ambiguous z scores using imputation by region
2022-03-13 00:25:56 INFO::Reading weights for chromosome 12
2022-03-13 00:25:56 INFO::Number of genes with weights provided: 13528
2022-03-13 00:25:56 INFO::Collecting gene weight information ...
2022-03-13 00:25:56 INFO::Flipping weights to match LD reference
2022-03-13 00:25:56 INFO::Harmonizing strand ambiguous weights using correlations with unambiguous variants
2022-03-13 00:35:10 INFO::Start gene z score imputation ...
2022-03-13 00:35:10 INFO::Using given LD matrices to impute gene z score.
2022-03-13 00:43:18 INFO::Imputation done, writing results to output...
2022-03-13 00:43:20 INFO::Imputation done: number of genes with imputed expression: 601 for chr 12
2022-03-13 00:43:20 INFO::Flipping z scores to match LD reference
2022-03-13 00:43:24 INFO::Harmonizing strand-ambiguous z scores using imputation by region
2022-03-13 00:53:48 INFO::Reading weights for chromosome 13
2022-03-13 00:53:48 INFO::Number of genes with weights provided: 13528
2022-03-13 00:53:48 INFO::Collecting gene weight information ...
2022-03-13 00:53:48 INFO::Flipping weights to match LD reference
2022-03-13 00:53:48 INFO::Harmonizing strand ambiguous weights using correlations with unambiguous variants
2022-03-13 00:57:57 INFO::Start gene z score imputation ...
2022-03-13 00:57:57 INFO::Using given LD matrices to impute gene z score.
2022-03-13 01:01:58 INFO::Imputation done, writing results to output...
2022-03-13 01:01:59 INFO::Imputation done: number of genes with imputed expression: 216 for chr 13
2022-03-13 01:01:59 INFO::Flipping z scores to match LD reference
2022-03-13 01:02:02 INFO::Harmonizing strand-ambiguous z scores using imputation by region
2022-03-13 01:10:32 INFO::Reading weights for chromosome 14
2022-03-13 01:10:32 INFO::Number of genes with weights provided: 13528
2022-03-13 01:10:32 INFO::Collecting gene weight information ...
2022-03-13 01:10:32 INFO::Flipping weights to match LD reference
2022-03-13 01:10:32 INFO::Harmonizing strand ambiguous weights using correlations with unambiguous variants
2022-03-13 01:17:18 INFO::Start gene z score imputation ...
2022-03-13 01:17:18 INFO::Using given LD matrices to impute gene z score.
2022-03-13 01:21:49 INFO::Imputation done, writing results to output...
2022-03-13 01:21:49 INFO::Imputation done: number of genes with imputed expression: 346 for chr 14
2022-03-13 01:21:50 INFO::Flipping z scores to match LD reference
2022-03-13 01:21:52 INFO::Harmonizing strand-ambiguous z scores using imputation by region
2022-03-13 01:28:19 INFO::Reading weights for chromosome 15
2022-03-13 01:28:19 INFO::Number of genes with weights provided: 13528
2022-03-13 01:28:19 INFO::Collecting gene weight information ...
2022-03-13 01:28:19 INFO::Flipping weights to match LD reference
2022-03-13 01:28:19 INFO::Harmonizing strand ambiguous weights using correlations with unambiguous variants
2022-03-13 01:33:34 INFO::Start gene z score imputation ...
2022-03-13 01:33:34 INFO::Using given LD matrices to impute gene z score.
2022-03-13 01:37:40 INFO::Imputation done, writing results to output...
2022-03-13 01:37:40 INFO::Imputation done: number of genes with imputed expression: 369 for chr 15
2022-03-13 01:37:41 INFO::Flipping z scores to match LD reference
2022-03-13 01:37:44 INFO::Harmonizing strand-ambiguous z scores using imputation by region
2022-03-13 01:44:28 INFO::Reading weights for chromosome 16
2022-03-13 01:44:28 INFO::Number of genes with weights provided: 13528
2022-03-13 01:44:28 INFO::Collecting gene weight information ...
2022-03-13 01:44:28 INFO::Flipping weights to match LD reference
2022-03-13 01:44:28 INFO::Harmonizing strand ambiguous weights using correlations with unambiguous variants
2022-03-13 01:51:12 INFO::Start gene z score imputation ...
2022-03-13 01:51:12 INFO::Using given LD matrices to impute gene z score.
2022-03-13 01:56:04 INFO::Imputation done, writing results to output...
2022-03-13 01:56:04 INFO::Imputation done: number of genes with imputed expression: 482 for chr 16
2022-03-13 01:56:05 INFO::Flipping z scores to match LD reference
2022-03-13 01:56:07 INFO::Harmonizing strand-ambiguous z scores using imputation by region
2022-03-13 03:02:30 INFO::Reading weights for chromosome 17
2022-03-13 03:02:30 INFO::Number of genes with weights provided: 13528
2022-03-13 03:02:30 INFO::Collecting gene weight information ...
2022-03-13 03:02:30 INFO::Flipping weights to match LD reference
2022-03-13 03:02:30 INFO::Harmonizing strand ambiguous weights using correlations with unambiguous variants
2022-03-13 03:11:41 INFO::Start gene z score imputation ...
2022-03-13 03:11:41 INFO::Using given LD matrices to impute gene z score.
2022-03-13 03:18:06 INFO::Imputation done, writing results to output...
2022-03-13 03:18:06 INFO::Imputation done: number of genes with imputed expression: 610 for chr 17
2022-03-13 03:18:07 INFO::Flipping z scores to match LD reference
2022-03-13 03:18:09 INFO::Harmonizing strand-ambiguous z scores using imputation by region
2022-03-13 03:26:59 INFO::Reading weights for chromosome 18
2022-03-13 03:26:59 INFO::Number of genes with weights provided: 13528
2022-03-13 03:26:59 INFO::Collecting gene weight information ...
2022-03-13 03:26:59 INFO::Flipping weights to match LD reference
2022-03-13 03:26:59 INFO::Harmonizing strand ambiguous weights using correlations with unambiguous variants
2022-03-13 03:29:57 INFO::Start gene z score imputation ...
2022-03-13 03:29:57 INFO::Using given LD matrices to impute gene z score.
2022-03-13 03:33:28 INFO::Imputation done, writing results to output...
2022-03-13 03:33:29 INFO::Imputation done: number of genes with imputed expression: 161 for chr 18
2022-03-13 03:33:30 INFO::Flipping z scores to match LD reference
2022-03-13 03:33:32 INFO::Harmonizing strand-ambiguous z scores using imputation by region
2022-03-13 03:39:04 INFO::Reading weights for chromosome 19
2022-03-13 03:39:04 INFO::Number of genes with weights provided: 13528
2022-03-13 03:39:04 INFO::Collecting gene weight information ...
2022-03-13 03:39:04 INFO::Flipping weights to match LD reference
2022-03-13 03:39:04 INFO::Harmonizing strand ambiguous weights using correlations with unambiguous variants
2022-03-13 03:51:40 INFO::Start gene z score imputation ...
2022-03-13 03:51:40 INFO::Using given LD matrices to impute gene z score.
2022-03-13 04:00:01 INFO::Imputation done, writing results to output...
2022-03-13 04:00:02 INFO::Imputation done: number of genes with imputed expression: 797 for chr 19
2022-03-13 04:00:03 INFO::Flipping z scores to match LD reference
2022-03-13 04:00:05 INFO::Harmonizing strand-ambiguous z scores using imputation by region
2022-03-13 04:06:35 INFO::Reading weights for chromosome 20
2022-03-13 04:06:35 INFO::Number of genes with weights provided: 13528
2022-03-13 04:06:35 INFO::Collecting gene weight information ...
2022-03-13 04:06:35 INFO::Flipping weights to match LD reference
2022-03-13 04:06:35 INFO::Harmonizing strand ambiguous weights using correlations with unambiguous variants
2022-03-13 04:11:09 INFO::Start gene z score imputation ...
2022-03-13 04:11:09 INFO::Using given LD matrices to impute gene z score.
2022-03-13 04:15:34 INFO::Imputation done, writing results to output...
2022-03-13 04:15:35 INFO::Imputation done: number of genes with imputed expression: 322 for chr 20
2022-03-13 04:15:39 INFO::Flipping z scores to match LD reference
2022-03-13 04:15:41 INFO::Harmonizing strand-ambiguous z scores using imputation by region
2022-03-13 04:18:49 INFO::Reading weights for chromosome 21
2022-03-13 04:18:49 INFO::Number of genes with weights provided: 13528
2022-03-13 04:18:49 INFO::Collecting gene weight information ...
2022-03-13 04:18:49 INFO::Flipping weights to match LD reference
2022-03-13 04:18:49 INFO::Harmonizing strand ambiguous weights using correlations with unambiguous variants
2022-03-13 04:21:13 INFO::Start gene z score imputation ...
2022-03-13 04:21:13 INFO::Using given LD matrices to impute gene z score.
2022-03-13 04:22:49 INFO::Imputation done, writing results to output...
2022-03-13 04:22:50 INFO::Imputation done: number of genes with imputed expression: 120 for chr 21
2022-03-13 04:22:50 INFO::Flipping z scores to match LD reference
2022-03-13 04:22:53 INFO::Harmonizing strand-ambiguous z scores using imputation by region
2022-03-13 04:25:45 INFO::Reading weights for chromosome 22
2022-03-13 04:25:45 INFO::Number of genes with weights provided: 13528
2022-03-13 04:25:45 INFO::Collecting gene weight information ...
2022-03-13 04:25:45 INFO::Flipping weights to match LD reference
2022-03-13 04:25:45 INFO::Harmonizing strand ambiguous weights using correlations with unambiguous variants
2022-03-13 04:29:48 INFO::Start gene z score imputation ...
2022-03-13 04:29:48 INFO::Using given LD matrices to impute gene z score.
2022-03-13 04:32:47 INFO::Imputation done, writing results to output...
2022-03-13 04:32:48 INFO::Imputation done: number of genes with imputed expression: 273 for chr 22
2022-03-13 04:33:11 INFO::ctwas started ...
2022-03-13 04:33:29 INFO::LD region file: /home/shengqian/R/x86_64-pc-linux-gnu-library/3.6/ctwas/extdata/ldetect/EUR.b38.bed
2022-03-13 04:33:33 INFO::No. LD regions: 1700
2022-03-13 04:33:40 INFO::No. regions with at least one SNP/gene for chr1: 131
2022-03-13 04:33:40 INFO::Merge regions for chr1
2022-03-13 04:33:40 INFO::No. regions with at least one SNP/gene for chr1 after merging: 131
2022-03-13 04:33:46 INFO::No. regions with at least one SNP/gene for chr2: 144
2022-03-13 04:33:46 INFO::Merge regions for chr2
2022-03-13 04:33:46 INFO::No. regions with at least one SNP/gene for chr2 after merging: 144
2022-03-13 04:33:51 INFO::No. regions with at least one SNP/gene for chr3: 122
2022-03-13 04:33:51 INFO::Merge regions for chr3
2022-03-13 04:33:51 INFO::No. regions with at least one SNP/gene for chr3 after merging: 119
2022-03-13 04:33:56 INFO::No. regions with at least one SNP/gene for chr4: 122
2022-03-13 04:33:56 INFO::Merge regions for chr4
2022-03-13 04:33:56 INFO::No. regions with at least one SNP/gene for chr4 after merging: 122
2022-03-13 04:34:01 INFO::No. regions with at least one SNP/gene for chr5: 110
2022-03-13 04:34:01 INFO::Merge regions for chr5
2022-03-13 04:34:01 INFO::No. regions with at least one SNP/gene for chr5 after merging: 109
2022-03-13 04:34:05 INFO::No. regions with at least one SNP/gene for chr6: 112
2022-03-13 04:34:05 INFO::Merge regions for chr6
2022-03-13 04:34:05 INFO::No. regions with at least one SNP/gene for chr6 after merging: 111
2022-03-13 04:34:08 INFO::No. regions with at least one SNP/gene for chr7: 99
2022-03-13 04:34:08 INFO::Merge regions for chr7
2022-03-13 04:34:08 INFO::No. regions with at least one SNP/gene for chr7 after merging: 98
2022-03-13 04:34:12 INFO::No. regions with at least one SNP/gene for chr8: 94
2022-03-13 04:34:12 INFO::Merge regions for chr8
2022-03-13 04:34:12 INFO::No. regions with at least one SNP/gene for chr8 after merging: 93
2022-03-13 04:34:14 INFO::No. regions with at least one SNP/gene for chr9: 74
2022-03-13 04:34:14 INFO::Merge regions for chr9
2022-03-13 04:34:14 INFO::No. regions with at least one SNP/gene for chr9 after merging: 74
2022-03-13 04:34:19 INFO::No. regions with at least one SNP/gene for chr10: 85
2022-03-13 04:34:19 INFO::Merge regions for chr10
2022-03-13 04:34:19 INFO::No. regions with at least one SNP/gene for chr10 after merging: 84
2022-03-13 04:34:21 INFO::No. regions with at least one SNP/gene for chr11: 84
2022-03-13 04:34:21 INFO::Merge regions for chr11
2022-03-13 04:34:21 INFO::No. regions with at least one SNP/gene for chr11 after merging: 82
2022-03-13 04:34:25 INFO::No. regions with at least one SNP/gene for chr12: 82
2022-03-13 04:34:25 INFO::Merge regions for chr12
2022-03-13 04:34:25 INFO::No. regions with at least one SNP/gene for chr12 after merging: 81
2022-03-13 04:34:27 INFO::No. regions with at least one SNP/gene for chr13: 62
2022-03-13 04:34:27 INFO::Merge regions for chr13
2022-03-13 04:34:27 INFO::No. regions with at least one SNP/gene for chr13 after merging: 61
2022-03-13 04:34:29 INFO::No. regions with at least one SNP/gene for chr14: 56
2022-03-13 04:34:29 INFO::Merge regions for chr14
2022-03-13 04:34:29 INFO::No. regions with at least one SNP/gene for chr14 after merging: 55
2022-03-13 04:34:31 INFO::No. regions with at least one SNP/gene for chr15: 50
2022-03-13 04:34:31 INFO::Merge regions for chr15
2022-03-13 04:34:31 INFO::No. regions with at least one SNP/gene for chr15 after merging: 50
2022-03-13 04:34:32 INFO::No. regions with at least one SNP/gene for chr16: 54
2022-03-13 04:34:32 INFO::Merge regions for chr16
2022-03-13 04:34:32 INFO::No. regions with at least one SNP/gene for chr16 after merging: 54
2022-03-13 04:34:35 INFO::No. regions with at least one SNP/gene for chr17: 47
2022-03-13 04:34:35 INFO::Merge regions for chr17
2022-03-13 04:34:35 INFO::No. regions with at least one SNP/gene for chr17 after merging: 47
2022-03-13 04:34:37 INFO::No. regions with at least one SNP/gene for chr18: 47
2022-03-13 04:34:37 INFO::Merge regions for chr18
2022-03-13 04:34:37 INFO::No. regions with at least one SNP/gene for chr18 after merging: 47
2022-03-13 04:34:38 INFO::No. regions with at least one SNP/gene for chr19: 39
2022-03-13 04:34:38 INFO::Merge regions for chr19
2022-03-13 04:34:38 INFO::No. regions with at least one SNP/gene for chr19 after merging: 38
2022-03-13 04:34:39 INFO::No. regions with at least one SNP/gene for chr20: 38
2022-03-13 04:34:39 INFO::Merge regions for chr20
2022-03-13 04:34:39 INFO::No. regions with at least one SNP/gene for chr20 after merging: 36
2022-03-13 04:34:41 INFO::No. regions with at least one SNP/gene for chr21: 24
2022-03-13 04:34:41 INFO::Merge regions for chr21
2022-03-13 04:34:41 INFO::No. regions with at least one SNP/gene for chr21 after merging: 24
2022-03-13 04:34:42 INFO::No. regions with at least one SNP/gene for chr22: 24
2022-03-13 04:34:42 INFO::Merge regions for chr22
2022-03-13 04:34:42 INFO::No. regions with at least one SNP/gene for chr22 after merging: 24
2022-03-13 04:34:42 INFO::Trim regions with SNPs more than Inf
2022-03-13 04:34:42 INFO::Adding R matrix info, as genotype is not given
2022-03-13 04:34:42 INFO::Adding R matrix info for chrom 1
2022-03-13 04:43:48 INFO::Adding R matrix info for chrom 2
2022-03-13 04:53:09 INFO::Adding R matrix info for chrom 3
2022-03-13 05:01:21 INFO::Adding R matrix info for chrom 4
2022-03-13 05:08:10 INFO::Adding R matrix info for chrom 5
2022-03-13 05:14:34 INFO::Adding R matrix info for chrom 6
2022-03-13 05:21:57 INFO::Adding R matrix info for chrom 7
2022-03-13 05:27:54 INFO::Adding R matrix info for chrom 8
2022-03-13 05:34:35 INFO::Adding R matrix info for chrom 9
2022-03-13 05:40:10 INFO::Adding R matrix info for chrom 10
2022-03-13 05:46:07 INFO::Adding R matrix info for chrom 11
2022-03-13 05:52:47 INFO::Adding R matrix info for chrom 12
2022-03-13 05:58:43 INFO::Adding R matrix info for chrom 13
2022-03-13 06:02:30 INFO::Adding R matrix info for chrom 14
2022-03-13 06:06:24 INFO::Adding R matrix info for chrom 15
2022-03-13 06:09:28 INFO::Adding R matrix info for chrom 16
2022-03-13 06:12:52 INFO::Adding R matrix info for chrom 17
2022-03-13 06:16:36 INFO::Adding R matrix info for chrom 18
2022-03-13 06:19:40 INFO::Adding R matrix info for chrom 19
2022-03-13 06:24:05 INFO::Adding R matrix info for chrom 20
2022-03-13 06:27:05 INFO::Adding R matrix info for chrom 21
2022-03-13 06:28:15 INFO::Adding R matrix info for chrom 22
2022-03-13 06:29:50 INFO::Run susie iteratively, getting rough estimate ...
2022-03-13 06:29:50 INFO::run iteration 1
starting worker pid=49238 on localhost:11955 at 06:29:51.269
starting worker pid=49252 on localhost:11955 at 06:29:52.229
starting worker pid=49266 on localhost:11955 at 06:29:53.212
starting worker pid=49280 on localhost:11955 at 06:29:54.162
starting worker pid=49294 on localhost:11955 at 06:29:55.145
starting worker pid=49307 on localhost:11955 at 06:29:56.119
starting worker pid=49321 on localhost:11955 at 06:29:57.097
starting worker pid=49335 on localhost:11955 at 06:29:58.066
starting worker pid=49349 on localhost:11955 at 06:29:59.035
starting worker pid=49363 on localhost:11955 at 06:29:59.995
2022-03-13 06:45:42 INFO::After iteration 1, gene prior 0.00332950309564412:, SNP prior:0.00224254193828196
2022-03-13 06:45:42 INFO::run iteration 2
