[1] "/project2/xinhe/shengqian/cTWAS/cTWAS_analysis/data/UKBB/ieu-b-42.vcf.gz"                              
[2] "/project2/mstephens/wcrouse/UKB_LDR_0.1"                                                               
[3] "/project2/compbio/predictdb/mashr_models/mashr_Brain_Nucleus_accumbens_basal_ganglia.db"               
[4] "/project2/xinhe/shengqian/cTWAS/cTWAS_analysis/code/ctwas_config.R"                                    
[5] "SCZ_Brain_Nucleus_accumbens_basal_ganglia_expr"                                                        
[6] "SCZ_Brain_Nucleus_accumbens_basal_ganglia_ctwas"                                                       
[7] "/project2/xinhe/shengqian/cTWAS/cTWAS_analysis/data/SCZ_2014_EUR/Brain_Nucleus_accumbens_basal_ganglia"
2022-03-12 17:42:29 INFO::Flipping z scores to match LD reference
2022-03-12 17:42:31 INFO::Harmonizing strand-ambiguous z scores using imputation by region
2022-03-12 18:02:49 INFO::Reading weights for chromosome 1
2022-03-12 18:02:50 INFO::Number of genes with weights provided: 14062
2022-03-12 18:02:50 INFO::Collecting gene weight information ...
2022-03-12 18:02:50 INFO::Flipping weights to match LD reference
2022-03-12 18:02:50 INFO::Harmonizing strand ambiguous weights using correlations with unambiguous variants
2022-03-12 18:21:19 INFO::Start gene z score imputation ...
2022-03-12 18:21:19 INFO::Using given LD matrices to impute gene z score.
2022-03-12 18:34:54 INFO::Imputation done, writing results to output...
2022-03-12 18:34:55 INFO::Imputation done: number of genes with imputed expression: 1097 for chr 1
2022-03-12 18:34:56 INFO::Flipping z scores to match LD reference
2022-03-12 18:35:00 INFO::Harmonizing strand-ambiguous z scores using imputation by region
2022-03-12 18:58:41 INFO::Reading weights for chromosome 2
2022-03-12 18:58:41 INFO::Number of genes with weights provided: 14062
2022-03-12 18:58:41 INFO::Collecting gene weight information ...
2022-03-12 18:58:41 INFO::Flipping weights to match LD reference
2022-03-12 18:58:41 INFO::Harmonizing strand ambiguous weights using correlations with unambiguous variants
2022-03-12 19:12:03 INFO::Start gene z score imputation ...
2022-03-12 19:12:03 INFO::Using given LD matrices to impute gene z score.
2022-03-12 19:25:04 INFO::Imputation done, writing results to output...
2022-03-12 19:25:05 INFO::Imputation done: number of genes with imputed expression: 789 for chr 2
2022-03-12 19:25:06 INFO::Flipping z scores to match LD reference
2022-03-12 19:25:09 INFO::Harmonizing strand-ambiguous z scores using imputation by region
2022-03-12 19:41:58 INFO::Reading weights for chromosome 3
2022-03-12 19:41:58 INFO::Number of genes with weights provided: 14062
2022-03-12 19:41:58 INFO::Collecting gene weight information ...
2022-03-12 19:41:58 INFO::Flipping weights to match LD reference
2022-03-12 19:41:58 INFO::Harmonizing strand ambiguous weights using correlations with unambiguous variants
2022-03-12 19:50:56 INFO::Start gene z score imputation ...
2022-03-12 19:50:56 INFO::Using given LD matrices to impute gene z score.
2022-03-12 19:59:13 INFO::Imputation done, writing results to output...
2022-03-12 19:59:14 INFO::Imputation done: number of genes with imputed expression: 659 for chr 3
2022-03-12 19:59:15 INFO::Flipping z scores to match LD reference
2022-03-12 19:59:18 INFO::Harmonizing strand-ambiguous z scores using imputation by region
2022-03-12 20:18:26 INFO::Reading weights for chromosome 4
2022-03-12 20:18:26 INFO::Number of genes with weights provided: 14062
2022-03-12 20:18:26 INFO::Collecting gene weight information ...
2022-03-12 20:18:26 INFO::Flipping weights to match LD reference
2022-03-12 20:18:26 INFO::Harmonizing strand ambiguous weights using correlations with unambiguous variants
2022-03-12 20:25:53 INFO::Start gene z score imputation ...
2022-03-12 20:25:53 INFO::Using given LD matrices to impute gene z score.
2022-03-12 20:34:06 INFO::Imputation done, writing results to output...
2022-03-12 20:34:07 INFO::Imputation done: number of genes with imputed expression: 431 for chr 4
2022-03-12 20:34:08 INFO::Flipping z scores to match LD reference
2022-03-12 20:34:12 INFO::Harmonizing strand-ambiguous z scores using imputation by region
2022-03-12 20:49:36 INFO::Reading weights for chromosome 5
2022-03-12 20:49:36 INFO::Number of genes with weights provided: 14062
2022-03-12 20:49:36 INFO::Collecting gene weight information ...
2022-03-12 20:49:36 INFO::Flipping weights to match LD reference
2022-03-12 20:49:36 INFO::Harmonizing strand ambiguous weights using correlations with unambiguous variants
2022-03-12 20:57:18 INFO::Start gene z score imputation ...
2022-03-12 20:57:18 INFO::Using given LD matrices to impute gene z score.
2022-03-12 21:05:21 INFO::Imputation done, writing results to output...
2022-03-12 21:05:22 INFO::Imputation done: number of genes with imputed expression: 555 for chr 5
2022-03-12 21:05:22 INFO::Flipping z scores to match LD reference
2022-03-12 21:05:26 INFO::Harmonizing strand-ambiguous z scores using imputation by region
2022-03-12 21:23:17 INFO::Reading weights for chromosome 6
2022-03-12 21:23:17 INFO::Number of genes with weights provided: 14062
2022-03-12 21:23:17 INFO::Collecting gene weight information ...
2022-03-12 21:23:17 INFO::Flipping weights to match LD reference
2022-03-12 21:23:17 INFO::Harmonizing strand ambiguous weights using correlations with unambiguous variants
2022-03-12 21:37:59 INFO::Start gene z score imputation ...
2022-03-12 21:37:59 INFO::Using given LD matrices to impute gene z score.
2022-03-12 21:47:10 INFO::Imputation done, writing results to output...
2022-03-12 21:47:10 INFO::Imputation done: number of genes with imputed expression: 642 for chr 6
2022-03-12 21:47:11 INFO::Flipping z scores to match LD reference
2022-03-12 21:47:13 INFO::Harmonizing strand-ambiguous z scores using imputation by region
2022-03-12 22:03:24 INFO::Reading weights for chromosome 7
2022-03-12 22:03:24 INFO::Number of genes with weights provided: 14062
2022-03-12 22:03:24 INFO::Collecting gene weight information ...
2022-03-12 22:03:24 INFO::Flipping weights to match LD reference
2022-03-12 22:03:24 INFO::Harmonizing strand ambiguous weights using correlations with unambiguous variants
2022-03-12 22:12:14 INFO::Start gene z score imputation ...
2022-03-12 22:12:14 INFO::Using given LD matrices to impute gene z score.
2022-03-12 22:21:36 INFO::Imputation done, writing results to output...
2022-03-12 22:21:36 INFO::Imputation done: number of genes with imputed expression: 549 for chr 7
2022-03-12 22:21:37 INFO::Flipping z scores to match LD reference
2022-03-12 22:21:40 INFO::Harmonizing strand-ambiguous z scores using imputation by region
2022-03-12 22:37:32 INFO::Reading weights for chromosome 8
2022-03-12 22:37:32 INFO::Number of genes with weights provided: 14062
2022-03-12 22:37:32 INFO::Collecting gene weight information ...
2022-03-12 22:37:32 INFO::Flipping weights to match LD reference
2022-03-12 22:37:32 INFO::Harmonizing strand ambiguous weights using correlations with unambiguous variants
2022-03-12 22:43:33 INFO::Start gene z score imputation ...
2022-03-12 22:43:33 INFO::Using given LD matrices to impute gene z score.
2022-03-12 22:50:07 INFO::Imputation done, writing results to output...
2022-03-12 22:50:07 INFO::Imputation done: number of genes with imputed expression: 417 for chr 8
2022-03-12 22:50:08 INFO::Flipping z scores to match LD reference
2022-03-12 22:50:10 INFO::Harmonizing strand-ambiguous z scores using imputation by region
2022-03-12 23:01:51 INFO::Reading weights for chromosome 9
2022-03-12 23:01:51 INFO::Number of genes with weights provided: 14062
2022-03-12 23:01:51 INFO::Collecting gene weight information ...
2022-03-12 23:01:51 INFO::Flipping weights to match LD reference
2022-03-12 23:01:51 INFO::Harmonizing strand ambiguous weights using correlations with unambiguous variants
2022-03-12 23:09:46 INFO::Start gene z score imputation ...
2022-03-12 23:09:46 INFO::Using given LD matrices to impute gene z score.
2022-03-12 23:16:13 INFO::Imputation done, writing results to output...
2022-03-12 23:16:14 INFO::Imputation done: number of genes with imputed expression: 406 for chr 9
2022-03-12 23:16:15 INFO::Flipping z scores to match LD reference
2022-03-12 23:16:18 INFO::Harmonizing strand-ambiguous z scores using imputation by region
2022-03-12 23:31:07 INFO::Reading weights for chromosome 10
2022-03-12 23:31:07 INFO::Number of genes with weights provided: 14062
2022-03-12 23:31:07 INFO::Collecting gene weight information ...
2022-03-12 23:31:07 INFO::Flipping weights to match LD reference
2022-03-12 23:31:07 INFO::Harmonizing strand ambiguous weights using correlations with unambiguous variants
2022-03-12 23:37:55 INFO::Start gene z score imputation ...
2022-03-12 23:37:55 INFO::Using given LD matrices to impute gene z score.
2022-03-12 23:44:46 INFO::Imputation done, writing results to output...
2022-03-12 23:44:46 INFO::Imputation done: number of genes with imputed expression: 435 for chr 10
2022-03-12 23:44:47 INFO::Flipping z scores to match LD reference
2022-03-12 23:44:51 INFO::Harmonizing strand-ambiguous z scores using imputation by region
2022-03-13 00:00:08 INFO::Reading weights for chromosome 11
2022-03-13 00:00:08 INFO::Number of genes with weights provided: 14062
2022-03-13 00:00:08 INFO::Collecting gene weight information ...
2022-03-13 00:00:08 INFO::Flipping weights to match LD reference
2022-03-13 00:00:08 INFO::Harmonizing strand ambiguous weights using correlations with unambiguous variants
2022-03-13 00:10:57 INFO::Start gene z score imputation ...
2022-03-13 00:10:57 INFO::Using given LD matrices to impute gene z score.
2022-03-13 00:19:37 INFO::Imputation done, writing results to output...
2022-03-13 00:19:37 INFO::Imputation done: number of genes with imputed expression: 664 for chr 11
2022-03-13 00:19:38 INFO::Flipping z scores to match LD reference
2022-03-13 00:19:41 INFO::Harmonizing strand-ambiguous z scores using imputation by region
2022-03-13 00:33:14 INFO::Reading weights for chromosome 12
2022-03-13 00:33:14 INFO::Number of genes with weights provided: 14062
2022-03-13 00:33:14 INFO::Collecting gene weight information ...
2022-03-13 00:33:14 INFO::Flipping weights to match LD reference
2022-03-13 00:33:14 INFO::Harmonizing strand ambiguous weights using correlations with unambiguous variants
2022-03-13 00:42:06 INFO::Start gene z score imputation ...
2022-03-13 00:42:06 INFO::Using given LD matrices to impute gene z score.
2022-03-13 00:51:00 INFO::Imputation done, writing results to output...
2022-03-13 00:51:01 INFO::Imputation done: number of genes with imputed expression: 627 for chr 12
2022-03-13 00:51:02 INFO::Flipping z scores to match LD reference
2022-03-13 00:51:05 INFO::Harmonizing strand-ambiguous z scores using imputation by region
2022-03-13 01:01:32 INFO::Reading weights for chromosome 13
2022-03-13 01:01:32 INFO::Number of genes with weights provided: 14062
2022-03-13 01:01:32 INFO::Collecting gene weight information ...
2022-03-13 01:01:32 INFO::Flipping weights to match LD reference
2022-03-13 01:01:32 INFO::Harmonizing strand ambiguous weights using correlations with unambiguous variants
2022-03-13 01:04:41 INFO::Start gene z score imputation ...
2022-03-13 01:04:41 INFO::Using given LD matrices to impute gene z score.
2022-03-13 01:09:19 INFO::Imputation done, writing results to output...
2022-03-13 01:09:19 INFO::Imputation done: number of genes with imputed expression: 214 for chr 13
2022-03-13 01:09:20 INFO::Flipping z scores to match LD reference
2022-03-13 01:09:23 INFO::Harmonizing strand-ambiguous z scores using imputation by region
2022-03-13 01:18:04 INFO::Reading weights for chromosome 14
2022-03-13 01:18:04 INFO::Number of genes with weights provided: 14062
2022-03-13 01:18:04 INFO::Collecting gene weight information ...
2022-03-13 01:18:04 INFO::Flipping weights to match LD reference
2022-03-13 01:18:04 INFO::Harmonizing strand ambiguous weights using correlations with unambiguous variants
2022-03-13 01:24:22 INFO::Start gene z score imputation ...
2022-03-13 01:24:22 INFO::Using given LD matrices to impute gene z score.
2022-03-13 01:29:14 INFO::Imputation done, writing results to output...
2022-03-13 01:29:15 INFO::Imputation done: number of genes with imputed expression: 368 for chr 14
2022-03-13 01:29:15 INFO::Flipping z scores to match LD reference
2022-03-13 01:29:19 INFO::Harmonizing strand-ambiguous z scores using imputation by region
2022-03-13 01:36:00 INFO::Reading weights for chromosome 15
2022-03-13 01:36:00 INFO::Number of genes with weights provided: 14062
2022-03-13 01:36:00 INFO::Collecting gene weight information ...
2022-03-13 01:36:00 INFO::Flipping weights to match LD reference
2022-03-13 01:36:00 INFO::Harmonizing strand ambiguous weights using correlations with unambiguous variants
2022-03-13 01:42:12 INFO::Start gene z score imputation ...
2022-03-13 01:42:12 INFO::Using given LD matrices to impute gene z score.
2022-03-13 01:47:36 INFO::Imputation done, writing results to output...
2022-03-13 01:47:36 INFO::Imputation done: number of genes with imputed expression: 359 for chr 15
2022-03-13 01:47:37 INFO::Flipping z scores to match LD reference
2022-03-13 01:47:40 INFO::Harmonizing strand-ambiguous z scores using imputation by region
2022-03-13 01:54:18 INFO::Reading weights for chromosome 16
2022-03-13 01:54:18 INFO::Number of genes with weights provided: 14062
2022-03-13 01:54:18 INFO::Collecting gene weight information ...
2022-03-13 01:54:18 INFO::Flipping weights to match LD reference
2022-03-13 01:54:18 INFO::Harmonizing strand ambiguous weights using correlations with unambiguous variants
2022-03-13 03:01:05 INFO::Start gene z score imputation ...
2022-03-13 03:01:05 INFO::Using given LD matrices to impute gene z score.
2022-03-13 03:06:27 INFO::Imputation done, writing results to output...
2022-03-13 03:06:27 INFO::Imputation done: number of genes with imputed expression: 510 for chr 16
2022-03-13 03:06:28 INFO::Flipping z scores to match LD reference
2022-03-13 03:06:30 INFO::Harmonizing strand-ambiguous z scores using imputation by region
2022-03-13 03:12:49 INFO::Reading weights for chromosome 17
2022-03-13 03:12:49 INFO::Number of genes with weights provided: 14062
2022-03-13 03:12:49 INFO::Collecting gene weight information ...
2022-03-13 03:12:49 INFO::Flipping weights to match LD reference
2022-03-13 03:12:49 INFO::Harmonizing strand ambiguous weights using correlations with unambiguous variants
2022-03-13 03:23:16 INFO::Start gene z score imputation ...
2022-03-13 03:23:16 INFO::Using given LD matrices to impute gene z score.
2022-03-13 03:30:22 INFO::Imputation done, writing results to output...
2022-03-13 03:30:22 INFO::Imputation done: number of genes with imputed expression: 657 for chr 17
2022-03-13 03:30:23 INFO::Flipping z scores to match LD reference
2022-03-13 03:30:25 INFO::Harmonizing strand-ambiguous z scores using imputation by region
2022-03-13 03:39:10 INFO::Reading weights for chromosome 18
2022-03-13 03:39:10 INFO::Number of genes with weights provided: 14062
2022-03-13 03:39:10 INFO::Collecting gene weight information ...
2022-03-13 03:39:10 INFO::Flipping weights to match LD reference
2022-03-13 03:39:10 INFO::Harmonizing strand ambiguous weights using correlations with unambiguous variants
2022-03-13 03:43:05 INFO::Start gene z score imputation ...
2022-03-13 03:43:05 INFO::Using given LD matrices to impute gene z score.
2022-03-13 03:46:47 INFO::Imputation done, writing results to output...
2022-03-13 03:46:47 INFO::Imputation done: number of genes with imputed expression: 174 for chr 18
2022-03-13 03:46:48 INFO::Flipping z scores to match LD reference
2022-03-13 03:46:50 INFO::Harmonizing strand-ambiguous z scores using imputation by region
2022-03-13 03:52:18 INFO::Reading weights for chromosome 19
2022-03-13 03:52:18 INFO::Number of genes with weights provided: 14062
2022-03-13 03:52:18 INFO::Collecting gene weight information ...
2022-03-13 03:52:18 INFO::Flipping weights to match LD reference
2022-03-13 03:52:18 INFO::Harmonizing strand ambiguous weights using correlations with unambiguous variants
2022-03-13 04:06:59 INFO::Start gene z score imputation ...
2022-03-13 04:06:59 INFO::Using given LD matrices to impute gene z score.
2022-03-13 04:16:42 INFO::Imputation done, writing results to output...
2022-03-13 04:16:43 INFO::Imputation done: number of genes with imputed expression: 863 for chr 19
2022-03-13 04:16:43 INFO::Flipping z scores to match LD reference
2022-03-13 04:16:46 INFO::Harmonizing strand-ambiguous z scores using imputation by region
2022-03-13 04:23:01 INFO::Reading weights for chromosome 20
2022-03-13 04:23:01 INFO::Number of genes with weights provided: 14062
2022-03-13 04:23:01 INFO::Collecting gene weight information ...
2022-03-13 04:23:01 INFO::Flipping weights to match LD reference
2022-03-13 04:23:01 INFO::Harmonizing strand ambiguous weights using correlations with unambiguous variants
2022-03-13 04:28:40 INFO::Start gene z score imputation ...
2022-03-13 04:28:40 INFO::Using given LD matrices to impute gene z score.
2022-03-13 04:33:21 INFO::Imputation done, writing results to output...
2022-03-13 04:33:21 INFO::Imputation done: number of genes with imputed expression: 343 for chr 20
2022-03-13 04:33:22 INFO::Flipping z scores to match LD reference
2022-03-13 04:33:24 INFO::Harmonizing strand-ambiguous z scores using imputation by region
2022-03-13 04:36:36 INFO::Reading weights for chromosome 21
2022-03-13 04:36:36 INFO::Number of genes with weights provided: 14062
2022-03-13 04:36:36 INFO::Collecting gene weight information ...
2022-03-13 04:36:36 INFO::Flipping weights to match LD reference
2022-03-13 04:36:36 INFO::Harmonizing strand ambiguous weights using correlations with unambiguous variants
2022-03-13 04:38:53 INFO::Start gene z score imputation ...
2022-03-13 04:38:53 INFO::Using given LD matrices to impute gene z score.
2022-03-13 04:41:00 INFO::Imputation done, writing results to output...
2022-03-13 04:41:01 INFO::Imputation done: number of genes with imputed expression: 131 for chr 21
2022-03-13 04:41:01 INFO::Flipping z scores to match LD reference
2022-03-13 04:41:03 INFO::Harmonizing strand-ambiguous z scores using imputation by region
2022-03-13 04:43:58 INFO::Reading weights for chromosome 22
2022-03-13 04:43:58 INFO::Number of genes with weights provided: 14062
2022-03-13 04:43:58 INFO::Collecting gene weight information ...
2022-03-13 04:43:58 INFO::Flipping weights to match LD reference
2022-03-13 04:43:58 INFO::Harmonizing strand ambiguous weights using correlations with unambiguous variants
2022-03-13 04:48:18 INFO::Start gene z score imputation ...
2022-03-13 04:48:18 INFO::Using given LD matrices to impute gene z score.
2022-03-13 04:51:31 INFO::Imputation done, writing results to output...
2022-03-13 04:51:32 INFO::Imputation done: number of genes with imputed expression: 277 for chr 22
2022-03-13 04:51:56 INFO::ctwas started ...
2022-03-13 04:52:16 INFO::LD region file: /home/shengqian/R/x86_64-pc-linux-gnu-library/3.6/ctwas/extdata/ldetect/EUR.b38.bed
2022-03-13 04:52:22 INFO::No. LD regions: 1700
2022-03-13 04:52:31 INFO::No. regions with at least one SNP/gene for chr1: 131
2022-03-13 04:52:36 INFO::Merge regions for chr1
2022-03-13 04:52:36 INFO::No. regions with at least one SNP/gene for chr1 after merging: 128
2022-03-13 04:52:44 INFO::No. regions with at least one SNP/gene for chr2: 144
2022-03-13 04:52:44 INFO::Merge regions for chr2
2022-03-13 04:52:44 INFO::No. regions with at least one SNP/gene for chr2 after merging: 141
2022-03-13 04:52:49 INFO::No. regions with at least one SNP/gene for chr3: 122
2022-03-13 04:52:49 INFO::Merge regions for chr3
2022-03-13 04:52:49 INFO::No. regions with at least one SNP/gene for chr3 after merging: 119
2022-03-13 04:52:54 INFO::No. regions with at least one SNP/gene for chr4: 122
2022-03-13 04:52:54 INFO::Merge regions for chr4
2022-03-13 04:52:54 INFO::No. regions with at least one SNP/gene for chr4 after merging: 120
2022-03-13 04:52:59 INFO::No. regions with at least one SNP/gene for chr5: 110
2022-03-13 04:52:59 INFO::Merge regions for chr5
2022-03-13 04:52:59 INFO::No. regions with at least one SNP/gene for chr5 after merging: 107
2022-03-13 04:53:03 INFO::No. regions with at least one SNP/gene for chr6: 112
2022-03-13 04:53:03 INFO::Merge regions for chr6
2022-03-13 04:53:03 INFO::No. regions with at least one SNP/gene for chr6 after merging: 111
2022-03-13 04:53:07 INFO::No. regions with at least one SNP/gene for chr7: 99
2022-03-13 04:53:07 INFO::Merge regions for chr7
2022-03-13 04:53:07 INFO::No. regions with at least one SNP/gene for chr7 after merging: 95
2022-03-13 04:53:11 INFO::No. regions with at least one SNP/gene for chr8: 94
2022-03-13 04:53:11 INFO::Merge regions for chr8
2022-03-13 04:53:11 INFO::No. regions with at least one SNP/gene for chr8 after merging: 93
2022-03-13 04:53:13 INFO::No. regions with at least one SNP/gene for chr9: 74
2022-03-13 04:53:13 INFO::Merge regions for chr9
2022-03-13 04:53:13 INFO::No. regions with at least one SNP/gene for chr9 after merging: 73
2022-03-13 04:53:17 INFO::No. regions with at least one SNP/gene for chr10: 85
2022-03-13 04:53:17 INFO::Merge regions for chr10
2022-03-13 04:53:17 INFO::No. regions with at least one SNP/gene for chr10 after merging: 83
2022-03-13 04:53:20 INFO::No. regions with at least one SNP/gene for chr11: 84
2022-03-13 04:53:20 INFO::Merge regions for chr11
2022-03-13 04:53:20 INFO::No. regions with at least one SNP/gene for chr11 after merging: 84
2022-03-13 04:53:23 INFO::No. regions with at least one SNP/gene for chr12: 82
2022-03-13 04:53:23 INFO::Merge regions for chr12
2022-03-13 04:53:23 INFO::No. regions with at least one SNP/gene for chr12 after merging: 80
2022-03-13 04:53:25 INFO::No. regions with at least one SNP/gene for chr13: 62
2022-03-13 04:53:25 INFO::Merge regions for chr13
2022-03-13 04:53:25 INFO::No. regions with at least one SNP/gene for chr13 after merging: 60
2022-03-13 04:53:28 INFO::No. regions with at least one SNP/gene for chr14: 56
2022-03-13 04:53:28 INFO::Merge regions for chr14
2022-03-13 04:53:28 INFO::No. regions with at least one SNP/gene for chr14 after merging: 56
2022-03-13 04:53:30 INFO::No. regions with at least one SNP/gene for chr15: 50
2022-03-13 04:53:30 INFO::Merge regions for chr15
2022-03-13 04:53:30 INFO::No. regions with at least one SNP/gene for chr15 after merging: 49
2022-03-13 04:53:32 INFO::No. regions with at least one SNP/gene for chr16: 54
2022-03-13 04:53:32 INFO::Merge regions for chr16
2022-03-13 04:53:32 INFO::No. regions with at least one SNP/gene for chr16 after merging: 54
2022-03-13 04:53:35 INFO::No. regions with at least one SNP/gene for chr17: 47
2022-03-13 04:53:35 INFO::Merge regions for chr17
2022-03-13 04:53:35 INFO::No. regions with at least one SNP/gene for chr17 after merging: 47
2022-03-13 04:53:36 INFO::No. regions with at least one SNP/gene for chr18: 47
2022-03-13 04:53:46 INFO::Merge regions for chr18
2022-03-13 04:53:46 INFO::No. regions with at least one SNP/gene for chr18 after merging: 46
2022-03-13 04:53:47 INFO::No. regions with at least one SNP/gene for chr19: 39
2022-03-13 04:53:47 INFO::Merge regions for chr19
2022-03-13 04:53:47 INFO::No. regions with at least one SNP/gene for chr19 after merging: 36
2022-03-13 04:53:49 INFO::No. regions with at least one SNP/gene for chr20: 38
2022-03-13 04:53:49 INFO::Merge regions for chr20
2022-03-13 04:53:49 INFO::No. regions with at least one SNP/gene for chr20 after merging: 37
2022-03-13 04:53:50 INFO::No. regions with at least one SNP/gene for chr21: 24
2022-03-13 04:53:50 INFO::Merge regions for chr21
2022-03-13 04:53:50 INFO::No. regions with at least one SNP/gene for chr21 after merging: 23
2022-03-13 04:53:52 INFO::No. regions with at least one SNP/gene for chr22: 24
2022-03-13 04:53:52 INFO::Merge regions for chr22
2022-03-13 04:53:52 INFO::No. regions with at least one SNP/gene for chr22 after merging: 24
2022-03-13 04:53:52 INFO::Trim regions with SNPs more than Inf
2022-03-13 04:53:52 INFO::Adding R matrix info, as genotype is not given
2022-03-13 04:53:53 INFO::Adding R matrix info for chrom 1
2022-03-13 05:05:04 INFO::Adding R matrix info for chrom 2
2022-03-13 05:15:10 INFO::Adding R matrix info for chrom 3
2022-03-13 05:22:41 INFO::Adding R matrix info for chrom 4
2022-03-13 05:30:55 INFO::Adding R matrix info for chrom 5
2022-03-13 05:38:56 INFO::Adding R matrix info for chrom 6
2022-03-13 05:47:06 INFO::Adding R matrix info for chrom 7
2022-03-13 05:53:53 INFO::Adding R matrix info for chrom 8
2022-03-13 05:59:21 INFO::Adding R matrix info for chrom 9
2022-03-13 06:04:08 INFO::Adding R matrix info for chrom 10
2022-03-13 06:09:57 INFO::Adding R matrix info for chrom 11
2022-03-13 06:16:02 INFO::Adding R matrix info for chrom 12
2022-03-13 06:22:06 INFO::Adding R matrix info for chrom 13
2022-03-13 06:26:09 INFO::Adding R matrix info for chrom 14
2022-03-13 06:29:35 INFO::Adding R matrix info for chrom 15
2022-03-13 06:32:56 INFO::Adding R matrix info for chrom 16
2022-03-13 06:36:14 INFO::Adding R matrix info for chrom 17
2022-03-13 06:39:42 INFO::Adding R matrix info for chrom 18
2022-03-13 06:42:43 INFO::Adding R matrix info for chrom 19
2022-03-13 06:48:25 INFO::Adding R matrix info for chrom 20
2022-03-13 06:51:25 INFO::Adding R matrix info for chrom 21
2022-03-13 06:53:10 INFO::Adding R matrix info for chrom 22
2022-03-13 06:54:49 INFO::Run susie iteratively, getting rough estimate ...
2022-03-13 06:54:49 INFO::run iteration 1
starting worker pid=29738 on localhost:11553 at 06:54:50.862
starting worker pid=29752 on localhost:11553 at 06:54:51.549
starting worker pid=29765 on localhost:11553 at 06:54:52.220
starting worker pid=29779 on localhost:11553 at 06:54:52.882
starting worker pid=29792 on localhost:11553 at 06:54:53.545
starting worker pid=29806 on localhost:11553 at 06:54:54.214
starting worker pid=29819 on localhost:11553 at 06:54:54.876
starting worker pid=29833 on localhost:11553 at 06:54:55.538
starting worker pid=29847 on localhost:11553 at 06:54:56.215
starting worker pid=29860 on localhost:11553 at 06:54:56.878
2022-03-13 07:10:15 INFO::After iteration 1, gene prior 0.00348016744815772:, SNP prior:0.00221298789433828
2022-03-13 07:10:15 INFO::run iteration 2
