[1] "/project2/xinhe/shengqian/cTWAS/cTWAS_analysis/data/PGC3_SCZ_wave3_public.v2.tsv"     
[2] "/project2/mstephens/wcrouse/UKB_LDR_0.1"                                              
[3] "/project2/compbio/predictdb/mashr_models/mashr_Brain_Frontal_Cortex_BA9.db"           
[4] "/project2/xinhe/shengqian/cTWAS/cTWAS_analysis/code/ctwas_config.R"                   
[5] "SCZ_Brain_Frontal_Cortex_BA9_expr"                                                    
[6] "SCZ_Brain_Frontal_Cortex_BA9_ctwas"                                                   
[7] "/project2/xinhe/shengqian/cTWAS/cTWAS_analysis/data/SCZ_2020/Brain_Frontal_Cortex_BA9"
2022-03-11 22:28:59 INFO::Flipping z scores to match LD reference
2022-03-11 22:29:02 INFO::Harmonizing strand-ambiguous z scores using imputation by region
2022-03-11 22:50:02 INFO::Reading weights for chromosome 1
2022-03-11 22:50:04 INFO::Number of genes with weights provided: 14091
2022-03-11 22:50:04 INFO::Collecting gene weight information ...
2022-03-11 22:50:04 INFO::Flipping weights to match LD reference
2022-03-11 22:50:04 INFO::Harmonizing strand ambiguous weights using correlations with unambiguous variants
2022-03-11 23:06:52 INFO::Start gene z score imputation ...
2022-03-11 23:06:52 INFO::Using given LD matrices to impute gene z score.
2022-03-11 23:19:55 INFO::Imputation done, writing results to output...
2022-03-11 23:19:55 INFO::Imputation done: number of genes with imputed expression: 1143 for chr 1
2022-03-11 23:19:56 INFO::Flipping z scores to match LD reference
2022-03-11 23:19:59 INFO::Harmonizing strand-ambiguous z scores using imputation by region
2022-03-11 23:44:25 INFO::Reading weights for chromosome 2
2022-03-11 23:44:25 INFO::Number of genes with weights provided: 14091
2022-03-11 23:44:25 INFO::Collecting gene weight information ...
2022-03-11 23:44:25 INFO::Flipping weights to match LD reference
2022-03-11 23:44:25 INFO::Harmonizing strand ambiguous weights using correlations with unambiguous variants
2022-03-11 23:56:21 INFO::Start gene z score imputation ...
2022-03-11 23:56:21 INFO::Using given LD matrices to impute gene z score.
2022-03-12 00:07:54 INFO::Imputation done, writing results to output...
2022-03-12 00:07:54 INFO::Imputation done: number of genes with imputed expression: 827 for chr 2
2022-03-12 00:07:55 INFO::Flipping z scores to match LD reference
2022-03-12 00:07:56 INFO::Harmonizing strand-ambiguous z scores using imputation by region
2022-03-12 00:24:57 INFO::Reading weights for chromosome 3
2022-03-12 00:24:57 INFO::Number of genes with weights provided: 14091
2022-03-12 00:24:57 INFO::Collecting gene weight information ...
2022-03-12 00:24:57 INFO::Flipping weights to match LD reference
2022-03-12 00:24:57 INFO::Harmonizing strand ambiguous weights using correlations with unambiguous variants
2022-03-12 00:33:02 INFO::Start gene z score imputation ...
2022-03-12 00:33:02 INFO::Using given LD matrices to impute gene z score.
2022-03-12 00:42:05 INFO::Imputation done, writing results to output...
2022-03-12 00:42:05 INFO::Imputation done: number of genes with imputed expression: 640 for chr 3
2022-03-12 00:42:06 INFO::Flipping z scores to match LD reference
2022-03-12 00:42:08 INFO::Harmonizing strand-ambiguous z scores using imputation by region
2022-03-12 01:01:37 INFO::Reading weights for chromosome 4
2022-03-12 01:01:37 INFO::Number of genes with weights provided: 14091
2022-03-12 01:01:37 INFO::Collecting gene weight information ...
2022-03-12 01:01:37 INFO::Flipping weights to match LD reference
2022-03-12 01:01:37 INFO::Harmonizing strand ambiguous weights using correlations with unambiguous variants
2022-03-12 01:08:29 INFO::Start gene z score imputation ...
2022-03-12 01:08:29 INFO::Using given LD matrices to impute gene z score.
2022-03-12 01:15:55 INFO::Imputation done, writing results to output...
2022-03-12 01:15:55 INFO::Imputation done: number of genes with imputed expression: 455 for chr 4
2022-03-12 01:15:56 INFO::Flipping z scores to match LD reference
2022-03-12 01:15:58 INFO::Harmonizing strand-ambiguous z scores using imputation by region
2022-03-12 01:32:03 INFO::Reading weights for chromosome 5
2022-03-12 01:32:03 INFO::Number of genes with weights provided: 14091
2022-03-12 01:32:03 INFO::Collecting gene weight information ...
2022-03-12 01:32:03 INFO::Flipping weights to match LD reference
2022-03-12 01:32:03 INFO::Harmonizing strand ambiguous weights using correlations with unambiguous variants
2022-03-12 01:38:42 INFO::Start gene z score imputation ...
2022-03-12 01:38:42 INFO::Using given LD matrices to impute gene z score.
2022-03-12 01:46:16 INFO::Imputation done, writing results to output...
2022-03-12 01:46:17 INFO::Imputation done: number of genes with imputed expression: 564 for chr 5
2022-03-12 01:46:18 INFO::Flipping z scores to match LD reference
2022-03-12 01:46:19 INFO::Harmonizing strand-ambiguous z scores using imputation by region
2022-03-12 02:03:32 INFO::Reading weights for chromosome 6
2022-03-12 02:03:32 INFO::Number of genes with weights provided: 14091
2022-03-12 02:03:32 INFO::Collecting gene weight information ...
2022-03-12 02:03:32 INFO::Flipping weights to match LD reference
2022-03-12 02:03:32 INFO::Harmonizing strand ambiguous weights using correlations with unambiguous variants
2022-03-12 02:15:46 INFO::Start gene z score imputation ...
2022-03-12 02:15:46 INFO::Using given LD matrices to impute gene z score.
2022-03-12 02:25:26 INFO::Imputation done, writing results to output...
2022-03-12 02:25:26 INFO::Imputation done: number of genes with imputed expression: 662 for chr 6
2022-03-12 02:25:27 INFO::Flipping z scores to match LD reference
2022-03-12 02:25:29 INFO::Harmonizing strand-ambiguous z scores using imputation by region
2022-03-12 02:42:06 INFO::Reading weights for chromosome 7
2022-03-12 02:42:06 INFO::Number of genes with weights provided: 14091
2022-03-12 02:42:06 INFO::Collecting gene weight information ...
2022-03-12 02:42:06 INFO::Flipping weights to match LD reference
2022-03-12 02:42:06 INFO::Harmonizing strand ambiguous weights using correlations with unambiguous variants
2022-03-12 02:50:00 INFO::Start gene z score imputation ...
2022-03-12 02:50:00 INFO::Using given LD matrices to impute gene z score.
2022-03-12 02:57:14 INFO::Imputation done, writing results to output...
2022-03-12 02:57:14 INFO::Imputation done: number of genes with imputed expression: 528 for chr 7
2022-03-12 02:57:15 INFO::Flipping z scores to match LD reference
2022-03-12 02:57:17 INFO::Harmonizing strand-ambiguous z scores using imputation by region
2022-03-12 03:13:43 INFO::Reading weights for chromosome 8
2022-03-12 03:13:43 INFO::Number of genes with weights provided: 14091
2022-03-12 03:13:43 INFO::Collecting gene weight information ...
2022-03-12 03:13:43 INFO::Flipping weights to match LD reference
2022-03-12 03:13:43 INFO::Harmonizing strand ambiguous weights using correlations with unambiguous variants
2022-03-12 03:19:20 INFO::Start gene z score imputation ...
2022-03-12 03:19:20 INFO::Using given LD matrices to impute gene z score.
2022-03-12 03:26:19 INFO::Imputation done, writing results to output...
2022-03-12 03:26:19 INFO::Imputation done: number of genes with imputed expression: 440 for chr 8
2022-03-12 03:26:20 INFO::Flipping z scores to match LD reference
2022-03-12 03:26:21 INFO::Harmonizing strand-ambiguous z scores using imputation by region
2022-03-12 03:38:27 INFO::Reading weights for chromosome 9
2022-03-12 03:38:27 INFO::Number of genes with weights provided: 14091
2022-03-12 03:38:27 INFO::Collecting gene weight information ...
2022-03-12 03:38:27 INFO::Flipping weights to match LD reference
2022-03-12 03:38:27 INFO::Harmonizing strand ambiguous weights using correlations with unambiguous variants
2022-03-12 03:44:07 INFO::Start gene z score imputation ...
2022-03-12 03:44:07 INFO::Using given LD matrices to impute gene z score.
2022-03-12 03:49:36 INFO::Imputation done, writing results to output...
2022-03-12 03:49:36 INFO::Imputation done: number of genes with imputed expression: 416 for chr 9
2022-03-12 03:49:37 INFO::Flipping z scores to match LD reference
2022-03-12 03:49:40 INFO::Harmonizing strand-ambiguous z scores using imputation by region
2022-03-12 04:04:37 INFO::Reading weights for chromosome 10
2022-03-12 04:04:37 INFO::Number of genes with weights provided: 14091
2022-03-12 04:04:37 INFO::Collecting gene weight information ...
2022-03-12 04:04:37 INFO::Flipping weights to match LD reference
2022-03-12 04:04:37 INFO::Harmonizing strand ambiguous weights using correlations with unambiguous variants
2022-03-12 04:13:00 INFO::Start gene z score imputation ...
2022-03-12 04:13:00 INFO::Using given LD matrices to impute gene z score.
2022-03-12 04:19:27 INFO::Imputation done, writing results to output...
2022-03-12 04:19:27 INFO::Imputation done: number of genes with imputed expression: 456 for chr 10
2022-03-12 04:19:28 INFO::Flipping z scores to match LD reference
2022-03-12 04:19:30 INFO::Harmonizing strand-ambiguous z scores using imputation by region
2022-03-12 04:34:44 INFO::Reading weights for chromosome 11
2022-03-12 04:34:44 INFO::Number of genes with weights provided: 14091
2022-03-12 04:34:44 INFO::Collecting gene weight information ...
2022-03-12 04:34:44 INFO::Flipping weights to match LD reference
2022-03-12 04:34:44 INFO::Harmonizing strand ambiguous weights using correlations with unambiguous variants
2022-03-12 04:43:16 INFO::Start gene z score imputation ...
2022-03-12 04:43:16 INFO::Using given LD matrices to impute gene z score.
2022-03-12 04:50:58 INFO::Imputation done, writing results to output...
2022-03-12 04:50:59 INFO::Imputation done: number of genes with imputed expression: 688 for chr 11
2022-03-12 04:51:00 INFO::Flipping z scores to match LD reference
2022-03-12 04:51:01 INFO::Harmonizing strand-ambiguous z scores using imputation by region
2022-03-12 05:04:31 INFO::Reading weights for chromosome 12
2022-03-12 05:04:31 INFO::Number of genes with weights provided: 14091
2022-03-12 05:04:31 INFO::Collecting gene weight information ...
2022-03-12 05:04:31 INFO::Flipping weights to match LD reference
2022-03-12 05:04:31 INFO::Harmonizing strand ambiguous weights using correlations with unambiguous variants
2022-03-12 05:13:39 INFO::Start gene z score imputation ...
2022-03-12 05:13:39 INFO::Using given LD matrices to impute gene z score.
2022-03-12 05:20:47 INFO::Imputation done, writing results to output...
2022-03-12 05:20:48 INFO::Imputation done: number of genes with imputed expression: 662 for chr 12
2022-03-12 05:20:48 INFO::Flipping z scores to match LD reference
2022-03-12 05:20:50 INFO::Harmonizing strand-ambiguous z scores using imputation by region
2022-03-12 05:31:52 INFO::Reading weights for chromosome 13
2022-03-12 05:31:52 INFO::Number of genes with weights provided: 14091
2022-03-12 05:31:52 INFO::Collecting gene weight information ...
2022-03-12 05:31:52 INFO::Flipping weights to match LD reference
2022-03-12 05:31:52 INFO::Harmonizing strand ambiguous weights using correlations with unambiguous variants
2022-03-12 05:35:31 INFO::Start gene z score imputation ...
2022-03-12 05:35:31 INFO::Using given LD matrices to impute gene z score.
2022-03-12 05:40:49 INFO::Imputation done, writing results to output...
2022-03-12 05:40:50 INFO::Imputation done: number of genes with imputed expression: 233 for chr 13
2022-03-12 05:40:51 INFO::Flipping z scores to match LD reference
2022-03-12 05:41:04 INFO::Harmonizing strand-ambiguous z scores using imputation by region
2022-03-12 05:49:43 INFO::Reading weights for chromosome 14
2022-03-12 05:49:43 INFO::Number of genes with weights provided: 14091
2022-03-12 05:49:43 INFO::Collecting gene weight information ...
2022-03-12 05:49:43 INFO::Flipping weights to match LD reference
2022-03-12 05:49:43 INFO::Harmonizing strand ambiguous weights using correlations with unambiguous variants
2022-03-12 05:55:25 INFO::Start gene z score imputation ...
2022-03-12 05:55:25 INFO::Using given LD matrices to impute gene z score.
2022-03-12 06:00:34 INFO::Imputation done, writing results to output...
2022-03-12 06:00:35 INFO::Imputation done: number of genes with imputed expression: 369 for chr 14
2022-03-12 06:00:35 INFO::Flipping z scores to match LD reference
2022-03-12 06:00:37 INFO::Harmonizing strand-ambiguous z scores using imputation by region
2022-03-12 06:07:14 INFO::Reading weights for chromosome 15
2022-03-12 06:07:14 INFO::Number of genes with weights provided: 14091
2022-03-12 06:07:14 INFO::Collecting gene weight information ...
2022-03-12 06:07:14 INFO::Flipping weights to match LD reference
2022-03-12 06:07:14 INFO::Harmonizing strand ambiguous weights using correlations with unambiguous variants
2022-03-12 06:11:43 INFO::Start gene z score imputation ...
2022-03-12 06:11:43 INFO::Using given LD matrices to impute gene z score.
2022-03-12 06:15:27 INFO::Imputation done, writing results to output...
2022-03-12 06:15:28 INFO::Imputation done: number of genes with imputed expression: 364 for chr 15
2022-03-12 06:15:29 INFO::Flipping z scores to match LD reference
2022-03-12 06:15:30 INFO::Harmonizing strand-ambiguous z scores using imputation by region
2022-03-12 06:22:33 INFO::Reading weights for chromosome 16
2022-03-12 06:22:33 INFO::Number of genes with weights provided: 14091
2022-03-12 06:22:33 INFO::Collecting gene weight information ...
2022-03-12 06:22:33 INFO::Flipping weights to match LD reference
2022-03-12 06:22:33 INFO::Harmonizing strand ambiguous weights using correlations with unambiguous variants
2022-03-12 06:28:18 INFO::Start gene z score imputation ...
2022-03-12 06:28:18 INFO::Using given LD matrices to impute gene z score.
2022-03-12 06:32:38 INFO::Imputation done, writing results to output...
2022-03-12 06:32:38 INFO::Imputation done: number of genes with imputed expression: 509 for chr 16
2022-03-12 06:32:39 INFO::Flipping z scores to match LD reference
2022-03-12 06:32:41 INFO::Harmonizing strand-ambiguous z scores using imputation by region
2022-03-12 06:39:15 INFO::Reading weights for chromosome 17
2022-03-12 06:39:15 INFO::Number of genes with weights provided: 14091
2022-03-12 06:39:15 INFO::Collecting gene weight information ...
2022-03-12 06:39:15 INFO::Flipping weights to match LD reference
2022-03-12 06:39:15 INFO::Harmonizing strand ambiguous weights using correlations with unambiguous variants
2022-03-12 06:47:33 INFO::Start gene z score imputation ...
2022-03-12 06:47:33 INFO::Using given LD matrices to impute gene z score.
2022-03-12 06:52:48 INFO::Imputation done, writing results to output...
2022-03-12 06:52:49 INFO::Imputation done: number of genes with imputed expression: 714 for chr 17
2022-03-12 06:52:50 INFO::Flipping z scores to match LD reference
2022-03-12 06:52:52 INFO::Harmonizing strand-ambiguous z scores using imputation by region
2022-03-12 07:01:44 INFO::Reading weights for chromosome 18
2022-03-12 07:01:44 INFO::Number of genes with weights provided: 14091
2022-03-12 07:01:44 INFO::Collecting gene weight information ...
2022-03-12 07:01:44 INFO::Flipping weights to match LD reference
2022-03-12 07:01:44 INFO::Harmonizing strand ambiguous weights using correlations with unambiguous variants
2022-03-12 07:05:06 INFO::Start gene z score imputation ...
2022-03-12 07:05:06 INFO::Using given LD matrices to impute gene z score.
2022-03-12 07:08:24 INFO::Imputation done, writing results to output...
2022-03-12 07:08:24 INFO::Imputation done: number of genes with imputed expression: 177 for chr 18
2022-03-12 07:08:25 INFO::Flipping z scores to match LD reference
2022-03-12 07:08:27 INFO::Harmonizing strand-ambiguous z scores using imputation by region
2022-03-12 07:14:13 INFO::Reading weights for chromosome 19
2022-03-12 07:14:13 INFO::Number of genes with weights provided: 14091
2022-03-12 07:14:13 INFO::Collecting gene weight information ...
2022-03-12 07:14:13 INFO::Flipping weights to match LD reference
2022-03-12 07:14:13 INFO::Harmonizing strand ambiguous weights using correlations with unambiguous variants
2022-03-12 07:26:51 INFO::Start gene z score imputation ...
2022-03-12 07:26:51 INFO::Using given LD matrices to impute gene z score.
2022-03-12 07:34:51 INFO::Imputation done, writing results to output...
2022-03-12 07:34:51 INFO::Imputation done: number of genes with imputed expression: 888 for chr 19
2022-03-12 07:34:52 INFO::Flipping z scores to match LD reference
2022-03-12 07:34:54 INFO::Harmonizing strand-ambiguous z scores using imputation by region
2022-03-12 07:41:29 INFO::Reading weights for chromosome 20
2022-03-12 07:41:29 INFO::Number of genes with weights provided: 14091
2022-03-12 07:41:29 INFO::Collecting gene weight information ...
2022-03-12 07:41:29 INFO::Flipping weights to match LD reference
2022-03-12 07:41:29 INFO::Harmonizing strand ambiguous weights using correlations with unambiguous variants
2022-03-12 07:46:22 INFO::Start gene z score imputation ...
2022-03-12 07:46:22 INFO::Using given LD matrices to impute gene z score.
2022-03-12 07:50:16 INFO::Imputation done, writing results to output...
2022-03-12 07:50:16 INFO::Imputation done: number of genes with imputed expression: 351 for chr 20
2022-03-12 07:50:17 INFO::Flipping z scores to match LD reference
2022-03-12 07:50:19 INFO::Harmonizing strand-ambiguous z scores using imputation by region
2022-03-12 07:53:44 INFO::Reading weights for chromosome 21
2022-03-12 07:53:44 INFO::Number of genes with weights provided: 14091
2022-03-12 07:53:44 INFO::Collecting gene weight information ...
2022-03-12 07:53:44 INFO::Flipping weights to match LD reference
2022-03-12 07:53:44 INFO::Harmonizing strand ambiguous weights using correlations with unambiguous variants
2022-03-12 07:55:39 INFO::Start gene z score imputation ...
2022-03-12 07:55:39 INFO::Using given LD matrices to impute gene z score.
2022-03-12 07:57:04 INFO::Imputation done, writing results to output...
2022-03-12 07:57:05 INFO::Imputation done: number of genes with imputed expression: 119 for chr 21
2022-03-12 07:57:05 INFO::Flipping z scores to match LD reference
2022-03-12 07:57:07 INFO::Harmonizing strand-ambiguous z scores using imputation by region
2022-03-12 08:00:14 INFO::Reading weights for chromosome 22
2022-03-12 08:00:14 INFO::Number of genes with weights provided: 14091
2022-03-12 08:00:14 INFO::Collecting gene weight information ...
2022-03-12 08:00:14 INFO::Flipping weights to match LD reference
2022-03-12 08:00:14 INFO::Harmonizing strand ambiguous weights using correlations with unambiguous variants
2022-03-12 08:03:38 INFO::Start gene z score imputation ...
2022-03-12 08:03:38 INFO::Using given LD matrices to impute gene z score.
2022-03-12 08:06:32 INFO::Imputation done, writing results to output...
2022-03-12 08:06:33 INFO::Imputation done: number of genes with imputed expression: 282 for chr 22
2022-03-12 08:06:58 INFO::ctwas started ...
2022-03-12 08:07:19 INFO::LD region file: /home/shengqian/R/x86_64-pc-linux-gnu-library/3.6/ctwas/extdata/ldetect/EUR.b38.bed
2022-03-12 08:07:20 INFO::No. LD regions: 1700
2022-03-12 08:07:27 INFO::No. regions with at least one SNP/gene for chr1: 131
2022-03-12 08:07:27 INFO::Merge regions for chr1
2022-03-12 08:07:27 INFO::No. regions with at least one SNP/gene for chr1 after merging: 126
2022-03-12 08:07:33 INFO::No. regions with at least one SNP/gene for chr2: 144
2022-03-12 08:07:33 INFO::Merge regions for chr2
2022-03-12 08:07:33 INFO::No. regions with at least one SNP/gene for chr2 after merging: 142
2022-03-12 08:07:39 INFO::No. regions with at least one SNP/gene for chr3: 122
2022-03-12 08:07:39 INFO::Merge regions for chr3
2022-03-12 08:07:39 INFO::No. regions with at least one SNP/gene for chr3 after merging: 118
2022-03-12 08:07:44 INFO::No. regions with at least one SNP/gene for chr4: 122
2022-03-12 08:07:44 INFO::Merge regions for chr4
2022-03-12 08:07:44 INFO::No. regions with at least one SNP/gene for chr4 after merging: 121
2022-03-12 08:07:49 INFO::No. regions with at least one SNP/gene for chr5: 110
2022-03-12 08:07:49 INFO::Merge regions for chr5
2022-03-12 08:07:49 INFO::No. regions with at least one SNP/gene for chr5 after merging: 108
2022-03-12 08:07:54 INFO::No. regions with at least one SNP/gene for chr6: 112
2022-03-12 08:07:54 INFO::Merge regions for chr6
2022-03-12 08:07:54 INFO::No. regions with at least one SNP/gene for chr6 after merging: 108
2022-03-12 08:07:58 INFO::No. regions with at least one SNP/gene for chr7: 99
2022-03-12 08:07:58 INFO::Merge regions for chr7
2022-03-12 08:07:58 INFO::No. regions with at least one SNP/gene for chr7 after merging: 98
2022-03-12 08:08:02 INFO::No. regions with at least one SNP/gene for chr8: 94
2022-03-12 08:08:02 INFO::Merge regions for chr8
2022-03-12 08:08:02 INFO::No. regions with at least one SNP/gene for chr8 after merging: 91
2022-03-12 08:08:05 INFO::No. regions with at least one SNP/gene for chr9: 74
2022-03-12 08:08:05 INFO::Merge regions for chr9
2022-03-12 08:08:05 INFO::No. regions with at least one SNP/gene for chr9 after merging: 73
2022-03-12 08:08:08 INFO::No. regions with at least one SNP/gene for chr10: 85
2022-03-12 08:08:08 INFO::Merge regions for chr10
2022-03-12 08:08:08 INFO::No. regions with at least one SNP/gene for chr10 after merging: 84
2022-03-12 08:08:12 INFO::No. regions with at least one SNP/gene for chr11: 84
2022-03-12 08:08:12 INFO::Merge regions for chr11
2022-03-12 08:08:12 INFO::No. regions with at least one SNP/gene for chr11 after merging: 81
2022-03-12 08:08:15 INFO::No. regions with at least one SNP/gene for chr12: 82
2022-03-12 08:08:15 INFO::Merge regions for chr12
2022-03-12 08:08:15 INFO::No. regions with at least one SNP/gene for chr12 after merging: 82
2022-03-12 08:08:18 INFO::No. regions with at least one SNP/gene for chr13: 62
2022-03-12 08:08:18 INFO::Merge regions for chr13
2022-03-12 08:08:18 INFO::No. regions with at least one SNP/gene for chr13 after merging: 59
2022-03-12 08:08:20 INFO::No. regions with at least one SNP/gene for chr14: 56
2022-03-12 08:08:20 INFO::Merge regions for chr14
2022-03-12 08:08:20 INFO::No. regions with at least one SNP/gene for chr14 after merging: 54
2022-03-12 08:08:22 INFO::No. regions with at least one SNP/gene for chr15: 50
2022-03-12 08:08:22 INFO::Merge regions for chr15
2022-03-12 08:08:22 INFO::No. regions with at least one SNP/gene for chr15 after merging: 49
2022-03-12 08:08:24 INFO::No. regions with at least one SNP/gene for chr16: 54
2022-03-12 08:08:24 INFO::Merge regions for chr16
2022-03-12 08:08:24 INFO::No. regions with at least one SNP/gene for chr16 after merging: 54
2022-03-12 08:08:26 INFO::No. regions with at least one SNP/gene for chr17: 47
2022-03-12 08:08:26 INFO::Merge regions for chr17
2022-03-12 08:08:26 INFO::No. regions with at least one SNP/gene for chr17 after merging: 47
2022-03-12 08:08:28 INFO::No. regions with at least one SNP/gene for chr18: 47
2022-03-12 08:08:28 INFO::Merge regions for chr18
2022-03-12 08:08:28 INFO::No. regions with at least one SNP/gene for chr18 after merging: 46
2022-03-12 08:08:30 INFO::No. regions with at least one SNP/gene for chr19: 39
2022-03-12 08:08:30 INFO::Merge regions for chr19
2022-03-12 08:08:30 INFO::No. regions with at least one SNP/gene for chr19 after merging: 33
2022-03-12 08:08:32 INFO::No. regions with at least one SNP/gene for chr20: 38
2022-03-12 08:08:32 INFO::Merge regions for chr20
2022-03-12 08:08:32 INFO::No. regions with at least one SNP/gene for chr20 after merging: 36
2022-03-12 08:08:34 INFO::No. regions with at least one SNP/gene for chr21: 24
2022-03-12 08:08:34 INFO::Merge regions for chr21
2022-03-12 08:08:34 INFO::No. regions with at least one SNP/gene for chr21 after merging: 24
2022-03-12 08:08:35 INFO::No. regions with at least one SNP/gene for chr22: 24
2022-03-12 08:08:35 INFO::Merge regions for chr22
2022-03-12 08:08:35 INFO::No. regions with at least one SNP/gene for chr22 after merging: 22
2022-03-12 08:08:35 INFO::Trim regions with SNPs more than Inf
2022-03-12 08:08:35 INFO::Adding R matrix info, as genotype is not given
2022-03-12 08:08:36 INFO::Adding R matrix info for chrom 1
2022-03-12 08:19:23 INFO::Adding R matrix info for chrom 2
2022-03-12 08:30:13 INFO::Adding R matrix info for chrom 3
2022-03-12 08:38:49 INFO::Adding R matrix info for chrom 4
2022-03-12 08:46:40 INFO::Adding R matrix info for chrom 5
2022-03-12 08:54:01 INFO::Adding R matrix info for chrom 6
2022-03-12 09:02:50 INFO::Adding R matrix info for chrom 7
2022-03-12 09:09:52 INFO::Adding R matrix info for chrom 8
2022-03-12 09:16:50 INFO::Adding R matrix info for chrom 9
2022-03-12 09:22:09 INFO::Adding R matrix info for chrom 10
2022-03-12 09:28:41 INFO::Adding R matrix info for chrom 11
2022-03-12 09:36:02 INFO::Adding R matrix info for chrom 12
2022-03-12 09:42:23 INFO::Adding R matrix info for chrom 13
2022-03-12 09:46:58 INFO::Adding R matrix info for chrom 14
2022-03-12 09:51:40 INFO::Adding R matrix info for chrom 15
2022-03-12 09:55:01 INFO::Adding R matrix info for chrom 16
2022-03-12 09:58:46 INFO::Adding R matrix info for chrom 17
2022-03-12 10:02:50 INFO::Adding R matrix info for chrom 18
2022-03-12 10:06:04 INFO::Adding R matrix info for chrom 19
2022-03-12 10:12:37 INFO::Adding R matrix info for chrom 20
2022-03-12 10:15:49 INFO::Adding R matrix info for chrom 21
2022-03-12 10:17:15 INFO::Adding R matrix info for chrom 22
2022-03-12 10:19:32 INFO::Run susie iteratively, getting rough estimate ...
2022-03-12 10:19:32 INFO::run iteration 1
starting worker pid=29186 on localhost:11732 at 10:19:33.209
starting worker pid=29200 on localhost:11732 at 10:19:33.633
starting worker pid=29213 on localhost:11732 at 10:19:34.040
starting worker pid=29229 on localhost:11732 at 10:19:34.440
starting worker pid=29243 on localhost:11732 at 10:19:34.823
starting worker pid=29256 on localhost:11732 at 10:19:35.207
starting worker pid=29269 on localhost:11732 at 10:19:35.593
starting worker pid=29283 on localhost:11732 at 10:19:35.973
starting worker pid=29296 on localhost:11732 at 10:19:36.355
starting worker pid=29309 on localhost:11732 at 10:19:36.741
2022-03-12 10:27:36 INFO::After iteration 1, gene prior 0.00383950054356375:, SNP prior:0.00217991355144169
2022-03-12 10:27:36 INFO::run iteration 2
starting worker pid=29861 on localhost:11732 at 10:27:37.765
starting worker pid=29874 on localhost:11732 at 10:27:38.181
starting worker pid=29888 on localhost:11732 at 10:27:38.581
starting worker pid=29901 on localhost:11732 at 10:27:38.983
starting worker pid=29914 on localhost:11732 at 10:27:39.361
starting worker pid=29928 on localhost:11732 at 10:27:39.741
starting worker pid=29941 on localhost:11732 at 10:27:40.122
starting worker pid=29954 on localhost:11732 at 10:27:40.501
starting worker pid=29968 on localhost:11732 at 10:27:40.882
starting worker pid=29981 on localhost:11732 at 10:27:41.261
2022-03-12 10:35:40 INFO::After iteration 2, gene prior 0.00499906076184819:, SNP prior:0.00193493481252721
2022-03-12 10:35:40 INFO::run iteration 3
starting worker pid=30529 on localhost:11732 at 10:35:41.070
starting worker pid=30542 on localhost:11732 at 10:35:41.459
starting worker pid=30556 on localhost:11732 at 10:35:41.848
starting worker pid=30569 on localhost:11732 at 10:35:42.263
starting worker pid=30582 on localhost:11732 at 10:35:42.659
starting worker pid=30596 on localhost:11732 at 10:35:43.052
starting worker pid=30609 on localhost:11732 at 10:35:43.444
starting worker pid=30622 on localhost:11732 at 10:35:43.834
starting worker pid=30635 on localhost:11732 at 10:35:44.213
starting worker pid=30649 on localhost:11732 at 10:35:44.590
2022-03-12 10:43:42 INFO::After iteration 3, gene prior 0.00620976841324605:, SNP prior:0.00185810794957434
2022-03-12 10:43:42 INFO::Blocks are filtered: 791 blocks left
2022-03-12 10:43:42 INFO::Run susie iteratively, getting accurate estimate ...
2022-03-12 10:43:42 INFO::run iteration 1
starting worker pid=31200 on localhost:11732 at 10:43:43.323
starting worker pid=31213 on localhost:11732 at 10:43:43.735
starting worker pid=31226 on localhost:11732 at 10:43:44.134
starting worker pid=31240 on localhost:11732 at 10:43:44.523
starting worker pid=31253 on localhost:11732 at 10:43:44.910
starting worker pid=31266 on localhost:11732 at 10:43:45.293
starting worker pid=31280 on localhost:11732 at 10:43:45.672
starting worker pid=31293 on localhost:11732 at 10:43:46.055
starting worker pid=31306 on localhost:11732 at 10:43:46.436
starting worker pid=31320 on localhost:11732 at 10:43:46.818
2022-03-12 10:48:01 INFO::After iteration 1, gene prior 0.00840414514064073:, SNP prior:0.00228461716048171
2022-03-12 10:48:01 INFO::run iteration 2
starting worker pid=32172 on localhost:11732 at 10:48:01.781
starting worker pid=32185 on localhost:11732 at 10:48:02.200
starting worker pid=32198 on localhost:11732 at 10:48:02.611
starting worker pid=32212 on localhost:11732 at 10:48:03.008
starting worker pid=32225 on localhost:11732 at 10:48:03.403
starting worker pid=32238 on localhost:11732 at 10:48:03.794
starting worker pid=32252 on localhost:11732 at 10:48:04.169
starting worker pid=32265 on localhost:11732 at 10:48:04.551
starting worker pid=32278 on localhost:11732 at 10:48:04.934
starting worker pid=32292 on localhost:11732 at 10:48:05.308
2022-03-12 10:52:17 INFO::After iteration 2, gene prior 0.00997422104760528:, SNP prior:0.00253262814096186
2022-03-12 10:52:18 INFO::run iteration 3
starting worker pid=32855 on localhost:11732 at 10:52:18.445
starting worker pid=32868 on localhost:11732 at 10:52:18.836
starting worker pid=32882 on localhost:11732 at 10:52:19.240
starting worker pid=32895 on localhost:11732 at 10:52:19.649
starting worker pid=32908 on localhost:11732 at 10:52:20.043
starting worker pid=32922 on localhost:11732 at 10:52:20.422
starting worker pid=32935 on localhost:11732 at 10:52:20.801
starting worker pid=32948 on localhost:11732 at 10:52:21.188
starting worker pid=32962 on localhost:11732 at 10:52:21.571
starting worker pid=32975 on localhost:11732 at 10:52:21.954
2022-03-12 10:56:32 INFO::After iteration 3, gene prior 0.0108929597541098:, SNP prior:0.00265486018282267
2022-03-12 10:56:32 INFO::run iteration 4
starting worker pid=33298 on localhost:11732 at 10:56:33.300
starting worker pid=33311 on localhost:11732 at 10:56:33.663
starting worker pid=33325 on localhost:11732 at 10:56:34.022
starting worker pid=33338 on localhost:11732 at 10:56:34.388
starting worker pid=33351 on localhost:11732 at 10:56:34.781
starting worker pid=33364 on localhost:11732 at 10:56:35.176
starting worker pid=33378 on localhost:11732 at 10:56:35.574
starting worker pid=33391 on localhost:11732 at 10:56:35.960
starting worker pid=33404 on localhost:11732 at 10:56:36.347
starting worker pid=33418 on localhost:11732 at 10:56:36.730
2022-03-12 11:00:48 INFO::After iteration 4, gene prior 0.0113745086346125:, SNP prior:0.00270059271437946
2022-03-12 11:00:48 INFO::run iteration 5
starting worker pid=33714 on localhost:11732 at 11:00:49.171
starting worker pid=33727 on localhost:11732 at 11:00:49.560
starting worker pid=33740 on localhost:11732 at 11:00:49.954
starting worker pid=33754 on localhost:11732 at 11:00:50.342
starting worker pid=33767 on localhost:11732 at 11:00:50.731
starting worker pid=33780 on localhost:11732 at 11:00:51.114
starting worker pid=33793 on localhost:11732 at 11:00:51.510
starting worker pid=33807 on localhost:11732 at 11:00:51.893
starting worker pid=33820 on localhost:11732 at 11:00:52.273
starting worker pid=33833 on localhost:11732 at 11:00:52.655
2022-03-12 11:05:04 INFO::After iteration 5, gene prior 0.0116414370717152:, SNP prior:0.00271532585082354
2022-03-12 11:05:04 INFO::run iteration 6
starting worker pid=34129 on localhost:11732 at 11:05:04.716
starting worker pid=34142 on localhost:11732 at 11:05:05.108
starting worker pid=34156 on localhost:11732 at 11:05:05.495
starting worker pid=34169 on localhost:11732 at 11:05:05.887
starting worker pid=34182 on localhost:11732 at 11:05:06.276
starting worker pid=34196 on localhost:11732 at 11:05:06.647
starting worker pid=34210 on localhost:11732 at 11:05:07.059
starting worker pid=34223 on localhost:11732 at 11:05:07.422
starting worker pid=34237 on localhost:11732 at 11:05:07.780
starting worker pid=34250 on localhost:11732 at 11:05:08.130
2022-03-12 11:09:18 INFO::After iteration 6, gene prior 0.01180334183923:, SNP prior:0.00271909834153066
2022-03-12 11:09:18 INFO::run iteration 7
starting worker pid=34477 on localhost:11732 at 11:09:19.344
starting worker pid=34490 on localhost:11732 at 11:09:19.727
starting worker pid=34503 on localhost:11732 at 11:09:20.108
starting worker pid=34520 on localhost:11732 at 11:09:20.505
starting worker pid=34533 on localhost:11732 at 11:09:20.903
starting worker pid=34546 on localhost:11732 at 11:09:21.296
starting worker pid=34560 on localhost:11732 at 11:09:21.682
starting worker pid=34573 on localhost:11732 at 11:09:22.069
starting worker pid=34586 on localhost:11732 at 11:09:22.449
starting worker pid=34600 on localhost:11732 at 11:09:22.831
2022-03-12 11:13:34 INFO::After iteration 7, gene prior 0.0119099583796875:, SNP prior:0.00271942674442113
2022-03-12 11:13:34 INFO::run iteration 8
starting worker pid=34899 on localhost:11732 at 11:13:35.334
starting worker pid=34912 on localhost:11732 at 11:13:35.717
starting worker pid=34925 on localhost:11732 at 11:13:36.111
starting worker pid=34938 on localhost:11732 at 11:13:36.511
starting worker pid=34953 on localhost:11732 at 11:13:36.915
starting worker pid=34966 on localhost:11732 at 11:13:37.320
starting worker pid=34979 on localhost:11732 at 11:13:37.720
starting worker pid=34994 on localhost:11732 at 11:13:38.121
starting worker pid=35007 on localhost:11732 at 11:13:38.509
starting worker pid=35020 on localhost:11732 at 11:13:38.901
2022-03-12 11:17:48 INFO::After iteration 8, gene prior 0.0119838225566507:, SNP prior:0.00271883649612434
2022-03-12 11:17:48 INFO::run iteration 9
starting worker pid=35826 on localhost:11732 at 11:17:49.271
starting worker pid=35840 on localhost:11732 at 11:17:49.657
starting worker pid=35853 on localhost:11732 at 11:17:50.036
starting worker pid=35867 on localhost:11732 at 11:17:50.417
starting worker pid=35880 on localhost:11732 at 11:17:50.803
starting worker pid=35893 on localhost:11732 at 11:17:51.187
starting worker pid=35907 on localhost:11732 at 11:17:51.558
starting worker pid=35920 on localhost:11732 at 11:17:51.922
starting worker pid=35933 on localhost:11732 at 11:17:52.320
starting worker pid=35949 on localhost:11732 at 11:17:52.687
2022-03-12 11:22:03 INFO::After iteration 9, gene prior 0.0120363942219594:, SNP prior:0.00271812421685917
2022-03-12 11:22:03 INFO::run iteration 10
starting worker pid=36473 on localhost:11732 at 11:22:04.133
starting worker pid=36486 on localhost:11732 at 11:22:04.551
starting worker pid=36499 on localhost:11732 at 11:22:04.961
starting worker pid=36513 on localhost:11732 at 11:22:05.381
starting worker pid=36526 on localhost:11732 at 11:22:05.791
starting worker pid=36539 on localhost:11732 at 11:22:06.189
starting worker pid=36553 on localhost:11732 at 11:22:06.591
starting worker pid=36566 on localhost:11732 at 11:22:06.990
starting worker pid=36579 on localhost:11732 at 11:22:07.379
starting worker pid=36592 on localhost:11732 at 11:22:07.773
2022-03-12 11:26:18 INFO::After iteration 10, gene prior 0.0120742981475573:, SNP prior:0.00271750783334016
2022-03-12 11:26:18 INFO::run iteration 11
starting worker pid=36887 on localhost:11732 at 11:26:19.393
starting worker pid=36900 on localhost:11732 at 11:26:19.820
starting worker pid=36913 on localhost:11732 at 11:26:20.241
starting worker pid=36927 on localhost:11732 at 11:26:20.665
starting worker pid=36940 on localhost:11732 at 11:26:21.072
starting worker pid=36953 on localhost:11732 at 11:26:21.471
starting worker pid=36967 on localhost:11732 at 11:26:21.871
starting worker pid=36981 on localhost:11732 at 11:26:22.270
starting worker pid=36994 on localhost:11732 at 11:26:22.689
starting worker pid=37008 on localhost:11732 at 11:26:23.092
2022-03-12 11:30:33 INFO::After iteration 11, gene prior 0.0121017904534978:, SNP prior:0.0027170246898515
2022-03-12 11:30:34 INFO::run iteration 12
starting worker pid=37315 on localhost:11732 at 11:30:34.470
starting worker pid=37329 on localhost:11732 at 11:30:34.897
starting worker pid=37342 on localhost:11732 at 11:30:35.317
starting worker pid=37355 on localhost:11732 at 11:30:35.717
starting worker pid=37369 on localhost:11732 at 11:30:36.117
starting worker pid=37382 on localhost:11732 at 11:30:36.518
starting worker pid=37395 on localhost:11732 at 11:30:36.908
starting worker pid=37409 on localhost:11732 at 11:30:37.307
starting worker pid=37422 on localhost:11732 at 11:30:37.717
starting worker pid=37435 on localhost:11732 at 11:30:38.131
2022-03-12 11:34:48 INFO::After iteration 12, gene prior 0.0121217861665543:, SNP prior:0.00271666099309341
2022-03-12 11:34:48 INFO::run iteration 13
starting worker pid=37728 on localhost:11732 at 11:34:49.183
starting worker pid=37742 on localhost:11732 at 11:34:49.600
starting worker pid=37755 on localhost:11732 at 11:34:50.031
starting worker pid=37768 on localhost:11732 at 11:34:50.460
starting worker pid=37783 on localhost:11732 at 11:34:50.871
starting worker pid=37796 on localhost:11732 at 11:34:51.280
starting worker pid=37809 on localhost:11732 at 11:34:51.701
starting worker pid=37823 on localhost:11732 at 11:34:52.115
starting worker pid=37836 on localhost:11732 at 11:34:52.536
starting worker pid=37849 on localhost:11732 at 11:34:52.963
2022-03-12 11:39:04 INFO::After iteration 13, gene prior 0.0121363460671206:, SNP prior:0.00271639197971283
2022-03-12 11:39:04 INFO::run iteration 14
starting worker pid=38075 on localhost:11732 at 11:39:04.887
starting worker pid=38088 on localhost:11732 at 11:39:05.319
starting worker pid=38102 on localhost:11732 at 11:39:05.720
starting worker pid=38115 on localhost:11732 at 11:39:06.152
starting worker pid=38130 on localhost:11732 at 11:39:06.583
starting worker pid=38144 on localhost:11732 at 11:39:07.000
starting worker pid=38157 on localhost:11732 at 11:39:07.422
starting worker pid=38170 on localhost:11732 at 11:39:07.840
starting worker pid=38184 on localhost:11732 at 11:39:08.260
starting worker pid=38197 on localhost:11732 at 11:39:08.674
2022-03-12 11:43:20 INFO::After iteration 14, gene prior 0.0121469523501623:, SNP prior:0.00271619458764482
2022-03-12 11:43:20 INFO::run iteration 15
starting worker pid=38492 on localhost:11732 at 11:43:20.930
starting worker pid=38505 on localhost:11732 at 11:43:21.372
starting worker pid=38519 on localhost:11732 at 11:43:21.806
starting worker pid=38532 on localhost:11732 at 11:43:22.241
starting worker pid=38545 on localhost:11732 at 11:43:22.678
starting worker pid=38559 on localhost:11732 at 11:43:23.109
starting worker pid=38572 on localhost:11732 at 11:43:23.532
starting worker pid=38585 on localhost:11732 at 11:43:23.953
starting worker pid=38599 on localhost:11732 at 11:43:24.377
starting worker pid=38612 on localhost:11732 at 11:43:24.800
2022-03-12 11:47:39 INFO::After iteration 15, gene prior 0.0121546794806729:, SNP prior:0.00271605029157475
2022-03-12 11:47:39 INFO::run iteration 16
starting worker pid=39406 on localhost:11732 at 11:47:39.588
starting worker pid=39419 on localhost:11732 at 11:47:40.024
starting worker pid=39432 on localhost:11732 at 11:47:40.438
starting worker pid=39446 on localhost:11732 at 11:47:40.862
starting worker pid=39459 on localhost:11732 at 11:47:41.283
starting worker pid=39472 on localhost:11732 at 11:47:41.702
starting worker pid=39486 on localhost:11732 at 11:47:42.121
starting worker pid=39499 on localhost:11732 at 11:47:42.542
starting worker pid=39512 on localhost:11732 at 11:47:42.961
starting worker pid=39526 on localhost:11732 at 11:47:43.390
2022-03-12 11:51:53 INFO::After iteration 16, gene prior 0.0121603089959421:, SNP prior:0.00271594499900879
2022-03-12 11:51:53 INFO::run iteration 17
starting worker pid=40043 on localhost:11732 at 11:51:53.845
starting worker pid=40057 on localhost:11732 at 11:51:54.300
starting worker pid=40070 on localhost:11732 at 11:51:54.702
starting worker pid=40083 on localhost:11732 at 11:51:55.107
starting worker pid=40096 on localhost:11732 at 11:51:55.497
starting worker pid=40110 on localhost:11732 at 11:51:55.890
starting worker pid=40123 on localhost:11732 at 11:51:56.277
starting worker pid=40137 on localhost:11732 at 11:51:56.669
starting worker pid=40151 on localhost:11732 at 11:51:57.054
starting worker pid=40164 on localhost:11732 at 11:51:57.453
2022-03-12 11:56:08 INFO::After iteration 17, gene prior 0.0121644101301649:, SNP prior:0.00271586823499627
2022-03-12 11:56:08 INFO::run iteration 18
starting worker pid=40458 on localhost:11732 at 11:56:09.234
starting worker pid=40471 on localhost:11732 at 11:56:09.689
starting worker pid=40484 on localhost:11732 at 11:56:10.140
starting worker pid=40498 on localhost:11732 at 11:56:10.571
starting worker pid=40511 on localhost:11732 at 11:56:10.991
starting worker pid=40524 on localhost:11732 at 11:56:11.409
starting worker pid=40538 on localhost:11732 at 11:56:11.828
starting worker pid=40551 on localhost:11732 at 11:56:12.253
starting worker pid=40564 on localhost:11732 at 11:56:12.668
starting worker pid=40578 on localhost:11732 at 11:56:13.082
2022-03-12 12:00:24 INFO::After iteration 18, gene prior 0.0121673976729438:, SNP prior:0.00271581229475389
2022-03-12 12:00:24 INFO::run iteration 19
starting worker pid=40879 on localhost:11732 at 12:00:24.814
starting worker pid=40892 on localhost:11732 at 12:00:25.271
starting worker pid=40906 on localhost:11732 at 12:00:25.719
starting worker pid=40919 on localhost:11732 at 12:00:26.171
starting worker pid=40933 on localhost:11732 at 12:00:26.613
starting worker pid=40946 on localhost:11732 at 12:00:27.050
starting worker pid=40959 on localhost:11732 at 12:00:27.470
starting worker pid=40973 on localhost:11732 at 12:00:27.891
starting worker pid=40986 on localhost:11732 at 12:00:28.313
starting worker pid=40999 on localhost:11732 at 12:00:28.733
2022-03-12 12:04:39 INFO::After iteration 19, gene prior 0.0121695738976149:, SNP prior:0.00271577153889742
2022-03-12 12:04:39 INFO::run iteration 20
starting worker pid=41223 on localhost:11732 at 12:04:40.004
starting worker pid=41237 on localhost:11732 at 12:04:40.437
starting worker pid=41250 on localhost:11732 at 12:04:40.883
starting worker pid=41264 on localhost:11732 at 12:04:41.319
starting worker pid=41277 on localhost:11732 at 12:04:41.763
starting worker pid=41290 on localhost:11732 at 12:04:42.199
starting worker pid=41304 on localhost:11732 at 12:04:42.630
starting worker pid=41317 on localhost:11732 at 12:04:43.050
starting worker pid=41330 on localhost:11732 at 12:04:43.473
starting worker pid=41344 on localhost:11732 at 12:04:43.888
2022-03-12 12:08:55 INFO::After iteration 20, gene prior 0.0121711590701237:, SNP prior:0.00271574184955269
2022-03-12 12:08:55 INFO::run iteration 21
starting worker pid=41641 on localhost:11732 at 12:08:56.111
starting worker pid=41654 on localhost:11732 at 12:08:56.529
starting worker pid=41667 on localhost:11732 at 12:08:56.961
starting worker pid=41681 on localhost:11732 at 12:08:57.377
starting worker pid=41694 on localhost:11732 at 12:08:57.791
starting worker pid=41707 on localhost:11732 at 12:08:58.208
starting worker pid=41721 on localhost:11732 at 12:08:58.633
starting worker pid=41734 on localhost:11732 at 12:08:59.049
starting worker pid=41747 on localhost:11732 at 12:08:59.470
starting worker pid=41761 on localhost:11732 at 12:08:59.890
2022-03-12 12:13:11 INFO::After iteration 21, gene prior 0.0121723136826206:, SNP prior:0.00271572022338049
2022-03-12 12:13:11 INFO::run iteration 22
starting worker pid=42053 on localhost:11732 at 12:13:11.898
starting worker pid=42067 on localhost:11732 at 12:13:12.350
starting worker pid=42080 on localhost:11732 at 12:13:12.779
starting worker pid=42093 on localhost:11732 at 12:13:13.208
starting worker pid=42107 on localhost:11732 at 12:13:13.639
starting worker pid=42120 on localhost:11732 at 12:13:14.059
starting worker pid=42133 on localhost:11732 at 12:13:14.482
starting worker pid=42147 on localhost:11732 at 12:13:14.903
starting worker pid=42160 on localhost:11732 at 12:13:15.319
starting worker pid=42173 on localhost:11732 at 12:13:15.739
2022-03-12 12:17:26 INFO::After iteration 22, gene prior 0.0121731546633686:, SNP prior:0.0027157044712349
2022-03-12 12:17:26 INFO::run iteration 23
starting worker pid=42969 on localhost:11732 at 12:17:27.239
starting worker pid=42982 on localhost:11732 at 12:17:27.673
starting worker pid=42995 on localhost:11732 at 12:17:28.104
starting worker pid=43009 on localhost:11732 at 12:17:28.518
starting worker pid=43022 on localhost:11732 at 12:17:28.944
starting worker pid=43035 on localhost:11732 at 12:17:29.354
starting worker pid=43049 on localhost:11732 at 12:17:29.792
starting worker pid=43062 on localhost:11732 at 12:17:30.210
starting worker pid=43075 on localhost:11732 at 12:17:30.634
starting worker pid=43089 on localhost:11732 at 12:17:31.063
2022-03-12 12:21:41 INFO::After iteration 23, gene prior 0.0121737671948921:, SNP prior:0.00271569299794925
2022-03-12 12:21:41 INFO::run iteration 24
starting worker pid=43613 on localhost:11732 at 12:21:42.153
starting worker pid=43626 on localhost:11732 at 12:21:42.616
starting worker pid=43640 on localhost:11732 at 12:21:43.080
starting worker pid=43653 on localhost:11732 at 12:21:43.533
starting worker pid=43666 on localhost:11732 at 12:21:43.964
starting worker pid=43695 on localhost:11732 at 12:21:44.382
starting worker pid=43708 on localhost:11732 at 12:21:44.813
starting worker pid=43721 on localhost:11732 at 12:21:45.234
starting worker pid=43735 on localhost:11732 at 12:21:45.653
starting worker pid=43748 on localhost:11732 at 12:21:46.071
2022-03-12 12:25:59 INFO::After iteration 24, gene prior 0.0121742133289233:, SNP prior:0.00271568464137955
2022-03-12 12:25:59 INFO::run iteration 25
starting worker pid=44044 on localhost:11732 at 12:26:00.331
starting worker pid=44058 on localhost:11732 at 12:26:00.739
starting worker pid=44071 on localhost:11732 at 12:26:01.149
starting worker pid=44085 on localhost:11732 at 12:26:01.556
starting worker pid=44098 on localhost:11732 at 12:26:01.971
starting worker pid=44111 on localhost:11732 at 12:26:02.389
starting worker pid=44125 on localhost:11732 at 12:26:02.809
starting worker pid=44138 on localhost:11732 at 12:26:03.229
starting worker pid=44151 on localhost:11732 at 12:26:03.648
starting worker pid=44165 on localhost:11732 at 12:26:04.074
2022-03-12 12:30:17 INFO::After iteration 25, gene prior 0.0121745382652215:, SNP prior:0.00271567855494504
2022-03-12 12:30:17 INFO::run iteration 26
starting worker pid=44462 on localhost:11732 at 12:30:17.812
starting worker pid=44475 on localhost:11732 at 12:30:18.208
starting worker pid=44488 on localhost:11732 at 12:30:18.607
starting worker pid=44502 on localhost:11732 at 12:30:19.024
starting worker pid=44515 on localhost:11732 at 12:30:19.427
starting worker pid=44528 on localhost:11732 at 12:30:19.820
starting worker pid=44541 on localhost:11732 at 12:30:20.228
starting worker pid=44555 on localhost:11732 at 12:30:20.624
starting worker pid=44568 on localhost:11732 at 12:30:21.028
starting worker pid=44581 on localhost:11732 at 12:30:21.428
2022-03-12 12:34:34 INFO::After iteration 26, gene prior 0.0121747749270137:, SNP prior:0.00271567412198129
2022-03-12 12:34:34 INFO::run iteration 27
starting worker pid=44808 on localhost:11732 at 12:34:34.897
starting worker pid=44835 on localhost:11732 at 12:34:35.358
starting worker pid=44849 on localhost:11732 at 12:34:35.792
starting worker pid=44862 on localhost:11732 at 12:34:36.222
starting worker pid=44876 on localhost:11732 at 12:34:36.640
starting worker pid=44889 on localhost:11732 at 12:34:37.063
starting worker pid=44902 on localhost:11732 at 12:34:37.481
starting worker pid=44916 on localhost:11732 at 12:34:37.904
starting worker pid=44929 on localhost:11732 at 12:34:38.322
starting worker pid=44942 on localhost:11732 at 12:34:38.739
2022-03-12 12:38:52 INFO::After iteration 27, gene prior 0.0121749472947223:, SNP prior:0.00271567089331762
2022-03-12 12:38:52 INFO::run iteration 28
starting worker pid=45242 on localhost:11732 at 12:38:53.026
starting worker pid=45255 on localhost:11732 at 12:38:53.479
starting worker pid=45269 on localhost:11732 at 12:38:53.899
starting worker pid=45282 on localhost:11732 at 12:38:54.333
starting worker pid=45295 on localhost:11732 at 12:38:54.754
starting worker pid=45309 on localhost:11732 at 12:38:55.169
starting worker pid=45322 on localhost:11732 at 12:38:55.603
starting worker pid=45335 on localhost:11732 at 12:38:56.020
starting worker pid=45349 on localhost:11732 at 12:38:56.445
starting worker pid=45362 on localhost:11732 at 12:38:56.864
2022-03-12 12:43:08 INFO::After iteration 28, gene prior 0.0121750728347124:, SNP prior:0.00271566854179271
2022-03-12 12:43:09 INFO::run iteration 29
starting worker pid=45655 on localhost:11732 at 12:43:09.480
starting worker pid=45669 on localhost:11732 at 12:43:09.896
starting worker pid=45682 on localhost:11732 at 12:43:10.328
starting worker pid=45695 on localhost:11732 at 12:43:10.762
starting worker pid=45709 on localhost:11732 at 12:43:11.181
starting worker pid=45722 on localhost:11732 at 12:43:11.599
starting worker pid=45735 on localhost:11732 at 12:43:12.018
starting worker pid=45749 on localhost:11732 at 12:43:12.438
starting worker pid=45762 on localhost:11732 at 12:43:12.859
starting worker pid=45776 on localhost:11732 at 12:43:13.279
2022-03-12 12:47:25 INFO::After iteration 29, gene prior 0.0121751642685863:, SNP prior:0.00271566682911744
2022-03-12 12:47:26 INFO::run iteration 30
starting worker pid=46567 on localhost:11732 at 12:47:26.537
starting worker pid=46581 on localhost:11732 at 12:47:26.992
starting worker pid=46594 on localhost:11732 at 12:47:27.443
starting worker pid=46608 on localhost:11732 at 12:47:27.878
starting worker pid=46621 on localhost:11732 at 12:47:28.303
starting worker pid=46634 on localhost:11732 at 12:47:28.719
starting worker pid=46648 on localhost:11732 at 12:47:29.143
starting worker pid=46661 on localhost:11732 at 12:47:29.559
starting worker pid=46674 on localhost:11732 at 12:47:29.982
starting worker pid=46688 on localhost:11732 at 12:47:30.404
2022-03-12 12:51:42 INFO::After iteration 30, gene prior 0.0121752308620052:, SNP prior:0.00271566558173533
2022-03-12 12:51:43 INFO::Run susie for all regions.
2022-03-12 12:51:43 INFO::run iteration 1
starting worker pid=47222 on localhost:11732 at 12:51:43.478
starting worker pid=47235 on localhost:11732 at 12:51:43.877
starting worker pid=47249 on localhost:11732 at 12:51:44.268
starting worker pid=47262 on localhost:11732 at 12:51:44.693
starting worker pid=47275 on localhost:11732 at 12:51:45.110
starting worker pid=47289 on localhost:11732 at 12:51:45.532
starting worker pid=47302 on localhost:11732 at 12:51:45.955
starting worker pid=47315 on localhost:11732 at 12:51:46.374
starting worker pid=47329 on localhost:11732 at 12:51:46.790
starting worker pid=47342 on localhost:11732 at 12:51:47.213
2022-03-12 12:59:44 INFO::After iteration 1, gene prior 0.0390945373619809:, SNP prior:0.00942085701292649
2022-03-12 12:59:44 INFO::No. LD regions: 1700
2022-03-12 12:59:51 INFO::No. regions with at least one SNP/gene for chr1: 131
2022-03-12 12:59:51 INFO::Merge regions for chr1
2022-03-12 12:59:51 INFO::No. regions with at least one SNP/gene for chr1 after merging: 126
2022-03-12 12:59:57 INFO::No. regions with at least one SNP/gene for chr2: 144
2022-03-12 12:59:57 INFO::Merge regions for chr2
2022-03-12 12:59:57 INFO::No. regions with at least one SNP/gene for chr2 after merging: 142
2022-03-12 13:00:02 INFO::No. regions with at least one SNP/gene for chr3: 122
2022-03-12 13:00:02 INFO::Merge regions for chr3
2022-03-12 13:00:02 INFO::No. regions with at least one SNP/gene for chr3 after merging: 118
2022-03-12 13:00:07 INFO::No. regions with at least one SNP/gene for chr4: 122
2022-03-12 13:00:07 INFO::Merge regions for chr4
2022-03-12 13:00:07 INFO::No. regions with at least one SNP/gene for chr4 after merging: 121
2022-03-12 13:00:12 INFO::No. regions with at least one SNP/gene for chr5: 110
2022-03-12 13:00:12 INFO::Merge regions for chr5
2022-03-12 13:00:12 INFO::No. regions with at least one SNP/gene for chr5 after merging: 108
2022-03-12 13:00:17 INFO::No. regions with at least one SNP/gene for chr6: 112
2022-03-12 13:00:17 INFO::Merge regions for chr6
2022-03-12 13:00:17 INFO::No. regions with at least one SNP/gene for chr6 after merging: 108
2022-03-12 13:00:20 INFO::No. regions with at least one SNP/gene for chr7: 99
2022-03-12 13:00:20 INFO::Merge regions for chr7
2022-03-12 13:00:20 INFO::No. regions with at least one SNP/gene for chr7 after merging: 98
2022-03-12 13:00:24 INFO::No. regions with at least one SNP/gene for chr8: 94
2022-03-12 13:00:24 INFO::Merge regions for chr8
2022-03-12 13:00:24 INFO::No. regions with at least one SNP/gene for chr8 after merging: 91
2022-03-12 13:00:28 INFO::No. regions with at least one SNP/gene for chr9: 74
2022-03-12 13:00:28 INFO::Merge regions for chr9
2022-03-12 13:00:28 INFO::No. regions with at least one SNP/gene for chr9 after merging: 73
2022-03-12 13:00:31 INFO::No. regions with at least one SNP/gene for chr10: 85
2022-03-12 13:00:31 INFO::Merge regions for chr10
2022-03-12 13:00:31 INFO::No. regions with at least one SNP/gene for chr10 after merging: 84
2022-03-12 13:00:34 INFO::No. regions with at least one SNP/gene for chr11: 84
2022-03-12 13:00:34 INFO::Merge regions for chr11
2022-03-12 13:00:34 INFO::No. regions with at least one SNP/gene for chr11 after merging: 81
2022-03-12 13:00:38 INFO::No. regions with at least one SNP/gene for chr12: 82
2022-03-12 13:00:38 INFO::Merge regions for chr12
2022-03-12 13:00:38 INFO::No. regions with at least one SNP/gene for chr12 after merging: 82
2022-03-12 13:00:41 INFO::No. regions with at least one SNP/gene for chr13: 62
2022-03-12 13:00:41 INFO::Merge regions for chr13
2022-03-12 13:00:41 INFO::No. regions with at least one SNP/gene for chr13 after merging: 59
2022-03-12 13:00:43 INFO::No. regions with at least one SNP/gene for chr14: 56
2022-03-12 13:00:43 INFO::Merge regions for chr14
2022-03-12 13:00:43 INFO::No. regions with at least one SNP/gene for chr14 after merging: 54
2022-03-12 13:00:46 INFO::No. regions with at least one SNP/gene for chr15: 50
2022-03-12 13:00:46 INFO::Merge regions for chr15
2022-03-12 13:00:46 INFO::No. regions with at least one SNP/gene for chr15 after merging: 49
2022-03-12 13:00:48 INFO::No. regions with at least one SNP/gene for chr16: 54
2022-03-12 13:00:48 INFO::Merge regions for chr16
2022-03-12 13:00:48 INFO::No. regions with at least one SNP/gene for chr16 after merging: 54
2022-03-12 13:00:50 INFO::No. regions with at least one SNP/gene for chr17: 47
2022-03-12 13:00:50 INFO::Merge regions for chr17
2022-03-12 13:00:50 INFO::No. regions with at least one SNP/gene for chr17 after merging: 47
2022-03-12 13:00:53 INFO::No. regions with at least one SNP/gene for chr18: 47
2022-03-12 13:00:53 INFO::Merge regions for chr18
2022-03-12 13:00:53 INFO::No. regions with at least one SNP/gene for chr18 after merging: 46
2022-03-12 13:00:55 INFO::No. regions with at least one SNP/gene for chr19: 39
2022-03-12 13:00:55 INFO::Merge regions for chr19
2022-03-12 13:00:55 INFO::No. regions with at least one SNP/gene for chr19 after merging: 33
2022-03-12 13:00:57 INFO::No. regions with at least one SNP/gene for chr20: 38
2022-03-12 13:00:57 INFO::Merge regions for chr20
2022-03-12 13:00:57 INFO::No. regions with at least one SNP/gene for chr20 after merging: 36
2022-03-12 13:00:58 INFO::No. regions with at least one SNP/gene for chr21: 24
2022-03-12 13:00:58 INFO::Merge regions for chr21
2022-03-12 13:00:58 INFO::No. regions with at least one SNP/gene for chr21 after merging: 24
2022-03-12 13:01:00 INFO::No. regions with at least one SNP/gene for chr22: 24
2022-03-12 13:01:00 INFO::Merge regions for chr22
2022-03-12 13:01:00 INFO::No. regions with at least one SNP/gene for chr22 after merging: 22
2022-03-12 13:01:00 INFO::Trim regions with SNPs more than 20000
2022-03-12 13:01:00 INFO::Adding R matrix info, as genotype is not given
2022-03-12 13:01:00 INFO::Adding R matrix info for chrom 1
2022-03-12 13:12:17 INFO::Adding R matrix info for chrom 2
2022-03-12 13:23:00 INFO::Adding R matrix info for chrom 3
2022-03-12 13:31:33 INFO::Adding R matrix info for chrom 4
2022-03-12 13:39:16 INFO::Adding R matrix info for chrom 5
2022-03-12 13:46:38 INFO::Adding R matrix info for chrom 6
2022-03-12 13:55:30 INFO::Adding R matrix info for chrom 7
2022-03-12 14:02:35 INFO::Adding R matrix info for chrom 8
2022-03-12 14:09:45 INFO::Adding R matrix info for chrom 9
2022-03-12 14:14:59 INFO::Adding R matrix info for chrom 10
2022-03-12 14:21:39 INFO::Adding R matrix info for chrom 11
2022-03-12 14:29:05 INFO::Adding R matrix info for chrom 12
2022-03-12 14:35:26 INFO::Adding R matrix info for chrom 13
2022-03-12 14:39:53 INFO::Adding R matrix info for chrom 14
2022-03-12 14:44:45 INFO::Adding R matrix info for chrom 15
2022-03-12 14:48:12 INFO::Adding R matrix info for chrom 16
2022-03-12 14:52:00 INFO::Adding R matrix info for chrom 17
2022-03-12 14:56:13 INFO::Adding R matrix info for chrom 18
2022-03-12 14:59:45 INFO::Adding R matrix info for chrom 19
2022-03-12 15:06:39 INFO::Adding R matrix info for chrom 20
2022-03-12 15:10:02 INFO::Adding R matrix info for chrom 21
2022-03-12 15:11:31 INFO::Adding R matrix info for chrom 22
2022-03-12 15:15:58 INFO::Number of regions that contains strong gene signals: 24
2022-03-12 15:15:58 INFO::Rerun susie for regions with strong gene signals using full SNPs.
2022-03-12 15:15:58 INFO::run iteration 1
starting worker pid=56473 on localhost:11732 at 15:15:59.659
2022-03-12 15:23:16 INFO::After iteration 1, gene prior 0.0617396162024678:, SNP prior:0.00082030370787697
$group_prior
[1] 0.0121752309 0.0002715666

$group_prior_var
[1] 12.33030 12.73957

R version 3.6.1 (2019-07-05)
Platform: x86_64-pc-linux-gnu (64-bit)
Running under: Scientific Linux 7.4 (Nitrogen)

Matrix products: default
BLAS/LAPACK: /software/openblas-0.2.19-el7-x86_64/lib/libopenblas_haswellp-r0.2.19.so

locale:
[1] C

attached base packages:
[1] stats     graphics  grDevices utils     datasets  methods   base     

other attached packages:
[1] data.table_1.14.2 ctwas_0.1.32     

loaded via a namespace (and not attached):
 [1] Rcpp_1.0.8        magrittr_2.0.2    pgenlibr_0.3.1    hms_1.1.1        
 [5] doParallel_1.0.17 bit_4.0.4         lattice_0.20-38   R6_2.5.1         
 [9] rlang_1.0.1       fastmap_1.1.0     foreach_1.5.2     fansi_1.0.2      
[13] blob_1.2.2        tools_3.6.1       parallel_3.6.1    grid_3.6.1       
[17] logging_0.10-108  utf8_1.2.2        cli_3.1.0         DBI_1.1.2        
[21] iterators_1.0.14  ellipsis_0.3.2    bit64_4.0.5       tibble_3.1.6     
[25] lifecycle_1.0.1   crayon_1.5.0      Matrix_1.2-18     tzdb_0.2.0       
[29] readr_2.1.1       vctrs_0.3.8       codetools_0.2-16  memoise_2.0.1    
[33] cachem_1.0.6      RSQLite_2.2.8     pillar_1.6.4      compiler_3.6.1   
[37] pkgconfig_2.0.3  
