[1] "/project2/xinhe/shengqian/cTWAS/cTWAS_analysis/data/PGC3_SCZ_wave3_public.v2.tsv"        
[2] "/project2/mstephens/wcrouse/UKB_LDR_0.1"                                                 
[3] "/project2/compbio/predictdb/mashr_models/mashr_Brain_Putamen_basal_ganglia.db"           
[4] "/project2/xinhe/shengqian/cTWAS/cTWAS_analysis/code/ctwas_config.R"                      
[5] "SCZ_Brain_Putamen_basal_ganglia_expr"                                                    
[6] "SCZ_Brain_Putamen_basal_ganglia_ctwas"                                                   
[7] "/project2/xinhe/shengqian/cTWAS/cTWAS_analysis/data/SCZ_2020/Brain_Putamen_basal_ganglia"
2022-03-11 22:28:59 INFO::Flipping z scores to match LD reference
2022-03-11 22:29:02 INFO::Harmonizing strand-ambiguous z scores using imputation by region
2022-03-11 22:50:02 INFO::Reading weights for chromosome 1
2022-03-11 22:50:04 INFO::Number of genes with weights provided: 13694
2022-03-11 22:50:04 INFO::Collecting gene weight information ...
2022-03-11 22:50:04 INFO::Flipping weights to match LD reference
2022-03-11 22:50:04 INFO::Harmonizing strand ambiguous weights using correlations with unambiguous variants
2022-03-11 23:05:52 INFO::Start gene z score imputation ...
2022-03-11 23:05:52 INFO::Using given LD matrices to impute gene z score.
2022-03-11 23:16:50 INFO::Imputation done, writing results to output...
2022-03-11 23:16:51 INFO::Imputation done: number of genes with imputed expression: 1120 for chr 1
2022-03-11 23:16:52 INFO::Flipping z scores to match LD reference
2022-03-11 23:16:54 INFO::Harmonizing strand-ambiguous z scores using imputation by region
2022-03-11 23:41:02 INFO::Reading weights for chromosome 2
2022-03-11 23:41:02 INFO::Number of genes with weights provided: 13694
2022-03-11 23:41:02 INFO::Collecting gene weight information ...
2022-03-11 23:41:02 INFO::Flipping weights to match LD reference
2022-03-11 23:41:02 INFO::Harmonizing strand ambiguous weights using correlations with unambiguous variants
2022-03-11 23:53:26 INFO::Start gene z score imputation ...
2022-03-11 23:53:26 INFO::Using given LD matrices to impute gene z score.
2022-03-12 00:03:49 INFO::Imputation done, writing results to output...
2022-03-12 00:03:49 INFO::Imputation done: number of genes with imputed expression: 786 for chr 2
2022-03-12 00:03:50 INFO::Flipping z scores to match LD reference
2022-03-12 00:03:52 INFO::Harmonizing strand-ambiguous z scores using imputation by region
2022-03-12 00:21:22 INFO::Reading weights for chromosome 3
2022-03-12 00:21:22 INFO::Number of genes with weights provided: 13694
2022-03-12 00:21:22 INFO::Collecting gene weight information ...
2022-03-12 00:21:22 INFO::Flipping weights to match LD reference
2022-03-12 00:21:22 INFO::Harmonizing strand ambiguous weights using correlations with unambiguous variants
2022-03-12 00:29:23 INFO::Start gene z score imputation ...
2022-03-12 00:29:23 INFO::Using given LD matrices to impute gene z score.
2022-03-12 00:38:08 INFO::Imputation done, writing results to output...
2022-03-12 00:38:08 INFO::Imputation done: number of genes with imputed expression: 659 for chr 3
2022-03-12 00:38:09 INFO::Flipping z scores to match LD reference
2022-03-12 00:38:11 INFO::Harmonizing strand-ambiguous z scores using imputation by region
2022-03-12 00:58:02 INFO::Reading weights for chromosome 4
2022-03-12 00:58:02 INFO::Number of genes with weights provided: 13694
2022-03-12 00:58:02 INFO::Collecting gene weight information ...
2022-03-12 00:58:02 INFO::Flipping weights to match LD reference
2022-03-12 00:58:02 INFO::Harmonizing strand ambiguous weights using correlations with unambiguous variants
2022-03-12 01:04:00 INFO::Start gene z score imputation ...
2022-03-12 01:04:00 INFO::Using given LD matrices to impute gene z score.
2022-03-12 01:11:40 INFO::Imputation done, writing results to output...
2022-03-12 01:11:40 INFO::Imputation done: number of genes with imputed expression: 444 for chr 4
2022-03-12 01:11:41 INFO::Flipping z scores to match LD reference
2022-03-12 01:11:43 INFO::Harmonizing strand-ambiguous z scores using imputation by region
2022-03-12 01:27:44 INFO::Reading weights for chromosome 5
2022-03-12 01:27:44 INFO::Number of genes with weights provided: 13694
2022-03-12 01:27:44 INFO::Collecting gene weight information ...
2022-03-12 01:27:44 INFO::Flipping weights to match LD reference
2022-03-12 01:27:44 INFO::Harmonizing strand ambiguous weights using correlations with unambiguous variants
2022-03-12 01:34:18 INFO::Start gene z score imputation ...
2022-03-12 01:34:18 INFO::Using given LD matrices to impute gene z score.
2022-03-12 01:42:12 INFO::Imputation done, writing results to output...
2022-03-12 01:42:12 INFO::Imputation done: number of genes with imputed expression: 526 for chr 5
2022-03-12 01:42:13 INFO::Flipping z scores to match LD reference
2022-03-12 01:42:15 INFO::Harmonizing strand-ambiguous z scores using imputation by region
2022-03-12 01:59:34 INFO::Reading weights for chromosome 6
2022-03-12 01:59:34 INFO::Number of genes with weights provided: 13694
2022-03-12 01:59:34 INFO::Collecting gene weight information ...
2022-03-12 01:59:34 INFO::Flipping weights to match LD reference
2022-03-12 01:59:34 INFO::Harmonizing strand ambiguous weights using correlations with unambiguous variants
2022-03-12 02:11:00 INFO::Start gene z score imputation ...
2022-03-12 02:11:00 INFO::Using given LD matrices to impute gene z score.
2022-03-12 02:22:10 INFO::Imputation done, writing results to output...
2022-03-12 02:22:10 INFO::Imputation done: number of genes with imputed expression: 660 for chr 6
2022-03-12 02:22:11 INFO::Flipping z scores to match LD reference
2022-03-12 02:22:14 INFO::Harmonizing strand-ambiguous z scores using imputation by region
2022-03-12 02:38:58 INFO::Reading weights for chromosome 7
2022-03-12 02:38:58 INFO::Number of genes with weights provided: 13694
2022-03-12 02:38:58 INFO::Collecting gene weight information ...
2022-03-12 02:38:58 INFO::Flipping weights to match LD reference
2022-03-12 02:38:58 INFO::Harmonizing strand ambiguous weights using correlations with unambiguous variants
2022-03-12 02:46:19 INFO::Start gene z score imputation ...
2022-03-12 02:46:19 INFO::Using given LD matrices to impute gene z score.
2022-03-12 02:53:49 INFO::Imputation done, writing results to output...
2022-03-12 02:53:51 INFO::Imputation done: number of genes with imputed expression: 552 for chr 7
2022-03-12 02:53:52 INFO::Flipping z scores to match LD reference
2022-03-12 02:53:54 INFO::Harmonizing strand-ambiguous z scores using imputation by region
2022-03-12 03:10:04 INFO::Reading weights for chromosome 8
2022-03-12 03:10:04 INFO::Number of genes with weights provided: 13694
2022-03-12 03:10:04 INFO::Collecting gene weight information ...
2022-03-12 03:10:04 INFO::Flipping weights to match LD reference
2022-03-12 03:10:04 INFO::Harmonizing strand ambiguous weights using correlations with unambiguous variants
2022-03-12 03:15:52 INFO::Start gene z score imputation ...
2022-03-12 03:15:52 INFO::Using given LD matrices to impute gene z score.
2022-03-12 03:22:06 INFO::Imputation done, writing results to output...
2022-03-12 03:22:06 INFO::Imputation done: number of genes with imputed expression: 400 for chr 8
2022-03-12 03:22:07 INFO::Flipping z scores to match LD reference
2022-03-12 03:22:08 INFO::Harmonizing strand-ambiguous z scores using imputation by region
2022-03-12 03:33:58 INFO::Reading weights for chromosome 9
2022-03-12 03:33:58 INFO::Number of genes with weights provided: 13694
2022-03-12 03:33:58 INFO::Collecting gene weight information ...
2022-03-12 03:33:58 INFO::Flipping weights to match LD reference
2022-03-12 03:33:58 INFO::Harmonizing strand ambiguous weights using correlations with unambiguous variants
2022-03-12 03:39:48 INFO::Start gene z score imputation ...
2022-03-12 03:39:48 INFO::Using given LD matrices to impute gene z score.
2022-03-12 03:45:30 INFO::Imputation done, writing results to output...
2022-03-12 03:45:30 INFO::Imputation done: number of genes with imputed expression: 410 for chr 9
2022-03-12 03:45:31 INFO::Flipping z scores to match LD reference
2022-03-12 03:45:33 INFO::Harmonizing strand-ambiguous z scores using imputation by region
2022-03-12 04:00:17 INFO::Reading weights for chromosome 10
2022-03-12 04:00:17 INFO::Number of genes with weights provided: 13694
2022-03-12 04:00:17 INFO::Collecting gene weight information ...
2022-03-12 04:00:17 INFO::Flipping weights to match LD reference
2022-03-12 04:00:17 INFO::Harmonizing strand ambiguous weights using correlations with unambiguous variants
2022-03-12 04:07:05 INFO::Start gene z score imputation ...
2022-03-12 04:07:05 INFO::Using given LD matrices to impute gene z score.
2022-03-12 04:13:34 INFO::Imputation done, writing results to output...
2022-03-12 04:13:34 INFO::Imputation done: number of genes with imputed expression: 451 for chr 10
2022-03-12 04:13:35 INFO::Flipping z scores to match LD reference
2022-03-12 04:13:37 INFO::Harmonizing strand-ambiguous z scores using imputation by region
2022-03-12 04:29:14 INFO::Reading weights for chromosome 11
2022-03-12 04:29:14 INFO::Number of genes with weights provided: 13694
2022-03-12 04:29:14 INFO::Collecting gene weight information ...
2022-03-12 04:29:14 INFO::Flipping weights to match LD reference
2022-03-12 04:29:14 INFO::Harmonizing strand ambiguous weights using correlations with unambiguous variants
2022-03-12 04:37:24 INFO::Start gene z score imputation ...
2022-03-12 04:37:24 INFO::Using given LD matrices to impute gene z score.
2022-03-12 04:44:40 INFO::Imputation done, writing results to output...
2022-03-12 04:44:40 INFO::Imputation done: number of genes with imputed expression: 667 for chr 11
2022-03-12 04:44:41 INFO::Flipping z scores to match LD reference
2022-03-12 04:44:43 INFO::Harmonizing strand-ambiguous z scores using imputation by region
2022-03-12 04:58:08 INFO::Reading weights for chromosome 12
2022-03-12 04:58:08 INFO::Number of genes with weights provided: 13694
2022-03-12 04:58:08 INFO::Collecting gene weight information ...
2022-03-12 04:58:08 INFO::Flipping weights to match LD reference
2022-03-12 04:58:08 INFO::Harmonizing strand ambiguous weights using correlations with unambiguous variants
2022-03-12 05:06:28 INFO::Start gene z score imputation ...
2022-03-12 05:06:28 INFO::Using given LD matrices to impute gene z score.
2022-03-12 05:14:10 INFO::Imputation done, writing results to output...
2022-03-12 05:14:10 INFO::Imputation done: number of genes with imputed expression: 642 for chr 12
2022-03-12 05:14:11 INFO::Flipping z scores to match LD reference
2022-03-12 05:14:12 INFO::Harmonizing strand-ambiguous z scores using imputation by region
2022-03-12 05:24:57 INFO::Reading weights for chromosome 13
2022-03-12 05:24:57 INFO::Number of genes with weights provided: 13694
2022-03-12 05:24:57 INFO::Collecting gene weight information ...
2022-03-12 05:24:57 INFO::Flipping weights to match LD reference
2022-03-12 05:24:57 INFO::Harmonizing strand ambiguous weights using correlations with unambiguous variants
2022-03-12 05:27:53 INFO::Start gene z score imputation ...
2022-03-12 05:27:53 INFO::Using given LD matrices to impute gene z score.
2022-03-12 05:32:38 INFO::Imputation done, writing results to output...
2022-03-12 05:32:38 INFO::Imputation done: number of genes with imputed expression: 225 for chr 13
2022-03-12 05:32:39 INFO::Flipping z scores to match LD reference
2022-03-12 05:32:43 INFO::Harmonizing strand-ambiguous z scores using imputation by region
2022-03-12 05:42:34 INFO::Reading weights for chromosome 14
2022-03-12 05:42:34 INFO::Number of genes with weights provided: 13694
2022-03-12 05:42:34 INFO::Collecting gene weight information ...
2022-03-12 05:42:34 INFO::Flipping weights to match LD reference
2022-03-12 05:42:34 INFO::Harmonizing strand ambiguous weights using correlations with unambiguous variants
2022-03-12 05:48:18 INFO::Start gene z score imputation ...
2022-03-12 05:48:18 INFO::Using given LD matrices to impute gene z score.
2022-03-12 05:52:52 INFO::Imputation done, writing results to output...
2022-03-12 05:52:53 INFO::Imputation done: number of genes with imputed expression: 382 for chr 14
2022-03-12 05:52:54 INFO::Flipping z scores to match LD reference
2022-03-12 05:52:55 INFO::Harmonizing strand-ambiguous z scores using imputation by region
2022-03-12 05:59:38 INFO::Reading weights for chromosome 15
2022-03-12 05:59:38 INFO::Number of genes with weights provided: 13694
2022-03-12 05:59:38 INFO::Collecting gene weight information ...
2022-03-12 05:59:38 INFO::Flipping weights to match LD reference
2022-03-12 05:59:38 INFO::Harmonizing strand ambiguous weights using correlations with unambiguous variants
2022-03-12 06:05:14 INFO::Start gene z score imputation ...
2022-03-12 06:05:14 INFO::Using given LD matrices to impute gene z score.
2022-03-12 06:09:51 INFO::Imputation done, writing results to output...
2022-03-12 06:09:51 INFO::Imputation done: number of genes with imputed expression: 381 for chr 15
2022-03-12 06:09:52 INFO::Flipping z scores to match LD reference
2022-03-12 06:09:53 INFO::Harmonizing strand-ambiguous z scores using imputation by region
2022-03-12 06:16:54 INFO::Reading weights for chromosome 16
2022-03-12 06:16:54 INFO::Number of genes with weights provided: 13694
2022-03-12 06:16:54 INFO::Collecting gene weight information ...
2022-03-12 06:16:54 INFO::Flipping weights to match LD reference
2022-03-12 06:16:54 INFO::Harmonizing strand ambiguous weights using correlations with unambiguous variants
2022-03-12 06:23:00 INFO::Start gene z score imputation ...
2022-03-12 06:23:00 INFO::Using given LD matrices to impute gene z score.
2022-03-12 06:27:22 INFO::Imputation done, writing results to output...
2022-03-12 06:27:22 INFO::Imputation done: number of genes with imputed expression: 514 for chr 16
2022-03-12 06:27:23 INFO::Flipping z scores to match LD reference
2022-03-12 06:27:25 INFO::Harmonizing strand-ambiguous z scores using imputation by region
2022-03-12 06:34:02 INFO::Reading weights for chromosome 17
2022-03-12 06:34:02 INFO::Number of genes with weights provided: 13694
2022-03-12 06:34:02 INFO::Collecting gene weight information ...
2022-03-12 06:34:02 INFO::Flipping weights to match LD reference
2022-03-12 06:34:02 INFO::Harmonizing strand ambiguous weights using correlations with unambiguous variants
2022-03-12 06:41:55 INFO::Start gene z score imputation ...
2022-03-12 06:41:55 INFO::Using given LD matrices to impute gene z score.
2022-03-12 06:47:58 INFO::Imputation done, writing results to output...
2022-03-12 06:47:58 INFO::Imputation done: number of genes with imputed expression: 684 for chr 17
2022-03-12 06:47:59 INFO::Flipping z scores to match LD reference
2022-03-12 06:48:01 INFO::Harmonizing strand-ambiguous z scores using imputation by region
2022-03-12 06:56:45 INFO::Reading weights for chromosome 18
2022-03-12 06:56:45 INFO::Number of genes with weights provided: 13694
2022-03-12 06:56:45 INFO::Collecting gene weight information ...
2022-03-12 06:56:45 INFO::Flipping weights to match LD reference
2022-03-12 06:56:45 INFO::Harmonizing strand ambiguous weights using correlations with unambiguous variants
2022-03-12 07:00:01 INFO::Start gene z score imputation ...
2022-03-12 07:00:01 INFO::Using given LD matrices to impute gene z score.
2022-03-12 07:03:13 INFO::Imputation done, writing results to output...
2022-03-12 07:03:14 INFO::Imputation done: number of genes with imputed expression: 177 for chr 18
2022-03-12 07:03:14 INFO::Flipping z scores to match LD reference
2022-03-12 07:03:16 INFO::Harmonizing strand-ambiguous z scores using imputation by region
2022-03-12 07:08:57 INFO::Reading weights for chromosome 19
2022-03-12 07:08:57 INFO::Number of genes with weights provided: 13694
2022-03-12 07:08:57 INFO::Collecting gene weight information ...
2022-03-12 07:08:57 INFO::Flipping weights to match LD reference
2022-03-12 07:08:57 INFO::Harmonizing strand ambiguous weights using correlations with unambiguous variants
2022-03-12 07:21:32 INFO::Start gene z score imputation ...
2022-03-12 07:21:32 INFO::Using given LD matrices to impute gene z score.
2022-03-12 07:29:00 INFO::Imputation done, writing results to output...
2022-03-12 07:29:00 INFO::Imputation done: number of genes with imputed expression: 856 for chr 19
2022-03-12 07:29:01 INFO::Flipping z scores to match LD reference
2022-03-12 07:29:02 INFO::Harmonizing strand-ambiguous z scores using imputation by region
2022-03-12 07:35:39 INFO::Reading weights for chromosome 20
2022-03-12 07:35:39 INFO::Number of genes with weights provided: 13694
2022-03-12 07:35:39 INFO::Collecting gene weight information ...
2022-03-12 07:35:39 INFO::Flipping weights to match LD reference
2022-03-12 07:35:39 INFO::Harmonizing strand ambiguous weights using correlations with unambiguous variants
2022-03-12 07:39:48 INFO::Start gene z score imputation ...
2022-03-12 07:39:48 INFO::Using given LD matrices to impute gene z score.
2022-03-12 07:43:19 INFO::Imputation done, writing results to output...
2022-03-12 07:43:19 INFO::Imputation done: number of genes with imputed expression: 347 for chr 20
2022-03-12 07:43:20 INFO::Flipping z scores to match LD reference
2022-03-12 07:43:21 INFO::Harmonizing strand-ambiguous z scores using imputation by region
2022-03-12 07:46:50 INFO::Reading weights for chromosome 21
2022-03-12 07:46:50 INFO::Number of genes with weights provided: 13694
2022-03-12 07:46:50 INFO::Collecting gene weight information ...
2022-03-12 07:46:50 INFO::Flipping weights to match LD reference
2022-03-12 07:46:50 INFO::Harmonizing strand ambiguous weights using correlations with unambiguous variants
2022-03-12 07:48:45 INFO::Start gene z score imputation ...
2022-03-12 07:48:45 INFO::Using given LD matrices to impute gene z score.
2022-03-12 07:50:11 INFO::Imputation done, writing results to output...
2022-03-12 07:50:12 INFO::Imputation done: number of genes with imputed expression: 121 for chr 21
2022-03-12 07:50:12 INFO::Flipping z scores to match LD reference
2022-03-12 07:50:14 INFO::Harmonizing strand-ambiguous z scores using imputation by region
2022-03-12 07:53:22 INFO::Reading weights for chromosome 22
2022-03-12 07:53:22 INFO::Number of genes with weights provided: 13694
2022-03-12 07:53:22 INFO::Collecting gene weight information ...
2022-03-12 07:53:22 INFO::Flipping weights to match LD reference
2022-03-12 07:53:22 INFO::Harmonizing strand ambiguous weights using correlations with unambiguous variants
2022-03-12 07:57:09 INFO::Start gene z score imputation ...
2022-03-12 07:57:09 INFO::Using given LD matrices to impute gene z score.
2022-03-12 07:59:56 INFO::Imputation done, writing results to output...
2022-03-12 07:59:56 INFO::Imputation done: number of genes with imputed expression: 267 for chr 22
2022-03-12 08:00:21 INFO::ctwas started ...
2022-03-12 08:00:44 INFO::LD region file: /home/shengqian/R/x86_64-pc-linux-gnu-library/3.6/ctwas/extdata/ldetect/EUR.b38.bed
2022-03-12 08:00:45 INFO::No. LD regions: 1700
2022-03-12 08:00:54 INFO::No. regions with at least one SNP/gene for chr1: 131
2022-03-12 08:00:54 INFO::Merge regions for chr1
2022-03-12 08:00:54 INFO::No. regions with at least one SNP/gene for chr1 after merging: 131
2022-03-12 08:00:59 INFO::No. regions with at least one SNP/gene for chr2: 144
2022-03-12 08:00:59 INFO::Merge regions for chr2
2022-03-12 08:00:59 INFO::No. regions with at least one SNP/gene for chr2 after merging: 143
2022-03-12 08:01:04 INFO::No. regions with at least one SNP/gene for chr3: 122
2022-03-12 08:01:04 INFO::Merge regions for chr3
2022-03-12 08:01:04 INFO::No. regions with at least one SNP/gene for chr3 after merging: 119
2022-03-12 08:01:09 INFO::No. regions with at least one SNP/gene for chr4: 122
2022-03-12 08:01:09 INFO::Merge regions for chr4
2022-03-12 08:01:09 INFO::No. regions with at least one SNP/gene for chr4 after merging: 120
2022-03-12 08:01:13 INFO::No. regions with at least one SNP/gene for chr5: 110
2022-03-12 08:01:13 INFO::Merge regions for chr5
2022-03-12 08:01:13 INFO::No. regions with at least one SNP/gene for chr5 after merging: 107
2022-03-12 08:01:18 INFO::No. regions with at least one SNP/gene for chr6: 112
2022-03-12 08:01:18 INFO::Merge regions for chr6
2022-03-12 08:01:18 INFO::No. regions with at least one SNP/gene for chr6 after merging: 109
2022-03-12 08:01:21 INFO::No. regions with at least one SNP/gene for chr7: 99
2022-03-12 08:01:21 INFO::Merge regions for chr7
2022-03-12 08:01:21 INFO::No. regions with at least one SNP/gene for chr7 after merging: 95
2022-03-12 08:01:25 INFO::No. regions with at least one SNP/gene for chr8: 94
2022-03-12 08:01:25 INFO::Merge regions for chr8
2022-03-12 08:01:25 INFO::No. regions with at least one SNP/gene for chr8 after merging: 92
2022-03-12 08:01:27 INFO::No. regions with at least one SNP/gene for chr9: 74
2022-03-12 08:01:27 INFO::Merge regions for chr9
2022-03-12 08:01:27 INFO::No. regions with at least one SNP/gene for chr9 after merging: 72
2022-03-12 08:01:31 INFO::No. regions with at least one SNP/gene for chr10: 85
2022-03-12 08:01:31 INFO::Merge regions for chr10
2022-03-12 08:01:31 INFO::No. regions with at least one SNP/gene for chr10 after merging: 83
2022-03-12 08:01:33 INFO::No. regions with at least one SNP/gene for chr11: 84
2022-03-12 08:01:33 INFO::Merge regions for chr11
2022-03-12 08:01:33 INFO::No. regions with at least one SNP/gene for chr11 after merging: 83
2022-03-12 08:01:36 INFO::No. regions with at least one SNP/gene for chr12: 82
2022-03-12 08:01:36 INFO::Merge regions for chr12
2022-03-12 08:01:36 INFO::No. regions with at least one SNP/gene for chr12 after merging: 79
2022-03-12 08:01:39 INFO::No. regions with at least one SNP/gene for chr13: 62
2022-03-12 08:01:39 INFO::Merge regions for chr13
2022-03-12 08:01:39 INFO::No. regions with at least one SNP/gene for chr13 after merging: 61
2022-03-12 08:01:41 INFO::No. regions with at least one SNP/gene for chr14: 56
2022-03-12 08:01:41 INFO::Merge regions for chr14
2022-03-12 08:01:41 INFO::No. regions with at least one SNP/gene for chr14 after merging: 55
2022-03-12 08:01:43 INFO::No. regions with at least one SNP/gene for chr15: 50
2022-03-12 08:01:43 INFO::Merge regions for chr15
2022-03-12 08:01:43 INFO::No. regions with at least one SNP/gene for chr15 after merging: 47
2022-03-12 08:01:45 INFO::No. regions with at least one SNP/gene for chr16: 54
2022-03-12 08:01:45 INFO::Merge regions for chr16
2022-03-12 08:01:45 INFO::No. regions with at least one SNP/gene for chr16 after merging: 53
2022-03-12 08:01:47 INFO::No. regions with at least one SNP/gene for chr17: 47
2022-03-12 08:01:47 INFO::Merge regions for chr17
2022-03-12 08:01:47 INFO::No. regions with at least one SNP/gene for chr17 after merging: 45
2022-03-12 08:01:49 INFO::No. regions with at least one SNP/gene for chr18: 47
2022-03-12 08:01:49 INFO::Merge regions for chr18
2022-03-12 08:01:49 INFO::No. regions with at least one SNP/gene for chr18 after merging: 47
2022-03-12 08:01:51 INFO::No. regions with at least one SNP/gene for chr19: 39
2022-03-12 08:01:51 INFO::Merge regions for chr19
2022-03-12 08:01:51 INFO::No. regions with at least one SNP/gene for chr19 after merging: 34
2022-03-12 08:01:53 INFO::No. regions with at least one SNP/gene for chr20: 38
2022-03-12 08:01:53 INFO::Merge regions for chr20
2022-03-12 08:01:53 INFO::No. regions with at least one SNP/gene for chr20 after merging: 38
2022-03-12 08:01:54 INFO::No. regions with at least one SNP/gene for chr21: 24
2022-03-12 08:01:54 INFO::Merge regions for chr21
2022-03-12 08:01:54 INFO::No. regions with at least one SNP/gene for chr21 after merging: 24
2022-03-12 08:01:56 INFO::No. regions with at least one SNP/gene for chr22: 24
2022-03-12 08:01:56 INFO::Merge regions for chr22
2022-03-12 08:01:56 INFO::No. regions with at least one SNP/gene for chr22 after merging: 23
2022-03-12 08:01:56 INFO::Trim regions with SNPs more than Inf
2022-03-12 08:01:56 INFO::Adding R matrix info, as genotype is not given
2022-03-12 08:01:56 INFO::Adding R matrix info for chrom 1
2022-03-12 08:12:01 INFO::Adding R matrix info for chrom 2
2022-03-12 08:22:14 INFO::Adding R matrix info for chrom 3
2022-03-12 08:30:35 INFO::Adding R matrix info for chrom 4
2022-03-12 08:39:18 INFO::Adding R matrix info for chrom 5
2022-03-12 08:47:01 INFO::Adding R matrix info for chrom 6
2022-03-12 08:57:32 INFO::Adding R matrix info for chrom 7
2022-03-12 09:05:07 INFO::Adding R matrix info for chrom 8
2022-03-12 09:11:36 INFO::Adding R matrix info for chrom 9
2022-03-12 09:17:24 INFO::Adding R matrix info for chrom 10
2022-03-12 09:23:48 INFO::Adding R matrix info for chrom 11
2022-03-12 09:30:36 INFO::Adding R matrix info for chrom 12
2022-03-12 09:37:21 INFO::Adding R matrix info for chrom 13
2022-03-12 09:41:39 INFO::Adding R matrix info for chrom 14
2022-03-12 09:46:07 INFO::Adding R matrix info for chrom 15
2022-03-12 09:50:27 INFO::Adding R matrix info for chrom 16
2022-03-12 09:54:24 INFO::Adding R matrix info for chrom 17
2022-03-12 09:59:11 INFO::Adding R matrix info for chrom 18
2022-03-12 10:02:19 INFO::Adding R matrix info for chrom 19
2022-03-12 10:08:39 INFO::Adding R matrix info for chrom 20
2022-03-12 10:11:37 INFO::Adding R matrix info for chrom 21
2022-03-12 10:13:00 INFO::Adding R matrix info for chrom 22
2022-03-12 10:15:09 INFO::Run susie iteratively, getting rough estimate ...
2022-03-12 10:15:09 INFO::run iteration 1
starting worker pid=34026 on localhost:11854 at 10:15:09.902
starting worker pid=34039 on localhost:11854 at 10:15:10.363
starting worker pid=34053 on localhost:11854 at 10:15:10.800
starting worker pid=34066 on localhost:11854 at 10:15:11.237
starting worker pid=34079 on localhost:11854 at 10:15:11.680
starting worker pid=34093 on localhost:11854 at 10:15:12.099
starting worker pid=34106 on localhost:11854 at 10:15:12.532
starting worker pid=34119 on localhost:11854 at 10:15:12.974
starting worker pid=34133 on localhost:11854 at 10:15:13.412
starting worker pid=34146 on localhost:11854 at 10:15:13.854
2022-03-12 10:23:34 INFO::After iteration 1, gene prior 0.00348099732619722:, SNP prior:0.0021919092912475
2022-03-12 10:23:34 INFO::run iteration 2
starting worker pid=35435 on localhost:11854 at 10:23:35.184
starting worker pid=35449 on localhost:11854 at 10:23:35.670
starting worker pid=35462 on localhost:11854 at 10:23:36.140
starting worker pid=35475 on localhost:11854 at 10:23:36.602
starting worker pid=35489 on localhost:11854 at 10:23:37.038
starting worker pid=35502 on localhost:11854 at 10:23:37.477
starting worker pid=35515 on localhost:11854 at 10:23:37.910
starting worker pid=35529 on localhost:11854 at 10:23:38.348
starting worker pid=35542 on localhost:11854 at 10:23:38.810
starting worker pid=35555 on localhost:11854 at 10:23:39.248
2022-03-12 10:32:04 INFO::After iteration 2, gene prior 0.00438563518906719:, SNP prior:0.00195065107960309
2022-03-12 10:32:04 INFO::run iteration 3
starting worker pid=36123 on localhost:11854 at 10:32:04.921
starting worker pid=36137 on localhost:11854 at 10:32:05.412
starting worker pid=36150 on localhost:11854 at 10:32:05.868
starting worker pid=36163 on localhost:11854 at 10:32:06.321
starting worker pid=36177 on localhost:11854 at 10:32:06.758
starting worker pid=36190 on localhost:11854 at 10:32:07.188
starting worker pid=36203 on localhost:11854 at 10:32:07.621
starting worker pid=36217 on localhost:11854 at 10:32:08.055
starting worker pid=36230 on localhost:11854 at 10:32:08.490
starting worker pid=36243 on localhost:11854 at 10:32:08.928
2022-03-12 10:40:33 INFO::After iteration 3, gene prior 0.00538652090315842:, SNP prior:0.00187722301590409
2022-03-12 10:40:33 INFO::Blocks are filtered: 796 blocks left
2022-03-12 10:40:33 INFO::Run susie iteratively, getting accurate estimate ...
2022-03-12 10:40:33 INFO::run iteration 1
starting worker pid=36897 on localhost:11854 at 10:40:34.096
starting worker pid=36911 on localhost:11854 at 10:40:34.566
starting worker pid=36924 on localhost:11854 at 10:40:35.040
starting worker pid=36938 on localhost:11854 at 10:40:35.487
starting worker pid=36951 on localhost:11854 at 10:40:35.927
starting worker pid=36966 on localhost:11854 at 10:40:36.366
starting worker pid=36979 on localhost:11854 at 10:40:36.797
starting worker pid=36992 on localhost:11854 at 10:40:37.226
starting worker pid=37006 on localhost:11854 at 10:40:37.670
starting worker pid=37019 on localhost:11854 at 10:40:38.105
2022-03-12 10:44:58 INFO::After iteration 1, gene prior 0.00748546237771954:, SNP prior:0.00230268910624001
2022-03-12 10:44:58 INFO::run iteration 2
starting worker pid=37252 on localhost:11854 at 10:44:59.552
starting worker pid=37266 on localhost:11854 at 10:45:00.035
starting worker pid=37279 on localhost:11854 at 10:45:00.508
starting worker pid=37292 on localhost:11854 at 10:45:00.963
starting worker pid=37306 on localhost:11854 at 10:45:01.398
starting worker pid=37319 on localhost:11854 at 10:45:01.836
starting worker pid=37332 on localhost:11854 at 10:45:02.276
starting worker pid=37346 on localhost:11854 at 10:45:02.708
starting worker pid=37359 on localhost:11854 at 10:45:03.149
starting worker pid=37373 on localhost:11854 at 10:45:03.581
2022-03-12 10:49:21 INFO::After iteration 2, gene prior 0.00878561168918703:, SNP prior:0.00255413535276208
2022-03-12 10:49:21 INFO::run iteration 3
starting worker pid=38404 on localhost:11854 at 10:49:22.246
starting worker pid=38418 on localhost:11854 at 10:49:22.693
starting worker pid=38431 on localhost:11854 at 10:49:23.160
starting worker pid=38445 on localhost:11854 at 10:49:23.610
starting worker pid=38458 on localhost:11854 at 10:49:24.047
starting worker pid=38471 on localhost:11854 at 10:49:24.487
starting worker pid=38485 on localhost:11854 at 10:49:24.927
starting worker pid=38498 on localhost:11854 at 10:49:25.368
starting worker pid=38511 on localhost:11854 at 10:49:25.810
starting worker pid=38525 on localhost:11854 at 10:49:26.247
2022-03-12 10:53:43 INFO::After iteration 3, gene prior 0.00950123518367835:, SNP prior:0.00267807884435304
2022-03-12 10:53:43 INFO::run iteration 4
starting worker pid=38825 on localhost:11854 at 10:53:43.825
starting worker pid=38838 on localhost:11854 at 10:53:44.288
starting worker pid=38852 on localhost:11854 at 10:53:44.748
starting worker pid=38865 on localhost:11854 at 10:53:45.193
starting worker pid=38879 on localhost:11854 at 10:53:45.627
starting worker pid=38892 on localhost:11854 at 10:53:46.062
starting worker pid=38905 on localhost:11854 at 10:53:46.498
starting worker pid=38919 on localhost:11854 at 10:53:46.941
starting worker pid=38932 on localhost:11854 at 10:53:47.378
starting worker pid=38945 on localhost:11854 at 10:53:47.817
2022-03-12 10:58:05 INFO::After iteration 4, gene prior 0.00985356350158264:, SNP prior:0.00272527754270166
2022-03-12 10:58:05 INFO::run iteration 5
starting worker pid=39246 on localhost:11854 at 10:58:05.828
starting worker pid=39259 on localhost:11854 at 10:58:06.269
starting worker pid=39272 on localhost:11854 at 10:58:06.721
starting worker pid=39286 on localhost:11854 at 10:58:07.160
starting worker pid=39299 on localhost:11854 at 10:58:07.598
starting worker pid=39312 on localhost:11854 at 10:58:08.036
starting worker pid=39326 on localhost:11854 at 10:58:08.469
starting worker pid=39339 on localhost:11854 at 10:58:08.911
starting worker pid=39353 on localhost:11854 at 10:58:09.348
starting worker pid=39366 on localhost:11854 at 10:58:09.787
2022-03-12 11:02:25 INFO::After iteration 5, gene prior 0.010034393455952:, SNP prior:0.00274097046496171
2022-03-12 11:02:25 INFO::run iteration 6
starting worker pid=39669 on localhost:11854 at 11:02:26.210
starting worker pid=39682 on localhost:11854 at 11:02:26.658
starting worker pid=39696 on localhost:11854 at 11:02:27.107
starting worker pid=39709 on localhost:11854 at 11:02:27.557
starting worker pid=39722 on localhost:11854 at 11:02:28.002
starting worker pid=39736 on localhost:11854 at 11:02:28.439
starting worker pid=39749 on localhost:11854 at 11:02:28.878
starting worker pid=39762 on localhost:11854 at 11:02:29.318
starting worker pid=39776 on localhost:11854 at 11:02:29.761
starting worker pid=39789 on localhost:11854 at 11:02:30.198
2022-03-12 11:06:46 INFO::After iteration 6, gene prior 0.01013771310562:, SNP prior:0.00274556349874171
2022-03-12 11:06:46 INFO::run iteration 7
starting worker pid=40087 on localhost:11854 at 11:06:47.200
starting worker pid=40100 on localhost:11854 at 11:06:47.675
starting worker pid=40114 on localhost:11854 at 11:06:48.149
starting worker pid=40127 on localhost:11854 at 11:06:48.611
starting worker pid=40140 on localhost:11854 at 11:06:49.049
starting worker pid=40154 on localhost:11854 at 11:06:49.488
starting worker pid=40167 on localhost:11854 at 11:06:49.930
starting worker pid=40180 on localhost:11854 at 11:06:50.372
starting worker pid=40194 on localhost:11854 at 11:06:50.817
starting worker pid=40207 on localhost:11854 at 11:06:51.257
2022-03-12 11:11:08 INFO::After iteration 7, gene prior 0.0102030931286717:, SNP prior:0.00274655998134301
2022-03-12 11:11:08 INFO::run iteration 8
starting worker pid=40513 on localhost:11854 at 11:11:08.869
starting worker pid=40527 on localhost:11854 at 11:11:09.324
starting worker pid=40540 on localhost:11854 at 11:11:09.747
starting worker pid=40554 on localhost:11854 at 11:11:10.192
starting worker pid=40568 on localhost:11854 at 11:11:10.629
starting worker pid=40581 on localhost:11854 at 11:11:11.079
starting worker pid=40595 on localhost:11854 at 11:11:11.519
starting worker pid=40610 on localhost:11854 at 11:11:11.957
starting worker pid=40623 on localhost:11854 at 11:11:12.392
starting worker pid=40637 on localhost:11854 at 11:11:12.829
2022-03-12 11:15:29 INFO::After iteration 8, gene prior 0.010247497592338:, SNP prior:0.0027464913787921
2022-03-12 11:15:30 INFO::run iteration 9
starting worker pid=40972 on localhost:11854 at 11:15:30.503
starting worker pid=41052 on localhost:11854 at 11:15:30.960
starting worker pid=41066 on localhost:11854 at 11:15:31.408
starting worker pid=41079 on localhost:11854 at 11:15:31.857
starting worker pid=41092 on localhost:11854 at 11:15:32.308
starting worker pid=41106 on localhost:11854 at 11:15:32.759
starting worker pid=41119 on localhost:11854 at 11:15:33.210
starting worker pid=41132 on localhost:11854 at 11:15:33.646
starting worker pid=41147 on localhost:11854 at 11:15:34.082
starting worker pid=41160 on localhost:11854 at 11:15:34.517
2022-03-12 11:19:52 INFO::After iteration 9, gene prior 0.0102789461757687:, SNP prior:0.00274616961853127
2022-03-12 11:19:52 INFO::run iteration 10
starting worker pid=42118 on localhost:11854 at 11:19:52.898
starting worker pid=42131 on localhost:11854 at 11:19:53.355
starting worker pid=42144 on localhost:11854 at 11:19:53.814
starting worker pid=42158 on localhost:11854 at 11:19:54.274
starting worker pid=42171 on localhost:11854 at 11:19:54.712
starting worker pid=42185 on localhost:11854 at 11:19:55.151
starting worker pid=42198 on localhost:11854 at 11:19:55.592
starting worker pid=42211 on localhost:11854 at 11:19:56.032
starting worker pid=42225 on localhost:11854 at 11:19:56.474
starting worker pid=42238 on localhost:11854 at 11:19:56.915
2022-03-12 11:24:13 INFO::After iteration 10, gene prior 0.0103017332640793:, SNP prior:0.00274583999587842
2022-03-12 11:24:13 INFO::run iteration 11
starting worker pid=42535 on localhost:11854 at 11:24:13.934
starting worker pid=42548 on localhost:11854 at 11:24:14.375
starting worker pid=42561 on localhost:11854 at 11:24:14.837
starting worker pid=42575 on localhost:11854 at 11:24:15.282
starting worker pid=42588 on localhost:11854 at 11:24:15.726
starting worker pid=42601 on localhost:11854 at 11:24:16.172
starting worker pid=42615 on localhost:11854 at 11:24:16.623
starting worker pid=42628 on localhost:11854 at 11:24:17.068
starting worker pid=42641 on localhost:11854 at 11:24:17.507
starting worker pid=42655 on localhost:11854 at 11:24:17.952
2022-03-12 11:28:37 INFO::After iteration 11, gene prior 0.0103184417514769:, SNP prior:0.00274556490899705
2022-03-12 11:28:37 INFO::run iteration 12
starting worker pid=43029 on localhost:11854 at 11:28:37.939
starting worker pid=43042 on localhost:11854 at 11:28:38.401
starting worker pid=43056 on localhost:11854 at 11:28:38.866
starting worker pid=43069 on localhost:11854 at 11:28:39.324
starting worker pid=43082 on localhost:11854 at 11:28:39.771
starting worker pid=43096 on localhost:11854 at 11:28:40.211
starting worker pid=43109 on localhost:11854 at 11:28:40.651
starting worker pid=43123 on localhost:11854 at 11:28:41.099
starting worker pid=43136 on localhost:11854 at 11:28:41.545
starting worker pid=43149 on localhost:11854 at 11:28:42.000
2022-03-12 11:32:59 INFO::After iteration 12, gene prior 0.0103307672448046:, SNP prior:0.00274535054545494
2022-03-12 11:32:59 INFO::run iteration 13
starting worker pid=43456 on localhost:11854 at 11:32:59.573
starting worker pid=43469 on localhost:11854 at 11:33:00.056
starting worker pid=43482 on localhost:11854 at 11:33:00.527
starting worker pid=43496 on localhost:11854 at 11:33:00.982
starting worker pid=43509 on localhost:11854 at 11:33:01.429
starting worker pid=43523 on localhost:11854 at 11:33:01.873
starting worker pid=43536 on localhost:11854 at 11:33:02.320
starting worker pid=43549 on localhost:11854 at 11:33:02.758
starting worker pid=43563 on localhost:11854 at 11:33:03.201
starting worker pid=43576 on localhost:11854 at 11:33:03.643
2022-03-12 11:37:21 INFO::After iteration 13, gene prior 0.010339886939289:, SNP prior:0.00274518803880948
2022-03-12 11:37:21 INFO::run iteration 14
starting worker pid=43886 on localhost:11854 at 11:37:21.650
starting worker pid=43900 on localhost:11854 at 11:37:22.131
starting worker pid=43913 on localhost:11854 at 11:37:22.613
starting worker pid=43928 on localhost:11854 at 11:37:23.093
starting worker pid=43941 on localhost:11854 at 11:37:23.560
starting worker pid=43954 on localhost:11854 at 11:37:24.001
starting worker pid=43968 on localhost:11854 at 11:37:24.440
starting worker pid=43981 on localhost:11854 at 11:37:24.884
starting worker pid=43995 on localhost:11854 at 11:37:25.327
starting worker pid=44008 on localhost:11854 at 11:37:25.756
2022-03-12 11:41:42 INFO::After iteration 14, gene prior 0.0103466446948849:, SNP prior:0.00274506629460084
2022-03-12 11:41:42 INFO::run iteration 15
starting worker pid=44307 on localhost:11854 at 11:41:43.246
starting worker pid=44320 on localhost:11854 at 11:41:43.689
starting worker pid=44334 on localhost:11854 at 11:41:44.132
starting worker pid=44347 on localhost:11854 at 11:41:44.579
starting worker pid=44360 on localhost:11854 at 11:41:45.021
starting worker pid=44374 on localhost:11854 at 11:41:45.471
starting worker pid=44387 on localhost:11854 at 11:41:45.914
starting worker pid=44400 on localhost:11854 at 11:41:46.364
starting worker pid=44414 on localhost:11854 at 11:41:46.815
starting worker pid=44427 on localhost:11854 at 11:41:47.262
2022-03-12 11:46:05 INFO::After iteration 15, gene prior 0.0103516558665846:, SNP prior:0.00274497556519098
2022-03-12 11:46:05 INFO::run iteration 16
starting worker pid=44728 on localhost:11854 at 11:46:06.048
starting worker pid=44741 on localhost:11854 at 11:46:06.514
starting worker pid=44755 on localhost:11854 at 11:46:06.946
starting worker pid=44768 on localhost:11854 at 11:46:07.388
starting worker pid=44782 on localhost:11854 at 11:46:07.841
starting worker pid=44795 on localhost:11854 at 11:46:08.281
starting worker pid=44808 on localhost:11854 at 11:46:08.721
starting worker pid=44822 on localhost:11854 at 11:46:09.161
starting worker pid=44835 on localhost:11854 at 11:46:09.604
starting worker pid=44848 on localhost:11854 at 11:46:10.053
2022-03-12 11:50:25 INFO::After iteration 16, gene prior 0.0103553731531266:, SNP prior:0.00274490810868295
2022-03-12 11:50:26 INFO::run iteration 17
starting worker pid=45806 on localhost:11854 at 11:50:26.505
starting worker pid=45820 on localhost:11854 at 11:50:26.961
starting worker pid=45833 on localhost:11854 at 11:50:27.418
starting worker pid=45847 on localhost:11854 at 11:50:27.868
starting worker pid=45860 on localhost:11854 at 11:50:28.312
starting worker pid=45873 on localhost:11854 at 11:50:28.761
starting worker pid=45887 on localhost:11854 at 11:50:29.213
starting worker pid=45900 on localhost:11854 at 11:50:29.658
starting worker pid=45914 on localhost:11854 at 11:50:30.101
starting worker pid=45927 on localhost:11854 at 11:50:30.542
2022-03-12 11:54:47 INFO::After iteration 17, gene prior 0.0103581310735144:, SNP prior:0.00274485800913284
2022-03-12 11:54:47 INFO::run iteration 18
starting worker pid=46226 on localhost:11854 at 11:54:48.243
starting worker pid=46240 on localhost:11854 at 11:54:48.678
starting worker pid=46253 on localhost:11854 at 11:54:49.119
starting worker pid=46267 on localhost:11854 at 11:54:49.580
starting worker pid=46280 on localhost:11854 at 11:54:50.029
starting worker pid=46293 on localhost:11854 at 11:54:50.470
starting worker pid=46307 on localhost:11854 at 11:54:50.915
starting worker pid=46320 on localhost:11854 at 11:54:51.361
starting worker pid=46333 on localhost:11854 at 11:54:51.801
starting worker pid=46347 on localhost:11854 at 11:54:52.240
2022-03-12 11:59:10 INFO::After iteration 18, gene prior 0.0103601773627613:, SNP prior:0.00274482081889374
2022-03-12 11:59:10 INFO::run iteration 19
starting worker pid=46648 on localhost:11854 at 11:59:10.690
starting worker pid=46661 on localhost:11854 at 11:59:11.149
starting worker pid=46675 on localhost:11854 at 11:59:11.606
starting worker pid=46688 on localhost:11854 at 11:59:12.051
starting worker pid=46701 on localhost:11854 at 11:59:12.498
starting worker pid=46715 on localhost:11854 at 11:59:12.943
starting worker pid=46728 on localhost:11854 at 11:59:13.386
starting worker pid=46741 on localhost:11854 at 11:59:13.832
starting worker pid=46755 on localhost:11854 at 11:59:14.283
starting worker pid=46768 on localhost:11854 at 11:59:14.728
2022-03-12 12:03:33 INFO::After iteration 19, gene prior 0.0103616956826917:, SNP prior:0.00274479321801047
2022-03-12 12:03:33 INFO::run iteration 20
starting worker pid=47070 on localhost:11854 at 12:03:33.679
starting worker pid=47084 on localhost:11854 at 12:03:34.126
starting worker pid=47097 on localhost:11854 at 12:03:34.568
starting worker pid=47110 on localhost:11854 at 12:03:35.008
starting worker pid=47124 on localhost:11854 at 12:03:35.451
starting worker pid=47137 on localhost:11854 at 12:03:35.898
starting worker pid=47150 on localhost:11854 at 12:03:36.338
starting worker pid=47164 on localhost:11854 at 12:03:36.778
starting worker pid=47177 on localhost:11854 at 12:03:37.222
starting worker pid=47190 on localhost:11854 at 12:03:37.683
2022-03-12 12:07:55 INFO::After iteration 20, gene prior 0.0103628222627714:, SNP prior:0.00274477273622298
2022-03-12 12:07:55 INFO::run iteration 21
starting worker pid=47494 on localhost:11854 at 12:07:55.772
starting worker pid=47507 on localhost:11854 at 12:07:56.215
starting worker pid=47521 on localhost:11854 at 12:07:56.681
starting worker pid=47534 on localhost:11854 at 12:07:57.140
starting worker pid=47547 on localhost:11854 at 12:07:57.597
starting worker pid=47561 on localhost:11854 at 12:07:58.047
starting worker pid=47574 on localhost:11854 at 12:07:58.488
starting worker pid=47587 on localhost:11854 at 12:07:58.940
starting worker pid=47601 on localhost:11854 at 12:07:59.378
starting worker pid=47614 on localhost:11854 at 12:07:59.819
2022-03-12 12:12:16 INFO::After iteration 21, gene prior 0.0103636581733044:, SNP prior:0.00274475753817722
2022-03-12 12:12:16 INFO::run iteration 22
starting worker pid=47917 on localhost:11854 at 12:12:17.089
starting worker pid=47930 on localhost:11854 at 12:12:17.523
starting worker pid=47944 on localhost:11854 at 12:12:17.978
starting worker pid=47957 on localhost:11854 at 12:12:18.432
starting worker pid=47970 on localhost:11854 at 12:12:18.882
starting worker pid=47984 on localhost:11854 at 12:12:19.330
starting worker pid=47997 on localhost:11854 at 12:12:19.769
starting worker pid=48010 on localhost:11854 at 12:12:20.210
starting worker pid=48024 on localhost:11854 at 12:12:20.648
starting worker pid=48037 on localhost:11854 at 12:12:21.098
2022-03-12 12:16:38 INFO::After iteration 22, gene prior 0.0103642784068511:, SNP prior:0.00274474626116226
2022-03-12 12:16:38 INFO::run iteration 23
starting worker pid=48836 on localhost:11854 at 12:16:39.004
starting worker pid=48849 on localhost:11854 at 12:16:39.459
starting worker pid=48862 on localhost:11854 at 12:16:39.896
starting worker pid=48876 on localhost:11854 at 12:16:40.352
starting worker pid=48889 on localhost:11854 at 12:16:40.798
starting worker pid=48902 on localhost:11854 at 12:16:41.238
starting worker pid=48916 on localhost:11854 at 12:16:41.688
starting worker pid=48929 on localhost:11854 at 12:16:42.129
starting worker pid=48942 on localhost:11854 at 12:16:42.569
starting worker pid=48956 on localhost:11854 at 12:16:43.008
2022-03-12 12:21:00 INFO::After iteration 23, gene prior 0.0103647386085745:, SNP prior:0.00274473789371909
2022-03-12 12:21:00 INFO::run iteration 24
starting worker pid=49478 on localhost:11854 at 12:21:01.106
starting worker pid=49492 on localhost:11854 at 12:21:01.571
starting worker pid=49505 on localhost:11854 at 12:21:02.032
starting worker pid=49519 on localhost:11854 at 12:21:02.499
starting worker pid=49532 on localhost:11854 at 12:21:02.942
starting worker pid=49545 on localhost:11854 at 12:21:03.388
starting worker pid=49559 on localhost:11854 at 12:21:03.857
starting worker pid=49572 on localhost:11854 at 12:21:04.307
starting worker pid=49585 on localhost:11854 at 12:21:04.749
starting worker pid=49599 on localhost:11854 at 12:21:05.191
2022-03-12 12:25:22 INFO::After iteration 24, gene prior 0.010365080067913:, SNP prior:0.00274473168522089
2022-03-12 12:25:22 INFO::run iteration 25
starting worker pid=49831 on localhost:11854 at 12:25:22.791
starting worker pid=49844 on localhost:11854 at 12:25:23.263
starting worker pid=49858 on localhost:11854 at 12:25:23.707
starting worker pid=49871 on localhost:11854 at 12:25:24.153
starting worker pid=49884 on localhost:11854 at 12:25:24.599
starting worker pid=49898 on localhost:11854 at 12:25:25.049
starting worker pid=49911 on localhost:11854 at 12:25:25.491
starting worker pid=49924 on localhost:11854 at 12:25:25.930
starting worker pid=49938 on localhost:11854 at 12:25:26.375
starting worker pid=49951 on localhost:11854 at 12:25:26.819
2022-03-12 12:29:44 INFO::After iteration 25, gene prior 0.0103653334219794:, SNP prior:0.00274472707865617
2022-03-12 12:29:44 INFO::run iteration 26
starting worker pid=50253 on localhost:11854 at 12:29:44.740
starting worker pid=50266 on localhost:11854 at 12:29:45.194
starting worker pid=50279 on localhost:11854 at 12:29:45.641
starting worker pid=50293 on localhost:11854 at 12:29:46.099
starting worker pid=50306 on localhost:11854 at 12:29:46.547
starting worker pid=50319 on localhost:11854 at 12:29:46.993
starting worker pid=50333 on localhost:11854 at 12:29:47.439
starting worker pid=50346 on localhost:11854 at 12:29:47.881
starting worker pid=50359 on localhost:11854 at 12:29:48.325
starting worker pid=50373 on localhost:11854 at 12:29:48.768
2022-03-12 12:34:06 INFO::After iteration 26, gene prior 0.010365521403547:, SNP prior:0.0027447236607069
2022-03-12 12:34:06 INFO::run iteration 27
starting worker pid=50672 on localhost:11854 at 12:34:07.194
starting worker pid=50685 on localhost:11854 at 12:34:07.661
starting worker pid=50699 on localhost:11854 at 12:34:08.127
starting worker pid=50712 on localhost:11854 at 12:34:08.570
starting worker pid=50725 on localhost:11854 at 12:34:09.009
starting worker pid=50739 on localhost:11854 at 12:34:09.462
starting worker pid=50752 on localhost:11854 at 12:34:09.910
starting worker pid=50765 on localhost:11854 at 12:34:10.351
starting worker pid=50779 on localhost:11854 at 12:34:10.807
starting worker pid=50792 on localhost:11854 at 12:34:11.246
2022-03-12 12:38:30 INFO::After iteration 27, gene prior 0.0103656608801898:, SNP prior:0.0027447211246879
2022-03-12 12:38:30 INFO::run iteration 28
starting worker pid=51091 on localhost:11854 at 12:38:31.248
starting worker pid=51104 on localhost:11854 at 12:38:31.719
starting worker pid=51118 on localhost:11854 at 12:38:32.173
starting worker pid=51131 on localhost:11854 at 12:38:32.631
starting worker pid=51145 on localhost:11854 at 12:38:33.087
starting worker pid=51158 on localhost:11854 at 12:38:33.536
starting worker pid=51171 on localhost:11854 at 12:38:33.978
starting worker pid=51185 on localhost:11854 at 12:38:34.420
starting worker pid=51198 on localhost:11854 at 12:38:34.870
starting worker pid=51211 on localhost:11854 at 12:38:35.312
2022-03-12 12:42:52 INFO::After iteration 28, gene prior 0.0103657643674302:, SNP prior:0.00274471924304039
2022-03-12 12:42:52 INFO::run iteration 29
starting worker pid=51512 on localhost:11854 at 12:42:52.917
starting worker pid=51525 on localhost:11854 at 12:42:53.400
starting worker pid=51538 on localhost:11854 at 12:42:53.880
starting worker pid=51552 on localhost:11854 at 12:42:54.333
starting worker pid=51565 on localhost:11854 at 12:42:54.781
starting worker pid=51578 on localhost:11854 at 12:42:55.220
starting worker pid=51592 on localhost:11854 at 12:42:55.664
starting worker pid=51605 on localhost:11854 at 12:42:56.111
starting worker pid=51618 on localhost:11854 at 12:42:56.562
starting worker pid=51632 on localhost:11854 at 12:42:57.009
2022-03-12 12:47:15 INFO::After iteration 29, gene prior 0.0103658411515562:, SNP prior:0.00274471784691887
2022-03-12 12:47:15 INFO::run iteration 30
starting worker pid=52430 on localhost:11854 at 12:47:15.815
starting worker pid=52443 on localhost:11854 at 12:47:16.278
starting worker pid=52457 on localhost:11854 at 12:47:16.740
starting worker pid=52470 on localhost:11854 at 12:47:17.192
starting worker pid=52483 on localhost:11854 at 12:47:17.639
starting worker pid=52497 on localhost:11854 at 12:47:18.082
starting worker pid=52510 on localhost:11854 at 12:47:18.529
starting worker pid=52523 on localhost:11854 at 12:47:18.980
starting worker pid=52537 on localhost:11854 at 12:47:19.423
starting worker pid=52550 on localhost:11854 at 12:47:19.861
2022-03-12 12:51:37 INFO::After iteration 30, gene prior 0.0103658981227827:, SNP prior:0.00274471681104336
2022-03-12 12:51:37 INFO::Run susie for all regions.
2022-03-12 12:51:37 INFO::run iteration 1
starting worker pid=53074 on localhost:11854 at 12:51:37.810
starting worker pid=53088 on localhost:11854 at 12:51:38.246
starting worker pid=53101 on localhost:11854 at 12:51:38.666
starting worker pid=53115 on localhost:11854 at 12:51:39.107
starting worker pid=53128 on localhost:11854 at 12:51:39.549
starting worker pid=53141 on localhost:11854 at 12:51:39.993
starting worker pid=53155 on localhost:11854 at 12:51:40.439
starting worker pid=53168 on localhost:11854 at 12:51:40.883
starting worker pid=53182 on localhost:11854 at 12:51:41.328
starting worker pid=53196 on localhost:11854 at 12:51:41.775
2022-03-12 13:00:25 INFO::After iteration 1, gene prior 0.0319188511432096:, SNP prior:0.00956280642216158
2022-03-12 13:00:25 INFO::No. LD regions: 1700
2022-03-12 13:00:31 INFO::No. regions with at least one SNP/gene for chr1: 131
2022-03-12 13:00:31 INFO::Merge regions for chr1
2022-03-12 13:00:31 INFO::No. regions with at least one SNP/gene for chr1 after merging: 131
2022-03-12 13:00:38 INFO::No. regions with at least one SNP/gene for chr2: 144
2022-03-12 13:00:38 INFO::Merge regions for chr2
2022-03-12 13:00:38 INFO::No. regions with at least one SNP/gene for chr2 after merging: 143
2022-03-12 13:00:44 INFO::No. regions with at least one SNP/gene for chr3: 122
2022-03-12 13:00:44 INFO::Merge regions for chr3
2022-03-12 13:00:44 INFO::No. regions with at least one SNP/gene for chr3 after merging: 119
2022-03-12 13:00:50 INFO::No. regions with at least one SNP/gene for chr4: 122
2022-03-12 13:00:50 INFO::Merge regions for chr4
2022-03-12 13:00:50 INFO::No. regions with at least one SNP/gene for chr4 after merging: 120
2022-03-12 13:00:54 INFO::No. regions with at least one SNP/gene for chr5: 110
2022-03-12 13:00:54 INFO::Merge regions for chr5
2022-03-12 13:00:54 INFO::No. regions with at least one SNP/gene for chr5 after merging: 107
2022-03-12 13:00:59 INFO::No. regions with at least one SNP/gene for chr6: 112
2022-03-12 13:00:59 INFO::Merge regions for chr6
2022-03-12 13:00:59 INFO::No. regions with at least one SNP/gene for chr6 after merging: 109
2022-03-12 13:01:03 INFO::No. regions with at least one SNP/gene for chr7: 99
2022-03-12 13:01:03 INFO::Merge regions for chr7
2022-03-12 13:01:03 INFO::No. regions with at least one SNP/gene for chr7 after merging: 95
2022-03-12 13:01:07 INFO::No. regions with at least one SNP/gene for chr8: 94
2022-03-12 13:01:07 INFO::Merge regions for chr8
2022-03-12 13:01:07 INFO::No. regions with at least one SNP/gene for chr8 after merging: 92
2022-03-12 13:01:10 INFO::No. regions with at least one SNP/gene for chr9: 74
2022-03-12 13:01:10 INFO::Merge regions for chr9
2022-03-12 13:01:10 INFO::No. regions with at least one SNP/gene for chr9 after merging: 72
2022-03-12 13:01:14 INFO::No. regions with at least one SNP/gene for chr10: 85
2022-03-12 13:01:14 INFO::Merge regions for chr10
2022-03-12 13:01:14 INFO::No. regions with at least one SNP/gene for chr10 after merging: 83
2022-03-12 13:01:17 INFO::No. regions with at least one SNP/gene for chr11: 84
2022-03-12 13:01:17 INFO::Merge regions for chr11
2022-03-12 13:01:17 INFO::No. regions with at least one SNP/gene for chr11 after merging: 83
2022-03-12 13:01:20 INFO::No. regions with at least one SNP/gene for chr12: 82
2022-03-12 13:01:20 INFO::Merge regions for chr12
2022-03-12 13:01:20 INFO::No. regions with at least one SNP/gene for chr12 after merging: 79
2022-03-12 13:01:23 INFO::No. regions with at least one SNP/gene for chr13: 62
2022-03-12 13:01:23 INFO::Merge regions for chr13
2022-03-12 13:01:23 INFO::No. regions with at least one SNP/gene for chr13 after merging: 61
2022-03-12 13:01:25 INFO::No. regions with at least one SNP/gene for chr14: 56
2022-03-12 13:01:25 INFO::Merge regions for chr14
2022-03-12 13:01:25 INFO::No. regions with at least one SNP/gene for chr14 after merging: 55
2022-03-12 13:01:28 INFO::No. regions with at least one SNP/gene for chr15: 50
2022-03-12 13:01:28 INFO::Merge regions for chr15
2022-03-12 13:01:28 INFO::No. regions with at least one SNP/gene for chr15 after merging: 47
2022-03-12 13:01:30 INFO::No. regions with at least one SNP/gene for chr16: 54
2022-03-12 13:01:30 INFO::Merge regions for chr16
2022-03-12 13:01:30 INFO::No. regions with at least one SNP/gene for chr16 after merging: 53
2022-03-12 13:01:32 INFO::No. regions with at least one SNP/gene for chr17: 47
2022-03-12 13:01:32 INFO::Merge regions for chr17
2022-03-12 13:01:32 INFO::No. regions with at least one SNP/gene for chr17 after merging: 45
2022-03-12 13:01:35 INFO::No. regions with at least one SNP/gene for chr18: 47
2022-03-12 13:01:35 INFO::Merge regions for chr18
2022-03-12 13:01:35 INFO::No. regions with at least one SNP/gene for chr18 after merging: 47
2022-03-12 13:01:37 INFO::No. regions with at least one SNP/gene for chr19: 39
2022-03-12 13:01:37 INFO::Merge regions for chr19
2022-03-12 13:01:37 INFO::No. regions with at least one SNP/gene for chr19 after merging: 34
2022-03-12 13:01:39 INFO::No. regions with at least one SNP/gene for chr20: 38
2022-03-12 13:01:39 INFO::Merge regions for chr20
2022-03-12 13:01:39 INFO::No. regions with at least one SNP/gene for chr20 after merging: 38
2022-03-12 13:01:40 INFO::No. regions with at least one SNP/gene for chr21: 24
2022-03-12 13:01:40 INFO::Merge regions for chr21
2022-03-12 13:01:40 INFO::No. regions with at least one SNP/gene for chr21 after merging: 24
2022-03-12 13:01:42 INFO::No. regions with at least one SNP/gene for chr22: 24
2022-03-12 13:01:42 INFO::Merge regions for chr22
2022-03-12 13:01:42 INFO::No. regions with at least one SNP/gene for chr22 after merging: 23
2022-03-12 13:01:42 INFO::Trim regions with SNPs more than 20000
2022-03-12 13:01:42 INFO::Adding R matrix info, as genotype is not given
2022-03-12 13:01:42 INFO::Adding R matrix info for chrom 1
2022-03-12 13:11:51 INFO::Adding R matrix info for chrom 2
2022-03-12 13:22:36 INFO::Adding R matrix info for chrom 3
2022-03-12 13:31:26 INFO::Adding R matrix info for chrom 4
2022-03-12 13:40:18 INFO::Adding R matrix info for chrom 5
2022-03-12 13:48:16 INFO::Adding R matrix info for chrom 6
2022-03-12 13:58:52 INFO::Adding R matrix info for chrom 7
2022-03-12 14:06:28 INFO::Adding R matrix info for chrom 8
2022-03-12 14:13:05 INFO::Adding R matrix info for chrom 9
2022-03-12 14:18:53 INFO::Adding R matrix info for chrom 10
2022-03-12 14:25:18 INFO::Adding R matrix info for chrom 11
2022-03-12 14:32:15 INFO::Adding R matrix info for chrom 12
2022-03-12 14:39:03 INFO::Adding R matrix info for chrom 13
2022-03-12 14:43:32 INFO::Adding R matrix info for chrom 14
2022-03-12 14:48:00 INFO::Adding R matrix info for chrom 15
2022-03-12 14:52:32 INFO::Adding R matrix info for chrom 16
2022-03-12 14:56:36 INFO::Adding R matrix info for chrom 17
2022-03-12 15:01:43 INFO::Adding R matrix info for chrom 18
2022-03-12 15:04:59 INFO::Adding R matrix info for chrom 19
2022-03-12 15:11:27 INFO::Adding R matrix info for chrom 20
2022-03-12 15:14:31 INFO::Adding R matrix info for chrom 21
2022-03-12 15:16:00 INFO::Adding R matrix info for chrom 22
2022-03-12 15:20:19 INFO::Number of regions that contains strong gene signals: 22
2022-03-12 15:20:19 INFO::Rerun susie for regions with strong gene signals using full SNPs.
2022-03-12 15:20:19 INFO::run iteration 1
starting worker pid=5597 on localhost:11854 at 15:20:19.958
2022-03-12 15:27:34 INFO::After iteration 1, gene prior 0.0593960140427318:, SNP prior:0.000801468604528452
$group_prior
[1] 0.0103658981 0.0002744717

$group_prior_var
[1] 16.20048 12.59521

R version 3.6.1 (2019-07-05)
Platform: x86_64-pc-linux-gnu (64-bit)
Running under: Scientific Linux 7.4 (Nitrogen)

Matrix products: default
BLAS/LAPACK: /software/openblas-0.2.19-el7-x86_64/lib/libopenblas_haswellp-r0.2.19.so

locale:
[1] C

attached base packages:
[1] stats     graphics  grDevices utils     datasets  methods   base     

other attached packages:
[1] data.table_1.14.2 ctwas_0.1.32     

loaded via a namespace (and not attached):
 [1] Rcpp_1.0.8        magrittr_2.0.2    pgenlibr_0.3.1    hms_1.1.1        
 [5] doParallel_1.0.17 bit_4.0.4         lattice_0.20-38   R6_2.5.1         
 [9] rlang_1.0.1       fastmap_1.1.0     foreach_1.5.2     fansi_1.0.2      
[13] blob_1.2.2        tools_3.6.1       parallel_3.6.1    grid_3.6.1       
[17] logging_0.10-108  utf8_1.2.2        cli_3.1.0         DBI_1.1.2        
[21] iterators_1.0.14  ellipsis_0.3.2    bit64_4.0.5       tibble_3.1.6     
[25] lifecycle_1.0.1   crayon_1.5.0      Matrix_1.2-18     tzdb_0.2.0       
[29] readr_2.1.1       vctrs_0.3.8       codetools_0.2-16  memoise_2.0.1    
[33] cachem_1.0.6      RSQLite_2.2.8     pillar_1.6.4      compiler_3.6.1   
[37] pkgconfig_2.0.3  
