[1] "/project2/xinhe/shengqian/cTWAS/cTWAS_analysis/data/scz_2018.RDS"                           
[2] "/project2/mstephens/wcrouse/UKB_LDR_0.1"                                                    
[3] "/project2/compbio/predictdb/mashr_models/mashr_Brain_Spinal_cord_cervical_c-1.db"           
[4] "/project2/xinhe/shengqian/cTWAS/cTWAS_analysis/code/ctwas_config.R"                         
[5] "SCZ_Brain_Spinal_cord_cervical_c-1_expr"                                                    
[6] "SCZ_Brain_Spinal_cord_cervical_c-1_ctwas"                                                   
[7] "/project2/xinhe/shengqian/cTWAS/cTWAS_analysis/data/SCZ_2018/Brain_Spinal_cord_cervical_c-1"
2022-04-18 15:49:12 INFO::Flipping z scores to match LD reference
2022-04-18 15:49:15 INFO::Reading weights for chromosome 1
2022-04-18 15:49:18 INFO::Number of genes with weights provided: 13096
2022-04-18 15:49:18 INFO::Collecting gene weight information ...
2022-04-18 15:49:18 INFO::Flipping weights to match LD reference
2022-04-18 15:49:18 INFO::Harmonizing strand ambiguous weights using correlations with unambiguous variants
2022-04-18 15:59:38 INFO::Start gene z score imputation ...
2022-04-18 15:59:38 INFO::Using given LD matrices to impute gene z score.
2022-04-18 16:08:57 INFO::Imputation done, writing results to output...
2022-04-18 16:08:57 INFO::Imputation done: number of genes with imputed expression: 894 for chr 1
2022-04-18 16:08:58 INFO::Flipping z scores to match LD reference
2022-04-18 16:08:59 INFO::Reading weights for chromosome 2
2022-04-18 16:08:59 INFO::Number of genes with weights provided: 13096
2022-04-18 16:08:59 INFO::Collecting gene weight information ...
2022-04-18 16:08:59 INFO::Flipping weights to match LD reference
2022-04-18 16:08:59 INFO::Harmonizing strand ambiguous weights using correlations with unambiguous variants
2022-04-18 16:17:22 INFO::Start gene z score imputation ...
2022-04-18 16:17:22 INFO::Using given LD matrices to impute gene z score.
2022-04-18 16:25:52 INFO::Imputation done, writing results to output...
2022-04-18 16:25:52 INFO::Imputation done: number of genes with imputed expression: 649 for chr 2
2022-04-18 16:25:53 INFO::Flipping z scores to match LD reference
2022-04-18 16:25:55 INFO::Reading weights for chromosome 3
2022-04-18 16:25:55 INFO::Number of genes with weights provided: 13096
2022-04-18 16:25:55 INFO::Collecting gene weight information ...
2022-04-18 16:25:55 INFO::Flipping weights to match LD reference
2022-04-18 16:25:55 INFO::Harmonizing strand ambiguous weights using correlations with unambiguous variants
2022-04-18 16:32:32 INFO::Start gene z score imputation ...
2022-04-18 16:32:32 INFO::Using given LD matrices to impute gene z score.
2022-04-18 16:39:43 INFO::Imputation done, writing results to output...
2022-04-18 16:39:44 INFO::Imputation done: number of genes with imputed expression: 536 for chr 3
2022-04-18 16:39:44 INFO::Flipping z scores to match LD reference
2022-04-18 16:39:46 INFO::Reading weights for chromosome 4
2022-04-18 16:39:46 INFO::Number of genes with weights provided: 13096
2022-04-18 16:39:46 INFO::Collecting gene weight information ...
2022-04-18 16:39:46 INFO::Flipping weights to match LD reference
2022-04-18 16:39:46 INFO::Harmonizing strand ambiguous weights using correlations with unambiguous variants
2022-04-18 16:44:12 INFO::Start gene z score imputation ...
2022-04-18 16:44:12 INFO::Using given LD matrices to impute gene z score.
2022-04-18 16:50:58 INFO::Imputation done, writing results to output...
2022-04-18 16:50:58 INFO::Imputation done: number of genes with imputed expression: 348 for chr 4
2022-04-18 16:50:59 INFO::Flipping z scores to match LD reference
2022-04-18 16:51:00 INFO::Reading weights for chromosome 5
2022-04-18 16:51:00 INFO::Number of genes with weights provided: 13096
2022-04-18 16:51:00 INFO::Collecting gene weight information ...
2022-04-18 16:51:00 INFO::Flipping weights to match LD reference
2022-04-18 16:51:00 INFO::Harmonizing strand ambiguous weights using correlations with unambiguous variants
2022-04-18 16:55:11 INFO::Start gene z score imputation ...
2022-04-18 16:55:11 INFO::Using given LD matrices to impute gene z score.
2022-04-18 17:00:36 INFO::Imputation done, writing results to output...
2022-04-18 17:00:36 INFO::Imputation done: number of genes with imputed expression: 429 for chr 5
2022-04-18 17:00:37 INFO::Flipping z scores to match LD reference
2022-04-18 17:00:38 INFO::Reading weights for chromosome 6
2022-04-18 17:00:38 INFO::Number of genes with weights provided: 13096
2022-04-18 17:00:38 INFO::Collecting gene weight information ...
2022-04-18 17:00:38 INFO::Flipping weights to match LD reference
2022-04-18 17:00:38 INFO::Harmonizing strand ambiguous weights using correlations with unambiguous variants
2022-04-18 17:09:06 INFO::Start gene z score imputation ...
2022-04-18 17:09:06 INFO::Using given LD matrices to impute gene z score.
2022-04-18 17:16:08 INFO::Imputation done, writing results to output...
2022-04-18 17:16:08 INFO::Imputation done: number of genes with imputed expression: 514 for chr 6
2022-04-18 17:16:09 INFO::Flipping z scores to match LD reference
2022-04-18 17:16:10 INFO::Reading weights for chromosome 7
2022-04-18 17:16:10 INFO::Number of genes with weights provided: 13096
2022-04-18 17:16:10 INFO::Collecting gene weight information ...
2022-04-18 17:16:10 INFO::Flipping weights to match LD reference
2022-04-18 17:16:10 INFO::Harmonizing strand ambiguous weights using correlations with unambiguous variants
2022-04-18 17:22:27 INFO::Start gene z score imputation ...
2022-04-18 17:22:27 INFO::Using given LD matrices to impute gene z score.
2022-04-18 17:28:12 INFO::Imputation done, writing results to output...
2022-04-18 17:28:12 INFO::Imputation done: number of genes with imputed expression: 446 for chr 7
2022-04-18 17:28:13 INFO::Flipping z scores to match LD reference
2022-04-18 17:28:14 INFO::Reading weights for chromosome 8
2022-04-18 17:28:14 INFO::Number of genes with weights provided: 13096
2022-04-18 17:28:14 INFO::Collecting gene weight information ...
2022-04-18 17:28:14 INFO::Flipping weights to match LD reference
2022-04-18 17:28:14 INFO::Harmonizing strand ambiguous weights using correlations with unambiguous variants
2022-04-18 17:32:50 INFO::Start gene z score imputation ...
2022-04-18 17:32:50 INFO::Using given LD matrices to impute gene z score.
2022-04-18 17:37:43 INFO::Imputation done, writing results to output...
2022-04-18 17:37:43 INFO::Imputation done: number of genes with imputed expression: 349 for chr 8
2022-04-18 17:37:44 INFO::Flipping z scores to match LD reference
2022-04-18 17:37:45 INFO::Reading weights for chromosome 9
2022-04-18 17:37:45 INFO::Number of genes with weights provided: 13096
2022-04-18 17:37:45 INFO::Collecting gene weight information ...
2022-04-18 17:37:45 INFO::Flipping weights to match LD reference
2022-04-18 17:37:45 INFO::Harmonizing strand ambiguous weights using correlations with unambiguous variants
2022-04-18 17:41:42 INFO::Start gene z score imputation ...
2022-04-18 17:41:42 INFO::Using given LD matrices to impute gene z score.
2022-04-18 17:45:43 INFO::Imputation done, writing results to output...
2022-04-18 17:45:43 INFO::Imputation done: number of genes with imputed expression: 342 for chr 9
2022-04-18 17:45:44 INFO::Flipping z scores to match LD reference
2022-04-18 17:45:45 INFO::Reading weights for chromosome 10
2022-04-18 17:45:45 INFO::Number of genes with weights provided: 13096
2022-04-18 17:45:45 INFO::Collecting gene weight information ...
2022-04-18 17:45:45 INFO::Flipping weights to match LD reference
2022-04-18 17:45:45 INFO::Harmonizing strand ambiguous weights using correlations with unambiguous variants
2022-04-18 17:50:32 INFO::Start gene z score imputation ...
2022-04-18 17:50:32 INFO::Using given LD matrices to impute gene z score.
2022-04-18 17:55:50 INFO::Imputation done, writing results to output...
2022-04-18 17:55:50 INFO::Imputation done: number of genes with imputed expression: 345 for chr 10
2022-04-18 17:55:51 INFO::Flipping z scores to match LD reference
2022-04-18 17:55:53 INFO::Reading weights for chromosome 11
2022-04-18 17:55:53 INFO::Number of genes with weights provided: 13096
2022-04-18 17:55:53 INFO::Collecting gene weight information ...
2022-04-18 17:55:53 INFO::Flipping weights to match LD reference
2022-04-18 17:55:53 INFO::Harmonizing strand ambiguous weights using correlations with unambiguous variants
2022-04-18 18:01:17 INFO::Start gene z score imputation ...
2022-04-18 18:01:17 INFO::Using given LD matrices to impute gene z score.
2022-04-18 18:06:50 INFO::Imputation done, writing results to output...
2022-04-18 18:06:51 INFO::Imputation done: number of genes with imputed expression: 531 for chr 11
2022-04-18 18:06:52 INFO::Flipping z scores to match LD reference
2022-04-18 18:06:53 INFO::Reading weights for chromosome 12
2022-04-18 18:06:53 INFO::Number of genes with weights provided: 13096
2022-04-18 18:06:53 INFO::Collecting gene weight information ...
2022-04-18 18:06:53 INFO::Flipping weights to match LD reference
2022-04-18 18:06:53 INFO::Harmonizing strand ambiguous weights using correlations with unambiguous variants
2022-04-18 18:12:31 INFO::Start gene z score imputation ...
2022-04-18 18:12:31 INFO::Using given LD matrices to impute gene z score.
2022-04-18 18:18:21 INFO::Imputation done, writing results to output...
2022-04-18 18:18:21 INFO::Imputation done: number of genes with imputed expression: 533 for chr 12
2022-04-18 18:18:22 INFO::Flipping z scores to match LD reference
2022-04-18 18:18:23 INFO::Reading weights for chromosome 13
2022-04-18 18:18:23 INFO::Number of genes with weights provided: 13096
2022-04-18 18:18:23 INFO::Collecting gene weight information ...
2022-04-18 18:18:23 INFO::Flipping weights to match LD reference
2022-04-18 18:18:23 INFO::Harmonizing strand ambiguous weights using correlations with unambiguous variants
2022-04-18 18:21:02 INFO::Start gene z score imputation ...
2022-04-18 18:21:02 INFO::Using given LD matrices to impute gene z score.
2022-04-18 18:24:42 INFO::Imputation done, writing results to output...
2022-04-18 18:24:42 INFO::Imputation done: number of genes with imputed expression: 200 for chr 13
2022-04-18 18:24:43 INFO::Flipping z scores to match LD reference
2022-04-18 18:24:44 INFO::Reading weights for chromosome 14
2022-04-18 18:24:44 INFO::Number of genes with weights provided: 13096
2022-04-18 18:24:44 INFO::Collecting gene weight information ...
2022-04-18 18:24:44 INFO::Flipping weights to match LD reference
2022-04-18 18:24:44 INFO::Harmonizing strand ambiguous weights using correlations with unambiguous variants
2022-04-18 18:29:25 INFO::Start gene z score imputation ...
2022-04-18 18:29:25 INFO::Using given LD matrices to impute gene z score.
2022-04-18 18:33:18 INFO::Imputation done, writing results to output...
2022-04-18 18:33:18 INFO::Imputation done: number of genes with imputed expression: 304 for chr 14
2022-04-18 18:33:19 INFO::Flipping z scores to match LD reference
2022-04-18 18:33:20 INFO::Reading weights for chromosome 15
2022-04-18 18:33:20 INFO::Number of genes with weights provided: 13096
2022-04-18 18:33:20 INFO::Collecting gene weight information ...
2022-04-18 18:33:20 INFO::Flipping weights to match LD reference
2022-04-18 18:33:20 INFO::Harmonizing strand ambiguous weights using correlations with unambiguous variants
2022-04-18 18:37:03 INFO::Start gene z score imputation ...
2022-04-18 18:37:03 INFO::Using given LD matrices to impute gene z score.
2022-04-18 18:40:00 INFO::Imputation done, writing results to output...
2022-04-18 18:40:01 INFO::Imputation done: number of genes with imputed expression: 324 for chr 15
2022-04-18 18:40:02 INFO::Flipping z scores to match LD reference
2022-04-18 18:40:03 INFO::Reading weights for chromosome 16
2022-04-18 18:40:03 INFO::Number of genes with weights provided: 13096
2022-04-18 18:40:03 INFO::Collecting gene weight information ...
2022-04-18 18:40:03 INFO::Flipping weights to match LD reference
2022-04-18 18:40:03 INFO::Harmonizing strand ambiguous weights using correlations with unambiguous variants
2022-04-18 18:44:10 INFO::Start gene z score imputation ...
2022-04-18 18:44:10 INFO::Using given LD matrices to impute gene z score.
2022-04-18 18:47:16 INFO::Imputation done, writing results to output...
2022-04-18 18:47:17 INFO::Imputation done: number of genes with imputed expression: 368 for chr 16
2022-04-18 18:47:17 INFO::Flipping z scores to match LD reference
2022-04-18 18:47:18 INFO::Reading weights for chromosome 17
2022-04-18 18:47:18 INFO::Number of genes with weights provided: 13096
2022-04-18 18:47:18 INFO::Collecting gene weight information ...
2022-04-18 18:47:18 INFO::Flipping weights to match LD reference
2022-04-18 18:47:18 INFO::Harmonizing strand ambiguous weights using correlations with unambiguous variants
2022-04-18 18:53:18 INFO::Start gene z score imputation ...
2022-04-18 18:53:18 INFO::Using given LD matrices to impute gene z score.
2022-04-18 18:57:44 INFO::Imputation done, writing results to output...
2022-04-18 18:57:44 INFO::Imputation done: number of genes with imputed expression: 557 for chr 17
2022-04-18 18:57:45 INFO::Flipping z scores to match LD reference
2022-04-18 18:57:46 INFO::Reading weights for chromosome 18
2022-04-18 18:57:46 INFO::Number of genes with weights provided: 13096
2022-04-18 18:57:46 INFO::Collecting gene weight information ...
2022-04-18 18:57:46 INFO::Flipping weights to match LD reference
2022-04-18 18:57:46 INFO::Harmonizing strand ambiguous weights using correlations with unambiguous variants
2022-04-18 19:00:58 INFO::Start gene z score imputation ...
2022-04-18 19:00:58 INFO::Using given LD matrices to impute gene z score.
2022-04-18 19:04:00 INFO::Imputation done, writing results to output...
2022-04-18 19:04:01 INFO::Imputation done: number of genes with imputed expression: 145 for chr 18
2022-04-18 19:04:01 INFO::Flipping z scores to match LD reference
2022-04-18 19:04:02 INFO::Reading weights for chromosome 19
2022-04-18 19:04:02 INFO::Number of genes with weights provided: 13096
2022-04-18 19:04:02 INFO::Collecting gene weight information ...
2022-04-18 19:04:02 INFO::Flipping weights to match LD reference
2022-04-18 19:04:02 INFO::Harmonizing strand ambiguous weights using correlations with unambiguous variants
2022-04-18 19:13:17 INFO::Start gene z score imputation ...
2022-04-18 19:13:17 INFO::Using given LD matrices to impute gene z score.
2022-04-18 19:18:01 INFO::Imputation done, writing results to output...
2022-04-18 19:18:01 INFO::Imputation done: number of genes with imputed expression: 690 for chr 19
2022-04-18 19:18:02 INFO::Flipping z scores to match LD reference
2022-04-18 19:18:03 INFO::Reading weights for chromosome 20
2022-04-18 19:18:03 INFO::Number of genes with weights provided: 13096
2022-04-18 19:18:03 INFO::Collecting gene weight information ...
2022-04-18 19:18:03 INFO::Flipping weights to match LD reference
2022-04-18 19:18:03 INFO::Harmonizing strand ambiguous weights using correlations with unambiguous variants
2022-04-18 19:21:40 INFO::Start gene z score imputation ...
2022-04-18 19:21:40 INFO::Using given LD matrices to impute gene z score.
2022-04-18 19:24:55 INFO::Imputation done, writing results to output...
2022-04-18 19:24:55 INFO::Imputation done: number of genes with imputed expression: 274 for chr 20
2022-04-18 19:24:55 INFO::Flipping z scores to match LD reference
2022-04-18 19:24:56 INFO::Reading weights for chromosome 21
2022-04-18 19:24:56 INFO::Number of genes with weights provided: 13096
2022-04-18 19:24:56 INFO::Collecting gene weight information ...
2022-04-18 19:24:56 INFO::Flipping weights to match LD reference
2022-04-18 19:24:56 INFO::Harmonizing strand ambiguous weights using correlations with unambiguous variants
2022-04-18 19:26:32 INFO::Start gene z score imputation ...
2022-04-18 19:26:32 INFO::Using given LD matrices to impute gene z score.
2022-04-18 19:27:02 INFO::Imputation done, writing results to output...
2022-04-18 19:27:02 INFO::Imputation done: number of genes with imputed expression: 27 for chr 21
2022-04-18 19:27:02 INFO::Flipping z scores to match LD reference
2022-04-18 19:27:03 INFO::Reading weights for chromosome 22
2022-04-18 19:27:03 INFO::Number of genes with weights provided: 13096
2022-04-18 19:27:03 INFO::Collecting gene weight information ...
2022-04-18 19:27:03 INFO::Flipping weights to match LD reference
2022-04-18 19:27:03 INFO::Harmonizing strand ambiguous weights using correlations with unambiguous variants
2022-04-18 19:30:01 INFO::Start gene z score imputation ...
2022-04-18 19:30:01 INFO::Using given LD matrices to impute gene z score.
2022-04-18 19:31:48 INFO::Imputation done, writing results to output...
2022-04-18 19:31:48 INFO::Imputation done: number of genes with imputed expression: 235 for chr 22
2022-04-18 19:32:08 INFO::ctwas started ...
2022-04-18 19:32:29 INFO::LD region file: /home/shengqian/R/x86_64-pc-linux-gnu-library/3.6/ctwas/extdata/ldetect/EUR.b38.bed
2022-04-18 19:32:39 INFO::No. LD regions: 1700
2022-04-18 19:32:44 INFO::No. regions with at least one SNP/gene for chr1: 131
2022-04-18 19:32:44 INFO::Merge regions for chr1
2022-04-18 19:32:44 INFO::No. regions with at least one SNP/gene for chr1 after merging: 130
2022-04-18 19:32:50 INFO::No. regions with at least one SNP/gene for chr2: 143
2022-04-18 19:32:50 INFO::Merge regions for chr2
2022-04-18 19:32:50 INFO::No. regions with at least one SNP/gene for chr2 after merging: 143
2022-04-18 19:32:55 INFO::No. regions with at least one SNP/gene for chr3: 122
2022-04-18 19:32:55 INFO::Merge regions for chr3
2022-04-18 19:32:55 INFO::No. regions with at least one SNP/gene for chr3 after merging: 121
2022-04-18 19:33:00 INFO::No. regions with at least one SNP/gene for chr4: 122
2022-04-18 19:33:00 INFO::Merge regions for chr4
2022-04-18 19:33:00 INFO::No. regions with at least one SNP/gene for chr4 after merging: 120
2022-04-18 19:33:04 INFO::No. regions with at least one SNP/gene for chr5: 110
2022-04-18 19:33:04 INFO::Merge regions for chr5
2022-04-18 19:33:04 INFO::No. regions with at least one SNP/gene for chr5 after merging: 110
2022-04-18 19:33:09 INFO::No. regions with at least one SNP/gene for chr6: 112
2022-04-18 19:33:09 INFO::Merge regions for chr6
2022-04-18 19:33:09 INFO::No. regions with at least one SNP/gene for chr6 after merging: 111
2022-04-18 19:33:13 INFO::No. regions with at least one SNP/gene for chr7: 99
2022-04-18 19:33:13 INFO::Merge regions for chr7
2022-04-18 19:33:13 INFO::No. regions with at least one SNP/gene for chr7 after merging: 98
2022-04-18 19:33:16 INFO::No. regions with at least one SNP/gene for chr8: 92
2022-04-18 19:33:16 INFO::Merge regions for chr8
2022-04-18 19:33:16 INFO::No. regions with at least one SNP/gene for chr8 after merging: 91
2022-04-18 19:33:18 INFO::No. regions with at least one SNP/gene for chr9: 74
2022-04-18 19:33:18 INFO::Merge regions for chr9
2022-04-18 19:33:18 INFO::No. regions with at least one SNP/gene for chr9 after merging: 74
2022-04-18 19:33:22 INFO::No. regions with at least one SNP/gene for chr10: 85
2022-04-18 19:33:22 INFO::Merge regions for chr10
2022-04-18 19:33:22 INFO::No. regions with at least one SNP/gene for chr10 after merging: 84
2022-04-18 19:33:25 INFO::No. regions with at least one SNP/gene for chr11: 84
2022-04-18 19:33:25 INFO::Merge regions for chr11
2022-04-18 19:33:25 INFO::No. regions with at least one SNP/gene for chr11 after merging: 84
2022-04-18 19:33:28 INFO::No. regions with at least one SNP/gene for chr12: 82
2022-04-18 19:33:28 INFO::Merge regions for chr12
2022-04-18 19:33:28 INFO::No. regions with at least one SNP/gene for chr12 after merging: 81
2022-04-18 19:33:30 INFO::No. regions with at least one SNP/gene for chr13: 62
2022-04-18 19:33:30 INFO::Merge regions for chr13
2022-04-18 19:33:30 INFO::No. regions with at least one SNP/gene for chr13 after merging: 60
2022-04-18 19:33:33 INFO::No. regions with at least one SNP/gene for chr14: 56
2022-04-18 19:33:33 INFO::Merge regions for chr14
2022-04-18 19:33:33 INFO::No. regions with at least one SNP/gene for chr14 after merging: 54
2022-04-18 19:33:34 INFO::No. regions with at least one SNP/gene for chr15: 50
2022-04-18 19:33:34 INFO::Merge regions for chr15
2022-04-18 19:33:34 INFO::No. regions with at least one SNP/gene for chr15 after merging: 50
2022-04-18 19:33:36 INFO::No. regions with at least one SNP/gene for chr16: 50
2022-04-18 19:33:36 INFO::Merge regions for chr16
2022-04-18 19:33:36 INFO::No. regions with at least one SNP/gene for chr16 after merging: 50
2022-04-18 19:33:38 INFO::No. regions with at least one SNP/gene for chr17: 47
2022-04-18 19:33:38 INFO::Merge regions for chr17
2022-04-18 19:33:38 INFO::No. regions with at least one SNP/gene for chr17 after merging: 44
2022-04-18 19:33:39 INFO::No. regions with at least one SNP/gene for chr18: 47
2022-04-18 19:33:39 INFO::Merge regions for chr18
2022-04-18 19:33:39 INFO::No. regions with at least one SNP/gene for chr18 after merging: 47
2022-04-18 19:33:41 INFO::No. regions with at least one SNP/gene for chr19: 39
2022-04-18 19:33:41 INFO::Merge regions for chr19
2022-04-18 19:33:41 INFO::No. regions with at least one SNP/gene for chr19 after merging: 37
2022-04-18 19:33:43 INFO::No. regions with at least one SNP/gene for chr20: 38
2022-04-18 19:33:43 INFO::Merge regions for chr20
2022-04-18 19:33:43 INFO::No. regions with at least one SNP/gene for chr20 after merging: 37
2022-04-18 19:33:44 INFO::No. regions with at least one SNP/gene for chr21: 15
2022-04-18 19:33:44 INFO::Merge regions for chr21
2022-04-18 19:33:44 INFO::No. regions with at least one SNP/gene for chr21 after merging: 15
2022-04-18 19:33:45 INFO::No. regions with at least one SNP/gene for chr22: 24
2022-04-18 19:33:45 INFO::Merge regions for chr22
2022-04-18 19:33:45 INFO::No. regions with at least one SNP/gene for chr22 after merging: 23
2022-04-18 19:33:45 INFO::Trim regions with SNPs more than Inf
2022-04-18 19:33:45 INFO::Adding R matrix info, as genotype is not given
2022-04-18 19:33:45 INFO::Adding R matrix info for chrom 1
2022-04-18 19:44:00 INFO::Adding R matrix info for chrom 2
2022-04-18 19:54:00 INFO::Adding R matrix info for chrom 3
2022-04-18 20:02:13 INFO::Adding R matrix info for chrom 4
2022-04-18 20:10:49 INFO::Adding R matrix info for chrom 5
2022-04-18 20:17:48 INFO::Adding R matrix info for chrom 6
2022-04-18 20:26:25 INFO::Adding R matrix info for chrom 7
2022-04-18 20:33:43 INFO::Adding R matrix info for chrom 8
2022-04-18 20:40:40 INFO::Adding R matrix info for chrom 9
2022-04-18 20:46:02 INFO::Adding R matrix info for chrom 10
2022-04-18 20:52:12 INFO::Adding R matrix info for chrom 11
2022-04-18 20:59:00 INFO::Adding R matrix info for chrom 12
2022-04-18 21:05:40 INFO::Adding R matrix info for chrom 13
2022-04-18 21:10:18 INFO::Adding R matrix info for chrom 14
2022-04-18 21:14:45 INFO::Adding R matrix info for chrom 15
2022-04-18 21:18:04 INFO::Adding R matrix info for chrom 16
2022-04-18 21:21:32 INFO::Adding R matrix info for chrom 17
2022-04-18 21:26:28 INFO::Adding R matrix info for chrom 18
2022-04-18 21:29:54 INFO::Adding R matrix info for chrom 19
2022-04-18 21:34:53 INFO::Adding R matrix info for chrom 20
2022-04-18 21:39:20 INFO::Adding R matrix info for chrom 21
2022-04-18 21:40:09 INFO::Adding R matrix info for chrom 22
2022-04-18 21:42:07 INFO::Run susie iteratively, getting rough estimate ...
2022-04-18 21:42:07 INFO::run iteration 1
starting worker pid=24592 on localhost:11250 at 21:42:09.030
starting worker pid=24606 on localhost:11250 at 21:42:09.502
starting worker pid=24619 on localhost:11250 at 21:42:09.934
starting worker pid=24633 on localhost:11250 at 21:42:10.361
starting worker pid=24646 on localhost:11250 at 21:42:10.785
starting worker pid=24659 on localhost:11250 at 21:42:11.216
starting worker pid=24673 on localhost:11250 at 21:42:11.640
starting worker pid=24686 on localhost:11250 at 21:42:12.066
starting worker pid=24699 on localhost:11250 at 21:42:12.491
starting worker pid=24713 on localhost:11250 at 21:42:12.912
2022-04-18 21:49:50 INFO::After iteration 1, gene prior 0.0039786733152242:, SNP prior:0.00258010411054029
2022-04-18 21:49:50 INFO::run iteration 2
starting worker pid=25978 on localhost:11250 at 21:49:51.206
starting worker pid=25992 on localhost:11250 at 21:49:51.676
starting worker pid=26005 on localhost:11250 at 21:49:52.133
starting worker pid=26019 on localhost:11250 at 21:49:52.559
starting worker pid=26032 on localhost:11250 at 21:49:52.993
starting worker pid=26045 on localhost:11250 at 21:49:53.418
starting worker pid=26059 on localhost:11250 at 21:49:53.849
starting worker pid=26072 on localhost:11250 at 21:49:54.279
starting worker pid=26085 on localhost:11250 at 21:49:54.703
starting worker pid=26099 on localhost:11250 at 21:49:55.132
2022-04-18 21:57:35 INFO::After iteration 2, gene prior 0.00487170695286168:, SNP prior:0.00225919373094063
2022-04-18 21:57:35 INFO::run iteration 3
starting worker pid=26562 on localhost:11250 at 21:57:36.533
starting worker pid=26575 on localhost:11250 at 21:57:36.991
starting worker pid=26588 on localhost:11250 at 21:57:37.423
starting worker pid=26602 on localhost:11250 at 21:57:37.843
starting worker pid=26615 on localhost:11250 at 21:57:38.269
starting worker pid=26628 on localhost:11250 at 21:57:38.698
starting worker pid=26642 on localhost:11250 at 21:57:39.123
starting worker pid=26655 on localhost:11250 at 21:57:39.550
starting worker pid=26668 on localhost:11250 at 21:57:39.975
starting worker pid=26682 on localhost:11250 at 21:57:40.405
2022-04-18 22:05:22 INFO::After iteration 3, gene prior 0.00594167626553922:, SNP prior:0.00215532882578454
2022-04-18 22:05:22 INFO::Blocks are filtered: 832 blocks left
2022-04-18 22:05:22 INFO::Run susie iteratively, getting accurate estimate ...
2022-04-18 22:05:22 INFO::run iteration 1
starting worker pid=27214 on localhost:11250 at 22:05:23.339
starting worker pid=27228 on localhost:11250 at 22:05:23.801
starting worker pid=27241 on localhost:11250 at 22:05:24.241
starting worker pid=27254 on localhost:11250 at 22:05:24.674
starting worker pid=27268 on localhost:11250 at 22:05:25.101
starting worker pid=27281 on localhost:11250 at 22:05:25.530
starting worker pid=27294 on localhost:11250 at 22:05:25.952
starting worker pid=27308 on localhost:11250 at 22:05:26.373
starting worker pid=27321 on localhost:11250 at 22:05:26.793
starting worker pid=27334 on localhost:11250 at 22:05:27.235
2022-04-18 22:10:01 INFO::After iteration 1, gene prior 0.0079358582917109:, SNP prior:0.00255394058706831
2022-04-18 22:10:02 INFO::run iteration 2
starting worker pid=27649 on localhost:11250 at 22:10:02.927
starting worker pid=27662 on localhost:11250 at 22:10:03.380
starting worker pid=27676 on localhost:11250 at 22:10:03.852
starting worker pid=27689 on localhost:11250 at 22:10:04.313
starting worker pid=27703 on localhost:11250 at 22:10:04.752
starting worker pid=27717 on localhost:11250 at 22:10:05.186
starting worker pid=27730 on localhost:11250 at 22:10:05.611
starting worker pid=27743 on localhost:11250 at 22:10:06.043
starting worker pid=27757 on localhost:11250 at 22:10:06.469
starting worker pid=27770 on localhost:11250 at 22:10:06.893
2022-04-18 22:14:41 INFO::After iteration 2, gene prior 0.00931536960005662:, SNP prior:0.00282787484910256
2022-04-18 22:14:42 INFO::run iteration 3
starting worker pid=28084 on localhost:11250 at 22:14:42.542
starting worker pid=28098 on localhost:11250 at 22:14:43.011
starting worker pid=28111 on localhost:11250 at 22:14:43.440
starting worker pid=28125 on localhost:11250 at 22:14:43.884
starting worker pid=28138 on localhost:11250 at 22:14:44.311
starting worker pid=28151 on localhost:11250 at 22:14:44.742
starting worker pid=28165 on localhost:11250 at 22:14:45.172
starting worker pid=28178 on localhost:11250 at 22:14:45.592
starting worker pid=28191 on localhost:11250 at 22:14:46.018
starting worker pid=28205 on localhost:11250 at 22:14:46.441
2022-04-18 22:19:24 INFO::After iteration 3, gene prior 0.0102723858820838:, SNP prior:0.00300240893980345
2022-04-18 22:19:24 INFO::run iteration 4
starting worker pid=29080 on localhost:11250 at 22:19:24.666
starting worker pid=29094 on localhost:11250 at 22:19:25.107
starting worker pid=29107 on localhost:11250 at 22:19:25.553
starting worker pid=29121 on localhost:11250 at 22:19:26.000
starting worker pid=29134 on localhost:11250 at 22:19:26.447
starting worker pid=29147 on localhost:11250 at 22:19:26.893
starting worker pid=29161 on localhost:11250 at 22:19:27.324
starting worker pid=29174 on localhost:11250 at 22:19:27.760
starting worker pid=29187 on localhost:11250 at 22:19:28.191
starting worker pid=29201 on localhost:11250 at 22:19:28.621
2022-04-18 22:24:03 INFO::After iteration 4, gene prior 0.0108744405654799:, SNP prior:0.00308820669405356
2022-04-18 22:24:03 INFO::run iteration 5
starting worker pid=29682 on localhost:11250 at 22:24:04.002
starting worker pid=29695 on localhost:11250 at 22:24:04.447
starting worker pid=29709 on localhost:11250 at 22:24:04.883
starting worker pid=29722 on localhost:11250 at 22:24:05.324
starting worker pid=29735 on localhost:11250 at 22:24:05.751
starting worker pid=29749 on localhost:11250 at 22:24:06.180
starting worker pid=29762 on localhost:11250 at 22:24:06.609
starting worker pid=29775 on localhost:11250 at 22:24:07.044
starting worker pid=29789 on localhost:11250 at 22:24:07.469
starting worker pid=29802 on localhost:11250 at 22:24:07.893
2022-04-18 22:28:43 INFO::After iteration 5, gene prior 0.011256520141246:, SNP prior:0.00312404897274102
2022-04-18 22:28:43 INFO::run iteration 6
starting worker pid=30117 on localhost:11250 at 22:28:44.014
starting worker pid=30130 on localhost:11250 at 22:28:44.464
starting worker pid=30144 on localhost:11250 at 22:28:44.909
starting worker pid=30157 on localhost:11250 at 22:28:45.359
starting worker pid=30170 on localhost:11250 at 22:28:45.811
starting worker pid=30184 on localhost:11250 at 22:28:46.259
starting worker pid=30197 on localhost:11250 at 22:28:46.704
starting worker pid=30210 on localhost:11250 at 22:28:47.139
starting worker pid=30224 on localhost:11250 at 22:28:47.573
starting worker pid=30237 on localhost:11250 at 22:28:47.999
2022-04-18 22:33:25 INFO::After iteration 6, gene prior 0.0115170561869764:, SNP prior:0.00313735949088562
2022-04-18 22:33:25 INFO::run iteration 7
starting worker pid=30552 on localhost:11250 at 22:33:25.869
starting worker pid=30566 on localhost:11250 at 22:33:26.298
starting worker pid=30579 on localhost:11250 at 22:33:26.731
starting worker pid=30592 on localhost:11250 at 22:33:27.158
starting worker pid=30606 on localhost:11250 at 22:33:27.583
starting worker pid=30619 on localhost:11250 at 22:33:28.008
starting worker pid=30632 on localhost:11250 at 22:33:28.433
starting worker pid=30646 on localhost:11250 at 22:33:28.860
starting worker pid=30659 on localhost:11250 at 22:33:29.292
starting worker pid=30672 on localhost:11250 at 22:33:29.719
2022-04-18 22:38:05 INFO::After iteration 7, gene prior 0.0117076239802849:, SNP prior:0.00314136209208338
2022-04-18 22:38:05 INFO::run iteration 8
starting worker pid=30986 on localhost:11250 at 22:38:06.048
starting worker pid=30999 on localhost:11250 at 22:38:06.479
starting worker pid=31012 on localhost:11250 at 22:38:06.911
starting worker pid=31026 on localhost:11250 at 22:38:07.343
starting worker pid=31039 on localhost:11250 at 22:38:07.774
starting worker pid=31052 on localhost:11250 at 22:38:08.221
starting worker pid=31066 on localhost:11250 at 22:38:08.654
starting worker pid=31079 on localhost:11250 at 22:38:09.084
starting worker pid=31092 on localhost:11250 at 22:38:09.515
starting worker pid=31106 on localhost:11250 at 22:38:09.943
2022-04-18 22:42:47 INFO::After iteration 8, gene prior 0.0118548002363688:, SNP prior:0.00314183213708023
2022-04-18 22:42:47 INFO::run iteration 9
starting worker pid=31420 on localhost:11250 at 22:42:47.701
starting worker pid=31433 on localhost:11250 at 22:42:48.124
starting worker pid=31447 on localhost:11250 at 22:42:48.563
starting worker pid=31461 on localhost:11250 at 22:42:48.990
starting worker pid=31474 on localhost:11250 at 22:42:49.424
starting worker pid=31488 on localhost:11250 at 22:42:49.848
starting worker pid=31501 on localhost:11250 at 22:42:50.273
starting worker pid=31514 on localhost:11250 at 22:42:50.702
starting worker pid=31528 on localhost:11250 at 22:42:51.136
starting worker pid=31541 on localhost:11250 at 22:42:51.562
2022-04-18 22:47:27 INFO::After iteration 9, gene prior 0.0119722056096563:, SNP prior:0.00314107739680922
2022-04-18 22:47:28 INFO::run iteration 10
starting worker pid=32289 on localhost:11250 at 22:47:28.543
starting worker pid=32302 on localhost:11250 at 22:47:28.966
starting worker pid=32315 on localhost:11250 at 22:47:29.413
starting worker pid=32329 on localhost:11250 at 22:47:29.860
starting worker pid=32343 on localhost:11250 at 22:47:30.291
starting worker pid=32356 on localhost:11250 at 22:47:30.721
starting worker pid=32370 on localhost:11250 at 22:47:31.163
starting worker pid=32383 on localhost:11250 at 22:47:31.588
starting worker pid=32396 on localhost:11250 at 22:47:32.022
starting worker pid=32410 on localhost:11250 at 22:47:32.452
2022-04-18 22:52:10 INFO::After iteration 10, gene prior 0.0120675071636908:, SNP prior:0.00313999220132989
2022-04-18 22:52:10 INFO::run iteration 11
starting worker pid=32950 on localhost:11250 at 22:52:11.257
starting worker pid=32963 on localhost:11250 at 22:52:11.733
starting worker pid=32976 on localhost:11250 at 22:52:12.194
starting worker pid=32990 on localhost:11250 at 22:52:12.630
starting worker pid=33003 on localhost:11250 at 22:52:13.060
starting worker pid=33017 on localhost:11250 at 22:52:13.492
starting worker pid=33030 on localhost:11250 at 22:52:13.915
starting worker pid=33046 on localhost:11250 at 22:52:14.347
starting worker pid=33060 on localhost:11250 at 22:52:14.782
starting worker pid=33073 on localhost:11250 at 22:52:15.216
2022-04-18 22:56:51 INFO::After iteration 11, gene prior 0.0121455417598026:, SNP prior:0.00313890904871846
2022-04-18 22:56:51 INFO::run iteration 12
starting worker pid=33389 on localhost:11250 at 22:56:52.392
starting worker pid=33402 on localhost:11250 at 22:56:52.818
starting worker pid=33415 on localhost:11250 at 22:56:53.263
starting worker pid=33429 on localhost:11250 at 22:56:53.688
starting worker pid=33442 on localhost:11250 at 22:56:54.114
starting worker pid=33455 on localhost:11250 at 22:56:54.543
starting worker pid=33469 on localhost:11250 at 22:56:54.968
starting worker pid=33482 on localhost:11250 at 22:56:55.397
starting worker pid=33495 on localhost:11250 at 22:56:55.826
starting worker pid=33509 on localhost:11250 at 22:56:56.252
2022-04-18 23:01:33 INFO::After iteration 12, gene prior 0.0122094282734638:, SNP prior:0.00313792933668164
2022-04-18 23:01:33 INFO::run iteration 13
starting worker pid=33822 on localhost:11250 at 23:01:33.862
starting worker pid=33836 on localhost:11250 at 23:01:34.330
starting worker pid=33849 on localhost:11250 at 23:01:34.801
starting worker pid=33863 on localhost:11250 at 23:01:35.262
starting worker pid=33876 on localhost:11250 at 23:01:35.702
starting worker pid=33889 on localhost:11250 at 23:01:36.133
starting worker pid=33903 on localhost:11250 at 23:01:36.558
starting worker pid=33916 on localhost:11250 at 23:01:37.004
starting worker pid=33929 on localhost:11250 at 23:01:37.430
starting worker pid=33943 on localhost:11250 at 23:01:37.853
2022-04-18 23:06:14 INFO::After iteration 13, gene prior 0.0122617521883789:, SNP prior:0.00313708539541579
2022-04-18 23:06:14 INFO::run iteration 14
starting worker pid=34259 on localhost:11250 at 23:06:14.660
starting worker pid=34273 on localhost:11250 at 23:06:15.134
starting worker pid=34286 on localhost:11250 at 23:06:15.600
starting worker pid=34300 on localhost:11250 at 23:06:16.053
starting worker pid=34313 on localhost:11250 at 23:06:16.480
starting worker pid=34326 on localhost:11250 at 23:06:16.912
starting worker pid=34340 on localhost:11250 at 23:06:17.343
starting worker pid=34353 on localhost:11250 at 23:06:17.774
starting worker pid=34366 on localhost:11250 at 23:06:18.201
starting worker pid=34380 on localhost:11250 at 23:06:18.632
2022-04-18 23:10:55 INFO::After iteration 14, gene prior 0.0123046356021712:, SNP prior:0.00313637698519969
2022-04-18 23:10:55 INFO::run iteration 15
starting worker pid=34693 on localhost:11250 at 23:10:55.775
starting worker pid=34707 on localhost:11250 at 23:10:56.209
starting worker pid=34720 on localhost:11250 at 23:10:56.636
starting worker pid=34734 on localhost:11250 at 23:10:57.074
starting worker pid=34747 on localhost:11250 at 23:10:57.500
starting worker pid=34760 on localhost:11250 at 23:10:57.929
starting worker pid=34774 on localhost:11250 at 23:10:58.362
starting worker pid=34787 on localhost:11250 at 23:10:58.791
starting worker pid=34800 on localhost:11250 at 23:10:59.220
starting worker pid=34814 on localhost:11250 at 23:10:59.643
2022-04-18 23:15:35 INFO::After iteration 15, gene prior 0.0123397839863883:, SNP prior:0.00313578959161306
2022-04-18 23:15:35 INFO::run iteration 16
starting worker pid=35143 on localhost:11250 at 23:15:36.298
starting worker pid=35157 on localhost:11250 at 23:15:36.721
starting worker pid=35170 on localhost:11250 at 23:15:37.141
starting worker pid=35183 on localhost:11250 at 23:15:37.570
starting worker pid=35197 on localhost:11250 at 23:15:38.004
starting worker pid=35210 on localhost:11250 at 23:15:38.422
starting worker pid=35223 on localhost:11250 at 23:15:38.851
starting worker pid=35237 on localhost:11250 at 23:15:39.273
starting worker pid=35250 on localhost:11250 at 23:15:39.701
starting worker pid=35263 on localhost:11250 at 23:15:40.124
2022-04-18 23:20:16 INFO::After iteration 16, gene prior 0.012368586560941:, SNP prior:0.00313530550413083
2022-04-18 23:20:16 INFO::run iteration 17
starting worker pid=36302 on localhost:11250 at 23:20:16.619
starting worker pid=36316 on localhost:11250 at 23:20:17.073
starting worker pid=36329 on localhost:11250 at 23:20:17.503
starting worker pid=36342 on localhost:11250 at 23:20:17.933
starting worker pid=36356 on localhost:11250 at 23:20:18.361
starting worker pid=36369 on localhost:11250 at 23:20:18.785
starting worker pid=36382 on localhost:11250 at 23:20:19.211
starting worker pid=36396 on localhost:11250 at 23:20:19.641
starting worker pid=36409 on localhost:11250 at 23:20:20.070
starting worker pid=36423 on localhost:11250 at 23:20:20.494
2022-04-18 23:24:57 INFO::After iteration 17, gene prior 0.0123921818975929:, SNP prior:0.00313490777841638
2022-04-18 23:24:57 INFO::run iteration 18
starting worker pid=36737 on localhost:11250 at 23:24:57.989
starting worker pid=36751 on localhost:11250 at 23:24:58.452
starting worker pid=36764 on localhost:11250 at 23:24:58.916
starting worker pid=36778 on localhost:11250 at 23:24:59.368
starting worker pid=36791 on localhost:11250 at 23:24:59.821
starting worker pid=36804 on localhost:11250 at 23:25:00.263
starting worker pid=36818 on localhost:11250 at 23:25:00.693
starting worker pid=36831 on localhost:11250 at 23:25:01.124
starting worker pid=36844 on localhost:11250 at 23:25:01.554
starting worker pid=36858 on localhost:11250 at 23:25:01.981
2022-04-18 23:29:38 INFO::After iteration 18, gene prior 0.012411505369751:, SNP prior:0.00313458125682655
2022-04-18 23:29:38 INFO::run iteration 19
starting worker pid=37173 on localhost:11250 at 23:29:39.008
starting worker pid=37187 on localhost:11250 at 23:29:39.458
starting worker pid=37200 on localhost:11250 at 23:29:39.908
starting worker pid=37214 on localhost:11250 at 23:29:40.350
starting worker pid=37227 on localhost:11250 at 23:29:40.791
starting worker pid=37240 on localhost:11250 at 23:29:41.223
starting worker pid=37254 on localhost:11250 at 23:29:41.652
starting worker pid=37267 on localhost:11250 at 23:29:42.080
starting worker pid=37280 on localhost:11250 at 23:29:42.505
starting worker pid=37294 on localhost:11250 at 23:29:42.941
2022-04-18 23:34:19 INFO::After iteration 19, gene prior 0.0124273263633374:, SNP prior:0.00313431352146963
2022-04-18 23:34:19 INFO::run iteration 20
starting worker pid=37609 on localhost:11250 at 23:34:20.313
starting worker pid=37622 on localhost:11250 at 23:34:20.738
starting worker pid=37635 on localhost:11250 at 23:34:21.183
starting worker pid=37649 on localhost:11250 at 23:34:21.622
starting worker pid=37662 on localhost:11250 at 23:34:22.044
starting worker pid=37675 on localhost:11250 at 23:34:22.468
starting worker pid=37689 on localhost:11250 at 23:34:22.893
starting worker pid=37702 on localhost:11250 at 23:34:23.332
starting worker pid=37715 on localhost:11250 at 23:34:23.764
starting worker pid=37729 on localhost:11250 at 23:34:24.192
2022-04-18 23:39:00 INFO::After iteration 20, gene prior 0.012440276757324:, SNP prior:0.00313409417111697
2022-04-18 23:39:01 INFO::run iteration 21
starting worker pid=38043 on localhost:11250 at 23:39:02.195
starting worker pid=38057 on localhost:11250 at 23:39:02.614
starting worker pid=38070 on localhost:11250 at 23:39:03.040
starting worker pid=38084 on localhost:11250 at 23:39:03.493
starting worker pid=38097 on localhost:11250 at 23:39:03.922
starting worker pid=38110 on localhost:11250 at 23:39:04.344
starting worker pid=38124 on localhost:11250 at 23:39:04.770
starting worker pid=38137 on localhost:11250 at 23:39:05.196
starting worker pid=38150 on localhost:11250 at 23:39:05.626
starting worker pid=38164 on localhost:11250 at 23:39:06.052
2022-04-18 23:43:40 INFO::After iteration 21, gene prior 0.0124508752871483:, SNP prior:0.00313391457527834
2022-04-18 23:43:41 INFO::run iteration 22
starting worker pid=38479 on localhost:11250 at 23:43:41.476
starting worker pid=38492 on localhost:11250 at 23:43:41.944
starting worker pid=38506 on localhost:11250 at 23:43:42.414
starting worker pid=38519 on localhost:11250 at 23:43:42.864
starting worker pid=38533 on localhost:11250 at 23:43:43.291
starting worker pid=38546 on localhost:11250 at 23:43:43.734
starting worker pid=38559 on localhost:11250 at 23:43:44.170
starting worker pid=38573 on localhost:11250 at 23:43:44.598
starting worker pid=38586 on localhost:11250 at 23:43:45.027
starting worker pid=38599 on localhost:11250 at 23:43:45.451
2022-04-18 23:48:21 INFO::After iteration 22, gene prior 0.0124595475673873:, SNP prior:0.00313376758552609
2022-04-18 23:48:21 INFO::run iteration 23
starting worker pid=39473 on localhost:11250 at 23:48:22.059
starting worker pid=39486 on localhost:11250 at 23:48:22.501
starting worker pid=39500 on localhost:11250 at 23:48:22.961
starting worker pid=39513 on localhost:11250 at 23:48:23.420
starting worker pid=39530 on localhost:11250 at 23:48:23.871
starting worker pid=39544 on localhost:11250 at 23:48:24.304
starting worker pid=39557 on localhost:11250 at 23:48:24.724
starting worker pid=39570 on localhost:11250 at 23:48:25.150
starting worker pid=39584 on localhost:11250 at 23:48:25.574
starting worker pid=39597 on localhost:11250 at 23:48:26.002
2022-04-18 23:53:01 INFO::After iteration 23, gene prior 0.0124666426551083:, SNP prior:0.0031336473124623
2022-04-18 23:53:01 INFO::run iteration 24
starting worker pid=40077 on localhost:11250 at 23:53:02.331
starting worker pid=40091 on localhost:11250 at 23:53:02.779
starting worker pid=40104 on localhost:11250 at 23:53:03.223
starting worker pid=40117 on localhost:11250 at 23:53:03.659
starting worker pid=40131 on localhost:11250 at 23:53:04.094
starting worker pid=40144 on localhost:11250 at 23:53:04.514
starting worker pid=40157 on localhost:11250 at 23:53:04.934
starting worker pid=40171 on localhost:11250 at 23:53:05.360
starting worker pid=40184 on localhost:11250 at 23:53:05.782
starting worker pid=40197 on localhost:11250 at 23:53:06.201
2022-04-18 23:57:40 INFO::After iteration 24, gene prior 0.0124724466846402:, SNP prior:0.00313354891740686
2022-04-18 23:57:41 INFO::run iteration 25
starting worker pid=40442 on localhost:11250 at 23:57:41.523
starting worker pid=40455 on localhost:11250 at 23:57:41.969
starting worker pid=40468 on localhost:11250 at 23:57:42.412
starting worker pid=40482 on localhost:11250 at 23:57:42.850
starting worker pid=40495 on localhost:11250 at 23:57:43.277
starting worker pid=40508 on localhost:11250 at 23:57:43.707
starting worker pid=40545 on localhost:11250 at 23:57:44.154
starting worker pid=40596 on localhost:11250 at 23:57:44.580
starting worker pid=40616 on localhost:11250 at 23:57:45.003
starting worker pid=40629 on localhost:11250 at 23:57:45.423
2022-04-19 00:02:20 INFO::After iteration 25, gene prior 0.0124771941080062:, SNP prior:0.00313346843108866
2022-04-19 00:02:20 INFO::run iteration 26
starting worker pid=40878 on localhost:11250 at 00:02:21.030
starting worker pid=40891 on localhost:11250 at 00:02:21.499
starting worker pid=40904 on localhost:11250 at 00:02:21.960
starting worker pid=40918 on localhost:11250 at 00:02:22.401
starting worker pid=40931 on localhost:11250 at 00:02:22.832
starting worker pid=40944 on localhost:11250 at 00:02:23.260
starting worker pid=40958 on localhost:11250 at 00:02:23.685
starting worker pid=40971 on localhost:11250 at 00:02:24.122
starting worker pid=40984 on localhost:11250 at 00:02:24.545
starting worker pid=40998 on localhost:11250 at 00:02:24.971
2022-04-19 00:07:01 INFO::After iteration 26, gene prior 0.0124810769571207:, SNP prior:0.00313340260044819
2022-04-19 00:07:02 INFO::run iteration 27
starting worker pid=41314 on localhost:11250 at 00:07:02.480
starting worker pid=41327 on localhost:11250 at 00:07:02.923
starting worker pid=41340 on localhost:11250 at 00:07:03.364
starting worker pid=41354 on localhost:11250 at 00:07:03.795
starting worker pid=41367 on localhost:11250 at 00:07:04.243
starting worker pid=41380 on localhost:11250 at 00:07:04.675
starting worker pid=41394 on localhost:11250 at 00:07:05.105
starting worker pid=41407 on localhost:11250 at 00:07:05.531
starting worker pid=41420 on localhost:11250 at 00:07:05.958
starting worker pid=41434 on localhost:11250 at 00:07:06.388
2022-04-19 00:11:42 INFO::After iteration 27, gene prior 0.0124842524685437:, SNP prior:0.00313334876099256
2022-04-19 00:11:42 INFO::run iteration 28
starting worker pid=41748 on localhost:11250 at 00:11:43.060
starting worker pid=41762 on localhost:11250 at 00:11:43.503
starting worker pid=41775 on localhost:11250 at 00:11:43.949
starting worker pid=41788 on localhost:11250 at 00:11:44.403
starting worker pid=41802 on localhost:11250 at 00:11:44.831
starting worker pid=41815 on localhost:11250 at 00:11:45.261
starting worker pid=41828 on localhost:11250 at 00:11:45.714
starting worker pid=41842 on localhost:11250 at 00:11:46.141
starting worker pid=41855 on localhost:11250 at 00:11:46.562
starting worker pid=41868 on localhost:11250 at 00:11:46.990
2022-04-19 00:16:24 INFO::After iteration 28, gene prior 0.0124868493537931:, SNP prior:0.00313330473119884
2022-04-19 00:16:24 INFO::run iteration 29
starting worker pid=42189 on localhost:11250 at 00:16:24.770
starting worker pid=42202 on localhost:11250 at 00:16:25.217
starting worker pid=42215 on localhost:11250 at 00:16:25.653
starting worker pid=42229 on localhost:11250 at 00:16:26.100
starting worker pid=42242 on localhost:11250 at 00:16:26.531
starting worker pid=42255 on localhost:11250 at 00:16:26.954
starting worker pid=42269 on localhost:11250 at 00:16:27.380
starting worker pid=42282 on localhost:11250 at 00:16:27.814
starting worker pid=42296 on localhost:11250 at 00:16:28.242
starting worker pid=42310 on localhost:11250 at 00:16:28.665
2022-04-19 00:21:05 INFO::After iteration 29, gene prior 0.0124889729508738:, SNP prior:0.00313326872549764
2022-04-19 00:21:05 INFO::run iteration 30
starting worker pid=43362 on localhost:11250 at 00:21:06.375
starting worker pid=43376 on localhost:11250 at 00:21:06.806
starting worker pid=43389 on localhost:11250 at 00:21:07.215
starting worker pid=43402 on localhost:11250 at 00:21:07.639
starting worker pid=43416 on localhost:11250 at 00:21:08.065
starting worker pid=43429 on localhost:11250 at 00:21:08.491
starting worker pid=43442 on localhost:11250 at 00:21:08.922
starting worker pid=43456 on localhost:11250 at 00:21:09.347
starting worker pid=43469 on localhost:11250 at 00:21:09.784
starting worker pid=43482 on localhost:11250 at 00:21:10.204
2022-04-19 00:25:47 INFO::After iteration 30, gene prior 0.0124907094530944:, SNP prior:0.00313323928273164
2022-04-19 00:25:47 INFO::Run susie for all regions.
2022-04-19 00:25:47 INFO::run iteration 1
starting worker pid=43799 on localhost:11250 at 00:25:47.852
starting worker pid=43812 on localhost:11250 at 00:25:48.274
starting worker pid=43825 on localhost:11250 at 00:25:48.721
starting worker pid=43839 on localhost:11250 at 00:25:49.161
starting worker pid=43852 on localhost:11250 at 00:25:49.585
starting worker pid=43865 on localhost:11250 at 00:25:50.023
starting worker pid=43879 on localhost:11250 at 00:25:50.449
starting worker pid=43892 on localhost:11250 at 00:25:50.879
starting worker pid=43905 on localhost:11250 at 00:25:51.306
starting worker pid=43919 on localhost:11250 at 00:25:51.735
2022-04-19 00:33:35 INFO::After iteration 1, gene prior 0.0373626572113313:, SNP prior:0.011077802092157
2022-04-19 00:33:35 INFO::No. LD regions: 1700
2022-04-19 00:33:42 INFO::No. regions with at least one SNP/gene for chr1: 131
2022-04-19 00:33:42 INFO::Merge regions for chr1
2022-04-19 00:33:42 INFO::No. regions with at least one SNP/gene for chr1 after merging: 130
2022-04-19 00:33:51 INFO::No. regions with at least one SNP/gene for chr2: 143
2022-04-19 00:33:51 INFO::Merge regions for chr2
2022-04-19 00:33:51 INFO::No. regions with at least one SNP/gene for chr2 after merging: 143
2022-04-19 00:33:58 INFO::No. regions with at least one SNP/gene for chr3: 122
2022-04-19 00:33:58 INFO::Merge regions for chr3
2022-04-19 00:33:58 INFO::No. regions with at least one SNP/gene for chr3 after merging: 121
2022-04-19 00:34:04 INFO::No. regions with at least one SNP/gene for chr4: 122
2022-04-19 00:34:04 INFO::Merge regions for chr4
2022-04-19 00:34:04 INFO::No. regions with at least one SNP/gene for chr4 after merging: 120
2022-04-19 00:34:09 INFO::No. regions with at least one SNP/gene for chr5: 110
2022-04-19 00:34:09 INFO::Merge regions for chr5
2022-04-19 00:34:09 INFO::No. regions with at least one SNP/gene for chr5 after merging: 110
2022-04-19 00:34:15 INFO::No. regions with at least one SNP/gene for chr6: 112
2022-04-19 00:34:15 INFO::Merge regions for chr6
2022-04-19 00:34:15 INFO::No. regions with at least one SNP/gene for chr6 after merging: 111
2022-04-19 00:34:18 INFO::No. regions with at least one SNP/gene for chr7: 99
2022-04-19 00:34:18 INFO::Merge regions for chr7
2022-04-19 00:34:18 INFO::No. regions with at least one SNP/gene for chr7 after merging: 98
2022-04-19 00:34:22 INFO::No. regions with at least one SNP/gene for chr8: 92
2022-04-19 00:34:22 INFO::Merge regions for chr8
2022-04-19 00:34:22 INFO::No. regions with at least one SNP/gene for chr8 after merging: 91
2022-04-19 00:34:25 INFO::No. regions with at least one SNP/gene for chr9: 74
2022-04-19 00:34:25 INFO::Merge regions for chr9
2022-04-19 00:34:25 INFO::No. regions with at least one SNP/gene for chr9 after merging: 74
2022-04-19 00:34:28 INFO::No. regions with at least one SNP/gene for chr10: 85
2022-04-19 00:34:28 INFO::Merge regions for chr10
2022-04-19 00:34:28 INFO::No. regions with at least one SNP/gene for chr10 after merging: 84
2022-04-19 00:34:32 INFO::No. regions with at least one SNP/gene for chr11: 84
2022-04-19 00:34:32 INFO::Merge regions for chr11
2022-04-19 00:34:32 INFO::No. regions with at least one SNP/gene for chr11 after merging: 84
2022-04-19 00:34:35 INFO::No. regions with at least one SNP/gene for chr12: 82
2022-04-19 00:34:35 INFO::Merge regions for chr12
2022-04-19 00:34:35 INFO::No. regions with at least one SNP/gene for chr12 after merging: 81
2022-04-19 00:34:37 INFO::No. regions with at least one SNP/gene for chr13: 62
2022-04-19 00:34:37 INFO::Merge regions for chr13
2022-04-19 00:34:37 INFO::No. regions with at least one SNP/gene for chr13 after merging: 60
2022-04-19 00:34:40 INFO::No. regions with at least one SNP/gene for chr14: 56
2022-04-19 00:34:40 INFO::Merge regions for chr14
2022-04-19 00:34:40 INFO::No. regions with at least one SNP/gene for chr14 after merging: 54
2022-04-19 00:34:41 INFO::No. regions with at least one SNP/gene for chr15: 50
2022-04-19 00:34:41 INFO::Merge regions for chr15
2022-04-19 00:34:41 INFO::No. regions with at least one SNP/gene for chr15 after merging: 50
2022-04-19 00:34:43 INFO::No. regions with at least one SNP/gene for chr16: 50
2022-04-19 00:34:43 INFO::Merge regions for chr16
2022-04-19 00:34:43 INFO::No. regions with at least one SNP/gene for chr16 after merging: 50
2022-04-19 00:34:45 INFO::No. regions with at least one SNP/gene for chr17: 47
2022-04-19 00:34:45 INFO::Merge regions for chr17
2022-04-19 00:34:45 INFO::No. regions with at least one SNP/gene for chr17 after merging: 44
2022-04-19 00:34:47 INFO::No. regions with at least one SNP/gene for chr18: 47
2022-04-19 00:34:47 INFO::Merge regions for chr18
2022-04-19 00:34:47 INFO::No. regions with at least one SNP/gene for chr18 after merging: 47
2022-04-19 00:34:49 INFO::No. regions with at least one SNP/gene for chr19: 39
2022-04-19 00:34:49 INFO::Merge regions for chr19
2022-04-19 00:34:49 INFO::No. regions with at least one SNP/gene for chr19 after merging: 37
2022-04-19 00:34:50 INFO::No. regions with at least one SNP/gene for chr20: 38
2022-04-19 00:34:50 INFO::Merge regions for chr20
2022-04-19 00:34:50 INFO::No. regions with at least one SNP/gene for chr20 after merging: 37
2022-04-19 00:34:52 INFO::No. regions with at least one SNP/gene for chr21: 15
2022-04-19 00:34:52 INFO::Merge regions for chr21
2022-04-19 00:34:52 INFO::No. regions with at least one SNP/gene for chr21 after merging: 15
2022-04-19 00:34:54 INFO::No. regions with at least one SNP/gene for chr22: 24
2022-04-19 00:34:54 INFO::Merge regions for chr22
2022-04-19 00:34:54 INFO::No. regions with at least one SNP/gene for chr22 after merging: 23
2022-04-19 00:34:54 INFO::Trim regions with SNPs more than 20000
2022-04-19 00:34:54 INFO::Adding R matrix info, as genotype is not given
2022-04-19 00:34:54 INFO::Adding R matrix info for chrom 1
2022-04-19 00:45:04 INFO::Adding R matrix info for chrom 2
2022-04-19 00:54:44 INFO::Adding R matrix info for chrom 3
2022-04-19 01:02:31 INFO::Adding R matrix info for chrom 4
2022-04-19 01:10:59 INFO::Adding R matrix info for chrom 5
2022-04-19 01:17:51 INFO::Adding R matrix info for chrom 6
2022-04-19 01:26:12 INFO::Adding R matrix info for chrom 7
2022-04-19 01:33:25 INFO::Adding R matrix info for chrom 8
2022-04-19 01:40:09 INFO::Adding R matrix info for chrom 9
2022-04-19 01:45:12 INFO::Adding R matrix info for chrom 10
2022-04-19 01:51:21 INFO::Adding R matrix info for chrom 11
2022-04-19 01:57:59 INFO::Adding R matrix info for chrom 12
2022-04-19 02:04:35 INFO::Adding R matrix info for chrom 13
2022-04-19 02:09:18 INFO::Adding R matrix info for chrom 14
2022-04-19 02:13:53 INFO::Adding R matrix info for chrom 15
2022-04-19 02:17:07 INFO::Adding R matrix info for chrom 16
2022-04-19 02:20:35 INFO::Adding R matrix info for chrom 17
2022-04-19 02:25:25 INFO::Adding R matrix info for chrom 18
2022-04-19 02:28:43 INFO::Adding R matrix info for chrom 19
2022-04-19 02:33:40 INFO::Adding R matrix info for chrom 20
2022-04-19 02:36:54 INFO::Adding R matrix info for chrom 21
2022-04-19 02:37:46 INFO::Adding R matrix info for chrom 22
2022-04-19 02:41:56 INFO::Number of regions that contains strong gene signals: 13
2022-04-19 02:41:56 INFO::Rerun susie for regions with strong gene signals using full SNPs.
2022-04-19 02:41:56 INFO::run iteration 1
starting worker pid=55892 on localhost:11250 at 02:41:57.520
2022-04-19 02:45:09 INFO::After iteration 1, gene prior 0.0977079707231852:, SNP prior:0.000934353568688095
$group_prior
[1] 0.0124907095 0.0003133239

$group_prior_var
[1] 15.39266 10.04904

R version 3.6.1 (2019-07-05)
Platform: x86_64-pc-linux-gnu (64-bit)
Running under: Scientific Linux 7.4 (Nitrogen)

Matrix products: default
BLAS/LAPACK: /software/openblas-0.2.19-el7-x86_64/lib/libopenblas_haswellp-r0.2.19.so

locale:
[1] C

attached base packages:
[1] stats     graphics  grDevices utils     datasets  methods   base     

other attached packages:
[1] data.table_1.14.2 ctwas_0.1.32     

loaded via a namespace (and not attached):
 [1] Rcpp_1.0.8        magrittr_2.0.2    pgenlibr_0.3.1    hms_1.1.1        
 [5] doParallel_1.0.17 bit_4.0.4         lattice_0.20-38   R6_2.5.1         
 [9] rlang_1.0.1       fastmap_1.1.0     foreach_1.5.2     fansi_1.0.2      
[13] blob_1.2.2        tools_3.6.1       parallel_3.6.1    grid_3.6.1       
[17] logging_0.10-108  utf8_1.2.2        cli_3.1.0         DBI_1.1.2        
[21] iterators_1.0.14  ellipsis_0.3.2    bit64_4.0.5       tibble_3.1.6     
[25] lifecycle_1.0.1   crayon_1.5.0      Matrix_1.2-18     tzdb_0.2.0       
[29] readr_2.1.1       vctrs_0.3.8       codetools_0.2-16  memoise_2.0.1    
[33] cachem_1.0.6      RSQLite_2.2.8     pillar_1.6.4      compiler_3.6.1   
[37] pkgconfig_2.0.3  
