[1] "/project2/xinhe/shengqian/cTWAS/cTWAS_analysis/data/scz_2018.RDS"                     
[2] "/project2/mstephens/wcrouse/UKB_LDR_0.1"                                              
[3] "/project2/compbio/predictdb/mashr_models/mashr_Brain_Frontal_Cortex_BA9.db"           
[4] "/project2/xinhe/shengqian/cTWAS/cTWAS_analysis/code/ctwas_config.R"                   
[5] "SCZ_Brain_Frontal_Cortex_BA9_expr"                                                    
[6] "SCZ_Brain_Frontal_Cortex_BA9_ctwas"                                                   
[7] "/project2/xinhe/shengqian/cTWAS/cTWAS_analysis/data/SCZ_2018/Brain_Frontal_Cortex_BA9"
2022-04-18 15:49:12 INFO::Flipping z scores to match LD reference
2022-04-18 15:49:16 INFO::Reading weights for chromosome 1
2022-04-18 15:49:18 INFO::Number of genes with weights provided: 14091
2022-04-18 15:49:18 INFO::Collecting gene weight information ...
2022-04-18 15:49:18 INFO::Flipping weights to match LD reference
2022-04-18 15:49:18 INFO::Harmonizing strand ambiguous weights using correlations with unambiguous variants
2022-04-18 16:03:48 INFO::Start gene z score imputation ...
2022-04-18 16:03:48 INFO::Using given LD matrices to impute gene z score.
2022-04-18 16:14:18 INFO::Imputation done, writing results to output...
2022-04-18 16:14:19 INFO::Imputation done: number of genes with imputed expression: 988 for chr 1
2022-04-18 16:14:20 INFO::Flipping z scores to match LD reference
2022-04-18 16:14:21 INFO::Reading weights for chromosome 2
2022-04-18 16:14:21 INFO::Number of genes with weights provided: 14091
2022-04-18 16:14:21 INFO::Collecting gene weight information ...
2022-04-18 16:14:21 INFO::Flipping weights to match LD reference
2022-04-18 16:14:21 INFO::Harmonizing strand ambiguous weights using correlations with unambiguous variants
2022-04-18 16:24:30 INFO::Start gene z score imputation ...
2022-04-18 16:24:30 INFO::Using given LD matrices to impute gene z score.
2022-04-18 16:34:39 INFO::Imputation done, writing results to output...
2022-04-18 16:34:40 INFO::Imputation done: number of genes with imputed expression: 727 for chr 2
2022-04-18 16:34:41 INFO::Flipping z scores to match LD reference
2022-04-18 16:34:42 INFO::Reading weights for chromosome 3
2022-04-18 16:34:42 INFO::Number of genes with weights provided: 14091
2022-04-18 16:34:42 INFO::Collecting gene weight information ...
2022-04-18 16:34:42 INFO::Flipping weights to match LD reference
2022-04-18 16:34:42 INFO::Harmonizing strand ambiguous weights using correlations with unambiguous variants
2022-04-18 16:41:41 INFO::Start gene z score imputation ...
2022-04-18 16:41:41 INFO::Using given LD matrices to impute gene z score.
2022-04-18 16:49:24 INFO::Imputation done, writing results to output...
2022-04-18 16:49:24 INFO::Imputation done: number of genes with imputed expression: 567 for chr 3
2022-04-18 16:49:25 INFO::Flipping z scores to match LD reference
2022-04-18 16:49:27 INFO::Reading weights for chromosome 4
2022-04-18 16:49:27 INFO::Number of genes with weights provided: 14091
2022-04-18 16:49:27 INFO::Collecting gene weight information ...
2022-04-18 16:49:27 INFO::Flipping weights to match LD reference
2022-04-18 16:49:27 INFO::Harmonizing strand ambiguous weights using correlations with unambiguous variants
2022-04-18 16:55:04 INFO::Start gene z score imputation ...
2022-04-18 16:55:04 INFO::Using given LD matrices to impute gene z score.
2022-04-18 17:01:49 INFO::Imputation done, writing results to output...
2022-04-18 17:01:50 INFO::Imputation done: number of genes with imputed expression: 399 for chr 4
2022-04-18 17:01:50 INFO::Flipping z scores to match LD reference
2022-04-18 17:01:52 INFO::Reading weights for chromosome 5
2022-04-18 17:01:52 INFO::Number of genes with weights provided: 14091
2022-04-18 17:01:52 INFO::Collecting gene weight information ...
2022-04-18 17:01:52 INFO::Flipping weights to match LD reference
2022-04-18 17:01:52 INFO::Harmonizing strand ambiguous weights using correlations with unambiguous variants
2022-04-18 17:07:54 INFO::Start gene z score imputation ...
2022-04-18 17:07:54 INFO::Using given LD matrices to impute gene z score.
2022-04-18 17:14:22 INFO::Imputation done, writing results to output...
2022-04-18 17:14:23 INFO::Imputation done: number of genes with imputed expression: 488 for chr 5
2022-04-18 17:14:24 INFO::Flipping z scores to match LD reference
2022-04-18 17:14:25 INFO::Reading weights for chromosome 6
2022-04-18 17:14:25 INFO::Number of genes with weights provided: 14091
2022-04-18 17:14:25 INFO::Collecting gene weight information ...
2022-04-18 17:14:25 INFO::Flipping weights to match LD reference
2022-04-18 17:14:25 INFO::Harmonizing strand ambiguous weights using correlations with unambiguous variants
2022-04-18 17:25:38 INFO::Start gene z score imputation ...
2022-04-18 17:25:38 INFO::Using given LD matrices to impute gene z score.
2022-04-18 17:34:16 INFO::Imputation done, writing results to output...
2022-04-18 17:34:17 INFO::Imputation done: number of genes with imputed expression: 584 for chr 6
2022-04-18 17:34:18 INFO::Flipping z scores to match LD reference
2022-04-18 17:34:19 INFO::Reading weights for chromosome 7
2022-04-18 17:34:19 INFO::Number of genes with weights provided: 14091
2022-04-18 17:34:19 INFO::Collecting gene weight information ...
2022-04-18 17:34:19 INFO::Flipping weights to match LD reference
2022-04-18 17:34:19 INFO::Harmonizing strand ambiguous weights using correlations with unambiguous variants
2022-04-18 17:41:29 INFO::Start gene z score imputation ...
2022-04-18 17:41:29 INFO::Using given LD matrices to impute gene z score.
2022-04-18 17:48:17 INFO::Imputation done, writing results to output...
2022-04-18 17:48:17 INFO::Imputation done: number of genes with imputed expression: 459 for chr 7
2022-04-18 17:48:18 INFO::Flipping z scores to match LD reference
2022-04-18 17:48:19 INFO::Reading weights for chromosome 8
2022-04-18 17:48:19 INFO::Number of genes with weights provided: 14091
2022-04-18 17:48:19 INFO::Collecting gene weight information ...
2022-04-18 17:48:19 INFO::Flipping weights to match LD reference
2022-04-18 17:48:19 INFO::Harmonizing strand ambiguous weights using correlations with unambiguous variants
2022-04-18 17:53:03 INFO::Start gene z score imputation ...
2022-04-18 17:53:03 INFO::Using given LD matrices to impute gene z score.
2022-04-18 17:58:56 INFO::Imputation done, writing results to output...
2022-04-18 17:58:56 INFO::Imputation done: number of genes with imputed expression: 370 for chr 8
2022-04-18 17:58:57 INFO::Flipping z scores to match LD reference
2022-04-18 17:58:58 INFO::Reading weights for chromosome 9
2022-04-18 17:58:58 INFO::Number of genes with weights provided: 14091
2022-04-18 17:58:58 INFO::Collecting gene weight information ...
2022-04-18 17:58:58 INFO::Flipping weights to match LD reference
2022-04-18 17:58:58 INFO::Harmonizing strand ambiguous weights using correlations with unambiguous variants
2022-04-18 18:04:23 INFO::Start gene z score imputation ...
2022-04-18 18:04:23 INFO::Using given LD matrices to impute gene z score.
2022-04-18 18:09:10 INFO::Imputation done, writing results to output...
2022-04-18 18:09:11 INFO::Imputation done: number of genes with imputed expression: 362 for chr 9
2022-04-18 18:09:11 INFO::Flipping z scores to match LD reference
2022-04-18 18:09:13 INFO::Reading weights for chromosome 10
2022-04-18 18:09:13 INFO::Number of genes with weights provided: 14091
2022-04-18 18:09:13 INFO::Collecting gene weight information ...
2022-04-18 18:09:13 INFO::Flipping weights to match LD reference
2022-04-18 18:09:13 INFO::Harmonizing strand ambiguous weights using correlations with unambiguous variants
2022-04-18 18:17:14 INFO::Start gene z score imputation ...
2022-04-18 18:17:14 INFO::Using given LD matrices to impute gene z score.
2022-04-18 18:23:17 INFO::Imputation done, writing results to output...
2022-04-18 18:23:17 INFO::Imputation done: number of genes with imputed expression: 400 for chr 10
2022-04-18 18:23:18 INFO::Flipping z scores to match LD reference
2022-04-18 18:23:19 INFO::Reading weights for chromosome 11
2022-04-18 18:23:19 INFO::Number of genes with weights provided: 14091
2022-04-18 18:23:19 INFO::Collecting gene weight information ...
2022-04-18 18:23:19 INFO::Flipping weights to match LD reference
2022-04-18 18:23:19 INFO::Harmonizing strand ambiguous weights using correlations with unambiguous variants
2022-04-18 18:31:10 INFO::Start gene z score imputation ...
2022-04-18 18:31:10 INFO::Using given LD matrices to impute gene z score.
2022-04-18 18:38:13 INFO::Imputation done, writing results to output...
2022-04-18 18:38:13 INFO::Imputation done: number of genes with imputed expression: 616 for chr 11
2022-04-18 18:38:14 INFO::Flipping z scores to match LD reference
2022-04-18 18:38:15 INFO::Reading weights for chromosome 12
2022-04-18 18:38:15 INFO::Number of genes with weights provided: 14091
2022-04-18 18:38:15 INFO::Collecting gene weight information ...
2022-04-18 18:38:15 INFO::Flipping weights to match LD reference
2022-04-18 18:38:15 INFO::Harmonizing strand ambiguous weights using correlations with unambiguous variants
2022-04-18 18:46:02 INFO::Start gene z score imputation ...
2022-04-18 18:46:02 INFO::Using given LD matrices to impute gene z score.
2022-04-18 18:52:12 INFO::Imputation done, writing results to output...
2022-04-18 18:52:13 INFO::Imputation done: number of genes with imputed expression: 581 for chr 12
2022-04-18 18:52:13 INFO::Flipping z scores to match LD reference
2022-04-18 18:52:16 INFO::Reading weights for chromosome 13
2022-04-18 18:52:16 INFO::Number of genes with weights provided: 14091
2022-04-18 18:52:16 INFO::Collecting gene weight information ...
2022-04-18 18:52:16 INFO::Flipping weights to match LD reference
2022-04-18 18:52:16 INFO::Harmonizing strand ambiguous weights using correlations with unambiguous variants
2022-04-18 18:55:17 INFO::Start gene z score imputation ...
2022-04-18 18:55:17 INFO::Using given LD matrices to impute gene z score.
2022-04-18 18:59:32 INFO::Imputation done, writing results to output...
2022-04-18 18:59:32 INFO::Imputation done: number of genes with imputed expression: 206 for chr 13
2022-04-18 18:59:33 INFO::Flipping z scores to match LD reference
2022-04-18 18:59:34 INFO::Reading weights for chromosome 14
2022-04-18 18:59:34 INFO::Number of genes with weights provided: 14091
2022-04-18 18:59:34 INFO::Collecting gene weight information ...
2022-04-18 18:59:34 INFO::Flipping weights to match LD reference
2022-04-18 18:59:34 INFO::Harmonizing strand ambiguous weights using correlations with unambiguous variants
2022-04-18 19:04:54 INFO::Start gene z score imputation ...
2022-04-18 19:04:54 INFO::Using given LD matrices to impute gene z score.
2022-04-18 19:09:25 INFO::Imputation done, writing results to output...
2022-04-18 19:09:25 INFO::Imputation done: number of genes with imputed expression: 335 for chr 14
2022-04-18 19:09:26 INFO::Flipping z scores to match LD reference
2022-04-18 19:09:27 INFO::Reading weights for chromosome 15
2022-04-18 19:09:27 INFO::Number of genes with weights provided: 14091
2022-04-18 19:09:27 INFO::Collecting gene weight information ...
2022-04-18 19:09:27 INFO::Flipping weights to match LD reference
2022-04-18 19:09:27 INFO::Harmonizing strand ambiguous weights using correlations with unambiguous variants
2022-04-18 19:13:27 INFO::Start gene z score imputation ...
2022-04-18 19:13:27 INFO::Using given LD matrices to impute gene z score.
2022-04-18 19:16:37 INFO::Imputation done, writing results to output...
2022-04-18 19:16:38 INFO::Imputation done: number of genes with imputed expression: 326 for chr 15
2022-04-18 19:16:38 INFO::Flipping z scores to match LD reference
2022-04-18 19:16:39 INFO::Reading weights for chromosome 16
2022-04-18 19:16:39 INFO::Number of genes with weights provided: 14091
2022-04-18 19:16:39 INFO::Collecting gene weight information ...
2022-04-18 19:16:39 INFO::Flipping weights to match LD reference
2022-04-18 19:16:39 INFO::Harmonizing strand ambiguous weights using correlations with unambiguous variants
2022-04-18 19:21:37 INFO::Start gene z score imputation ...
2022-04-18 19:21:37 INFO::Using given LD matrices to impute gene z score.
2022-04-18 19:24:38 INFO::Imputation done, writing results to output...
2022-04-18 19:24:38 INFO::Imputation done: number of genes with imputed expression: 411 for chr 16
2022-04-18 19:24:39 INFO::Flipping z scores to match LD reference
2022-04-18 19:24:40 INFO::Reading weights for chromosome 17
2022-04-18 19:24:40 INFO::Number of genes with weights provided: 14091
2022-04-18 19:24:40 INFO::Collecting gene weight information ...
2022-04-18 19:24:40 INFO::Flipping weights to match LD reference
2022-04-18 19:24:40 INFO::Harmonizing strand ambiguous weights using correlations with unambiguous variants
2022-04-18 19:31:50 INFO::Start gene z score imputation ...
2022-04-18 19:31:50 INFO::Using given LD matrices to impute gene z score.
2022-04-18 19:36:06 INFO::Imputation done, writing results to output...
2022-04-18 19:36:06 INFO::Imputation done: number of genes with imputed expression: 640 for chr 17
2022-04-18 19:36:07 INFO::Flipping z scores to match LD reference
2022-04-18 19:36:08 INFO::Reading weights for chromosome 18
2022-04-18 19:36:08 INFO::Number of genes with weights provided: 14091
2022-04-18 19:36:08 INFO::Collecting gene weight information ...
2022-04-18 19:36:08 INFO::Flipping weights to match LD reference
2022-04-18 19:36:08 INFO::Harmonizing strand ambiguous weights using correlations with unambiguous variants
2022-04-18 19:39:25 INFO::Start gene z score imputation ...
2022-04-18 19:39:25 INFO::Using given LD matrices to impute gene z score.
2022-04-18 19:43:01 INFO::Imputation done, writing results to output...
2022-04-18 19:43:01 INFO::Imputation done: number of genes with imputed expression: 164 for chr 18
2022-04-18 19:43:02 INFO::Flipping z scores to match LD reference
2022-04-18 19:43:03 INFO::Reading weights for chromosome 19
2022-04-18 19:43:03 INFO::Number of genes with weights provided: 14091
2022-04-18 19:43:03 INFO::Collecting gene weight information ...
2022-04-18 19:43:03 INFO::Flipping weights to match LD reference
2022-04-18 19:43:03 INFO::Harmonizing strand ambiguous weights using correlations with unambiguous variants
2022-04-18 19:54:13 INFO::Start gene z score imputation ...
2022-04-18 19:54:13 INFO::Using given LD matrices to impute gene z score.
2022-04-18 19:59:56 INFO::Imputation done, writing results to output...
2022-04-18 19:59:56 INFO::Imputation done: number of genes with imputed expression: 776 for chr 19
2022-04-18 19:59:56 INFO::Flipping z scores to match LD reference
2022-04-18 19:59:57 INFO::Reading weights for chromosome 20
2022-04-18 19:59:57 INFO::Number of genes with weights provided: 14091
2022-04-18 19:59:57 INFO::Collecting gene weight information ...
2022-04-18 19:59:57 INFO::Flipping weights to match LD reference
2022-04-18 19:59:57 INFO::Harmonizing strand ambiguous weights using correlations with unambiguous variants
2022-04-18 20:04:30 INFO::Start gene z score imputation ...
2022-04-18 20:04:30 INFO::Using given LD matrices to impute gene z score.
2022-04-18 20:08:03 INFO::Imputation done, writing results to output...
2022-04-18 20:08:03 INFO::Imputation done: number of genes with imputed expression: 295 for chr 20
2022-04-18 20:08:04 INFO::Flipping z scores to match LD reference
2022-04-18 20:08:05 INFO::Reading weights for chromosome 21
2022-04-18 20:08:05 INFO::Number of genes with weights provided: 14091
2022-04-18 20:08:05 INFO::Collecting gene weight information ...
2022-04-18 20:08:05 INFO::Flipping weights to match LD reference
2022-04-18 20:08:05 INFO::Harmonizing strand ambiguous weights using correlations with unambiguous variants
2022-04-18 20:09:53 INFO::Start gene z score imputation ...
2022-04-18 20:09:53 INFO::Using given LD matrices to impute gene z score.
2022-04-18 20:10:26 INFO::Imputation done, writing results to output...
2022-04-18 20:10:26 INFO::Imputation done: number of genes with imputed expression: 26 for chr 21
2022-04-18 20:10:27 INFO::Flipping z scores to match LD reference
2022-04-18 20:10:28 INFO::Reading weights for chromosome 22
2022-04-18 20:10:28 INFO::Number of genes with weights provided: 14091
2022-04-18 20:10:28 INFO::Collecting gene weight information ...
2022-04-18 20:10:28 INFO::Flipping weights to match LD reference
2022-04-18 20:10:28 INFO::Harmonizing strand ambiguous weights using correlations with unambiguous variants
2022-04-18 20:13:41 INFO::Start gene z score imputation ...
2022-04-18 20:13:41 INFO::Using given LD matrices to impute gene z score.
2022-04-18 20:16:40 INFO::Imputation done, writing results to output...
2022-04-18 20:16:40 INFO::Imputation done: number of genes with imputed expression: 248 for chr 22
2022-04-18 20:17:00 INFO::ctwas started ...
2022-04-18 20:17:19 INFO::LD region file: /home/shengqian/R/x86_64-pc-linux-gnu-library/3.6/ctwas/extdata/ldetect/EUR.b38.bed
2022-04-18 20:17:28 INFO::No. LD regions: 1700
2022-04-18 20:17:33 INFO::No. regions with at least one SNP/gene for chr1: 131
2022-04-18 20:17:33 INFO::Merge regions for chr1
2022-04-18 20:17:33 INFO::No. regions with at least one SNP/gene for chr1 after merging: 127
2022-04-18 20:17:39 INFO::No. regions with at least one SNP/gene for chr2: 143
2022-04-18 20:17:39 INFO::Merge regions for chr2
2022-04-18 20:17:39 INFO::No. regions with at least one SNP/gene for chr2 after merging: 141
2022-04-18 20:17:44 INFO::No. regions with at least one SNP/gene for chr3: 122
2022-04-18 20:17:44 INFO::Merge regions for chr3
2022-04-18 20:17:44 INFO::No. regions with at least one SNP/gene for chr3 after merging: 119
2022-04-18 20:17:49 INFO::No. regions with at least one SNP/gene for chr4: 122
2022-04-18 20:17:49 INFO::Merge regions for chr4
2022-04-18 20:17:49 INFO::No. regions with at least one SNP/gene for chr4 after merging: 120
2022-04-18 20:17:53 INFO::No. regions with at least one SNP/gene for chr5: 110
2022-04-18 20:17:53 INFO::Merge regions for chr5
2022-04-18 20:17:53 INFO::No. regions with at least one SNP/gene for chr5 after merging: 108
2022-04-18 20:17:57 INFO::No. regions with at least one SNP/gene for chr6: 112
2022-04-18 20:17:57 INFO::Merge regions for chr6
2022-04-18 20:17:57 INFO::No. regions with at least one SNP/gene for chr6 after merging: 108
2022-04-18 20:18:01 INFO::No. regions with at least one SNP/gene for chr7: 99
2022-04-18 20:18:01 INFO::Merge regions for chr7
2022-04-18 20:18:01 INFO::No. regions with at least one SNP/gene for chr7 after merging: 97
2022-04-18 20:18:04 INFO::No. regions with at least one SNP/gene for chr8: 92
2022-04-18 20:18:04 INFO::Merge regions for chr8
2022-04-18 20:18:04 INFO::No. regions with at least one SNP/gene for chr8 after merging: 89
2022-04-18 20:18:06 INFO::No. regions with at least one SNP/gene for chr9: 74
2022-04-18 20:18:06 INFO::Merge regions for chr9
2022-04-18 20:18:06 INFO::No. regions with at least one SNP/gene for chr9 after merging: 74
2022-04-18 20:18:09 INFO::No. regions with at least one SNP/gene for chr10: 85
2022-04-18 20:18:09 INFO::Merge regions for chr10
2022-04-18 20:18:09 INFO::No. regions with at least one SNP/gene for chr10 after merging: 84
2022-04-18 20:18:12 INFO::No. regions with at least one SNP/gene for chr11: 84
2022-04-18 20:18:12 INFO::Merge regions for chr11
2022-04-18 20:18:12 INFO::No. regions with at least one SNP/gene for chr11 after merging: 79
2022-04-18 20:18:14 INFO::No. regions with at least one SNP/gene for chr12: 82
2022-04-18 20:18:14 INFO::Merge regions for chr12
2022-04-18 20:18:14 INFO::No. regions with at least one SNP/gene for chr12 after merging: 81
2022-04-18 20:18:17 INFO::No. regions with at least one SNP/gene for chr13: 62
2022-04-18 20:18:17 INFO::Merge regions for chr13
2022-04-18 20:18:17 INFO::No. regions with at least one SNP/gene for chr13 after merging: 59
2022-04-18 20:18:18 INFO::No. regions with at least one SNP/gene for chr14: 56
2022-04-18 20:18:18 INFO::Merge regions for chr14
2022-04-18 20:18:18 INFO::No. regions with at least one SNP/gene for chr14 after merging: 54
2022-04-18 20:18:19 INFO::No. regions with at least one SNP/gene for chr15: 50
2022-04-18 20:18:19 INFO::Merge regions for chr15
2022-04-18 20:18:19 INFO::No. regions with at least one SNP/gene for chr15 after merging: 49
2022-04-18 20:18:22 INFO::No. regions with at least one SNP/gene for chr16: 50
2022-04-18 20:18:22 INFO::Merge regions for chr16
2022-04-18 20:18:22 INFO::No. regions with at least one SNP/gene for chr16 after merging: 50
2022-04-18 20:18:23 INFO::No. regions with at least one SNP/gene for chr17: 47
2022-04-18 20:18:23 INFO::Merge regions for chr17
2022-04-18 20:18:23 INFO::No. regions with at least one SNP/gene for chr17 after merging: 47
2022-04-18 20:18:24 INFO::No. regions with at least one SNP/gene for chr18: 47
2022-04-18 20:18:24 INFO::Merge regions for chr18
2022-04-18 20:18:24 INFO::No. regions with at least one SNP/gene for chr18 after merging: 45
2022-04-18 20:18:26 INFO::No. regions with at least one SNP/gene for chr19: 39
2022-04-18 20:18:26 INFO::Merge regions for chr19
2022-04-18 20:18:26 INFO::No. regions with at least one SNP/gene for chr19 after merging: 35
2022-04-18 20:18:27 INFO::No. regions with at least one SNP/gene for chr20: 38
2022-04-18 20:18:27 INFO::Merge regions for chr20
2022-04-18 20:18:27 INFO::No. regions with at least one SNP/gene for chr20 after merging: 36
2022-04-18 20:18:28 INFO::No. regions with at least one SNP/gene for chr21: 15
2022-04-18 20:18:28 INFO::Merge regions for chr21
2022-04-18 20:18:28 INFO::No. regions with at least one SNP/gene for chr21 after merging: 15
2022-04-18 20:18:29 INFO::No. regions with at least one SNP/gene for chr22: 24
2022-04-18 20:18:29 INFO::Merge regions for chr22
2022-04-18 20:18:29 INFO::No. regions with at least one SNP/gene for chr22 after merging: 21
2022-04-18 20:18:29 INFO::Trim regions with SNPs more than Inf
2022-04-18 20:18:29 INFO::Adding R matrix info, as genotype is not given
2022-04-18 20:18:30 INFO::Adding R matrix info for chrom 1
2022-04-18 20:29:14 INFO::Adding R matrix info for chrom 2
2022-04-18 20:39:55 INFO::Adding R matrix info for chrom 3
2022-04-18 20:48:15 INFO::Adding R matrix info for chrom 4
2022-04-18 20:56:07 INFO::Adding R matrix info for chrom 5
2022-04-18 21:03:26 INFO::Adding R matrix info for chrom 6
2022-04-18 21:12:26 INFO::Adding R matrix info for chrom 7
2022-04-18 21:19:56 INFO::Adding R matrix info for chrom 8
2022-04-18 21:26:57 INFO::Adding R matrix info for chrom 9
2022-04-18 21:32:11 INFO::Adding R matrix info for chrom 10
2022-04-18 21:38:52 INFO::Adding R matrix info for chrom 11
2022-04-18 21:46:52 INFO::Adding R matrix info for chrom 12
2022-04-18 21:53:27 INFO::Adding R matrix info for chrom 13
2022-04-18 21:57:48 INFO::Adding R matrix info for chrom 14
2022-04-18 22:02:31 INFO::Adding R matrix info for chrom 15
2022-04-18 22:05:52 INFO::Adding R matrix info for chrom 16
2022-04-18 22:09:20 INFO::Adding R matrix info for chrom 17
2022-04-18 22:13:30 INFO::Adding R matrix info for chrom 18
2022-04-18 22:17:32 INFO::Adding R matrix info for chrom 19
2022-04-18 22:23:15 INFO::Adding R matrix info for chrom 20
2022-04-18 22:26:34 INFO::Adding R matrix info for chrom 21
2022-04-18 22:27:22 INFO::Adding R matrix info for chrom 22
2022-04-18 22:30:05 INFO::Run susie iteratively, getting rough estimate ...
2022-04-18 22:30:05 INFO::run iteration 1
starting worker pid=42637 on localhost:11843 at 22:30:06.625
starting worker pid=42650 on localhost:11843 at 22:30:07.148
starting worker pid=42664 on localhost:11843 at 22:30:07.645
starting worker pid=42677 on localhost:11843 at 22:30:08.139
starting worker pid=42691 on localhost:11843 at 22:30:08.620
starting worker pid=42704 on localhost:11843 at 22:30:09.109
starting worker pid=42717 on localhost:11843 at 22:30:09.596
starting worker pid=42731 on localhost:11843 at 22:30:10.088
starting worker pid=42744 on localhost:11843 at 22:30:10.582
starting worker pid=42758 on localhost:11843 at 22:30:11.069
2022-04-18 22:41:19 INFO::After iteration 1, gene prior 0.00425851009930628:, SNP prior:0.00252862728124647
2022-04-18 22:41:20 INFO::run iteration 2
starting worker pid=43538 on localhost:11843 at 22:41:20.725
starting worker pid=43551 on localhost:11843 at 22:41:21.259
starting worker pid=43565 on localhost:11843 at 22:41:21.751
starting worker pid=43578 on localhost:11843 at 22:41:22.242
starting worker pid=43591 on localhost:11843 at 22:41:22.738
starting worker pid=43605 on localhost:11843 at 22:41:23.231
starting worker pid=43618 on localhost:11843 at 22:41:23.720
starting worker pid=43632 on localhost:11843 at 22:41:24.205
starting worker pid=43645 on localhost:11843 at 22:41:24.697
starting worker pid=43658 on localhost:11843 at 22:41:25.186
2022-04-18 22:52:36 INFO::After iteration 2, gene prior 0.00537155185497388:, SNP prior:0.00220784201767796
2022-04-18 22:52:36 INFO::run iteration 3
starting worker pid=45102 on localhost:11843 at 22:52:37.640
starting worker pid=45116 on localhost:11843 at 22:52:38.168
starting worker pid=45130 on localhost:11843 at 22:52:38.676
starting worker pid=45143 on localhost:11843 at 22:52:39.178
starting worker pid=45156 on localhost:11843 at 22:52:39.664
starting worker pid=45170 on localhost:11843 at 22:52:40.157
starting worker pid=45183 on localhost:11843 at 22:52:40.650
starting worker pid=45197 on localhost:11843 at 22:52:41.134
starting worker pid=45210 on localhost:11843 at 22:52:41.619
starting worker pid=45223 on localhost:11843 at 22:52:42.109
2022-04-18 23:03:58 INFO::After iteration 3, gene prior 0.00666709818316754:, SNP prior:0.00209939114834206
2022-04-18 23:03:59 INFO::Blocks are filtered: 828 blocks left
2022-04-18 23:03:59 INFO::Run susie iteratively, getting accurate estimate ...
2022-04-18 23:03:59 INFO::run iteration 1
starting worker pid=46005 on localhost:11843 at 23:03:59.843
starting worker pid=46018 on localhost:11843 at 23:04:00.369
starting worker pid=46032 on localhost:11843 at 23:04:00.867
starting worker pid=46045 on localhost:11843 at 23:04:01.361
starting worker pid=46059 on localhost:11843 at 23:04:01.859
starting worker pid=46072 on localhost:11843 at 23:04:02.346
starting worker pid=46085 on localhost:11843 at 23:04:02.835
starting worker pid=46099 on localhost:11843 at 23:04:03.328
starting worker pid=46112 on localhost:11843 at 23:04:03.821
starting worker pid=46125 on localhost:11843 at 23:04:04.306
2022-04-18 23:10:12 INFO::After iteration 1, gene prior 0.007740887564909:, SNP prior:0.00250979121255149
2022-04-18 23:10:12 INFO::run iteration 2
starting worker pid=46514 on localhost:11843 at 23:10:13.200
starting worker pid=46527 on localhost:11843 at 23:10:13.697
starting worker pid=46541 on localhost:11843 at 23:10:14.208
starting worker pid=46554 on localhost:11843 at 23:10:14.707
starting worker pid=46567 on localhost:11843 at 23:10:15.195
starting worker pid=46581 on localhost:11843 at 23:10:15.688
starting worker pid=46594 on localhost:11843 at 23:10:16.177
starting worker pid=46608 on localhost:11843 at 23:10:16.660
starting worker pid=46621 on localhost:11843 at 23:10:17.150
starting worker pid=46634 on localhost:11843 at 23:10:17.634
2022-04-18 23:16:21 INFO::After iteration 2, gene prior 0.00868772783638949:, SNP prior:0.00278945306409688
2022-04-18 23:16:22 INFO::run iteration 3
starting worker pid=47021 on localhost:11843 at 23:16:22.828
starting worker pid=47035 on localhost:11843 at 23:16:23.337
starting worker pid=47048 on localhost:11843 at 23:16:23.845
starting worker pid=47062 on localhost:11843 at 23:16:24.347
starting worker pid=47075 on localhost:11843 at 23:16:24.836
starting worker pid=47089 on localhost:11843 at 23:16:25.326
starting worker pid=47102 on localhost:11843 at 23:16:25.822
starting worker pid=47115 on localhost:11843 at 23:16:26.319
starting worker pid=47129 on localhost:11843 at 23:16:26.810
starting worker pid=47142 on localhost:11843 at 23:16:27.299
2022-04-18 23:22:34 INFO::After iteration 3, gene prior 0.00935857629194308:, SNP prior:0.00296623612100865
2022-04-18 23:22:34 INFO::run iteration 4
starting worker pid=48261 on localhost:11843 at 23:22:34.709
starting worker pid=48274 on localhost:11843 at 23:22:35.240
starting worker pid=48288 on localhost:11843 at 23:22:35.759
starting worker pid=48301 on localhost:11843 at 23:22:36.258
starting worker pid=48315 on localhost:11843 at 23:22:36.749
starting worker pid=48328 on localhost:11843 at 23:22:37.250
starting worker pid=48341 on localhost:11843 at 23:22:37.740
starting worker pid=48355 on localhost:11843 at 23:22:38.227
starting worker pid=48368 on localhost:11843 at 23:22:38.724
starting worker pid=48384 on localhost:11843 at 23:22:39.216
2022-04-18 23:28:38 INFO::After iteration 4, gene prior 0.00974634255024372:, SNP prior:0.00305309482774052
2022-04-18 23:28:39 INFO::run iteration 5
starting worker pid=48832 on localhost:11843 at 23:28:39.529
starting worker pid=48845 on localhost:11843 at 23:28:40.030
starting worker pid=48859 on localhost:11843 at 23:28:40.529
starting worker pid=48872 on localhost:11843 at 23:28:41.039
starting worker pid=48885 on localhost:11843 at 23:28:41.538
starting worker pid=48899 on localhost:11843 at 23:28:42.045
starting worker pid=48912 on localhost:11843 at 23:28:42.546
starting worker pid=48926 on localhost:11843 at 23:28:43.051
starting worker pid=48939 on localhost:11843 at 23:28:43.550
starting worker pid=48952 on localhost:11843 at 23:28:44.049
2022-04-18 23:34:51 INFO::After iteration 5, gene prior 0.0099647608715148:, SNP prior:0.00309039541581456
2022-04-18 23:34:51 INFO::run iteration 6
starting worker pid=49341 on localhost:11843 at 23:34:52.215
starting worker pid=49355 on localhost:11843 at 23:34:52.717
starting worker pid=49368 on localhost:11843 at 23:34:53.227
starting worker pid=49381 on localhost:11843 at 23:34:53.737
starting worker pid=49395 on localhost:11843 at 23:34:54.247
starting worker pid=49408 on localhost:11843 at 23:34:54.759
starting worker pid=49422 on localhost:11843 at 23:34:55.266
starting worker pid=49435 on localhost:11843 at 23:34:55.780
starting worker pid=49448 on localhost:11843 at 23:34:56.289
starting worker pid=49462 on localhost:11843 at 23:34:56.797
2022-04-18 23:41:00 INFO::After iteration 6, gene prior 0.0100949312199288:, SNP prior:0.00310498487005241
2022-04-18 23:41:01 INFO::run iteration 7
starting worker pid=49846 on localhost:11843 at 23:41:01.884
starting worker pid=49859 on localhost:11843 at 23:41:02.415
starting worker pid=49873 on localhost:11843 at 23:41:02.967
starting worker pid=49886 on localhost:11843 at 23:41:03.493
starting worker pid=49900 on localhost:11843 at 23:41:04.009
starting worker pid=49913 on localhost:11843 at 23:41:04.531
starting worker pid=49926 on localhost:11843 at 23:41:05.046
starting worker pid=49940 on localhost:11843 at 23:41:05.563
starting worker pid=49953 on localhost:11843 at 23:41:06.078
starting worker pid=49967 on localhost:11843 at 23:41:06.599
2022-04-18 23:47:12 INFO::After iteration 7, gene prior 0.0101811548928078:, SNP prior:0.0031102994049918
2022-04-18 23:47:12 INFO::run iteration 8
starting worker pid=50856 on localhost:11843 at 23:47:13.343
starting worker pid=50870 on localhost:11843 at 23:47:13.829
starting worker pid=50883 on localhost:11843 at 23:47:14.317
starting worker pid=50896 on localhost:11843 at 23:47:14.831
starting worker pid=50910 on localhost:11843 at 23:47:15.348
starting worker pid=50923 on localhost:11843 at 23:47:15.867
starting worker pid=50937 on localhost:11843 at 23:47:16.383
starting worker pid=50950 on localhost:11843 at 23:47:16.900
starting worker pid=50963 on localhost:11843 at 23:47:17.416
starting worker pid=50977 on localhost:11843 at 23:47:17.937
2022-04-18 23:53:21 INFO::After iteration 8, gene prior 0.0102436290132456:, SNP prior:0.00311195497338959
2022-04-18 23:53:21 INFO::run iteration 9
starting worker pid=51655 on localhost:11843 at 23:53:22.435
starting worker pid=51668 on localhost:11843 at 23:53:22.989
starting worker pid=51681 on localhost:11843 at 23:53:23.506
starting worker pid=51695 on localhost:11843 at 23:53:24.029
starting worker pid=51708 on localhost:11843 at 23:53:24.547
starting worker pid=51722 on localhost:11843 at 23:53:25.068
starting worker pid=51735 on localhost:11843 at 23:53:25.593
starting worker pid=51749 on localhost:11843 at 23:53:26.108
starting worker pid=51762 on localhost:11843 at 23:53:26.626
starting worker pid=51775 on localhost:11843 at 23:53:27.147
2022-04-18 23:59:28 INFO::After iteration 9, gene prior 0.0102914989094539:, SNP prior:0.00311221384021806
2022-04-18 23:59:28 INFO::run iteration 10
starting worker pid=52159 on localhost:11843 at 23:59:29.376
starting worker pid=52173 on localhost:11843 at 23:59:29.918
starting worker pid=52186 on localhost:11843 at 23:59:30.446
starting worker pid=52199 on localhost:11843 at 23:59:30.958
starting worker pid=52213 on localhost:11843 at 23:59:31.477
starting worker pid=52226 on localhost:11843 at 23:59:31.990
starting worker pid=52240 on localhost:11843 at 23:59:32.507
starting worker pid=52253 on localhost:11843 at 23:59:33.030
starting worker pid=52266 on localhost:11843 at 23:59:33.549
starting worker pid=52282 on localhost:11843 at 23:59:34.065
2022-04-19 00:05:36 INFO::After iteration 10, gene prior 0.0103294934382664:, SNP prior:0.00311198965332358
2022-04-19 00:05:36 INFO::run iteration 11
starting worker pid=52668 on localhost:11843 at 00:05:37.207
starting worker pid=52681 on localhost:11843 at 00:05:37.742
starting worker pid=52694 on localhost:11843 at 00:05:38.257
starting worker pid=52708 on localhost:11843 at 00:05:38.770
starting worker pid=52721 on localhost:11843 at 00:05:39.286
starting worker pid=52735 on localhost:11843 at 00:05:39.801
starting worker pid=52748 on localhost:11843 at 00:05:40.313
starting worker pid=52762 on localhost:11843 at 00:05:40.859
starting worker pid=52775 on localhost:11843 at 00:05:41.379
starting worker pid=52788 on localhost:11843 at 00:05:41.896
2022-04-19 00:11:44 INFO::After iteration 11, gene prior 0.0103602079571994:, SNP prior:0.00311163259238315
2022-04-19 00:11:44 INFO::run iteration 12
starting worker pid=53173 on localhost:11843 at 00:11:44.641
starting worker pid=53187 on localhost:11843 at 00:11:45.157
starting worker pid=53201 on localhost:11843 at 00:11:45.670
starting worker pid=53214 on localhost:11843 at 00:11:46.192
starting worker pid=53227 on localhost:11843 at 00:11:46.711
starting worker pid=53241 on localhost:11843 at 00:11:47.231
starting worker pid=53254 on localhost:11843 at 00:11:47.748
starting worker pid=53268 on localhost:11843 at 00:11:48.258
starting worker pid=53282 on localhost:11843 at 00:11:48.777
starting worker pid=53295 on localhost:11843 at 00:11:49.297
2022-04-19 00:17:53 INFO::After iteration 12, gene prior 0.0103852603212091:, SNP prior:0.00311127065406269
2022-04-19 00:17:53 INFO::run iteration 13
starting worker pid=54255 on localhost:11843 at 00:17:54.310
starting worker pid=54268 on localhost:11843 at 00:17:54.867
starting worker pid=54282 on localhost:11843 at 00:17:55.407
starting worker pid=54295 on localhost:11843 at 00:17:55.929
starting worker pid=54308 on localhost:11843 at 00:17:56.447
starting worker pid=54322 on localhost:11843 at 00:17:56.971
starting worker pid=54335 on localhost:11843 at 00:17:57.486
starting worker pid=54349 on localhost:11843 at 00:17:57.999
starting worker pid=54362 on localhost:11843 at 00:17:58.530
starting worker pid=54375 on localhost:11843 at 00:17:59.049
2022-04-19 00:24:01 INFO::After iteration 13, gene prior 0.010405779890875:, SNP prior:0.00311094601467677
2022-04-19 00:24:01 INFO::run iteration 14
starting worker pid=54984 on localhost:11843 at 00:24:02.184
starting worker pid=54997 on localhost:11843 at 00:24:02.701
starting worker pid=55011 on localhost:11843 at 00:24:03.217
starting worker pid=55024 on localhost:11843 at 00:24:03.737
starting worker pid=55038 on localhost:11843 at 00:24:04.259
starting worker pid=55051 on localhost:11843 at 00:24:04.791
starting worker pid=55064 on localhost:11843 at 00:24:05.313
starting worker pid=55078 on localhost:11843 at 00:24:05.829
starting worker pid=55091 on localhost:11843 at 00:24:06.349
starting worker pid=55105 on localhost:11843 at 00:24:06.866
2022-04-19 00:30:08 INFO::After iteration 14, gene prior 0.0104226180216001:, SNP prior:0.00311066842299818
2022-04-19 00:30:08 INFO::run iteration 15
starting worker pid=55488 on localhost:11843 at 00:30:08.879
starting worker pid=55502 on localhost:11843 at 00:30:09.410
starting worker pid=55516 on localhost:11843 at 00:30:09.946
starting worker pid=55530 on localhost:11843 at 00:30:10.468
starting worker pid=55543 on localhost:11843 at 00:30:10.988
starting worker pid=55557 on localhost:11843 at 00:30:11.506
starting worker pid=55570 on localhost:11843 at 00:30:12.021
starting worker pid=55583 on localhost:11843 at 00:30:12.532
starting worker pid=55597 on localhost:11843 at 00:30:13.048
starting worker pid=55610 on localhost:11843 at 00:30:13.571
2022-04-19 00:36:17 INFO::After iteration 15, gene prior 0.0104364456286372:, SNP prior:0.00311043602030334
2022-04-19 00:36:17 INFO::run iteration 16
starting worker pid=55995 on localhost:11843 at 00:36:18.140
starting worker pid=56009 on localhost:11843 at 00:36:18.681
starting worker pid=56022 on localhost:11843 at 00:36:19.200
starting worker pid=56035 on localhost:11843 at 00:36:19.716
starting worker pid=56049 on localhost:11843 at 00:36:20.226
starting worker pid=56062 on localhost:11843 at 00:36:20.749
starting worker pid=56076 on localhost:11843 at 00:36:21.269
starting worker pid=56089 on localhost:11843 at 00:36:21.790
starting worker pid=56102 on localhost:11843 at 00:36:22.310
starting worker pid=56116 on localhost:11843 at 00:36:22.825
2022-04-19 00:42:27 INFO::After iteration 16, gene prior 0.0104478037653503:, SNP prior:0.00311024335887384
2022-04-19 00:42:27 INFO::run iteration 17
starting worker pid=56504 on localhost:11843 at 00:42:28.143
starting worker pid=56518 on localhost:11843 at 00:42:28.675
starting worker pid=56531 on localhost:11843 at 00:42:29.219
starting worker pid=56544 on localhost:11843 at 00:42:29.731
starting worker pid=56558 on localhost:11843 at 00:42:30.252
starting worker pid=56571 on localhost:11843 at 00:42:30.773
starting worker pid=56585 on localhost:11843 at 00:42:31.288
starting worker pid=56598 on localhost:11843 at 00:42:31.802
starting worker pid=56611 on localhost:11843 at 00:42:32.320
starting worker pid=56625 on localhost:11843 at 00:42:32.836
2022-04-19 00:48:40 INFO::After iteration 17, gene prior 0.010457133661035:, SNP prior:0.00311008439973883
2022-04-19 00:48:40 INFO::run iteration 18
starting worker pid=641 on localhost:11843 at 00:48:41.033
starting worker pid=654 on localhost:11843 at 00:48:41.568
starting worker pid=668 on localhost:11843 at 00:48:42.108
starting worker pid=681 on localhost:11843 at 00:48:42.619
starting worker pid=694 on localhost:11843 at 00:48:43.167
starting worker pid=708 on localhost:11843 at 00:48:43.706
starting worker pid=721 on localhost:11843 at 00:48:44.241
starting worker pid=735 on localhost:11843 at 00:48:44.757
starting worker pid=751 on localhost:11843 at 00:48:45.277
starting worker pid=764 on localhost:11843 at 00:48:45.798
2022-04-19 00:54:51 INFO::After iteration 18, gene prior 0.0104647969780173:, SNP prior:0.00310995355487868
2022-04-19 00:54:51 INFO::run iteration 19
starting worker pid=1323 on localhost:11843 at 00:54:51.813
starting worker pid=1336 on localhost:11843 at 00:54:52.329
starting worker pid=1349 on localhost:11843 at 00:54:52.860
starting worker pid=1364 on localhost:11843 at 00:54:53.359
starting worker pid=1383 on localhost:11843 at 00:54:53.880
starting worker pid=1399 on localhost:11843 at 00:54:54.400
starting worker pid=1412 on localhost:11843 at 00:54:54.915
starting worker pid=1425 on localhost:11843 at 00:54:55.430
starting worker pid=1440 on localhost:11843 at 00:54:55.946
starting worker pid=1453 on localhost:11843 at 00:54:56.460
2022-04-19 01:00:58 INFO::After iteration 19, gene prior 0.0104710907983758:, SNP prior:0.00310984598032036
2022-04-19 01:00:58 INFO::run iteration 20
starting worker pid=1880 on localhost:11843 at 01:00:58.824
starting worker pid=1894 on localhost:11843 at 01:00:59.349
starting worker pid=1907 on localhost:11843 at 01:00:59.888
starting worker pid=1920 on localhost:11843 at 01:01:00.407
starting worker pid=1934 on localhost:11843 at 01:01:00.928
starting worker pid=1947 on localhost:11843 at 01:01:01.451
starting worker pid=1961 on localhost:11843 at 01:01:01.968
starting worker pid=1974 on localhost:11843 at 01:01:02.486
starting worker pid=1987 on localhost:11843 at 01:01:03.000
starting worker pid=2001 on localhost:11843 at 01:01:03.510
2022-04-19 01:07:07 INFO::After iteration 20, gene prior 0.0104762593442028:, SNP prior:0.00310975759318318
2022-04-19 01:07:07 INFO::run iteration 21
starting worker pid=2388 on localhost:11843 at 01:07:07.994
starting worker pid=2402 on localhost:11843 at 01:07:08.504
starting worker pid=2415 on localhost:11843 at 01:07:09.041
starting worker pid=2429 on localhost:11843 at 01:07:09.562
starting worker pid=2442 on localhost:11843 at 01:07:10.082
starting worker pid=2456 on localhost:11843 at 01:07:10.602
starting worker pid=2469 on localhost:11843 at 01:07:11.115
starting worker pid=2483 on localhost:11843 at 01:07:11.638
starting worker pid=2496 on localhost:11843 at 01:07:12.161
starting worker pid=2509 on localhost:11843 at 01:07:12.679
2022-04-19 01:13:15 INFO::After iteration 21, gene prior 0.0104805034138926:, SNP prior:0.00310968499646479
2022-04-19 01:13:15 INFO::run iteration 22
starting worker pid=2972 on localhost:11843 at 01:13:15.815
starting worker pid=2985 on localhost:11843 at 01:13:16.334
starting worker pid=2999 on localhost:11843 at 01:13:16.871
starting worker pid=3012 on localhost:11843 at 01:13:17.412
starting worker pid=3026 on localhost:11843 at 01:13:17.937
starting worker pid=3039 on localhost:11843 at 01:13:18.459
starting worker pid=3052 on localhost:11843 at 01:13:18.977
starting worker pid=3066 on localhost:11843 at 01:13:19.499
starting worker pid=3079 on localhost:11843 at 01:13:20.020
starting worker pid=3093 on localhost:11843 at 01:13:20.539
2022-04-19 01:19:24 INFO::After iteration 22, gene prior 0.0104839880858301:, SNP prior:0.003109625381473
2022-04-19 01:19:24 INFO::run iteration 23
starting worker pid=4040 on localhost:11843 at 01:19:25.127
starting worker pid=4053 on localhost:11843 at 01:19:25.682
starting worker pid=4067 on localhost:11843 at 01:19:26.229
starting worker pid=4080 on localhost:11843 at 01:19:26.747
starting worker pid=4093 on localhost:11843 at 01:19:27.269
starting worker pid=4107 on localhost:11843 at 01:19:27.788
starting worker pid=4120 on localhost:11843 at 01:19:28.309
starting worker pid=4134 on localhost:11843 at 01:19:28.827
starting worker pid=4147 on localhost:11843 at 01:19:29.346
starting worker pid=4161 on localhost:11843 at 01:19:29.867
2022-04-19 01:25:30 INFO::After iteration 23, gene prior 0.0104868490460059:, SNP prior:0.00310957643319525
2022-04-19 01:25:30 INFO::run iteration 24
starting worker pid=4760 on localhost:11843 at 01:25:31.255
starting worker pid=4773 on localhost:11843 at 01:25:31.798
starting worker pid=4787 on localhost:11843 at 01:25:32.331
starting worker pid=4800 on localhost:11843 at 01:25:32.847
starting worker pid=4813 on localhost:11843 at 01:25:33.366
starting worker pid=4828 on localhost:11843 at 01:25:33.888
starting worker pid=4841 on localhost:11843 at 01:25:34.404
starting worker pid=4855 on localhost:11843 at 01:25:34.923
starting worker pid=4868 on localhost:11843 at 01:25:35.439
starting worker pid=4882 on localhost:11843 at 01:25:35.958
2022-04-19 01:31:38 INFO::After iteration 24, gene prior 0.0104891977975214:, SNP prior:0.00310953624661899
2022-04-19 01:31:38 INFO::run iteration 25
starting worker pid=5268 on localhost:11843 at 01:31:39.061
starting worker pid=5281 on localhost:11843 at 01:31:39.595
starting worker pid=5296 on localhost:11843 at 01:31:40.129
starting worker pid=5310 on localhost:11843 at 01:31:40.650
starting worker pid=5324 on localhost:11843 at 01:31:41.181
starting worker pid=5337 on localhost:11843 at 01:31:41.699
starting worker pid=5350 on localhost:11843 at 01:31:42.218
starting worker pid=5364 on localhost:11843 at 01:31:42.736
starting worker pid=5377 on localhost:11843 at 01:31:43.250
starting worker pid=5391 on localhost:11843 at 01:31:43.774
2022-04-19 01:37:45 INFO::After iteration 25, gene prior 0.0104911259522359:, SNP prior:0.00310950325550096
2022-04-19 01:37:45 INFO::run iteration 26
starting worker pid=5776 on localhost:11843 at 01:37:46.270
starting worker pid=5789 on localhost:11843 at 01:37:46.790
starting worker pid=5802 on localhost:11843 at 01:37:47.321
starting worker pid=5816 on localhost:11843 at 01:37:47.839
starting worker pid=5891 on localhost:11843 at 01:37:48.357
starting worker pid=5996 on localhost:11843 at 01:37:48.882
starting worker pid=6009 on localhost:11843 at 01:37:49.410
starting worker pid=6023 on localhost:11843 at 01:37:49.929
starting worker pid=6036 on localhost:11843 at 01:37:50.444
starting worker pid=6056 on localhost:11843 at 01:37:50.957
2022-04-19 01:43:55 INFO::After iteration 26, gene prior 0.010492708765894:, SNP prior:0.00310947617277899
2022-04-19 01:43:55 INFO::run iteration 27
starting worker pid=6502 on localhost:11843 at 01:43:56.450
starting worker pid=6515 on localhost:11843 at 01:43:56.966
starting worker pid=6529 on localhost:11843 at 01:43:57.487
starting worker pid=6542 on localhost:11843 at 01:43:58.009
starting worker pid=6555 on localhost:11843 at 01:43:58.530
starting worker pid=6570 on localhost:11843 at 01:43:59.056
starting worker pid=6584 on localhost:11843 at 01:43:59.591
starting worker pid=6598 on localhost:11843 at 01:44:00.111
starting worker pid=6611 on localhost:11843 at 01:44:00.630
starting worker pid=6625 on localhost:11843 at 01:44:01.147
2022-04-19 01:50:04 INFO::After iteration 27, gene prior 0.0104940080489731:, SNP prior:0.00310945394114087
2022-04-19 01:50:05 INFO::run iteration 28
starting worker pid=7751 on localhost:11843 at 01:50:05.633
starting worker pid=7765 on localhost:11843 at 01:50:06.137
starting worker pid=7778 on localhost:11843 at 01:50:06.657
starting worker pid=7791 on localhost:11843 at 01:50:07.180
starting worker pid=7805 on localhost:11843 at 01:50:07.699
starting worker pid=7818 on localhost:11843 at 01:50:08.218
starting worker pid=7832 on localhost:11843 at 01:50:08.738
starting worker pid=7845 on localhost:11843 at 01:50:09.255
starting worker pid=7858 on localhost:11843 at 01:50:09.779
starting worker pid=7872 on localhost:11843 at 01:50:10.299
2022-04-19 01:56:13 INFO::After iteration 28, gene prior 0.0104950745624047:, SNP prior:0.00310943569219348
2022-04-19 01:56:13 INFO::run iteration 29
starting worker pid=8254 on localhost:11843 at 01:56:14.531
starting worker pid=8268 on localhost:11843 at 01:56:15.070
starting worker pid=8281 on localhost:11843 at 01:56:15.603
starting worker pid=8295 on localhost:11843 at 01:56:16.122
starting worker pid=8308 on localhost:11843 at 01:56:16.648
starting worker pid=8322 on localhost:11843 at 01:56:17.169
starting worker pid=8335 on localhost:11843 at 01:56:17.692
starting worker pid=8348 on localhost:11843 at 01:56:18.213
starting worker pid=8362 on localhost:11843 at 01:56:18.731
starting worker pid=8375 on localhost:11843 at 01:56:19.244
2022-04-19 02:02:21 INFO::After iteration 29, gene prior 0.0104959499884623:, SNP prior:0.00310942071281209
2022-04-19 02:02:21 INFO::run iteration 30
starting worker pid=8761 on localhost:11843 at 02:02:22.103
starting worker pid=8774 on localhost:11843 at 02:02:22.668
starting worker pid=8788 on localhost:11843 at 02:02:23.189
starting worker pid=8801 on localhost:11843 at 02:02:23.710
starting worker pid=8814 on localhost:11843 at 02:02:24.227
starting worker pid=8828 on localhost:11843 at 02:02:24.749
starting worker pid=8841 on localhost:11843 at 02:02:25.269
starting worker pid=8855 on localhost:11843 at 02:02:25.789
starting worker pid=8868 on localhost:11843 at 02:02:26.307
starting worker pid=8882 on localhost:11843 at 02:02:26.832
2022-04-19 02:08:34 INFO::After iteration 30, gene prior 0.010496668551517:, SNP prior:0.00310940841744244
2022-04-19 02:08:34 INFO::Run susie for all regions.
2022-04-19 02:08:34 INFO::run iteration 1
starting worker pid=9337 on localhost:11843 at 02:08:35.275
starting worker pid=9351 on localhost:11843 at 02:08:35.806
starting worker pid=9364 on localhost:11843 at 02:08:36.327
starting worker pid=9378 on localhost:11843 at 02:08:36.848
starting worker pid=9393 on localhost:11843 at 02:08:37.368
starting worker pid=9407 on localhost:11843 at 02:08:37.892
starting worker pid=9420 on localhost:11843 at 02:08:38.408
starting worker pid=9433 on localhost:11843 at 02:08:38.924
starting worker pid=9447 on localhost:11843 at 02:08:39.437
starting worker pid=9460 on localhost:11843 at 02:08:39.958
2022-04-19 02:20:09 INFO::After iteration 1, gene prior 0.0364860058577063:, SNP prior:0.0108661756030616
2022-04-19 02:20:09 INFO::No. LD regions: 1700
2022-04-19 02:20:17 INFO::No. regions with at least one SNP/gene for chr1: 131
2022-04-19 02:20:17 INFO::Merge regions for chr1
2022-04-19 02:20:17 INFO::No. regions with at least one SNP/gene for chr1 after merging: 127
2022-04-19 02:20:24 INFO::No. regions with at least one SNP/gene for chr2: 143
2022-04-19 02:20:24 INFO::Merge regions for chr2
2022-04-19 02:20:24 INFO::No. regions with at least one SNP/gene for chr2 after merging: 141
2022-04-19 02:20:30 INFO::No. regions with at least one SNP/gene for chr3: 122
2022-04-19 02:20:30 INFO::Merge regions for chr3
2022-04-19 02:20:30 INFO::No. regions with at least one SNP/gene for chr3 after merging: 119
2022-04-19 02:20:34 INFO::No. regions with at least one SNP/gene for chr4: 122
2022-04-19 02:20:34 INFO::Merge regions for chr4
2022-04-19 02:20:34 INFO::No. regions with at least one SNP/gene for chr4 after merging: 120
2022-04-19 02:20:39 INFO::No. regions with at least one SNP/gene for chr5: 110
2022-04-19 02:20:39 INFO::Merge regions for chr5
2022-04-19 02:20:39 INFO::No. regions with at least one SNP/gene for chr5 after merging: 108
2022-04-19 02:20:44 INFO::No. regions with at least one SNP/gene for chr6: 112
2022-04-19 02:20:44 INFO::Merge regions for chr6
2022-04-19 02:20:44 INFO::No. regions with at least one SNP/gene for chr6 after merging: 108
2022-04-19 02:20:48 INFO::No. regions with at least one SNP/gene for chr7: 99
2022-04-19 02:20:48 INFO::Merge regions for chr7
2022-04-19 02:20:48 INFO::No. regions with at least one SNP/gene for chr7 after merging: 97
2022-04-19 02:20:51 INFO::No. regions with at least one SNP/gene for chr8: 92
2022-04-19 02:20:51 INFO::Merge regions for chr8
2022-04-19 02:20:51 INFO::No. regions with at least one SNP/gene for chr8 after merging: 89
2022-04-19 02:20:53 INFO::No. regions with at least one SNP/gene for chr9: 74
2022-04-19 02:20:53 INFO::Merge regions for chr9
2022-04-19 02:20:53 INFO::No. regions with at least one SNP/gene for chr9 after merging: 74
2022-04-19 02:20:57 INFO::No. regions with at least one SNP/gene for chr10: 85
2022-04-19 02:20:57 INFO::Merge regions for chr10
2022-04-19 02:20:57 INFO::No. regions with at least one SNP/gene for chr10 after merging: 84
2022-04-19 02:20:59 INFO::No. regions with at least one SNP/gene for chr11: 84
2022-04-19 02:20:59 INFO::Merge regions for chr11
2022-04-19 02:20:59 INFO::No. regions with at least one SNP/gene for chr11 after merging: 79
2022-04-19 02:21:03 INFO::No. regions with at least one SNP/gene for chr12: 82
2022-04-19 02:21:03 INFO::Merge regions for chr12
2022-04-19 02:21:03 INFO::No. regions with at least one SNP/gene for chr12 after merging: 81
2022-04-19 02:21:05 INFO::No. regions with at least one SNP/gene for chr13: 62
2022-04-19 02:21:05 INFO::Merge regions for chr13
2022-04-19 02:21:05 INFO::No. regions with at least one SNP/gene for chr13 after merging: 59
2022-04-19 02:21:06 INFO::No. regions with at least one SNP/gene for chr14: 56
2022-04-19 02:21:06 INFO::Merge regions for chr14
2022-04-19 02:21:06 INFO::No. regions with at least one SNP/gene for chr14 after merging: 54
2022-04-19 02:21:09 INFO::No. regions with at least one SNP/gene for chr15: 50
2022-04-19 02:21:09 INFO::Merge regions for chr15
2022-04-19 02:21:09 INFO::No. regions with at least one SNP/gene for chr15 after merging: 49
2022-04-19 02:21:11 INFO::No. regions with at least one SNP/gene for chr16: 50
2022-04-19 02:21:11 INFO::Merge regions for chr16
2022-04-19 02:21:11 INFO::No. regions with at least one SNP/gene for chr16 after merging: 50
2022-04-19 02:21:12 INFO::No. regions with at least one SNP/gene for chr17: 47
2022-04-19 02:21:12 INFO::Merge regions for chr17
2022-04-19 02:21:12 INFO::No. regions with at least one SNP/gene for chr17 after merging: 47
2022-04-19 02:21:14 INFO::No. regions with at least one SNP/gene for chr18: 47
2022-04-19 02:21:14 INFO::Merge regions for chr18
2022-04-19 02:21:14 INFO::No. regions with at least one SNP/gene for chr18 after merging: 45
2022-04-19 02:21:15 INFO::No. regions with at least one SNP/gene for chr19: 39
2022-04-19 02:21:15 INFO::Merge regions for chr19
2022-04-19 02:21:15 INFO::No. regions with at least one SNP/gene for chr19 after merging: 35
2022-04-19 02:21:17 INFO::No. regions with at least one SNP/gene for chr20: 38
2022-04-19 02:21:17 INFO::Merge regions for chr20
2022-04-19 02:21:17 INFO::No. regions with at least one SNP/gene for chr20 after merging: 36
2022-04-19 02:21:18 INFO::No. regions with at least one SNP/gene for chr21: 15
2022-04-19 02:21:18 INFO::Merge regions for chr21
2022-04-19 02:21:18 INFO::No. regions with at least one SNP/gene for chr21 after merging: 15
2022-04-19 02:21:19 INFO::No. regions with at least one SNP/gene for chr22: 24
2022-04-19 02:21:19 INFO::Merge regions for chr22
2022-04-19 02:21:19 INFO::No. regions with at least one SNP/gene for chr22 after merging: 21
2022-04-19 02:21:19 INFO::Trim regions with SNPs more than 20000
2022-04-19 02:21:19 INFO::Adding R matrix info, as genotype is not given
2022-04-19 02:21:20 INFO::Adding R matrix info for chrom 1
2022-04-19 02:31:57 INFO::Adding R matrix info for chrom 2
2022-04-19 02:42:46 INFO::Adding R matrix info for chrom 3
2022-04-19 02:51:04 INFO::Adding R matrix info for chrom 4
2022-04-19 02:58:49 INFO::Adding R matrix info for chrom 5
2022-04-19 03:05:55 INFO::Adding R matrix info for chrom 6
2022-04-19 03:14:31 INFO::Adding R matrix info for chrom 7
2022-04-19 03:22:10 INFO::Adding R matrix info for chrom 8
2022-04-19 03:28:53 INFO::Adding R matrix info for chrom 9
2022-04-19 03:33:52 INFO::Adding R matrix info for chrom 10
2022-04-19 03:40:22 INFO::Adding R matrix info for chrom 11
2022-04-19 03:48:11 INFO::Adding R matrix info for chrom 12
2022-04-19 03:54:46 INFO::Adding R matrix info for chrom 13
2022-04-19 03:59:20 INFO::Adding R matrix info for chrom 14
2022-04-19 04:04:08 INFO::Adding R matrix info for chrom 15
2022-04-19 04:07:24 INFO::Adding R matrix info for chrom 16
2022-04-19 04:10:47 INFO::Adding R matrix info for chrom 17
2022-04-19 04:14:52 INFO::Adding R matrix info for chrom 18
2022-04-19 04:18:50 INFO::Adding R matrix info for chrom 19
2022-04-19 04:24:22 INFO::Adding R matrix info for chrom 20
2022-04-19 04:27:35 INFO::Adding R matrix info for chrom 21
2022-04-19 04:28:22 INFO::Adding R matrix info for chrom 22
2022-04-19 04:32:54 INFO::Number of regions that contains strong gene signals: 18
2022-04-19 04:32:54 INFO::Rerun susie for regions with strong gene signals using full SNPs.
2022-04-19 04:32:54 INFO::run iteration 1
starting worker pid=22297 on localhost:11843 at 04:32:55.430
2022-04-19 04:39:36 INFO::After iteration 1, gene prior 0.0581049249900301:, SNP prior:0.000877451590731636
$group_prior
[1] 0.0104966686 0.0003109408

$group_prior_var
[1]  9.586565 10.406534

R version 3.6.1 (2019-07-05)
Platform: x86_64-pc-linux-gnu (64-bit)
Running under: Scientific Linux 7.4 (Nitrogen)

Matrix products: default
BLAS/LAPACK: /software/openblas-0.2.19-el7-x86_64/lib/libopenblas_haswellp-r0.2.19.so

locale:
[1] C

attached base packages:
[1] stats     graphics  grDevices utils     datasets  methods   base     

other attached packages:
[1] data.table_1.14.2 ctwas_0.1.32     

loaded via a namespace (and not attached):
 [1] Rcpp_1.0.8        magrittr_2.0.2    pgenlibr_0.3.1    hms_1.1.1        
 [5] doParallel_1.0.17 bit_4.0.4         lattice_0.20-38   R6_2.5.1         
 [9] rlang_1.0.1       fastmap_1.1.0     foreach_1.5.2     fansi_1.0.2      
[13] blob_1.2.2        tools_3.6.1       parallel_3.6.1    grid_3.6.1       
[17] logging_0.10-108  utf8_1.2.2        cli_3.1.0         DBI_1.1.2        
[21] iterators_1.0.14  ellipsis_0.3.2    bit64_4.0.5       tibble_3.1.6     
[25] lifecycle_1.0.1   crayon_1.5.0      Matrix_1.2-18     tzdb_0.2.0       
[29] readr_2.1.1       vctrs_0.3.8       codetools_0.2-16  memoise_2.0.1    
[33] cachem_1.0.6      RSQLite_2.2.8     pillar_1.6.4      compiler_3.6.1   
[37] pkgconfig_2.0.3  
