[1] "/project2/xinhe/shengqian/cTWAS/cTWAS_analysis/data/scz_2018.RDS"                                  
[2] "/project2/mstephens/wcrouse/UKB_LDR_0.1"                                                           
[3] "/project2/compbio/predictdb/mashr_models/mashr_Brain_Nucleus_accumbens_basal_ganglia.db"           
[4] "/project2/xinhe/shengqian/cTWAS/cTWAS_analysis/code/ctwas_config.R"                                
[5] "SCZ_Brain_Nucleus_accumbens_basal_ganglia_expr"                                                    
[6] "SCZ_Brain_Nucleus_accumbens_basal_ganglia_ctwas"                                                   
[7] "/project2/xinhe/shengqian/cTWAS/cTWAS_analysis/data/SCZ_2018/Brain_Nucleus_accumbens_basal_ganglia"
2022-04-18 15:49:12 INFO::Flipping z scores to match LD reference
2022-04-18 15:49:16 INFO::Reading weights for chromosome 1
2022-04-18 15:49:18 INFO::Number of genes with weights provided: 14062
2022-04-18 15:49:18 INFO::Collecting gene weight information ...
2022-04-18 15:49:18 INFO::Flipping weights to match LD reference
2022-04-18 15:49:18 INFO::Harmonizing strand ambiguous weights using correlations with unambiguous variants
2022-04-18 16:04:58 INFO::Start gene z score imputation ...
2022-04-18 16:04:58 INFO::Using given LD matrices to impute gene z score.
2022-04-18 16:16:04 INFO::Imputation done, writing results to output...
2022-04-18 16:16:04 INFO::Imputation done: number of genes with imputed expression: 984 for chr 1
2022-04-18 16:16:05 INFO::Flipping z scores to match LD reference
2022-04-18 16:16:08 INFO::Reading weights for chromosome 2
2022-04-18 16:16:08 INFO::Number of genes with weights provided: 14062
2022-04-18 16:16:08 INFO::Collecting gene weight information ...
2022-04-18 16:16:08 INFO::Flipping weights to match LD reference
2022-04-18 16:16:08 INFO::Harmonizing strand ambiguous weights using correlations with unambiguous variants
2022-04-18 16:27:41 INFO::Start gene z score imputation ...
2022-04-18 16:27:41 INFO::Using given LD matrices to impute gene z score.
2022-04-18 16:37:42 INFO::Imputation done, writing results to output...
2022-04-18 16:37:42 INFO::Imputation done: number of genes with imputed expression: 716 for chr 2
2022-04-18 16:37:43 INFO::Flipping z scores to match LD reference
2022-04-18 16:37:44 INFO::Reading weights for chromosome 3
2022-04-18 16:37:44 INFO::Number of genes with weights provided: 14062
2022-04-18 16:37:44 INFO::Collecting gene weight information ...
2022-04-18 16:37:44 INFO::Flipping weights to match LD reference
2022-04-18 16:37:44 INFO::Harmonizing strand ambiguous weights using correlations with unambiguous variants
2022-04-18 16:44:42 INFO::Start gene z score imputation ...
2022-04-18 16:44:42 INFO::Using given LD matrices to impute gene z score.
2022-04-18 16:51:16 INFO::Imputation done, writing results to output...
2022-04-18 16:51:16 INFO::Imputation done: number of genes with imputed expression: 600 for chr 3
2022-04-18 16:51:17 INFO::Flipping z scores to match LD reference
2022-04-18 16:51:18 INFO::Reading weights for chromosome 4
2022-04-18 16:51:18 INFO::Number of genes with weights provided: 14062
2022-04-18 16:51:18 INFO::Collecting gene weight information ...
2022-04-18 16:51:18 INFO::Flipping weights to match LD reference
2022-04-18 16:51:18 INFO::Harmonizing strand ambiguous weights using correlations with unambiguous variants
2022-04-18 16:56:49 INFO::Start gene z score imputation ...
2022-04-18 16:56:49 INFO::Using given LD matrices to impute gene z score.
2022-04-18 17:03:30 INFO::Imputation done, writing results to output...
2022-04-18 17:03:31 INFO::Imputation done: number of genes with imputed expression: 396 for chr 4
2022-04-18 17:03:32 INFO::Flipping z scores to match LD reference
2022-04-18 17:03:33 INFO::Reading weights for chromosome 5
2022-04-18 17:03:33 INFO::Number of genes with weights provided: 14062
2022-04-18 17:03:33 INFO::Collecting gene weight information ...
2022-04-18 17:03:33 INFO::Flipping weights to match LD reference
2022-04-18 17:03:33 INFO::Harmonizing strand ambiguous weights using correlations with unambiguous variants
2022-04-18 17:09:10 INFO::Start gene z score imputation ...
2022-04-18 17:09:10 INFO::Using given LD matrices to impute gene z score.
2022-04-18 17:15:23 INFO::Imputation done, writing results to output...
2022-04-18 17:15:23 INFO::Imputation done: number of genes with imputed expression: 489 for chr 5
2022-04-18 17:15:25 INFO::Flipping z scores to match LD reference
2022-04-18 17:15:26 INFO::Reading weights for chromosome 6
2022-04-18 17:15:26 INFO::Number of genes with weights provided: 14062
2022-04-18 17:15:26 INFO::Collecting gene weight information ...
2022-04-18 17:15:26 INFO::Flipping weights to match LD reference
2022-04-18 17:15:26 INFO::Harmonizing strand ambiguous weights using correlations with unambiguous variants
2022-04-18 17:27:09 INFO::Start gene z score imputation ...
2022-04-18 17:27:09 INFO::Using given LD matrices to impute gene z score.
2022-04-18 17:34:18 INFO::Imputation done, writing results to output...
2022-04-18 17:34:18 INFO::Imputation done: number of genes with imputed expression: 570 for chr 6
2022-04-18 17:34:19 INFO::Flipping z scores to match LD reference
2022-04-18 17:34:20 INFO::Reading weights for chromosome 7
2022-04-18 17:34:20 INFO::Number of genes with weights provided: 14062
2022-04-18 17:34:20 INFO::Collecting gene weight information ...
2022-04-18 17:34:20 INFO::Flipping weights to match LD reference
2022-04-18 17:34:20 INFO::Harmonizing strand ambiguous weights using correlations with unambiguous variants
2022-04-18 17:41:03 INFO::Start gene z score imputation ...
2022-04-18 17:41:03 INFO::Using given LD matrices to impute gene z score.
2022-04-18 17:48:10 INFO::Imputation done, writing results to output...
2022-04-18 17:48:11 INFO::Imputation done: number of genes with imputed expression: 494 for chr 7
2022-04-18 17:48:11 INFO::Flipping z scores to match LD reference
2022-04-18 17:48:12 INFO::Reading weights for chromosome 8
2022-04-18 17:48:12 INFO::Number of genes with weights provided: 14062
2022-04-18 17:48:12 INFO::Collecting gene weight information ...
2022-04-18 17:48:12 INFO::Flipping weights to match LD reference
2022-04-18 17:48:12 INFO::Harmonizing strand ambiguous weights using correlations with unambiguous variants
2022-04-18 17:52:35 INFO::Start gene z score imputation ...
2022-04-18 17:52:35 INFO::Using given LD matrices to impute gene z score.
2022-04-18 17:57:27 INFO::Imputation done, writing results to output...
2022-04-18 17:57:28 INFO::Imputation done: number of genes with imputed expression: 366 for chr 8
2022-04-18 17:57:28 INFO::Flipping z scores to match LD reference
2022-04-18 17:57:29 INFO::Reading weights for chromosome 9
2022-04-18 17:57:29 INFO::Number of genes with weights provided: 14062
2022-04-18 17:57:29 INFO::Collecting gene weight information ...
2022-04-18 17:57:29 INFO::Flipping weights to match LD reference
2022-04-18 17:57:29 INFO::Harmonizing strand ambiguous weights using correlations with unambiguous variants
2022-04-18 18:03:41 INFO::Start gene z score imputation ...
2022-04-18 18:03:41 INFO::Using given LD matrices to impute gene z score.
2022-04-18 18:08:05 INFO::Imputation done, writing results to output...
2022-04-18 18:08:06 INFO::Imputation done: number of genes with imputed expression: 377 for chr 9
2022-04-18 18:08:06 INFO::Flipping z scores to match LD reference
2022-04-18 18:08:08 INFO::Reading weights for chromosome 10
2022-04-18 18:08:08 INFO::Number of genes with weights provided: 14062
2022-04-18 18:08:08 INFO::Collecting gene weight information ...
2022-04-18 18:08:08 INFO::Flipping weights to match LD reference
2022-04-18 18:08:08 INFO::Harmonizing strand ambiguous weights using correlations with unambiguous variants
2022-04-18 18:12:50 INFO::Start gene z score imputation ...
2022-04-18 18:12:50 INFO::Using given LD matrices to impute gene z score.
2022-04-18 18:18:28 INFO::Imputation done, writing results to output...
2022-04-18 18:18:28 INFO::Imputation done: number of genes with imputed expression: 401 for chr 10
2022-04-18 18:18:29 INFO::Flipping z scores to match LD reference
2022-04-18 18:18:30 INFO::Reading weights for chromosome 11
2022-04-18 18:18:30 INFO::Number of genes with weights provided: 14062
2022-04-18 18:18:30 INFO::Collecting gene weight information ...
2022-04-18 18:18:30 INFO::Flipping weights to match LD reference
2022-04-18 18:18:30 INFO::Harmonizing strand ambiguous weights using correlations with unambiguous variants
2022-04-18 18:26:07 INFO::Start gene z score imputation ...
2022-04-18 18:26:07 INFO::Using given LD matrices to impute gene z score.
2022-04-18 18:31:39 INFO::Imputation done, writing results to output...
2022-04-18 18:31:39 INFO::Imputation done: number of genes with imputed expression: 621 for chr 11
2022-04-18 18:31:40 INFO::Flipping z scores to match LD reference
2022-04-18 18:31:41 INFO::Reading weights for chromosome 12
2022-04-18 18:31:41 INFO::Number of genes with weights provided: 14062
2022-04-18 18:31:41 INFO::Collecting gene weight information ...
2022-04-18 18:31:41 INFO::Flipping weights to match LD reference
2022-04-18 18:31:41 INFO::Harmonizing strand ambiguous weights using correlations with unambiguous variants
2022-04-18 18:37:32 INFO::Start gene z score imputation ...
2022-04-18 18:37:32 INFO::Using given LD matrices to impute gene z score.
2022-04-18 18:43:39 INFO::Imputation done, writing results to output...
2022-04-18 18:43:39 INFO::Imputation done: number of genes with imputed expression: 577 for chr 12
2022-04-18 18:43:40 INFO::Flipping z scores to match LD reference
2022-04-18 18:43:41 INFO::Reading weights for chromosome 13
2022-04-18 18:43:41 INFO::Number of genes with weights provided: 14062
2022-04-18 18:43:41 INFO::Collecting gene weight information ...
2022-04-18 18:43:41 INFO::Flipping weights to match LD reference
2022-04-18 18:43:41 INFO::Harmonizing strand ambiguous weights using correlations with unambiguous variants
2022-04-18 18:45:54 INFO::Start gene z score imputation ...
2022-04-18 18:45:54 INFO::Using given LD matrices to impute gene z score.
2022-04-18 18:49:31 INFO::Imputation done, writing results to output...
2022-04-18 18:49:31 INFO::Imputation done: number of genes with imputed expression: 200 for chr 13
2022-04-18 18:49:31 INFO::Flipping z scores to match LD reference
2022-04-18 18:49:33 INFO::Reading weights for chromosome 14
2022-04-18 18:49:33 INFO::Number of genes with weights provided: 14062
2022-04-18 18:49:33 INFO::Collecting gene weight information ...
2022-04-18 18:49:33 INFO::Flipping weights to match LD reference
2022-04-18 18:49:33 INFO::Harmonizing strand ambiguous weights using correlations with unambiguous variants
2022-04-18 18:54:20 INFO::Start gene z score imputation ...
2022-04-18 18:54:20 INFO::Using given LD matrices to impute gene z score.
2022-04-18 18:57:29 INFO::Imputation done, writing results to output...
2022-04-18 18:57:30 INFO::Imputation done: number of genes with imputed expression: 337 for chr 14
2022-04-18 18:57:30 INFO::Flipping z scores to match LD reference
2022-04-18 18:57:31 INFO::Reading weights for chromosome 15
2022-04-18 18:57:31 INFO::Number of genes with weights provided: 14062
2022-04-18 18:57:31 INFO::Collecting gene weight information ...
2022-04-18 18:57:31 INFO::Flipping weights to match LD reference
2022-04-18 18:57:31 INFO::Harmonizing strand ambiguous weights using correlations with unambiguous variants
2022-04-18 19:01:40 INFO::Start gene z score imputation ...
2022-04-18 19:01:40 INFO::Using given LD matrices to impute gene z score.
2022-04-18 19:05:22 INFO::Imputation done, writing results to output...
2022-04-18 19:05:22 INFO::Imputation done: number of genes with imputed expression: 331 for chr 15
2022-04-18 19:05:22 INFO::Flipping z scores to match LD reference
2022-04-18 19:05:23 INFO::Reading weights for chromosome 16
2022-04-18 19:05:23 INFO::Number of genes with weights provided: 14062
2022-04-18 19:05:23 INFO::Collecting gene weight information ...
2022-04-18 19:05:23 INFO::Flipping weights to match LD reference
2022-04-18 19:05:23 INFO::Harmonizing strand ambiguous weights using correlations with unambiguous variants
2022-04-18 19:10:11 INFO::Start gene z score imputation ...
2022-04-18 19:10:11 INFO::Using given LD matrices to impute gene z score.
2022-04-18 19:13:01 INFO::Imputation done, writing results to output...
2022-04-18 19:13:01 INFO::Imputation done: number of genes with imputed expression: 411 for chr 16
2022-04-18 19:13:01 INFO::Flipping z scores to match LD reference
2022-04-18 19:13:02 INFO::Reading weights for chromosome 17
2022-04-18 19:13:02 INFO::Number of genes with weights provided: 14062
2022-04-18 19:13:02 INFO::Collecting gene weight information ...
2022-04-18 19:13:02 INFO::Flipping weights to match LD reference
2022-04-18 19:13:02 INFO::Harmonizing strand ambiguous weights using correlations with unambiguous variants
2022-04-18 19:20:48 INFO::Start gene z score imputation ...
2022-04-18 19:20:48 INFO::Using given LD matrices to impute gene z score.
2022-04-18 19:24:35 INFO::Imputation done, writing results to output...
2022-04-18 19:24:36 INFO::Imputation done: number of genes with imputed expression: 611 for chr 17
2022-04-18 19:24:36 INFO::Flipping z scores to match LD reference
2022-04-18 19:24:37 INFO::Reading weights for chromosome 18
2022-04-18 19:24:37 INFO::Number of genes with weights provided: 14062
2022-04-18 19:24:37 INFO::Collecting gene weight information ...
2022-04-18 19:24:37 INFO::Flipping weights to match LD reference
2022-04-18 19:24:37 INFO::Harmonizing strand ambiguous weights using correlations with unambiguous variants
2022-04-18 19:27:47 INFO::Start gene z score imputation ...
2022-04-18 19:27:47 INFO::Using given LD matrices to impute gene z score.
2022-04-18 19:30:43 INFO::Imputation done, writing results to output...
2022-04-18 19:30:44 INFO::Imputation done: number of genes with imputed expression: 164 for chr 18
2022-04-18 19:30:44 INFO::Flipping z scores to match LD reference
2022-04-18 19:30:45 INFO::Reading weights for chromosome 19
2022-04-18 19:30:45 INFO::Number of genes with weights provided: 14062
2022-04-18 19:30:45 INFO::Collecting gene weight information ...
2022-04-18 19:30:45 INFO::Flipping weights to match LD reference
2022-04-18 19:30:45 INFO::Harmonizing strand ambiguous weights using correlations with unambiguous variants
2022-04-18 19:42:25 INFO::Start gene z score imputation ...
2022-04-18 19:42:25 INFO::Using given LD matrices to impute gene z score.
2022-04-18 19:48:04 INFO::Imputation done, writing results to output...
2022-04-18 19:48:05 INFO::Imputation done: number of genes with imputed expression: 776 for chr 19
2022-04-18 19:48:05 INFO::Flipping z scores to match LD reference
2022-04-18 19:48:06 INFO::Reading weights for chromosome 20
2022-04-18 19:48:06 INFO::Number of genes with weights provided: 14062
2022-04-18 19:48:06 INFO::Collecting gene weight information ...
2022-04-18 19:48:06 INFO::Flipping weights to match LD reference
2022-04-18 19:48:06 INFO::Harmonizing strand ambiguous weights using correlations with unambiguous variants
2022-04-18 19:52:15 INFO::Start gene z score imputation ...
2022-04-18 19:52:15 INFO::Using given LD matrices to impute gene z score.
2022-04-18 19:55:26 INFO::Imputation done, writing results to output...
2022-04-18 19:55:26 INFO::Imputation done: number of genes with imputed expression: 316 for chr 20
2022-04-18 19:55:27 INFO::Flipping z scores to match LD reference
2022-04-18 19:55:28 INFO::Reading weights for chromosome 21
2022-04-18 19:55:28 INFO::Number of genes with weights provided: 14062
2022-04-18 19:55:28 INFO::Collecting gene weight information ...
2022-04-18 19:55:28 INFO::Flipping weights to match LD reference
2022-04-18 19:55:28 INFO::Harmonizing strand ambiguous weights using correlations with unambiguous variants
2022-04-18 19:57:12 INFO::Start gene z score imputation ...
2022-04-18 19:57:12 INFO::Using given LD matrices to impute gene z score.
2022-04-18 19:57:42 INFO::Imputation done, writing results to output...
2022-04-18 19:57:42 INFO::Imputation done: number of genes with imputed expression: 32 for chr 21
2022-04-18 19:57:43 INFO::Flipping z scores to match LD reference
2022-04-18 19:57:44 INFO::Reading weights for chromosome 22
2022-04-18 19:57:44 INFO::Number of genes with weights provided: 14062
2022-04-18 19:57:44 INFO::Collecting gene weight information ...
2022-04-18 19:57:44 INFO::Flipping weights to match LD reference
2022-04-18 19:57:44 INFO::Harmonizing strand ambiguous weights using correlations with unambiguous variants
2022-04-18 20:00:38 INFO::Start gene z score imputation ...
2022-04-18 20:00:38 INFO::Using given LD matrices to impute gene z score.
2022-04-18 20:02:16 INFO::Imputation done, writing results to output...
2022-04-18 20:02:16 INFO::Imputation done: number of genes with imputed expression: 250 for chr 22
2022-04-18 20:02:36 INFO::ctwas started ...
2022-04-18 20:02:58 INFO::LD region file: /home/shengqian/R/x86_64-pc-linux-gnu-library/3.6/ctwas/extdata/ldetect/EUR.b38.bed
2022-04-18 20:03:07 INFO::No. LD regions: 1700
2022-04-18 20:03:12 INFO::No. regions with at least one SNP/gene for chr1: 131
2022-04-18 20:03:12 INFO::Merge regions for chr1
2022-04-18 20:03:12 INFO::No. regions with at least one SNP/gene for chr1 after merging: 127
2022-04-18 20:03:18 INFO::No. regions with at least one SNP/gene for chr2: 143
2022-04-18 20:03:18 INFO::Merge regions for chr2
2022-04-18 20:03:18 INFO::No. regions with at least one SNP/gene for chr2 after merging: 141
2022-04-18 20:03:23 INFO::No. regions with at least one SNP/gene for chr3: 122
2022-04-18 20:03:23 INFO::Merge regions for chr3
2022-04-18 20:03:23 INFO::No. regions with at least one SNP/gene for chr3 after merging: 119
2022-04-18 20:03:28 INFO::No. regions with at least one SNP/gene for chr4: 122
2022-04-18 20:03:28 INFO::Merge regions for chr4
2022-04-18 20:03:28 INFO::No. regions with at least one SNP/gene for chr4 after merging: 120
2022-04-18 20:03:32 INFO::No. regions with at least one SNP/gene for chr5: 110
2022-04-18 20:03:32 INFO::Merge regions for chr5
2022-04-18 20:03:32 INFO::No. regions with at least one SNP/gene for chr5 after merging: 106
2022-04-18 20:03:37 INFO::No. regions with at least one SNP/gene for chr6: 112
2022-04-18 20:03:37 INFO::Merge regions for chr6
2022-04-18 20:03:37 INFO::No. regions with at least one SNP/gene for chr6 after merging: 111
2022-04-18 20:03:41 INFO::No. regions with at least one SNP/gene for chr7: 99
2022-04-18 20:03:41 INFO::Merge regions for chr7
2022-04-18 20:03:41 INFO::No. regions with at least one SNP/gene for chr7 after merging: 95
2022-04-18 20:03:44 INFO::No. regions with at least one SNP/gene for chr8: 92
2022-04-18 20:03:44 INFO::Merge regions for chr8
2022-04-18 20:03:44 INFO::No. regions with at least one SNP/gene for chr8 after merging: 92
2022-04-18 20:03:46 INFO::No. regions with at least one SNP/gene for chr9: 74
2022-04-18 20:03:46 INFO::Merge regions for chr9
2022-04-18 20:03:46 INFO::No. regions with at least one SNP/gene for chr9 after merging: 73
2022-04-18 20:03:50 INFO::No. regions with at least one SNP/gene for chr10: 85
2022-04-18 20:03:50 INFO::Merge regions for chr10
2022-04-18 20:03:50 INFO::No. regions with at least one SNP/gene for chr10 after merging: 84
2022-04-18 20:03:53 INFO::No. regions with at least one SNP/gene for chr11: 84
2022-04-18 20:03:53 INFO::Merge regions for chr11
2022-04-18 20:03:53 INFO::No. regions with at least one SNP/gene for chr11 after merging: 84
2022-04-18 20:03:55 INFO::No. regions with at least one SNP/gene for chr12: 82
2022-04-18 20:03:55 INFO::Merge regions for chr12
2022-04-18 20:03:55 INFO::No. regions with at least one SNP/gene for chr12 after merging: 80
2022-04-18 20:03:57 INFO::No. regions with at least one SNP/gene for chr13: 62
2022-04-18 20:03:57 INFO::Merge regions for chr13
2022-04-18 20:03:57 INFO::No. regions with at least one SNP/gene for chr13 after merging: 60
2022-04-18 20:03:59 INFO::No. regions with at least one SNP/gene for chr14: 56
2022-04-18 20:03:59 INFO::Merge regions for chr14
2022-04-18 20:03:59 INFO::No. regions with at least one SNP/gene for chr14 after merging: 56
2022-04-18 20:04:01 INFO::No. regions with at least one SNP/gene for chr15: 50
2022-04-18 20:04:01 INFO::Merge regions for chr15
2022-04-18 20:04:01 INFO::No. regions with at least one SNP/gene for chr15 after merging: 49
2022-04-18 20:04:02 INFO::No. regions with at least one SNP/gene for chr16: 50
2022-04-18 20:04:02 INFO::Merge regions for chr16
2022-04-18 20:04:02 INFO::No. regions with at least one SNP/gene for chr16 after merging: 50
2022-04-18 20:04:03 INFO::No. regions with at least one SNP/gene for chr17: 47
2022-04-18 20:04:03 INFO::Merge regions for chr17
2022-04-18 20:04:03 INFO::No. regions with at least one SNP/gene for chr17 after merging: 47
2022-04-18 20:04:05 INFO::No. regions with at least one SNP/gene for chr18: 47
2022-04-18 20:04:05 INFO::Merge regions for chr18
2022-04-18 20:04:05 INFO::No. regions with at least one SNP/gene for chr18 after merging: 47
2022-04-18 20:04:07 INFO::No. regions with at least one SNP/gene for chr19: 39
2022-04-18 20:04:07 INFO::Merge regions for chr19
2022-04-18 20:04:07 INFO::No. regions with at least one SNP/gene for chr19 after merging: 36
2022-04-18 20:04:08 INFO::No. regions with at least one SNP/gene for chr20: 38
2022-04-18 20:04:08 INFO::Merge regions for chr20
2022-04-18 20:04:08 INFO::No. regions with at least one SNP/gene for chr20 after merging: 37
2022-04-18 20:04:09 INFO::No. regions with at least one SNP/gene for chr21: 15
2022-04-18 20:04:09 INFO::Merge regions for chr21
2022-04-18 20:04:09 INFO::No. regions with at least one SNP/gene for chr21 after merging: 15
2022-04-18 20:04:10 INFO::No. regions with at least one SNP/gene for chr22: 24
2022-04-18 20:04:10 INFO::Merge regions for chr22
2022-04-18 20:04:10 INFO::No. regions with at least one SNP/gene for chr22 after merging: 24
2022-04-18 20:04:10 INFO::Trim regions with SNPs more than Inf
2022-04-18 20:04:10 INFO::Adding R matrix info, as genotype is not given
2022-04-18 20:04:10 INFO::Adding R matrix info for chrom 1
2022-04-18 20:15:22 INFO::Adding R matrix info for chrom 2
2022-04-18 20:26:16 INFO::Adding R matrix info for chrom 3
2022-04-18 20:34:57 INFO::Adding R matrix info for chrom 4
2022-04-18 20:43:47 INFO::Adding R matrix info for chrom 5
2022-04-18 20:51:42 INFO::Adding R matrix info for chrom 6
2022-04-18 21:00:22 INFO::Adding R matrix info for chrom 7
2022-04-18 21:08:21 INFO::Adding R matrix info for chrom 8
2022-04-18 21:15:01 INFO::Adding R matrix info for chrom 9
2022-04-18 21:20:33 INFO::Adding R matrix info for chrom 10
2022-04-18 21:27:01 INFO::Adding R matrix info for chrom 11
2022-04-18 21:34:03 INFO::Adding R matrix info for chrom 12
2022-04-18 21:40:59 INFO::Adding R matrix info for chrom 13
2022-04-18 21:45:38 INFO::Adding R matrix info for chrom 14
2022-04-18 21:49:44 INFO::Adding R matrix info for chrom 15
2022-04-18 21:53:37 INFO::Adding R matrix info for chrom 16
2022-04-18 21:57:04 INFO::Adding R matrix info for chrom 17
2022-04-18 22:01:07 INFO::Adding R matrix info for chrom 18
2022-04-18 22:04:19 INFO::Adding R matrix info for chrom 19
2022-04-18 22:10:23 INFO::Adding R matrix info for chrom 20
2022-04-18 22:13:44 INFO::Adding R matrix info for chrom 21
2022-04-18 22:14:34 INFO::Adding R matrix info for chrom 22
2022-04-18 22:16:23 INFO::Run susie iteratively, getting rough estimate ...
2022-04-18 22:16:23 INFO::run iteration 1
starting worker pid=27142 on localhost:11101 at 22:16:24.618
starting worker pid=27155 on localhost:11101 at 22:16:25.098
starting worker pid=27169 on localhost:11101 at 22:16:25.553
starting worker pid=27182 on localhost:11101 at 22:16:26.011
starting worker pid=27196 on localhost:11101 at 22:16:26.460
starting worker pid=27209 on localhost:11101 at 22:16:26.906
starting worker pid=27222 on localhost:11101 at 22:16:27.355
starting worker pid=27236 on localhost:11101 at 22:16:27.809
starting worker pid=27249 on localhost:11101 at 22:16:28.263
starting worker pid=27262 on localhost:11101 at 22:16:28.719
2022-04-18 22:24:22 INFO::After iteration 1, gene prior 0.00397295106866992:, SNP prior:0.00255658920156736
2022-04-18 22:24:22 INFO::run iteration 2
starting worker pid=28560 on localhost:11101 at 22:24:22.997
starting worker pid=28573 on localhost:11101 at 22:24:23.492
starting worker pid=28587 on localhost:11101 at 22:24:23.968
starting worker pid=28600 on localhost:11101 at 22:24:24.427
starting worker pid=28614 on localhost:11101 at 22:24:24.891
starting worker pid=28627 on localhost:11101 at 22:24:25.351
starting worker pid=28640 on localhost:11101 at 22:24:25.811
starting worker pid=28654 on localhost:11101 at 22:24:26.269
starting worker pid=28667 on localhost:11101 at 22:24:26.719
starting worker pid=28680 on localhost:11101 at 22:24:27.168
2022-04-18 22:32:13 INFO::After iteration 2, gene prior 0.00481314118965002:, SNP prior:0.00223511046372042
2022-04-18 22:32:13 INFO::run iteration 3
starting worker pid=29147 on localhost:11101 at 22:32:14.376
starting worker pid=29161 on localhost:11101 at 22:32:14.835
starting worker pid=29174 on localhost:11101 at 22:32:15.297
starting worker pid=29187 on localhost:11101 at 22:32:15.759
starting worker pid=29201 on localhost:11101 at 22:32:16.219
starting worker pid=29214 on localhost:11101 at 22:32:16.672
starting worker pid=29227 on localhost:11101 at 22:32:17.120
starting worker pid=29253 on localhost:11101 at 22:32:17.571
starting worker pid=29268 on localhost:11101 at 22:32:18.020
starting worker pid=29282 on localhost:11101 at 22:32:18.467
2022-04-18 22:40:04 INFO::After iteration 3, gene prior 0.00588257799468677:, SNP prior:0.002128857944359
2022-04-18 22:40:04 INFO::Blocks are filtered: 842 blocks left
2022-04-18 22:40:04 INFO::Run susie iteratively, getting accurate estimate ...
2022-04-18 22:40:04 INFO::run iteration 1
starting worker pid=29816 on localhost:11101 at 22:40:04.893
starting worker pid=29829 on localhost:11101 at 22:40:05.396
starting worker pid=29842 on localhost:11101 at 22:40:05.878
starting worker pid=29856 on localhost:11101 at 22:40:06.337
starting worker pid=29869 on localhost:11101 at 22:40:06.789
starting worker pid=29883 on localhost:11101 at 22:40:07.239
starting worker pid=29896 on localhost:11101 at 22:40:07.687
starting worker pid=29909 on localhost:11101 at 22:40:08.141
starting worker pid=29923 on localhost:11101 at 22:40:08.586
starting worker pid=29936 on localhost:11101 at 22:40:09.041
2022-04-18 22:44:46 INFO::After iteration 1, gene prior 0.00787146774302644:, SNP prior:0.00252635603029718
2022-04-18 22:44:46 INFO::run iteration 2
starting worker pid=30253 on localhost:11101 at 22:44:47.341
starting worker pid=30266 on localhost:11101 at 22:44:47.821
starting worker pid=30279 on localhost:11101 at 22:44:48.292
starting worker pid=30293 on localhost:11101 at 22:44:48.750
starting worker pid=30306 on localhost:11101 at 22:44:49.199
starting worker pid=30320 on localhost:11101 at 22:44:49.652
starting worker pid=30333 on localhost:11101 at 22:44:50.106
starting worker pid=30346 on localhost:11101 at 22:44:50.558
starting worker pid=30360 on localhost:11101 at 22:44:51.009
starting worker pid=30373 on localhost:11101 at 22:44:51.463
2022-04-18 22:49:30 INFO::After iteration 2, gene prior 0.00945998828688343:, SNP prior:0.00279223182044977
2022-04-18 22:49:31 INFO::run iteration 3
starting worker pid=31439 on localhost:11101 at 22:49:31.658
starting worker pid=31452 on localhost:11101 at 22:49:32.121
starting worker pid=31466 on localhost:11101 at 22:49:32.579
starting worker pid=31479 on localhost:11101 at 22:49:33.038
starting worker pid=31493 on localhost:11101 at 22:49:33.491
starting worker pid=31506 on localhost:11101 at 22:49:33.938
starting worker pid=31519 on localhost:11101 at 22:49:34.389
starting worker pid=31559 on localhost:11101 at 22:49:34.841
starting worker pid=31572 on localhost:11101 at 22:49:35.289
starting worker pid=31585 on localhost:11101 at 22:49:35.738
2022-04-18 22:54:10 INFO::After iteration 3, gene prior 0.0106353212712614:, SNP prior:0.00295671688300913
2022-04-18 22:54:10 INFO::run iteration 4
starting worker pid=31899 on localhost:11101 at 22:54:11.383
starting worker pid=31912 on localhost:11101 at 22:54:11.845
starting worker pid=31926 on localhost:11101 at 22:54:12.318
starting worker pid=31939 on localhost:11101 at 22:54:12.788
starting worker pid=31952 on localhost:11101 at 22:54:13.241
starting worker pid=31966 on localhost:11101 at 22:54:13.700
starting worker pid=31979 on localhost:11101 at 22:54:14.149
starting worker pid=31993 on localhost:11101 at 22:54:14.601
starting worker pid=32007 on localhost:11101 at 22:54:15.049
starting worker pid=32020 on localhost:11101 at 22:54:15.498
2022-04-18 22:58:53 INFO::After iteration 4, gene prior 0.0114160920206735:, SNP prior:0.00303433087459595
2022-04-18 22:58:53 INFO::run iteration 5
starting worker pid=32334 on localhost:11101 at 22:58:54.423
starting worker pid=32348 on localhost:11101 at 22:58:54.877
starting worker pid=32361 on localhost:11101 at 22:58:55.330
starting worker pid=32375 on localhost:11101 at 22:58:55.779
starting worker pid=32388 on localhost:11101 at 22:58:56.231
starting worker pid=32401 on localhost:11101 at 22:58:56.687
starting worker pid=32415 on localhost:11101 at 22:58:57.110
starting worker pid=32428 on localhost:11101 at 22:58:57.591
starting worker pid=32441 on localhost:11101 at 22:58:58.069
starting worker pid=32455 on localhost:11101 at 22:58:58.529
2022-04-18 23:03:36 INFO::After iteration 5, gene prior 0.0119382411689473:, SNP prior:0.00306506106568528
2022-04-18 23:03:36 INFO::run iteration 6
starting worker pid=32770 on localhost:11101 at 23:03:36.986
starting worker pid=32783 on localhost:11101 at 23:03:37.448
starting worker pid=32798 on localhost:11101 at 23:03:37.911
starting worker pid=32811 on localhost:11101 at 23:03:38.381
starting worker pid=32824 on localhost:11101 at 23:03:38.831
starting worker pid=32838 on localhost:11101 at 23:03:39.281
starting worker pid=32851 on localhost:11101 at 23:03:39.727
starting worker pid=32864 on localhost:11101 at 23:03:40.182
starting worker pid=32878 on localhost:11101 at 23:03:40.633
starting worker pid=32891 on localhost:11101 at 23:03:41.091
2022-04-18 23:08:17 INFO::After iteration 6, gene prior 0.0123033948766216:, SNP prior:0.00307479005439281
2022-04-18 23:08:17 INFO::run iteration 7
starting worker pid=33207 on localhost:11101 at 23:08:18.376
starting worker pid=33220 on localhost:11101 at 23:08:18.861
starting worker pid=33234 on localhost:11101 at 23:08:19.328
starting worker pid=33247 on localhost:11101 at 23:08:19.788
starting worker pid=33260 on localhost:11101 at 23:08:20.241
starting worker pid=33274 on localhost:11101 at 23:08:20.694
starting worker pid=33287 on localhost:11101 at 23:08:21.149
starting worker pid=33300 on localhost:11101 at 23:08:21.599
starting worker pid=33314 on localhost:11101 at 23:08:22.049
starting worker pid=33327 on localhost:11101 at 23:08:22.499
2022-04-18 23:13:01 INFO::After iteration 7, gene prior 0.0125732140340007:, SNP prior:0.00307640877367391
2022-04-18 23:13:01 INFO::run iteration 8
starting worker pid=33644 on localhost:11101 at 23:13:02.260
starting worker pid=33657 on localhost:11101 at 23:13:02.750
starting worker pid=33671 on localhost:11101 at 23:13:03.218
starting worker pid=33684 on localhost:11101 at 23:13:03.678
starting worker pid=33698 on localhost:11101 at 23:13:04.138
starting worker pid=33711 on localhost:11101 at 23:13:04.598
starting worker pid=33724 on localhost:11101 at 23:13:05.060
starting worker pid=33738 on localhost:11101 at 23:13:05.517
starting worker pid=33751 on localhost:11101 at 23:13:05.978
starting worker pid=33764 on localhost:11101 at 23:13:06.437
2022-04-18 23:17:44 INFO::After iteration 8, gene prior 0.0127798483823408:, SNP prior:0.00307520648776214
2022-04-18 23:17:44 INFO::run iteration 9
starting worker pid=34595 on localhost:11101 at 23:17:45.079
starting worker pid=34609 on localhost:11101 at 23:17:45.544
starting worker pid=34622 on localhost:11101 at 23:17:46.020
starting worker pid=34636 on localhost:11101 at 23:17:46.498
starting worker pid=34649 on localhost:11101 at 23:17:46.970
starting worker pid=34662 on localhost:11101 at 23:17:47.432
starting worker pid=34676 on localhost:11101 at 23:17:47.901
starting worker pid=34689 on localhost:11101 at 23:17:48.359
starting worker pid=34704 on localhost:11101 at 23:17:48.832
starting worker pid=34717 on localhost:11101 at 23:17:49.318
2022-04-18 23:22:29 INFO::After iteration 9, gene prior 0.0129413435829581:, SNP prior:0.00307324404727523
2022-04-18 23:22:29 INFO::run iteration 10
starting worker pid=35193 on localhost:11101 at 23:22:29.719
starting worker pid=35207 on localhost:11101 at 23:22:30.227
starting worker pid=35220 on localhost:11101 at 23:22:30.713
starting worker pid=35234 on localhost:11101 at 23:22:31.189
starting worker pid=35248 on localhost:11101 at 23:22:31.669
starting worker pid=35262 on localhost:11101 at 23:22:32.131
starting worker pid=35275 on localhost:11101 at 23:22:32.602
starting worker pid=35288 on localhost:11101 at 23:22:33.070
starting worker pid=35302 on localhost:11101 at 23:22:33.541
starting worker pid=35315 on localhost:11101 at 23:22:34.010
2022-04-18 23:27:12 INFO::After iteration 10, gene prior 0.0130688647278066:, SNP prior:0.00307127581076341
2022-04-18 23:27:12 INFO::run iteration 11
starting worker pid=35632 on localhost:11101 at 23:27:13.375
starting worker pid=35645 on localhost:11101 at 23:27:13.866
starting worker pid=35659 on localhost:11101 at 23:27:14.359
starting worker pid=35672 on localhost:11101 at 23:27:14.838
starting worker pid=35685 on localhost:11101 at 23:27:15.309
starting worker pid=35699 on localhost:11101 at 23:27:15.778
starting worker pid=35712 on localhost:11101 at 23:27:16.248
starting worker pid=35726 on localhost:11101 at 23:27:16.718
starting worker pid=35739 on localhost:11101 at 23:27:17.189
starting worker pid=35752 on localhost:11101 at 23:27:17.670
2022-04-18 23:31:55 INFO::After iteration 11, gene prior 0.0131700352196916:, SNP prior:0.00306954478204639
2022-04-18 23:31:56 INFO::run iteration 12
starting worker pid=36068 on localhost:11101 at 23:31:56.594
starting worker pid=36081 on localhost:11101 at 23:31:57.079
starting worker pid=36094 on localhost:11101 at 23:31:57.559
starting worker pid=36108 on localhost:11101 at 23:31:58.030
starting worker pid=36132 on localhost:11101 at 23:31:58.508
starting worker pid=36154 on localhost:11101 at 23:31:58.988
starting worker pid=36185 on localhost:11101 at 23:31:59.468
starting worker pid=36198 on localhost:11101 at 23:31:59.948
starting worker pid=36212 on localhost:11101 at 23:32:00.420
starting worker pid=36225 on localhost:11101 at 23:32:00.898
2022-04-18 23:36:38 INFO::After iteration 12, gene prior 0.0132504437173048:, SNP prior:0.00306810052309433
2022-04-18 23:36:38 INFO::run iteration 13
starting worker pid=36563 on localhost:11101 at 23:36:38.999
starting worker pid=36576 on localhost:11101 at 23:36:39.510
starting worker pid=36589 on localhost:11101 at 23:36:40.010
starting worker pid=36603 on localhost:11101 at 23:36:40.493
starting worker pid=36616 on localhost:11101 at 23:36:40.977
starting worker pid=36630 on localhost:11101 at 23:36:41.462
starting worker pid=36643 on localhost:11101 at 23:36:41.940
starting worker pid=36656 on localhost:11101 at 23:36:42.418
starting worker pid=36670 on localhost:11101 at 23:36:42.897
starting worker pid=36683 on localhost:11101 at 23:36:43.380
2022-04-18 23:41:21 INFO::After iteration 13, gene prior 0.0133143430251204:, SNP prior:0.0030669242221649
2022-04-18 23:41:21 INFO::run iteration 14
starting worker pid=36998 on localhost:11101 at 23:41:22.409
starting worker pid=37011 on localhost:11101 at 23:41:22.898
starting worker pid=37024 on localhost:11101 at 23:41:23.380
starting worker pid=37038 on localhost:11101 at 23:41:23.862
starting worker pid=37052 on localhost:11101 at 23:41:24.344
starting worker pid=37065 on localhost:11101 at 23:41:24.830
starting worker pid=37079 on localhost:11101 at 23:41:25.315
starting worker pid=37092 on localhost:11101 at 23:41:25.801
starting worker pid=37106 on localhost:11101 at 23:41:26.279
starting worker pid=37119 on localhost:11101 at 23:41:26.758
2022-04-18 23:46:03 INFO::After iteration 14, gene prior 0.0133651170419478:, SNP prior:0.00306597743428078
2022-04-18 23:46:03 INFO::run iteration 15
starting worker pid=37545 on localhost:11101 at 23:46:04.446
starting worker pid=37559 on localhost:11101 at 23:46:04.948
starting worker pid=37572 on localhost:11101 at 23:46:05.446
starting worker pid=37586 on localhost:11101 at 23:46:05.940
starting worker pid=37599 on localhost:11101 at 23:46:06.419
starting worker pid=37613 on localhost:11101 at 23:46:06.899
starting worker pid=37627 on localhost:11101 at 23:46:07.378
starting worker pid=37640 on localhost:11101 at 23:46:07.861
starting worker pid=37654 on localhost:11101 at 23:46:08.339
starting worker pid=37667 on localhost:11101 at 23:46:08.822
2022-04-18 23:50:46 INFO::After iteration 15, gene prior 0.0134054474306426:, SNP prior:0.00306521997207798
2022-04-18 23:50:46 INFO::run iteration 16
starting worker pid=38708 on localhost:11101 at 23:50:47.425
starting worker pid=38722 on localhost:11101 at 23:50:47.922
starting worker pid=38735 on localhost:11101 at 23:50:48.416
starting worker pid=38748 on localhost:11101 at 23:50:48.911
starting worker pid=38762 on localhost:11101 at 23:50:49.388
starting worker pid=38775 on localhost:11101 at 23:50:49.867
starting worker pid=38788 on localhost:11101 at 23:50:50.348
starting worker pid=38802 on localhost:11101 at 23:50:50.826
starting worker pid=38815 on localhost:11101 at 23:50:51.312
starting worker pid=38829 on localhost:11101 at 23:50:51.789
2022-04-18 23:55:27 INFO::After iteration 16, gene prior 0.0134374692112156:, SNP prior:0.00306461634278463
2022-04-18 23:55:27 INFO::run iteration 17
starting worker pid=39142 on localhost:11101 at 23:55:28.078
starting worker pid=39155 on localhost:11101 at 23:55:28.544
starting worker pid=39168 on localhost:11101 at 23:55:29.042
starting worker pid=39182 on localhost:11101 at 23:55:29.544
starting worker pid=39195 on localhost:11101 at 23:55:30.033
starting worker pid=39209 on localhost:11101 at 23:55:30.521
starting worker pid=39222 on localhost:11101 at 23:55:30.999
starting worker pid=39235 on localhost:11101 at 23:55:31.478
starting worker pid=39249 on localhost:11101 at 23:55:31.959
starting worker pid=39262 on localhost:11101 at 23:55:32.437
2022-04-19 00:00:09 INFO::After iteration 17, gene prior 0.0134628483481555:, SNP prior:0.00306413405470829
2022-04-19 00:00:09 INFO::run iteration 18
starting worker pid=39578 on localhost:11101 at 00:00:10.266
starting worker pid=39591 on localhost:11101 at 00:00:10.767
starting worker pid=39604 on localhost:11101 at 00:00:11.264
starting worker pid=39618 on localhost:11101 at 00:00:11.757
starting worker pid=39631 on localhost:11101 at 00:00:12.241
starting worker pid=39645 on localhost:11101 at 00:00:12.720
starting worker pid=39658 on localhost:11101 at 00:00:13.197
starting worker pid=39671 on localhost:11101 at 00:00:13.677
starting worker pid=39685 on localhost:11101 at 00:00:14.159
starting worker pid=39698 on localhost:11101 at 00:00:14.637
2022-04-19 00:04:52 INFO::After iteration 18, gene prior 0.0134829552496562:, SNP prior:0.00306375002822245
2022-04-19 00:04:52 INFO::run iteration 19
starting worker pid=40014 on localhost:11101 at 00:04:53.358
starting worker pid=40028 on localhost:11101 at 00:04:53.841
starting worker pid=40041 on localhost:11101 at 00:04:54.339
starting worker pid=40055 on localhost:11101 at 00:04:54.820
starting worker pid=40068 on localhost:11101 at 00:04:55.298
starting worker pid=40081 on localhost:11101 at 00:04:55.780
starting worker pid=40095 on localhost:11101 at 00:04:56.259
starting worker pid=40108 on localhost:11101 at 00:04:56.739
starting worker pid=40122 on localhost:11101 at 00:04:57.217
starting worker pid=40135 on localhost:11101 at 00:04:57.703
2022-04-19 00:09:34 INFO::After iteration 19, gene prior 0.0134988824672715:, SNP prior:0.00306344505357679
2022-04-19 00:09:34 INFO::run iteration 20
starting worker pid=40450 on localhost:11101 at 00:09:35.234
starting worker pid=40464 on localhost:11101 at 00:09:35.759
starting worker pid=40477 on localhost:11101 at 00:09:36.279
starting worker pid=40491 on localhost:11101 at 00:09:36.783
starting worker pid=40504 on localhost:11101 at 00:09:37.267
starting worker pid=40518 on localhost:11101 at 00:09:37.751
starting worker pid=40532 on localhost:11101 at 00:09:38.228
starting worker pid=40545 on localhost:11101 at 00:09:38.710
starting worker pid=40559 on localhost:11101 at 00:09:39.189
starting worker pid=40572 on localhost:11101 at 00:09:39.669
2022-04-19 00:14:18 INFO::After iteration 20, gene prior 0.0135114964790136:, SNP prior:0.00306320320150484
2022-04-19 00:14:18 INFO::run iteration 21
starting worker pid=40889 on localhost:11101 at 00:14:18.974
starting worker pid=40902 on localhost:11101 at 00:14:19.475
starting worker pid=40915 on localhost:11101 at 00:14:19.971
starting worker pid=40929 on localhost:11101 at 00:14:20.470
starting worker pid=40942 on localhost:11101 at 00:14:20.948
starting worker pid=40956 on localhost:11101 at 00:14:21.442
starting worker pid=40969 on localhost:11101 at 00:14:21.930
starting worker pid=40982 on localhost:11101 at 00:14:22.410
starting worker pid=40996 on localhost:11101 at 00:14:22.888
starting worker pid=41009 on localhost:11101 at 00:14:23.368
2022-04-19 00:19:01 INFO::After iteration 21, gene prior 0.0135214847585008:, SNP prior:0.00306301155988429
2022-04-19 00:19:01 INFO::run iteration 22
starting worker pid=41881 on localhost:11101 at 00:19:01.931
starting worker pid=41894 on localhost:11101 at 00:19:02.448
starting worker pid=41908 on localhost:11101 at 00:19:02.952
starting worker pid=41921 on localhost:11101 at 00:19:03.429
starting worker pid=41935 on localhost:11101 at 00:19:03.910
starting worker pid=41948 on localhost:11101 at 00:19:04.391
starting worker pid=41961 on localhost:11101 at 00:19:04.868
starting worker pid=41975 on localhost:11101 at 00:19:05.350
starting worker pid=41988 on localhost:11101 at 00:19:05.830
starting worker pid=42001 on localhost:11101 at 00:19:06.314
2022-04-19 00:23:44 INFO::After iteration 22, gene prior 0.0135293926801575:, SNP prior:0.00306285977600947
2022-04-19 00:23:44 INFO::run iteration 23
starting worker pid=42487 on localhost:11101 at 00:23:45.198
starting worker pid=42500 on localhost:11101 at 00:23:45.688
starting worker pid=42513 on localhost:11101 at 00:23:46.187
starting worker pid=42527 on localhost:11101 at 00:23:46.687
starting worker pid=42540 on localhost:11101 at 00:23:47.177
starting worker pid=42554 on localhost:11101 at 00:23:47.675
starting worker pid=42567 on localhost:11101 at 00:23:48.178
starting worker pid=42580 on localhost:11101 at 00:23:48.659
starting worker pid=42594 on localhost:11101 at 00:23:49.144
starting worker pid=42607 on localhost:11101 at 00:23:49.627
2022-04-19 00:28:28 INFO::After iteration 23, gene prior 0.0135356527480548:, SNP prior:0.00306273959539574
2022-04-19 00:28:29 INFO::run iteration 24
starting worker pid=42924 on localhost:11101 at 00:28:29.514
starting worker pid=42938 on localhost:11101 at 00:28:29.983
starting worker pid=42952 on localhost:11101 at 00:28:30.462
starting worker pid=42966 on localhost:11101 at 00:28:30.940
starting worker pid=42979 on localhost:11101 at 00:28:31.418
starting worker pid=42992 on localhost:11101 at 00:28:31.918
starting worker pid=43006 on localhost:11101 at 00:28:32.397
starting worker pid=43019 on localhost:11101 at 00:28:32.882
starting worker pid=43032 on localhost:11101 at 00:28:33.361
starting worker pid=43046 on localhost:11101 at 00:28:33.842
2022-04-19 00:33:12 INFO::After iteration 24, gene prior 0.0135406078286089:, SNP prior:0.00306264445609079
2022-04-19 00:33:12 INFO::run iteration 25
starting worker pid=43364 on localhost:11101 at 00:33:13.006
starting worker pid=43378 on localhost:11101 at 00:33:13.485
starting worker pid=43391 on localhost:11101 at 00:33:13.978
starting worker pid=43405 on localhost:11101 at 00:33:14.479
starting worker pid=43418 on localhost:11101 at 00:33:14.959
starting worker pid=43431 on localhost:11101 at 00:33:15.439
starting worker pid=43445 on localhost:11101 at 00:33:15.920
starting worker pid=43458 on localhost:11101 at 00:33:16.399
starting worker pid=43472 on localhost:11101 at 00:33:16.890
starting worker pid=43485 on localhost:11101 at 00:33:17.369
2022-04-19 00:37:56 INFO::After iteration 25, gene prior 0.0135445296337578:, SNP prior:0.00306256915030519
2022-04-19 00:37:56 INFO::run iteration 26
starting worker pid=43801 on localhost:11101 at 00:37:56.631
starting worker pid=43814 on localhost:11101 at 00:37:57.124
starting worker pid=43827 on localhost:11101 at 00:37:57.641
starting worker pid=43841 on localhost:11101 at 00:37:58.127
starting worker pid=43854 on localhost:11101 at 00:37:58.612
starting worker pid=43867 on localhost:11101 at 00:37:59.091
starting worker pid=43881 on localhost:11101 at 00:37:59.568
starting worker pid=43894 on localhost:11101 at 00:38:00.048
starting worker pid=43908 on localhost:11101 at 00:38:00.528
starting worker pid=43921 on localhost:11101 at 00:38:01.010
2022-04-19 00:42:39 INFO::After iteration 26, gene prior 0.0135476334223031:, SNP prior:0.00306250954899381
2022-04-19 00:42:39 INFO::run iteration 27
starting worker pid=44170 on localhost:11101 at 00:42:39.934
starting worker pid=44184 on localhost:11101 at 00:42:40.434
starting worker pid=44197 on localhost:11101 at 00:42:40.953
starting worker pid=44210 on localhost:11101 at 00:42:41.449
starting worker pid=44224 on localhost:11101 at 00:42:41.931
starting worker pid=44237 on localhost:11101 at 00:42:42.424
starting worker pid=44251 on localhost:11101 at 00:42:42.907
starting worker pid=44264 on localhost:11101 at 00:42:43.393
starting worker pid=44306 on localhost:11101 at 00:42:43.880
starting worker pid=44358 on localhost:11101 at 00:42:44.361
2022-04-19 00:47:23 INFO::After iteration 27, gene prior 0.0135500896857864:, SNP prior:0.00306246238037967
2022-04-19 00:47:23 INFO::run iteration 28
starting worker pid=45126 on localhost:11101 at 00:47:23.987
starting worker pid=45139 on localhost:11101 at 00:47:24.484
starting worker pid=45153 on localhost:11101 at 00:47:24.991
starting worker pid=45167 on localhost:11101 at 00:47:25.469
starting worker pid=45180 on localhost:11101 at 00:47:25.950
starting worker pid=45194 on localhost:11101 at 00:47:26.431
starting worker pid=45207 on localhost:11101 at 00:47:26.907
starting worker pid=45220 on localhost:11101 at 00:47:27.401
starting worker pid=45234 on localhost:11101 at 00:47:27.881
starting worker pid=45247 on localhost:11101 at 00:47:28.360
2022-04-19 00:52:06 INFO::After iteration 28, gene prior 0.0135520334306093:, SNP prior:0.00306242505298777
2022-04-19 00:52:06 INFO::run iteration 29
starting worker pid=45789 on localhost:11101 at 00:52:07.489
starting worker pid=45803 on localhost:11101 at 00:52:07.990
starting worker pid=45816 on localhost:11101 at 00:52:08.489
starting worker pid=45830 on localhost:11101 at 00:52:08.982
starting worker pid=45843 on localhost:11101 at 00:52:09.468
starting worker pid=45857 on localhost:11101 at 00:52:09.950
starting worker pid=45870 on localhost:11101 at 00:52:10.433
starting worker pid=45883 on localhost:11101 at 00:52:10.919
starting worker pid=45897 on localhost:11101 at 00:52:11.398
starting worker pid=45910 on localhost:11101 at 00:52:11.882
2022-04-19 00:56:49 INFO::After iteration 29, gene prior 0.0135535715457109:, SNP prior:0.00306239551474103
2022-04-19 00:56:49 INFO::run iteration 30
starting worker pid=46227 on localhost:11101 at 00:56:50.127
starting worker pid=46240 on localhost:11101 at 00:56:50.603
starting worker pid=46253 on localhost:11101 at 00:56:51.098
starting worker pid=46267 on localhost:11101 at 00:56:51.588
starting worker pid=46280 on localhost:11101 at 00:56:52.068
starting worker pid=46294 on localhost:11101 at 00:56:52.551
starting worker pid=46307 on localhost:11101 at 00:56:53.038
starting worker pid=46320 on localhost:11101 at 00:56:53.522
starting worker pid=46334 on localhost:11101 at 00:56:53.999
starting worker pid=46347 on localhost:11101 at 00:56:54.481
2022-04-19 01:01:31 INFO::After iteration 30, gene prior 0.0135547886470962:, SNP prior:0.00306237214099917
2022-04-19 01:01:31 INFO::Run susie for all regions.
2022-04-19 01:01:31 INFO::run iteration 1
starting worker pid=46660 on localhost:11101 at 01:01:32.049
starting worker pid=46675 on localhost:11101 at 01:01:32.519
starting worker pid=46688 on localhost:11101 at 01:01:32.995
starting worker pid=46703 on localhost:11101 at 01:01:33.490
starting worker pid=46716 on localhost:11101 at 01:01:33.970
starting worker pid=46729 on localhost:11101 at 01:01:34.449
starting worker pid=46743 on localhost:11101 at 01:01:34.927
starting worker pid=46756 on localhost:11101 at 01:01:35.407
starting worker pid=46770 on localhost:11101 at 01:01:35.892
starting worker pid=46783 on localhost:11101 at 01:01:36.376
2022-04-19 01:09:32 INFO::After iteration 1, gene prior 0.0438834443251912:, SNP prior:0.0107954695955467
2022-04-19 01:09:32 INFO::No. LD regions: 1700
2022-04-19 01:09:38 INFO::No. regions with at least one SNP/gene for chr1: 131
2022-04-19 01:09:38 INFO::Merge regions for chr1
2022-04-19 01:09:38 INFO::No. regions with at least one SNP/gene for chr1 after merging: 127
2022-04-19 01:09:45 INFO::No. regions with at least one SNP/gene for chr2: 143
2022-04-19 01:09:45 INFO::Merge regions for chr2
2022-04-19 01:09:45 INFO::No. regions with at least one SNP/gene for chr2 after merging: 141
2022-04-19 01:09:50 INFO::No. regions with at least one SNP/gene for chr3: 122
2022-04-19 01:09:50 INFO::Merge regions for chr3
2022-04-19 01:09:50 INFO::No. regions with at least one SNP/gene for chr3 after merging: 119
2022-04-19 01:09:56 INFO::No. regions with at least one SNP/gene for chr4: 122
2022-04-19 01:09:56 INFO::Merge regions for chr4
2022-04-19 01:09:56 INFO::No. regions with at least one SNP/gene for chr4 after merging: 120
2022-04-19 01:10:00 INFO::No. regions with at least one SNP/gene for chr5: 110
2022-04-19 01:10:00 INFO::Merge regions for chr5
2022-04-19 01:10:00 INFO::No. regions with at least one SNP/gene for chr5 after merging: 106
2022-04-19 01:10:05 INFO::No. regions with at least one SNP/gene for chr6: 112
2022-04-19 01:10:05 INFO::Merge regions for chr6
2022-04-19 01:10:05 INFO::No. regions with at least one SNP/gene for chr6 after merging: 111
2022-04-19 01:10:09 INFO::No. regions with at least one SNP/gene for chr7: 99
2022-04-19 01:10:09 INFO::Merge regions for chr7
2022-04-19 01:10:09 INFO::No. regions with at least one SNP/gene for chr7 after merging: 95
2022-04-19 01:10:13 INFO::No. regions with at least one SNP/gene for chr8: 92
2022-04-19 01:10:13 INFO::Merge regions for chr8
2022-04-19 01:10:13 INFO::No. regions with at least one SNP/gene for chr8 after merging: 92
2022-04-19 01:10:16 INFO::No. regions with at least one SNP/gene for chr9: 74
2022-04-19 01:10:16 INFO::Merge regions for chr9
2022-04-19 01:10:16 INFO::No. regions with at least one SNP/gene for chr9 after merging: 73
2022-04-19 01:10:19 INFO::No. regions with at least one SNP/gene for chr10: 85
2022-04-19 01:10:19 INFO::Merge regions for chr10
2022-04-19 01:10:19 INFO::No. regions with at least one SNP/gene for chr10 after merging: 84
2022-04-19 01:10:22 INFO::No. regions with at least one SNP/gene for chr11: 84
2022-04-19 01:10:22 INFO::Merge regions for chr11
2022-04-19 01:10:22 INFO::No. regions with at least one SNP/gene for chr11 after merging: 84
2022-04-19 01:10:26 INFO::No. regions with at least one SNP/gene for chr12: 82
2022-04-19 01:10:26 INFO::Merge regions for chr12
2022-04-19 01:10:26 INFO::No. regions with at least one SNP/gene for chr12 after merging: 80
2022-04-19 01:10:28 INFO::No. regions with at least one SNP/gene for chr13: 62
2022-04-19 01:10:28 INFO::Merge regions for chr13
2022-04-19 01:10:28 INFO::No. regions with at least one SNP/gene for chr13 after merging: 60
2022-04-19 01:10:30 INFO::No. regions with at least one SNP/gene for chr14: 56
2022-04-19 01:10:30 INFO::Merge regions for chr14
2022-04-19 01:10:30 INFO::No. regions with at least one SNP/gene for chr14 after merging: 56
2022-04-19 01:10:32 INFO::No. regions with at least one SNP/gene for chr15: 50
2022-04-19 01:10:32 INFO::Merge regions for chr15
2022-04-19 01:10:32 INFO::No. regions with at least one SNP/gene for chr15 after merging: 49
2022-04-19 01:10:34 INFO::No. regions with at least one SNP/gene for chr16: 50
2022-04-19 01:10:34 INFO::Merge regions for chr16
2022-04-19 01:10:34 INFO::No. regions with at least one SNP/gene for chr16 after merging: 50
2022-04-19 01:10:36 INFO::No. regions with at least one SNP/gene for chr17: 47
2022-04-19 01:10:36 INFO::Merge regions for chr17
2022-04-19 01:10:36 INFO::No. regions with at least one SNP/gene for chr17 after merging: 47
2022-04-19 01:10:38 INFO::No. regions with at least one SNP/gene for chr18: 47
2022-04-19 01:10:38 INFO::Merge regions for chr18
2022-04-19 01:10:38 INFO::No. regions with at least one SNP/gene for chr18 after merging: 47
2022-04-19 01:10:40 INFO::No. regions with at least one SNP/gene for chr19: 39
2022-04-19 01:10:40 INFO::Merge regions for chr19
2022-04-19 01:10:40 INFO::No. regions with at least one SNP/gene for chr19 after merging: 36
2022-04-19 01:10:41 INFO::No. regions with at least one SNP/gene for chr20: 38
2022-04-19 01:10:41 INFO::Merge regions for chr20
2022-04-19 01:10:41 INFO::No. regions with at least one SNP/gene for chr20 after merging: 37
2022-04-19 01:10:42 INFO::No. regions with at least one SNP/gene for chr21: 15
2022-04-19 01:10:42 INFO::Merge regions for chr21
2022-04-19 01:10:42 INFO::No. regions with at least one SNP/gene for chr21 after merging: 15
2022-04-19 01:10:43 INFO::No. regions with at least one SNP/gene for chr22: 24
2022-04-19 01:10:43 INFO::Merge regions for chr22
2022-04-19 01:10:43 INFO::No. regions with at least one SNP/gene for chr22 after merging: 24
2022-04-19 01:10:43 INFO::Trim regions with SNPs more than 20000
2022-04-19 01:10:43 INFO::Adding R matrix info, as genotype is not given
2022-04-19 01:10:44 INFO::Adding R matrix info for chrom 1
2022-04-19 01:22:09 INFO::Adding R matrix info for chrom 2
2022-04-19 01:33:09 INFO::Adding R matrix info for chrom 3
2022-04-19 01:41:37 INFO::Adding R matrix info for chrom 4
2022-04-19 01:50:39 INFO::Adding R matrix info for chrom 5
2022-04-19 01:59:21 INFO::Adding R matrix info for chrom 6
2022-04-19 02:08:15 INFO::Adding R matrix info for chrom 7
2022-04-19 02:16:27 INFO::Adding R matrix info for chrom 8
2022-04-19 02:22:46 INFO::Adding R matrix info for chrom 9
2022-04-19 02:28:27 INFO::Adding R matrix info for chrom 10
2022-04-19 02:35:23 INFO::Adding R matrix info for chrom 11
2022-04-19 02:42:33 INFO::Adding R matrix info for chrom 12
2022-04-19 02:49:44 INFO::Adding R matrix info for chrom 13
2022-04-19 02:54:12 INFO::Adding R matrix info for chrom 14
2022-04-19 02:58:23 INFO::Adding R matrix info for chrom 15
2022-04-19 03:02:18 INFO::Adding R matrix info for chrom 16
2022-04-19 03:05:52 INFO::Adding R matrix info for chrom 17
2022-04-19 03:09:59 INFO::Adding R matrix info for chrom 18
2022-04-19 03:13:19 INFO::Adding R matrix info for chrom 19
2022-04-19 03:19:25 INFO::Adding R matrix info for chrom 20
2022-04-19 03:22:45 INFO::Adding R matrix info for chrom 21
2022-04-19 03:23:37 INFO::Adding R matrix info for chrom 22
2022-04-19 03:27:08 INFO::Number of regions that contains strong gene signals: 15
2022-04-19 03:27:08 INFO::Rerun susie for regions with strong gene signals using full SNPs.
2022-04-19 03:27:08 INFO::run iteration 1
starting worker pid=2672 on localhost:11101 at 03:27:09.244
2022-04-19 03:32:27 INFO::After iteration 1, gene prior 0.0663359853582185:, SNP prior:0.00088514263434997
$group_prior
[1] 0.0135547886 0.0003062372

$group_prior_var
[1] 10.98238 10.50060

R version 3.6.1 (2019-07-05)
Platform: x86_64-pc-linux-gnu (64-bit)
Running under: Scientific Linux 7.4 (Nitrogen)

Matrix products: default
BLAS/LAPACK: /software/openblas-0.2.19-el7-x86_64/lib/libopenblas_haswellp-r0.2.19.so

locale:
[1] C

attached base packages:
[1] stats     graphics  grDevices utils     datasets  methods   base     

other attached packages:
[1] data.table_1.14.2 ctwas_0.1.32     

loaded via a namespace (and not attached):
 [1] Rcpp_1.0.8        magrittr_2.0.2    pgenlibr_0.3.1    hms_1.1.1        
 [5] doParallel_1.0.17 bit_4.0.4         lattice_0.20-38   R6_2.5.1         
 [9] rlang_1.0.1       fastmap_1.1.0     foreach_1.5.2     fansi_1.0.2      
[13] blob_1.2.2        tools_3.6.1       parallel_3.6.1    grid_3.6.1       
[17] logging_0.10-108  utf8_1.2.2        cli_3.1.0         DBI_1.1.2        
[21] iterators_1.0.14  ellipsis_0.3.2    bit64_4.0.5       tibble_3.1.6     
[25] lifecycle_1.0.1   crayon_1.5.0      Matrix_1.2-18     tzdb_0.2.0       
[29] readr_2.1.1       vctrs_0.3.8       codetools_0.2-16  memoise_2.0.1    
[33] cachem_1.0.6      RSQLite_2.2.8     pillar_1.6.4      compiler_3.6.1   
[37] pkgconfig_2.0.3  
