[1] "/project2/xinhe/shengqian/cTWAS/cTWAS_analysis/data/scz_2018.RDS"                        
[2] "/project2/mstephens/wcrouse/UKB_LDR_0.1"                                                 
[3] "/project2/compbio/predictdb/mashr_models/mashr_Brain_Cerebellar_Hemisphere.db"           
[4] "/project2/xinhe/shengqian/cTWAS/cTWAS_analysis/code/ctwas_config.R"                      
[5] "SCZ_Brain_Cerebellar_Hemisphere_expr"                                                    
[6] "SCZ_Brain_Cerebellar_Hemisphere_ctwas"                                                   
[7] "/project2/xinhe/shengqian/cTWAS/cTWAS_analysis/data/SCZ_2018/Brain_Cerebellar_Hemisphere"
2022-04-18 15:49:15 INFO::Flipping z scores to match LD reference
2022-04-18 15:49:18 INFO::Reading weights for chromosome 1
2022-04-18 15:49:19 INFO::Number of genes with weights provided: 13771
2022-04-18 15:49:19 INFO::Collecting gene weight information ...
2022-04-18 15:49:19 INFO::Flipping weights to match LD reference
2022-04-18 15:49:19 INFO::Harmonizing strand ambiguous weights using correlations with unambiguous variants
2022-04-18 16:02:44 INFO::Start gene z score imputation ...
2022-04-18 16:02:44 INFO::Using given LD matrices to impute gene z score.
2022-04-18 16:14:36 INFO::Imputation done, writing results to output...
2022-04-18 16:14:37 INFO::Imputation done: number of genes with imputed expression: 941 for chr 1
2022-04-18 16:14:38 INFO::Flipping z scores to match LD reference
2022-04-18 16:14:39 INFO::Reading weights for chromosome 2
2022-04-18 16:14:39 INFO::Number of genes with weights provided: 13771
2022-04-18 16:14:39 INFO::Collecting gene weight information ...
2022-04-18 16:14:39 INFO::Flipping weights to match LD reference
2022-04-18 16:14:39 INFO::Harmonizing strand ambiguous weights using correlations with unambiguous variants
2022-04-18 16:24:56 INFO::Start gene z score imputation ...
2022-04-18 16:24:56 INFO::Using given LD matrices to impute gene z score.
2022-04-18 16:34:13 INFO::Imputation done, writing results to output...
2022-04-18 16:34:13 INFO::Imputation done: number of genes with imputed expression: 692 for chr 2
2022-04-18 16:34:14 INFO::Flipping z scores to match LD reference
2022-04-18 16:34:15 INFO::Reading weights for chromosome 3
2022-04-18 16:34:15 INFO::Number of genes with weights provided: 13771
2022-04-18 16:34:15 INFO::Collecting gene weight information ...
2022-04-18 16:34:15 INFO::Flipping weights to match LD reference
2022-04-18 16:34:15 INFO::Harmonizing strand ambiguous weights using correlations with unambiguous variants
2022-04-18 16:42:43 INFO::Start gene z score imputation ...
2022-04-18 16:42:43 INFO::Using given LD matrices to impute gene z score.
2022-04-18 16:50:45 INFO::Imputation done, writing results to output...
2022-04-18 16:50:45 INFO::Imputation done: number of genes with imputed expression: 574 for chr 3
2022-04-18 16:50:46 INFO::Flipping z scores to match LD reference
2022-04-18 16:50:47 INFO::Reading weights for chromosome 4
2022-04-18 16:50:47 INFO::Number of genes with weights provided: 13771
2022-04-18 16:50:47 INFO::Collecting gene weight information ...
2022-04-18 16:50:47 INFO::Flipping weights to match LD reference
2022-04-18 16:50:47 INFO::Harmonizing strand ambiguous weights using correlations with unambiguous variants
2022-04-18 16:56:19 INFO::Start gene z score imputation ...
2022-04-18 16:56:19 INFO::Using given LD matrices to impute gene z score.
2022-04-18 17:02:28 INFO::Imputation done, writing results to output...
2022-04-18 17:02:29 INFO::Imputation done: number of genes with imputed expression: 371 for chr 4
2022-04-18 17:02:29 INFO::Flipping z scores to match LD reference
2022-04-18 17:02:31 INFO::Reading weights for chromosome 5
2022-04-18 17:02:31 INFO::Number of genes with weights provided: 13771
2022-04-18 17:02:31 INFO::Collecting gene weight information ...
2022-04-18 17:02:31 INFO::Flipping weights to match LD reference
2022-04-18 17:02:31 INFO::Harmonizing strand ambiguous weights using correlations with unambiguous variants
2022-04-18 17:09:02 INFO::Start gene z score imputation ...
2022-04-18 17:09:02 INFO::Using given LD matrices to impute gene z score.
2022-04-18 17:15:47 INFO::Imputation done, writing results to output...
2022-04-18 17:15:47 INFO::Imputation done: number of genes with imputed expression: 468 for chr 5
2022-04-18 17:15:48 INFO::Flipping z scores to match LD reference
2022-04-18 17:15:49 INFO::Reading weights for chromosome 6
2022-04-18 17:15:49 INFO::Number of genes with weights provided: 13771
2022-04-18 17:15:49 INFO::Collecting gene weight information ...
2022-04-18 17:15:49 INFO::Flipping weights to match LD reference
2022-04-18 17:15:49 INFO::Harmonizing strand ambiguous weights using correlations with unambiguous variants
2022-04-18 17:27:53 INFO::Start gene z score imputation ...
2022-04-18 17:27:53 INFO::Using given LD matrices to impute gene z score.
2022-04-18 17:36:28 INFO::Imputation done, writing results to output...
2022-04-18 17:36:28 INFO::Imputation done: number of genes with imputed expression: 558 for chr 6
2022-04-18 17:36:29 INFO::Flipping z scores to match LD reference
2022-04-18 17:36:30 INFO::Reading weights for chromosome 7
2022-04-18 17:36:30 INFO::Number of genes with weights provided: 13771
2022-04-18 17:36:30 INFO::Collecting gene weight information ...
2022-04-18 17:36:30 INFO::Flipping weights to match LD reference
2022-04-18 17:36:30 INFO::Harmonizing strand ambiguous weights using correlations with unambiguous variants
2022-04-18 17:43:36 INFO::Start gene z score imputation ...
2022-04-18 17:43:36 INFO::Using given LD matrices to impute gene z score.
2022-04-18 17:50:32 INFO::Imputation done, writing results to output...
2022-04-18 17:50:33 INFO::Imputation done: number of genes with imputed expression: 511 for chr 7
2022-04-18 17:50:34 INFO::Flipping z scores to match LD reference
2022-04-18 17:50:35 INFO::Reading weights for chromosome 8
2022-04-18 17:50:35 INFO::Number of genes with weights provided: 13771
2022-04-18 17:50:35 INFO::Collecting gene weight information ...
2022-04-18 17:50:35 INFO::Flipping weights to match LD reference
2022-04-18 17:50:35 INFO::Harmonizing strand ambiguous weights using correlations with unambiguous variants
2022-04-18 17:55:32 INFO::Start gene z score imputation ...
2022-04-18 17:55:32 INFO::Using given LD matrices to impute gene z score.
2022-04-18 18:02:12 INFO::Imputation done, writing results to output...
2022-04-18 18:02:12 INFO::Imputation done: number of genes with imputed expression: 377 for chr 8
2022-04-18 18:02:13 INFO::Flipping z scores to match LD reference
2022-04-18 18:02:14 INFO::Reading weights for chromosome 9
2022-04-18 18:02:14 INFO::Number of genes with weights provided: 13771
2022-04-18 18:02:14 INFO::Collecting gene weight information ...
2022-04-18 18:02:14 INFO::Flipping weights to match LD reference
2022-04-18 18:02:14 INFO::Harmonizing strand ambiguous weights using correlations with unambiguous variants
2022-04-18 18:09:03 INFO::Start gene z score imputation ...
2022-04-18 18:09:03 INFO::Using given LD matrices to impute gene z score.
2022-04-18 18:13:56 INFO::Imputation done, writing results to output...
2022-04-18 18:13:56 INFO::Imputation done: number of genes with imputed expression: 411 for chr 9
2022-04-18 18:13:58 INFO::Flipping z scores to match LD reference
2022-04-18 18:13:59 INFO::Reading weights for chromosome 10
2022-04-18 18:13:59 INFO::Number of genes with weights provided: 13771
2022-04-18 18:13:59 INFO::Collecting gene weight information ...
2022-04-18 18:13:59 INFO::Flipping weights to match LD reference
2022-04-18 18:13:59 INFO::Harmonizing strand ambiguous weights using correlations with unambiguous variants
2022-04-18 18:21:29 INFO::Start gene z score imputation ...
2022-04-18 18:21:29 INFO::Using given LD matrices to impute gene z score.
2022-04-18 18:27:05 INFO::Imputation done, writing results to output...
2022-04-18 18:27:06 INFO::Imputation done: number of genes with imputed expression: 395 for chr 10
2022-04-18 18:27:06 INFO::Flipping z scores to match LD reference
2022-04-18 18:27:07 INFO::Reading weights for chromosome 11
2022-04-18 18:27:07 INFO::Number of genes with weights provided: 13771
2022-04-18 18:27:07 INFO::Collecting gene weight information ...
2022-04-18 18:27:07 INFO::Flipping weights to match LD reference
2022-04-18 18:27:07 INFO::Harmonizing strand ambiguous weights using correlations with unambiguous variants
2022-04-18 18:35:44 INFO::Start gene z score imputation ...
2022-04-18 18:35:44 INFO::Using given LD matrices to impute gene z score.
2022-04-18 18:42:56 INFO::Imputation done, writing results to output...
2022-04-18 18:42:56 INFO::Imputation done: number of genes with imputed expression: 633 for chr 11
2022-04-18 18:42:57 INFO::Flipping z scores to match LD reference
2022-04-18 18:42:58 INFO::Reading weights for chromosome 12
2022-04-18 18:42:58 INFO::Number of genes with weights provided: 13771
2022-04-18 18:42:58 INFO::Collecting gene weight information ...
2022-04-18 18:42:58 INFO::Flipping weights to match LD reference
2022-04-18 18:42:58 INFO::Harmonizing strand ambiguous weights using correlations with unambiguous variants
2022-04-18 18:50:58 INFO::Start gene z score imputation ...
2022-04-18 18:50:58 INFO::Using given LD matrices to impute gene z score.
2022-04-18 18:57:44 INFO::Imputation done, writing results to output...
2022-04-18 18:57:45 INFO::Imputation done: number of genes with imputed expression: 567 for chr 12
2022-04-18 18:57:45 INFO::Flipping z scores to match LD reference
2022-04-18 18:57:46 INFO::Reading weights for chromosome 13
2022-04-18 18:57:46 INFO::Number of genes with weights provided: 13771
2022-04-18 18:57:46 INFO::Collecting gene weight information ...
2022-04-18 18:57:46 INFO::Flipping weights to match LD reference
2022-04-18 18:57:46 INFO::Harmonizing strand ambiguous weights using correlations with unambiguous variants
2022-04-18 19:00:37 INFO::Start gene z score imputation ...
2022-04-18 19:00:37 INFO::Using given LD matrices to impute gene z score.
2022-04-18 19:04:14 INFO::Imputation done, writing results to output...
2022-04-18 19:04:14 INFO::Imputation done: number of genes with imputed expression: 188 for chr 13
2022-04-18 19:04:15 INFO::Flipping z scores to match LD reference
2022-04-18 19:04:16 INFO::Reading weights for chromosome 14
2022-04-18 19:04:16 INFO::Number of genes with weights provided: 13771
2022-04-18 19:04:16 INFO::Collecting gene weight information ...
2022-04-18 19:04:16 INFO::Flipping weights to match LD reference
2022-04-18 19:04:16 INFO::Harmonizing strand ambiguous weights using correlations with unambiguous variants
2022-04-18 19:10:34 INFO::Start gene z score imputation ...
2022-04-18 19:10:34 INFO::Using given LD matrices to impute gene z score.
2022-04-18 19:14:49 INFO::Imputation done, writing results to output...
2022-04-18 19:14:51 INFO::Imputation done: number of genes with imputed expression: 341 for chr 14
2022-04-18 19:14:52 INFO::Flipping z scores to match LD reference
2022-04-18 19:14:54 INFO::Reading weights for chromosome 15
2022-04-18 19:14:54 INFO::Number of genes with weights provided: 13771
2022-04-18 19:14:54 INFO::Collecting gene weight information ...
2022-04-18 19:14:54 INFO::Flipping weights to match LD reference
2022-04-18 19:14:54 INFO::Harmonizing strand ambiguous weights using correlations with unambiguous variants
2022-04-18 19:19:44 INFO::Start gene z score imputation ...
2022-04-18 19:19:44 INFO::Using given LD matrices to impute gene z score.
2022-04-18 19:23:27 INFO::Imputation done, writing results to output...
2022-04-18 19:23:28 INFO::Imputation done: number of genes with imputed expression: 340 for chr 15
2022-04-18 19:23:28 INFO::Flipping z scores to match LD reference
2022-04-18 19:23:29 INFO::Reading weights for chromosome 16
2022-04-18 19:23:29 INFO::Number of genes with weights provided: 13771
2022-04-18 19:23:29 INFO::Collecting gene weight information ...
2022-04-18 19:23:29 INFO::Flipping weights to match LD reference
2022-04-18 19:23:29 INFO::Harmonizing strand ambiguous weights using correlations with unambiguous variants
2022-04-18 19:29:49 INFO::Start gene z score imputation ...
2022-04-18 19:29:49 INFO::Using given LD matrices to impute gene z score.
2022-04-18 19:33:14 INFO::Imputation done, writing results to output...
2022-04-18 19:33:15 INFO::Imputation done: number of genes with imputed expression: 419 for chr 16
2022-04-18 19:33:15 INFO::Flipping z scores to match LD reference
2022-04-18 19:33:16 INFO::Reading weights for chromosome 17
2022-04-18 19:33:16 INFO::Number of genes with weights provided: 13771
2022-04-18 19:33:16 INFO::Collecting gene weight information ...
2022-04-18 19:33:16 INFO::Flipping weights to match LD reference
2022-04-18 19:33:16 INFO::Harmonizing strand ambiguous weights using correlations with unambiguous variants
2022-04-18 19:40:08 INFO::Start gene z score imputation ...
2022-04-18 19:40:08 INFO::Using given LD matrices to impute gene z score.
2022-04-18 19:44:25 INFO::Imputation done, writing results to output...
2022-04-18 19:44:26 INFO::Imputation done: number of genes with imputed expression: 633 for chr 17
2022-04-18 19:44:27 INFO::Flipping z scores to match LD reference
2022-04-18 19:44:28 INFO::Reading weights for chromosome 18
2022-04-18 19:44:28 INFO::Number of genes with weights provided: 13771
2022-04-18 19:44:28 INFO::Collecting gene weight information ...
2022-04-18 19:44:28 INFO::Flipping weights to match LD reference
2022-04-18 19:44:28 INFO::Harmonizing strand ambiguous weights using correlations with unambiguous variants
2022-04-18 19:47:17 INFO::Start gene z score imputation ...
2022-04-18 19:47:17 INFO::Using given LD matrices to impute gene z score.
2022-04-18 19:50:08 INFO::Imputation done, writing results to output...
2022-04-18 19:50:08 INFO::Imputation done: number of genes with imputed expression: 153 for chr 18
2022-04-18 19:50:09 INFO::Flipping z scores to match LD reference
2022-04-18 19:50:10 INFO::Reading weights for chromosome 19
2022-04-18 19:50:10 INFO::Number of genes with weights provided: 13771
2022-04-18 19:50:10 INFO::Collecting gene weight information ...
2022-04-18 19:50:10 INFO::Flipping weights to match LD reference
2022-04-18 19:50:10 INFO::Harmonizing strand ambiguous weights using correlations with unambiguous variants
2022-04-18 20:00:42 INFO::Start gene z score imputation ...
2022-04-18 20:00:42 INFO::Using given LD matrices to impute gene z score.
2022-04-18 20:05:47 INFO::Imputation done, writing results to output...
2022-04-18 20:05:47 INFO::Imputation done: number of genes with imputed expression: 782 for chr 19
2022-04-18 20:05:48 INFO::Flipping z scores to match LD reference
2022-04-18 20:05:49 INFO::Reading weights for chromosome 20
2022-04-18 20:05:49 INFO::Number of genes with weights provided: 13771
2022-04-18 20:05:49 INFO::Collecting gene weight information ...
2022-04-18 20:05:49 INFO::Flipping weights to match LD reference
2022-04-18 20:05:49 INFO::Harmonizing strand ambiguous weights using correlations with unambiguous variants
2022-04-18 20:09:14 INFO::Start gene z score imputation ...
2022-04-18 20:09:14 INFO::Using given LD matrices to impute gene z score.
2022-04-18 20:12:46 INFO::Imputation done, writing results to output...
2022-04-18 20:12:49 INFO::Imputation done: number of genes with imputed expression: 293 for chr 20
2022-04-18 20:12:50 INFO::Flipping z scores to match LD reference
2022-04-18 20:12:51 INFO::Reading weights for chromosome 21
2022-04-18 20:12:51 INFO::Number of genes with weights provided: 13771
2022-04-18 20:12:51 INFO::Collecting gene weight information ...
2022-04-18 20:12:51 INFO::Flipping weights to match LD reference
2022-04-18 20:12:51 INFO::Harmonizing strand ambiguous weights using correlations with unambiguous variants
2022-04-18 20:14:45 INFO::Start gene z score imputation ...
2022-04-18 20:14:45 INFO::Using given LD matrices to impute gene z score.
2022-04-18 20:15:19 INFO::Imputation done, writing results to output...
2022-04-18 20:15:19 INFO::Imputation done: number of genes with imputed expression: 31 for chr 21
2022-04-18 20:15:20 INFO::Flipping z scores to match LD reference
2022-04-18 20:15:21 INFO::Reading weights for chromosome 22
2022-04-18 20:15:21 INFO::Number of genes with weights provided: 13771
2022-04-18 20:15:21 INFO::Collecting gene weight information ...
2022-04-18 20:15:21 INFO::Flipping weights to match LD reference
2022-04-18 20:15:21 INFO::Harmonizing strand ambiguous weights using correlations with unambiguous variants
2022-04-18 20:18:59 INFO::Start gene z score imputation ...
2022-04-18 20:18:59 INFO::Using given LD matrices to impute gene z score.
2022-04-18 20:21:31 INFO::Imputation done, writing results to output...
2022-04-18 20:21:32 INFO::Imputation done: number of genes with imputed expression: 267 for chr 22
2022-04-18 20:21:53 INFO::ctwas started ...
2022-04-18 20:22:21 INFO::LD region file: /home/shengqian/R/x86_64-pc-linux-gnu-library/3.6/ctwas/extdata/ldetect/EUR.b38.bed
2022-04-18 20:22:30 INFO::No. LD regions: 1700
2022-04-18 20:22:38 INFO::No. regions with at least one SNP/gene for chr1: 131
2022-04-18 20:22:38 INFO::Merge regions for chr1
2022-04-18 20:22:38 INFO::No. regions with at least one SNP/gene for chr1 after merging: 123
2022-04-18 20:22:43 INFO::No. regions with at least one SNP/gene for chr2: 143
2022-04-18 20:22:43 INFO::Merge regions for chr2
2022-04-18 20:22:43 INFO::No. regions with at least one SNP/gene for chr2 after merging: 142
2022-04-18 20:22:48 INFO::No. regions with at least one SNP/gene for chr3: 122
2022-04-18 20:22:48 INFO::Merge regions for chr3
2022-04-18 20:22:48 INFO::No. regions with at least one SNP/gene for chr3 after merging: 118
2022-04-18 20:22:52 INFO::No. regions with at least one SNP/gene for chr4: 122
2022-04-18 20:22:52 INFO::Merge regions for chr4
2022-04-18 20:22:52 INFO::No. regions with at least one SNP/gene for chr4 after merging: 120
2022-04-18 20:22:56 INFO::No. regions with at least one SNP/gene for chr5: 110
2022-04-18 20:22:56 INFO::Merge regions for chr5
2022-04-18 20:22:56 INFO::No. regions with at least one SNP/gene for chr5 after merging: 108
2022-04-18 20:23:00 INFO::No. regions with at least one SNP/gene for chr6: 112
2022-04-18 20:23:00 INFO::Merge regions for chr6
2022-04-18 20:23:00 INFO::No. regions with at least one SNP/gene for chr6 after merging: 109
2022-04-18 20:23:03 INFO::No. regions with at least one SNP/gene for chr7: 99
2022-04-18 20:23:03 INFO::Merge regions for chr7
2022-04-18 20:23:03 INFO::No. regions with at least one SNP/gene for chr7 after merging: 98
2022-04-18 20:23:07 INFO::No. regions with at least one SNP/gene for chr8: 92
2022-04-18 20:23:07 INFO::Merge regions for chr8
2022-04-18 20:23:07 INFO::No. regions with at least one SNP/gene for chr8 after merging: 87
2022-04-18 20:23:09 INFO::No. regions with at least one SNP/gene for chr9: 74
2022-04-18 20:23:09 INFO::Merge regions for chr9
2022-04-18 20:23:09 INFO::No. regions with at least one SNP/gene for chr9 after merging: 72
2022-04-18 20:23:11 INFO::No. regions with at least one SNP/gene for chr10: 85
2022-04-18 20:23:11 INFO::Merge regions for chr10
2022-04-18 20:23:11 INFO::No. regions with at least one SNP/gene for chr10 after merging: 84
2022-04-18 20:23:14 INFO::No. regions with at least one SNP/gene for chr11: 84
2022-04-18 20:23:14 INFO::Merge regions for chr11
2022-04-18 20:23:14 INFO::No. regions with at least one SNP/gene for chr11 after merging: 79
2022-04-18 20:23:16 INFO::No. regions with at least one SNP/gene for chr12: 82
2022-04-18 20:23:16 INFO::Merge regions for chr12
2022-04-18 20:23:16 INFO::No. regions with at least one SNP/gene for chr12 after merging: 79
2022-04-18 20:23:19 INFO::No. regions with at least one SNP/gene for chr13: 62
2022-04-18 20:23:19 INFO::Merge regions for chr13
2022-04-18 20:23:19 INFO::No. regions with at least one SNP/gene for chr13 after merging: 61
2022-04-18 20:23:21 INFO::No. regions with at least one SNP/gene for chr14: 56
2022-04-18 20:23:21 INFO::Merge regions for chr14
2022-04-18 20:23:21 INFO::No. regions with at least one SNP/gene for chr14 after merging: 54
2022-04-18 20:23:22 INFO::No. regions with at least one SNP/gene for chr15: 50
2022-04-18 20:23:22 INFO::Merge regions for chr15
2022-04-18 20:23:22 INFO::No. regions with at least one SNP/gene for chr15 after merging: 49
2022-04-18 20:23:24 INFO::No. regions with at least one SNP/gene for chr16: 50
2022-04-18 20:23:24 INFO::Merge regions for chr16
2022-04-18 20:23:24 INFO::No. regions with at least one SNP/gene for chr16 after merging: 49
2022-04-18 20:23:25 INFO::No. regions with at least one SNP/gene for chr17: 47
2022-04-18 20:23:25 INFO::Merge regions for chr17
2022-04-18 20:23:25 INFO::No. regions with at least one SNP/gene for chr17 after merging: 46
2022-04-18 20:23:27 INFO::No. regions with at least one SNP/gene for chr18: 47
2022-04-18 20:23:27 INFO::Merge regions for chr18
2022-04-18 20:23:27 INFO::No. regions with at least one SNP/gene for chr18 after merging: 47
2022-04-18 20:23:28 INFO::No. regions with at least one SNP/gene for chr19: 39
2022-04-18 20:23:28 INFO::Merge regions for chr19
2022-04-18 20:23:28 INFO::No. regions with at least one SNP/gene for chr19 after merging: 38
2022-04-18 20:23:30 INFO::No. regions with at least one SNP/gene for chr20: 38
2022-04-18 20:23:30 INFO::Merge regions for chr20
2022-04-18 20:23:30 INFO::No. regions with at least one SNP/gene for chr20 after merging: 36
2022-04-18 20:23:31 INFO::No. regions with at least one SNP/gene for chr21: 15
2022-04-18 20:23:31 INFO::Merge regions for chr21
2022-04-18 20:23:31 INFO::No. regions with at least one SNP/gene for chr21 after merging: 15
2022-04-18 20:23:32 INFO::No. regions with at least one SNP/gene for chr22: 24
2022-04-18 20:23:32 INFO::Merge regions for chr22
2022-04-18 20:23:32 INFO::No. regions with at least one SNP/gene for chr22 after merging: 21
2022-04-18 20:23:32 INFO::Trim regions with SNPs more than Inf
2022-04-18 20:23:32 INFO::Adding R matrix info, as genotype is not given
2022-04-18 20:23:32 INFO::Adding R matrix info for chrom 1
2022-04-18 20:36:04 INFO::Adding R matrix info for chrom 2
2022-04-18 20:46:18 INFO::Adding R matrix info for chrom 3
2022-04-18 20:54:52 INFO::Adding R matrix info for chrom 4
2022-04-18 21:03:20 INFO::Adding R matrix info for chrom 5
2022-04-18 21:11:16 INFO::Adding R matrix info for chrom 6
2022-04-18 21:20:23 INFO::Adding R matrix info for chrom 7
2022-04-18 21:27:41 INFO::Adding R matrix info for chrom 8
2022-04-18 21:35:13 INFO::Adding R matrix info for chrom 9
2022-04-18 21:40:55 INFO::Adding R matrix info for chrom 10
2022-04-18 21:47:18 INFO::Adding R matrix info for chrom 11
2022-04-18 21:55:16 INFO::Adding R matrix info for chrom 12
2022-04-18 22:02:17 INFO::Adding R matrix info for chrom 13
2022-04-18 22:06:43 INFO::Adding R matrix info for chrom 14
2022-04-18 22:11:28 INFO::Adding R matrix info for chrom 15
2022-04-18 22:15:01 INFO::Adding R matrix info for chrom 16
2022-04-18 22:18:41 INFO::Adding R matrix info for chrom 17
2022-04-18 22:23:22 INFO::Adding R matrix info for chrom 18
2022-04-18 22:26:44 INFO::Adding R matrix info for chrom 19
2022-04-18 22:32:10 INFO::Adding R matrix info for chrom 20
2022-04-18 22:35:56 INFO::Adding R matrix info for chrom 21
2022-04-18 22:36:47 INFO::Adding R matrix info for chrom 22
2022-04-18 22:39:25 INFO::Run susie iteratively, getting rough estimate ...
2022-04-18 22:39:25 INFO::run iteration 1
starting worker pid=51942 on localhost:11708 at 22:39:26.057
starting worker pid=51955 on localhost:11708 at 22:39:26.562
starting worker pid=51969 on localhost:11708 at 22:39:27.049
starting worker pid=51982 on localhost:11708 at 22:39:27.506
starting worker pid=51996 on localhost:11708 at 22:39:27.964
starting worker pid=52010 on localhost:11708 at 22:39:28.424
starting worker pid=52024 on localhost:11708 at 22:39:28.887
starting worker pid=52038 on localhost:11708 at 22:39:29.345
starting worker pid=52051 on localhost:11708 at 22:39:29.788
starting worker pid=52064 on localhost:11708 at 22:39:30.247
2022-04-18 22:47:34 INFO::After iteration 1, gene prior 0.00395714287458669:, SNP prior:0.00252877790491563
2022-04-18 22:47:34 INFO::run iteration 2
starting worker pid=53056 on localhost:11708 at 22:47:35.642
starting worker pid=53070 on localhost:11708 at 22:47:36.151
starting worker pid=53084 on localhost:11708 at 22:47:36.644
starting worker pid=53097 on localhost:11708 at 22:47:37.115
starting worker pid=53110 on localhost:11708 at 22:47:37.576
starting worker pid=53124 on localhost:11708 at 22:47:38.034
starting worker pid=53137 on localhost:11708 at 22:47:38.495
starting worker pid=53150 on localhost:11708 at 22:47:38.954
starting worker pid=53164 on localhost:11708 at 22:47:39.412
starting worker pid=53177 on localhost:11708 at 22:47:40.254
2022-04-18 22:55:41 INFO::After iteration 2, gene prior 0.00476943793522176:, SNP prior:0.00220944091542319
2022-04-18 22:55:41 INFO::run iteration 3
starting worker pid=53969 on localhost:11708 at 22:55:42.594
starting worker pid=53983 on localhost:11708 at 22:55:43.080
starting worker pid=53996 on localhost:11708 at 22:55:43.562
starting worker pid=54009 on localhost:11708 at 22:55:44.048
starting worker pid=54023 on localhost:11708 at 22:55:44.518
starting worker pid=54036 on localhost:11708 at 22:55:44.978
starting worker pid=54050 on localhost:11708 at 22:55:45.444
starting worker pid=54063 on localhost:11708 at 22:55:45.904
starting worker pid=54076 on localhost:11708 at 22:55:46.365
starting worker pid=54090 on localhost:11708 at 22:55:46.828
2022-04-18 23:03:51 INFO::After iteration 3, gene prior 0.00577356905578342:, SNP prior:0.00210408416946408
2022-04-18 23:03:51 INFO::Blocks are filtered: 833 blocks left
2022-04-18 23:03:51 INFO::Run susie iteratively, getting accurate estimate ...
2022-04-18 23:03:51 INFO::run iteration 1
starting worker pid=54640 on localhost:11708 at 23:03:52.057
starting worker pid=54653 on localhost:11708 at 23:03:52.563
starting worker pid=54667 on localhost:11708 at 23:03:53.045
starting worker pid=54680 on localhost:11708 at 23:03:53.514
starting worker pid=54693 on localhost:11708 at 23:03:53.979
starting worker pid=54707 on localhost:11708 at 23:03:54.444
starting worker pid=54720 on localhost:11708 at 23:03:54.910
starting worker pid=54734 on localhost:11708 at 23:03:55.377
starting worker pid=54747 on localhost:11708 at 23:03:55.846
starting worker pid=54760 on localhost:11708 at 23:03:56.306
2022-04-18 23:08:39 INFO::After iteration 1, gene prior 0.00783714978127516:, SNP prior:0.00249325684404893
2022-04-18 23:08:39 INFO::run iteration 2
starting worker pid=55079 on localhost:11708 at 23:08:40.200
starting worker pid=55093 on localhost:11708 at 23:08:40.634
starting worker pid=55106 on localhost:11708 at 23:08:41.094
starting worker pid=55120 on localhost:11708 at 23:08:41.559
starting worker pid=55133 on localhost:11708 at 23:08:42.028
starting worker pid=55146 on localhost:11708 at 23:08:42.482
starting worker pid=55160 on localhost:11708 at 23:08:42.943
starting worker pid=55173 on localhost:11708 at 23:08:43.404
starting worker pid=55187 on localhost:11708 at 23:08:43.864
starting worker pid=55200 on localhost:11708 at 23:08:44.326
2022-04-18 23:13:26 INFO::After iteration 2, gene prior 0.00958046080300725:, SNP prior:0.00275913618057395
2022-04-18 23:13:26 INFO::run iteration 3
starting worker pid=55521 on localhost:11708 at 23:13:26.777
starting worker pid=55534 on localhost:11708 at 23:13:27.261
starting worker pid=55548 on localhost:11708 at 23:13:27.746
starting worker pid=55561 on localhost:11708 at 23:13:28.215
starting worker pid=55574 on localhost:11708 at 23:13:28.678
starting worker pid=55588 on localhost:11708 at 23:13:29.137
starting worker pid=55601 on localhost:11708 at 23:13:29.596
starting worker pid=55614 on localhost:11708 at 23:13:30.053
starting worker pid=55628 on localhost:11708 at 23:13:30.518
starting worker pid=55641 on localhost:11708 at 23:13:30.990
2022-04-18 23:18:09 INFO::After iteration 3, gene prior 0.0109260861623656:, SNP prior:0.0029263434180276
2022-04-18 23:18:09 INFO::run iteration 4
starting worker pid=56455 on localhost:11708 at 23:18:09.746
starting worker pid=56469 on localhost:11708 at 23:18:10.195
starting worker pid=56515 on localhost:11708 at 23:18:10.637
starting worker pid=56552 on localhost:11708 at 23:18:11.096
starting worker pid=56568 on localhost:11708 at 23:18:11.566
starting worker pid=56581 on localhost:11708 at 23:18:12.026
starting worker pid=56595 on localhost:11708 at 23:18:12.483
starting worker pid=56608 on localhost:11708 at 23:18:12.946
starting worker pid=56621 on localhost:11708 at 23:18:13.405
starting worker pid=56636 on localhost:11708 at 23:18:13.869
2022-04-18 23:22:52 INFO::After iteration 4, gene prior 0.0118566866830525:, SNP prior:0.00300650150012881
2022-04-18 23:22:52 INFO::run iteration 5
starting worker pid=57054 on localhost:11708 at 23:22:53.214
starting worker pid=57067 on localhost:11708 at 23:22:53.685
starting worker pid=57080 on localhost:11708 at 23:22:54.155
starting worker pid=57094 on localhost:11708 at 23:22:54.617
starting worker pid=57107 on localhost:11708 at 23:22:55.078
starting worker pid=57120 on localhost:11708 at 23:22:55.535
starting worker pid=57134 on localhost:11708 at 23:22:55.997
starting worker pid=57147 on localhost:11708 at 23:22:56.455
starting worker pid=57161 on localhost:11708 at 23:22:56.935
starting worker pid=57174 on localhost:11708 at 23:22:57.396
2022-04-18 23:27:35 INFO::After iteration 5, gene prior 0.0124858162217412:, SNP prior:0.00303728252072615
2022-04-18 23:27:36 INFO::run iteration 6
starting worker pid=487 on localhost:11708 at 23:27:36.582
starting worker pid=501 on localhost:11708 at 23:27:37.062
starting worker pid=515 on localhost:11708 at 23:27:37.556
starting worker pid=532 on localhost:11708 at 23:27:38.033
starting worker pid=545 on localhost:11708 at 23:27:38.497
starting worker pid=559 on localhost:11708 at 23:27:38.954
starting worker pid=573 on localhost:11708 at 23:27:39.411
starting worker pid=586 on localhost:11708 at 23:27:39.873
starting worker pid=599 on localhost:11708 at 23:27:40.333
starting worker pid=613 on localhost:11708 at 23:27:40.797
2022-04-18 23:32:18 INFO::After iteration 6, gene prior 0.0129288343401062:, SNP prior:0.00304648864525099
2022-04-18 23:32:18 INFO::run iteration 7
starting worker pid=933 on localhost:11708 at 23:32:19.131
starting worker pid=946 on localhost:11708 at 23:32:19.609
starting worker pid=959 on localhost:11708 at 23:32:20.097
starting worker pid=973 on localhost:11708 at 23:32:20.567
starting worker pid=986 on localhost:11708 at 23:32:21.025
starting worker pid=999 on localhost:11708 at 23:32:21.484
starting worker pid=1013 on localhost:11708 at 23:32:21.951
starting worker pid=1027 on localhost:11708 at 23:32:22.423
starting worker pid=1041 on localhost:11708 at 23:32:22.884
starting worker pid=1054 on localhost:11708 at 23:32:23.344
2022-04-18 23:37:04 INFO::After iteration 7, gene prior 0.0132562379743467:, SNP prior:0.00304750063961918
2022-04-18 23:37:04 INFO::run iteration 8
starting worker pid=1382 on localhost:11708 at 23:37:04.605
starting worker pid=1397 on localhost:11708 at 23:37:05.060
starting worker pid=1411 on localhost:11708 at 23:37:05.537
starting worker pid=1424 on localhost:11708 at 23:37:05.998
starting worker pid=1438 on localhost:11708 at 23:37:06.456
starting worker pid=1452 on localhost:11708 at 23:37:06.915
starting worker pid=1468 on localhost:11708 at 23:37:07.379
starting worker pid=1483 on localhost:11708 at 23:37:07.853
starting worker pid=1499 on localhost:11708 at 23:37:08.315
starting worker pid=1518 on localhost:11708 at 23:37:08.777
2022-04-18 23:41:49 INFO::After iteration 8, gene prior 0.0135052978999413:, SNP prior:0.00304572314993628
2022-04-18 23:41:49 INFO::run iteration 9
starting worker pid=1866 on localhost:11708 at 23:41:50.202
starting worker pid=1880 on localhost:11708 at 23:41:50.650
starting worker pid=1893 on localhost:11708 at 23:41:51.135
starting worker pid=1907 on localhost:11708 at 23:41:51.605
starting worker pid=1920 on localhost:11708 at 23:41:52.066
starting worker pid=1933 on localhost:11708 at 23:41:52.524
starting worker pid=1947 on localhost:11708 at 23:41:52.982
starting worker pid=1960 on localhost:11708 at 23:41:53.445
starting worker pid=1974 on localhost:11708 at 23:41:53.905
starting worker pid=1987 on localhost:11708 at 23:41:54.362
2022-04-18 23:46:35 INFO::After iteration 9, gene prior 0.0136973933017759:, SNP prior:0.00304326857972906
2022-04-18 23:46:35 INFO::run iteration 10
starting worker pid=2854 on localhost:11708 at 23:46:35.955
starting worker pid=2868 on localhost:11708 at 23:46:36.436
starting worker pid=2881 on localhost:11708 at 23:46:36.913
starting worker pid=2894 on localhost:11708 at 23:46:37.383
starting worker pid=2908 on localhost:11708 at 23:46:37.847
starting worker pid=2921 on localhost:11708 at 23:46:38.319
starting worker pid=2934 on localhost:11708 at 23:46:38.779
starting worker pid=2948 on localhost:11708 at 23:46:39.236
starting worker pid=2961 on localhost:11708 at 23:46:39.696
starting worker pid=2975 on localhost:11708 at 23:46:40.156
2022-04-18 23:51:21 INFO::After iteration 10, gene prior 0.0138469907694461:, SNP prior:0.00304091995887835
2022-04-18 23:51:21 INFO::run iteration 11
starting worker pid=3520 on localhost:11708 at 23:51:21.999
starting worker pid=3533 on localhost:11708 at 23:51:22.461
starting worker pid=3547 on localhost:11708 at 23:51:22.923
starting worker pid=3560 on localhost:11708 at 23:51:23.403
starting worker pid=3574 on localhost:11708 at 23:51:23.866
starting worker pid=3587 on localhost:11708 at 23:51:24.329
starting worker pid=3600 on localhost:11708 at 23:51:24.788
starting worker pid=3614 on localhost:11708 at 23:51:25.253
starting worker pid=3627 on localhost:11708 at 23:51:25.719
starting worker pid=3640 on localhost:11708 at 23:51:26.184
2022-04-18 23:56:07 INFO::After iteration 11, gene prior 0.0139639931468502:, SNP prior:0.00303890808066559
2022-04-18 23:56:07 INFO::run iteration 12
starting worker pid=3958 on localhost:11708 at 23:56:07.646
starting worker pid=3971 on localhost:11708 at 23:56:08.131
starting worker pid=3984 on localhost:11708 at 23:56:08.626
starting worker pid=3998 on localhost:11708 at 23:56:09.093
starting worker pid=4011 on localhost:11708 at 23:56:09.556
starting worker pid=4024 on localhost:11708 at 23:56:10.015
starting worker pid=4038 on localhost:11708 at 23:56:10.473
starting worker pid=4051 on localhost:11708 at 23:56:10.934
starting worker pid=4065 on localhost:11708 at 23:56:11.394
starting worker pid=4078 on localhost:11708 at 23:56:11.856
2022-04-19 00:00:49 INFO::After iteration 12, gene prior 0.0140556415617004:, SNP prior:0.00303726020214893
2022-04-19 00:00:50 INFO::run iteration 13
starting worker pid=4400 on localhost:11708 at 00:00:50.582
starting worker pid=4413 on localhost:11708 at 00:00:51.073
starting worker pid=4427 on localhost:11708 at 00:00:51.554
starting worker pid=4440 on localhost:11708 at 00:00:52.024
starting worker pid=4453 on localhost:11708 at 00:00:52.487
starting worker pid=4467 on localhost:11708 at 00:00:52.944
starting worker pid=4480 on localhost:11708 at 00:00:53.403
starting worker pid=4494 on localhost:11708 at 00:00:53.866
starting worker pid=4507 on localhost:11708 at 00:00:54.325
starting worker pid=4520 on localhost:11708 at 00:00:54.789
2022-04-19 00:05:34 INFO::After iteration 13, gene prior 0.0141274444889463:, SNP prior:0.00303593632083715
2022-04-19 00:05:35 INFO::run iteration 14
starting worker pid=4837 on localhost:11708 at 00:05:35.592
starting worker pid=4850 on localhost:11708 at 00:05:36.063
starting worker pid=4864 on localhost:11708 at 00:05:36.542
starting worker pid=4877 on localhost:11708 at 00:05:37.003
starting worker pid=4890 on localhost:11708 at 00:05:37.462
starting worker pid=4904 on localhost:11708 at 00:05:37.926
starting worker pid=4917 on localhost:11708 at 00:05:38.384
starting worker pid=4930 on localhost:11708 at 00:05:38.846
starting worker pid=4944 on localhost:11708 at 00:05:39.303
starting worker pid=4957 on localhost:11708 at 00:05:39.763
2022-04-19 00:10:19 INFO::After iteration 14, gene prior 0.0141836938638251:, SNP prior:0.00303488604514174
2022-04-19 00:10:19 INFO::run iteration 15
starting worker pid=5276 on localhost:11708 at 00:10:19.878
starting worker pid=5290 on localhost:11708 at 00:10:20.379
starting worker pid=5303 on localhost:11708 at 00:10:20.844
starting worker pid=5317 on localhost:11708 at 00:10:21.336
starting worker pid=5330 on localhost:11708 at 00:10:21.794
starting worker pid=5343 on localhost:11708 at 00:10:22.259
starting worker pid=5357 on localhost:11708 at 00:10:22.724
starting worker pid=5370 on localhost:11708 at 00:10:23.184
starting worker pid=5389 on localhost:11708 at 00:10:23.645
starting worker pid=5402 on localhost:11708 at 00:10:24.106
2022-04-19 00:15:03 INFO::After iteration 15, gene prior 0.014227742405135:, SNP prior:0.00303405823608297
2022-04-19 00:15:03 INFO::run iteration 16
starting worker pid=5783 on localhost:11708 at 00:15:03.979
starting worker pid=5796 on localhost:11708 at 00:15:04.418
starting worker pid=5811 on localhost:11708 at 00:15:04.844
starting worker pid=5824 on localhost:11708 at 00:15:05.294
starting worker pid=5837 on localhost:11708 at 00:15:05.767
starting worker pid=5851 on localhost:11708 at 00:15:06.226
starting worker pid=5864 on localhost:11708 at 00:15:06.687
starting worker pid=5878 on localhost:11708 at 00:15:07.148
starting worker pid=5892 on localhost:11708 at 00:15:07.605
starting worker pid=5905 on localhost:11708 at 00:15:08.068
2022-04-19 00:19:46 INFO::After iteration 16, gene prior 0.0142622213575802:, SNP prior:0.00303340806486989
2022-04-19 00:19:46 INFO::run iteration 17
starting worker pid=7033 on localhost:11708 at 00:19:46.970
starting worker pid=7047 on localhost:11708 at 00:19:47.434
starting worker pid=7060 on localhost:11708 at 00:19:47.899
starting worker pid=7073 on localhost:11708 at 00:19:48.364
starting worker pid=7087 on localhost:11708 at 00:19:48.872
starting worker pid=7100 on localhost:11708 at 00:19:49.366
starting worker pid=7113 on localhost:11708 at 00:19:49.824
starting worker pid=7127 on localhost:11708 at 00:19:50.282
starting worker pid=7140 on localhost:11708 at 00:19:50.767
starting worker pid=7154 on localhost:11708 at 00:19:51.201
2022-04-19 00:24:30 INFO::After iteration 17, gene prior 0.0142891984026178:, SNP prior:0.00303289842836529
2022-04-19 00:24:30 INFO::run iteration 18
starting worker pid=7473 on localhost:11708 at 00:24:31.005
starting worker pid=7487 on localhost:11708 at 00:24:31.461
starting worker pid=7500 on localhost:11708 at 00:24:31.940
starting worker pid=7514 on localhost:11708 at 00:24:32.408
starting worker pid=7527 on localhost:11708 at 00:24:32.871
starting worker pid=7541 on localhost:11708 at 00:24:33.335
starting worker pid=7554 on localhost:11708 at 00:24:33.797
starting worker pid=7567 on localhost:11708 at 00:24:34.256
starting worker pid=7581 on localhost:11708 at 00:24:34.715
starting worker pid=7603 on localhost:11708 at 00:24:35.175
2022-04-19 00:29:16 INFO::After iteration 18, gene prior 0.0143102980794234:, SNP prior:0.00303249942113926
2022-04-19 00:29:16 INFO::run iteration 19
starting worker pid=7922 on localhost:11708 at 00:29:16.745
starting worker pid=7936 on localhost:11708 at 00:29:17.203
starting worker pid=7949 on localhost:11708 at 00:29:17.675
starting worker pid=7963 on localhost:11708 at 00:29:18.135
starting worker pid=7976 on localhost:11708 at 00:29:18.600
starting worker pid=7989 on localhost:11708 at 00:29:19.064
starting worker pid=8003 on localhost:11708 at 00:29:19.528
starting worker pid=8016 on localhost:11708 at 00:29:19.985
starting worker pid=8030 on localhost:11708 at 00:29:20.446
starting worker pid=8043 on localhost:11708 at 00:29:20.909
2022-04-19 00:34:01 INFO::After iteration 19, gene prior 0.0143267958312401:, SNP prior:0.0030321872578064
2022-04-19 00:34:01 INFO::run iteration 20
starting worker pid=8363 on localhost:11708 at 00:34:01.767
starting worker pid=8376 on localhost:11708 at 00:34:02.266
starting worker pid=8389 on localhost:11708 at 00:34:02.763
starting worker pid=8403 on localhost:11708 at 00:34:03.262
starting worker pid=8416 on localhost:11708 at 00:34:03.745
starting worker pid=8430 on localhost:11708 at 00:34:04.204
starting worker pid=8443 on localhost:11708 at 00:34:04.664
starting worker pid=8456 on localhost:11708 at 00:34:05.127
starting worker pid=8470 on localhost:11708 at 00:34:05.585
starting worker pid=8483 on localhost:11708 at 00:34:06.047
2022-04-19 00:38:45 INFO::After iteration 20, gene prior 0.014339692158714:, SNP prior:0.00303194315402194
2022-04-19 00:38:45 INFO::run iteration 21
starting worker pid=8798 on localhost:11708 at 00:38:45.857
starting worker pid=8811 on localhost:11708 at 00:38:46.344
starting worker pid=8825 on localhost:11708 at 00:38:46.827
starting worker pid=8838 on localhost:11708 at 00:38:47.301
starting worker pid=8851 on localhost:11708 at 00:38:47.764
starting worker pid=8865 on localhost:11708 at 00:38:48.226
starting worker pid=8878 on localhost:11708 at 00:38:48.685
starting worker pid=8892 on localhost:11708 at 00:38:49.148
starting worker pid=8905 on localhost:11708 at 00:38:49.615
starting worker pid=8918 on localhost:11708 at 00:38:50.082
2022-04-19 00:43:30 INFO::After iteration 21, gene prior 0.0143497712439178:, SNP prior:0.00303175233363408
2022-04-19 00:43:30 INFO::run iteration 22
starting worker pid=9236 on localhost:11708 at 00:43:30.814
starting worker pid=9249 on localhost:11708 at 00:43:31.279
starting worker pid=9263 on localhost:11708 at 00:43:31.753
starting worker pid=9276 on localhost:11708 at 00:43:32.235
starting worker pid=9289 on localhost:11708 at 00:43:32.709
starting worker pid=9304 on localhost:11708 at 00:43:33.173
starting worker pid=9317 on localhost:11708 at 00:43:33.633
starting worker pid=9330 on localhost:11708 at 00:43:34.099
starting worker pid=9344 on localhost:11708 at 00:43:34.563
starting worker pid=9357 on localhost:11708 at 00:43:35.023
2022-04-19 00:48:13 INFO::After iteration 22, gene prior 0.0143576472813377:, SNP prior:0.00303160320049033
2022-04-19 00:48:13 INFO::run iteration 23
starting worker pid=10238 on localhost:11708 at 00:48:13.761
starting worker pid=10252 on localhost:11708 at 00:48:14.220
starting worker pid=10265 on localhost:11708 at 00:48:14.682
starting worker pid=10279 on localhost:11708 at 00:48:15.138
starting worker pid=10297 on localhost:11708 at 00:48:15.570
starting worker pid=10311 on localhost:11708 at 00:48:16.001
starting worker pid=10334 on localhost:11708 at 00:48:16.430
starting worker pid=10347 on localhost:11708 at 00:48:16.879
starting worker pid=10360 on localhost:11708 at 00:48:17.321
starting worker pid=10374 on localhost:11708 at 00:48:17.760
2022-04-19 00:52:55 INFO::After iteration 23, gene prior 0.0143638010400011:, SNP prior:0.00303148666720067
2022-04-19 00:52:55 INFO::run iteration 24
starting worker pid=10795 on localhost:11708 at 00:52:55.855
starting worker pid=10808 on localhost:11708 at 00:52:56.340
starting worker pid=10822 on localhost:11708 at 00:52:56.805
starting worker pid=10840 on localhost:11708 at 00:52:57.269
starting worker pid=10856 on localhost:11708 at 00:52:57.740
starting worker pid=10870 on localhost:11708 at 00:52:58.204
starting worker pid=10883 on localhost:11708 at 00:52:58.669
starting worker pid=10897 on localhost:11708 at 00:52:59.133
starting worker pid=10910 on localhost:11708 at 00:52:59.592
starting worker pid=10923 on localhost:11708 at 00:53:00.054
2022-04-19 00:57:38 INFO::After iteration 24, gene prior 0.0143686086666512:, SNP prior:0.00303139561907355
2022-04-19 00:57:39 INFO::run iteration 25
starting worker pid=11249 on localhost:11708 at 00:57:39.501
starting worker pid=11264 on localhost:11708 at 00:57:39.948
starting worker pid=11283 on localhost:11708 at 00:57:40.397
starting worker pid=11296 on localhost:11708 at 00:57:40.863
starting worker pid=11310 on localhost:11708 at 00:57:41.324
starting worker pid=11329 on localhost:11708 at 00:57:41.788
starting worker pid=11345 on localhost:11708 at 00:57:42.261
starting worker pid=11363 on localhost:11708 at 00:57:42.730
starting worker pid=11377 on localhost:11708 at 00:57:43.194
starting worker pid=11390 on localhost:11708 at 00:57:43.654
2022-04-19 01:02:22 INFO::After iteration 25, gene prior 0.0143723643394339:, SNP prior:0.00303132448944511
2022-04-19 01:02:23 INFO::run iteration 26
starting worker pid=11712 on localhost:11708 at 01:02:23.574
starting worker pid=11726 on localhost:11708 at 01:02:24.053
starting worker pid=11739 on localhost:11708 at 01:02:24.536
starting worker pid=11753 on localhost:11708 at 01:02:25.017
starting worker pid=11766 on localhost:11708 at 01:02:25.497
starting worker pid=11779 on localhost:11708 at 01:02:25.961
starting worker pid=11793 on localhost:11708 at 01:02:26.424
starting worker pid=11809 on localhost:11708 at 01:02:26.886
starting worker pid=11822 on localhost:11708 at 01:02:27.353
starting worker pid=11837 on localhost:11708 at 01:02:27.815
2022-04-19 01:07:07 INFO::After iteration 26, gene prior 0.0143752972040822:, SNP prior:0.00303126882863683
2022-04-19 01:07:07 INFO::run iteration 27
starting worker pid=12240 on localhost:11708 at 01:07:08.185
starting worker pid=12255 on localhost:11708 at 01:07:08.663
starting worker pid=12268 on localhost:11708 at 01:07:09.147
starting worker pid=12281 on localhost:11708 at 01:07:09.611
starting worker pid=12295 on localhost:11708 at 01:07:10.074
starting worker pid=12308 on localhost:11708 at 01:07:10.534
starting worker pid=12322 on localhost:11708 at 01:07:10.995
starting worker pid=12336 on localhost:11708 at 01:07:11.456
starting worker pid=12349 on localhost:11708 at 01:07:11.913
starting worker pid=12363 on localhost:11708 at 01:07:12.375
2022-04-19 01:11:52 INFO::After iteration 27, gene prior 0.014377587438979:, SNP prior:0.00303122529443568
2022-04-19 01:11:52 INFO::run iteration 28
starting worker pid=12680 on localhost:11708 at 01:11:53.227
starting worker pid=12693 on localhost:11708 at 01:11:53.699
starting worker pid=12706 on localhost:11708 at 01:11:54.168
starting worker pid=12720 on localhost:11708 at 01:11:54.638
starting worker pid=12733 on localhost:11708 at 01:11:55.104
starting worker pid=12746 on localhost:11708 at 01:11:55.566
starting worker pid=12760 on localhost:11708 at 01:11:56.025
starting worker pid=12773 on localhost:11708 at 01:11:56.487
starting worker pid=12787 on localhost:11708 at 01:11:56.942
starting worker pid=12800 on localhost:11708 at 01:11:57.405
2022-04-19 01:16:37 INFO::After iteration 28, gene prior 0.0143793759158736:, SNP prior:0.00303119127085657
2022-04-19 01:16:37 INFO::run iteration 29
starting worker pid=13120 on localhost:11708 at 01:16:37.875
starting worker pid=13134 on localhost:11708 at 01:16:38.340
starting worker pid=13147 on localhost:11708 at 01:16:38.814
starting worker pid=13161 on localhost:11708 at 01:16:39.273
starting worker pid=13174 on localhost:11708 at 01:16:39.736
starting worker pid=13187 on localhost:11708 at 01:16:40.196
starting worker pid=13201 on localhost:11708 at 01:16:40.655
starting worker pid=13214 on localhost:11708 at 01:16:41.120
starting worker pid=13227 on localhost:11708 at 01:16:41.582
starting worker pid=13241 on localhost:11708 at 01:16:42.046
2022-04-19 01:21:23 INFO::After iteration 29, gene prior 0.0143807725726266:, SNP prior:0.00303116469044113
2022-04-19 01:21:23 INFO::run iteration 30
starting worker pid=14289 on localhost:11708 at 01:21:23.811
starting worker pid=14303 on localhost:11708 at 01:21:24.240
starting worker pid=14316 on localhost:11708 at 01:21:24.670
starting worker pid=14330 on localhost:11708 at 01:21:25.133
starting worker pid=14343 on localhost:11708 at 01:21:25.594
starting worker pid=14356 on localhost:11708 at 01:21:26.059
starting worker pid=14370 on localhost:11708 at 01:21:26.522
starting worker pid=14383 on localhost:11708 at 01:21:26.981
starting worker pid=14396 on localhost:11708 at 01:21:27.442
starting worker pid=14411 on localhost:11708 at 01:21:27.903
2022-04-19 01:26:07 INFO::After iteration 30, gene prior 0.0143818632444581:, SNP prior:0.00303114392906036
2022-04-19 01:26:07 INFO::Run susie for all regions.
2022-04-19 01:26:07 INFO::run iteration 1
starting worker pid=14730 on localhost:11708 at 01:26:08.335
starting worker pid=14743 on localhost:11708 at 01:26:08.798
starting worker pid=14757 on localhost:11708 at 01:26:09.267
starting worker pid=14770 on localhost:11708 at 01:26:09.724
starting worker pid=14784 on localhost:11708 at 01:26:10.184
starting worker pid=14797 on localhost:11708 at 01:26:10.643
starting worker pid=14810 on localhost:11708 at 01:26:11.108
starting worker pid=14824 on localhost:11708 at 01:26:11.567
starting worker pid=14837 on localhost:11708 at 01:26:12.025
starting worker pid=14850 on localhost:11708 at 01:26:12.485
2022-04-19 01:34:32 INFO::After iteration 1, gene prior 0.0458369277077067:, SNP prior:0.0106579024254775
2022-04-19 01:34:32 INFO::No. LD regions: 1700
2022-04-19 01:34:39 INFO::No. regions with at least one SNP/gene for chr1: 131
2022-04-19 01:34:39 INFO::Merge regions for chr1
2022-04-19 01:34:39 INFO::No. regions with at least one SNP/gene for chr1 after merging: 123
2022-04-19 01:34:46 INFO::No. regions with at least one SNP/gene for chr2: 143
2022-04-19 01:34:46 INFO::Merge regions for chr2
2022-04-19 01:34:46 INFO::No. regions with at least one SNP/gene for chr2 after merging: 142
2022-04-19 01:34:51 INFO::No. regions with at least one SNP/gene for chr3: 122
2022-04-19 01:34:51 INFO::Merge regions for chr3
2022-04-19 01:34:51 INFO::No. regions with at least one SNP/gene for chr3 after merging: 118
2022-04-19 01:34:57 INFO::No. regions with at least one SNP/gene for chr4: 122
2022-04-19 01:34:57 INFO::Merge regions for chr4
2022-04-19 01:34:57 INFO::No. regions with at least one SNP/gene for chr4 after merging: 120
2022-04-19 01:35:02 INFO::No. regions with at least one SNP/gene for chr5: 110
2022-04-19 01:35:02 INFO::Merge regions for chr5
2022-04-19 01:35:02 INFO::No. regions with at least one SNP/gene for chr5 after merging: 108
2022-04-19 01:35:06 INFO::No. regions with at least one SNP/gene for chr6: 112
2022-04-19 01:35:06 INFO::Merge regions for chr6
2022-04-19 01:35:06 INFO::No. regions with at least one SNP/gene for chr6 after merging: 109
2022-04-19 01:35:10 INFO::No. regions with at least one SNP/gene for chr7: 99
2022-04-19 01:35:10 INFO::Merge regions for chr7
2022-04-19 01:35:10 INFO::No. regions with at least one SNP/gene for chr7 after merging: 98
2022-04-19 01:35:13 INFO::No. regions with at least one SNP/gene for chr8: 92
2022-04-19 01:35:13 INFO::Merge regions for chr8
2022-04-19 01:35:13 INFO::No. regions with at least one SNP/gene for chr8 after merging: 87
2022-04-19 01:35:16 INFO::No. regions with at least one SNP/gene for chr9: 74
2022-04-19 01:35:16 INFO::Merge regions for chr9
2022-04-19 01:35:16 INFO::No. regions with at least one SNP/gene for chr9 after merging: 72
2022-04-19 01:35:19 INFO::No. regions with at least one SNP/gene for chr10: 85
2022-04-19 01:35:19 INFO::Merge regions for chr10
2022-04-19 01:35:19 INFO::No. regions with at least one SNP/gene for chr10 after merging: 84
2022-04-19 01:35:23 INFO::No. regions with at least one SNP/gene for chr11: 84
2022-04-19 01:35:23 INFO::Merge regions for chr11
2022-04-19 01:35:23 INFO::No. regions with at least one SNP/gene for chr11 after merging: 79
2022-04-19 01:35:25 INFO::No. regions with at least one SNP/gene for chr12: 82
2022-04-19 01:35:25 INFO::Merge regions for chr12
2022-04-19 01:35:25 INFO::No. regions with at least one SNP/gene for chr12 after merging: 79
2022-04-19 01:35:27 INFO::No. regions with at least one SNP/gene for chr13: 62
2022-04-19 01:35:27 INFO::Merge regions for chr13
2022-04-19 01:35:27 INFO::No. regions with at least one SNP/gene for chr13 after merging: 61
2022-04-19 01:35:30 INFO::No. regions with at least one SNP/gene for chr14: 56
2022-04-19 01:35:30 INFO::Merge regions for chr14
2022-04-19 01:35:30 INFO::No. regions with at least one SNP/gene for chr14 after merging: 54
2022-04-19 01:35:32 INFO::No. regions with at least one SNP/gene for chr15: 50
2022-04-19 01:35:32 INFO::Merge regions for chr15
2022-04-19 01:35:32 INFO::No. regions with at least one SNP/gene for chr15 after merging: 49
2022-04-19 01:35:33 INFO::No. regions with at least one SNP/gene for chr16: 50
2022-04-19 01:35:33 INFO::Merge regions for chr16
2022-04-19 01:35:33 INFO::No. regions with at least one SNP/gene for chr16 after merging: 49
2022-04-19 01:35:35 INFO::No. regions with at least one SNP/gene for chr17: 47
2022-04-19 01:35:35 INFO::Merge regions for chr17
2022-04-19 01:35:35 INFO::No. regions with at least one SNP/gene for chr17 after merging: 46
2022-04-19 01:35:37 INFO::No. regions with at least one SNP/gene for chr18: 47
2022-04-19 01:35:37 INFO::Merge regions for chr18
2022-04-19 01:35:37 INFO::No. regions with at least one SNP/gene for chr18 after merging: 47
2022-04-19 01:35:39 INFO::No. regions with at least one SNP/gene for chr19: 39
2022-04-19 01:35:39 INFO::Merge regions for chr19
2022-04-19 01:35:39 INFO::No. regions with at least one SNP/gene for chr19 after merging: 38
2022-04-19 01:35:40 INFO::No. regions with at least one SNP/gene for chr20: 38
2022-04-19 01:35:40 INFO::Merge regions for chr20
2022-04-19 01:35:40 INFO::No. regions with at least one SNP/gene for chr20 after merging: 36
2022-04-19 01:35:41 INFO::No. regions with at least one SNP/gene for chr21: 15
2022-04-19 01:35:41 INFO::Merge regions for chr21
2022-04-19 01:35:41 INFO::No. regions with at least one SNP/gene for chr21 after merging: 15
2022-04-19 01:35:42 INFO::No. regions with at least one SNP/gene for chr22: 24
2022-04-19 01:35:42 INFO::Merge regions for chr22
2022-04-19 01:35:42 INFO::No. regions with at least one SNP/gene for chr22 after merging: 21
2022-04-19 01:35:42 INFO::Trim regions with SNPs more than 20000
2022-04-19 01:35:42 INFO::Adding R matrix info, as genotype is not given
2022-04-19 01:35:43 INFO::Adding R matrix info for chrom 1
2022-04-19 01:47:47 INFO::Adding R matrix info for chrom 2
2022-04-19 01:57:52 INFO::Adding R matrix info for chrom 3
2022-04-19 02:06:20 INFO::Adding R matrix info for chrom 4
2022-04-19 02:14:49 INFO::Adding R matrix info for chrom 5
2022-04-19 02:22:18 INFO::Adding R matrix info for chrom 6
2022-04-19 02:31:26 INFO::Adding R matrix info for chrom 7
2022-04-19 02:38:39 INFO::Adding R matrix info for chrom 8
2022-04-19 02:45:51 INFO::Adding R matrix info for chrom 9
2022-04-19 02:51:33 INFO::Adding R matrix info for chrom 10
2022-04-19 02:57:58 INFO::Adding R matrix info for chrom 11
2022-04-19 03:06:07 INFO::Adding R matrix info for chrom 12
2022-04-19 03:12:51 INFO::Adding R matrix info for chrom 13
2022-04-19 03:17:04 INFO::Adding R matrix info for chrom 14
2022-04-19 03:21:59 INFO::Adding R matrix info for chrom 15
2022-04-19 03:25:34 INFO::Adding R matrix info for chrom 16
2022-04-19 03:29:18 INFO::Adding R matrix info for chrom 17
2022-04-19 03:33:54 INFO::Adding R matrix info for chrom 18
2022-04-19 03:37:15 INFO::Adding R matrix info for chrom 19
2022-04-19 03:42:47 INFO::Adding R matrix info for chrom 20
2022-04-19 03:46:32 INFO::Adding R matrix info for chrom 21
2022-04-19 03:47:21 INFO::Adding R matrix info for chrom 22
2022-04-19 03:51:48 INFO::Number of regions that contains strong gene signals: 11
2022-04-19 03:51:48 INFO::Rerun susie for regions with strong gene signals using full SNPs.
2022-04-19 03:51:48 INFO::run iteration 1
starting worker pid=27636 on localhost:11708 at 03:51:49.340
2022-04-19 03:55:17 INFO::After iteration 1, gene prior 0.0743848511868419:, SNP prior:0.000851029244386084
$group_prior
[1] 0.0143818632 0.0003031144

$group_prior_var
[1]  9.893987 10.233172

R version 3.6.1 (2019-07-05)
Platform: x86_64-pc-linux-gnu (64-bit)
Running under: Scientific Linux 7.4 (Nitrogen)

Matrix products: default
BLAS/LAPACK: /software/openblas-0.2.19-el7-x86_64/lib/libopenblas_haswellp-r0.2.19.so

locale:
[1] C

attached base packages:
[1] stats     graphics  grDevices utils     datasets  methods   base     

other attached packages:
[1] data.table_1.14.2 ctwas_0.1.32     

loaded via a namespace (and not attached):
 [1] Rcpp_1.0.8        magrittr_2.0.2    pgenlibr_0.3.1    hms_1.1.1        
 [5] doParallel_1.0.17 bit_4.0.4         lattice_0.20-38   R6_2.5.1         
 [9] rlang_1.0.1       fastmap_1.1.0     foreach_1.5.2     fansi_1.0.2      
[13] blob_1.2.2        tools_3.6.1       parallel_3.6.1    grid_3.6.1       
[17] logging_0.10-108  utf8_1.2.2        cli_3.1.0         DBI_1.1.2        
[21] iterators_1.0.14  ellipsis_0.3.2    bit64_4.0.5       tibble_3.1.6     
[25] lifecycle_1.0.1   crayon_1.5.0      Matrix_1.2-18     tzdb_0.2.0       
[29] readr_2.1.1       vctrs_0.3.8       codetools_0.2-16  memoise_2.0.1    
[33] cachem_1.0.6      RSQLite_2.2.8     pillar_1.6.4      compiler_3.6.1   
[37] pkgconfig_2.0.3  
