[1] "/project2/xinhe/shengqian/cTWAS/cTWAS_analysis/data/scz_2018.RDS"              
[2] "/project2/mstephens/wcrouse/UKB_LDR_0.1"                                       
[3] "/project2/compbio/predictdb/mashr_models/mashr_Brain_Hippocampus.db"           
[4] "/project2/xinhe/shengqian/cTWAS/cTWAS_analysis/code/ctwas_config.R"            
[5] "SCZ_Brain_Hippocampus_expr"                                                    
[6] "SCZ_Brain_Hippocampus_ctwas"                                                   
[7] "/project2/xinhe/shengqian/cTWAS/cTWAS_analysis/data/SCZ_2018/Brain_Hippocampus"
2022-04-18 15:49:12 INFO::Flipping z scores to match LD reference
2022-04-18 15:49:16 INFO::Reading weights for chromosome 1
2022-04-18 15:49:18 INFO::Number of genes with weights provided: 13526
2022-04-18 15:49:18 INFO::Collecting gene weight information ...
2022-04-18 15:49:18 INFO::Flipping weights to match LD reference
2022-04-18 15:49:18 INFO::Harmonizing strand ambiguous weights using correlations with unambiguous variants
2022-04-18 16:00:47 INFO::Start gene z score imputation ...
2022-04-18 16:00:47 INFO::Using given LD matrices to impute gene z score.
2022-04-18 16:10:39 INFO::Imputation done, writing results to output...
2022-04-18 16:10:39 INFO::Imputation done: number of genes with imputed expression: 933 for chr 1
2022-04-18 16:10:40 INFO::Flipping z scores to match LD reference
2022-04-18 16:10:41 INFO::Reading weights for chromosome 2
2022-04-18 16:10:41 INFO::Number of genes with weights provided: 13526
2022-04-18 16:10:41 INFO::Collecting gene weight information ...
2022-04-18 16:10:41 INFO::Flipping weights to match LD reference
2022-04-18 16:10:41 INFO::Harmonizing strand ambiguous weights using correlations with unambiguous variants
2022-04-18 16:20:22 INFO::Start gene z score imputation ...
2022-04-18 16:20:22 INFO::Using given LD matrices to impute gene z score.
2022-04-18 16:29:35 INFO::Imputation done, writing results to output...
2022-04-18 16:29:35 INFO::Imputation done: number of genes with imputed expression: 692 for chr 2
2022-04-18 16:29:36 INFO::Flipping z scores to match LD reference
2022-04-18 16:29:38 INFO::Reading weights for chromosome 3
2022-04-18 16:29:38 INFO::Number of genes with weights provided: 13526
2022-04-18 16:29:38 INFO::Collecting gene weight information ...
2022-04-18 16:29:38 INFO::Flipping weights to match LD reference
2022-04-18 16:29:38 INFO::Harmonizing strand ambiguous weights using correlations with unambiguous variants
2022-04-18 16:36:22 INFO::Start gene z score imputation ...
2022-04-18 16:36:22 INFO::Using given LD matrices to impute gene z score.
2022-04-18 16:44:15 INFO::Imputation done, writing results to output...
2022-04-18 16:44:15 INFO::Imputation done: number of genes with imputed expression: 571 for chr 3
2022-04-18 16:44:16 INFO::Flipping z scores to match LD reference
2022-04-18 16:44:18 INFO::Reading weights for chromosome 4
2022-04-18 16:44:18 INFO::Number of genes with weights provided: 13526
2022-04-18 16:44:18 INFO::Collecting gene weight information ...
2022-04-18 16:44:18 INFO::Flipping weights to match LD reference
2022-04-18 16:44:18 INFO::Harmonizing strand ambiguous weights using correlations with unambiguous variants
2022-04-18 16:49:20 INFO::Start gene z score imputation ...
2022-04-18 16:49:20 INFO::Using given LD matrices to impute gene z score.
2022-04-18 16:56:47 INFO::Imputation done, writing results to output...
2022-04-18 16:56:48 INFO::Imputation done: number of genes with imputed expression: 374 for chr 4
2022-04-18 16:56:49 INFO::Flipping z scores to match LD reference
2022-04-18 16:56:50 INFO::Reading weights for chromosome 5
2022-04-18 16:56:50 INFO::Number of genes with weights provided: 13526
2022-04-18 16:56:50 INFO::Collecting gene weight information ...
2022-04-18 16:56:50 INFO::Flipping weights to match LD reference
2022-04-18 16:56:50 INFO::Harmonizing strand ambiguous weights using correlations with unambiguous variants
2022-04-18 17:02:47 INFO::Start gene z score imputation ...
2022-04-18 17:02:47 INFO::Using given LD matrices to impute gene z score.
2022-04-18 17:08:10 INFO::Imputation done, writing results to output...
2022-04-18 17:08:10 INFO::Imputation done: number of genes with imputed expression: 467 for chr 5
2022-04-18 17:08:12 INFO::Flipping z scores to match LD reference
2022-04-18 17:08:13 INFO::Reading weights for chromosome 6
2022-04-18 17:08:13 INFO::Number of genes with weights provided: 13526
2022-04-18 17:08:13 INFO::Collecting gene weight information ...
2022-04-18 17:08:13 INFO::Flipping weights to match LD reference
2022-04-18 17:08:13 INFO::Harmonizing strand ambiguous weights using correlations with unambiguous variants
2022-04-18 17:17:22 INFO::Start gene z score imputation ...
2022-04-18 17:17:22 INFO::Using given LD matrices to impute gene z score.
2022-04-18 17:25:40 INFO::Imputation done, writing results to output...
2022-04-18 17:25:40 INFO::Imputation done: number of genes with imputed expression: 524 for chr 6
2022-04-18 17:25:41 INFO::Flipping z scores to match LD reference
2022-04-18 17:25:42 INFO::Reading weights for chromosome 7
2022-04-18 17:25:42 INFO::Number of genes with weights provided: 13526
2022-04-18 17:25:42 INFO::Collecting gene weight information ...
2022-04-18 17:25:42 INFO::Flipping weights to match LD reference
2022-04-18 17:25:42 INFO::Harmonizing strand ambiguous weights using correlations with unambiguous variants
2022-04-18 17:32:24 INFO::Start gene z score imputation ...
2022-04-18 17:32:24 INFO::Using given LD matrices to impute gene z score.
2022-04-18 17:38:06 INFO::Imputation done, writing results to output...
2022-04-18 17:38:07 INFO::Imputation done: number of genes with imputed expression: 440 for chr 7
2022-04-18 17:38:07 INFO::Flipping z scores to match LD reference
2022-04-18 17:38:09 INFO::Reading weights for chromosome 8
2022-04-18 17:38:09 INFO::Number of genes with weights provided: 13526
2022-04-18 17:38:09 INFO::Collecting gene weight information ...
2022-04-18 17:38:09 INFO::Flipping weights to match LD reference
2022-04-18 17:38:09 INFO::Harmonizing strand ambiguous weights using correlations with unambiguous variants
2022-04-18 17:42:32 INFO::Start gene z score imputation ...
2022-04-18 17:42:32 INFO::Using given LD matrices to impute gene z score.
2022-04-18 17:47:40 INFO::Imputation done, writing results to output...
2022-04-18 17:47:40 INFO::Imputation done: number of genes with imputed expression: 350 for chr 8
2022-04-18 17:47:41 INFO::Flipping z scores to match LD reference
2022-04-18 17:47:42 INFO::Reading weights for chromosome 9
2022-04-18 17:47:42 INFO::Number of genes with weights provided: 13526
2022-04-18 17:47:42 INFO::Collecting gene weight information ...
2022-04-18 17:47:42 INFO::Flipping weights to match LD reference
2022-04-18 17:47:42 INFO::Harmonizing strand ambiguous weights using correlations with unambiguous variants
2022-04-18 17:52:49 INFO::Start gene z score imputation ...
2022-04-18 17:52:49 INFO::Using given LD matrices to impute gene z score.
2022-04-18 17:56:42 INFO::Imputation done, writing results to output...
2022-04-18 17:56:42 INFO::Imputation done: number of genes with imputed expression: 368 for chr 9
2022-04-18 17:56:43 INFO::Flipping z scores to match LD reference
2022-04-18 17:56:44 INFO::Reading weights for chromosome 10
2022-04-18 17:56:44 INFO::Number of genes with weights provided: 13526
2022-04-18 17:56:44 INFO::Collecting gene weight information ...
2022-04-18 17:56:44 INFO::Flipping weights to match LD reference
2022-04-18 17:56:44 INFO::Harmonizing strand ambiguous weights using correlations with unambiguous variants
2022-04-18 18:03:17 INFO::Start gene z score imputation ...
2022-04-18 18:03:17 INFO::Using given LD matrices to impute gene z score.
2022-04-18 18:08:35 INFO::Imputation done, writing results to output...
2022-04-18 18:08:35 INFO::Imputation done: number of genes with imputed expression: 387 for chr 10
2022-04-18 18:08:36 INFO::Flipping z scores to match LD reference
2022-04-18 18:08:39 INFO::Reading weights for chromosome 11
2022-04-18 18:08:39 INFO::Number of genes with weights provided: 13526
2022-04-18 18:08:39 INFO::Collecting gene weight information ...
2022-04-18 18:08:39 INFO::Flipping weights to match LD reference
2022-04-18 18:08:39 INFO::Harmonizing strand ambiguous weights using correlations with unambiguous variants
2022-04-18 18:16:09 INFO::Start gene z score imputation ...
2022-04-18 18:16:09 INFO::Using given LD matrices to impute gene z score.
2022-04-18 18:22:34 INFO::Imputation done, writing results to output...
2022-04-18 18:22:35 INFO::Imputation done: number of genes with imputed expression: 579 for chr 11
2022-04-18 18:22:35 INFO::Flipping z scores to match LD reference
2022-04-18 18:22:37 INFO::Reading weights for chromosome 12
2022-04-18 18:22:37 INFO::Number of genes with weights provided: 13526
2022-04-18 18:22:37 INFO::Collecting gene weight information ...
2022-04-18 18:22:37 INFO::Flipping weights to match LD reference
2022-04-18 18:22:37 INFO::Harmonizing strand ambiguous weights using correlations with unambiguous variants
2022-04-18 18:28:54 INFO::Start gene z score imputation ...
2022-04-18 18:28:54 INFO::Using given LD matrices to impute gene z score.
2022-04-18 18:34:26 INFO::Imputation done, writing results to output...
2022-04-18 18:34:26 INFO::Imputation done: number of genes with imputed expression: 538 for chr 12
2022-04-18 18:34:27 INFO::Flipping z scores to match LD reference
2022-04-18 18:34:29 INFO::Reading weights for chromosome 13
2022-04-18 18:34:29 INFO::Number of genes with weights provided: 13526
2022-04-18 18:34:29 INFO::Collecting gene weight information ...
2022-04-18 18:34:29 INFO::Flipping weights to match LD reference
2022-04-18 18:34:29 INFO::Harmonizing strand ambiguous weights using correlations with unambiguous variants
2022-04-18 18:36:59 INFO::Start gene z score imputation ...
2022-04-18 18:36:59 INFO::Using given LD matrices to impute gene z score.
2022-04-18 18:40:35 INFO::Imputation done, writing results to output...
2022-04-18 18:40:35 INFO::Imputation done: number of genes with imputed expression: 199 for chr 13
2022-04-18 18:40:36 INFO::Flipping z scores to match LD reference
2022-04-18 18:40:37 INFO::Reading weights for chromosome 14
2022-04-18 18:40:37 INFO::Number of genes with weights provided: 13526
2022-04-18 18:40:37 INFO::Collecting gene weight information ...
2022-04-18 18:40:37 INFO::Flipping weights to match LD reference
2022-04-18 18:40:37 INFO::Harmonizing strand ambiguous weights using correlations with unambiguous variants
2022-04-18 18:45:39 INFO::Start gene z score imputation ...
2022-04-18 18:45:39 INFO::Using given LD matrices to impute gene z score.
2022-04-18 18:49:39 INFO::Imputation done, writing results to output...
2022-04-18 18:49:39 INFO::Imputation done: number of genes with imputed expression: 328 for chr 14
2022-04-18 18:49:41 INFO::Flipping z scores to match LD reference
2022-04-18 18:49:42 INFO::Reading weights for chromosome 15
2022-04-18 18:49:42 INFO::Number of genes with weights provided: 13526
2022-04-18 18:49:42 INFO::Collecting gene weight information ...
2022-04-18 18:49:42 INFO::Flipping weights to match LD reference
2022-04-18 18:49:42 INFO::Harmonizing strand ambiguous weights using correlations with unambiguous variants
2022-04-18 18:53:19 INFO::Start gene z score imputation ...
2022-04-18 18:53:19 INFO::Using given LD matrices to impute gene z score.
2022-04-18 18:56:11 INFO::Imputation done, writing results to output...
2022-04-18 18:56:11 INFO::Imputation done: number of genes with imputed expression: 331 for chr 15
2022-04-18 18:56:12 INFO::Flipping z scores to match LD reference
2022-04-18 18:56:13 INFO::Reading weights for chromosome 16
2022-04-18 18:56:13 INFO::Number of genes with weights provided: 13526
2022-04-18 18:56:13 INFO::Collecting gene weight information ...
2022-04-18 18:56:13 INFO::Flipping weights to match LD reference
2022-04-18 18:56:13 INFO::Harmonizing strand ambiguous weights using correlations with unambiguous variants
2022-04-18 19:00:28 INFO::Start gene z score imputation ...
2022-04-18 19:00:28 INFO::Using given LD matrices to impute gene z score.
2022-04-18 19:03:24 INFO::Imputation done, writing results to output...
2022-04-18 19:03:24 INFO::Imputation done: number of genes with imputed expression: 401 for chr 16
2022-04-18 19:03:25 INFO::Flipping z scores to match LD reference
2022-04-18 19:03:26 INFO::Reading weights for chromosome 17
2022-04-18 19:03:26 INFO::Number of genes with weights provided: 13526
2022-04-18 19:03:26 INFO::Collecting gene weight information ...
2022-04-18 19:03:26 INFO::Flipping weights to match LD reference
2022-04-18 19:03:26 INFO::Harmonizing strand ambiguous weights using correlations with unambiguous variants
2022-04-18 19:11:22 INFO::Start gene z score imputation ...
2022-04-18 19:11:22 INFO::Using given LD matrices to impute gene z score.
2022-04-18 19:15:08 INFO::Imputation done, writing results to output...
2022-04-18 19:15:09 INFO::Imputation done: number of genes with imputed expression: 589 for chr 17
2022-04-18 19:15:09 INFO::Flipping z scores to match LD reference
2022-04-18 19:15:10 INFO::Reading weights for chromosome 18
2022-04-18 19:15:10 INFO::Number of genes with weights provided: 13526
2022-04-18 19:15:10 INFO::Collecting gene weight information ...
2022-04-18 19:15:10 INFO::Flipping weights to match LD reference
2022-04-18 19:15:10 INFO::Harmonizing strand ambiguous weights using correlations with unambiguous variants
2022-04-18 19:17:33 INFO::Start gene z score imputation ...
2022-04-18 19:17:33 INFO::Using given LD matrices to impute gene z score.
2022-04-18 19:20:09 INFO::Imputation done, writing results to output...
2022-04-18 19:20:10 INFO::Imputation done: number of genes with imputed expression: 153 for chr 18
2022-04-18 19:20:11 INFO::Flipping z scores to match LD reference
2022-04-18 19:20:12 INFO::Reading weights for chromosome 19
2022-04-18 19:20:12 INFO::Number of genes with weights provided: 13526
2022-04-18 19:20:12 INFO::Collecting gene weight information ...
2022-04-18 19:20:12 INFO::Flipping weights to match LD reference
2022-04-18 19:20:12 INFO::Harmonizing strand ambiguous weights using correlations with unambiguous variants
2022-04-18 19:29:17 INFO::Start gene z score imputation ...
2022-04-18 19:29:17 INFO::Using given LD matrices to impute gene z score.
2022-04-18 19:34:21 INFO::Imputation done, writing results to output...
2022-04-18 19:34:22 INFO::Imputation done: number of genes with imputed expression: 755 for chr 19
2022-04-18 19:34:22 INFO::Flipping z scores to match LD reference
2022-04-18 19:34:23 INFO::Reading weights for chromosome 20
2022-04-18 19:34:23 INFO::Number of genes with weights provided: 13526
2022-04-18 19:34:23 INFO::Collecting gene weight information ...
2022-04-18 19:34:23 INFO::Flipping weights to match LD reference
2022-04-18 19:34:23 INFO::Harmonizing strand ambiguous weights using correlations with unambiguous variants
2022-04-18 19:38:07 INFO::Start gene z score imputation ...
2022-04-18 19:38:07 INFO::Using given LD matrices to impute gene z score.
2022-04-18 19:40:47 INFO::Imputation done, writing results to output...
2022-04-18 19:40:48 INFO::Imputation done: number of genes with imputed expression: 277 for chr 20
2022-04-18 19:40:48 INFO::Flipping z scores to match LD reference
2022-04-18 19:40:49 INFO::Reading weights for chromosome 21
2022-04-18 19:40:49 INFO::Number of genes with weights provided: 13526
2022-04-18 19:40:49 INFO::Collecting gene weight information ...
2022-04-18 19:40:49 INFO::Flipping weights to match LD reference
2022-04-18 19:40:49 INFO::Harmonizing strand ambiguous weights using correlations with unambiguous variants
2022-04-18 19:42:23 INFO::Start gene z score imputation ...
2022-04-18 19:42:23 INFO::Using given LD matrices to impute gene z score.
2022-04-18 19:42:51 INFO::Imputation done, writing results to output...
2022-04-18 19:42:51 INFO::Imputation done: number of genes with imputed expression: 25 for chr 21
2022-04-18 19:42:51 INFO::Flipping z scores to match LD reference
2022-04-18 19:42:52 INFO::Reading weights for chromosome 22
2022-04-18 19:42:52 INFO::Number of genes with weights provided: 13526
2022-04-18 19:42:52 INFO::Collecting gene weight information ...
2022-04-18 19:42:52 INFO::Flipping weights to match LD reference
2022-04-18 19:42:52 INFO::Harmonizing strand ambiguous weights using correlations with unambiguous variants
2022-04-18 19:45:44 INFO::Start gene z score imputation ...
2022-04-18 19:45:44 INFO::Using given LD matrices to impute gene z score.
2022-04-18 19:47:19 INFO::Imputation done, writing results to output...
2022-04-18 19:47:19 INFO::Imputation done: number of genes with imputed expression: 248 for chr 22
2022-04-18 19:47:40 INFO::ctwas started ...
2022-04-18 19:47:58 INFO::LD region file: /home/shengqian/R/x86_64-pc-linux-gnu-library/3.6/ctwas/extdata/ldetect/EUR.b38.bed
2022-04-18 19:48:06 INFO::No. LD regions: 1700
2022-04-18 19:48:13 INFO::No. regions with at least one SNP/gene for chr1: 131
2022-04-18 19:48:13 INFO::Merge regions for chr1
2022-04-18 19:48:13 INFO::No. regions with at least one SNP/gene for chr1 after merging: 129
2022-04-18 19:48:20 INFO::No. regions with at least one SNP/gene for chr2: 143
2022-04-18 19:48:20 INFO::Merge regions for chr2
2022-04-18 19:48:20 INFO::No. regions with at least one SNP/gene for chr2 after merging: 141
2022-04-18 19:48:25 INFO::No. regions with at least one SNP/gene for chr3: 122
2022-04-18 19:48:25 INFO::Merge regions for chr3
2022-04-18 19:48:25 INFO::No. regions with at least one SNP/gene for chr3 after merging: 120
2022-04-18 19:48:29 INFO::No. regions with at least one SNP/gene for chr4: 122
2022-04-18 19:48:29 INFO::Merge regions for chr4
2022-04-18 19:48:29 INFO::No. regions with at least one SNP/gene for chr4 after merging: 120
2022-04-18 19:48:33 INFO::No. regions with at least one SNP/gene for chr5: 110
2022-04-18 19:48:33 INFO::Merge regions for chr5
2022-04-18 19:48:33 INFO::No. regions with at least one SNP/gene for chr5 after merging: 110
2022-04-18 19:48:38 INFO::No. regions with at least one SNP/gene for chr6: 112
2022-04-18 19:48:38 INFO::Merge regions for chr6
2022-04-18 19:48:38 INFO::No. regions with at least one SNP/gene for chr6 after merging: 110
2022-04-18 19:48:41 INFO::No. regions with at least one SNP/gene for chr7: 99
2022-04-18 19:48:41 INFO::Merge regions for chr7
2022-04-18 19:48:41 INFO::No. regions with at least one SNP/gene for chr7 after merging: 97
2022-04-18 19:48:45 INFO::No. regions with at least one SNP/gene for chr8: 92
2022-04-18 19:48:45 INFO::Merge regions for chr8
2022-04-18 19:48:45 INFO::No. regions with at least one SNP/gene for chr8 after merging: 90
2022-04-18 19:48:48 INFO::No. regions with at least one SNP/gene for chr9: 74
2022-04-18 19:48:48 INFO::Merge regions for chr9
2022-04-18 19:48:48 INFO::No. regions with at least one SNP/gene for chr9 after merging: 74
2022-04-18 19:48:50 INFO::No. regions with at least one SNP/gene for chr10: 85
2022-04-18 19:48:50 INFO::Merge regions for chr10
2022-04-18 19:48:50 INFO::No. regions with at least one SNP/gene for chr10 after merging: 84
2022-04-18 19:48:54 INFO::No. regions with at least one SNP/gene for chr11: 84
2022-04-18 19:48:54 INFO::Merge regions for chr11
2022-04-18 19:48:54 INFO::No. regions with at least one SNP/gene for chr11 after merging: 82
2022-04-18 19:48:57 INFO::No. regions with at least one SNP/gene for chr12: 82
2022-04-18 19:48:57 INFO::Merge regions for chr12
2022-04-18 19:48:57 INFO::No. regions with at least one SNP/gene for chr12 after merging: 81
2022-04-18 19:48:59 INFO::No. regions with at least one SNP/gene for chr13: 62
2022-04-18 19:48:59 INFO::Merge regions for chr13
2022-04-18 19:48:59 INFO::No. regions with at least one SNP/gene for chr13 after merging: 61
2022-04-18 19:49:01 INFO::No. regions with at least one SNP/gene for chr14: 56
2022-04-18 19:49:01 INFO::Merge regions for chr14
2022-04-18 19:49:01 INFO::No. regions with at least one SNP/gene for chr14 after merging: 53
2022-04-18 19:49:03 INFO::No. regions with at least one SNP/gene for chr15: 50
2022-04-18 19:49:03 INFO::Merge regions for chr15
2022-04-18 19:49:03 INFO::No. regions with at least one SNP/gene for chr15 after merging: 50
2022-04-18 19:49:04 INFO::No. regions with at least one SNP/gene for chr16: 50
2022-04-18 19:49:04 INFO::Merge regions for chr16
2022-04-18 19:49:04 INFO::No. regions with at least one SNP/gene for chr16 after merging: 50
2022-04-18 19:49:07 INFO::No. regions with at least one SNP/gene for chr17: 47
2022-04-18 19:49:07 INFO::Merge regions for chr17
2022-04-18 19:49:07 INFO::No. regions with at least one SNP/gene for chr17 after merging: 46
2022-04-18 19:49:08 INFO::No. regions with at least one SNP/gene for chr18: 47
2022-04-18 19:49:08 INFO::Merge regions for chr18
2022-04-18 19:49:08 INFO::No. regions with at least one SNP/gene for chr18 after merging: 47
2022-04-18 19:49:09 INFO::No. regions with at least one SNP/gene for chr19: 39
2022-04-18 19:49:09 INFO::Merge regions for chr19
2022-04-18 19:49:09 INFO::No. regions with at least one SNP/gene for chr19 after merging: 37
2022-04-18 19:49:10 INFO::No. regions with at least one SNP/gene for chr20: 38
2022-04-18 19:49:10 INFO::Merge regions for chr20
2022-04-18 19:49:10 INFO::No. regions with at least one SNP/gene for chr20 after merging: 38
2022-04-18 19:49:11 INFO::No. regions with at least one SNP/gene for chr21: 15
2022-04-18 19:49:11 INFO::Merge regions for chr21
2022-04-18 19:49:11 INFO::No. regions with at least one SNP/gene for chr21 after merging: 15
2022-04-18 19:49:13 INFO::No. regions with at least one SNP/gene for chr22: 24
2022-04-18 19:49:13 INFO::Merge regions for chr22
2022-04-18 19:49:13 INFO::No. regions with at least one SNP/gene for chr22 after merging: 23
2022-04-18 19:49:13 INFO::Trim regions with SNPs more than Inf
2022-04-18 19:49:13 INFO::Adding R matrix info, as genotype is not given
2022-04-18 19:49:14 INFO::Adding R matrix info for chrom 1
2022-04-18 20:00:06 INFO::Adding R matrix info for chrom 2
2022-04-18 20:10:18 INFO::Adding R matrix info for chrom 3
2022-04-18 20:18:47 INFO::Adding R matrix info for chrom 4
2022-04-18 20:27:29 INFO::Adding R matrix info for chrom 5
2022-04-18 20:34:37 INFO::Adding R matrix info for chrom 6
2022-04-18 20:43:53 INFO::Adding R matrix info for chrom 7
2022-04-18 20:50:45 INFO::Adding R matrix info for chrom 8
2022-04-18 20:57:28 INFO::Adding R matrix info for chrom 9
2022-04-18 21:02:30 INFO::Adding R matrix info for chrom 10
2022-04-18 21:08:52 INFO::Adding R matrix info for chrom 11
2022-04-18 21:16:33 INFO::Adding R matrix info for chrom 12
2022-04-18 21:23:04 INFO::Adding R matrix info for chrom 13
2022-04-18 21:27:24 INFO::Adding R matrix info for chrom 14
2022-04-18 21:32:33 INFO::Adding R matrix info for chrom 15
2022-04-18 21:35:54 INFO::Adding R matrix info for chrom 16
2022-04-18 21:39:19 INFO::Adding R matrix info for chrom 17
2022-04-18 21:43:37 INFO::Adding R matrix info for chrom 18
2022-04-18 21:46:57 INFO::Adding R matrix info for chrom 19
2022-04-18 21:52:37 INFO::Adding R matrix info for chrom 20
2022-04-18 21:55:32 INFO::Adding R matrix info for chrom 21
2022-04-18 21:56:21 INFO::Adding R matrix info for chrom 22
2022-04-18 21:58:13 INFO::Run susie iteratively, getting rough estimate ...
2022-04-18 21:58:13 INFO::run iteration 1
starting worker pid=37651 on localhost:11470 at 21:58:14.630
starting worker pid=37665 on localhost:11470 at 21:58:15.073
starting worker pid=37678 on localhost:11470 at 21:58:15.511
starting worker pid=37692 on localhost:11470 at 21:58:15.950
starting worker pid=37705 on localhost:11470 at 21:58:16.391
starting worker pid=37718 on localhost:11470 at 21:58:16.829
starting worker pid=37732 on localhost:11470 at 21:58:17.272
starting worker pid=37745 on localhost:11470 at 21:58:17.707
starting worker pid=37758 on localhost:11470 at 21:58:18.143
starting worker pid=37789 on localhost:11470 at 21:58:18.580
2022-04-18 22:05:59 INFO::After iteration 1, gene prior 0.00385717383790499:, SNP prior:0.00256934681019438
2022-04-18 22:05:59 INFO::run iteration 2
starting worker pid=38309 on localhost:11470 at 22:05:59.998
starting worker pid=38322 on localhost:11470 at 22:06:00.482
starting worker pid=38336 on localhost:11470 at 22:06:00.954
starting worker pid=38349 on localhost:11470 at 22:06:01.403
starting worker pid=38362 on localhost:11470 at 22:06:01.842
starting worker pid=38376 on localhost:11470 at 22:06:02.285
starting worker pid=38389 on localhost:11470 at 22:06:02.725
starting worker pid=38402 on localhost:11470 at 22:06:03.162
starting worker pid=38416 on localhost:11470 at 22:06:03.601
starting worker pid=38429 on localhost:11470 at 22:06:04.040
2022-04-18 22:13:39 INFO::After iteration 2, gene prior 0.00461694319006425:, SNP prior:0.00225212049161131
2022-04-18 22:13:39 INFO::run iteration 3
starting worker pid=38955 on localhost:11470 at 22:13:40.149
starting worker pid=38969 on localhost:11470 at 22:13:40.612
starting worker pid=38982 on localhost:11470 at 22:13:41.090
starting worker pid=38995 on localhost:11470 at 22:13:41.554
starting worker pid=39009 on localhost:11470 at 22:13:42.001
starting worker pid=39022 on localhost:11470 at 22:13:42.440
starting worker pid=39035 on localhost:11470 at 22:13:42.880
starting worker pid=39049 on localhost:11470 at 22:13:43.320
starting worker pid=39062 on localhost:11470 at 22:13:43.763
starting worker pid=39075 on localhost:11470 at 22:13:44.201
2022-04-18 22:21:22 INFO::After iteration 3, gene prior 0.00555074559256982:, SNP prior:0.00215008604050327
2022-04-18 22:21:22 INFO::Blocks are filtered: 834 blocks left
2022-04-18 22:21:22 INFO::Run susie iteratively, getting accurate estimate ...
2022-04-18 22:21:22 INFO::run iteration 1
starting worker pid=40262 on localhost:11470 at 22:21:22.879
starting worker pid=40276 on localhost:11470 at 22:21:23.369
starting worker pid=40289 on localhost:11470 at 22:21:23.844
starting worker pid=40303 on localhost:11470 at 22:21:24.312
starting worker pid=40316 on localhost:11470 at 22:21:24.752
starting worker pid=40329 on localhost:11470 at 22:21:25.190
starting worker pid=40343 on localhost:11470 at 22:21:25.630
starting worker pid=40356 on localhost:11470 at 22:21:26.071
starting worker pid=40369 on localhost:11470 at 22:21:26.512
starting worker pid=40383 on localhost:11470 at 22:21:26.951
2022-04-18 22:26:03 INFO::After iteration 1, gene prior 0.00761459150521412:, SNP prior:0.00255193016892724
2022-04-18 22:26:03 INFO::run iteration 2
starting worker pid=40697 on localhost:11470 at 22:26:04.263
starting worker pid=40710 on localhost:11470 at 22:26:04.717
starting worker pid=40724 on localhost:11470 at 22:26:05.171
starting worker pid=40737 on localhost:11470 at 22:26:05.634
starting worker pid=40750 on localhost:11470 at 22:26:06.090
starting worker pid=40764 on localhost:11470 at 22:26:06.533
starting worker pid=40777 on localhost:11470 at 22:26:06.969
starting worker pid=40790 on localhost:11470 at 22:26:07.414
starting worker pid=40804 on localhost:11470 at 22:26:07.852
starting worker pid=40817 on localhost:11470 at 22:26:08.291
2022-04-18 22:30:44 INFO::After iteration 2, gene prior 0.00905658859911335:, SNP prior:0.00282390032198313
2022-04-18 22:30:44 INFO::run iteration 3
starting worker pid=41131 on localhost:11470 at 22:30:44.834
starting worker pid=41145 on localhost:11470 at 22:30:45.323
starting worker pid=41158 on localhost:11470 at 22:30:45.804
starting worker pid=41172 on localhost:11470 at 22:30:46.259
starting worker pid=41208 on localhost:11470 at 22:30:46.704
starting worker pid=41221 on localhost:11470 at 22:30:47.140
starting worker pid=41244 on localhost:11470 at 22:30:47.584
starting worker pid=41270 on localhost:11470 at 22:30:48.024
starting worker pid=41283 on localhost:11470 at 22:30:48.473
starting worker pid=41297 on localhost:11470 at 22:30:48.919
2022-04-18 22:35:30 INFO::After iteration 3, gene prior 0.0100812439418226:, SNP prior:0.00299473830466194
2022-04-18 22:35:31 INFO::run iteration 4
starting worker pid=41619 on localhost:11470 at 22:35:31.533
starting worker pid=41632 on localhost:11470 at 22:35:31.988
starting worker pid=41646 on localhost:11470 at 22:35:32.462
starting worker pid=41659 on localhost:11470 at 22:35:32.911
starting worker pid=41673 on localhost:11470 at 22:35:33.352
starting worker pid=41686 on localhost:11470 at 22:35:33.794
starting worker pid=41699 on localhost:11470 at 22:35:34.235
starting worker pid=41713 on localhost:11470 at 22:35:34.681
starting worker pid=41726 on localhost:11470 at 22:35:35.125
starting worker pid=41739 on localhost:11470 at 22:35:35.561
2022-04-18 22:40:12 INFO::After iteration 4, gene prior 0.010750272672168:, SNP prior:0.00307681223910639
2022-04-18 22:40:12 INFO::run iteration 5
starting worker pid=42052 on localhost:11470 at 22:40:13.138
starting worker pid=42066 on localhost:11470 at 22:40:13.612
starting worker pid=42079 on localhost:11470 at 22:40:14.086
starting worker pid=42093 on localhost:11470 at 22:40:14.555
starting worker pid=42106 on localhost:11470 at 22:40:14.995
starting worker pid=42119 on localhost:11470 at 22:40:15.433
starting worker pid=42133 on localhost:11470 at 22:40:15.883
starting worker pid=42146 on localhost:11470 at 22:40:16.322
starting worker pid=42159 on localhost:11470 at 22:40:16.761
starting worker pid=42173 on localhost:11470 at 22:40:17.203
2022-04-18 22:44:54 INFO::After iteration 5, gene prior 0.011195221242645:, SNP prior:0.00311022985597458
2022-04-18 22:44:54 INFO::run iteration 6
starting worker pid=42488 on localhost:11470 at 22:44:55.237
starting worker pid=42502 on localhost:11470 at 22:44:55.692
starting worker pid=42515 on localhost:11470 at 22:44:56.152
starting worker pid=42529 on localhost:11470 at 22:44:56.613
starting worker pid=42542 on localhost:11470 at 22:44:57.052
starting worker pid=42555 on localhost:11470 at 22:44:57.491
starting worker pid=42569 on localhost:11470 at 22:44:57.932
starting worker pid=42582 on localhost:11470 at 22:44:58.372
starting worker pid=42595 on localhost:11470 at 22:44:58.812
starting worker pid=42609 on localhost:11470 at 22:44:59.250
2022-04-18 22:49:35 INFO::After iteration 6, gene prior 0.0115080769867526:, SNP prior:0.00312174060765562
2022-04-18 22:49:35 INFO::run iteration 7
starting worker pid=43649 on localhost:11470 at 22:49:36.364
starting worker pid=43663 on localhost:11470 at 22:49:36.829
starting worker pid=43676 on localhost:11470 at 22:49:37.292
starting worker pid=43690 on localhost:11470 at 22:49:37.744
starting worker pid=43703 on localhost:11470 at 22:49:38.184
starting worker pid=43716 on localhost:11470 at 22:49:38.620
starting worker pid=43730 on localhost:11470 at 22:49:39.060
starting worker pid=43743 on localhost:11470 at 22:49:39.501
starting worker pid=43756 on localhost:11470 at 22:49:39.952
starting worker pid=43770 on localhost:11470 at 22:49:40.389
2022-04-18 22:54:17 INFO::After iteration 7, gene prior 0.0117421204686123:, SNP prior:0.00312454930043007
2022-04-18 22:54:17 INFO::run iteration 8
starting worker pid=44085 on localhost:11470 at 22:54:17.998
starting worker pid=44098 on localhost:11470 at 22:54:18.448
starting worker pid=44112 on localhost:11470 at 22:54:18.899
starting worker pid=44125 on localhost:11470 at 22:54:19.365
starting worker pid=44138 on localhost:11470 at 22:54:19.825
starting worker pid=44152 on localhost:11470 at 22:54:20.292
starting worker pid=44165 on localhost:11470 at 22:54:20.732
starting worker pid=44178 on localhost:11470 at 22:54:21.176
starting worker pid=44192 on localhost:11470 at 22:54:21.612
starting worker pid=44205 on localhost:11470 at 22:54:22.055
2022-04-18 22:58:58 INFO::After iteration 8, gene prior 0.0119245815043785:, SNP prior:0.00312414517927657
2022-04-18 22:58:59 INFO::run iteration 9
starting worker pid=44519 on localhost:11470 at 22:58:59.482
starting worker pid=44532 on localhost:11470 at 22:58:59.938
starting worker pid=44546 on localhost:11470 at 22:59:00.399
starting worker pid=44559 on localhost:11470 at 22:59:00.874
starting worker pid=44572 on localhost:11470 at 22:59:01.315
starting worker pid=44586 on localhost:11470 at 22:59:01.761
starting worker pid=44599 on localhost:11470 at 22:59:02.207
starting worker pid=44613 on localhost:11470 at 22:59:02.650
starting worker pid=44626 on localhost:11470 at 22:59:03.094
starting worker pid=44639 on localhost:11470 at 22:59:03.534
2022-04-18 23:03:40 INFO::After iteration 9, gene prior 0.0120702747273604:, SNP prior:0.00312270925836643
2022-04-18 23:03:40 INFO::run iteration 10
starting worker pid=44956 on localhost:11470 at 23:03:41.162
starting worker pid=44969 on localhost:11470 at 23:03:41.596
starting worker pid=44982 on localhost:11470 at 23:03:42.051
starting worker pid=44996 on localhost:11470 at 23:03:42.504
starting worker pid=45009 on localhost:11470 at 23:03:42.949
starting worker pid=45022 on localhost:11470 at 23:03:43.392
starting worker pid=45036 on localhost:11470 at 23:03:43.830
starting worker pid=45049 on localhost:11470 at 23:03:44.268
starting worker pid=45062 on localhost:11470 at 23:03:44.710
starting worker pid=45076 on localhost:11470 at 23:03:45.149
2022-04-18 23:08:21 INFO::After iteration 10, gene prior 0.0121881022937121:, SNP prior:0.00312108280105833
2022-04-18 23:08:21 INFO::run iteration 11
starting worker pid=45389 on localhost:11470 at 23:08:22.528
starting worker pid=45402 on localhost:11470 at 23:08:22.967
starting worker pid=45416 on localhost:11470 at 23:08:23.441
starting worker pid=45430 on localhost:11470 at 23:08:23.909
starting worker pid=45443 on localhost:11470 at 23:08:24.364
starting worker pid=45457 on localhost:11470 at 23:08:24.799
starting worker pid=45470 on localhost:11470 at 23:08:25.243
starting worker pid=45483 on localhost:11470 at 23:08:25.680
starting worker pid=45497 on localhost:11470 at 23:08:26.139
starting worker pid=45510 on localhost:11470 at 23:08:26.578
2022-04-18 23:13:03 INFO::After iteration 11, gene prior 0.0122839867039263:, SNP prior:0.00311956716313352
2022-04-18 23:13:03 INFO::run iteration 12
starting worker pid=45810 on localhost:11470 at 23:13:04.129
starting worker pid=45824 on localhost:11470 at 23:13:04.593
starting worker pid=45837 on localhost:11470 at 23:13:05.031
starting worker pid=45850 on localhost:11470 at 23:13:05.471
starting worker pid=45864 on localhost:11470 at 23:13:05.912
starting worker pid=45878 on localhost:11470 at 23:13:06.361
starting worker pid=45891 on localhost:11470 at 23:13:06.803
starting worker pid=45905 on localhost:11470 at 23:13:07.240
starting worker pid=45918 on localhost:11470 at 23:13:07.684
starting worker pid=45931 on localhost:11470 at 23:13:08.122
2022-04-18 23:17:43 INFO::After iteration 12, gene prior 0.0123622253456281:, SNP prior:0.00311825159193861
2022-04-18 23:17:43 INFO::run iteration 13
starting worker pid=46746 on localhost:11470 at 23:17:44.392
starting worker pid=46760 on localhost:11470 at 23:17:44.833
starting worker pid=46773 on localhost:11470 at 23:17:45.257
starting worker pid=46787 on localhost:11470 at 23:17:45.693
starting worker pid=46800 on localhost:11470 at 23:17:46.141
starting worker pid=46863 on localhost:11470 at 23:17:46.593
starting worker pid=46877 on localhost:11470 at 23:17:47.033
starting worker pid=46890 on localhost:11470 at 23:17:47.469
starting worker pid=46903 on localhost:11470 at 23:17:47.912
starting worker pid=46917 on localhost:11470 at 23:17:48.350
2022-04-18 23:22:23 INFO::After iteration 13, gene prior 0.0124261251446654:, SNP prior:0.00311714479654116
2022-04-18 23:22:23 INFO::run iteration 14
starting worker pid=47845 on localhost:11470 at 23:22:24.372
starting worker pid=47858 on localhost:11470 at 23:22:24.832
starting worker pid=47871 on localhost:11470 at 23:22:25.292
starting worker pid=47885 on localhost:11470 at 23:22:25.742
starting worker pid=47898 on localhost:11470 at 23:22:26.184
starting worker pid=47912 on localhost:11470 at 23:22:26.625
starting worker pid=47925 on localhost:11470 at 23:22:27.071
starting worker pid=47938 on localhost:11470 at 23:22:27.510
starting worker pid=47952 on localhost:11470 at 23:22:27.952
starting worker pid=47965 on localhost:11470 at 23:22:28.394
2022-04-18 23:27:04 INFO::After iteration 14, gene prior 0.012478316655242:, SNP prior:0.00311622716333548
2022-04-18 23:27:04 INFO::run iteration 15
starting worker pid=48277 on localhost:11470 at 23:27:04.994
starting worker pid=48291 on localhost:11470 at 23:27:05.427
starting worker pid=48304 on localhost:11470 at 23:27:05.882
starting worker pid=48317 on localhost:11470 at 23:27:06.335
starting worker pid=48331 on localhost:11470 at 23:27:06.775
starting worker pid=48344 on localhost:11470 at 23:27:07.213
starting worker pid=48358 on localhost:11470 at 23:27:07.650
starting worker pid=48371 on localhost:11470 at 23:27:08.096
starting worker pid=48384 on localhost:11470 at 23:27:08.534
starting worker pid=48398 on localhost:11470 at 23:27:08.971
2022-04-18 23:31:44 INFO::After iteration 15, gene prior 0.0125209342653855:, SNP prior:0.00311547222421057
2022-04-18 23:31:44 INFO::run iteration 16
starting worker pid=48762 on localhost:11470 at 23:31:45.129
starting worker pid=48775 on localhost:11470 at 23:31:45.570
starting worker pid=48789 on localhost:11470 at 23:31:46.022
starting worker pid=48802 on localhost:11470 at 23:31:46.483
starting worker pid=48815 on localhost:11470 at 23:31:46.924
starting worker pid=48829 on localhost:11470 at 23:31:47.372
starting worker pid=48842 on localhost:11470 at 23:31:47.814
starting worker pid=48855 on localhost:11470 at 23:31:48.257
starting worker pid=48869 on localhost:11470 at 23:31:48.705
starting worker pid=48882 on localhost:11470 at 23:31:49.145
2022-04-18 23:36:26 INFO::After iteration 16, gene prior 0.0125557209507253:, SNP prior:0.0031148536853329
2022-04-18 23:36:26 INFO::run iteration 17
starting worker pid=49196 on localhost:11470 at 23:36:26.730
starting worker pid=49210 on localhost:11470 at 23:36:27.182
starting worker pid=49223 on localhost:11470 at 23:36:27.640
starting worker pid=49237 on localhost:11470 at 23:36:28.093
starting worker pid=49250 on localhost:11470 at 23:36:28.537
starting worker pid=49263 on localhost:11470 at 23:36:28.981
starting worker pid=49277 on localhost:11470 at 23:36:29.423
starting worker pid=49290 on localhost:11470 at 23:36:29.862
starting worker pid=49303 on localhost:11470 at 23:36:30.304
starting worker pid=49317 on localhost:11470 at 23:36:30.741
2022-04-18 23:41:06 INFO::After iteration 17, gene prior 0.0125841042407818:, SNP prior:0.00311434797747953
2022-04-18 23:41:06 INFO::run iteration 18
starting worker pid=49629 on localhost:11470 at 23:41:07.233
starting worker pid=49642 on localhost:11470 at 23:41:07.702
starting worker pid=49656 on localhost:11470 at 23:41:08.146
starting worker pid=49669 on localhost:11470 at 23:41:08.584
starting worker pid=49682 on localhost:11470 at 23:41:09.024
starting worker pid=49696 on localhost:11470 at 23:41:09.469
starting worker pid=49709 on localhost:11470 at 23:41:09.911
starting worker pid=49723 on localhost:11470 at 23:41:10.351
starting worker pid=49736 on localhost:11470 at 23:41:10.791
starting worker pid=49749 on localhost:11470 at 23:41:11.230
2022-04-18 23:45:48 INFO::After iteration 18, gene prior 0.0126072543305162:, SNP prior:0.00311393505449133
2022-04-18 23:45:48 INFO::run iteration 19
starting worker pid=50065 on localhost:11470 at 23:45:48.977
starting worker pid=50079 on localhost:11470 at 23:45:49.435
starting worker pid=50092 on localhost:11470 at 23:45:49.895
starting worker pid=50106 on localhost:11470 at 23:45:50.332
starting worker pid=50119 on localhost:11470 at 23:45:50.770
starting worker pid=50132 on localhost:11470 at 23:45:51.209
starting worker pid=50146 on localhost:11470 at 23:45:51.654
starting worker pid=50159 on localhost:11470 at 23:45:52.091
starting worker pid=50172 on localhost:11470 at 23:45:52.534
starting worker pid=50186 on localhost:11470 at 23:45:52.982
2022-04-18 23:50:30 INFO::After iteration 19, gene prior 0.0126261300193068:, SNP prior:0.0031135981806249
2022-04-18 23:50:30 INFO::run iteration 20
starting worker pid=51226 on localhost:11470 at 23:50:31.317
starting worker pid=51239 on localhost:11470 at 23:50:31.780
starting worker pid=51253 on localhost:11470 at 23:50:32.242
starting worker pid=51266 on localhost:11470 at 23:50:32.703
starting worker pid=51279 on localhost:11470 at 23:50:33.164
starting worker pid=51293 on localhost:11470 at 23:50:33.604
starting worker pid=51306 on localhost:11470 at 23:50:34.044
starting worker pid=51319 on localhost:11470 at 23:50:34.481
starting worker pid=51333 on localhost:11470 at 23:50:34.922
starting worker pid=51346 on localhost:11470 at 23:50:35.359
2022-04-18 23:55:11 INFO::After iteration 20, gene prior 0.0126415158379015:, SNP prior:0.003113323347562
2022-04-18 23:55:11 INFO::run iteration 21
starting worker pid=51660 on localhost:11470 at 23:55:12.057
starting worker pid=51674 on localhost:11470 at 23:55:12.464
starting worker pid=51687 on localhost:11470 at 23:55:12.901
starting worker pid=51701 on localhost:11470 at 23:55:13.350
starting worker pid=51714 on localhost:11470 at 23:55:13.795
starting worker pid=51727 on localhost:11470 at 23:55:14.239
starting worker pid=51741 on localhost:11470 at 23:55:14.683
starting worker pid=51754 on localhost:11470 at 23:55:15.123
starting worker pid=51767 on localhost:11470 at 23:55:15.560
starting worker pid=51781 on localhost:11470 at 23:55:16.002
2022-04-18 23:59:52 INFO::After iteration 21, gene prior 0.0126540538570269:, SNP prior:0.00311309910026529
2022-04-18 23:59:52 INFO::run iteration 22
starting worker pid=52096 on localhost:11470 at 23:59:53.372
starting worker pid=52109 on localhost:11470 at 23:59:53.824
starting worker pid=52122 on localhost:11470 at 23:59:54.280
starting worker pid=52136 on localhost:11470 at 23:59:54.732
starting worker pid=52149 on localhost:11470 at 23:59:55.196
starting worker pid=52162 on localhost:11470 at 23:59:55.655
starting worker pid=52176 on localhost:11470 at 23:59:56.091
starting worker pid=52189 on localhost:11470 at 23:59:56.533
starting worker pid=52202 on localhost:11470 at 23:59:56.970
starting worker pid=52216 on localhost:11470 at 23:59:57.415
2022-04-19 00:04:34 INFO::After iteration 22, gene prior 0.012664269619816:, SNP prior:0.00311291627043027
2022-04-19 00:04:34 INFO::run iteration 23
starting worker pid=52532 on localhost:11470 at 00:04:34.991
starting worker pid=52545 on localhost:11470 at 00:04:35.449
starting worker pid=52559 on localhost:11470 at 00:04:35.932
starting worker pid=52572 on localhost:11470 at 00:04:36.391
starting worker pid=52585 on localhost:11470 at 00:04:36.830
starting worker pid=52599 on localhost:11470 at 00:04:37.270
starting worker pid=52612 on localhost:11470 at 00:04:37.711
starting worker pid=52625 on localhost:11470 at 00:04:38.150
starting worker pid=52639 on localhost:11470 at 00:04:38.589
starting worker pid=52652 on localhost:11470 at 00:04:39.030
2022-04-19 00:09:16 INFO::After iteration 23, gene prior 0.0126725921017776:, SNP prior:0.00311276727518844
2022-04-19 00:09:16 INFO::run iteration 24
starting worker pid=52966 on localhost:11470 at 00:09:16.992
starting worker pid=52980 on localhost:11470 at 00:09:17.427
starting worker pid=52993 on localhost:11470 at 00:09:17.865
starting worker pid=53007 on localhost:11470 at 00:09:18.343
starting worker pid=53020 on localhost:11470 at 00:09:18.811
starting worker pid=53033 on localhost:11470 at 00:09:19.270
starting worker pid=53047 on localhost:11470 at 00:09:19.724
starting worker pid=53060 on localhost:11470 at 00:09:20.172
starting worker pid=53073 on localhost:11470 at 00:09:20.610
starting worker pid=53087 on localhost:11470 at 00:09:21.051
2022-04-19 00:13:55 INFO::After iteration 24, gene prior 0.0126793713806514:, SNP prior:0.00311264588642064
2022-04-19 00:13:55 INFO::run iteration 25
starting worker pid=53401 on localhost:11470 at 00:13:56.171
starting worker pid=53414 on localhost:11470 at 00:13:56.629
starting worker pid=53427 on localhost:11470 at 00:13:57.085
starting worker pid=53441 on localhost:11470 at 00:13:57.536
starting worker pid=53454 on localhost:11470 at 00:13:57.971
starting worker pid=53468 on localhost:11470 at 00:13:58.411
starting worker pid=53481 on localhost:11470 at 00:13:58.852
starting worker pid=53494 on localhost:11470 at 00:13:59.291
starting worker pid=53508 on localhost:11470 at 00:13:59.732
starting worker pid=53521 on localhost:11470 at 00:14:00.172
2022-04-19 00:18:36 INFO::After iteration 25, gene prior 0.0126848930560942:, SNP prior:0.00311254700680589
2022-04-19 00:18:36 INFO::run iteration 26
starting worker pid=54406 on localhost:11470 at 00:18:36.752
starting worker pid=54422 on localhost:11470 at 00:18:37.191
starting worker pid=54435 on localhost:11470 at 00:18:37.632
starting worker pid=54448 on localhost:11470 at 00:18:38.071
starting worker pid=54462 on localhost:11470 at 00:18:38.511
starting worker pid=54475 on localhost:11470 at 00:18:38.953
starting worker pid=54493 on localhost:11470 at 00:18:39.392
starting worker pid=54506 on localhost:11470 at 00:18:39.840
starting worker pid=54528 on localhost:11470 at 00:18:40.280
starting worker pid=54543 on localhost:11470 at 00:18:40.721
2022-04-19 00:23:17 INFO::After iteration 26, gene prior 0.0126893900501009:, SNP prior:0.00311246647245011
2022-04-19 00:23:17 INFO::run iteration 27
starting worker pid=54968 on localhost:11470 at 00:23:17.657
starting worker pid=54982 on localhost:11470 at 00:23:18.112
starting worker pid=54996 on localhost:11470 at 00:23:18.564
starting worker pid=55010 on localhost:11470 at 00:23:19.015
starting worker pid=55091 on localhost:11470 at 00:23:19.459
starting worker pid=55104 on localhost:11470 at 00:23:19.900
starting worker pid=55117 on localhost:11470 at 00:23:20.343
starting worker pid=55131 on localhost:11470 at 00:23:20.777
starting worker pid=55144 on localhost:11470 at 00:23:21.219
starting worker pid=55157 on localhost:11470 at 00:23:21.663
2022-04-19 00:27:58 INFO::After iteration 27, gene prior 0.0126930522673534:, SNP prior:0.00311240088563639
2022-04-19 00:27:58 INFO::run iteration 28
starting worker pid=55406 on localhost:11470 at 00:27:59.433
starting worker pid=55419 on localhost:11470 at 00:27:59.886
starting worker pid=55433 on localhost:11470 at 00:28:00.314
starting worker pid=55446 on localhost:11470 at 00:28:00.761
starting worker pid=55459 on localhost:11470 at 00:28:01.203
starting worker pid=55473 on localhost:11470 at 00:28:01.641
starting worker pid=55486 on localhost:11470 at 00:28:02.084
starting worker pid=55499 on localhost:11470 at 00:28:02.520
starting worker pid=55513 on localhost:11470 at 00:28:02.963
starting worker pid=55526 on localhost:11470 at 00:28:03.403
2022-04-19 00:32:39 INFO::After iteration 28, gene prior 0.012696034500397:, SNP prior:0.00311234747565344
2022-04-19 00:32:39 INFO::run iteration 29
starting worker pid=55840 on localhost:11470 at 00:32:40.201
starting worker pid=55854 on localhost:11470 at 00:32:40.667
starting worker pid=55867 on localhost:11470 at 00:32:41.131
starting worker pid=55881 on localhost:11470 at 00:32:41.582
starting worker pid=55894 on localhost:11470 at 00:32:42.021
starting worker pid=55911 on localhost:11470 at 00:32:42.461
starting worker pid=55925 on localhost:11470 at 00:32:42.902
starting worker pid=55938 on localhost:11470 at 00:32:43.341
starting worker pid=55951 on localhost:11470 at 00:32:43.784
starting worker pid=55965 on localhost:11470 at 00:32:44.225
2022-04-19 00:37:20 INFO::After iteration 29, gene prior 0.0126984628944033:, SNP prior:0.00311230398403469
2022-04-19 00:37:20 INFO::run iteration 30
starting worker pid=56278 on localhost:11470 at 00:37:20.891
starting worker pid=56291 on localhost:11470 at 00:37:21.351
starting worker pid=56304 on localhost:11470 at 00:37:21.812
starting worker pid=56318 on localhost:11470 at 00:37:22.265
starting worker pid=56331 on localhost:11470 at 00:37:22.701
starting worker pid=56344 on localhost:11470 at 00:37:23.140
starting worker pid=56358 on localhost:11470 at 00:37:23.580
starting worker pid=56371 on localhost:11470 at 00:37:24.020
starting worker pid=56384 on localhost:11470 at 00:37:24.460
starting worker pid=56398 on localhost:11470 at 00:37:24.902
2022-04-19 00:42:01 INFO::After iteration 30, gene prior 0.012700440230417:, SNP prior:0.00311226857037869
2022-04-19 00:42:01 INFO::Run susie for all regions.
2022-04-19 00:42:01 INFO::run iteration 1
starting worker pid=56711 on localhost:11470 at 00:42:01.817
starting worker pid=56725 on localhost:11470 at 00:42:02.259
starting worker pid=56738 on localhost:11470 at 00:42:02.702
starting worker pid=56752 on localhost:11470 at 00:42:03.141
starting worker pid=56765 on localhost:11470 at 00:42:03.583
starting worker pid=56778 on localhost:11470 at 00:42:04.022
starting worker pid=56792 on localhost:11470 at 00:42:04.460
starting worker pid=56805 on localhost:11470 at 00:42:04.913
starting worker pid=56818 on localhost:11470 at 00:42:05.351
starting worker pid=56832 on localhost:11470 at 00:42:05.790
2022-04-19 00:49:54 INFO::After iteration 1, gene prior 0.0370489921269475:, SNP prior:0.0110183125714331
2022-04-19 00:49:55 INFO::No. LD regions: 1700
2022-04-19 00:50:02 INFO::No. regions with at least one SNP/gene for chr1: 131
2022-04-19 00:50:02 INFO::Merge regions for chr1
2022-04-19 00:50:02 INFO::No. regions with at least one SNP/gene for chr1 after merging: 129
2022-04-19 00:50:10 INFO::No. regions with at least one SNP/gene for chr2: 143
2022-04-19 00:50:10 INFO::Merge regions for chr2
2022-04-19 00:50:10 INFO::No. regions with at least one SNP/gene for chr2 after merging: 141
2022-04-19 00:50:16 INFO::No. regions with at least one SNP/gene for chr3: 122
2022-04-19 00:50:16 INFO::Merge regions for chr3
2022-04-19 00:50:16 INFO::No. regions with at least one SNP/gene for chr3 after merging: 120
2022-04-19 00:50:23 INFO::No. regions with at least one SNP/gene for chr4: 122
2022-04-19 00:50:23 INFO::Merge regions for chr4
2022-04-19 00:50:23 INFO::No. regions with at least one SNP/gene for chr4 after merging: 120
2022-04-19 00:50:28 INFO::No. regions with at least one SNP/gene for chr5: 110
2022-04-19 00:50:28 INFO::Merge regions for chr5
2022-04-19 00:50:28 INFO::No. regions with at least one SNP/gene for chr5 after merging: 110
2022-04-19 00:50:32 INFO::No. regions with at least one SNP/gene for chr6: 112
2022-04-19 00:50:32 INFO::Merge regions for chr6
2022-04-19 00:50:32 INFO::No. regions with at least one SNP/gene for chr6 after merging: 110
2022-04-19 00:50:36 INFO::No. regions with at least one SNP/gene for chr7: 99
2022-04-19 00:50:36 INFO::Merge regions for chr7
2022-04-19 00:50:36 INFO::No. regions with at least one SNP/gene for chr7 after merging: 97
2022-04-19 00:50:40 INFO::No. regions with at least one SNP/gene for chr8: 92
2022-04-19 00:50:40 INFO::Merge regions for chr8
2022-04-19 00:50:40 INFO::No. regions with at least one SNP/gene for chr8 after merging: 90
2022-04-19 00:50:42 INFO::No. regions with at least one SNP/gene for chr9: 74
2022-04-19 00:50:42 INFO::Merge regions for chr9
2022-04-19 00:50:42 INFO::No. regions with at least one SNP/gene for chr9 after merging: 74
2022-04-19 00:50:46 INFO::No. regions with at least one SNP/gene for chr10: 85
2022-04-19 00:50:46 INFO::Merge regions for chr10
2022-04-19 00:50:46 INFO::No. regions with at least one SNP/gene for chr10 after merging: 84
2022-04-19 00:50:49 INFO::No. regions with at least one SNP/gene for chr11: 84
2022-04-19 00:50:49 INFO::Merge regions for chr11
2022-04-19 00:50:49 INFO::No. regions with at least one SNP/gene for chr11 after merging: 82
2022-04-19 00:50:52 INFO::No. regions with at least one SNP/gene for chr12: 82
2022-04-19 00:50:52 INFO::Merge regions for chr12
2022-04-19 00:50:52 INFO::No. regions with at least one SNP/gene for chr12 after merging: 81
2022-04-19 00:50:55 INFO::No. regions with at least one SNP/gene for chr13: 62
2022-04-19 00:50:55 INFO::Merge regions for chr13
2022-04-19 00:50:55 INFO::No. regions with at least one SNP/gene for chr13 after merging: 61
2022-04-19 00:50:56 INFO::No. regions with at least one SNP/gene for chr14: 56
2022-04-19 00:50:56 INFO::Merge regions for chr14
2022-04-19 00:50:56 INFO::No. regions with at least one SNP/gene for chr14 after merging: 53
2022-04-19 00:50:58 INFO::No. regions with at least one SNP/gene for chr15: 50
2022-04-19 00:50:58 INFO::Merge regions for chr15
2022-04-19 00:50:58 INFO::No. regions with at least one SNP/gene for chr15 after merging: 50
2022-04-19 00:51:01 INFO::No. regions with at least one SNP/gene for chr16: 50
2022-04-19 00:51:01 INFO::Merge regions for chr16
2022-04-19 00:51:01 INFO::No. regions with at least one SNP/gene for chr16 after merging: 50
2022-04-19 00:51:02 INFO::No. regions with at least one SNP/gene for chr17: 47
2022-04-19 00:51:02 INFO::Merge regions for chr17
2022-04-19 00:51:02 INFO::No. regions with at least one SNP/gene for chr17 after merging: 46
2022-04-19 00:51:04 INFO::No. regions with at least one SNP/gene for chr18: 47
2022-04-19 00:51:04 INFO::Merge regions for chr18
2022-04-19 00:51:04 INFO::No. regions with at least one SNP/gene for chr18 after merging: 47
2022-04-19 00:51:06 INFO::No. regions with at least one SNP/gene for chr19: 39
2022-04-19 00:51:06 INFO::Merge regions for chr19
2022-04-19 00:51:06 INFO::No. regions with at least one SNP/gene for chr19 after merging: 37
2022-04-19 00:51:08 INFO::No. regions with at least one SNP/gene for chr20: 38
2022-04-19 00:51:08 INFO::Merge regions for chr20
2022-04-19 00:51:08 INFO::No. regions with at least one SNP/gene for chr20 after merging: 38
2022-04-19 00:51:09 INFO::No. regions with at least one SNP/gene for chr21: 15
2022-04-19 00:51:09 INFO::Merge regions for chr21
2022-04-19 00:51:09 INFO::No. regions with at least one SNP/gene for chr21 after merging: 15
2022-04-19 00:51:09 INFO::No. regions with at least one SNP/gene for chr22: 24
2022-04-19 00:51:09 INFO::Merge regions for chr22
2022-04-19 00:51:09 INFO::No. regions with at least one SNP/gene for chr22 after merging: 23
2022-04-19 00:51:09 INFO::Trim regions with SNPs more than 20000
2022-04-19 00:51:09 INFO::Adding R matrix info, as genotype is not given
2022-04-19 00:51:10 INFO::Adding R matrix info for chrom 1
2022-04-19 01:01:39 INFO::Adding R matrix info for chrom 2
2022-04-19 01:11:42 INFO::Adding R matrix info for chrom 3
2022-04-19 01:19:54 INFO::Adding R matrix info for chrom 4
2022-04-19 01:27:56 INFO::Adding R matrix info for chrom 5
2022-04-19 01:34:39 INFO::Adding R matrix info for chrom 6
2022-04-19 01:43:35 INFO::Adding R matrix info for chrom 7
2022-04-19 01:50:12 INFO::Adding R matrix info for chrom 8
2022-04-19 01:56:42 INFO::Adding R matrix info for chrom 9
2022-04-19 02:01:39 INFO::Adding R matrix info for chrom 10
2022-04-19 02:07:50 INFO::Adding R matrix info for chrom 11
2022-04-19 02:15:14 INFO::Adding R matrix info for chrom 12
2022-04-19 02:21:37 INFO::Adding R matrix info for chrom 13
2022-04-19 02:25:57 INFO::Adding R matrix info for chrom 14
2022-04-19 02:30:45 INFO::Adding R matrix info for chrom 15
2022-04-19 02:34:01 INFO::Adding R matrix info for chrom 16
2022-04-19 02:37:24 INFO::Adding R matrix info for chrom 17
2022-04-19 02:41:40 INFO::Adding R matrix info for chrom 18
2022-04-19 02:44:59 INFO::Adding R matrix info for chrom 19
2022-04-19 02:50:33 INFO::Adding R matrix info for chrom 20
2022-04-19 02:53:19 INFO::Adding R matrix info for chrom 21
2022-04-19 02:54:08 INFO::Adding R matrix info for chrom 22
2022-04-19 02:58:04 INFO::Number of regions that contains strong gene signals: 13
2022-04-19 02:58:04 INFO::Rerun susie for regions with strong gene signals using full SNPs.
2022-04-19 02:58:04 INFO::run iteration 1
starting worker pid=12188 on localhost:11470 at 02:58:04.954
2022-04-19 03:02:42 INFO::After iteration 1, gene prior 0.0553381646655227:, SNP prior:0.000835797544390076
$group_prior
[1] 0.0127004402 0.0003112269

$group_prior_var
[1] 15.51570 10.19538

R version 3.6.1 (2019-07-05)
Platform: x86_64-pc-linux-gnu (64-bit)
Running under: Scientific Linux 7.4 (Nitrogen)

Matrix products: default
BLAS/LAPACK: /software/openblas-0.2.19-el7-x86_64/lib/libopenblas_haswellp-r0.2.19.so

locale:
[1] C

attached base packages:
[1] stats     graphics  grDevices utils     datasets  methods   base     

other attached packages:
[1] data.table_1.14.2 ctwas_0.1.32     

loaded via a namespace (and not attached):
 [1] Rcpp_1.0.8        magrittr_2.0.2    pgenlibr_0.3.1    hms_1.1.1        
 [5] doParallel_1.0.17 bit_4.0.4         lattice_0.20-38   R6_2.5.1         
 [9] rlang_1.0.1       fastmap_1.1.0     foreach_1.5.2     fansi_1.0.2      
[13] blob_1.2.2        tools_3.6.1       parallel_3.6.1    grid_3.6.1       
[17] logging_0.10-108  utf8_1.2.2        cli_3.1.0         DBI_1.1.2        
[21] iterators_1.0.14  ellipsis_0.3.2    bit64_4.0.5       tibble_3.1.6     
[25] lifecycle_1.0.1   crayon_1.5.0      Matrix_1.2-18     tzdb_0.2.0       
[29] readr_2.1.1       vctrs_0.3.8       codetools_0.2-16  memoise_2.0.1    
[33] cachem_1.0.6      RSQLite_2.2.8     pillar_1.6.4      compiler_3.6.1   
[37] pkgconfig_2.0.3  
