[1] "/project2/xinhe/shengqian/cTWAS/cTWAS_analysis/data/scz_2018.RDS"         
[2] "/project2/mstephens/wcrouse/UKB_LDR_0.1"                                  
[3] "/project2/compbio/predictdb/mashr_models/mashr_Brain_Cortex.db"           
[4] "/project2/xinhe/shengqian/cTWAS/cTWAS_analysis/code/ctwas_config.R"       
[5] "SCZ_Brain_Cortex_expr"                                                    
[6] "SCZ_Brain_Cortex_ctwas"                                                   
[7] "/project2/xinhe/shengqian/cTWAS/cTWAS_analysis/data/SCZ_2018/Brain_Cortex"
2022-04-18 15:49:12 INFO::Flipping z scores to match LD reference
2022-04-18 15:49:16 INFO::Reading weights for chromosome 1
2022-04-18 15:49:18 INFO::Number of genes with weights provided: 14284
2022-04-18 15:49:18 INFO::Collecting gene weight information ...
2022-04-18 15:49:18 INFO::Flipping weights to match LD reference
2022-04-18 15:49:18 INFO::Harmonizing strand ambiguous weights using correlations with unambiguous variants
2022-04-18 16:06:08 INFO::Start gene z score imputation ...
2022-04-18 16:06:08 INFO::Using given LD matrices to impute gene z score.
2022-04-18 16:16:17 INFO::Imputation done, writing results to output...
2022-04-18 16:16:18 INFO::Imputation done: number of genes with imputed expression: 1041 for chr 1
2022-04-18 16:16:19 INFO::Flipping z scores to match LD reference
2022-04-18 16:16:20 INFO::Reading weights for chromosome 2
2022-04-18 16:16:20 INFO::Number of genes with weights provided: 14284
2022-04-18 16:16:20 INFO::Collecting gene weight information ...
2022-04-18 16:16:20 INFO::Flipping weights to match LD reference
2022-04-18 16:16:20 INFO::Harmonizing strand ambiguous weights using correlations with unambiguous variants
2022-04-18 16:27:15 INFO::Start gene z score imputation ...
2022-04-18 16:27:15 INFO::Using given LD matrices to impute gene z score.
2022-04-18 16:36:45 INFO::Imputation done, writing results to output...
2022-04-18 16:36:46 INFO::Imputation done: number of genes with imputed expression: 726 for chr 2
2022-04-18 16:36:47 INFO::Flipping z scores to match LD reference
2022-04-18 16:36:48 INFO::Reading weights for chromosome 3
2022-04-18 16:36:48 INFO::Number of genes with weights provided: 14284
2022-04-18 16:36:48 INFO::Collecting gene weight information ...
2022-04-18 16:36:48 INFO::Flipping weights to match LD reference
2022-04-18 16:36:48 INFO::Harmonizing strand ambiguous weights using correlations with unambiguous variants
2022-04-18 16:44:21 INFO::Start gene z score imputation ...
2022-04-18 16:44:21 INFO::Using given LD matrices to impute gene z score.
2022-04-18 16:53:44 INFO::Imputation done, writing results to output...
2022-04-18 16:53:44 INFO::Imputation done: number of genes with imputed expression: 590 for chr 3
2022-04-18 16:53:46 INFO::Flipping z scores to match LD reference
2022-04-18 16:53:47 INFO::Reading weights for chromosome 4
2022-04-18 16:53:47 INFO::Number of genes with weights provided: 14284
2022-04-18 16:53:47 INFO::Collecting gene weight information ...
2022-04-18 16:53:47 INFO::Flipping weights to match LD reference
2022-04-18 16:53:47 INFO::Harmonizing strand ambiguous weights using correlations with unambiguous variants
2022-04-18 16:59:42 INFO::Start gene z score imputation ...
2022-04-18 16:59:42 INFO::Using given LD matrices to impute gene z score.
2022-04-18 17:05:45 INFO::Imputation done, writing results to output...
2022-04-18 17:05:46 INFO::Imputation done: number of genes with imputed expression: 400 for chr 4
2022-04-18 17:05:47 INFO::Flipping z scores to match LD reference
2022-04-18 17:05:49 INFO::Reading weights for chromosome 5
2022-04-18 17:05:49 INFO::Number of genes with weights provided: 14284
2022-04-18 17:05:49 INFO::Collecting gene weight information ...
2022-04-18 17:05:49 INFO::Flipping weights to match LD reference
2022-04-18 17:05:49 INFO::Harmonizing strand ambiguous weights using correlations with unambiguous variants
2022-04-18 17:12:14 INFO::Start gene z score imputation ...
2022-04-18 17:12:14 INFO::Using given LD matrices to impute gene z score.
2022-04-18 17:18:44 INFO::Imputation done, writing results to output...
2022-04-18 17:18:44 INFO::Imputation done: number of genes with imputed expression: 470 for chr 5
2022-04-18 17:18:45 INFO::Flipping z scores to match LD reference
2022-04-18 17:18:47 INFO::Reading weights for chromosome 6
2022-04-18 17:18:47 INFO::Number of genes with weights provided: 14284
2022-04-18 17:18:47 INFO::Collecting gene weight information ...
2022-04-18 17:18:47 INFO::Flipping weights to match LD reference
2022-04-18 17:18:47 INFO::Harmonizing strand ambiguous weights using correlations with unambiguous variants
2022-04-18 17:30:24 INFO::Start gene z score imputation ...
2022-04-18 17:30:24 INFO::Using given LD matrices to impute gene z score.
2022-04-18 17:39:57 INFO::Imputation done, writing results to output...
2022-04-18 17:39:58 INFO::Imputation done: number of genes with imputed expression: 587 for chr 6
2022-04-18 17:39:59 INFO::Flipping z scores to match LD reference
2022-04-18 17:40:00 INFO::Reading weights for chromosome 7
2022-04-18 17:40:00 INFO::Number of genes with weights provided: 14284
2022-04-18 17:40:00 INFO::Collecting gene weight information ...
2022-04-18 17:40:00 INFO::Flipping weights to match LD reference
2022-04-18 17:40:00 INFO::Harmonizing strand ambiguous weights using correlations with unambiguous variants
2022-04-18 17:48:07 INFO::Start gene z score imputation ...
2022-04-18 17:48:07 INFO::Using given LD matrices to impute gene z score.
2022-04-18 17:54:15 INFO::Imputation done, writing results to output...
2022-04-18 17:54:15 INFO::Imputation done: number of genes with imputed expression: 492 for chr 7
2022-04-18 17:54:16 INFO::Flipping z scores to match LD reference
2022-04-18 17:54:18 INFO::Reading weights for chromosome 8
2022-04-18 17:54:18 INFO::Number of genes with weights provided: 14284
2022-04-18 17:54:18 INFO::Collecting gene weight information ...
2022-04-18 17:54:18 INFO::Flipping weights to match LD reference
2022-04-18 17:54:18 INFO::Harmonizing strand ambiguous weights using correlations with unambiguous variants
2022-04-18 17:59:17 INFO::Start gene z score imputation ...
2022-04-18 17:59:17 INFO::Using given LD matrices to impute gene z score.
2022-04-18 18:04:18 INFO::Imputation done, writing results to output...
2022-04-18 18:04:19 INFO::Imputation done: number of genes with imputed expression: 367 for chr 8
2022-04-18 18:04:20 INFO::Flipping z scores to match LD reference
2022-04-18 18:04:21 INFO::Reading weights for chromosome 9
2022-04-18 18:04:21 INFO::Number of genes with weights provided: 14284
2022-04-18 18:04:21 INFO::Collecting gene weight information ...
2022-04-18 18:04:21 INFO::Flipping weights to match LD reference
2022-04-18 18:04:21 INFO::Harmonizing strand ambiguous weights using correlations with unambiguous variants
2022-04-18 18:10:52 INFO::Start gene z score imputation ...
2022-04-18 18:10:52 INFO::Using given LD matrices to impute gene z score.
2022-04-18 18:15:39 INFO::Imputation done, writing results to output...
2022-04-18 18:15:39 INFO::Imputation done: number of genes with imputed expression: 394 for chr 9
2022-04-18 18:15:40 INFO::Flipping z scores to match LD reference
2022-04-18 18:15:41 INFO::Reading weights for chromosome 10
2022-04-18 18:15:41 INFO::Number of genes with weights provided: 14284
2022-04-18 18:15:41 INFO::Collecting gene weight information ...
2022-04-18 18:15:41 INFO::Flipping weights to match LD reference
2022-04-18 18:15:41 INFO::Harmonizing strand ambiguous weights using correlations with unambiguous variants
2022-04-18 18:22:25 INFO::Start gene z score imputation ...
2022-04-18 18:22:25 INFO::Using given LD matrices to impute gene z score.
2022-04-18 18:27:51 INFO::Imputation done, writing results to output...
2022-04-18 18:27:51 INFO::Imputation done: number of genes with imputed expression: 426 for chr 10
2022-04-18 18:27:53 INFO::Flipping z scores to match LD reference
2022-04-18 18:27:54 INFO::Reading weights for chromosome 11
2022-04-18 18:27:54 INFO::Number of genes with weights provided: 14284
2022-04-18 18:27:54 INFO::Collecting gene weight information ...
2022-04-18 18:27:54 INFO::Flipping weights to match LD reference
2022-04-18 18:27:54 INFO::Harmonizing strand ambiguous weights using correlations with unambiguous variants
2022-04-18 18:35:51 INFO::Start gene z score imputation ...
2022-04-18 18:35:51 INFO::Using given LD matrices to impute gene z score.
2022-04-18 18:43:25 INFO::Imputation done, writing results to output...
2022-04-18 18:43:25 INFO::Imputation done: number of genes with imputed expression: 617 for chr 11
2022-04-18 18:43:26 INFO::Flipping z scores to match LD reference
2022-04-18 18:43:27 INFO::Reading weights for chromosome 12
2022-04-18 18:43:27 INFO::Number of genes with weights provided: 14284
2022-04-18 18:43:27 INFO::Collecting gene weight information ...
2022-04-18 18:43:27 INFO::Flipping weights to match LD reference
2022-04-18 18:43:27 INFO::Harmonizing strand ambiguous weights using correlations with unambiguous variants
2022-04-18 18:51:32 INFO::Start gene z score imputation ...
2022-04-18 18:51:32 INFO::Using given LD matrices to impute gene z score.
2022-04-18 18:58:40 INFO::Imputation done, writing results to output...
2022-04-18 18:58:40 INFO::Imputation done: number of genes with imputed expression: 601 for chr 12
2022-04-18 18:58:41 INFO::Flipping z scores to match LD reference
2022-04-18 18:58:42 INFO::Reading weights for chromosome 13
2022-04-18 18:58:42 INFO::Number of genes with weights provided: 14284
2022-04-18 18:58:42 INFO::Collecting gene weight information ...
2022-04-18 18:58:42 INFO::Flipping weights to match LD reference
2022-04-18 18:58:42 INFO::Harmonizing strand ambiguous weights using correlations with unambiguous variants
2022-04-18 19:01:28 INFO::Start gene z score imputation ...
2022-04-18 19:01:28 INFO::Using given LD matrices to impute gene z score.
2022-04-18 19:04:33 INFO::Imputation done, writing results to output...
2022-04-18 19:04:34 INFO::Imputation done: number of genes with imputed expression: 210 for chr 13
2022-04-18 19:04:37 INFO::Flipping z scores to match LD reference
2022-04-18 19:04:38 INFO::Reading weights for chromosome 14
2022-04-18 19:04:38 INFO::Number of genes with weights provided: 14284
2022-04-18 19:04:38 INFO::Collecting gene weight information ...
2022-04-18 19:04:38 INFO::Flipping weights to match LD reference
2022-04-18 19:04:38 INFO::Harmonizing strand ambiguous weights using correlations with unambiguous variants
2022-04-18 19:10:16 INFO::Start gene z score imputation ...
2022-04-18 19:10:16 INFO::Using given LD matrices to impute gene z score.
2022-04-18 19:13:57 INFO::Imputation done, writing results to output...
2022-04-18 19:13:57 INFO::Imputation done: number of genes with imputed expression: 343 for chr 14
2022-04-18 19:13:58 INFO::Flipping z scores to match LD reference
2022-04-18 19:13:59 INFO::Reading weights for chromosome 15
2022-04-18 19:13:59 INFO::Number of genes with weights provided: 14284
2022-04-18 19:13:59 INFO::Collecting gene weight information ...
2022-04-18 19:13:59 INFO::Flipping weights to match LD reference
2022-04-18 19:13:59 INFO::Harmonizing strand ambiguous weights using correlations with unambiguous variants
2022-04-18 19:17:45 INFO::Start gene z score imputation ...
2022-04-18 19:17:45 INFO::Using given LD matrices to impute gene z score.
2022-04-18 19:21:52 INFO::Imputation done, writing results to output...
2022-04-18 19:21:52 INFO::Imputation done: number of genes with imputed expression: 347 for chr 15
2022-04-18 19:21:53 INFO::Flipping z scores to match LD reference
2022-04-18 19:21:54 INFO::Reading weights for chromosome 16
2022-04-18 19:21:54 INFO::Number of genes with weights provided: 14284
2022-04-18 19:21:54 INFO::Collecting gene weight information ...
2022-04-18 19:21:54 INFO::Flipping weights to match LD reference
2022-04-18 19:21:54 INFO::Harmonizing strand ambiguous weights using correlations with unambiguous variants
2022-04-18 19:27:06 INFO::Start gene z score imputation ...
2022-04-18 19:27:06 INFO::Using given LD matrices to impute gene z score.
2022-04-18 19:30:15 INFO::Imputation done, writing results to output...
2022-04-18 19:30:15 INFO::Imputation done: number of genes with imputed expression: 435 for chr 16
2022-04-18 19:30:16 INFO::Flipping z scores to match LD reference
2022-04-18 19:30:17 INFO::Reading weights for chromosome 17
2022-04-18 19:30:17 INFO::Number of genes with weights provided: 14284
2022-04-18 19:30:17 INFO::Collecting gene weight information ...
2022-04-18 19:30:17 INFO::Flipping weights to match LD reference
2022-04-18 19:30:17 INFO::Harmonizing strand ambiguous weights using correlations with unambiguous variants
2022-04-18 19:38:06 INFO::Start gene z score imputation ...
2022-04-18 19:38:06 INFO::Using given LD matrices to impute gene z score.
2022-04-18 19:42:50 INFO::Imputation done, writing results to output...
2022-04-18 19:42:50 INFO::Imputation done: number of genes with imputed expression: 630 for chr 17
2022-04-18 19:42:51 INFO::Flipping z scores to match LD reference
2022-04-18 19:42:52 INFO::Reading weights for chromosome 18
2022-04-18 19:42:52 INFO::Number of genes with weights provided: 14284
2022-04-18 19:42:52 INFO::Collecting gene weight information ...
2022-04-18 19:42:52 INFO::Flipping weights to match LD reference
2022-04-18 19:42:52 INFO::Harmonizing strand ambiguous weights using correlations with unambiguous variants
2022-04-18 19:46:02 INFO::Start gene z score imputation ...
2022-04-18 19:46:02 INFO::Using given LD matrices to impute gene z score.
2022-04-18 19:48:57 INFO::Imputation done, writing results to output...
2022-04-18 19:48:57 INFO::Imputation done: number of genes with imputed expression: 168 for chr 18
2022-04-18 19:48:57 INFO::Flipping z scores to match LD reference
2022-04-18 19:48:58 INFO::Reading weights for chromosome 19
2022-04-18 19:48:58 INFO::Number of genes with weights provided: 14284
2022-04-18 19:48:58 INFO::Collecting gene weight information ...
2022-04-18 19:48:58 INFO::Flipping weights to match LD reference
2022-04-18 19:48:58 INFO::Harmonizing strand ambiguous weights using correlations with unambiguous variants
2022-04-18 20:00:47 INFO::Start gene z score imputation ...
2022-04-18 20:00:47 INFO::Using given LD matrices to impute gene z score.
2022-04-18 20:06:19 INFO::Imputation done, writing results to output...
2022-04-18 20:06:19 INFO::Imputation done: number of genes with imputed expression: 787 for chr 19
2022-04-18 20:06:20 INFO::Flipping z scores to match LD reference
2022-04-18 20:06:21 INFO::Reading weights for chromosome 20
2022-04-18 20:06:21 INFO::Number of genes with weights provided: 14284
2022-04-18 20:06:21 INFO::Collecting gene weight information ...
2022-04-18 20:06:21 INFO::Flipping weights to match LD reference
2022-04-18 20:06:21 INFO::Harmonizing strand ambiguous weights using correlations with unambiguous variants
2022-04-18 20:11:37 INFO::Start gene z score imputation ...
2022-04-18 20:11:37 INFO::Using given LD matrices to impute gene z score.
2022-04-18 20:15:12 INFO::Imputation done, writing results to output...
2022-04-18 20:15:12 INFO::Imputation done: number of genes with imputed expression: 331 for chr 20
2022-04-18 20:15:13 INFO::Flipping z scores to match LD reference
2022-04-18 20:15:14 INFO::Reading weights for chromosome 21
2022-04-18 20:15:14 INFO::Number of genes with weights provided: 14284
2022-04-18 20:15:14 INFO::Collecting gene weight information ...
2022-04-18 20:15:14 INFO::Flipping weights to match LD reference
2022-04-18 20:15:14 INFO::Harmonizing strand ambiguous weights using correlations with unambiguous variants
2022-04-18 20:17:02 INFO::Start gene z score imputation ...
2022-04-18 20:17:02 INFO::Using given LD matrices to impute gene z score.
2022-04-18 20:17:31 INFO::Imputation done, writing results to output...
2022-04-18 20:17:31 INFO::Imputation done: number of genes with imputed expression: 25 for chr 21
2022-04-18 20:17:31 INFO::Flipping z scores to match LD reference
2022-04-18 20:17:32 INFO::Reading weights for chromosome 22
2022-04-18 20:17:32 INFO::Number of genes with weights provided: 14284
2022-04-18 20:17:32 INFO::Collecting gene weight information ...
2022-04-18 20:17:32 INFO::Flipping weights to match LD reference
2022-04-18 20:17:32 INFO::Harmonizing strand ambiguous weights using correlations with unambiguous variants
2022-04-18 20:20:44 INFO::Start gene z score imputation ...
2022-04-18 20:20:44 INFO::Using given LD matrices to impute gene z score.
2022-04-18 20:22:49 INFO::Imputation done, writing results to output...
2022-04-18 20:22:49 INFO::Imputation done: number of genes with imputed expression: 261 for chr 22
2022-04-18 20:23:09 INFO::ctwas started ...
2022-04-18 20:23:27 INFO::LD region file: /home/shengqian/R/x86_64-pc-linux-gnu-library/3.6/ctwas/extdata/ldetect/EUR.b38.bed
2022-04-18 20:23:34 INFO::No. LD regions: 1700
2022-04-18 20:23:43 INFO::No. regions with at least one SNP/gene for chr1: 131
2022-04-18 20:23:43 INFO::Merge regions for chr1
2022-04-18 20:23:43 INFO::No. regions with at least one SNP/gene for chr1 after merging: 129
2022-04-18 20:23:49 INFO::No. regions with at least one SNP/gene for chr2: 143
2022-04-18 20:23:49 INFO::Merge regions for chr2
2022-04-18 20:23:49 INFO::No. regions with at least one SNP/gene for chr2 after merging: 142
2022-04-18 20:23:55 INFO::No. regions with at least one SNP/gene for chr3: 122
2022-04-18 20:23:55 INFO::Merge regions for chr3
2022-04-18 20:23:55 INFO::No. regions with at least one SNP/gene for chr3 after merging: 116
2022-04-18 20:24:01 INFO::No. regions with at least one SNP/gene for chr4: 122
2022-04-18 20:24:01 INFO::Merge regions for chr4
2022-04-18 20:24:01 INFO::No. regions with at least one SNP/gene for chr4 after merging: 121
2022-04-18 20:24:05 INFO::No. regions with at least one SNP/gene for chr5: 110
2022-04-18 20:24:05 INFO::Merge regions for chr5
2022-04-18 20:24:05 INFO::No. regions with at least one SNP/gene for chr5 after merging: 109
2022-04-18 20:24:10 INFO::No. regions with at least one SNP/gene for chr6: 112
2022-04-18 20:24:10 INFO::Merge regions for chr6
2022-04-18 20:24:10 INFO::No. regions with at least one SNP/gene for chr6 after merging: 110
2022-04-18 20:24:14 INFO::No. regions with at least one SNP/gene for chr7: 99
2022-04-18 20:24:14 INFO::Merge regions for chr7
2022-04-18 20:24:14 INFO::No. regions with at least one SNP/gene for chr7 after merging: 97
2022-04-18 20:24:18 INFO::No. regions with at least one SNP/gene for chr8: 92
2022-04-18 20:24:18 INFO::Merge regions for chr8
2022-04-18 20:24:18 INFO::No. regions with at least one SNP/gene for chr8 after merging: 91
2022-04-18 20:24:21 INFO::No. regions with at least one SNP/gene for chr9: 74
2022-04-18 20:24:21 INFO::Merge regions for chr9
2022-04-18 20:24:21 INFO::No. regions with at least one SNP/gene for chr9 after merging: 73
2022-04-18 20:24:24 INFO::No. regions with at least one SNP/gene for chr10: 85
2022-04-18 20:24:24 INFO::Merge regions for chr10
2022-04-18 20:24:24 INFO::No. regions with at least one SNP/gene for chr10 after merging: 84
2022-04-18 20:24:27 INFO::No. regions with at least one SNP/gene for chr11: 84
2022-04-18 20:24:27 INFO::Merge regions for chr11
2022-04-18 20:24:27 INFO::No. regions with at least one SNP/gene for chr11 after merging: 79
2022-04-18 20:24:31 INFO::No. regions with at least one SNP/gene for chr12: 82
2022-04-18 20:24:31 INFO::Merge regions for chr12
2022-04-18 20:24:31 INFO::No. regions with at least one SNP/gene for chr12 after merging: 79
2022-04-18 20:24:33 INFO::No. regions with at least one SNP/gene for chr13: 62
2022-04-18 20:24:33 INFO::Merge regions for chr13
2022-04-18 20:24:33 INFO::No. regions with at least one SNP/gene for chr13 after merging: 62
2022-04-18 20:24:35 INFO::No. regions with at least one SNP/gene for chr14: 56
2022-04-18 20:24:35 INFO::Merge regions for chr14
2022-04-18 20:24:35 INFO::No. regions with at least one SNP/gene for chr14 after merging: 54
2022-04-18 20:24:37 INFO::No. regions with at least one SNP/gene for chr15: 50
2022-04-18 20:24:37 INFO::Merge regions for chr15
2022-04-18 20:24:37 INFO::No. regions with at least one SNP/gene for chr15 after merging: 47
2022-04-18 20:24:39 INFO::No. regions with at least one SNP/gene for chr16: 50
2022-04-18 20:24:39 INFO::Merge regions for chr16
2022-04-18 20:24:39 INFO::No. regions with at least one SNP/gene for chr16 after merging: 49
2022-04-18 20:24:41 INFO::No. regions with at least one SNP/gene for chr17: 47
2022-04-18 20:24:41 INFO::Merge regions for chr17
2022-04-18 20:24:41 INFO::No. regions with at least one SNP/gene for chr17 after merging: 45
2022-04-18 20:24:42 INFO::No. regions with at least one SNP/gene for chr18: 47
2022-04-18 20:24:42 INFO::Merge regions for chr18
2022-04-18 20:24:42 INFO::No. regions with at least one SNP/gene for chr18 after merging: 47
2022-04-18 20:24:45 INFO::No. regions with at least one SNP/gene for chr19: 39
2022-04-18 20:24:45 INFO::Merge regions for chr19
2022-04-18 20:24:45 INFO::No. regions with at least one SNP/gene for chr19 after merging: 35
2022-04-18 20:24:46 INFO::No. regions with at least one SNP/gene for chr20: 38
2022-04-18 20:24:46 INFO::Merge regions for chr20
2022-04-18 20:24:46 INFO::No. regions with at least one SNP/gene for chr20 after merging: 36
2022-04-18 20:24:47 INFO::No. regions with at least one SNP/gene for chr21: 15
2022-04-18 20:24:47 INFO::Merge regions for chr21
2022-04-18 20:24:47 INFO::No. regions with at least one SNP/gene for chr21 after merging: 15
2022-04-18 20:24:49 INFO::No. regions with at least one SNP/gene for chr22: 24
2022-04-18 20:24:49 INFO::Merge regions for chr22
2022-04-18 20:24:49 INFO::No. regions with at least one SNP/gene for chr22 after merging: 23
2022-04-18 20:24:49 INFO::Trim regions with SNPs more than Inf
2022-04-18 20:24:49 INFO::Adding R matrix info, as genotype is not given
2022-04-18 20:24:49 INFO::Adding R matrix info for chrom 1
2022-04-18 20:36:07 INFO::Adding R matrix info for chrom 2
2022-04-18 20:46:42 INFO::Adding R matrix info for chrom 3
2022-04-18 20:56:40 INFO::Adding R matrix info for chrom 4
2022-04-18 21:05:33 INFO::Adding R matrix info for chrom 5
2022-04-18 21:13:30 INFO::Adding R matrix info for chrom 6
2022-04-18 21:23:57 INFO::Adding R matrix info for chrom 7
2022-04-18 21:31:19 INFO::Adding R matrix info for chrom 8
2022-04-18 21:37:51 INFO::Adding R matrix info for chrom 9
2022-04-18 21:43:32 INFO::Adding R matrix info for chrom 10
2022-04-18 21:50:03 INFO::Adding R matrix info for chrom 11
2022-04-18 21:58:58 INFO::Adding R matrix info for chrom 12
2022-04-18 22:06:18 INFO::Adding R matrix info for chrom 13
2022-04-18 22:10:25 INFO::Adding R matrix info for chrom 14
2022-04-18 22:15:00 INFO::Adding R matrix info for chrom 15
2022-04-18 22:19:42 INFO::Adding R matrix info for chrom 16
2022-04-18 22:23:36 INFO::Adding R matrix info for chrom 17
2022-04-18 22:28:45 INFO::Adding R matrix info for chrom 18
2022-04-18 22:32:13 INFO::Adding R matrix info for chrom 19
2022-04-18 22:38:34 INFO::Adding R matrix info for chrom 20
2022-04-18 22:42:40 INFO::Adding R matrix info for chrom 21
2022-04-18 22:43:30 INFO::Adding R matrix info for chrom 22
2022-04-18 22:45:53 INFO::Run susie iteratively, getting rough estimate ...
2022-04-18 22:45:53 INFO::run iteration 1
starting worker pid=41004 on localhost:11003 at 22:45:54.691
starting worker pid=41018 on localhost:11003 at 22:45:55.126
starting worker pid=41031 on localhost:11003 at 22:45:55.557
starting worker pid=41045 on localhost:11003 at 22:45:55.980
starting worker pid=41058 on localhost:11003 at 22:45:56.393
starting worker pid=41071 on localhost:11003 at 22:45:56.802
starting worker pid=41085 on localhost:11003 at 22:45:57.217
starting worker pid=41099 on localhost:11003 at 22:45:57.630
starting worker pid=41112 on localhost:11003 at 22:45:58.042
starting worker pid=41126 on localhost:11003 at 22:45:58.449
2022-04-18 22:53:56 INFO::After iteration 1, gene prior 0.0039681853654812:, SNP prior:0.00253937675635235
2022-04-18 22:53:56 INFO::run iteration 2
starting worker pid=42399 on localhost:11003 at 22:53:56.938
starting worker pid=42413 on localhost:11003 at 22:53:57.380
starting worker pid=42426 on localhost:11003 at 22:53:57.800
starting worker pid=42440 on localhost:11003 at 22:53:58.215
starting worker pid=42453 on localhost:11003 at 22:53:58.630
starting worker pid=42466 on localhost:11003 at 22:53:59.042
starting worker pid=42480 on localhost:11003 at 22:53:59.452
starting worker pid=42493 on localhost:11003 at 22:53:59.852
starting worker pid=42506 on localhost:11003 at 22:54:00.258
starting worker pid=42520 on localhost:11003 at 22:54:00.671
2022-04-18 23:02:02 INFO::After iteration 2, gene prior 0.00482056503477275:, SNP prior:0.00221834061616854
2022-04-18 23:02:02 INFO::run iteration 3
starting worker pid=42998 on localhost:11003 at 23:02:02.909
starting worker pid=43012 on localhost:11003 at 23:02:03.337
starting worker pid=43025 on localhost:11003 at 23:02:03.751
starting worker pid=43039 on localhost:11003 at 23:02:04.182
starting worker pid=43052 on localhost:11003 at 23:02:04.604
starting worker pid=43066 on localhost:11003 at 23:02:05.021
starting worker pid=43080 on localhost:11003 at 23:02:05.431
starting worker pid=43093 on localhost:11003 at 23:02:05.838
starting worker pid=43106 on localhost:11003 at 23:02:06.249
starting worker pid=43120 on localhost:11003 at 23:02:06.660
2022-04-18 23:09:59 INFO::After iteration 3, gene prior 0.00587502135933855:, SNP prior:0.00211204942331344
2022-04-18 23:09:59 INFO::Blocks are filtered: 837 blocks left
2022-04-18 23:09:59 INFO::Run susie iteratively, getting accurate estimate ...
2022-04-18 23:09:59 INFO::run iteration 1
starting worker pid=43664 on localhost:11003 at 23:10:00.708
starting worker pid=43678 on localhost:11003 at 23:10:01.136
starting worker pid=43691 on localhost:11003 at 23:10:01.570
starting worker pid=43704 on localhost:11003 at 23:10:01.993
starting worker pid=43718 on localhost:11003 at 23:10:02.402
starting worker pid=43731 on localhost:11003 at 23:10:02.809
starting worker pid=43744 on localhost:11003 at 23:10:03.219
starting worker pid=43758 on localhost:11003 at 23:10:03.629
starting worker pid=43771 on localhost:11003 at 23:10:04.049
starting worker pid=43784 on localhost:11003 at 23:10:04.463
2022-04-18 23:14:45 INFO::After iteration 1, gene prior 0.00796974480457343:, SNP prior:0.00251368422126311
2022-04-18 23:14:45 INFO::run iteration 2
starting worker pid=44102 on localhost:11003 at 23:14:46.035
starting worker pid=44116 on localhost:11003 at 23:14:46.468
starting worker pid=44129 on localhost:11003 at 23:14:46.888
starting worker pid=44142 on localhost:11003 at 23:14:47.310
starting worker pid=44156 on localhost:11003 at 23:14:47.718
starting worker pid=44169 on localhost:11003 at 23:14:48.128
starting worker pid=44182 on localhost:11003 at 23:14:48.538
starting worker pid=44196 on localhost:11003 at 23:14:48.942
starting worker pid=44209 on localhost:11003 at 23:14:49.366
starting worker pid=44222 on localhost:11003 at 23:14:49.773
2022-04-18 23:19:30 INFO::After iteration 2, gene prior 0.00958693066084031:, SNP prior:0.00278097401841619
2022-04-18 23:19:30 INFO::run iteration 3
starting worker pid=45100 on localhost:11003 at 23:19:30.985
starting worker pid=45114 on localhost:11003 at 23:19:31.406
starting worker pid=45127 on localhost:11003 at 23:19:31.825
starting worker pid=45141 on localhost:11003 at 23:19:32.248
starting worker pid=45163 on localhost:11003 at 23:19:32.673
starting worker pid=45241 on localhost:11003 at 23:19:33.104
starting worker pid=45330 on localhost:11003 at 23:19:33.528
starting worker pid=45361 on localhost:11003 at 23:19:33.951
starting worker pid=45374 on localhost:11003 at 23:19:34.357
starting worker pid=45388 on localhost:11003 at 23:19:34.763
2022-04-18 23:24:12 INFO::After iteration 3, gene prior 0.0107470435242619:, SNP prior:0.00294688132107652
2022-04-18 23:24:12 INFO::run iteration 4
starting worker pid=45704 on localhost:11003 at 23:24:13.003
starting worker pid=45718 on localhost:11003 at 23:24:13.388
starting worker pid=45731 on localhost:11003 at 23:24:13.765
starting worker pid=45744 on localhost:11003 at 23:24:14.158
starting worker pid=45758 on localhost:11003 at 23:24:14.543
starting worker pid=45771 on localhost:11003 at 23:24:14.920
starting worker pid=45784 on localhost:11003 at 23:24:15.297
starting worker pid=45798 on localhost:11003 at 23:24:15.703
starting worker pid=45811 on localhost:11003 at 23:24:16.085
starting worker pid=45824 on localhost:11003 at 23:24:16.479
2022-04-18 23:28:56 INFO::After iteration 4, gene prior 0.0114883640913825:, SNP prior:0.00302617556978928
2022-04-18 23:28:56 INFO::run iteration 5
starting worker pid=46142 on localhost:11003 at 23:28:56.586
starting worker pid=46156 on localhost:11003 at 23:28:56.995
starting worker pid=46169 on localhost:11003 at 23:28:57.417
starting worker pid=46183 on localhost:11003 at 23:28:57.838
starting worker pid=46196 on localhost:11003 at 23:28:58.259
starting worker pid=46209 on localhost:11003 at 23:28:58.673
starting worker pid=46223 on localhost:11003 at 23:28:59.082
starting worker pid=46236 on localhost:11003 at 23:28:59.499
starting worker pid=46249 on localhost:11003 at 23:28:59.928
starting worker pid=46263 on localhost:11003 at 23:29:00.339
2022-04-18 23:33:39 INFO::After iteration 5, gene prior 0.0119547371163437:, SNP prior:0.00305764320063448
2022-04-18 23:33:39 INFO::run iteration 6
starting worker pid=46579 on localhost:11003 at 23:33:39.981
starting worker pid=46593 on localhost:11003 at 23:33:40.402
starting worker pid=46606 on localhost:11003 at 23:33:40.823
starting worker pid=46619 on localhost:11003 at 23:33:41.240
starting worker pid=46634 on localhost:11003 at 23:33:41.662
starting worker pid=46647 on localhost:11003 at 23:33:42.078
starting worker pid=46660 on localhost:11003 at 23:33:42.502
starting worker pid=46674 on localhost:11003 at 23:33:42.918
starting worker pid=46687 on localhost:11003 at 23:33:43.339
starting worker pid=46700 on localhost:11003 at 23:33:43.762
2022-04-18 23:38:22 INFO::After iteration 6, gene prior 0.0122618316351301:, SNP prior:0.00306812737425748
2022-04-18 23:38:22 INFO::run iteration 7
starting worker pid=47015 on localhost:11003 at 23:38:23.156
starting worker pid=47029 on localhost:11003 at 23:38:23.564
starting worker pid=47042 on localhost:11003 at 23:38:23.979
starting worker pid=47055 on localhost:11003 at 23:38:24.418
starting worker pid=47191 on localhost:11003 at 23:38:24.852
starting worker pid=47204 on localhost:11003 at 23:38:25.289
starting worker pid=47217 on localhost:11003 at 23:38:25.716
starting worker pid=47231 on localhost:11003 at 23:38:26.142
starting worker pid=47244 on localhost:11003 at 23:38:26.568
starting worker pid=47257 on localhost:11003 at 23:38:26.989
2022-04-18 23:43:06 INFO::After iteration 7, gene prior 0.0124761775343686:, SNP prior:0.00307045727741398
2022-04-18 23:43:06 INFO::run iteration 8
starting worker pid=47575 on localhost:11003 at 23:43:07.439
starting worker pid=47588 on localhost:11003 at 23:43:07.878
starting worker pid=47601 on localhost:11003 at 23:43:08.322
starting worker pid=47615 on localhost:11003 at 23:43:08.754
starting worker pid=47628 on localhost:11003 at 23:43:09.179
starting worker pid=47642 on localhost:11003 at 23:43:09.604
starting worker pid=47655 on localhost:11003 at 23:43:10.029
starting worker pid=47668 on localhost:11003 at 23:43:10.458
starting worker pid=47682 on localhost:11003 at 23:43:10.882
starting worker pid=47695 on localhost:11003 at 23:43:11.300
2022-04-18 23:47:51 INFO::After iteration 8, gene prior 0.0126326476246279:, SNP prior:0.00306996619949283
2022-04-18 23:47:51 INFO::run iteration 9
starting worker pid=48522 on localhost:11003 at 23:47:52.073
starting worker pid=48536 on localhost:11003 at 23:47:52.509
starting worker pid=48549 on localhost:11003 at 23:47:52.961
starting worker pid=48563 on localhost:11003 at 23:47:53.408
starting worker pid=48576 on localhost:11003 at 23:47:53.839
starting worker pid=48589 on localhost:11003 at 23:47:54.263
starting worker pid=48603 on localhost:11003 at 23:47:54.682
starting worker pid=48616 on localhost:11003 at 23:47:55.102
starting worker pid=48629 on localhost:11003 at 23:47:55.528
starting worker pid=48644 on localhost:11003 at 23:47:55.959
2022-04-18 23:52:35 INFO::After iteration 9, gene prior 0.0127499390001081:, SNP prior:0.00306867815156748
2022-04-18 23:52:36 INFO::run iteration 10
starting worker pid=49117 on localhost:11003 at 23:52:36.422
starting worker pid=49130 on localhost:11003 at 23:52:36.837
starting worker pid=49144 on localhost:11003 at 23:52:37.265
starting worker pid=49157 on localhost:11003 at 23:52:37.719
starting worker pid=49171 on localhost:11003 at 23:52:38.152
starting worker pid=49185 on localhost:11003 at 23:52:38.572
starting worker pid=49198 on localhost:11003 at 23:52:38.992
starting worker pid=49211 on localhost:11003 at 23:52:39.399
starting worker pid=49225 on localhost:11003 at 23:52:39.798
starting worker pid=49238 on localhost:11003 at 23:52:40.225
2022-04-18 23:57:20 INFO::After iteration 10, gene prior 0.01283916555185:, SNP prior:0.00306732174657272
2022-04-18 23:57:20 INFO::run iteration 11
starting worker pid=49560 on localhost:11003 at 23:57:20.759
starting worker pid=49574 on localhost:11003 at 23:57:21.185
starting worker pid=49587 on localhost:11003 at 23:57:21.621
starting worker pid=49600 on localhost:11003 at 23:57:22.058
starting worker pid=49614 on localhost:11003 at 23:57:22.483
starting worker pid=49628 on localhost:11003 at 23:57:22.909
starting worker pid=49642 on localhost:11003 at 23:57:23.331
starting worker pid=49655 on localhost:11003 at 23:57:23.752
starting worker pid=49668 on localhost:11003 at 23:57:24.172
starting worker pid=49682 on localhost:11003 at 23:57:24.599
2022-04-19 00:02:05 INFO::After iteration 11, gene prior 0.01290757151128:, SNP prior:0.00306613025886842
2022-04-19 00:02:05 INFO::run iteration 12
starting worker pid=50001 on localhost:11003 at 00:02:05.777
starting worker pid=50015 on localhost:11003 at 00:02:06.213
starting worker pid=50028 on localhost:11003 at 00:02:06.630
starting worker pid=50041 on localhost:11003 at 00:02:07.026
starting worker pid=50055 on localhost:11003 at 00:02:07.455
starting worker pid=50068 on localhost:11003 at 00:02:07.885
starting worker pid=50081 on localhost:11003 at 00:02:08.309
starting worker pid=50095 on localhost:11003 at 00:02:08.743
starting worker pid=50108 on localhost:11003 at 00:02:09.164
starting worker pid=50122 on localhost:11003 at 00:02:09.593
2022-04-19 00:06:49 INFO::After iteration 12, gene prior 0.0129602128655983:, SNP prior:0.00306515190855654
2022-04-19 00:06:49 INFO::run iteration 13
starting worker pid=50439 on localhost:11003 at 00:06:50.139
starting worker pid=50452 on localhost:11003 at 00:06:50.570
starting worker pid=50466 on localhost:11003 at 00:06:50.999
starting worker pid=50479 on localhost:11003 at 00:06:51.422
starting worker pid=50492 on localhost:11003 at 00:06:51.858
starting worker pid=50506 on localhost:11003 at 00:06:52.282
starting worker pid=50519 on localhost:11003 at 00:06:52.710
starting worker pid=50532 on localhost:11003 at 00:06:53.131
starting worker pid=50546 on localhost:11003 at 00:06:53.555
starting worker pid=50559 on localhost:11003 at 00:06:53.983
2022-04-19 00:11:33 INFO::After iteration 13, gene prior 0.0130007920082917:, SNP prior:0.00306437326947603
2022-04-19 00:11:34 INFO::run iteration 14
starting worker pid=50886 on localhost:11003 at 00:11:34.498
starting worker pid=50900 on localhost:11003 at 00:11:34.904
starting worker pid=50913 on localhost:11003 at 00:11:35.312
starting worker pid=50926 on localhost:11003 at 00:11:35.750
starting worker pid=50940 on localhost:11003 at 00:11:36.183
starting worker pid=50954 on localhost:11003 at 00:11:36.612
starting worker pid=50967 on localhost:11003 at 00:11:37.053
starting worker pid=50981 on localhost:11003 at 00:11:37.486
starting worker pid=50994 on localhost:11003 at 00:11:37.914
starting worker pid=51008 on localhost:11003 at 00:11:38.344
2022-04-19 00:16:18 INFO::After iteration 14, gene prior 0.0130320932767863:, SNP prior:0.00306376289919363
2022-04-19 00:16:18 INFO::run iteration 15
starting worker pid=51326 on localhost:11003 at 00:16:19.197
starting worker pid=51340 on localhost:11003 at 00:16:19.640
starting worker pid=51353 on localhost:11003 at 00:16:20.089
starting worker pid=51366 on localhost:11003 at 00:16:20.532
starting worker pid=51380 on localhost:11003 at 00:16:20.968
starting worker pid=51393 on localhost:11003 at 00:16:21.393
starting worker pid=51406 on localhost:11003 at 00:16:21.820
starting worker pid=51420 on localhost:11003 at 00:16:22.268
starting worker pid=51433 on localhost:11003 at 00:16:22.691
starting worker pid=51447 on localhost:11003 at 00:16:23.118
2022-04-19 00:21:03 INFO::After iteration 15, gene prior 0.013056241665187:, SNP prior:0.00306328810361522
2022-04-19 00:21:03 INFO::run iteration 16
starting worker pid=52531 on localhost:11003 at 00:21:03.799
starting worker pid=52545 on localhost:11003 at 00:21:04.248
starting worker pid=52558 on localhost:11003 at 00:21:04.703
starting worker pid=52572 on localhost:11003 at 00:21:05.141
starting worker pid=52585 on localhost:11003 at 00:21:05.568
starting worker pid=52598 on localhost:11003 at 00:21:05.994
starting worker pid=52612 on localhost:11003 at 00:21:06.420
starting worker pid=52625 on localhost:11003 at 00:21:06.840
starting worker pid=52638 on localhost:11003 at 00:21:07.274
starting worker pid=52652 on localhost:11003 at 00:21:07.700
2022-04-19 00:25:47 INFO::After iteration 16, gene prior 0.0130747800446596:, SNP prior:0.0030629185473169
2022-04-19 00:25:47 INFO::run iteration 17
starting worker pid=52996 on localhost:11003 at 00:25:47.880
starting worker pid=53010 on localhost:11003 at 00:25:48.297
starting worker pid=53023 on localhost:11003 at 00:25:48.705
starting worker pid=53036 on localhost:11003 at 00:25:49.142
starting worker pid=53050 on localhost:11003 at 00:25:49.570
starting worker pid=53063 on localhost:11003 at 00:25:49.996
starting worker pid=53076 on localhost:11003 at 00:25:50.422
starting worker pid=53090 on localhost:11003 at 00:25:50.850
starting worker pid=53103 on localhost:11003 at 00:25:51.240
starting worker pid=53116 on localhost:11003 at 00:25:51.635
2022-04-19 00:30:30 INFO::After iteration 17, gene prior 0.0130889960628979:, SNP prior:0.00306263246747619
2022-04-19 00:30:30 INFO::run iteration 18
starting worker pid=53433 on localhost:11003 at 00:30:30.940
starting worker pid=53446 on localhost:11003 at 00:30:31.356
starting worker pid=53459 on localhost:11003 at 00:30:31.783
starting worker pid=53473 on localhost:11003 at 00:30:32.201
starting worker pid=53486 on localhost:11003 at 00:30:32.631
starting worker pid=53499 on localhost:11003 at 00:30:33.053
starting worker pid=53513 on localhost:11003 at 00:30:33.472
starting worker pid=53526 on localhost:11003 at 00:30:33.901
starting worker pid=53539 on localhost:11003 at 00:30:34.329
starting worker pid=53553 on localhost:11003 at 00:30:34.753
2022-04-19 00:35:15 INFO::After iteration 18, gene prior 0.0130998985601504:, SNP prior:0.00306241201091504
2022-04-19 00:35:15 INFO::run iteration 19
starting worker pid=53875 on localhost:11003 at 00:35:16.233
starting worker pid=53888 on localhost:11003 at 00:35:16.635
starting worker pid=53902 on localhost:11003 at 00:35:17.060
starting worker pid=53915 on localhost:11003 at 00:35:17.497
starting worker pid=53929 on localhost:11003 at 00:35:17.939
starting worker pid=53943 on localhost:11003 at 00:35:18.381
starting worker pid=53956 on localhost:11003 at 00:35:18.807
starting worker pid=53969 on localhost:11003 at 00:35:19.241
starting worker pid=53983 on localhost:11003 at 00:35:19.669
starting worker pid=53996 on localhost:11003 at 00:35:20.092
2022-04-19 00:39:59 INFO::After iteration 19, gene prior 0.0131082597605818:, SNP prior:0.003062242520737
2022-04-19 00:39:59 INFO::run iteration 20
starting worker pid=54311 on localhost:11003 at 00:40:00.163
starting worker pid=54325 on localhost:11003 at 00:40:00.565
starting worker pid=54338 on localhost:11003 at 00:40:00.991
starting worker pid=54351 on localhost:11003 at 00:40:01.410
starting worker pid=54365 on localhost:11003 at 00:40:01.833
starting worker pid=54378 on localhost:11003 at 00:40:02.251
starting worker pid=54391 on localhost:11003 at 00:40:02.676
starting worker pid=54405 on localhost:11003 at 00:40:03.105
starting worker pid=54418 on localhost:11003 at 00:40:03.535
starting worker pid=54431 on localhost:11003 at 00:40:03.962
2022-04-19 00:44:44 INFO::After iteration 20, gene prior 0.0131146716780965:, SNP prior:0.00306211237540786
2022-04-19 00:44:44 INFO::run iteration 21
starting worker pid=54749 on localhost:11003 at 00:44:45.161
starting worker pid=54763 on localhost:11003 at 00:44:45.568
starting worker pid=54776 on localhost:11003 at 00:44:45.981
starting worker pid=54790 on localhost:11003 at 00:44:46.418
starting worker pid=54803 on localhost:11003 at 00:44:46.840
starting worker pid=54816 on localhost:11003 at 00:44:47.261
starting worker pid=54830 on localhost:11003 at 00:44:47.690
starting worker pid=54843 on localhost:11003 at 00:44:48.112
starting worker pid=54856 on localhost:11003 at 00:44:48.552
starting worker pid=54870 on localhost:11003 at 00:44:48.981
2022-04-19 00:49:28 INFO::After iteration 21, gene prior 0.0131195884398554:, SNP prior:0.00306201250893799
2022-04-19 00:49:28 INFO::run iteration 22
starting worker pid=55750 on localhost:11003 at 00:49:29.259
starting worker pid=55763 on localhost:11003 at 00:49:29.650
starting worker pid=55777 on localhost:11003 at 00:49:30.060
starting worker pid=55790 on localhost:11003 at 00:49:30.486
starting worker pid=55803 on localhost:11003 at 00:49:30.909
starting worker pid=55817 on localhost:11003 at 00:49:31.341
starting worker pid=55830 on localhost:11003 at 00:49:31.770
starting worker pid=55843 on localhost:11003 at 00:49:32.199
starting worker pid=55857 on localhost:11003 at 00:49:32.631
starting worker pid=55879 on localhost:11003 at 00:49:33.073
2022-04-19 00:54:13 INFO::After iteration 22, gene prior 0.0131233584585963:, SNP prior:0.00306193590587839
2022-04-19 00:54:13 INFO::run iteration 23
starting worker pid=56355 on localhost:11003 at 00:54:14.348
starting worker pid=56369 on localhost:11003 at 00:54:14.797
starting worker pid=56382 on localhost:11003 at 00:54:15.262
starting worker pid=56396 on localhost:11003 at 00:54:15.698
starting worker pid=56409 on localhost:11003 at 00:54:16.130
starting worker pid=56422 on localhost:11003 at 00:54:16.569
starting worker pid=56436 on localhost:11003 at 00:54:17.000
starting worker pid=56449 on localhost:11003 at 00:54:17.438
starting worker pid=56462 on localhost:11003 at 00:54:17.878
starting worker pid=56476 on localhost:11003 at 00:54:18.309
2022-04-19 00:58:58 INFO::After iteration 23, gene prior 0.0131262490345125:, SNP prior:0.00306187716010828
2022-04-19 00:58:58 INFO::run iteration 24
starting worker pid=56792 on localhost:11003 at 00:58:58.664
starting worker pid=56805 on localhost:11003 at 00:58:59.090
starting worker pid=56819 on localhost:11003 at 00:58:59.488
starting worker pid=56833 on localhost:11003 at 00:58:59.928
starting worker pid=56846 on localhost:11003 at 00:59:00.367
starting worker pid=56860 on localhost:11003 at 00:59:00.808
starting worker pid=56873 on localhost:11003 at 00:59:01.249
starting worker pid=56886 on localhost:11003 at 00:59:01.695
starting worker pid=56900 on localhost:11003 at 00:59:02.133
starting worker pid=56913 on localhost:11003 at 00:59:02.573
2022-04-19 01:03:42 INFO::After iteration 24, gene prior 0.0131284652181735:, SNP prior:0.00306183211486225
2022-04-19 01:03:43 INFO::run iteration 25
starting worker pid=57235 on localhost:11003 at 01:03:43.536
starting worker pid=57248 on localhost:11003 at 01:03:43.984
starting worker pid=57262 on localhost:11003 at 01:03:44.451
starting worker pid=57275 on localhost:11003 at 01:03:44.890
starting worker pid=57288 on localhost:11003 at 01:03:45.336
starting worker pid=57302 on localhost:11003 at 01:03:45.755
starting worker pid=57315 on localhost:11003 at 01:03:46.193
starting worker pid=57328 on localhost:11003 at 01:03:46.640
starting worker pid=57342 on localhost:11003 at 01:03:47.082
starting worker pid=319 on localhost:11003 at 01:03:47.524
2022-04-19 01:08:28 INFO::After iteration 25, gene prior 0.0131301642885795:, SNP prior:0.00306179757786115
2022-04-19 01:08:28 INFO::run iteration 26
starting worker pid=673 on localhost:11003 at 01:08:29.135
starting worker pid=688 on localhost:11003 at 01:08:29.586
starting worker pid=701 on localhost:11003 at 01:08:30.028
starting worker pid=715 on localhost:11003 at 01:08:30.479
starting worker pid=728 on localhost:11003 at 01:08:30.928
starting worker pid=741 on localhost:11003 at 01:08:31.380
starting worker pid=758 on localhost:11003 at 01:08:31.829
starting worker pid=771 on localhost:11003 at 01:08:32.276
starting worker pid=784 on localhost:11003 at 01:08:32.719
starting worker pid=798 on localhost:11003 at 01:08:33.161
2022-04-19 01:13:14 INFO::After iteration 26, gene prior 0.013131466868924:, SNP prior:0.00306177109919159
2022-04-19 01:13:14 INFO::run iteration 27
starting worker pid=1119 on localhost:11003 at 01:13:15.213
starting worker pid=1133 on localhost:11003 at 01:13:15.666
starting worker pid=1146 on localhost:11003 at 01:13:16.135
starting worker pid=1161 on localhost:11003 at 01:13:16.597
starting worker pid=1174 on localhost:11003 at 01:13:17.028
starting worker pid=1187 on localhost:11003 at 01:13:17.469
starting worker pid=1201 on localhost:11003 at 01:13:17.889
starting worker pid=1214 on localhost:11003 at 01:13:18.361
starting worker pid=1227 on localhost:11003 at 01:13:18.828
starting worker pid=1241 on localhost:11003 at 01:13:19.288
2022-04-19 01:17:58 INFO::After iteration 27, gene prior 0.0131324654604618:, SNP prior:0.0030617507994155
2022-04-19 01:17:58 INFO::run iteration 28
starting worker pid=2110 on localhost:11003 at 01:17:59.027
starting worker pid=2123 on localhost:11003 at 01:17:59.488
starting worker pid=2137 on localhost:11003 at 01:17:59.956
starting worker pid=2151 on localhost:11003 at 01:18:00.418
starting worker pid=2165 on localhost:11003 at 01:18:00.878
starting worker pid=2178 on localhost:11003 at 01:18:01.331
starting worker pid=2191 on localhost:11003 at 01:18:01.778
starting worker pid=2205 on localhost:11003 at 01:18:02.229
starting worker pid=2218 on localhost:11003 at 01:18:02.673
starting worker pid=2231 on localhost:11003 at 01:18:03.129
2022-04-19 01:22:42 INFO::After iteration 28, gene prior 0.0131332309929567:, SNP prior:0.00306173523708005
2022-04-19 01:22:42 INFO::run iteration 29
starting worker pid=2710 on localhost:11003 at 01:22:42.748
starting worker pid=2723 on localhost:11003 at 01:22:43.210
starting worker pid=2737 on localhost:11003 at 01:22:43.640
starting worker pid=2750 on localhost:11003 at 01:22:44.071
starting worker pid=2763 on localhost:11003 at 01:22:44.550
starting worker pid=2777 on localhost:11003 at 01:22:45.005
starting worker pid=2857 on localhost:11003 at 01:22:45.438
starting worker pid=2871 on localhost:11003 at 01:22:45.885
starting worker pid=2884 on localhost:11003 at 01:22:46.333
starting worker pid=2897 on localhost:11003 at 01:22:46.779
2022-04-19 01:27:27 INFO::After iteration 29, gene prior 0.013133817851573:, SNP prior:0.00306172330681842
2022-04-19 01:27:27 INFO::run iteration 30
starting worker pid=3147 on localhost:11003 at 01:27:28.018
starting worker pid=3161 on localhost:11003 at 01:27:28.471
starting worker pid=3174 on localhost:11003 at 01:27:28.928
starting worker pid=3188 on localhost:11003 at 01:27:29.367
starting worker pid=3202 on localhost:11003 at 01:27:29.829
starting worker pid=3215 on localhost:11003 at 01:27:30.280
starting worker pid=3229 on localhost:11003 at 01:27:30.709
starting worker pid=3242 on localhost:11003 at 01:27:31.143
starting worker pid=3255 on localhost:11003 at 01:27:31.567
starting worker pid=3269 on localhost:11003 at 01:27:31.996
2022-04-19 01:32:10 INFO::After iteration 30, gene prior 0.0131342677337549:, SNP prior:0.00306171416107419
2022-04-19 01:32:11 INFO::Run susie for all regions.
2022-04-19 01:32:11 INFO::run iteration 1
starting worker pid=3585 on localhost:11003 at 01:32:11.570
starting worker pid=3599 on localhost:11003 at 01:32:12.004
starting worker pid=3612 on localhost:11003 at 01:32:12.450
starting worker pid=3626 on localhost:11003 at 01:32:12.909
starting worker pid=3639 on localhost:11003 at 01:32:13.361
starting worker pid=3652 on localhost:11003 at 01:32:13.808
starting worker pid=3666 on localhost:11003 at 01:32:14.260
starting worker pid=3679 on localhost:11003 at 01:32:14.710
starting worker pid=3692 on localhost:11003 at 01:32:15.158
starting worker pid=3706 on localhost:11003 at 01:32:15.608
2022-04-19 01:40:17 INFO::After iteration 1, gene prior 0.0412768204799596:, SNP prior:0.0107576679750966
2022-04-19 01:40:17 INFO::No. LD regions: 1700
2022-04-19 01:40:23 INFO::No. regions with at least one SNP/gene for chr1: 131
2022-04-19 01:40:23 INFO::Merge regions for chr1
2022-04-19 01:40:23 INFO::No. regions with at least one SNP/gene for chr1 after merging: 129
2022-04-19 01:40:30 INFO::No. regions with at least one SNP/gene for chr2: 143
2022-04-19 01:40:30 INFO::Merge regions for chr2
2022-04-19 01:40:30 INFO::No. regions with at least one SNP/gene for chr2 after merging: 142
2022-04-19 01:40:35 INFO::No. regions with at least one SNP/gene for chr3: 122
2022-04-19 01:40:35 INFO::Merge regions for chr3
2022-04-19 01:40:35 INFO::No. regions with at least one SNP/gene for chr3 after merging: 116
2022-04-19 01:40:40 INFO::No. regions with at least one SNP/gene for chr4: 122
2022-04-19 01:40:40 INFO::Merge regions for chr4
2022-04-19 01:40:40 INFO::No. regions with at least one SNP/gene for chr4 after merging: 121
2022-04-19 01:40:44 INFO::No. regions with at least one SNP/gene for chr5: 110
2022-04-19 01:40:44 INFO::Merge regions for chr5
2022-04-19 01:40:44 INFO::No. regions with at least one SNP/gene for chr5 after merging: 109
2022-04-19 01:40:49 INFO::No. regions with at least one SNP/gene for chr6: 112
2022-04-19 01:40:49 INFO::Merge regions for chr6
2022-04-19 01:40:49 INFO::No. regions with at least one SNP/gene for chr6 after merging: 110
2022-04-19 01:40:53 INFO::No. regions with at least one SNP/gene for chr7: 99
2022-04-19 01:40:53 INFO::Merge regions for chr7
2022-04-19 01:40:53 INFO::No. regions with at least one SNP/gene for chr7 after merging: 97
2022-04-19 01:40:57 INFO::No. regions with at least one SNP/gene for chr8: 92
2022-04-19 01:40:57 INFO::Merge regions for chr8
2022-04-19 01:40:57 INFO::No. regions with at least one SNP/gene for chr8 after merging: 91
2022-04-19 01:40:59 INFO::No. regions with at least one SNP/gene for chr9: 74
2022-04-19 01:40:59 INFO::Merge regions for chr9
2022-04-19 01:40:59 INFO::No. regions with at least one SNP/gene for chr9 after merging: 73
2022-04-19 01:41:02 INFO::No. regions with at least one SNP/gene for chr10: 85
2022-04-19 01:41:02 INFO::Merge regions for chr10
2022-04-19 01:41:02 INFO::No. regions with at least one SNP/gene for chr10 after merging: 84
2022-04-19 01:41:05 INFO::No. regions with at least one SNP/gene for chr11: 84
2022-04-19 01:41:05 INFO::Merge regions for chr11
2022-04-19 01:41:05 INFO::No. regions with at least one SNP/gene for chr11 after merging: 79
2022-04-19 01:41:09 INFO::No. regions with at least one SNP/gene for chr12: 82
2022-04-19 01:41:09 INFO::Merge regions for chr12
2022-04-19 01:41:09 INFO::No. regions with at least one SNP/gene for chr12 after merging: 79
2022-04-19 01:41:11 INFO::No. regions with at least one SNP/gene for chr13: 62
2022-04-19 01:41:11 INFO::Merge regions for chr13
2022-04-19 01:41:11 INFO::No. regions with at least one SNP/gene for chr13 after merging: 62
2022-04-19 01:41:12 INFO::No. regions with at least one SNP/gene for chr14: 56
2022-04-19 01:41:12 INFO::Merge regions for chr14
2022-04-19 01:41:12 INFO::No. regions with at least one SNP/gene for chr14 after merging: 54
2022-04-19 01:41:15 INFO::No. regions with at least one SNP/gene for chr15: 50
2022-04-19 01:41:15 INFO::Merge regions for chr15
2022-04-19 01:41:15 INFO::No. regions with at least one SNP/gene for chr15 after merging: 47
2022-04-19 01:41:17 INFO::No. regions with at least one SNP/gene for chr16: 50
2022-04-19 01:41:17 INFO::Merge regions for chr16
2022-04-19 01:41:17 INFO::No. regions with at least one SNP/gene for chr16 after merging: 49
2022-04-19 01:41:18 INFO::No. regions with at least one SNP/gene for chr17: 47
2022-04-19 01:41:18 INFO::Merge regions for chr17
2022-04-19 01:41:18 INFO::No. regions with at least one SNP/gene for chr17 after merging: 45
2022-04-19 01:41:20 INFO::No. regions with at least one SNP/gene for chr18: 47
2022-04-19 01:41:20 INFO::Merge regions for chr18
2022-04-19 01:41:20 INFO::No. regions with at least one SNP/gene for chr18 after merging: 47
2022-04-19 01:41:22 INFO::No. regions with at least one SNP/gene for chr19: 39
2022-04-19 01:41:22 INFO::Merge regions for chr19
2022-04-19 01:41:22 INFO::No. regions with at least one SNP/gene for chr19 after merging: 35
2022-04-19 01:41:23 INFO::No. regions with at least one SNP/gene for chr20: 38
2022-04-19 01:41:23 INFO::Merge regions for chr20
2022-04-19 01:41:24 INFO::No. regions with at least one SNP/gene for chr20 after merging: 36
2022-04-19 01:41:25 INFO::No. regions with at least one SNP/gene for chr21: 15
2022-04-19 01:41:25 INFO::Merge regions for chr21
2022-04-19 01:41:25 INFO::No. regions with at least one SNP/gene for chr21 after merging: 15
2022-04-19 01:41:26 INFO::No. regions with at least one SNP/gene for chr22: 24
2022-04-19 01:41:26 INFO::Merge regions for chr22
2022-04-19 01:41:26 INFO::No. regions with at least one SNP/gene for chr22 after merging: 23
2022-04-19 01:41:26 INFO::Trim regions with SNPs more than 20000
2022-04-19 01:41:26 INFO::Adding R matrix info, as genotype is not given
2022-04-19 01:41:26 INFO::Adding R matrix info for chrom 1
2022-04-19 01:52:52 INFO::Adding R matrix info for chrom 2
2022-04-19 02:03:54 INFO::Adding R matrix info for chrom 3
2022-04-19 02:14:03 INFO::Adding R matrix info for chrom 4
2022-04-19 02:22:25 INFO::Adding R matrix info for chrom 5
2022-04-19 02:30:28 INFO::Adding R matrix info for chrom 6
2022-04-19 02:40:51 INFO::Adding R matrix info for chrom 7
2022-04-19 02:48:21 INFO::Adding R matrix info for chrom 8
2022-04-19 02:54:52 INFO::Adding R matrix info for chrom 9
2022-04-19 03:00:38 INFO::Adding R matrix info for chrom 10
2022-04-19 03:07:14 INFO::Adding R matrix info for chrom 11
2022-04-19 03:15:59 INFO::Adding R matrix info for chrom 12
2022-04-19 03:23:28 INFO::Adding R matrix info for chrom 13
2022-04-19 03:27:33 INFO::Adding R matrix info for chrom 14
2022-04-19 03:32:13 INFO::Adding R matrix info for chrom 15
2022-04-19 03:36:55 INFO::Adding R matrix info for chrom 16
2022-04-19 03:40:49 INFO::Adding R matrix info for chrom 17
2022-04-19 03:46:01 INFO::Adding R matrix info for chrom 18
2022-04-19 03:49:24 INFO::Adding R matrix info for chrom 19
2022-04-19 03:55:32 INFO::Adding R matrix info for chrom 20
2022-04-19 03:59:27 INFO::Adding R matrix info for chrom 21
2022-04-19 04:00:15 INFO::Adding R matrix info for chrom 22
2022-04-19 04:04:13 INFO::Number of regions that contains strong gene signals: 13
2022-04-19 04:04:13 INFO::Rerun susie for regions with strong gene signals using full SNPs.
2022-04-19 04:04:13 INFO::run iteration 1
starting worker pid=17361 on localhost:11003 at 04:04:13.938
2022-04-19 04:12:21 INFO::After iteration 1, gene prior 0.0727928072998894:, SNP prior:0.000672838842764664
$group_prior
[1] 0.0131342677 0.0003061714

$group_prior_var
[1] 11.53379 10.50014

R version 3.6.1 (2019-07-05)
Platform: x86_64-pc-linux-gnu (64-bit)
Running under: Scientific Linux 7.4 (Nitrogen)

Matrix products: default
BLAS/LAPACK: /software/openblas-0.2.19-el7-x86_64/lib/libopenblas_haswellp-r0.2.19.so

locale:
[1] C

attached base packages:
[1] stats     graphics  grDevices utils     datasets  methods   base     

other attached packages:
[1] data.table_1.14.2 ctwas_0.1.32     

loaded via a namespace (and not attached):
 [1] Rcpp_1.0.8        magrittr_2.0.2    pgenlibr_0.3.1    hms_1.1.1        
 [5] doParallel_1.0.17 bit_4.0.4         lattice_0.20-38   R6_2.5.1         
 [9] rlang_1.0.1       fastmap_1.1.0     foreach_1.5.2     fansi_1.0.2      
[13] blob_1.2.2        tools_3.6.1       parallel_3.6.1    grid_3.6.1       
[17] logging_0.10-108  utf8_1.2.2        cli_3.1.0         DBI_1.1.2        
[21] iterators_1.0.14  ellipsis_0.3.2    bit64_4.0.5       tibble_3.1.6     
[25] lifecycle_1.0.1   crayon_1.5.0      Matrix_1.2-18     tzdb_0.2.0       
[29] readr_2.1.1       vctrs_0.3.8       codetools_0.2-16  memoise_2.0.1    
[33] cachem_1.0.6      RSQLite_2.2.8     pillar_1.6.4      compiler_3.6.1   
[37] pkgconfig_2.0.3  
