[1] "/project2/xinhe/shengqian/cTWAS/cTWAS_analysis/data/UKBB/ukb-d-30780_irnt.vcf.gz"        
[2] "/project2/mstephens/wcrouse/UKB_LDR_0.1"                                                 
[3] "/project2/xinhe/shengqian/cTWAS/cTWAS_analysis/data/mashr_sqtl/sqtl/mashr/mashr_Liver.db"
[4] "/project2/xinhe/shengqian/cTWAS/cTWAS_analysis/code/ctwas_config_b38.R"                  
[5] "LDL_Liver_expr"                                                                          
[6] "LDL_Liver_ctwas"                                                                         
[7] "/project2/xinhe/shengqian/cTWAS/cTWAS_analysis/data/LDL_S/Liver"                         
2022-10-06 09:33:52 INFO::Flipping z scores to match LD reference
2022-10-06 09:33:59 INFO::Harmonizing strand-ambiguous z scores using imputation by region
2022-10-06 10:00:23 INFO::Reading weights for chromosome 1
2022-10-06 10:00:27 INFO::Number of genes with weights provided: 27011
2022-10-06 10:00:27 INFO::Collecting gene weight information ...
2022-10-06 10:00:27 INFO::Flipping weights to match LD reference
2022-10-06 10:00:27 INFO::Harmonizing strand ambiguous weights using correlations with unambiguous variants
2022-10-06 10:15:51 INFO::Start gene z score imputation ...
2022-10-06 10:15:51 INFO::Using given LD matrices to impute gene z score.
2022-10-06 10:31:37 INFO::Imputation done, writing results to output...
2022-10-06 10:31:38 INFO::Imputation done: number of genes with imputed expression: 2079 for chr 1
2022-10-06 10:31:39 INFO::Flipping z scores to match LD reference
2022-10-06 10:31:43 INFO::Harmonizing strand-ambiguous z scores using imputation by region
2022-10-06 11:01:29 INFO::Reading weights for chromosome 2
2022-10-06 11:01:29 INFO::Number of genes with weights provided: 27011
2022-10-06 11:01:29 INFO::Collecting gene weight information ...
2022-10-06 11:01:29 INFO::Flipping weights to match LD reference
2022-10-06 11:01:29 INFO::Harmonizing strand ambiguous weights using correlations with unambiguous variants
2022-10-06 11:14:18 INFO::Start gene z score imputation ...
2022-10-06 11:14:18 INFO::Using given LD matrices to impute gene z score.
2022-10-06 11:28:21 INFO::Imputation done, writing results to output...
2022-10-06 11:28:22 INFO::Imputation done: number of genes with imputed expression: 1523 for chr 2
2022-10-06 11:28:23 INFO::Flipping z scores to match LD reference
2022-10-06 11:28:26 INFO::Harmonizing strand-ambiguous z scores using imputation by region
2022-10-06 11:49:54 INFO::Reading weights for chromosome 3
2022-10-06 11:49:54 INFO::Number of genes with weights provided: 27011
2022-10-06 11:49:54 INFO::Collecting gene weight information ...
2022-10-06 11:49:54 INFO::Flipping weights to match LD reference
2022-10-06 11:49:54 INFO::Harmonizing strand ambiguous weights using correlations with unambiguous variants
2022-10-06 11:59:37 INFO::Start gene z score imputation ...
2022-10-06 11:59:37 INFO::Using given LD matrices to impute gene z score.
2022-10-06 12:10:51 INFO::Imputation done, writing results to output...
2022-10-06 12:10:51 INFO::Imputation done: number of genes with imputed expression: 1276 for chr 3
2022-10-06 12:10:52 INFO::Flipping z scores to match LD reference
2022-10-06 12:10:56 INFO::Harmonizing strand-ambiguous z scores using imputation by region
2022-10-06 12:35:50 INFO::Reading weights for chromosome 4
2022-10-06 12:35:50 INFO::Number of genes with weights provided: 27011
2022-10-06 12:35:50 INFO::Collecting gene weight information ...
2022-10-06 12:35:50 INFO::Flipping weights to match LD reference
2022-10-06 12:35:50 INFO::Harmonizing strand ambiguous weights using correlations with unambiguous variants
2022-10-06 12:42:53 INFO::Start gene z score imputation ...
2022-10-06 12:42:53 INFO::Using given LD matrices to impute gene z score.
2022-10-06 12:51:40 INFO::Imputation done, writing results to output...
2022-10-06 12:51:40 INFO::Imputation done: number of genes with imputed expression: 769 for chr 4
2022-10-06 12:51:41 INFO::Flipping z scores to match LD reference
2022-10-06 12:51:45 INFO::Harmonizing strand-ambiguous z scores using imputation by region
2022-10-06 13:12:16 INFO::Reading weights for chromosome 5
2022-10-06 13:12:16 INFO::Number of genes with weights provided: 27011
2022-10-06 13:12:16 INFO::Collecting gene weight information ...
2022-10-06 13:12:16 INFO::Flipping weights to match LD reference
2022-10-06 13:12:16 INFO::Harmonizing strand ambiguous weights using correlations with unambiguous variants
2022-10-06 13:19:35 INFO::Start gene z score imputation ...
2022-10-06 13:19:35 INFO::Using given LD matrices to impute gene z score.
2022-10-06 13:29:10 INFO::Imputation done, writing results to output...
2022-10-06 13:29:10 INFO::Imputation done: number of genes with imputed expression: 878 for chr 5
2022-10-06 13:29:13 INFO::Flipping z scores to match LD reference
2022-10-06 13:29:15 INFO::Harmonizing strand-ambiguous z scores using imputation by region
2022-10-06 13:53:09 INFO::Reading weights for chromosome 6
2022-10-06 13:53:09 INFO::Number of genes with weights provided: 27011
2022-10-06 13:53:09 INFO::Collecting gene weight information ...
2022-10-06 13:53:09 INFO::Flipping weights to match LD reference
2022-10-06 13:53:09 INFO::Harmonizing strand ambiguous weights using correlations with unambiguous variants
2022-10-06 14:09:21 INFO::Start gene z score imputation ...
2022-10-06 14:09:21 INFO::Using given LD matrices to impute gene z score.
2022-10-06 14:22:50 INFO::Imputation done, writing results to output...
2022-10-06 14:22:51 INFO::Imputation done: number of genes with imputed expression: 1116 for chr 6
2022-10-06 14:22:52 INFO::Flipping z scores to match LD reference
2022-10-06 14:22:56 INFO::Harmonizing strand-ambiguous z scores using imputation by region
2022-10-06 14:43:32 INFO::Reading weights for chromosome 7
2022-10-06 14:43:32 INFO::Number of genes with weights provided: 27011
2022-10-06 14:43:32 INFO::Collecting gene weight information ...
2022-10-06 14:43:32 INFO::Flipping weights to match LD reference
2022-10-06 14:43:32 INFO::Harmonizing strand ambiguous weights using correlations with unambiguous variants
2022-10-06 14:53:25 INFO::Start gene z score imputation ...
2022-10-06 14:53:25 INFO::Using given LD matrices to impute gene z score.
2022-10-06 15:04:00 INFO::Imputation done, writing results to output...
2022-10-06 15:04:00 INFO::Imputation done: number of genes with imputed expression: 1176 for chr 7
2022-10-06 15:04:02 INFO::Flipping z scores to match LD reference
2022-10-06 15:04:04 INFO::Harmonizing strand-ambiguous z scores using imputation by region
2022-10-06 15:24:05 INFO::Reading weights for chromosome 8
2022-10-06 15:24:05 INFO::Number of genes with weights provided: 27011
2022-10-06 15:24:05 INFO::Collecting gene weight information ...
2022-10-06 15:24:05 INFO::Flipping weights to match LD reference
2022-10-06 15:24:05 INFO::Harmonizing strand ambiguous weights using correlations with unambiguous variants
2022-10-06 15:29:47 INFO::Start gene z score imputation ...
2022-10-06 15:29:47 INFO::Using given LD matrices to impute gene z score.
2022-10-06 15:37:29 INFO::Imputation done, writing results to output...
2022-10-06 15:37:30 INFO::Imputation done: number of genes with imputed expression: 701 for chr 8
2022-10-06 15:37:31 INFO::Flipping z scores to match LD reference
2022-10-06 15:37:34 INFO::Harmonizing strand-ambiguous z scores using imputation by region
2022-10-06 15:52:15 INFO::Reading weights for chromosome 9
2022-10-06 15:52:15 INFO::Number of genes with weights provided: 27011
2022-10-06 15:52:15 INFO::Collecting gene weight information ...
2022-10-06 15:52:15 INFO::Flipping weights to match LD reference
2022-10-06 15:52:15 INFO::Harmonizing strand ambiguous weights using correlations with unambiguous variants
2022-10-06 16:00:20 INFO::Start gene z score imputation ...
2022-10-06 16:00:20 INFO::Using given LD matrices to impute gene z score.
2022-10-06 16:07:47 INFO::Imputation done, writing results to output...
2022-10-06 16:07:47 INFO::Imputation done: number of genes with imputed expression: 854 for chr 9
2022-10-06 16:07:49 INFO::Flipping z scores to match LD reference
2022-10-06 16:07:52 INFO::Harmonizing strand-ambiguous z scores using imputation by region
2022-10-06 16:26:13 INFO::Reading weights for chromosome 10
2022-10-06 16:26:13 INFO::Number of genes with weights provided: 27011
2022-10-06 16:26:13 INFO::Collecting gene weight information ...
2022-10-06 16:26:13 INFO::Flipping weights to match LD reference
2022-10-06 16:26:13 INFO::Harmonizing strand ambiguous weights using correlations with unambiguous variants
2022-10-06 16:34:52 INFO::Start gene z score imputation ...
2022-10-06 16:34:52 INFO::Using given LD matrices to impute gene z score.
2022-10-06 16:43:53 INFO::Imputation done, writing results to output...
2022-10-06 16:43:53 INFO::Imputation done: number of genes with imputed expression: 931 for chr 10
2022-10-06 16:43:54 INFO::Flipping z scores to match LD reference
2022-10-06 16:43:58 INFO::Harmonizing strand-ambiguous z scores using imputation by region
2022-10-06 17:03:31 INFO::Reading weights for chromosome 11
2022-10-06 17:03:31 INFO::Number of genes with weights provided: 27011
2022-10-06 17:03:31 INFO::Collecting gene weight information ...
2022-10-06 17:03:31 INFO::Flipping weights to match LD reference
2022-10-06 17:03:31 INFO::Harmonizing strand ambiguous weights using correlations with unambiguous variants
2022-10-06 17:15:45 INFO::Start gene z score imputation ...
2022-10-06 17:15:45 INFO::Using given LD matrices to impute gene z score.
2022-10-06 17:26:31 INFO::Imputation done, writing results to output...
2022-10-06 17:26:32 INFO::Imputation done: number of genes with imputed expression: 1344 for chr 11
2022-10-06 17:26:33 INFO::Flipping z scores to match LD reference
2022-10-06 17:26:36 INFO::Harmonizing strand-ambiguous z scores using imputation by region
2022-10-06 17:43:27 INFO::Reading weights for chromosome 12
2022-10-06 17:43:27 INFO::Number of genes with weights provided: 27011
2022-10-06 17:43:27 INFO::Collecting gene weight information ...
2022-10-06 17:43:27 INFO::Flipping weights to match LD reference
2022-10-06 17:43:27 INFO::Harmonizing strand ambiguous weights using correlations with unambiguous variants
2022-10-06 17:52:04 INFO::Start gene z score imputation ...
2022-10-06 17:52:04 INFO::Using given LD matrices to impute gene z score.
2022-10-06 18:02:04 INFO::Imputation done, writing results to output...
2022-10-06 18:02:05 INFO::Imputation done: number of genes with imputed expression: 1116 for chr 12
2022-10-06 18:02:06 INFO::Flipping z scores to match LD reference
2022-10-06 18:02:09 INFO::Harmonizing strand-ambiguous z scores using imputation by region
2022-10-06 18:15:08 INFO::Reading weights for chromosome 13
2022-10-06 18:15:08 INFO::Number of genes with weights provided: 27011
2022-10-06 18:15:08 INFO::Collecting gene weight information ...
2022-10-06 18:15:08 INFO::Flipping weights to match LD reference
2022-10-06 18:15:08 INFO::Harmonizing strand ambiguous weights using correlations with unambiguous variants
2022-10-06 18:19:08 INFO::Start gene z score imputation ...
2022-10-06 18:19:08 INFO::Using given LD matrices to impute gene z score.
2022-10-06 18:23:25 INFO::Imputation done, writing results to output...
2022-10-06 18:23:25 INFO::Imputation done: number of genes with imputed expression: 391 for chr 13
2022-10-06 18:23:26 INFO::Flipping z scores to match LD reference
2022-10-06 18:23:28 INFO::Harmonizing strand-ambiguous z scores using imputation by region
2022-10-06 18:34:09 INFO::Reading weights for chromosome 14
2022-10-06 18:34:09 INFO::Number of genes with weights provided: 27011
2022-10-06 18:34:09 INFO::Collecting gene weight information ...
2022-10-06 18:34:09 INFO::Flipping weights to match LD reference
2022-10-06 18:34:09 INFO::Harmonizing strand ambiguous weights using correlations with unambiguous variants
2022-10-06 18:41:11 INFO::Start gene z score imputation ...
2022-10-06 18:41:11 INFO::Using given LD matrices to impute gene z score.
2022-10-06 18:47:39 INFO::Imputation done, writing results to output...
2022-10-06 18:47:39 INFO::Imputation done: number of genes with imputed expression: 772 for chr 14
2022-10-06 18:47:40 INFO::Flipping z scores to match LD reference
2022-10-06 18:47:43 INFO::Harmonizing strand-ambiguous z scores using imputation by region
2022-10-06 18:56:00 INFO::Reading weights for chromosome 15
2022-10-06 18:56:00 INFO::Number of genes with weights provided: 27011
2022-10-06 18:56:00 INFO::Collecting gene weight information ...
2022-10-06 18:56:00 INFO::Flipping weights to match LD reference
2022-10-06 18:56:00 INFO::Harmonizing strand ambiguous weights using correlations with unambiguous variants
2022-10-06 19:01:51 INFO::Start gene z score imputation ...
2022-10-06 19:01:51 INFO::Using given LD matrices to impute gene z score.
2022-10-06 19:07:38 INFO::Imputation done, writing results to output...
2022-10-06 19:07:38 INFO::Imputation done: number of genes with imputed expression: 677 for chr 15
2022-10-06 19:07:40 INFO::Flipping z scores to match LD reference
2022-10-06 19:07:43 INFO::Harmonizing strand-ambiguous z scores using imputation by region
2022-10-06 19:16:23 INFO::Reading weights for chromosome 16
2022-10-06 19:16:23 INFO::Number of genes with weights provided: 27011
2022-10-06 19:16:23 INFO::Collecting gene weight information ...
2022-10-06 19:16:23 INFO::Flipping weights to match LD reference
2022-10-06 19:16:23 INFO::Harmonizing strand ambiguous weights using correlations with unambiguous variants
2022-10-06 19:26:32 INFO::Start gene z score imputation ...
2022-10-06 19:26:32 INFO::Using given LD matrices to impute gene z score.
2022-10-06 19:34:35 INFO::Imputation done, writing results to output...
2022-10-06 19:34:35 INFO::Imputation done: number of genes with imputed expression: 1085 for chr 16
2022-10-06 19:34:36 INFO::Flipping z scores to match LD reference
2022-10-06 19:34:39 INFO::Harmonizing strand-ambiguous z scores using imputation by region
2022-10-06 19:43:09 INFO::Reading weights for chromosome 17
2022-10-06 19:43:09 INFO::Number of genes with weights provided: 27011
2022-10-06 19:43:09 INFO::Collecting gene weight information ...
2022-10-06 19:43:09 INFO::Flipping weights to match LD reference
2022-10-06 19:43:09 INFO::Harmonizing strand ambiguous weights using correlations with unambiguous variants
2022-10-06 19:55:28 INFO::Start gene z score imputation ...
2022-10-06 19:55:28 INFO::Using given LD matrices to impute gene z score.
2022-10-06 20:06:04 INFO::Imputation done, writing results to output...
2022-10-06 20:06:04 INFO::Imputation done: number of genes with imputed expression: 1462 for chr 17
2022-10-06 20:06:05 INFO::Flipping z scores to match LD reference
2022-10-06 20:06:08 INFO::Harmonizing strand-ambiguous z scores using imputation by region
2022-10-06 20:16:48 INFO::Reading weights for chromosome 18
2022-10-06 20:16:48 INFO::Number of genes with weights provided: 27011
2022-10-06 20:16:48 INFO::Collecting gene weight information ...
2022-10-06 20:16:48 INFO::Flipping weights to match LD reference
2022-10-06 20:16:48 INFO::Harmonizing strand ambiguous weights using correlations with unambiguous variants
2022-10-06 20:20:07 INFO::Start gene z score imputation ...
2022-10-06 20:20:07 INFO::Using given LD matrices to impute gene z score.
2022-10-06 20:24:24 INFO::Imputation done, writing results to output...
2022-10-06 20:24:24 INFO::Imputation done: number of genes with imputed expression: 258 for chr 18
2022-10-06 20:24:25 INFO::Flipping z scores to match LD reference
2022-10-06 20:24:27 INFO::Harmonizing strand-ambiguous z scores using imputation by region
2022-10-06 20:32:21 INFO::Reading weights for chromosome 19
2022-10-06 20:32:21 INFO::Number of genes with weights provided: 27011
2022-10-06 20:32:21 INFO::Collecting gene weight information ...
2022-10-06 20:32:21 INFO::Flipping weights to match LD reference
2022-10-06 20:32:21 INFO::Harmonizing strand ambiguous weights using correlations with unambiguous variants
2022-10-06 20:44:31 INFO::Start gene z score imputation ...
2022-10-06 20:44:31 INFO::Using given LD matrices to impute gene z score.
2022-10-06 20:54:42 INFO::Imputation done, writing results to output...
2022-10-06 20:54:42 INFO::Imputation done: number of genes with imputed expression: 1524 for chr 19
2022-10-06 20:54:43 INFO::Flipping z scores to match LD reference
2022-10-06 20:54:46 INFO::Harmonizing strand-ambiguous z scores using imputation by region
2022-10-06 21:02:44 INFO::Reading weights for chromosome 20
2022-10-06 21:02:44 INFO::Number of genes with weights provided: 27011
2022-10-06 21:02:44 INFO::Collecting gene weight information ...
2022-10-06 21:02:44 INFO::Flipping weights to match LD reference
2022-10-06 21:02:44 INFO::Harmonizing strand ambiguous weights using correlations with unambiguous variants
2022-10-06 21:10:00 INFO::Start gene z score imputation ...
2022-10-06 21:10:00 INFO::Using given LD matrices to impute gene z score.
2022-10-06 21:16:01 INFO::Imputation done, writing results to output...
2022-10-06 21:16:01 INFO::Imputation done: number of genes with imputed expression: 659 for chr 20
2022-10-06 21:16:02 INFO::Flipping z scores to match LD reference
2022-10-06 21:16:04 INFO::Harmonizing strand-ambiguous z scores using imputation by region
2022-10-06 21:20:07 INFO::Reading weights for chromosome 21
2022-10-06 21:20:07 INFO::Number of genes with weights provided: 27011
2022-10-06 21:20:07 INFO::Collecting gene weight information ...
2022-10-06 21:20:07 INFO::Flipping weights to match LD reference
2022-10-06 21:20:07 INFO::Harmonizing strand ambiguous weights using correlations with unambiguous variants
2022-10-06 21:23:08 INFO::Start gene z score imputation ...
2022-10-06 21:23:08 INFO::Using given LD matrices to impute gene z score.
2022-10-06 21:25:44 INFO::Imputation done, writing results to output...
2022-10-06 21:25:44 INFO::Imputation done: number of genes with imputed expression: 262 for chr 21
2022-10-06 21:25:45 INFO::Flipping z scores to match LD reference
2022-10-06 21:25:47 INFO::Harmonizing strand-ambiguous z scores using imputation by region
2022-10-06 21:29:39 INFO::Reading weights for chromosome 22
2022-10-06 21:29:39 INFO::Number of genes with weights provided: 27011
2022-10-06 21:29:39 INFO::Collecting gene weight information ...
2022-10-06 21:29:39 INFO::Flipping weights to match LD reference
2022-10-06 21:29:39 INFO::Harmonizing strand ambiguous weights using correlations with unambiguous variants
2022-10-06 21:36:08 INFO::Start gene z score imputation ...
2022-10-06 21:36:08 INFO::Using given LD matrices to impute gene z score.
2022-10-06 21:41:13 INFO::Imputation done, writing results to output...
2022-10-06 21:41:13 INFO::Imputation done: number of genes with imputed expression: 700 for chr 22
2022-10-06 21:41:41 INFO::ctwas started ...
2022-10-06 21:42:07 INFO::LD region file: /home/shengqian/R/x86_64-pc-linux-gnu-library/4.1/ctwas/extdata/ldetect/EUR.b38.bed
2022-10-06 21:42:16 INFO::No. LD regions: 1700
2022-10-06 21:42:26 INFO::No. regions with at least one SNP/gene for chr1: 131
2022-10-06 21:42:26 INFO::Merge regions for chr1
2022-10-06 21:42:26 INFO::No. regions with at least one SNP/gene for chr1 after merging: 131
2022-10-06 21:42:34 INFO::No. regions with at least one SNP/gene for chr2: 144
2022-10-06 21:42:34 INFO::Merge regions for chr2
2022-10-06 21:42:34 INFO::No. regions with at least one SNP/gene for chr2 after merging: 143
2022-10-06 21:42:39 INFO::No. regions with at least one SNP/gene for chr3: 122
2022-10-06 21:42:39 INFO::Merge regions for chr3
2022-10-06 21:42:39 INFO::No. regions with at least one SNP/gene for chr3 after merging: 120
2022-10-06 21:42:45 INFO::No. regions with at least one SNP/gene for chr4: 122
2022-10-06 21:42:45 INFO::Merge regions for chr4
2022-10-06 21:42:45 INFO::No. regions with at least one SNP/gene for chr4 after merging: 122
2022-10-06 21:42:49 INFO::No. regions with at least one SNP/gene for chr5: 110
2022-10-06 21:42:49 INFO::Merge regions for chr5
2022-10-06 21:42:49 INFO::No. regions with at least one SNP/gene for chr5 after merging: 109
2022-10-06 21:42:54 INFO::No. regions with at least one SNP/gene for chr6: 112
2022-10-06 21:42:54 INFO::Merge regions for chr6
2022-10-06 21:42:54 INFO::No. regions with at least one SNP/gene for chr6 after merging: 109
2022-10-06 21:42:58 INFO::No. regions with at least one SNP/gene for chr7: 99
2022-10-06 21:42:58 INFO::Merge regions for chr7
2022-10-06 21:42:58 INFO::No. regions with at least one SNP/gene for chr7 after merging: 98
2022-10-06 21:43:02 INFO::No. regions with at least one SNP/gene for chr8: 94
2022-10-06 21:43:02 INFO::Merge regions for chr8
2022-10-06 21:43:02 INFO::No. regions with at least one SNP/gene for chr8 after merging: 94
2022-10-06 21:43:06 INFO::No. regions with at least one SNP/gene for chr9: 74
2022-10-06 21:43:06 INFO::Merge regions for chr9
2022-10-06 21:43:06 INFO::No. regions with at least one SNP/gene for chr9 after merging: 73
2022-10-06 21:43:09 INFO::No. regions with at least one SNP/gene for chr10: 85
2022-10-06 21:43:09 INFO::Merge regions for chr10
2022-10-06 21:43:09 INFO::No. regions with at least one SNP/gene for chr10 after merging: 85
2022-10-06 21:43:13 INFO::No. regions with at least one SNP/gene for chr11: 84
2022-10-06 21:43:13 INFO::Merge regions for chr11
2022-10-06 21:43:13 INFO::No. regions with at least one SNP/gene for chr11 after merging: 82
2022-10-06 21:43:16 INFO::No. regions with at least one SNP/gene for chr12: 82
2022-10-06 21:43:16 INFO::Merge regions for chr12
2022-10-06 21:43:16 INFO::No. regions with at least one SNP/gene for chr12 after merging: 82
2022-10-06 21:43:19 INFO::No. regions with at least one SNP/gene for chr13: 62
2022-10-06 21:43:19 INFO::Merge regions for chr13
2022-10-06 21:43:19 INFO::No. regions with at least one SNP/gene for chr13 after merging: 62
2022-10-06 21:43:22 INFO::No. regions with at least one SNP/gene for chr14: 56
2022-10-06 21:43:22 INFO::Merge regions for chr14
2022-10-06 21:43:22 INFO::No. regions with at least one SNP/gene for chr14 after merging: 56
2022-10-06 21:43:23 INFO::No. regions with at least one SNP/gene for chr15: 50
2022-10-06 21:43:23 INFO::Merge regions for chr15
2022-10-06 21:43:23 INFO::No. regions with at least one SNP/gene for chr15 after merging: 50
2022-10-06 21:43:26 INFO::No. regions with at least one SNP/gene for chr16: 54
2022-10-06 21:43:26 INFO::Merge regions for chr16
2022-10-06 21:43:26 INFO::No. regions with at least one SNP/gene for chr16 after merging: 54
2022-10-06 21:43:28 INFO::No. regions with at least one SNP/gene for chr17: 47
2022-10-06 21:43:28 INFO::Merge regions for chr17
2022-10-06 21:43:28 INFO::No. regions with at least one SNP/gene for chr17 after merging: 46
2022-10-06 21:43:31 INFO::No. regions with at least one SNP/gene for chr18: 47
2022-10-06 21:43:31 INFO::Merge regions for chr18
2022-10-06 21:43:31 INFO::No. regions with at least one SNP/gene for chr18 after merging: 46
2022-10-06 21:43:33 INFO::No. regions with at least one SNP/gene for chr19: 39
2022-10-06 21:43:33 INFO::Merge regions for chr19
2022-10-06 21:43:33 INFO::No. regions with at least one SNP/gene for chr19 after merging: 39
2022-10-06 21:43:34 INFO::No. regions with at least one SNP/gene for chr20: 38
2022-10-06 21:43:34 INFO::Merge regions for chr20
2022-10-06 21:43:34 INFO::No. regions with at least one SNP/gene for chr20 after merging: 38
2022-10-06 21:43:36 INFO::No. regions with at least one SNP/gene for chr21: 24
2022-10-06 21:43:36 INFO::Merge regions for chr21
2022-10-06 21:43:36 INFO::No. regions with at least one SNP/gene for chr21 after merging: 24
2022-10-06 21:43:38 INFO::No. regions with at least one SNP/gene for chr22: 24
2022-10-06 21:43:38 INFO::Merge regions for chr22
2022-10-06 21:43:38 INFO::No. regions with at least one SNP/gene for chr22 after merging: 24
2022-10-06 21:43:38 INFO::Trim regions with SNPs more than Inf
2022-10-06 21:43:38 INFO::Adding R matrix info, as genotype is not given
2022-10-06 21:43:39 INFO::Adding R matrix info for chrom 1
2022-10-06 21:55:47 INFO::Adding R matrix info for chrom 2
2022-10-06 22:07:52 INFO::Adding R matrix info for chrom 3
2022-10-06 22:17:48 INFO::Adding R matrix info for chrom 4
2022-10-06 22:26:58 INFO::Adding R matrix info for chrom 5
2022-10-06 22:35:17 INFO::Adding R matrix info for chrom 6
2022-10-06 22:47:45 INFO::Adding R matrix info for chrom 7
2022-10-06 22:56:23 INFO::Adding R matrix info for chrom 8
2022-10-06 23:03:12 INFO::Adding R matrix info for chrom 9
2022-10-06 23:09:25 INFO::Adding R matrix info for chrom 10
2022-10-06 23:16:49 INFO::Adding R matrix info for chrom 11
2022-10-06 23:25:50 INFO::Adding R matrix info for chrom 12
2022-10-06 23:33:32 INFO::Adding R matrix info for chrom 13
2022-10-06 23:38:09 INFO::Adding R matrix info for chrom 14
2022-10-06 23:43:25 INFO::Adding R matrix info for chrom 15
2022-10-06 23:47:36 INFO::Adding R matrix info for chrom 16
2022-10-06 23:52:44 INFO::Adding R matrix info for chrom 17
2022-10-06 23:59:03 INFO::Adding R matrix info for chrom 18
2022-10-07 00:03:13 INFO::Adding R matrix info for chrom 19
2022-10-07 00:09:43 INFO::Adding R matrix info for chrom 20
2022-10-07 00:13:36 INFO::Adding R matrix info for chrom 21
2022-10-07 00:15:26 INFO::Adding R matrix info for chrom 22
2022-10-07 00:18:16 INFO::Run susie iteratively, getting rough estimate ...
2022-10-07 00:18:16 INFO::run iteration 1
starting worker pid=48887 on localhost:11480 at 00:18:18.019
starting worker pid=48888 on localhost:11480 at 00:18:18.019
starting worker pid=48886 on localhost:11480 at 00:18:18.019
starting worker pid=48889 on localhost:11480 at 00:18:18.019
starting worker pid=48882 on localhost:11480 at 00:18:18.020
starting worker pid=48883 on localhost:11480 at 00:18:18.020
starting worker pid=48885 on localhost:11480 at 00:18:18.021
starting worker pid=48880 on localhost:11480 at 00:18:18.022
starting worker pid=48884 on localhost:11480 at 00:18:18.026
starting worker pid=48881 on localhost:11480 at 00:18:18.032
2022-10-07 00:30:54 INFO::After iteration 1, gene prior 0.00256301761010164:, SNP prior:0.00187631865493351
2022-10-07 00:30:54 INFO::run iteration 2
starting worker pid=49953 on localhost:11480 at 00:30:55.271
starting worker pid=49960 on localhost:11480 at 00:30:55.271
starting worker pid=49958 on localhost:11480 at 00:30:55.272
starting worker pid=49956 on localhost:11480 at 00:30:55.283
starting worker pid=49959 on localhost:11480 at 00:30:55.293
starting worker pid=49951 on localhost:11480 at 00:30:55.297
starting worker pid=49955 on localhost:11480 at 00:30:55.301
starting worker pid=49952 on localhost:11480 at 00:30:55.303
starting worker pid=49954 on localhost:11480 at 00:30:55.306
starting worker pid=49957 on localhost:11480 at 00:30:55.308
2022-10-07 00:43:38 INFO::After iteration 2, gene prior 0.00274407316909408:, SNP prior:0.00156345468261549
2022-10-07 00:43:39 INFO::run iteration 3
starting worker pid=50868 on localhost:11480 at 00:43:40.290
starting worker pid=50864 on localhost:11480 at 00:43:40.290
starting worker pid=50866 on localhost:11480 at 00:43:40.290
starting worker pid=50863 on localhost:11480 at 00:43:40.290
starting worker pid=50867 on localhost:11480 at 00:43:40.290
starting worker pid=50860 on localhost:11480 at 00:43:40.290
starting worker pid=50869 on localhost:11480 at 00:43:40.290
starting worker pid=50865 on localhost:11480 at 00:43:40.290
starting worker pid=50861 on localhost:11480 at 00:43:40.290
starting worker pid=50862 on localhost:11480 at 00:43:40.290
2022-10-07 00:56:09 INFO::After iteration 3, gene prior 0.00301863470708196:, SNP prior:0.00140998887665422
2022-10-07 00:56:10 INFO::Blocks are filtered: 1023 blocks left
2022-10-07 00:56:10 INFO::Run susie iteratively, getting accurate estimate ...
2022-10-07 00:56:10 INFO::run iteration 1
starting worker pid=52335 on localhost:11480 at 00:56:10.998
starting worker pid=52331 on localhost:11480 at 00:56:10.998
starting worker pid=52333 on localhost:11480 at 00:56:10.998
starting worker pid=52337 on localhost:11480 at 00:56:10.998
starting worker pid=52328 on localhost:11480 at 00:56:10.999
starting worker pid=52336 on localhost:11480 at 00:56:10.999
starting worker pid=52330 on localhost:11480 at 00:56:10.999
starting worker pid=52332 on localhost:11480 at 00:56:10.999
starting worker pid=52329 on localhost:11480 at 00:56:10.999
starting worker pid=52334 on localhost:11480 at 00:56:11.000
2022-10-07 01:05:15 INFO::After iteration 1, gene prior 0.00389780425212001:, SNP prior:0.00134731325998501
2022-10-07 01:05:16 INFO::run iteration 2
starting worker pid=53046 on localhost:11480 at 01:05:16.971
starting worker pid=53037 on localhost:11480 at 01:05:16.971
starting worker pid=53043 on localhost:11480 at 01:05:16.971
starting worker pid=53042 on localhost:11480 at 01:05:16.971
starting worker pid=53038 on localhost:11480 at 01:05:16.971
starting worker pid=53044 on localhost:11480 at 01:05:16.971
starting worker pid=53039 on localhost:11480 at 01:05:16.971
starting worker pid=53041 on localhost:11480 at 01:05:16.971
starting worker pid=53040 on localhost:11480 at 01:05:16.971
starting worker pid=53045 on localhost:11480 at 01:05:16.971
2022-10-07 01:14:23 INFO::After iteration 2, gene prior 0.00454545439816575:, SNP prior:0.00129681942959163
2022-10-07 01:14:23 INFO::run iteration 3
starting worker pid=53750 on localhost:11480 at 01:14:24.554
starting worker pid=53754 on localhost:11480 at 01:14:24.554
starting worker pid=53756 on localhost:11480 at 01:14:24.554
starting worker pid=53753 on localhost:11480 at 01:14:24.554
starting worker pid=53752 on localhost:11480 at 01:14:24.554
starting worker pid=53755 on localhost:11480 at 01:14:24.554
starting worker pid=53758 on localhost:11480 at 01:14:24.554
starting worker pid=53759 on localhost:11480 at 01:14:24.554
starting worker pid=53757 on localhost:11480 at 01:14:24.554
starting worker pid=53751 on localhost:11480 at 01:14:24.555
2022-10-07 01:23:30 INFO::After iteration 3, gene prior 0.00511222659872384:, SNP prior:0.00124882342979625
2022-10-07 01:23:30 INFO::run iteration 4
starting worker pid=54948 on localhost:11480 at 01:23:30.999
starting worker pid=54949 on localhost:11480 at 01:23:31.000
starting worker pid=54952 on localhost:11480 at 01:23:31.000
starting worker pid=54950 on localhost:11480 at 01:23:31.001
starting worker pid=54951 on localhost:11480 at 01:23:31.001
starting worker pid=54953 on localhost:11480 at 01:23:31.001
starting worker pid=54956 on localhost:11480 at 01:23:31.001
starting worker pid=54954 on localhost:11480 at 01:23:31.001
starting worker pid=54957 on localhost:11480 at 01:23:31.001
starting worker pid=54955 on localhost:11480 at 01:23:31.002
2022-10-07 01:32:40 INFO::After iteration 4, gene prior 0.00564358045111585:, SNP prior:0.0012017168351163
2022-10-07 01:32:41 INFO::run iteration 5
starting worker pid=55734 on localhost:11480 at 01:32:41.729
starting worker pid=55729 on localhost:11480 at 01:32:41.729
starting worker pid=55728 on localhost:11480 at 01:32:41.729
starting worker pid=55735 on localhost:11480 at 01:32:41.729
starting worker pid=55727 on localhost:11480 at 01:32:41.729
starting worker pid=55733 on localhost:11480 at 01:32:41.729
starting worker pid=55731 on localhost:11480 at 01:32:41.729
starting worker pid=55736 on localhost:11480 at 01:32:41.729
starting worker pid=55730 on localhost:11480 at 01:32:41.729
starting worker pid=55732 on localhost:11480 at 01:32:41.729
2022-10-07 01:41:44 INFO::After iteration 5, gene prior 0.00614888056847179:, SNP prior:0.00115557684074366
2022-10-07 01:41:44 INFO::run iteration 6
starting worker pid=56439 on localhost:11480 at 01:41:44.986
starting worker pid=56435 on localhost:11480 at 01:41:44.987
starting worker pid=56437 on localhost:11480 at 01:41:44.987
starting worker pid=56438 on localhost:11480 at 01:41:44.989
starting worker pid=56436 on localhost:11480 at 01:41:44.989
starting worker pid=56441 on localhost:11480 at 01:41:44.989
starting worker pid=56433 on localhost:11480 at 01:41:44.990
starting worker pid=56440 on localhost:11480 at 01:41:44.990
starting worker pid=56442 on localhost:11480 at 01:41:44.993
starting worker pid=56434 on localhost:11480 at 01:41:45.041
2022-10-07 01:50:49 INFO::After iteration 6, gene prior 0.00663055341316541:, SNP prior:0.00111069072115964
2022-10-07 01:50:49 INFO::run iteration 7
starting worker pid=668 on localhost:11480 at 01:50:50.324
starting worker pid=661 on localhost:11480 at 01:50:50.324
starting worker pid=669 on localhost:11480 at 01:50:50.324
starting worker pid=663 on localhost:11480 at 01:50:50.324
starting worker pid=667 on localhost:11480 at 01:50:50.324
starting worker pid=666 on localhost:11480 at 01:50:50.324
starting worker pid=664 on localhost:11480 at 01:50:50.324
starting worker pid=660 on localhost:11480 at 01:50:50.324
starting worker pid=665 on localhost:11480 at 01:50:50.325
starting worker pid=662 on localhost:11480 at 01:50:50.325
2022-10-07 02:00:00 INFO::After iteration 7, gene prior 0.00709085511049505:, SNP prior:0.00106735928949752
2022-10-07 02:00:00 INFO::run iteration 8
starting worker pid=1388 on localhost:11480 at 02:00:01.340
starting worker pid=1394 on localhost:11480 at 02:00:01.340
starting worker pid=1391 on localhost:11480 at 02:00:01.340
starting worker pid=1395 on localhost:11480 at 02:00:01.340
starting worker pid=1389 on localhost:11480 at 02:00:01.341
starting worker pid=1390 on localhost:11480 at 02:00:01.341
starting worker pid=1387 on localhost:11480 at 02:00:01.341
starting worker pid=1392 on localhost:11480 at 02:00:01.341
starting worker pid=1393 on localhost:11480 at 02:00:01.357
starting worker pid=1386 on localhost:11480 at 02:00:01.360
2022-10-07 02:09:16 INFO::After iteration 8, gene prior 0.00753230891659202:, SNP prior:0.00102583258459165
2022-10-07 02:09:17 INFO::run iteration 9
starting worker pid=2158 on localhost:11480 at 02:09:17.804
starting worker pid=2157 on localhost:11480 at 02:09:17.805
starting worker pid=2156 on localhost:11480 at 02:09:17.805
starting worker pid=2159 on localhost:11480 at 02:09:17.805
starting worker pid=2153 on localhost:11480 at 02:09:17.805
starting worker pid=2160 on localhost:11480 at 02:09:17.805
starting worker pid=2151 on localhost:11480 at 02:09:17.805
starting worker pid=2154 on localhost:11480 at 02:09:17.805
starting worker pid=2152 on localhost:11480 at 02:09:17.805
starting worker pid=2155 on localhost:11480 at 02:09:17.805
2022-10-07 02:18:25 INFO::After iteration 9, gene prior 0.00795808461967116:, SNP prior:0.000986308506641925
2022-10-07 02:18:25 INFO::run iteration 10
starting worker pid=3199 on localhost:11480 at 02:18:26.777
starting worker pid=3200 on localhost:11480 at 02:18:26.778
starting worker pid=3197 on localhost:11480 at 02:18:26.778
starting worker pid=3202 on localhost:11480 at 02:18:26.778
starting worker pid=3206 on localhost:11480 at 02:18:26.778
starting worker pid=3198 on localhost:11480 at 02:18:26.778
starting worker pid=3205 on localhost:11480 at 02:18:26.778
starting worker pid=3204 on localhost:11480 at 02:18:26.778
starting worker pid=3203 on localhost:11480 at 02:18:26.778
starting worker pid=3201 on localhost:11480 at 02:18:26.779
2022-10-07 02:27:37 INFO::After iteration 10, gene prior 0.00837075847269114:, SNP prior:0.000948932407186921
2022-10-07 02:27:37 INFO::run iteration 11
starting worker pid=4039 on localhost:11480 at 02:27:38.349
starting worker pid=4038 on localhost:11480 at 02:27:38.349
starting worker pid=4033 on localhost:11480 at 02:27:38.349
starting worker pid=4032 on localhost:11480 at 02:27:38.349
starting worker pid=4034 on localhost:11480 at 02:27:38.349
starting worker pid=4036 on localhost:11480 at 02:27:38.350
starting worker pid=4037 on localhost:11480 at 02:27:38.355
starting worker pid=4030 on localhost:11480 at 02:27:38.359
starting worker pid=4031 on localhost:11480 at 02:27:38.376
starting worker pid=4035 on localhost:11480 at 02:27:38.381
2022-10-07 02:36:46 INFO::After iteration 11, gene prior 0.00877171298275982:, SNP prior:0.000913813646053584
2022-10-07 02:36:46 INFO::run iteration 12
starting worker pid=4746 on localhost:11480 at 02:36:47.518
starting worker pid=4745 on localhost:11480 at 02:36:47.519
starting worker pid=4749 on localhost:11480 at 02:36:47.519
starting worker pid=4750 on localhost:11480 at 02:36:47.522
starting worker pid=4742 on localhost:11480 at 02:36:47.525
starting worker pid=4751 on localhost:11480 at 02:36:47.537
starting worker pid=4748 on localhost:11480 at 02:36:47.541
starting worker pid=4744 on localhost:11480 at 02:36:47.550
starting worker pid=4743 on localhost:11480 at 02:36:47.555
starting worker pid=4747 on localhost:11480 at 02:36:47.563
2022-10-07 02:45:56 INFO::After iteration 12, gene prior 0.00916069792920989:, SNP prior:0.000881037672778904
2022-10-07 02:45:56 INFO::run iteration 13
starting worker pid=5585 on localhost:11480 at 02:45:57.628
starting worker pid=5588 on localhost:11480 at 02:45:57.628
starting worker pid=5584 on localhost:11480 at 02:45:57.628
starting worker pid=5589 on localhost:11480 at 02:45:57.628
starting worker pid=5582 on localhost:11480 at 02:45:57.629
starting worker pid=5586 on localhost:11480 at 02:45:57.629
starting worker pid=5590 on localhost:11480 at 02:45:57.629
starting worker pid=5591 on localhost:11480 at 02:45:57.629
starting worker pid=5583 on localhost:11480 at 02:45:57.629
starting worker pid=5587 on localhost:11480 at 02:45:57.629
2022-10-07 02:55:10 INFO::After iteration 13, gene prior 0.00953590413676615:, SNP prior:0.000850667674008251
2022-10-07 02:55:10 INFO::run iteration 14
starting worker pid=7186 on localhost:11480 at 02:55:11.332
starting worker pid=7184 on localhost:11480 at 02:55:11.332
starting worker pid=7182 on localhost:11480 at 02:55:11.332
starting worker pid=7185 on localhost:11480 at 02:55:11.333
starting worker pid=7188 on localhost:11480 at 02:55:11.333
starting worker pid=7187 on localhost:11480 at 02:55:11.333
starting worker pid=7189 on localhost:11480 at 02:55:11.333
starting worker pid=7183 on localhost:11480 at 02:55:11.333
starting worker pid=7181 on localhost:11480 at 02:55:11.333
starting worker pid=7190 on localhost:11480 at 02:55:11.333
2022-10-07 03:04:23 INFO::After iteration 14, gene prior 0.0098946168690106:, SNP prior:0.000822735977197413
2022-10-07 03:04:23 INFO::run iteration 15
starting worker pid=7893 on localhost:11480 at 03:04:23.938
starting worker pid=7892 on localhost:11480 at 03:04:23.939
starting worker pid=7894 on localhost:11480 at 03:04:23.939
starting worker pid=7897 on localhost:11480 at 03:04:23.939
starting worker pid=7901 on localhost:11480 at 03:04:23.939
starting worker pid=7898 on localhost:11480 at 03:04:23.940
starting worker pid=7896 on localhost:11480 at 03:04:23.940
starting worker pid=7899 on localhost:11480 at 03:04:23.952
starting worker pid=7895 on localhost:11480 at 03:04:23.954
starting worker pid=7900 on localhost:11480 at 03:04:23.967
2022-10-07 03:13:38 INFO::After iteration 15, gene prior 0.0102340931472865:, SNP prior:0.000797234136401214
2022-10-07 03:13:39 INFO::run iteration 16
starting worker pid=8546 on localhost:11480 at 03:13:39.807
starting worker pid=8547 on localhost:11480 at 03:13:39.807
starting worker pid=8548 on localhost:11480 at 03:13:39.807
starting worker pid=8542 on localhost:11480 at 03:13:39.808
starting worker pid=8544 on localhost:11480 at 03:13:39.808
starting worker pid=8545 on localhost:11480 at 03:13:39.808
starting worker pid=8541 on localhost:11480 at 03:13:39.808
starting worker pid=8543 on localhost:11480 at 03:13:39.808
starting worker pid=8549 on localhost:11480 at 03:13:39.808
starting worker pid=8540 on localhost:11480 at 03:13:39.808
2022-10-07 03:22:51 INFO::After iteration 16, gene prior 0.0105522029773872:, SNP prior:0.00077410931311106
2022-10-07 03:22:51 INFO::run iteration 17
starting worker pid=9771 on localhost:11480 at 03:22:52.461
starting worker pid=9779 on localhost:11480 at 03:22:52.461
starting worker pid=9772 on localhost:11480 at 03:22:52.461
starting worker pid=9778 on localhost:11480 at 03:22:52.462
starting worker pid=9777 on localhost:11480 at 03:22:52.462
starting worker pid=9775 on localhost:11480 at 03:22:52.462
starting worker pid=9780 on localhost:11480 at 03:22:52.462
starting worker pid=9776 on localhost:11480 at 03:22:52.462
starting worker pid=9774 on localhost:11480 at 03:22:52.462
starting worker pid=9773 on localhost:11480 at 03:22:52.462
2022-10-07 03:31:58 INFO::After iteration 17, gene prior 0.0108476822766265:, SNP prior:0.00075326837881687
2022-10-07 03:31:59 INFO::run iteration 18
starting worker pid=10483 on localhost:11480 at 03:31:59.694
starting worker pid=10485 on localhost:11480 at 03:31:59.694
starting worker pid=10482 on localhost:11480 at 03:31:59.694
starting worker pid=10484 on localhost:11480 at 03:31:59.694
starting worker pid=10487 on localhost:11480 at 03:31:59.695
starting worker pid=10480 on localhost:11480 at 03:31:59.695
starting worker pid=10479 on localhost:11480 at 03:31:59.695
starting worker pid=10488 on localhost:11480 at 03:31:59.695
starting worker pid=10481 on localhost:11480 at 03:31:59.695
starting worker pid=10486 on localhost:11480 at 03:31:59.696
2022-10-07 03:41:08 INFO::After iteration 18, gene prior 0.0111200951950018:, SNP prior:0.000734587070313556
2022-10-07 03:41:08 INFO::run iteration 19
starting worker pid=11205 on localhost:11480 at 03:41:09.480
starting worker pid=11209 on localhost:11480 at 03:41:09.480
starting worker pid=11204 on localhost:11480 at 03:41:09.480
starting worker pid=11206 on localhost:11480 at 03:41:09.480
starting worker pid=11208 on localhost:11480 at 03:41:09.480
starting worker pid=11207 on localhost:11480 at 03:41:09.480
starting worker pid=11202 on localhost:11480 at 03:41:09.480
starting worker pid=11201 on localhost:11480 at 03:41:09.480
starting worker pid=11210 on localhost:11480 at 03:41:09.480
starting worker pid=11203 on localhost:11480 at 03:41:09.481
2022-10-07 03:50:24 INFO::After iteration 19, gene prior 0.0113696688219225:, SNP prior:0.000717920268925775
2022-10-07 03:50:26 INFO::run iteration 20
starting worker pid=12453 on localhost:11480 at 03:50:26.644
starting worker pid=12454 on localhost:11480 at 03:50:26.645
starting worker pid=12451 on localhost:11480 at 03:50:26.647
starting worker pid=12448 on localhost:11480 at 03:50:26.647
starting worker pid=12449 on localhost:11480 at 03:50:26.647
starting worker pid=12452 on localhost:11480 at 03:50:26.648
starting worker pid=12455 on localhost:11480 at 03:50:26.648
starting worker pid=12456 on localhost:11480 at 03:50:26.650
starting worker pid=12450 on localhost:11480 at 03:50:26.676
starting worker pid=12457 on localhost:11480 at 03:50:26.676
2022-10-07 03:59:39 INFO::After iteration 20, gene prior 0.0115971089137492:, SNP prior:0.00070311126524365
2022-10-07 03:59:40 INFO::run iteration 21
starting worker pid=13188 on localhost:11480 at 03:59:40.861
starting worker pid=13184 on localhost:11480 at 03:59:40.862
starting worker pid=13189 on localhost:11480 at 03:59:40.862
starting worker pid=13186 on localhost:11480 at 03:59:40.862
starting worker pid=13185 on localhost:11480 at 03:59:40.862
starting worker pid=13191 on localhost:11480 at 03:59:40.863
starting worker pid=13193 on localhost:11480 at 03:59:40.863
starting worker pid=13190 on localhost:11480 at 03:59:40.868
starting worker pid=13187 on localhost:11480 at 03:59:40.870
starting worker pid=13192 on localhost:11480 at 03:59:40.872
2022-10-07 04:08:51 INFO::After iteration 21, gene prior 0.011803442241981:, SNP prior:0.000689999235562373
2022-10-07 04:08:51 INFO::run iteration 22
starting worker pid=13850 on localhost:11480 at 04:08:52.011
starting worker pid=13844 on localhost:11480 at 04:08:52.011
starting worker pid=13848 on localhost:11480 at 04:08:52.011
starting worker pid=13849 on localhost:11480 at 04:08:52.011
starting worker pid=13847 on localhost:11480 at 04:08:52.011
starting worker pid=13846 on localhost:11480 at 04:08:52.011
starting worker pid=13853 on localhost:11480 at 04:08:52.011
starting worker pid=13845 on localhost:11480 at 04:08:52.011
starting worker pid=13852 on localhost:11480 at 04:08:52.011
starting worker pid=13851 on localhost:11480 at 04:08:52.011
2022-10-07 04:18:01 INFO::After iteration 22, gene prior 0.011988423404848:, SNP prior:0.000678413282358931
2022-10-07 04:18:02 INFO::run iteration 23
starting worker pid=14965 on localhost:11480 at 04:18:02.754
starting worker pid=14962 on localhost:11480 at 04:18:02.754
starting worker pid=14958 on localhost:11480 at 04:18:02.770
starting worker pid=14964 on localhost:11480 at 04:18:02.788
starting worker pid=14961 on localhost:11480 at 04:18:02.793
starting worker pid=14963 on localhost:11480 at 04:18:02.793
starting worker pid=14960 on localhost:11480 at 04:18:02.794
starting worker pid=14957 on localhost:11480 at 04:18:02.795
starting worker pid=14956 on localhost:11480 at 04:18:02.799
starting worker pid=14959 on localhost:11480 at 04:18:02.825
2022-10-07 04:27:12 INFO::After iteration 23, gene prior 0.012153364902675:, SNP prior:0.000668201940611588
2022-10-07 04:27:12 INFO::run iteration 24
starting worker pid=15794 on localhost:11480 at 04:27:12.933
starting worker pid=15792 on localhost:11480 at 04:27:12.933
starting worker pid=15797 on localhost:11480 at 04:27:12.933
starting worker pid=15793 on localhost:11480 at 04:27:12.934
starting worker pid=15798 on localhost:11480 at 04:27:12.934
starting worker pid=15790 on localhost:11480 at 04:27:12.934
starting worker pid=15791 on localhost:11480 at 04:27:12.934
starting worker pid=15799 on localhost:11480 at 04:27:12.934
starting worker pid=15795 on localhost:11480 at 04:27:12.934
starting worker pid=15796 on localhost:11480 at 04:27:12.934
2022-10-07 04:36:23 INFO::After iteration 24, gene prior 0.0123000649848204:, SNP prior:0.000659225034862148
2022-10-07 04:36:23 INFO::run iteration 25
starting worker pid=16511 on localhost:11480 at 04:36:24.015
starting worker pid=16512 on localhost:11480 at 04:36:24.015
starting worker pid=16514 on localhost:11480 at 04:36:24.015
starting worker pid=16513 on localhost:11480 at 04:36:24.015
starting worker pid=16510 on localhost:11480 at 04:36:24.015
starting worker pid=16506 on localhost:11480 at 04:36:24.015
starting worker pid=16507 on localhost:11480 at 04:36:24.015
starting worker pid=16509 on localhost:11480 at 04:36:24.015
starting worker pid=16508 on localhost:11480 at 04:36:24.015
starting worker pid=16505 on localhost:11480 at 04:36:24.015
2022-10-07 04:45:31 INFO::After iteration 25, gene prior 0.0124302413845711:, SNP prior:0.000651350630464622
2022-10-07 04:45:31 INFO::run iteration 26
starting worker pid=17274 on localhost:11480 at 04:45:32.521
starting worker pid=17272 on localhost:11480 at 04:45:32.521
starting worker pid=17278 on localhost:11480 at 04:45:32.521
starting worker pid=17273 on localhost:11480 at 04:45:32.521
starting worker pid=17277 on localhost:11480 at 04:45:32.522
starting worker pid=17280 on localhost:11480 at 04:45:32.522
starting worker pid=17271 on localhost:11480 at 04:45:32.522
starting worker pid=17276 on localhost:11480 at 04:45:32.524
starting worker pid=17279 on localhost:11480 at 04:45:32.529
starting worker pid=17275 on localhost:11480 at 04:45:32.565
2022-10-07 04:54:41 INFO::After iteration 26, gene prior 0.0125455160407901:, SNP prior:0.000644456311201595
2022-10-07 04:54:42 INFO::run iteration 27
starting worker pid=18538 on localhost:11480 at 04:54:42.887
starting worker pid=18543 on localhost:11480 at 04:54:42.887
starting worker pid=18542 on localhost:11480 at 04:54:42.887
starting worker pid=18539 on localhost:11480 at 04:54:42.887
starting worker pid=18535 on localhost:11480 at 04:54:42.887
starting worker pid=18536 on localhost:11480 at 04:54:42.887
starting worker pid=18537 on localhost:11480 at 04:54:42.887
starting worker pid=18541 on localhost:11480 at 04:54:42.887
starting worker pid=18534 on localhost:11480 at 04:54:42.888
starting worker pid=18540 on localhost:11480 at 04:54:42.889
2022-10-07 05:03:56 INFO::After iteration 27, gene prior 0.012647403738669:, SNP prior:0.000638429799475814
2022-10-07 05:03:56 INFO::run iteration 28
starting worker pid=19185 on localhost:11480 at 05:03:57.377
starting worker pid=19187 on localhost:11480 at 05:03:57.378
starting worker pid=19189 on localhost:11480 at 05:03:57.378
starting worker pid=19190 on localhost:11480 at 05:03:57.378
starting worker pid=19192 on localhost:11480 at 05:03:57.378
starting worker pid=19191 on localhost:11480 at 05:03:57.378
starting worker pid=19183 on localhost:11480 at 05:03:57.378
starting worker pid=19188 on localhost:11480 at 05:03:57.378
starting worker pid=19186 on localhost:11480 at 05:03:57.378
starting worker pid=19184 on localhost:11480 at 05:03:57.383
2022-10-07 05:13:07 INFO::After iteration 28, gene prior 0.0127373062272448:, SNP prior:0.000633169088914816
2022-10-07 05:13:07 INFO::run iteration 29
starting worker pid=19898 on localhost:11480 at 05:13:08.464
starting worker pid=19896 on localhost:11480 at 05:13:08.465
starting worker pid=19899 on localhost:11480 at 05:13:08.465
starting worker pid=19900 on localhost:11480 at 05:13:08.465
starting worker pid=19902 on localhost:11480 at 05:13:08.465
starting worker pid=19903 on localhost:11480 at 05:13:08.465
starting worker pid=19901 on localhost:11480 at 05:13:08.465
starting worker pid=19897 on localhost:11480 at 05:13:08.465
starting worker pid=19894 on localhost:11480 at 05:13:08.465
starting worker pid=19895 on localhost:11480 at 05:13:08.465
2022-10-07 05:22:19 INFO::After iteration 29, gene prior 0.0128165092274922:, SNP prior:0.000628582220315089
2022-10-07 05:22:19 INFO::run iteration 30
starting worker pid=21134 on localhost:11480 at 05:22:19.971
starting worker pid=21131 on localhost:11480 at 05:22:19.971
starting worker pid=21132 on localhost:11480 at 05:22:19.971
starting worker pid=21128 on localhost:11480 at 05:22:19.971
starting worker pid=21136 on localhost:11480 at 05:22:19.971
starting worker pid=21127 on localhost:11480 at 05:22:19.971
starting worker pid=21130 on localhost:11480 at 05:22:19.972
starting worker pid=21133 on localhost:11480 at 05:22:19.972
starting worker pid=21129 on localhost:11480 at 05:22:19.972
starting worker pid=21135 on localhost:11480 at 05:22:19.975
2022-10-07 05:31:27 INFO::After iteration 30, gene prior 0.0128861803327829:, SNP prior:0.000624586836650459
2022-10-07 05:31:27 INFO::Run susie for all regions.
2022-10-07 05:31:27 INFO::run iteration 1
starting worker pid=21836 on localhost:11480 at 05:31:28.440
starting worker pid=21842 on localhost:11480 at 05:31:28.442
starting worker pid=21844 on localhost:11480 at 05:31:28.442
starting worker pid=21837 on localhost:11480 at 05:31:28.444
starting worker pid=21843 on localhost:11480 at 05:31:28.450
starting worker pid=21841 on localhost:11480 at 05:31:28.455
starting worker pid=21845 on localhost:11480 at 05:31:28.458
starting worker pid=21840 on localhost:11480 at 05:31:28.468
starting worker pid=21839 on localhost:11480 at 05:31:28.468
starting worker pid=21838 on localhost:11480 at 05:31:28.470
2022-10-07 05:44:35 INFO::After iteration 1, gene prior 0.0467438400292537:, SNP prior:0.00208289707452337
2022-10-07 05:44:35 INFO::No. LD regions: 1700
2022-10-07 05:44:42 INFO::No. regions with at least one SNP/gene for chr1: 131
2022-10-07 05:44:42 INFO::Merge regions for chr1
2022-10-07 05:44:42 INFO::No. regions with at least one SNP/gene for chr1 after merging: 131
2022-10-07 05:44:49 INFO::No. regions with at least one SNP/gene for chr2: 144
2022-10-07 05:44:49 INFO::Merge regions for chr2
2022-10-07 05:44:49 INFO::No. regions with at least one SNP/gene for chr2 after merging: 143
2022-10-07 05:44:55 INFO::No. regions with at least one SNP/gene for chr3: 122
2022-10-07 05:44:55 INFO::Merge regions for chr3
2022-10-07 05:44:55 INFO::No. regions with at least one SNP/gene for chr3 after merging: 120
2022-10-07 05:45:00 INFO::No. regions with at least one SNP/gene for chr4: 122
2022-10-07 05:45:00 INFO::Merge regions for chr4
2022-10-07 05:45:00 INFO::No. regions with at least one SNP/gene for chr4 after merging: 122
2022-10-07 05:45:05 INFO::No. regions with at least one SNP/gene for chr5: 110
2022-10-07 05:45:05 INFO::Merge regions for chr5
2022-10-07 05:45:05 INFO::No. regions with at least one SNP/gene for chr5 after merging: 109
2022-10-07 05:45:10 INFO::No. regions with at least one SNP/gene for chr6: 112
2022-10-07 05:45:10 INFO::Merge regions for chr6
2022-10-07 05:45:10 INFO::No. regions with at least one SNP/gene for chr6 after merging: 109
2022-10-07 05:45:15 INFO::No. regions with at least one SNP/gene for chr7: 99
2022-10-07 05:45:15 INFO::Merge regions for chr7
2022-10-07 05:45:15 INFO::No. regions with at least one SNP/gene for chr7 after merging: 98
2022-10-07 05:45:21 INFO::No. regions with at least one SNP/gene for chr8: 94
2022-10-07 05:45:21 INFO::Merge regions for chr8
2022-10-07 05:45:21 INFO::No. regions with at least one SNP/gene for chr8 after merging: 94
2022-10-07 05:45:24 INFO::No. regions with at least one SNP/gene for chr9: 74
2022-10-07 05:45:24 INFO::Merge regions for chr9
2022-10-07 05:45:24 INFO::No. regions with at least one SNP/gene for chr9 after merging: 73
2022-10-07 05:45:28 INFO::No. regions with at least one SNP/gene for chr10: 85
2022-10-07 05:45:28 INFO::Merge regions for chr10
2022-10-07 05:45:28 INFO::No. regions with at least one SNP/gene for chr10 after merging: 85
2022-10-07 05:45:31 INFO::No. regions with at least one SNP/gene for chr11: 84
2022-10-07 05:45:31 INFO::Merge regions for chr11
2022-10-07 05:45:31 INFO::No. regions with at least one SNP/gene for chr11 after merging: 82
2022-10-07 05:45:34 INFO::No. regions with at least one SNP/gene for chr12: 82
2022-10-07 05:45:34 INFO::Merge regions for chr12
2022-10-07 05:45:34 INFO::No. regions with at least one SNP/gene for chr12 after merging: 82
2022-10-07 05:45:37 INFO::No. regions with at least one SNP/gene for chr13: 62
2022-10-07 05:45:37 INFO::Merge regions for chr13
2022-10-07 05:45:37 INFO::No. regions with at least one SNP/gene for chr13 after merging: 62
2022-10-07 05:45:39 INFO::No. regions with at least one SNP/gene for chr14: 56
2022-10-07 05:45:39 INFO::Merge regions for chr14
2022-10-07 05:45:39 INFO::No. regions with at least one SNP/gene for chr14 after merging: 56
2022-10-07 05:45:42 INFO::No. regions with at least one SNP/gene for chr15: 50
2022-10-07 05:45:42 INFO::Merge regions for chr15
2022-10-07 05:45:42 INFO::No. regions with at least one SNP/gene for chr15 after merging: 50
2022-10-07 05:45:45 INFO::No. regions with at least one SNP/gene for chr16: 54
2022-10-07 05:45:45 INFO::Merge regions for chr16
2022-10-07 05:45:45 INFO::No. regions with at least one SNP/gene for chr16 after merging: 54
2022-10-07 05:45:46 INFO::No. regions with at least one SNP/gene for chr17: 47
2022-10-07 05:45:46 INFO::Merge regions for chr17
2022-10-07 05:45:46 INFO::No. regions with at least one SNP/gene for chr17 after merging: 46
2022-10-07 05:45:49 INFO::No. regions with at least one SNP/gene for chr18: 47
2022-10-07 05:45:49 INFO::Merge regions for chr18
2022-10-07 05:45:49 INFO::No. regions with at least one SNP/gene for chr18 after merging: 46
2022-10-07 05:45:51 INFO::No. regions with at least one SNP/gene for chr19: 39
2022-10-07 05:45:51 INFO::Merge regions for chr19
2022-10-07 05:45:51 INFO::No. regions with at least one SNP/gene for chr19 after merging: 39
2022-10-07 05:45:53 INFO::No. regions with at least one SNP/gene for chr20: 38
2022-10-07 05:45:53 INFO::Merge regions for chr20
2022-10-07 05:45:53 INFO::No. regions with at least one SNP/gene for chr20 after merging: 38
2022-10-07 05:45:55 INFO::No. regions with at least one SNP/gene for chr21: 24
2022-10-07 05:45:55 INFO::Merge regions for chr21
2022-10-07 05:45:55 INFO::No. regions with at least one SNP/gene for chr21 after merging: 24
2022-10-07 05:45:57 INFO::No. regions with at least one SNP/gene for chr22: 24
2022-10-07 05:45:57 INFO::Merge regions for chr22
2022-10-07 05:45:57 INFO::No. regions with at least one SNP/gene for chr22 after merging: 24
2022-10-07 05:45:57 INFO::Trim regions with SNPs more than 20000
2022-10-07 05:45:58 INFO::Adding R matrix info, as genotype is not given
2022-10-07 05:45:58 INFO::Adding R matrix info for chrom 1
2022-10-07 05:58:10 INFO::Adding R matrix info for chrom 2
2022-10-07 06:10:16 INFO::Adding R matrix info for chrom 3
2022-10-07 06:20:03 INFO::Adding R matrix info for chrom 4
2022-10-07 06:29:09 INFO::Adding R matrix info for chrom 5
2022-10-07 06:37:30 INFO::Adding R matrix info for chrom 6
2022-10-07 06:50:04 INFO::Adding R matrix info for chrom 7
2022-10-07 06:58:43 INFO::Adding R matrix info for chrom 8
2022-10-07 07:05:34 INFO::Adding R matrix info for chrom 9
2022-10-07 07:11:53 INFO::Adding R matrix info for chrom 10
2022-10-07 07:19:20 INFO::Adding R matrix info for chrom 11
2022-10-07 07:28:13 INFO::Adding R matrix info for chrom 12
2022-10-07 07:35:34 INFO::Adding R matrix info for chrom 13
2022-10-07 07:40:02 INFO::Adding R matrix info for chrom 14
2022-10-07 07:45:09 INFO::Adding R matrix info for chrom 15
2022-10-07 07:49:11 INFO::Adding R matrix info for chrom 16
2022-10-07 07:54:22 INFO::Adding R matrix info for chrom 17
2022-10-07 08:00:42 INFO::Adding R matrix info for chrom 18
2022-10-07 08:04:45 INFO::Adding R matrix info for chrom 19
2022-10-07 08:11:14 INFO::Adding R matrix info for chrom 20
2022-10-07 08:14:57 INFO::Adding R matrix info for chrom 21
2022-10-07 08:16:40 INFO::Adding R matrix info for chrom 22
2022-10-07 08:22:42 INFO::Number of regions that contain strong gene signals: 25
2022-10-07 08:22:42 INFO::Rerun susie for regions with strong gene signals using full SNPs.
2022-10-07 08:22:42 INFO::run iteration 1
starting worker pid=35755 on localhost:11480 at 08:22:43.843
2022-10-07 08:38:08 INFO::After iteration 1, gene prior 0.0408465769804106:, SNP prior:0.000306304383210779
$group_prior
[1] 1.288618e-02 6.245868e-05

$group_prior_var
[1] 13.28903 35.66461

R version 4.1.0 (2021-05-18)
Platform: x86_64-pc-linux-gnu (64-bit)
Running under: Scientific Linux 7.4 (Nitrogen)

Matrix products: default
BLAS/LAPACK: /software/openblas-0.3.13-el7-x86_64/lib/libopenblas_haswellp-r0.3.13.so

locale:
[1] C

attached base packages:
[1] stats     graphics  grDevices utils     datasets  methods   base     

other attached packages:
[1] data.table_1.14.2 ctwas_0.1.34     

loaded via a namespace (and not attached):
 [1] Rcpp_1.0.9        compiler_4.1.0    pillar_1.7.0      iterators_1.0.14 
 [5] tools_4.1.0       bit_4.0.4         RSQLite_2.2.14    memoise_2.0.1    
 [9] lifecycle_1.0.1   tibble_3.1.7      lattice_0.20-44   pkgconfig_2.0.3  
[13] rlang_1.0.4       Matrix_1.3-3      foreach_1.5.2     DBI_1.1.2        
[17] cli_3.3.0         parallel_4.1.0    fastmap_1.1.0     pgenlibr_0.3.2   
[21] vctrs_0.4.1       hms_1.1.1         bit64_4.0.5       grid_4.1.0       
[25] glue_1.6.2        R6_2.5.1          fansi_1.0.3       readr_2.1.2      
[29] tzdb_0.3.0        blob_1.2.3        magrittr_2.0.3    codetools_0.2-18 
[33] ellipsis_0.3.2    logging_0.10-108  utf8_1.2.2        doParallel_1.0.17
[37] cachem_1.0.6      crayon_1.5.1     
