[1] "/project2/xinhe/shengqian/cTWAS/cTWAS_analysis/data/UKBB/ukb-d-30780_irnt.vcf.gz"
[2] "/project2/mstephens/wcrouse/UKB_LDR_0.1"                                         
[3] "/project2/xinhe/shengqian/cTWAS/cTWAS_analysis/data/eqtl/Liver.db"               
[4] "/project2/xinhe/shengqian/cTWAS/cTWAS_analysis/code/ctwas_config_b38.R"          
[5] "LDL_Liver_top_expr"                                                              
[6] "LDL_Liver_top_ctwas"                                                             
[7] "/project2/xinhe/shengqian/cTWAS/cTWAS_analysis/data/LDL/Liver_top"               
2023-01-16 00:44:52 INFO::ctwas started ...
2023-01-16 00:45:25 INFO::LD region file: /home/shengqian/R/x86_64-pc-linux-gnu-library/4.1/ctwas/extdata/ldetect/EUR.b38.bed
2023-01-16 00:45:39 INFO::No. LD regions: 1700
2023-01-16 00:45:49 INFO::No. regions with at least one SNP/gene for chr1: 131
2023-01-16 00:45:49 INFO::Merge regions for chr1
2023-01-16 00:45:49 INFO::No. regions with at least one SNP/gene for chr1 after merging: 131
2023-01-16 00:45:58 INFO::No. regions with at least one SNP/gene for chr2: 144
2023-01-16 00:45:58 INFO::Merge regions for chr2
2023-01-16 00:45:58 INFO::No. regions with at least one SNP/gene for chr2 after merging: 144
2023-01-16 00:46:04 INFO::No. regions with at least one SNP/gene for chr3: 122
2023-01-16 00:46:04 INFO::Merge regions for chr3
2023-01-16 00:46:04 INFO::No. regions with at least one SNP/gene for chr3 after merging: 122
2023-01-16 00:46:12 INFO::No. regions with at least one SNP/gene for chr4: 122
2023-01-16 00:46:12 INFO::Merge regions for chr4
2023-01-16 00:46:12 INFO::No. regions with at least one SNP/gene for chr4 after merging: 122
2023-01-16 00:46:18 INFO::No. regions with at least one SNP/gene for chr5: 110
2023-01-16 00:46:18 INFO::Merge regions for chr5
2023-01-16 00:46:18 INFO::No. regions with at least one SNP/gene for chr5 after merging: 110
2023-01-16 00:46:24 INFO::No. regions with at least one SNP/gene for chr6: 112
2023-01-16 00:46:24 INFO::Merge regions for chr6
2023-01-16 00:46:24 INFO::No. regions with at least one SNP/gene for chr6 after merging: 112
2023-01-16 00:46:29 INFO::No. regions with at least one SNP/gene for chr7: 99
2023-01-16 00:46:29 INFO::Merge regions for chr7
2023-01-16 00:46:29 INFO::No. regions with at least one SNP/gene for chr7 after merging: 99
2023-01-16 00:46:35 INFO::No. regions with at least one SNP/gene for chr8: 94
2023-01-16 00:46:35 INFO::Merge regions for chr8
2023-01-16 00:46:35 INFO::No. regions with at least one SNP/gene for chr8 after merging: 94
2023-01-16 00:46:40 INFO::No. regions with at least one SNP/gene for chr9: 74
2023-01-16 00:46:40 INFO::Merge regions for chr9
2023-01-16 00:46:40 INFO::No. regions with at least one SNP/gene for chr9 after merging: 74
2023-01-16 00:46:44 INFO::No. regions with at least one SNP/gene for chr10: 85
2023-01-16 00:46:44 INFO::Merge regions for chr10
2023-01-16 00:46:44 INFO::No. regions with at least one SNP/gene for chr10 after merging: 85
2023-01-16 00:46:49 INFO::No. regions with at least one SNP/gene for chr11: 84
2023-01-16 00:46:49 INFO::Merge regions for chr11
2023-01-16 00:46:49 INFO::No. regions with at least one SNP/gene for chr11 after merging: 84
2023-01-16 00:46:53 INFO::No. regions with at least one SNP/gene for chr12: 82
2023-01-16 00:46:53 INFO::Merge regions for chr12
2023-01-16 00:46:53 INFO::No. regions with at least one SNP/gene for chr12 after merging: 82
2023-01-16 00:46:57 INFO::No. regions with at least one SNP/gene for chr13: 62
2023-01-16 00:46:57 INFO::Merge regions for chr13
2023-01-16 00:46:57 INFO::No. regions with at least one SNP/gene for chr13 after merging: 62
2023-01-16 00:47:00 INFO::No. regions with at least one SNP/gene for chr14: 56
2023-01-16 00:47:00 INFO::Merge regions for chr14
2023-01-16 00:47:00 INFO::No. regions with at least one SNP/gene for chr14 after merging: 56
2023-01-16 00:47:03 INFO::No. regions with at least one SNP/gene for chr15: 50
2023-01-16 00:47:03 INFO::Merge regions for chr15
2023-01-16 00:47:03 INFO::No. regions with at least one SNP/gene for chr15 after merging: 50
2023-01-16 00:47:06 INFO::No. regions with at least one SNP/gene for chr16: 54
2023-01-16 00:47:06 INFO::Merge regions for chr16
2023-01-16 00:47:06 INFO::No. regions with at least one SNP/gene for chr16 after merging: 54
2023-01-16 00:47:08 INFO::No. regions with at least one SNP/gene for chr17: 47
2023-01-16 00:47:08 INFO::Merge regions for chr17
2023-01-16 00:47:08 INFO::No. regions with at least one SNP/gene for chr17 after merging: 47
2023-01-16 00:47:11 INFO::No. regions with at least one SNP/gene for chr18: 47
2023-01-16 00:47:11 INFO::Merge regions for chr18
2023-01-16 00:47:11 INFO::No. regions with at least one SNP/gene for chr18 after merging: 47
2023-01-16 00:47:13 INFO::No. regions with at least one SNP/gene for chr19: 39
2023-01-16 00:47:13 INFO::Merge regions for chr19
2023-01-16 00:47:13 INFO::No. regions with at least one SNP/gene for chr19 after merging: 39
2023-01-16 00:47:16 INFO::No. regions with at least one SNP/gene for chr20: 38
2023-01-16 00:47:16 INFO::Merge regions for chr20
2023-01-16 00:47:16 INFO::No. regions with at least one SNP/gene for chr20 after merging: 38
2023-01-16 00:47:18 INFO::No. regions with at least one SNP/gene for chr21: 24
2023-01-16 00:47:18 INFO::Merge regions for chr21
2023-01-16 00:47:18 INFO::No. regions with at least one SNP/gene for chr21 after merging: 24
2023-01-16 00:47:20 INFO::No. regions with at least one SNP/gene for chr22: 24
2023-01-16 00:47:20 INFO::Merge regions for chr22
2023-01-16 00:47:20 INFO::No. regions with at least one SNP/gene for chr22 after merging: 24
2023-01-16 00:47:20 INFO::Trim regions with SNPs more than Inf
2023-01-16 00:47:20 INFO::Adding R matrix info, as genotype is not given
2023-01-16 00:47:20 INFO::Adding R matrix info for chrom 1
2023-01-16 00:55:53 INFO::Adding R matrix info for chrom 2
2023-01-16 01:04:33 INFO::Adding R matrix info for chrom 3
2023-01-16 01:11:50 INFO::Adding R matrix info for chrom 4
2023-01-16 01:19:53 INFO::Adding R matrix info for chrom 5
2023-01-16 01:26:31 INFO::Adding R matrix info for chrom 6
2023-01-16 01:33:41 INFO::Adding R matrix info for chrom 7
2023-01-16 01:40:11 INFO::Adding R matrix info for chrom 8
2023-01-16 01:45:49 INFO::Adding R matrix info for chrom 9
2023-01-16 01:50:11 INFO::Adding R matrix info for chrom 10
2023-01-16 01:55:30 INFO::Adding R matrix info for chrom 11
2023-01-16 02:01:05 INFO::Adding R matrix info for chrom 12
2023-01-16 02:06:08 INFO::Adding R matrix info for chrom 13
2023-01-16 02:09:56 INFO::Adding R matrix info for chrom 14
2023-01-16 02:13:10 INFO::Adding R matrix info for chrom 15
2023-01-16 02:15:46 INFO::Adding R matrix info for chrom 16
2023-01-16 02:18:50 INFO::Adding R matrix info for chrom 17
2023-01-16 02:21:38 INFO::Adding R matrix info for chrom 18
2023-01-16 02:24:43 INFO::Adding R matrix info for chrom 19
2023-01-16 02:27:34 INFO::Adding R matrix info for chrom 20
2023-01-16 02:29:53 INFO::Adding R matrix info for chrom 21
2023-01-16 02:31:09 INFO::Adding R matrix info for chrom 22
2023-01-16 02:32:37 INFO::Run susie iteratively, getting rough estimate ...
2023-01-16 02:32:37 INFO::run iteration 1
starting worker pid=18132 on localhost:11349 at 02:32:38.626
starting worker pid=18131 on localhost:11349 at 02:32:38.627
starting worker pid=18135 on localhost:11349 at 02:32:38.627
starting worker pid=18128 on localhost:11349 at 02:32:38.627
starting worker pid=18136 on localhost:11349 at 02:32:38.627
starting worker pid=18129 on localhost:11349 at 02:32:38.628
starting worker pid=18130 on localhost:11349 at 02:32:38.628
starting worker pid=18134 on localhost:11349 at 02:32:38.628
starting worker pid=18137 on localhost:11349 at 02:32:38.628
starting worker pid=18133 on localhost:11349 at 02:32:38.628
2023-01-16 02:50:02 INFO::After iteration 1, priors {SNP,gene}: {0.00192427711563482,0.0058174004860821}
2023-01-16 02:50:02 INFO::run iteration 2
starting worker pid=19109 on localhost:11349 at 02:50:03.209
starting worker pid=19106 on localhost:11349 at 02:50:03.209
starting worker pid=19107 on localhost:11349 at 02:50:03.209
starting worker pid=19099 on localhost:11349 at 02:50:03.209
starting worker pid=19102 on localhost:11349 at 02:50:03.210
starting worker pid=19098 on localhost:11349 at 02:50:03.210
starting worker pid=19110 on localhost:11349 at 02:50:03.210
starting worker pid=19108 on localhost:11349 at 02:50:03.210
starting worker pid=19104 on localhost:11349 at 02:50:03.210
starting worker pid=19111 on localhost:11349 at 02:50:03.210
2023-01-16 03:07:07 INFO::After iteration 2, priors {SNP,gene}: {0.00160999704995951,0.00793602885726786}
2023-01-16 03:07:08 INFO::run iteration 3
starting worker pid=20083 on localhost:11349 at 03:07:08.980
starting worker pid=20090 on localhost:11349 at 03:07:08.980
starting worker pid=20085 on localhost:11349 at 03:07:08.980
starting worker pid=20089 on localhost:11349 at 03:07:08.980
starting worker pid=20084 on localhost:11349 at 03:07:08.980
starting worker pid=20091 on localhost:11349 at 03:07:08.980
starting worker pid=20088 on localhost:11349 at 03:07:08.980
starting worker pid=20082 on localhost:11349 at 03:07:08.982
starting worker pid=20086 on localhost:11349 at 03:07:08.983
starting worker pid=20087 on localhost:11349 at 03:07:08.983
2023-01-16 03:24:25 INFO::After iteration 3, priors {SNP,gene}: {0.00146069942923456,0.0098337297970122}
2023-01-16 03:39:43 INFO::Blocks are filtered: 1015 blocks left
2023-01-16 03:39:43 INFO::Run susie iteratively, getting accurate estimate ...
2023-01-16 03:39:43 INFO::run iteration 1
starting worker pid=21786 on localhost:11349 at 03:39:44.329
starting worker pid=21785 on localhost:11349 at 03:39:44.329
starting worker pid=21794 on localhost:11349 at 03:39:44.329
starting worker pid=21789 on localhost:11349 at 03:39:44.329
starting worker pid=21793 on localhost:11349 at 03:39:44.329
starting worker pid=21791 on localhost:11349 at 03:39:44.330
starting worker pid=21788 on localhost:11349 at 03:39:44.330
starting worker pid=21787 on localhost:11349 at 03:39:44.330
starting worker pid=21792 on localhost:11349 at 03:39:44.330
starting worker pid=21790 on localhost:11349 at 03:39:44.330
2023-01-16 03:51:26 INFO::After iteration 1, priors {SNP,gene}: {0.00143543258750414,0.0107502950975665}
2023-01-16 03:51:26 INFO::run iteration 2
starting worker pid=22484 on localhost:11349 at 03:51:27.357
starting worker pid=22481 on localhost:11349 at 03:51:27.357
starting worker pid=22483 on localhost:11349 at 03:51:27.357
starting worker pid=22486 on localhost:11349 at 03:51:27.357
starting worker pid=22487 on localhost:11349 at 03:51:27.357
starting worker pid=22489 on localhost:11349 at 03:51:27.358
starting worker pid=22485 on localhost:11349 at 03:51:27.362
starting worker pid=22488 on localhost:11349 at 03:51:27.363
starting worker pid=22482 on localhost:11349 at 03:51:27.373
starting worker pid=22490 on localhost:11349 at 03:51:27.384
2023-01-16 04:02:55 INFO::After iteration 2, priors {SNP,gene}: {0.0014382240937983,0.0140315772329703}
2023-01-16 04:02:55 INFO::run iteration 3
starting worker pid=23178 on localhost:11349 at 04:02:56.467
starting worker pid=23177 on localhost:11349 at 04:02:56.467
starting worker pid=23172 on localhost:11349 at 04:02:56.467
starting worker pid=23174 on localhost:11349 at 04:02:56.468
starting worker pid=23179 on localhost:11349 at 04:02:56.468
starting worker pid=23175 on localhost:11349 at 04:02:56.468
starting worker pid=23180 on localhost:11349 at 04:02:56.468
starting worker pid=23176 on localhost:11349 at 04:02:56.476
starting worker pid=23171 on localhost:11349 at 04:02:56.477
starting worker pid=23173 on localhost:11349 at 04:02:56.477
2023-01-16 04:14:28 INFO::After iteration 3, priors {SNP,gene}: {0.0014414939972978,0.017247897715205}
2023-01-16 04:14:28 INFO::run iteration 4
starting worker pid=23866 on localhost:11349 at 04:14:29.150
starting worker pid=23867 on localhost:11349 at 04:14:29.151
starting worker pid=23859 on localhost:11349 at 04:14:29.151
starting worker pid=23862 on localhost:11349 at 04:14:29.158
starting worker pid=23861 on localhost:11349 at 04:14:29.158
starting worker pid=23868 on localhost:11349 at 04:14:29.158
starting worker pid=23865 on localhost:11349 at 04:14:29.159
starting worker pid=23863 on localhost:11349 at 04:14:29.159
starting worker pid=23864 on localhost:11349 at 04:14:29.168
starting worker pid=23860 on localhost:11349 at 04:14:29.169
2023-01-16 04:25:57 INFO::After iteration 4, priors {SNP,gene}: {0.00144268390744031,0.0201557295975998}
2023-01-16 04:25:57 INFO::run iteration 5
starting worker pid=24602 on localhost:11349 at 04:25:58.004
starting worker pid=24598 on localhost:11349 at 04:25:58.004
starting worker pid=24596 on localhost:11349 at 04:25:58.004
starting worker pid=24601 on localhost:11349 at 04:25:58.004
starting worker pid=24605 on localhost:11349 at 04:25:58.004
starting worker pid=24603 on localhost:11349 at 04:25:58.005
starting worker pid=24597 on localhost:11349 at 04:25:58.014
starting worker pid=24604 on localhost:11349 at 04:25:58.035
starting worker pid=24600 on localhost:11349 at 04:25:58.041
starting worker pid=24599 on localhost:11349 at 04:25:58.042
2023-01-16 04:37:05 INFO::After iteration 5, priors {SNP,gene}: {0.00144206985641668,0.0226820184360612}
2023-01-16 04:37:05 INFO::run iteration 6
starting worker pid=25272 on localhost:11349 at 04:37:06.042
starting worker pid=25275 on localhost:11349 at 04:37:06.080
starting worker pid=25270 on localhost:11349 at 04:37:06.085
starting worker pid=25269 on localhost:11349 at 04:37:06.087
starting worker pid=25274 on localhost:11349 at 04:37:06.120
starting worker pid=25268 on localhost:11349 at 04:37:06.121
starting worker pid=25267 on localhost:11349 at 04:37:06.127
starting worker pid=25271 on localhost:11349 at 04:37:06.141
starting worker pid=25276 on localhost:11349 at 04:37:06.161
starting worker pid=25273 on localhost:11349 at 04:37:06.163
2023-01-16 04:48:35 INFO::After iteration 6, priors {SNP,gene}: {0.00144014785195273,0.0248150392563864}
2023-01-16 04:48:35 INFO::run iteration 7
starting worker pid=25959 on localhost:11349 at 04:48:36.058
starting worker pid=25956 on localhost:11349 at 04:48:36.058
starting worker pid=25960 on localhost:11349 at 04:48:36.058
starting worker pid=25955 on localhost:11349 at 04:48:36.065
starting worker pid=25961 on localhost:11349 at 04:48:36.071
starting worker pid=25962 on localhost:11349 at 04:48:36.073
starting worker pid=25954 on localhost:11349 at 04:48:36.075
starting worker pid=25958 on localhost:11349 at 04:48:36.079
starting worker pid=25957 on localhost:11349 at 04:48:36.101
starting worker pid=25953 on localhost:11349 at 04:48:36.110
2023-01-16 04:59:41 INFO::After iteration 7, priors {SNP,gene}: {0.00143735028383259,0.0265864194445173}
2023-01-16 04:59:41 INFO::run iteration 8
starting worker pid=26627 on localhost:11349 at 04:59:41.814
starting worker pid=26622 on localhost:11349 at 04:59:41.815
starting worker pid=26628 on localhost:11349 at 04:59:41.815
starting worker pid=26621 on localhost:11349 at 04:59:41.815
starting worker pid=26630 on localhost:11349 at 04:59:41.840
starting worker pid=26625 on localhost:11349 at 04:59:41.840
starting worker pid=26626 on localhost:11349 at 04:59:41.848
starting worker pid=26624 on localhost:11349 at 04:59:41.859
starting worker pid=26623 on localhost:11349 at 04:59:41.879
starting worker pid=26629 on localhost:11349 at 04:59:41.880
2023-01-16 05:11:06 INFO::After iteration 8, priors {SNP,gene}: {0.00143397755862165,0.0280413847944089}
2023-01-16 05:11:06 INFO::run iteration 9
starting worker pid=27317 on localhost:11349 at 05:11:07.084
starting worker pid=27311 on localhost:11349 at 05:11:07.087
starting worker pid=27316 on localhost:11349 at 05:11:07.087
starting worker pid=27313 on localhost:11349 at 05:11:07.090
starting worker pid=27314 on localhost:11349 at 05:11:07.115
starting worker pid=27315 on localhost:11349 at 05:11:07.121
starting worker pid=27308 on localhost:11349 at 05:11:07.122
starting worker pid=27312 on localhost:11349 at 05:11:07.139
starting worker pid=27310 on localhost:11349 at 05:11:07.145
starting worker pid=27309 on localhost:11349 at 05:11:07.154
2023-01-16 05:22:48 INFO::After iteration 9, priors {SNP,gene}: {0.00143017956172473,0.0292240747906938}
2023-01-16 05:22:48 INFO::run iteration 10
starting worker pid=28006 on localhost:11349 at 05:22:49.146
starting worker pid=28008 on localhost:11349 at 05:22:49.156
starting worker pid=28011 on localhost:11349 at 05:22:49.167
starting worker pid=28012 on localhost:11349 at 05:22:49.175
starting worker pid=28005 on localhost:11349 at 05:22:49.175
starting worker pid=28007 on localhost:11349 at 05:22:49.176
starting worker pid=28010 on localhost:11349 at 05:22:49.177
starting worker pid=28013 on localhost:11349 at 05:22:49.196
starting worker pid=28004 on localhost:11349 at 05:22:49.221
starting worker pid=28009 on localhost:11349 at 05:22:49.221
2023-01-16 05:34:36 INFO::After iteration 10, priors {SNP,gene}: {0.00142612967697126,0.0301817439309327}
2023-01-16 05:34:36 INFO::run iteration 11
starting worker pid=28708 on localhost:11349 at 05:34:37.563
starting worker pid=28709 on localhost:11349 at 05:34:37.563
starting worker pid=28713 on localhost:11349 at 05:34:37.563
starting worker pid=28707 on localhost:11349 at 05:34:37.564
starting worker pid=28706 on localhost:11349 at 05:34:37.564
starting worker pid=28705 on localhost:11349 at 05:34:37.564
starting worker pid=28710 on localhost:11349 at 05:34:37.564
starting worker pid=28714 on localhost:11349 at 05:34:37.564
starting worker pid=28712 on localhost:11349 at 05:34:37.587
starting worker pid=28711 on localhost:11349 at 05:34:37.595
2023-01-16 05:46:25 INFO::After iteration 11, priors {SNP,gene}: {0.00142195155477297,0.0309559261744648}
2023-01-16 05:46:25 INFO::run iteration 12
starting worker pid=29446 on localhost:11349 at 05:46:26.058
starting worker pid=29445 on localhost:11349 at 05:46:26.058
starting worker pid=29447 on localhost:11349 at 05:46:26.058
starting worker pid=29444 on localhost:11349 at 05:46:26.058
starting worker pid=29450 on localhost:11349 at 05:46:26.058
starting worker pid=29442 on localhost:11349 at 05:46:26.059
starting worker pid=29449 on localhost:11349 at 05:46:26.059
starting worker pid=29443 on localhost:11349 at 05:46:26.059
starting worker pid=29441 on localhost:11349 at 05:46:26.060
starting worker pid=29448 on localhost:11349 at 05:46:26.071
2023-01-16 05:58:20 INFO::After iteration 12, priors {SNP,gene}: {0.00141773443012177,0.0315817977048764}
2023-01-16 05:58:21 INFO::run iteration 13
starting worker pid=30198 on localhost:11349 at 05:58:21.821
starting worker pid=30201 on localhost:11349 at 05:58:21.821
starting worker pid=30200 on localhost:11349 at 05:58:21.821
starting worker pid=30203 on localhost:11349 at 05:58:21.821
starting worker pid=30207 on localhost:11349 at 05:58:21.821
starting worker pid=30205 on localhost:11349 at 05:58:21.821
starting worker pid=30206 on localhost:11349 at 05:58:21.821
starting worker pid=30199 on localhost:11349 at 05:58:21.821
starting worker pid=30204 on localhost:11349 at 05:58:21.829
starting worker pid=30202 on localhost:11349 at 05:58:21.830
2023-01-16 06:09:45 INFO::After iteration 13, priors {SNP,gene}: {0.00141354471413864,0.0320884994585551}
2023-01-16 06:09:45 INFO::run iteration 14
starting worker pid=30882 on localhost:11349 at 06:09:45.973
starting worker pid=30885 on localhost:11349 at 06:09:45.973
starting worker pid=30889 on localhost:11349 at 06:09:45.973
starting worker pid=30887 on localhost:11349 at 06:09:45.973
starting worker pid=30890 on localhost:11349 at 06:09:45.973
starting worker pid=30884 on localhost:11349 at 06:09:45.973
starting worker pid=30886 on localhost:11349 at 06:09:45.973
starting worker pid=30888 on localhost:11349 at 06:09:45.974
starting worker pid=30883 on localhost:11349 at 06:09:45.974
starting worker pid=30891 on localhost:11349 at 06:09:45.974
2023-01-16 06:21:22 INFO::After iteration 14, priors {SNP,gene}: {0.00140943014249672,0.0324998032056499}
2023-01-16 06:21:22 INFO::run iteration 15
starting worker pid=31627 on localhost:11349 at 06:21:23.257
starting worker pid=31628 on localhost:11349 at 06:21:23.257
starting worker pid=31629 on localhost:11349 at 06:21:23.257
starting worker pid=31624 on localhost:11349 at 06:21:23.257
starting worker pid=31625 on localhost:11349 at 06:21:23.257
starting worker pid=31626 on localhost:11349 at 06:21:23.257
starting worker pid=31633 on localhost:11349 at 06:21:23.257
starting worker pid=31632 on localhost:11349 at 06:21:23.268
starting worker pid=31630 on localhost:11349 at 06:21:23.269
starting worker pid=31631 on localhost:11349 at 06:21:23.274
2023-01-16 06:32:53 INFO::After iteration 15, priors {SNP,gene}: {0.00140541716475854,0.032834545026462}
2023-01-16 06:32:53 INFO::run iteration 16
starting worker pid=32322 on localhost:11349 at 06:32:53.903
starting worker pid=32321 on localhost:11349 at 06:32:53.903
starting worker pid=32323 on localhost:11349 at 06:32:53.903
starting worker pid=32320 on localhost:11349 at 06:32:53.903
starting worker pid=32318 on localhost:11349 at 06:32:53.903
starting worker pid=32324 on localhost:11349 at 06:32:53.903
starting worker pid=32319 on localhost:11349 at 06:32:53.904
starting worker pid=32317 on localhost:11349 at 06:32:53.904
starting worker pid=32316 on localhost:11349 at 06:32:53.904
starting worker pid=32315 on localhost:11349 at 06:32:53.904
2023-01-16 06:44:46 INFO::After iteration 16, priors {SNP,gene}: {0.00140153150275742,0.0331082466175125}
2023-01-16 06:44:46 INFO::run iteration 17
starting worker pid=33084 on localhost:11349 at 06:44:47.282
starting worker pid=33091 on localhost:11349 at 06:44:47.282
starting worker pid=33085 on localhost:11349 at 06:44:47.283
starting worker pid=33092 on localhost:11349 at 06:44:47.294
starting worker pid=33086 on localhost:11349 at 06:44:47.295
starting worker pid=33089 on localhost:11349 at 06:44:47.299
starting worker pid=33090 on localhost:11349 at 06:44:47.300
starting worker pid=33087 on localhost:11349 at 06:44:47.307
starting worker pid=33083 on localhost:11349 at 06:44:47.315
starting worker pid=33088 on localhost:11349 at 06:44:47.334
2023-01-16 06:56:33 INFO::After iteration 17, priors {SNP,gene}: {0.00139779103402807,0.0333333320043761}
2023-01-16 06:56:33 INFO::run iteration 18
starting worker pid=33786 on localhost:11349 at 06:56:34.011
starting worker pid=33788 on localhost:11349 at 06:56:34.020
starting worker pid=33789 on localhost:11349 at 06:56:34.025
starting worker pid=33792 on localhost:11349 at 06:56:34.038
starting worker pid=33784 on localhost:11349 at 06:56:34.039
starting worker pid=33791 on localhost:11349 at 06:56:34.040
starting worker pid=33790 on localhost:11349 at 06:56:34.046
starting worker pid=33785 on localhost:11349 at 06:56:34.049
starting worker pid=33783 on localhost:11349 at 06:56:34.050
starting worker pid=33787 on localhost:11349 at 06:56:34.061
2023-01-16 07:08:16 INFO::After iteration 18, priors {SNP,gene}: {0.00139420692517435,0.0335196626529935}
2023-01-16 07:08:16 INFO::run iteration 19
starting worker pid=34490 on localhost:11349 at 07:08:17.410
starting worker pid=34483 on localhost:11349 at 07:08:17.478
starting worker pid=34481 on localhost:11349 at 07:08:17.480
starting worker pid=34488 on localhost:11349 at 07:08:17.489
starting worker pid=34487 on localhost:11349 at 07:08:17.497
starting worker pid=34486 on localhost:11349 at 07:08:17.502
starting worker pid=34482 on localhost:11349 at 07:08:17.507
starting worker pid=34484 on localhost:11349 at 07:08:17.520
starting worker pid=34485 on localhost:11349 at 07:08:17.531
starting worker pid=34489 on localhost:11349 at 07:08:17.532
2023-01-16 07:20:09 INFO::After iteration 19, priors {SNP,gene}: {0.001390785384003,0.0336750457859512}
2023-01-16 07:20:10 INFO::run iteration 20
starting worker pid=35186 on localhost:11349 at 07:20:10.799
starting worker pid=35188 on localhost:11349 at 07:20:10.800
starting worker pid=35190 on localhost:11349 at 07:20:10.800
starting worker pid=35189 on localhost:11349 at 07:20:10.800
starting worker pid=35192 on localhost:11349 at 07:20:10.801
starting worker pid=35193 on localhost:11349 at 07:20:10.802
starting worker pid=35191 on localhost:11349 at 07:20:10.804
starting worker pid=35187 on localhost:11349 at 07:20:10.829
starting worker pid=35185 on localhost:11349 at 07:20:10.846
starting worker pid=35194 on localhost:11349 at 07:20:10.860
2023-01-16 07:32:07 INFO::After iteration 20, priors {SNP,gene}: {0.00138752891574147,0.0338056522060395}
2023-01-16 07:32:08 INFO::run iteration 21
starting worker pid=35900 on localhost:11349 at 07:32:08.821
starting worker pid=35903 on localhost:11349 at 07:32:08.821
starting worker pid=35901 on localhost:11349 at 07:32:08.821
starting worker pid=35899 on localhost:11349 at 07:32:08.821
starting worker pid=35897 on localhost:11349 at 07:32:08.821
starting worker pid=35894 on localhost:11349 at 07:32:08.821
starting worker pid=35898 on localhost:11349 at 07:32:08.822
starting worker pid=35895 on localhost:11349 at 07:32:08.829
starting worker pid=35902 on localhost:11349 at 07:32:08.847
starting worker pid=35896 on localhost:11349 at 07:32:08.847
2023-01-16 07:44:06 INFO::After iteration 21, priors {SNP,gene}: {0.00138443726922737,0.0339163550515071}
2023-01-16 07:44:06 INFO::run iteration 22
starting worker pid=36606 on localhost:11349 at 07:44:07.346
starting worker pid=36604 on localhost:11349 at 07:44:07.346
starting worker pid=36613 on localhost:11349 at 07:44:07.351
starting worker pid=36611 on localhost:11349 at 07:44:07.359
starting worker pid=36605 on localhost:11349 at 07:44:07.363
starting worker pid=36607 on localhost:11349 at 07:44:07.369
starting worker pid=36609 on localhost:11349 at 07:44:07.377
starting worker pid=36610 on localhost:11349 at 07:44:07.384
starting worker pid=36608 on localhost:11349 at 07:44:07.400
starting worker pid=36612 on localhost:11349 at 07:44:07.405
2023-01-16 07:56:08 INFO::After iteration 22, priors {SNP,gene}: {0.00138150816001132,0.0340110017704629}
2023-01-16 07:56:08 INFO::run iteration 23
starting worker pid=37327 on localhost:11349 at 07:56:08.909
starting worker pid=37326 on localhost:11349 at 07:56:08.909
starting worker pid=37319 on localhost:11349 at 07:56:08.909
starting worker pid=37325 on localhost:11349 at 07:56:08.909
starting worker pid=37318 on localhost:11349 at 07:56:08.909
starting worker pid=37324 on localhost:11349 at 07:56:08.910
starting worker pid=37321 on localhost:11349 at 07:56:08.914
starting worker pid=37322 on localhost:11349 at 07:56:08.916
starting worker pid=37320 on localhost:11349 at 07:56:08.924
starting worker pid=37323 on localhost:11349 at 07:56:08.932
2023-01-16 08:08:12 INFO::After iteration 23, priors {SNP,gene}: {0.00137873782585125,0.0340926310118485}
2023-01-16 08:08:12 INFO::run iteration 24
starting worker pid=38032 on localhost:11349 at 08:08:13.421
starting worker pid=38035 on localhost:11349 at 08:08:13.421
starting worker pid=38034 on localhost:11349 at 08:08:13.421
starting worker pid=38041 on localhost:11349 at 08:08:13.421
starting worker pid=38038 on localhost:11349 at 08:08:13.421
starting worker pid=38036 on localhost:11349 at 08:08:13.421
starting worker pid=38039 on localhost:11349 at 08:08:13.421
starting worker pid=38037 on localhost:11349 at 08:08:13.421
starting worker pid=38033 on localhost:11349 at 08:08:13.425
starting worker pid=38040 on localhost:11349 at 08:08:13.436
2023-01-16 08:20:21 INFO::After iteration 24, priors {SNP,gene}: {0.00137612145422242,0.0341636447544195}
2023-01-16 08:20:21 INFO::run iteration 25
starting worker pid=38757 on localhost:11349 at 08:20:22.016
starting worker pid=38754 on localhost:11349 at 08:20:22.017
starting worker pid=38750 on localhost:11349 at 08:20:22.017
starting worker pid=38753 on localhost:11349 at 08:20:22.017
starting worker pid=38751 on localhost:11349 at 08:20:22.017
starting worker pid=38756 on localhost:11349 at 08:20:22.017
starting worker pid=38749 on localhost:11349 at 08:20:22.017
starting worker pid=38748 on localhost:11349 at 08:20:22.017
starting worker pid=38755 on localhost:11349 at 08:20:22.017
starting worker pid=38752 on localhost:11349 at 08:20:22.023
2023-01-16 08:32:28 INFO::After iteration 25, priors {SNP,gene}: {0.0013736535112825,0.0342259444195785}
2023-01-16 08:32:28 INFO::run iteration 26
starting worker pid=39475 on localhost:11349 at 08:32:28.844
starting worker pid=39477 on localhost:11349 at 08:32:28.857
starting worker pid=39472 on localhost:11349 at 08:32:28.875
starting worker pid=39474 on localhost:11349 at 08:32:28.909
starting worker pid=39480 on localhost:11349 at 08:32:28.910
starting worker pid=39479 on localhost:11349 at 08:32:28.911
starting worker pid=39478 on localhost:11349 at 08:32:28.919
starting worker pid=39481 on localhost:11349 at 08:32:28.923
starting worker pid=39476 on localhost:11349 at 08:32:28.929
starting worker pid=39473 on localhost:11349 at 08:32:28.930
2023-01-16 08:44:33 INFO::After iteration 26, priors {SNP,gene}: {0.00137132799455982,0.0342810382065509}
2023-01-16 08:44:33 INFO::run iteration 27
starting worker pid=40185 on localhost:11349 at 08:44:34.444
starting worker pid=40188 on localhost:11349 at 08:44:34.444
starting worker pid=40186 on localhost:11349 at 08:44:34.444
starting worker pid=40190 on localhost:11349 at 08:44:34.444
starting worker pid=40193 on localhost:11349 at 08:44:34.444
starting worker pid=40194 on localhost:11349 at 08:44:34.444
starting worker pid=40187 on localhost:11349 at 08:44:34.447
starting worker pid=40192 on localhost:11349 at 08:44:34.453
starting worker pid=40191 on localhost:11349 at 08:44:34.454
starting worker pid=40189 on localhost:11349 at 08:44:34.454
2023-01-16 08:56:39 INFO::After iteration 27, priors {SNP,gene}: {0.00136913862639216,0.0343301255515481}
2023-01-16 08:56:40 INFO::run iteration 28
starting worker pid=40921 on localhost:11349 at 08:56:40.802
starting worker pid=40922 on localhost:11349 at 08:56:40.802
starting worker pid=40927 on localhost:11349 at 08:56:40.802
starting worker pid=40929 on localhost:11349 at 08:56:40.802
starting worker pid=40925 on localhost:11349 at 08:56:40.807
starting worker pid=40924 on localhost:11349 at 08:56:40.816
starting worker pid=40926 on localhost:11349 at 08:56:40.818
starting worker pid=40928 on localhost:11349 at 08:56:40.830
starting worker pid=40923 on localhost:11349 at 08:56:40.831
starting worker pid=40930 on localhost:11349 at 08:56:40.832
2023-01-16 09:08:52 INFO::After iteration 28, priors {SNP,gene}: {0.00136707900123616,0.0343741634733026}
2023-01-16 09:08:52 INFO::run iteration 29
starting worker pid=41656 on localhost:11349 at 09:08:53.551
starting worker pid=41648 on localhost:11349 at 09:08:53.551
starting worker pid=41651 on localhost:11349 at 09:08:53.551
starting worker pid=41652 on localhost:11349 at 09:08:53.551
starting worker pid=41647 on localhost:11349 at 09:08:53.552
starting worker pid=41650 on localhost:11349 at 09:08:53.552
starting worker pid=41653 on localhost:11349 at 09:08:53.552
starting worker pid=41654 on localhost:11349 at 09:08:53.552
starting worker pid=41655 on localhost:11349 at 09:08:53.574
starting worker pid=41649 on localhost:11349 at 09:08:53.577
2023-01-16 09:20:54 INFO::After iteration 29, priors {SNP,gene}: {0.0013651426970154,0.0344139186196117}
2023-01-16 09:20:54 INFO::run iteration 30
starting worker pid=42378 on localhost:11349 at 09:20:54.852
starting worker pid=42371 on localhost:11349 at 09:20:54.856
starting worker pid=42376 on localhost:11349 at 09:20:54.862
starting worker pid=42375 on localhost:11349 at 09:20:54.868
starting worker pid=42377 on localhost:11349 at 09:20:54.869
starting worker pid=42374 on localhost:11349 at 09:20:54.880
starting worker pid=42372 on localhost:11349 at 09:20:54.887
starting worker pid=42379 on localhost:11349 at 09:20:54.896
starting worker pid=42380 on localhost:11349 at 09:20:54.901
starting worker pid=42373 on localhost:11349 at 09:20:54.907
2023-01-16 09:33:00 INFO::After iteration 30, priors {SNP,gene}: {0.00136332335842105,0.03445000805352}
2023-01-16 09:33:01 INFO::Run susie for all regions.
2023-01-16 09:33:01 INFO::run iteration 1
starting worker pid=43090 on localhost:11349 at 09:33:02.245
starting worker pid=43088 on localhost:11349 at 09:33:02.249
starting worker pid=43095 on localhost:11349 at 09:33:02.252
starting worker pid=43096 on localhost:11349 at 09:33:02.261
starting worker pid=43093 on localhost:11349 at 09:33:02.265
starting worker pid=43089 on localhost:11349 at 09:33:02.280
starting worker pid=43094 on localhost:11349 at 09:33:02.282
starting worker pid=43091 on localhost:11349 at 09:33:02.287
starting worker pid=43087 on localhost:11349 at 09:33:02.303
starting worker pid=43092 on localhost:11349 at 09:33:02.325
2023-01-16 09:50:42 INFO::After iteration 1, priors {SNP,gene}: {0.00570707376884192,0.116730224765515}
2023-01-16 09:50:43 INFO::No. LD regions: 1700
2023-01-16 09:50:48 INFO::No. regions with at least one SNP/gene for chr1: 131
2023-01-16 09:50:48 INFO::Merge regions for chr1
2023-01-16 09:50:48 INFO::No. regions with at least one SNP/gene for chr1 after merging: 131
2023-01-16 09:50:53 INFO::No. regions with at least one SNP/gene for chr2: 144
2023-01-16 09:50:53 INFO::Merge regions for chr2
2023-01-16 09:50:53 INFO::No. regions with at least one SNP/gene for chr2 after merging: 144
2023-01-16 09:50:57 INFO::No. regions with at least one SNP/gene for chr3: 122
2023-01-16 09:50:57 INFO::Merge regions for chr3
2023-01-16 09:50:57 INFO::No. regions with at least one SNP/gene for chr3 after merging: 122
2023-01-16 09:51:02 INFO::No. regions with at least one SNP/gene for chr4: 122
2023-01-16 09:51:02 INFO::Merge regions for chr4
2023-01-16 09:51:02 INFO::No. regions with at least one SNP/gene for chr4 after merging: 122
2023-01-16 09:51:06 INFO::No. regions with at least one SNP/gene for chr5: 110
2023-01-16 09:51:06 INFO::Merge regions for chr5
2023-01-16 09:51:06 INFO::No. regions with at least one SNP/gene for chr5 after merging: 110
2023-01-16 09:51:11 INFO::No. regions with at least one SNP/gene for chr6: 112
2023-01-16 09:51:11 INFO::Merge regions for chr6
2023-01-16 09:51:11 INFO::No. regions with at least one SNP/gene for chr6 after merging: 112
2023-01-16 09:51:14 INFO::No. regions with at least one SNP/gene for chr7: 99
2023-01-16 09:51:14 INFO::Merge regions for chr7
2023-01-16 09:51:14 INFO::No. regions with at least one SNP/gene for chr7 after merging: 99
2023-01-16 09:51:18 INFO::No. regions with at least one SNP/gene for chr8: 94
2023-01-16 09:51:18 INFO::Merge regions for chr8
2023-01-16 09:51:18 INFO::No. regions with at least one SNP/gene for chr8 after merging: 94
2023-01-16 09:51:20 INFO::No. regions with at least one SNP/gene for chr9: 74
2023-01-16 09:51:20 INFO::Merge regions for chr9
2023-01-16 09:51:20 INFO::No. regions with at least one SNP/gene for chr9 after merging: 74
2023-01-16 09:51:23 INFO::No. regions with at least one SNP/gene for chr10: 85
2023-01-16 09:51:23 INFO::Merge regions for chr10
2023-01-16 09:51:23 INFO::No. regions with at least one SNP/gene for chr10 after merging: 85
2023-01-16 09:51:26 INFO::No. regions with at least one SNP/gene for chr11: 84
2023-01-16 09:51:26 INFO::Merge regions for chr11
2023-01-16 09:51:26 INFO::No. regions with at least one SNP/gene for chr11 after merging: 84
2023-01-16 09:51:29 INFO::No. regions with at least one SNP/gene for chr12: 82
2023-01-16 09:51:29 INFO::Merge regions for chr12
2023-01-16 09:51:29 INFO::No. regions with at least one SNP/gene for chr12 after merging: 82
2023-01-16 09:51:31 INFO::No. regions with at least one SNP/gene for chr13: 62
2023-01-16 09:51:31 INFO::Merge regions for chr13
2023-01-16 09:51:31 INFO::No. regions with at least one SNP/gene for chr13 after merging: 62
2023-01-16 09:51:33 INFO::No. regions with at least one SNP/gene for chr14: 56
2023-01-16 09:51:33 INFO::Merge regions for chr14
2023-01-16 09:51:33 INFO::No. regions with at least one SNP/gene for chr14 after merging: 56
2023-01-16 09:51:35 INFO::No. regions with at least one SNP/gene for chr15: 50
2023-01-16 09:51:35 INFO::Merge regions for chr15
2023-01-16 09:51:35 INFO::No. regions with at least one SNP/gene for chr15 after merging: 50
2023-01-16 09:51:37 INFO::No. regions with at least one SNP/gene for chr16: 54
2023-01-16 09:51:37 INFO::Merge regions for chr16
2023-01-16 09:51:37 INFO::No. regions with at least one SNP/gene for chr16 after merging: 54
2023-01-16 09:51:38 INFO::No. regions with at least one SNP/gene for chr17: 47
2023-01-16 09:51:38 INFO::Merge regions for chr17
2023-01-16 09:51:38 INFO::No. regions with at least one SNP/gene for chr17 after merging: 47
2023-01-16 09:51:41 INFO::No. regions with at least one SNP/gene for chr18: 47
2023-01-16 09:51:41 INFO::Merge regions for chr18
2023-01-16 09:51:41 INFO::No. regions with at least one SNP/gene for chr18 after merging: 47
2023-01-16 09:51:42 INFO::No. regions with at least one SNP/gene for chr19: 39
2023-01-16 09:51:42 INFO::Merge regions for chr19
2023-01-16 09:51:42 INFO::No. regions with at least one SNP/gene for chr19 after merging: 39
2023-01-16 09:51:43 INFO::No. regions with at least one SNP/gene for chr20: 38
2023-01-16 09:51:43 INFO::Merge regions for chr20
2023-01-16 09:51:43 INFO::No. regions with at least one SNP/gene for chr20 after merging: 38
2023-01-16 09:51:45 INFO::No. regions with at least one SNP/gene for chr21: 24
2023-01-16 09:51:45 INFO::Merge regions for chr21
2023-01-16 09:51:45 INFO::No. regions with at least one SNP/gene for chr21 after merging: 24
2023-01-16 09:51:46 INFO::No. regions with at least one SNP/gene for chr22: 24
2023-01-16 09:51:46 INFO::Merge regions for chr22
2023-01-16 09:51:46 INFO::No. regions with at least one SNP/gene for chr22 after merging: 24
2023-01-16 09:51:46 INFO::Trim regions with SNPs more than 20000
2023-01-16 09:51:46 INFO::Adding R matrix info, as genotype is not given
2023-01-16 09:51:47 INFO::Adding R matrix info for chrom 1
2023-01-16 10:00:02 INFO::Adding R matrix info for chrom 2
2023-01-16 10:09:16 INFO::Adding R matrix info for chrom 3
2023-01-16 10:15:54 INFO::Adding R matrix info for chrom 4
2023-01-16 10:23:06 INFO::Adding R matrix info for chrom 5
2023-01-16 10:29:05 INFO::Adding R matrix info for chrom 6
2023-01-16 10:36:03 INFO::Adding R matrix info for chrom 7
2023-01-16 10:42:03 INFO::Adding R matrix info for chrom 8
2023-01-16 10:47:37 INFO::Adding R matrix info for chrom 9
2023-01-16 10:52:00 INFO::Adding R matrix info for chrom 10
2023-01-16 10:57:07 INFO::Adding R matrix info for chrom 11
2023-01-16 11:02:28 INFO::Adding R matrix info for chrom 12
2023-01-16 11:07:26 INFO::Adding R matrix info for chrom 13
2023-01-16 11:11:01 INFO::Adding R matrix info for chrom 14
2023-01-16 11:14:12 INFO::Adding R matrix info for chrom 15
2023-01-16 11:16:53 INFO::Adding R matrix info for chrom 16
2023-01-16 11:20:08 INFO::Adding R matrix info for chrom 17
2023-01-16 11:22:54 INFO::Adding R matrix info for chrom 18
2023-01-16 11:26:42 INFO::Adding R matrix info for chrom 19
2023-01-16 11:29:55 INFO::Adding R matrix info for chrom 20
2023-01-16 11:32:12 INFO::Adding R matrix info for chrom 21
2023-01-16 11:33:25 INFO::Adding R matrix info for chrom 22
2023-01-16 11:37:37 INFO::Number of regions that contain strong gene signals: 37
2023-01-16 11:37:37 INFO::Rerun susie for regions with strong gene signals using full SNPs.
2023-01-16 11:37:37 INFO::run iteration 1
starting worker pid=49678 on localhost:11349 at 11:37:41.098
2023-01-16 11:52:40 INFO::After iteration 1, priors {SNP,gene}: {0.00054929831009504,0.195703667482625}
$group_prior
         SNP         gene 
0.0001363323 0.0344500081 

$group_prior_var
     SNP     gene 
14.34975 13.82322 

R version 4.1.0 (2021-05-18)
Platform: x86_64-pc-linux-gnu (64-bit)
Running under: CentOS Linux 7 (Core)

Matrix products: default
BLAS/LAPACK: /software/openblas-0.3.13-el7-x86_64/lib/libopenblas_haswellp-r0.3.13.so

locale:
[1] C

attached base packages:
[1] stats     graphics  grDevices utils     datasets  methods   base     

other attached packages:
[1] data.table_1.14.6 ctwas_0.1.35     

loaded via a namespace (and not attached):
 [1] Rcpp_1.0.9        pgenlibr_0.3.2    magrittr_2.0.3    hms_1.1.2        
 [5] doParallel_1.0.17 lattice_0.20-44   R6_2.5.1          rlang_1.0.6      
 [9] foreach_1.5.2     fansi_1.0.3       tools_4.1.0       parallel_4.1.0   
[13] grid_4.1.0        logging_0.10-108  utf8_1.2.2        cli_3.4.1        
[17] iterators_1.0.14  ellipsis_0.3.2    tibble_3.1.8      lifecycle_1.0.3  
[21] crayon_1.5.2      Matrix_1.3-3      readr_2.1.3       tzdb_0.3.0       
[25] vctrs_0.5.1       codetools_0.2-18  glue_1.6.2        compiler_4.1.0   
[29] pillar_1.8.1      pkgconfig_2.0.3  
