[1] "/project2/xinhe/shengqian/cTWAS/cTWAS_analysis/data/UKBB/ukb-d-30780_irnt.vcf.gz"
[2] "/project2/mstephens/wcrouse/UKB_LDR_0.1"                                         
[3] "/project2/xinhe/shengqian/cTWAS/cTWAS_analysis/data/eqtl/Liver_mashr.db"         
[4] "/project2/xinhe/shengqian/cTWAS/cTWAS_analysis/code/ctwas_config_b38.R"          
[5] "LDL_Liver_mashr_expr"                                                            
[6] "LDL_Liver_mashr_ctwas"                                                           
[7] "/project2/xinhe/shengqian/cTWAS/cTWAS_analysis/data/LDL/Liver_mashr"             
2023-01-19 13:16:41 INFO::Reading weights for chromosome 1
2023-01-19 13:16:42 INFO::Current weight: /project2/xinhe/shengqian/cTWAS/cTWAS_analysis/data/eqtl/Liver_mashr.db
2023-01-19 13:16:42 INFO::Number of genes with weights provided: 3941
2023-01-19 13:16:42 INFO::Collecting gene weight information ...
2023-01-19 13:20:13 INFO::Start gene z score imputation ...
2023-01-19 13:20:13 INFO::Using given LD matrices to impute gene z score.
2023-01-19 13:28:37 INFO::Imputation done, writing results to output...
2023-01-19 13:28:37 INFO::Imputation done: number of genes with imputed expression: 338 for chr 1
2023-01-19 13:28:38 INFO::Reading weights for chromosome 2
2023-01-19 13:28:38 INFO::Current weight: /project2/xinhe/shengqian/cTWAS/cTWAS_analysis/data/eqtl/Liver_mashr.db
2023-01-19 13:28:38 INFO::Number of genes with weights provided: 3941
2023-01-19 13:28:38 INFO::Collecting gene weight information ...
2023-01-19 13:30:50 INFO::Start gene z score imputation ...
2023-01-19 13:30:50 INFO::Using given LD matrices to impute gene z score.
2023-01-19 13:37:54 INFO::Imputation done, writing results to output...
2023-01-19 13:37:55 INFO::Imputation done: number of genes with imputed expression: 238 for chr 2
2023-01-19 13:37:55 INFO::Reading weights for chromosome 3
2023-01-19 13:37:55 INFO::Current weight: /project2/xinhe/shengqian/cTWAS/cTWAS_analysis/data/eqtl/Liver_mashr.db
2023-01-19 13:37:55 INFO::Number of genes with weights provided: 3941
2023-01-19 13:37:55 INFO::Collecting gene weight information ...
2023-01-19 13:39:35 INFO::Start gene z score imputation ...
2023-01-19 13:39:35 INFO::Using given LD matrices to impute gene z score.
2023-01-19 13:45:03 INFO::Imputation done, writing results to output...
2023-01-19 13:45:03 INFO::Imputation done: number of genes with imputed expression: 180 for chr 3
2023-01-19 13:45:03 INFO::Reading weights for chromosome 4
2023-01-19 13:45:03 INFO::Current weight: /project2/xinhe/shengqian/cTWAS/cTWAS_analysis/data/eqtl/Liver_mashr.db
2023-01-19 13:45:03 INFO::Number of genes with weights provided: 3941
2023-01-19 13:45:03 INFO::Collecting gene weight information ...
2023-01-19 13:46:18 INFO::Start gene z score imputation ...
2023-01-19 13:46:18 INFO::Using given LD matrices to impute gene z score.
2023-01-19 13:52:00 INFO::Imputation done, writing results to output...
2023-01-19 13:52:00 INFO::Imputation done: number of genes with imputed expression: 136 for chr 4
2023-01-19 13:52:01 INFO::Reading weights for chromosome 5
2023-01-19 13:52:01 INFO::Current weight: /project2/xinhe/shengqian/cTWAS/cTWAS_analysis/data/eqtl/Liver_mashr.db
2023-01-19 13:52:01 INFO::Number of genes with weights provided: 3941
2023-01-19 13:52:01 INFO::Collecting gene weight information ...
2023-01-19 13:53:16 INFO::Start gene z score imputation ...
2023-01-19 13:53:16 INFO::Using given LD matrices to impute gene z score.
2023-01-19 13:58:52 INFO::Imputation done, writing results to output...
2023-01-19 13:58:52 INFO::Imputation done: number of genes with imputed expression: 147 for chr 5
2023-01-19 13:58:53 INFO::Reading weights for chromosome 6
2023-01-19 13:58:53 INFO::Current weight: /project2/xinhe/shengqian/cTWAS/cTWAS_analysis/data/eqtl/Liver_mashr.db
2023-01-19 13:58:53 INFO::Number of genes with weights provided: 3941
2023-01-19 13:58:53 INFO::Collecting gene weight information ...
2023-01-19 14:01:21 INFO::Start gene z score imputation ...
2023-01-19 14:01:21 INFO::Using given LD matrices to impute gene z score.
2023-01-19 14:08:02 INFO::Imputation done, writing results to output...
2023-01-19 14:08:02 INFO::Imputation done: number of genes with imputed expression: 231 for chr 6
2023-01-19 14:08:03 INFO::Reading weights for chromosome 7
2023-01-19 14:08:03 INFO::Current weight: /project2/xinhe/shengqian/cTWAS/cTWAS_analysis/data/eqtl/Liver_mashr.db
2023-01-19 14:08:03 INFO::Number of genes with weights provided: 3941
2023-01-19 14:08:03 INFO::Collecting gene weight information ...
2023-01-19 14:09:50 INFO::Start gene z score imputation ...
2023-01-19 14:09:50 INFO::Using given LD matrices to impute gene z score.
2023-01-19 14:16:32 INFO::Imputation done, writing results to output...
2023-01-19 14:16:32 INFO::Imputation done: number of genes with imputed expression: 190 for chr 7
2023-01-19 14:16:32 INFO::Reading weights for chromosome 8
2023-01-19 14:16:32 INFO::Current weight: /project2/xinhe/shengqian/cTWAS/cTWAS_analysis/data/eqtl/Liver_mashr.db
2023-01-19 14:16:32 INFO::Number of genes with weights provided: 3941
2023-01-19 14:16:32 INFO::Collecting gene weight information ...
2023-01-19 14:17:36 INFO::Start gene z score imputation ...
2023-01-19 14:17:36 INFO::Using given LD matrices to impute gene z score.
2023-01-19 14:22:36 INFO::Imputation done, writing results to output...
2023-01-19 14:22:36 INFO::Imputation done: number of genes with imputed expression: 122 for chr 8
2023-01-19 14:22:36 INFO::Reading weights for chromosome 9
2023-01-19 14:22:36 INFO::Current weight: /project2/xinhe/shengqian/cTWAS/cTWAS_analysis/data/eqtl/Liver_mashr.db
2023-01-19 14:22:36 INFO::Number of genes with weights provided: 3941
2023-01-19 14:22:36 INFO::Collecting gene weight information ...
2023-01-19 14:23:50 INFO::Start gene z score imputation ...
2023-01-19 14:23:50 INFO::Using given LD matrices to impute gene z score.
2023-01-19 14:28:00 INFO::Imputation done, writing results to output...
2023-01-19 14:28:00 INFO::Imputation done: number of genes with imputed expression: 131 for chr 9
2023-01-19 14:28:00 INFO::Reading weights for chromosome 10
2023-01-19 14:28:00 INFO::Current weight: /project2/xinhe/shengqian/cTWAS/cTWAS_analysis/data/eqtl/Liver_mashr.db
2023-01-19 14:28:00 INFO::Number of genes with weights provided: 3941
2023-01-19 14:28:00 INFO::Collecting gene weight information ...
2023-01-19 14:29:05 INFO::Start gene z score imputation ...
2023-01-19 14:29:05 INFO::Using given LD matrices to impute gene z score.
2023-01-19 14:33:31 INFO::Imputation done, writing results to output...
2023-01-19 14:33:31 INFO::Imputation done: number of genes with imputed expression: 131 for chr 10
2023-01-19 14:33:31 INFO::Reading weights for chromosome 11
2023-01-19 14:33:31 INFO::Current weight: /project2/xinhe/shengqian/cTWAS/cTWAS_analysis/data/eqtl/Liver_mashr.db
2023-01-19 14:33:31 INFO::Number of genes with weights provided: 3941
2023-01-19 14:33:31 INFO::Collecting gene weight information ...
2023-01-19 14:35:33 INFO::Start gene z score imputation ...
2023-01-19 14:35:33 INFO::Using given LD matrices to impute gene z score.
2023-01-19 14:40:43 INFO::Imputation done, writing results to output...
2023-01-19 14:40:43 INFO::Imputation done: number of genes with imputed expression: 214 for chr 11
2023-01-19 14:40:44 INFO::Reading weights for chromosome 12
2023-01-19 14:40:44 INFO::Current weight: /project2/xinhe/shengqian/cTWAS/cTWAS_analysis/data/eqtl/Liver_mashr.db
2023-01-19 14:40:44 INFO::Number of genes with weights provided: 3941
2023-01-19 14:40:44 INFO::Collecting gene weight information ...
2023-01-19 14:42:26 INFO::Start gene z score imputation ...
2023-01-19 14:42:26 INFO::Using given LD matrices to impute gene z score.
2023-01-19 14:47:29 INFO::Imputation done, writing results to output...
2023-01-19 14:47:29 INFO::Imputation done: number of genes with imputed expression: 195 for chr 12
2023-01-19 14:47:30 INFO::Reading weights for chromosome 13
2023-01-19 14:47:30 INFO::Current weight: /project2/xinhe/shengqian/cTWAS/cTWAS_analysis/data/eqtl/Liver_mashr.db
2023-01-19 14:47:30 INFO::Number of genes with weights provided: 3941
2023-01-19 14:47:30 INFO::Collecting gene weight information ...
2023-01-19 14:48:07 INFO::Start gene z score imputation ...
2023-01-19 14:48:07 INFO::Using given LD matrices to impute gene z score.
2023-01-19 14:50:16 INFO::Imputation done, writing results to output...
2023-01-19 14:50:16 INFO::Imputation done: number of genes with imputed expression: 61 for chr 13
2023-01-19 14:50:17 INFO::Reading weights for chromosome 14
2023-01-19 14:50:17 INFO::Current weight: /project2/xinhe/shengqian/cTWAS/cTWAS_analysis/data/eqtl/Liver_mashr.db
2023-01-19 14:50:17 INFO::Number of genes with weights provided: 3941
2023-01-19 14:50:17 INFO::Collecting gene weight information ...
2023-01-19 14:51:20 INFO::Start gene z score imputation ...
2023-01-19 14:51:20 INFO::Using given LD matrices to impute gene z score.
2023-01-19 14:54:41 INFO::Imputation done, writing results to output...
2023-01-19 14:54:41 INFO::Imputation done: number of genes with imputed expression: 110 for chr 14
2023-01-19 14:54:41 INFO::Reading weights for chromosome 15
2023-01-19 14:54:41 INFO::Current weight: /project2/xinhe/shengqian/cTWAS/cTWAS_analysis/data/eqtl/Liver_mashr.db
2023-01-19 14:54:41 INFO::Number of genes with weights provided: 3941
2023-01-19 14:54:41 INFO::Collecting gene weight information ...
2023-01-19 14:55:43 INFO::Start gene z score imputation ...
2023-01-19 14:55:43 INFO::Using given LD matrices to impute gene z score.
2023-01-19 14:58:29 INFO::Imputation done, writing results to output...
2023-01-19 14:58:29 INFO::Imputation done: number of genes with imputed expression: 115 for chr 15
2023-01-19 14:58:29 INFO::Reading weights for chromosome 16
2023-01-19 14:58:29 INFO::Current weight: /project2/xinhe/shengqian/cTWAS/cTWAS_analysis/data/eqtl/Liver_mashr.db
2023-01-19 14:58:29 INFO::Number of genes with weights provided: 3941
2023-01-19 14:58:29 INFO::Collecting gene weight information ...
2023-01-19 15:00:08 INFO::Start gene z score imputation ...
2023-01-19 15:00:08 INFO::Using given LD matrices to impute gene z score.
2023-01-19 15:04:34 INFO::Imputation done, writing results to output...
2023-01-19 15:04:34 INFO::Imputation done: number of genes with imputed expression: 193 for chr 16
2023-01-19 15:04:34 INFO::Reading weights for chromosome 17
2023-01-19 15:04:34 INFO::Current weight: /project2/xinhe/shengqian/cTWAS/cTWAS_analysis/data/eqtl/Liver_mashr.db
2023-01-19 15:04:34 INFO::Number of genes with weights provided: 3941
2023-01-19 15:04:34 INFO::Collecting gene weight information ...
2023-01-19 15:06:22 INFO::Start gene z score imputation ...
2023-01-19 15:06:22 INFO::Using given LD matrices to impute gene z score.
2023-01-19 15:10:37 INFO::Imputation done, writing results to output...
2023-01-19 15:10:37 INFO::Imputation done: number of genes with imputed expression: 215 for chr 17
2023-01-19 15:10:37 INFO::Reading weights for chromosome 18
2023-01-19 15:10:37 INFO::Current weight: /project2/xinhe/shengqian/cTWAS/cTWAS_analysis/data/eqtl/Liver_mashr.db
2023-01-19 15:10:37 INFO::Number of genes with weights provided: 3941
2023-01-19 15:10:37 INFO::Collecting gene weight information ...
2023-01-19 15:11:04 INFO::Start gene z score imputation ...
2023-01-19 15:11:04 INFO::Using given LD matrices to impute gene z score.
2023-01-19 15:13:04 INFO::Imputation done, writing results to output...
2023-01-19 15:13:04 INFO::Imputation done: number of genes with imputed expression: 50 for chr 18
2023-01-19 15:13:04 INFO::Reading weights for chromosome 19
2023-01-19 15:13:05 INFO::Current weight: /project2/xinhe/shengqian/cTWAS/cTWAS_analysis/data/eqtl/Liver_mashr.db
2023-01-19 15:13:05 INFO::Number of genes with weights provided: 3941
2023-01-19 15:13:05 INFO::Collecting gene weight information ...
2023-01-19 15:15:17 INFO::Start gene z score imputation ...
2023-01-19 15:15:17 INFO::Using given LD matrices to impute gene z score.
2023-01-19 15:19:29 INFO::Imputation done, writing results to output...
2023-01-19 15:19:36 INFO::Imputation done: number of genes with imputed expression: 269 for chr 19
2023-01-19 15:19:37 INFO::Reading weights for chromosome 20
2023-01-19 15:19:37 INFO::Current weight: /project2/xinhe/shengqian/cTWAS/cTWAS_analysis/data/eqtl/Liver_mashr.db
2023-01-19 15:19:37 INFO::Number of genes with weights provided: 3941
2023-01-19 15:19:37 INFO::Collecting gene weight information ...
2023-01-19 15:20:37 INFO::Start gene z score imputation ...
2023-01-19 15:20:37 INFO::Using given LD matrices to impute gene z score.
2023-01-19 15:23:10 INFO::Imputation done, writing results to output...
2023-01-19 15:23:10 INFO::Imputation done: number of genes with imputed expression: 99 for chr 20
2023-01-19 15:23:10 INFO::Reading weights for chromosome 21
2023-01-19 15:23:10 INFO::Current weight: /project2/xinhe/shengqian/cTWAS/cTWAS_analysis/data/eqtl/Liver_mashr.db
2023-01-19 15:23:10 INFO::Number of genes with weights provided: 3941
2023-01-19 15:23:10 INFO::Collecting gene weight information ...
2023-01-19 15:23:41 INFO::Start gene z score imputation ...
2023-01-19 15:23:41 INFO::Using given LD matrices to impute gene z score.
2023-01-19 15:24:57 INFO::Imputation done, writing results to output...
2023-01-19 15:24:57 INFO::Imputation done: number of genes with imputed expression: 48 for chr 21
2023-01-19 15:24:57 INFO::Reading weights for chromosome 22
2023-01-19 15:24:57 INFO::Current weight: /project2/xinhe/shengqian/cTWAS/cTWAS_analysis/data/eqtl/Liver_mashr.db
2023-01-19 15:24:57 INFO::Number of genes with weights provided: 3941
2023-01-19 15:24:57 INFO::Collecting gene weight information ...
2023-01-19 15:25:55 INFO::Start gene z score imputation ...
2023-01-19 15:25:55 INFO::Using given LD matrices to impute gene z score.
2023-01-19 15:28:05 INFO::Imputation done, writing results to output...
2023-01-19 15:28:16 INFO::Imputation done: number of genes with imputed expression: 107 for chr 22
2023-01-19 15:28:44 INFO::ctwas started ...
2023-01-19 15:28:58 INFO::LD region file: /home/shengqian/R/x86_64-pc-linux-gnu-library/4.1/ctwas/extdata/ldetect/EUR.b38.bed
2023-01-19 15:29:09 INFO::No. LD regions: 1700
2023-01-19 15:29:15 INFO::No. regions with at least one SNP/gene for chr1: 131
2023-01-19 15:29:15 INFO::Merge regions for chr1
2023-01-19 15:29:15 INFO::No. regions with at least one SNP/gene for chr1 after merging: 130
2023-01-19 15:29:20 INFO::No. regions with at least one SNP/gene for chr2: 144
2023-01-19 15:29:20 INFO::Merge regions for chr2
2023-01-19 15:29:20 INFO::No. regions with at least one SNP/gene for chr2 after merging: 144
2023-01-19 15:29:24 INFO::No. regions with at least one SNP/gene for chr3: 122
2023-01-19 15:29:24 INFO::Merge regions for chr3
2023-01-19 15:29:24 INFO::No. regions with at least one SNP/gene for chr3 after merging: 121
2023-01-19 15:29:29 INFO::No. regions with at least one SNP/gene for chr4: 122
2023-01-19 15:29:29 INFO::Merge regions for chr4
2023-01-19 15:29:29 INFO::No. regions with at least one SNP/gene for chr4 after merging: 120
2023-01-19 15:29:32 INFO::No. regions with at least one SNP/gene for chr5: 110
2023-01-19 15:29:32 INFO::Merge regions for chr5
2023-01-19 15:29:32 INFO::No. regions with at least one SNP/gene for chr5 after merging: 108
2023-01-19 15:29:36 INFO::No. regions with at least one SNP/gene for chr6: 112
2023-01-19 15:29:36 INFO::Merge regions for chr6
2023-01-19 15:29:36 INFO::No. regions with at least one SNP/gene for chr6 after merging: 112
2023-01-19 15:29:40 INFO::No. regions with at least one SNP/gene for chr7: 99
2023-01-19 15:29:40 INFO::Merge regions for chr7
2023-01-19 15:29:40 INFO::No. regions with at least one SNP/gene for chr7 after merging: 94
2023-01-19 15:29:43 INFO::No. regions with at least one SNP/gene for chr8: 94
2023-01-19 15:29:43 INFO::Merge regions for chr8
2023-01-19 15:29:43 INFO::No. regions with at least one SNP/gene for chr8 after merging: 93
2023-01-19 15:29:46 INFO::No. regions with at least one SNP/gene for chr9: 74
2023-01-19 15:29:46 INFO::Merge regions for chr9
2023-01-19 15:29:46 INFO::No. regions with at least one SNP/gene for chr9 after merging: 73
2023-01-19 15:29:49 INFO::No. regions with at least one SNP/gene for chr10: 85
2023-01-19 15:29:49 INFO::Merge regions for chr10
2023-01-19 15:29:49 INFO::No. regions with at least one SNP/gene for chr10 after merging: 84
2023-01-19 15:29:51 INFO::No. regions with at least one SNP/gene for chr11: 84
2023-01-19 15:29:51 INFO::Merge regions for chr11
2023-01-19 15:29:51 INFO::No. regions with at least one SNP/gene for chr11 after merging: 84
2023-01-19 15:29:54 INFO::No. regions with at least one SNP/gene for chr12: 82
2023-01-19 15:29:54 INFO::Merge regions for chr12
2023-01-19 15:29:54 INFO::No. regions with at least one SNP/gene for chr12 after merging: 82
2023-01-19 15:29:58 INFO::No. regions with at least one SNP/gene for chr13: 62
2023-01-19 15:29:58 INFO::Merge regions for chr13
2023-01-19 15:29:58 INFO::No. regions with at least one SNP/gene for chr13 after merging: 62
2023-01-19 15:30:00 INFO::No. regions with at least one SNP/gene for chr14: 56
2023-01-19 15:30:00 INFO::Merge regions for chr14
2023-01-19 15:30:00 INFO::No. regions with at least one SNP/gene for chr14 after merging: 55
2023-01-19 15:30:02 INFO::No. regions with at least one SNP/gene for chr15: 50
2023-01-19 15:30:02 INFO::Merge regions for chr15
2023-01-19 15:30:02 INFO::No. regions with at least one SNP/gene for chr15 after merging: 50
2023-01-19 15:30:03 INFO::No. regions with at least one SNP/gene for chr16: 54
2023-01-19 15:30:03 INFO::Merge regions for chr16
2023-01-19 15:30:03 INFO::No. regions with at least one SNP/gene for chr16 after merging: 52
2023-01-19 15:30:05 INFO::No. regions with at least one SNP/gene for chr17: 47
2023-01-19 15:30:05 INFO::Merge regions for chr17
2023-01-19 15:30:05 INFO::No. regions with at least one SNP/gene for chr17 after merging: 46
2023-01-19 15:30:07 INFO::No. regions with at least one SNP/gene for chr18: 47
2023-01-19 15:30:07 INFO::Merge regions for chr18
2023-01-19 15:30:07 INFO::No. regions with at least one SNP/gene for chr18 after merging: 47
2023-01-19 15:30:08 INFO::No. regions with at least one SNP/gene for chr19: 39
2023-01-19 15:30:08 INFO::Merge regions for chr19
2023-01-19 15:30:08 INFO::No. regions with at least one SNP/gene for chr19 after merging: 39
2023-01-19 15:30:10 INFO::No. regions with at least one SNP/gene for chr20: 38
2023-01-19 15:30:10 INFO::Merge regions for chr20
2023-01-19 15:30:10 INFO::No. regions with at least one SNP/gene for chr20 after merging: 38
2023-01-19 15:30:11 INFO::No. regions with at least one SNP/gene for chr21: 24
2023-01-19 15:30:11 INFO::Merge regions for chr21
2023-01-19 15:30:11 INFO::No. regions with at least one SNP/gene for chr21 after merging: 23
2023-01-19 15:30:12 INFO::No. regions with at least one SNP/gene for chr22: 24
2023-01-19 15:30:12 INFO::Merge regions for chr22
2023-01-19 15:30:12 INFO::No. regions with at least one SNP/gene for chr22 after merging: 23
2023-01-19 15:30:12 INFO::Trim regions with SNPs more than Inf
2023-01-19 15:30:12 INFO::Adding R matrix info, as genotype is not given
2023-01-19 15:30:12 INFO::Adding R matrix info for chrom 1
2023-01-19 15:37:38 INFO::Adding R matrix info for chrom 2
2023-01-19 15:45:51 INFO::Adding R matrix info for chrom 3
2023-01-19 15:52:31 INFO::Adding R matrix info for chrom 4
2023-01-19 15:59:54 INFO::Adding R matrix info for chrom 5
2023-01-19 16:06:12 INFO::Adding R matrix info for chrom 6
2023-01-19 16:12:56 INFO::Adding R matrix info for chrom 7
2023-01-19 16:20:04 INFO::Adding R matrix info for chrom 8
2023-01-19 16:25:31 INFO::Adding R matrix info for chrom 9
2023-01-19 16:29:50 INFO::Adding R matrix info for chrom 10
2023-01-19 16:35:22 INFO::Adding R matrix info for chrom 11
2023-01-19 16:40:44 INFO::Adding R matrix info for chrom 12
2023-01-19 16:45:37 INFO::Adding R matrix info for chrom 13
2023-01-19 16:49:24 INFO::Adding R matrix info for chrom 14
2023-01-19 16:52:35 INFO::Adding R matrix info for chrom 15
2023-01-19 16:54:56 INFO::Adding R matrix info for chrom 16
2023-01-19 16:58:24 INFO::Adding R matrix info for chrom 17
2023-01-19 17:01:09 INFO::Adding R matrix info for chrom 18
2023-01-19 17:03:52 INFO::Adding R matrix info for chrom 19
2023-01-19 17:06:23 INFO::Adding R matrix info for chrom 20
2023-01-19 17:08:29 INFO::Adding R matrix info for chrom 21
2023-01-19 17:09:44 INFO::Adding R matrix info for chrom 22
2023-01-19 17:11:10 INFO::Run susie iteratively, getting rough estimate ...
2023-01-19 17:11:10 INFO::run iteration 1
starting worker pid=36549 on localhost:11059 at 17:11:11.300
starting worker pid=36542 on localhost:11059 at 17:11:11.300
starting worker pid=36550 on localhost:11059 at 17:11:11.301
starting worker pid=36547 on localhost:11059 at 17:11:11.301
starting worker pid=36544 on localhost:11059 at 17:11:11.301
starting worker pid=36545 on localhost:11059 at 17:11:11.301
starting worker pid=36541 on localhost:11059 at 17:11:11.301
starting worker pid=36548 on localhost:11059 at 17:11:11.302
starting worker pid=36543 on localhost:11059 at 17:11:11.303
starting worker pid=36546 on localhost:11059 at 17:11:11.303
2023-01-19 17:29:16 INFO::After iteration 1, priors {SNP,gene}: {0.00189966122071117,0.00793767693077312}
2023-01-19 17:29:16 INFO::run iteration 2
starting worker pid=37588 on localhost:11059 at 17:29:17.578
starting worker pid=37590 on localhost:11059 at 17:29:17.578
starting worker pid=37593 on localhost:11059 at 17:29:17.578
starting worker pid=37589 on localhost:11059 at 17:29:17.578
starting worker pid=37585 on localhost:11059 at 17:29:17.578
starting worker pid=37586 on localhost:11059 at 17:29:17.578
starting worker pid=37592 on localhost:11059 at 17:29:17.578
starting worker pid=37587 on localhost:11059 at 17:29:17.578
starting worker pid=37584 on localhost:11059 at 17:29:17.578
starting worker pid=37591 on localhost:11059 at 17:29:17.579
2023-01-19 17:46:55 INFO::After iteration 2, priors {SNP,gene}: {0.00157701919781592,0.0114637688145319}
2023-01-19 17:46:56 INFO::run iteration 3
starting worker pid=38566 on localhost:11059 at 17:46:56.972
starting worker pid=38573 on localhost:11059 at 17:46:56.973
starting worker pid=38571 on localhost:11059 at 17:46:56.974
starting worker pid=38569 on localhost:11059 at 17:46:56.974
starting worker pid=38567 on localhost:11059 at 17:46:56.974
starting worker pid=38574 on localhost:11059 at 17:46:56.974
starting worker pid=38568 on localhost:11059 at 17:46:56.975
starting worker pid=38572 on localhost:11059 at 17:46:56.975
starting worker pid=38575 on localhost:11059 at 17:46:56.975
starting worker pid=38570 on localhost:11059 at 17:46:56.976
2023-01-19 18:04:46 INFO::After iteration 3, priors {SNP,gene}: {0.00141961616906293,0.014434179022003}
2023-01-19 18:20:30 INFO::Blocks are filtered: 1041 blocks left
2023-01-19 18:20:30 INFO::Run susie iteratively, getting accurate estimate ...
2023-01-19 18:20:30 INFO::run iteration 1
starting worker pid=40329 on localhost:11059 at 18:20:31.223
starting worker pid=40331 on localhost:11059 at 18:20:31.223
starting worker pid=40332 on localhost:11059 at 18:20:31.223
starting worker pid=40333 on localhost:11059 at 18:20:31.224
starting worker pid=40336 on localhost:11059 at 18:20:31.224
starting worker pid=40335 on localhost:11059 at 18:20:31.224
starting worker pid=40330 on localhost:11059 at 18:20:31.224
starting worker pid=40337 on localhost:11059 at 18:20:31.224
starting worker pid=40328 on localhost:11059 at 18:20:31.225
starting worker pid=40334 on localhost:11059 at 18:20:31.226
2023-01-19 18:32:33 INFO::After iteration 1, priors {SNP,gene}: {0.00138957977423374,0.0158889995564359}
2023-01-19 18:32:34 INFO::run iteration 2
starting worker pid=41042 on localhost:11059 at 18:32:34.701
starting worker pid=41041 on localhost:11059 at 18:32:34.701
starting worker pid=41039 on localhost:11059 at 18:32:34.708
starting worker pid=41038 on localhost:11059 at 18:32:34.708
starting worker pid=41036 on localhost:11059 at 18:32:34.708
starting worker pid=41040 on localhost:11059 at 18:32:34.709
starting worker pid=41043 on localhost:11059 at 18:32:34.709
starting worker pid=41044 on localhost:11059 at 18:32:34.709
starting worker pid=41034 on localhost:11059 at 18:32:34.710
starting worker pid=41035 on localhost:11059 at 18:32:34.710
2023-01-19 18:44:23 INFO::After iteration 2, priors {SNP,gene}: {0.00140228187835988,0.0181987439463822}
2023-01-19 18:44:23 INFO::run iteration 3
starting worker pid=41751 on localhost:11059 at 18:44:23.995
starting worker pid=41749 on localhost:11059 at 18:44:23.995
starting worker pid=41747 on localhost:11059 at 18:44:24.013
starting worker pid=41746 on localhost:11059 at 18:44:24.015
starting worker pid=41742 on localhost:11059 at 18:44:24.025
starting worker pid=41744 on localhost:11059 at 18:44:24.031
starting worker pid=41743 on localhost:11059 at 18:44:24.036
starting worker pid=41745 on localhost:11059 at 18:44:24.039
starting worker pid=41750 on localhost:11059 at 18:44:24.043
starting worker pid=41748 on localhost:11059 at 18:44:24.050
2023-01-19 18:56:20 INFO::After iteration 3, priors {SNP,gene}: {0.00141918735910224,0.0199544338856192}
2023-01-19 18:56:20 INFO::run iteration 4
starting worker pid=42447 on localhost:11059 at 18:56:21.549
starting worker pid=42448 on localhost:11059 at 18:56:21.552
starting worker pid=42446 on localhost:11059 at 18:56:21.555
starting worker pid=42455 on localhost:11059 at 18:56:21.555
starting worker pid=42454 on localhost:11059 at 18:56:21.555
starting worker pid=42450 on localhost:11059 at 18:56:21.555
starting worker pid=42449 on localhost:11059 at 18:56:21.556
starting worker pid=42451 on localhost:11059 at 18:56:21.556
starting worker pid=42452 on localhost:11059 at 18:56:21.556
starting worker pid=42453 on localhost:11059 at 18:56:21.556
2023-01-19 19:08:29 INFO::After iteration 4, priors {SNP,gene}: {0.00143550090179532,0.0212610580080586}
2023-01-19 19:08:30 INFO::run iteration 5
starting worker pid=43166 on localhost:11059 at 19:08:30.627
starting worker pid=43176 on localhost:11059 at 19:08:30.627
starting worker pid=43171 on localhost:11059 at 19:08:30.627
starting worker pid=43174 on localhost:11059 at 19:08:30.627
starting worker pid=43170 on localhost:11059 at 19:08:30.627
starting worker pid=43173 on localhost:11059 at 19:08:30.627
starting worker pid=43168 on localhost:11059 at 19:08:30.628
starting worker pid=43169 on localhost:11059 at 19:08:30.629
starting worker pid=43172 on localhost:11059 at 19:08:30.647
starting worker pid=43167 on localhost:11059 at 19:08:30.648
2023-01-19 19:20:34 INFO::After iteration 5, priors {SNP,gene}: {0.00145069881561198,0.0222199659636907}
2023-01-19 19:20:35 INFO::run iteration 6
starting worker pid=43882 on localhost:11059 at 19:20:35.750
starting worker pid=43883 on localhost:11059 at 19:20:35.751
starting worker pid=43884 on localhost:11059 at 19:20:35.754
starting worker pid=43887 on localhost:11059 at 19:20:35.759
starting worker pid=43880 on localhost:11059 at 19:20:35.768
starting worker pid=43888 on localhost:11059 at 19:20:35.771
starting worker pid=43889 on localhost:11059 at 19:20:35.774
starting worker pid=43881 on localhost:11059 at 19:20:35.782
starting worker pid=43885 on localhost:11059 at 19:20:35.785
starting worker pid=43886 on localhost:11059 at 19:20:35.822
2023-01-19 19:32:46 INFO::After iteration 6, priors {SNP,gene}: {0.0014648545855673,0.0229126063020464}
2023-01-19 19:32:46 INFO::run iteration 7
starting worker pid=44609 on localhost:11059 at 19:32:47.487
starting worker pid=44605 on localhost:11059 at 19:32:47.487
starting worker pid=44613 on localhost:11059 at 19:32:47.501
starting worker pid=44604 on localhost:11059 at 19:32:47.501
starting worker pid=44610 on localhost:11059 at 19:32:47.503
starting worker pid=44606 on localhost:11059 at 19:32:47.503
starting worker pid=44611 on localhost:11059 at 19:32:47.520
starting worker pid=44612 on localhost:11059 at 19:32:47.521
starting worker pid=44603 on localhost:11059 at 19:32:47.532
starting worker pid=44607 on localhost:11059 at 19:32:47.545
2023-01-19 19:45:01 INFO::After iteration 7, priors {SNP,gene}: {0.00147809666394951,0.0234039747682924}
2023-01-19 19:45:01 INFO::run iteration 8
starting worker pid=45336 on localhost:11059 at 19:45:01.971
starting worker pid=45331 on localhost:11059 at 19:45:01.971
starting worker pid=45330 on localhost:11059 at 19:45:01.971
starting worker pid=45329 on localhost:11059 at 19:45:01.971
starting worker pid=45334 on localhost:11059 at 19:45:01.971
starting worker pid=45327 on localhost:11059 at 19:45:01.971
starting worker pid=45325 on localhost:11059 at 19:45:01.971
starting worker pid=45332 on localhost:11059 at 19:45:01.971
starting worker pid=45335 on localhost:11059 at 19:45:01.972
starting worker pid=45328 on localhost:11059 at 19:45:01.973
2023-01-19 19:57:13 INFO::After iteration 8, priors {SNP,gene}: {0.00149053491624699,0.0237449262332494}
2023-01-19 19:57:14 INFO::run iteration 9
starting worker pid=46049 on localhost:11059 at 19:57:14.676
starting worker pid=46048 on localhost:11059 at 19:57:14.676
starting worker pid=46051 on localhost:11059 at 19:57:14.676
starting worker pid=46046 on localhost:11059 at 19:57:14.676
starting worker pid=46052 on localhost:11059 at 19:57:14.676
starting worker pid=46055 on localhost:11059 at 19:57:14.676
starting worker pid=46050 on localhost:11059 at 19:57:14.676
starting worker pid=46056 on localhost:11059 at 19:57:14.676
starting worker pid=46053 on localhost:11059 at 19:57:14.676
starting worker pid=46047 on localhost:11059 at 19:57:14.677
2023-01-19 20:09:31 INFO::After iteration 9, priors {SNP,gene}: {0.00150225726803241,0.0239745280052114}
2023-01-19 20:09:31 INFO::run iteration 10
starting worker pid=46780 on localhost:11059 at 20:09:31.852
starting worker pid=46774 on localhost:11059 at 20:09:31.856
starting worker pid=46775 on localhost:11059 at 20:09:31.858
starting worker pid=46772 on localhost:11059 at 20:09:31.859
starting worker pid=46771 on localhost:11059 at 20:09:31.859
starting worker pid=46779 on localhost:11059 at 20:09:31.868
starting worker pid=46776 on localhost:11059 at 20:09:31.868
starting worker pid=46778 on localhost:11059 at 20:09:31.873
starting worker pid=46777 on localhost:11059 at 20:09:31.881
starting worker pid=46773 on localhost:11059 at 20:09:31.902
2023-01-19 20:21:50 INFO::After iteration 10, priors {SNP,gene}: {0.00151333474047003,0.0241223828469173}
2023-01-19 20:21:51 INFO::run iteration 11
starting worker pid=47511 on localhost:11059 at 20:21:51.709
starting worker pid=47512 on localhost:11059 at 20:21:51.709
starting worker pid=47509 on localhost:11059 at 20:21:51.713
starting worker pid=47508 on localhost:11059 at 20:21:51.713
starting worker pid=47503 on localhost:11059 at 20:21:51.715
starting worker pid=47510 on localhost:11059 at 20:21:51.721
starting worker pid=47506 on localhost:11059 at 20:21:51.722
starting worker pid=47504 on localhost:11059 at 20:21:51.722
starting worker pid=47505 on localhost:11059 at 20:21:51.732
starting worker pid=47513 on localhost:11059 at 20:21:51.750
2023-01-19 20:34:16 INFO::After iteration 11, priors {SNP,gene}: {0.00152382594552426,0.0242107006011337}
2023-01-19 20:34:16 INFO::run iteration 12
starting worker pid=48245 on localhost:11059 at 20:34:16.969
starting worker pid=48241 on localhost:11059 at 20:34:16.970
starting worker pid=48242 on localhost:11059 at 20:34:16.973
starting worker pid=48246 on localhost:11059 at 20:34:16.974
starting worker pid=48247 on localhost:11059 at 20:34:16.979
starting worker pid=48240 on localhost:11059 at 20:34:16.983
starting worker pid=48238 on localhost:11059 at 20:34:16.984
starting worker pid=48244 on localhost:11059 at 20:34:16.998
starting worker pid=48237 on localhost:11059 at 20:34:17.018
starting worker pid=48239 on localhost:11059 at 20:34:17.023
2023-01-19 20:46:20 INFO::After iteration 12, priors {SNP,gene}: {0.00153378028206472,0.024256022802372}
2023-01-19 20:46:21 INFO::run iteration 13
starting worker pid=48959 on localhost:11059 at 20:46:22.220
starting worker pid=48953 on localhost:11059 at 20:46:22.221
starting worker pid=48962 on localhost:11059 at 20:46:22.233
starting worker pid=48957 on localhost:11059 at 20:46:22.235
starting worker pid=48960 on localhost:11059 at 20:46:22.243
starting worker pid=48955 on localhost:11059 at 20:46:22.244
starting worker pid=48958 on localhost:11059 at 20:46:22.244
starting worker pid=48961 on localhost:11059 at 20:46:22.249
starting worker pid=48954 on localhost:11059 at 20:46:22.249
starting worker pid=48956 on localhost:11059 at 20:46:22.249
2023-01-19 20:58:37 INFO::After iteration 13, priors {SNP,gene}: {0.00154324014499745,0.0242705991915609}
2023-01-19 20:58:37 INFO::run iteration 14
starting worker pid=49684 on localhost:11059 at 20:58:38.324
starting worker pid=49680 on localhost:11059 at 20:58:38.325
starting worker pid=49678 on localhost:11059 at 20:58:38.325
starting worker pid=49681 on localhost:11059 at 20:58:38.337
starting worker pid=49683 on localhost:11059 at 20:58:38.343
starting worker pid=49682 on localhost:11059 at 20:58:38.350
starting worker pid=49676 on localhost:11059 at 20:58:38.358
starting worker pid=49679 on localhost:11059 at 20:58:38.366
starting worker pid=49675 on localhost:11059 at 20:58:38.377
starting worker pid=49677 on localhost:11059 at 20:58:38.383
2023-01-19 21:10:52 INFO::After iteration 14, priors {SNP,gene}: {0.0015522424696721,0.0242634579832065}
2023-01-19 21:10:52 INFO::run iteration 15
starting worker pid=50402 on localhost:11059 at 21:10:52.964
starting worker pid=50408 on localhost:11059 at 21:10:52.971
starting worker pid=50401 on localhost:11059 at 21:10:52.978
starting worker pid=50405 on localhost:11059 at 21:10:52.988
starting worker pid=50403 on localhost:11059 at 21:10:53.011
starting worker pid=50407 on localhost:11059 at 21:10:53.012
starting worker pid=50409 on localhost:11059 at 21:10:53.016
starting worker pid=50399 on localhost:11059 at 21:10:53.040
starting worker pid=50400 on localhost:11059 at 21:10:53.070
starting worker pid=50406 on localhost:11059 at 21:10:53.080
2023-01-19 21:23:04 INFO::After iteration 15, priors {SNP,gene}: {0.00156081960033727,0.0242411242942227}
2023-01-19 21:23:05 INFO::run iteration 16
starting worker pid=51129 on localhost:11059 at 21:23:05.713
starting worker pid=51130 on localhost:11059 at 21:23:05.713
starting worker pid=51126 on localhost:11059 at 21:23:05.715
starting worker pid=51131 on localhost:11059 at 21:23:05.716
starting worker pid=51127 on localhost:11059 at 21:23:05.717
starting worker pid=51125 on localhost:11059 at 21:23:05.721
starting worker pid=51132 on localhost:11059 at 21:23:05.744
starting worker pid=51128 on localhost:11059 at 21:23:05.745
starting worker pid=51123 on localhost:11059 at 21:23:05.748
starting worker pid=51124 on localhost:11059 at 21:23:05.749
2023-01-19 21:34:56 INFO::After iteration 16, priors {SNP,gene}: {0.00156899998558625,0.0242084522967759}
2023-01-19 21:34:57 INFO::run iteration 17
starting worker pid=51838 on localhost:11059 at 21:34:57.488
starting worker pid=51836 on localhost:11059 at 21:34:57.488
starting worker pid=51837 on localhost:11059 at 21:34:57.497
starting worker pid=51835 on localhost:11059 at 21:34:57.497
starting worker pid=51832 on localhost:11059 at 21:34:57.504
starting worker pid=51831 on localhost:11059 at 21:34:57.504
starting worker pid=51834 on localhost:11059 at 21:34:57.504
starting worker pid=51833 on localhost:11059 at 21:34:57.512
starting worker pid=51839 on localhost:11059 at 21:34:57.516
starting worker pid=51830 on localhost:11059 at 21:34:57.541
2023-01-19 21:47:18 INFO::After iteration 17, priors {SNP,gene}: {0.00157680916070085,0.0241689954002397}
2023-01-19 21:47:18 INFO::run iteration 18
starting worker pid=52562 on localhost:11059 at 21:47:19.299
starting worker pid=52568 on localhost:11059 at 21:47:19.299
starting worker pid=52561 on localhost:11059 at 21:47:19.299
starting worker pid=52559 on localhost:11059 at 21:47:19.299
starting worker pid=52566 on localhost:11059 at 21:47:19.299
starting worker pid=52569 on localhost:11059 at 21:47:19.299
starting worker pid=52560 on localhost:11059 at 21:47:19.299
starting worker pid=52565 on localhost:11059 at 21:47:19.300
starting worker pid=52563 on localhost:11059 at 21:47:19.300
starting worker pid=52564 on localhost:11059 at 21:47:19.302
2023-01-19 21:59:25 INFO::After iteration 18, priors {SNP,gene}: {0.00158427081483988,0.0241253060337951}
2023-01-19 21:59:25 INFO::run iteration 19
starting worker pid=53284 on localhost:11059 at 21:59:26.244
starting worker pid=53285 on localhost:11059 at 21:59:26.244
starting worker pid=53282 on localhost:11059 at 21:59:26.245
starting worker pid=53286 on localhost:11059 at 21:59:26.245
starting worker pid=53281 on localhost:11059 at 21:59:26.245
starting worker pid=53280 on localhost:11059 at 21:59:26.245
starting worker pid=53288 on localhost:11059 at 21:59:26.245
starting worker pid=53287 on localhost:11059 at 21:59:26.245
starting worker pid=53279 on localhost:11059 at 21:59:26.245
starting worker pid=53283 on localhost:11059 at 21:59:26.245
2023-01-19 22:11:41 INFO::After iteration 19, priors {SNP,gene}: {0.00159140360125635,0.0240787305411437}
2023-01-19 22:11:42 INFO::run iteration 20
starting worker pid=54063 on localhost:11059 at 22:11:42.701
starting worker pid=54056 on localhost:11059 at 22:11:42.702
starting worker pid=54061 on localhost:11059 at 22:11:42.702
starting worker pid=54058 on localhost:11059 at 22:11:42.710
starting worker pid=54065 on localhost:11059 at 22:11:42.711
starting worker pid=54062 on localhost:11059 at 22:11:42.714
starting worker pid=54060 on localhost:11059 at 22:11:42.718
starting worker pid=54059 on localhost:11059 at 22:11:42.720
starting worker pid=54064 on localhost:11059 at 22:11:42.739
starting worker pid=54057 on localhost:11059 at 22:11:42.753
2023-01-19 22:24:01 INFO::After iteration 20, priors {SNP,gene}: {0.00159822774755134,0.0240307676523772}
2023-01-19 22:24:02 INFO::run iteration 21
starting worker pid=54833 on localhost:11059 at 22:24:02.669
starting worker pid=54834 on localhost:11059 at 22:24:02.669
starting worker pid=54840 on localhost:11059 at 22:24:02.675
starting worker pid=54836 on localhost:11059 at 22:24:02.676
starting worker pid=54839 on localhost:11059 at 22:24:02.687
starting worker pid=54841 on localhost:11059 at 22:24:02.691
starting worker pid=54837 on localhost:11059 at 22:24:02.696
starting worker pid=54838 on localhost:11059 at 22:24:02.698
starting worker pid=54835 on localhost:11059 at 22:24:02.701
starting worker pid=54832 on localhost:11059 at 22:24:02.702
2023-01-19 22:36:02 INFO::After iteration 21, priors {SNP,gene}: {0.00160476165157185,0.0239824691456965}
2023-01-19 22:36:02 INFO::run iteration 22
starting worker pid=55597 on localhost:11059 at 22:36:03.543
starting worker pid=55602 on localhost:11059 at 22:36:03.543
starting worker pid=55600 on localhost:11059 at 22:36:03.543
starting worker pid=55604 on localhost:11059 at 22:36:03.544
starting worker pid=55596 on localhost:11059 at 22:36:03.544
starting worker pid=55599 on localhost:11059 at 22:36:03.544
starting worker pid=55603 on localhost:11059 at 22:36:03.544
starting worker pid=55605 on localhost:11059 at 22:36:03.544
starting worker pid=55601 on localhost:11059 at 22:36:03.553
starting worker pid=55598 on localhost:11059 at 22:36:03.553
2023-01-19 22:48:07 INFO::After iteration 22, priors {SNP,gene}: {0.00161102095890383,0.0239345023304126}
2023-01-19 22:48:08 INFO::run iteration 23
starting worker pid=56319 on localhost:11059 at 22:48:08.542
starting worker pid=56310 on localhost:11059 at 22:48:08.542
starting worker pid=56318 on localhost:11059 at 22:48:08.543
starting worker pid=56317 on localhost:11059 at 22:48:08.543
starting worker pid=56311 on localhost:11059 at 22:48:08.543
starting worker pid=56314 on localhost:11059 at 22:48:08.543
starting worker pid=56312 on localhost:11059 at 22:48:08.543
starting worker pid=56315 on localhost:11059 at 22:48:08.543
starting worker pid=56313 on localhost:11059 at 22:48:08.543
starting worker pid=56316 on localhost:11059 at 22:48:08.565
2023-01-19 23:00:23 INFO::After iteration 23, priors {SNP,gene}: {0.00161701360666025,0.023887003939469}
2023-01-19 23:00:24 INFO::run iteration 24
starting worker pid=57045 on localhost:11059 at 23:00:24.563
starting worker pid=57036 on localhost:11059 at 23:00:24.563
starting worker pid=57037 on localhost:11059 at 23:00:24.563
starting worker pid=57038 on localhost:11059 at 23:00:24.563
starting worker pid=57042 on localhost:11059 at 23:00:24.563
starting worker pid=57041 on localhost:11059 at 23:00:24.567
starting worker pid=57043 on localhost:11059 at 23:00:24.574
starting worker pid=57039 on localhost:11059 at 23:00:24.587
starting worker pid=57044 on localhost:11059 at 23:00:24.592
starting worker pid=57040 on localhost:11059 at 23:00:24.599
2023-01-19 23:12:28 INFO::After iteration 24, priors {SNP,gene}: {0.00162275484309141,0.0238404420567784}
2023-01-19 23:12:28 INFO::run iteration 25
starting worker pid=802 on localhost:11059 at 23:12:28.948
starting worker pid=797 on localhost:11059 at 23:12:28.949
starting worker pid=796 on localhost:11059 at 23:12:28.949
starting worker pid=804 on localhost:11059 at 23:12:28.949
starting worker pid=803 on localhost:11059 at 23:12:28.949
starting worker pid=798 on localhost:11059 at 23:12:28.949
starting worker pid=800 on localhost:11059 at 23:12:28.949
starting worker pid=801 on localhost:11059 at 23:12:28.949
starting worker pid=805 on localhost:11059 at 23:12:28.950
starting worker pid=799 on localhost:11059 at 23:12:28.952
2023-01-19 23:24:19 INFO::After iteration 25, priors {SNP,gene}: {0.00162825866779519,0.0237951280668574}
2023-01-19 23:24:20 INFO::run iteration 26
starting worker pid=1574 on localhost:11059 at 23:24:20.796
starting worker pid=1578 on localhost:11059 at 23:24:20.796
starting worker pid=1577 on localhost:11059 at 23:24:20.796
starting worker pid=1576 on localhost:11059 at 23:24:20.796
starting worker pid=1569 on localhost:11059 at 23:24:20.796
starting worker pid=1575 on localhost:11059 at 23:24:20.796
starting worker pid=1571 on localhost:11059 at 23:24:20.796
starting worker pid=1570 on localhost:11059 at 23:24:20.796
starting worker pid=1573 on localhost:11059 at 23:24:20.796
starting worker pid=1572 on localhost:11059 at 23:24:20.797
2023-01-19 23:36:32 INFO::After iteration 26, priors {SNP,gene}: {0.00163353731696175,0.0237512480067007}
2023-01-19 23:36:32 INFO::run iteration 27
starting worker pid=2314 on localhost:11059 at 23:36:33.309
starting worker pid=2313 on localhost:11059 at 23:36:33.309
starting worker pid=2309 on localhost:11059 at 23:36:33.309
starting worker pid=2311 on localhost:11059 at 23:36:33.309
starting worker pid=2312 on localhost:11059 at 23:36:33.310
starting worker pid=2308 on localhost:11059 at 23:36:33.309
starting worker pid=2307 on localhost:11059 at 23:36:33.310
starting worker pid=2315 on localhost:11059 at 23:36:33.310
starting worker pid=2316 on localhost:11059 at 23:36:33.310
starting worker pid=2310 on localhost:11059 at 23:36:33.319
2023-01-19 23:48:52 INFO::After iteration 27, priors {SNP,gene}: {0.001638602284401,0.0237089077398716}
2023-01-19 23:48:53 INFO::run iteration 28
starting worker pid=3036 on localhost:11059 at 23:48:53.702
starting worker pid=3031 on localhost:11059 at 23:48:53.702
starting worker pid=3032 on localhost:11059 at 23:48:53.702
starting worker pid=3028 on localhost:11059 at 23:48:53.702
starting worker pid=3035 on localhost:11059 at 23:48:53.703
starting worker pid=3030 on localhost:11059 at 23:48:53.706
starting worker pid=3034 on localhost:11059 at 23:48:53.710
starting worker pid=3029 on localhost:11059 at 23:48:53.721
starting worker pid=3033 on localhost:11059 at 23:48:53.738
starting worker pid=3027 on localhost:11059 at 23:48:53.748
2023-01-20 00:01:00 INFO::After iteration 28, priors {SNP,gene}: {0.00164346489113807,0.0236681618988399}
2023-01-20 00:01:01 INFO::run iteration 29
starting worker pid=3808 on localhost:11059 at 00:01:01.796
starting worker pid=3801 on localhost:11059 at 00:01:01.796
starting worker pid=3802 on localhost:11059 at 00:01:01.797
starting worker pid=3804 on localhost:11059 at 00:01:01.797
starting worker pid=3803 on localhost:11059 at 00:01:01.797
starting worker pid=3805 on localhost:11059 at 00:01:01.797
starting worker pid=3800 on localhost:11059 at 00:01:01.799
starting worker pid=3799 on localhost:11059 at 00:01:01.799
starting worker pid=3806 on localhost:11059 at 00:01:01.799
starting worker pid=3807 on localhost:11059 at 00:01:01.800
2023-01-20 00:13:21 INFO::After iteration 29, priors {SNP,gene}: {0.00164813562874165,0.0236290224836496}
2023-01-20 00:13:21 INFO::run iteration 30
starting worker pid=4538 on localhost:11059 at 00:13:22.353
starting worker pid=4535 on localhost:11059 at 00:13:22.353
starting worker pid=4530 on localhost:11059 at 00:13:22.357
starting worker pid=4531 on localhost:11059 at 00:13:22.359
starting worker pid=4536 on localhost:11059 at 00:13:22.360
starting worker pid=4528 on localhost:11059 at 00:13:22.360
starting worker pid=4534 on localhost:11059 at 00:13:22.360
starting worker pid=4529 on localhost:11059 at 00:13:22.361
starting worker pid=4532 on localhost:11059 at 00:13:22.361
starting worker pid=4533 on localhost:11059 at 00:13:22.362
2023-01-20 00:25:27 INFO::After iteration 30, priors {SNP,gene}: {0.00165262427278256,0.0235914724720184}
2023-01-20 00:25:28 INFO::Run susie for all regions.
2023-01-20 00:25:28 INFO::run iteration 1
starting worker pid=5259 on localhost:11059 at 00:25:28.677
starting worker pid=5256 on localhost:11059 at 00:25:28.677
starting worker pid=5255 on localhost:11059 at 00:25:28.678
starting worker pid=5260 on localhost:11059 at 00:25:28.678
starting worker pid=5258 on localhost:11059 at 00:25:28.678
starting worker pid=5261 on localhost:11059 at 00:25:28.678
starting worker pid=5262 on localhost:11059 at 00:25:28.678
starting worker pid=5257 on localhost:11059 at 00:25:28.678
starting worker pid=5263 on localhost:11059 at 00:25:28.679
starting worker pid=5264 on localhost:11059 at 00:25:28.688
2023-01-20 00:43:40 INFO::After iteration 1, priors {SNP,gene}: {0.00686579297579178,0.0647750900174874}
2023-01-20 00:43:41 INFO::No. LD regions: 1700
2023-01-20 00:43:46 INFO::No. regions with at least one SNP/gene for chr1: 131
2023-01-20 00:43:46 INFO::Merge regions for chr1
2023-01-20 00:43:46 INFO::No. regions with at least one SNP/gene for chr1 after merging: 130
2023-01-20 00:43:52 INFO::No. regions with at least one SNP/gene for chr2: 144
2023-01-20 00:43:52 INFO::Merge regions for chr2
2023-01-20 00:43:52 INFO::No. regions with at least one SNP/gene for chr2 after merging: 144
2023-01-20 00:43:56 INFO::No. regions with at least one SNP/gene for chr3: 122
2023-01-20 00:43:56 INFO::Merge regions for chr3
2023-01-20 00:43:56 INFO::No. regions with at least one SNP/gene for chr3 after merging: 121
2023-01-20 00:44:01 INFO::No. regions with at least one SNP/gene for chr4: 122
2023-01-20 00:44:01 INFO::Merge regions for chr4
2023-01-20 00:44:01 INFO::No. regions with at least one SNP/gene for chr4 after merging: 120
2023-01-20 00:44:06 INFO::No. regions with at least one SNP/gene for chr5: 110
2023-01-20 00:44:06 INFO::Merge regions for chr5
2023-01-20 00:44:06 INFO::No. regions with at least one SNP/gene for chr5 after merging: 108
2023-01-20 00:44:10 INFO::No. regions with at least one SNP/gene for chr6: 112
2023-01-20 00:44:10 INFO::Merge regions for chr6
2023-01-20 00:44:10 INFO::No. regions with at least one SNP/gene for chr6 after merging: 112
2023-01-20 00:44:14 INFO::No. regions with at least one SNP/gene for chr7: 99
2023-01-20 00:44:14 INFO::Merge regions for chr7
2023-01-20 00:44:14 INFO::No. regions with at least one SNP/gene for chr7 after merging: 94
2023-01-20 00:44:17 INFO::No. regions with at least one SNP/gene for chr8: 94
2023-01-20 00:44:17 INFO::Merge regions for chr8
2023-01-20 00:44:17 INFO::No. regions with at least one SNP/gene for chr8 after merging: 93
2023-01-20 00:44:20 INFO::No. regions with at least one SNP/gene for chr9: 74
2023-01-20 00:44:20 INFO::Merge regions for chr9
2023-01-20 00:44:20 INFO::No. regions with at least one SNP/gene for chr9 after merging: 73
2023-01-20 00:44:23 INFO::No. regions with at least one SNP/gene for chr10: 85
2023-01-20 00:44:23 INFO::Merge regions for chr10
2023-01-20 00:44:23 INFO::No. regions with at least one SNP/gene for chr10 after merging: 84
2023-01-20 00:44:26 INFO::No. regions with at least one SNP/gene for chr11: 84
2023-01-20 00:44:26 INFO::Merge regions for chr11
2023-01-20 00:44:26 INFO::No. regions with at least one SNP/gene for chr11 after merging: 84
2023-01-20 00:44:29 INFO::No. regions with at least one SNP/gene for chr12: 82
2023-01-20 00:44:29 INFO::Merge regions for chr12
2023-01-20 00:44:29 INFO::No. regions with at least one SNP/gene for chr12 after merging: 82
2023-01-20 00:44:31 INFO::No. regions with at least one SNP/gene for chr13: 62
2023-01-20 00:44:31 INFO::Merge regions for chr13
2023-01-20 00:44:31 INFO::No. regions with at least one SNP/gene for chr13 after merging: 62
2023-01-20 00:44:34 INFO::No. regions with at least one SNP/gene for chr14: 56
2023-01-20 00:44:34 INFO::Merge regions for chr14
2023-01-20 00:44:34 INFO::No. regions with at least one SNP/gene for chr14 after merging: 55
2023-01-20 00:44:36 INFO::No. regions with at least one SNP/gene for chr15: 50
2023-01-20 00:44:36 INFO::Merge regions for chr15
2023-01-20 00:44:36 INFO::No. regions with at least one SNP/gene for chr15 after merging: 50
2023-01-20 00:44:40 INFO::No. regions with at least one SNP/gene for chr16: 54
2023-01-20 00:44:40 INFO::Merge regions for chr16
2023-01-20 00:44:40 INFO::No. regions with at least one SNP/gene for chr16 after merging: 52
2023-01-20 00:44:42 INFO::No. regions with at least one SNP/gene for chr17: 47
2023-01-20 00:44:42 INFO::Merge regions for chr17
2023-01-20 00:44:42 INFO::No. regions with at least one SNP/gene for chr17 after merging: 46
2023-01-20 00:44:43 INFO::No. regions with at least one SNP/gene for chr18: 47
2023-01-20 00:44:43 INFO::Merge regions for chr18
2023-01-20 00:44:43 INFO::No. regions with at least one SNP/gene for chr18 after merging: 47
2023-01-20 00:44:46 INFO::No. regions with at least one SNP/gene for chr19: 39
2023-01-20 00:44:46 INFO::Merge regions for chr19
2023-01-20 00:44:46 INFO::No. regions with at least one SNP/gene for chr19 after merging: 39
2023-01-20 00:44:48 INFO::No. regions with at least one SNP/gene for chr20: 38
2023-01-20 00:44:48 INFO::Merge regions for chr20
2023-01-20 00:44:48 INFO::No. regions with at least one SNP/gene for chr20 after merging: 38
2023-01-20 00:44:49 INFO::No. regions with at least one SNP/gene for chr21: 24
2023-01-20 00:44:49 INFO::Merge regions for chr21
2023-01-20 00:44:49 INFO::No. regions with at least one SNP/gene for chr21 after merging: 23
2023-01-20 00:44:50 INFO::No. regions with at least one SNP/gene for chr22: 24
2023-01-20 00:44:50 INFO::Merge regions for chr22
2023-01-20 00:44:50 INFO::No. regions with at least one SNP/gene for chr22 after merging: 23
2023-01-20 00:44:50 INFO::Trim regions with SNPs more than 20000
2023-01-20 00:44:50 INFO::Adding R matrix info, as genotype is not given
2023-01-20 00:44:50 INFO::Adding R matrix info for chrom 1
2023-01-20 00:52:25 INFO::Adding R matrix info for chrom 2
2023-01-20 01:00:15 INFO::Adding R matrix info for chrom 3
2023-01-20 01:06:52 INFO::Adding R matrix info for chrom 4
2023-01-20 01:14:02 INFO::Adding R matrix info for chrom 5
2023-01-20 01:20:29 INFO::Adding R matrix info for chrom 6
2023-01-20 01:27:08 INFO::Adding R matrix info for chrom 7
2023-01-20 01:33:31 INFO::Adding R matrix info for chrom 8
2023-01-20 01:38:38 INFO::Adding R matrix info for chrom 9
2023-01-20 01:43:02 INFO::Adding R matrix info for chrom 10
2023-01-20 01:48:04 INFO::Adding R matrix info for chrom 11
2023-01-20 01:53:00 INFO::Adding R matrix info for chrom 12
2023-01-20 01:57:43 INFO::Adding R matrix info for chrom 13
2023-01-20 02:01:09 INFO::Adding R matrix info for chrom 14
2023-01-20 02:04:29 INFO::Adding R matrix info for chrom 15
2023-01-20 02:06:57 INFO::Adding R matrix info for chrom 16
2023-01-20 02:10:11 INFO::Adding R matrix info for chrom 17
2023-01-20 02:12:50 INFO::Adding R matrix info for chrom 18
2023-01-20 02:15:29 INFO::Adding R matrix info for chrom 19
2023-01-20 02:18:08 INFO::Adding R matrix info for chrom 20
2023-01-20 02:20:19 INFO::Adding R matrix info for chrom 21
2023-01-20 02:21:35 INFO::Adding R matrix info for chrom 22
2023-01-20 02:25:26 INFO::Number of regions that contain strong gene signals: 41
2023-01-20 02:25:26 INFO::Rerun susie for regions with strong gene signals using full SNPs.
2023-01-20 02:25:26 INFO::run iteration 1
starting worker pid=11386 on localhost:11059 at 02:25:27.500
2023-01-20 02:40:37 INFO::After iteration 1, priors {SNP,gene}: {0.000616706699765616,0.182092568683251}
$group_prior
         SNP         gene 
0.0001652624 0.0235914725 

$group_prior_var
     SNP     gene 
11.51518 38.25097 

R version 4.1.0 (2021-05-18)
Platform: x86_64-pc-linux-gnu (64-bit)
Running under: CentOS Linux 7 (Core)

Matrix products: default
BLAS/LAPACK: /software/openblas-0.3.13-el7-x86_64/lib/libopenblas_haswellp-r0.3.13.so

locale:
[1] C

attached base packages:
[1] stats     graphics  grDevices utils     datasets  methods   base     

other attached packages:
[1] data.table_1.14.6 ctwas_0.1.35     

loaded via a namespace (and not attached):
 [1] Rcpp_1.0.9        compiler_4.1.0    pillar_1.8.1      iterators_1.0.14 
 [5] tools_4.1.0       bit_4.0.5         RSQLite_2.2.19    memoise_2.0.1    
 [9] lifecycle_1.0.3   tibble_3.1.8      lattice_0.20-44   pkgconfig_2.0.3  
[13] rlang_1.0.6       Matrix_1.3-3      foreach_1.5.2     DBI_1.1.3        
[17] cli_3.4.1         parallel_4.1.0    fastmap_1.1.0     pgenlibr_0.3.2   
[21] vctrs_0.5.1       hms_1.1.2         bit64_4.0.5       grid_4.1.0       
[25] glue_1.6.2        R6_2.5.1          fansi_1.0.3       readr_2.1.3      
[29] tzdb_0.3.0        blob_1.2.3        magrittr_2.0.3    codetools_0.2-18 
[33] ellipsis_0.3.2    logging_0.10-108  utf8_1.2.2        doParallel_1.0.17
[37] cachem_1.0.6      crayon_1.5.2     
