[1] "/project2/xinhe/shengqian/cTWAS/cTWAS_analysis/data/UKBB/ukb-d-30780_irnt.vcf.gz"
[2] "/project2/mstephens/wcrouse/UKB_LDR_0.1"                                         
[3] "/project2/xinhe/shengqian/cTWAS/cTWAS_analysis/data/eqtl/Liver_mashr_lite.db"    
[4] "/project2/xinhe/shengqian/cTWAS/cTWAS_analysis/code/ctwas_config_b38.R"          
[5] "LDL_Liver_mashr_lite_expr"                                                       
[6] "LDL_Liver_mashr_lite_ctwas"                                                      
[7] "/project2/xinhe/shengqian/cTWAS/cTWAS_analysis/data/LDL/Liver_mashr_lite"        
2023-01-19 13:16:43 INFO::Reading weights for chromosome 1
2023-01-19 13:16:44 INFO::Current weight: /project2/xinhe/shengqian/cTWAS/cTWAS_analysis/data/eqtl/Liver_mashr_lite.db
2023-01-19 13:16:44 INFO::Number of genes with weights provided: 3941
2023-01-19 13:16:44 INFO::Collecting gene weight information ...
2023-01-19 13:17:47 INFO::Start gene z score imputation ...
2023-01-19 13:17:47 INFO::Using given LD matrices to impute gene z score.
2023-01-19 13:24:50 INFO::Imputation done, writing results to output...
2023-01-19 13:24:51 INFO::Imputation done: number of genes with imputed expression: 303 for chr 1
2023-01-19 13:24:51 INFO::Reading weights for chromosome 2
2023-01-19 13:24:51 INFO::Current weight: /project2/xinhe/shengqian/cTWAS/cTWAS_analysis/data/eqtl/Liver_mashr_lite.db
2023-01-19 13:24:51 INFO::Number of genes with weights provided: 3941
2023-01-19 13:24:51 INFO::Collecting gene weight information ...
2023-01-19 13:25:25 INFO::Start gene z score imputation ...
2023-01-19 13:25:25 INFO::Using given LD matrices to impute gene z score.
2023-01-19 13:31:48 INFO::Imputation done, writing results to output...
2023-01-19 13:31:48 INFO::Imputation done: number of genes with imputed expression: 212 for chr 2
2023-01-19 13:31:48 INFO::Reading weights for chromosome 3
2023-01-19 13:31:48 INFO::Current weight: /project2/xinhe/shengqian/cTWAS/cTWAS_analysis/data/eqtl/Liver_mashr_lite.db
2023-01-19 13:31:48 INFO::Number of genes with weights provided: 3941
2023-01-19 13:31:48 INFO::Collecting gene weight information ...
2023-01-19 13:32:11 INFO::Start gene z score imputation ...
2023-01-19 13:32:11 INFO::Using given LD matrices to impute gene z score.
2023-01-19 13:36:35 INFO::Imputation done, writing results to output...
2023-01-19 13:36:35 INFO::Imputation done: number of genes with imputed expression: 161 for chr 3
2023-01-19 13:36:36 INFO::Reading weights for chromosome 4
2023-01-19 13:36:36 INFO::Current weight: /project2/xinhe/shengqian/cTWAS/cTWAS_analysis/data/eqtl/Liver_mashr_lite.db
2023-01-19 13:36:36 INFO::Number of genes with weights provided: 3941
2023-01-19 13:36:36 INFO::Collecting gene weight information ...
2023-01-19 13:36:58 INFO::Start gene z score imputation ...
2023-01-19 13:36:58 INFO::Using given LD matrices to impute gene z score.
2023-01-19 13:41:46 INFO::Imputation done, writing results to output...
2023-01-19 13:41:46 INFO::Imputation done: number of genes with imputed expression: 125 for chr 4
2023-01-19 13:41:47 INFO::Reading weights for chromosome 5
2023-01-19 13:41:47 INFO::Current weight: /project2/xinhe/shengqian/cTWAS/cTWAS_analysis/data/eqtl/Liver_mashr_lite.db
2023-01-19 13:41:47 INFO::Number of genes with weights provided: 3941
2023-01-19 13:41:47 INFO::Collecting gene weight information ...
2023-01-19 13:42:14 INFO::Start gene z score imputation ...
2023-01-19 13:42:14 INFO::Using given LD matrices to impute gene z score.
2023-01-19 13:46:43 INFO::Imputation done, writing results to output...
2023-01-19 13:46:43 INFO::Imputation done: number of genes with imputed expression: 140 for chr 5
2023-01-19 13:46:44 INFO::Reading weights for chromosome 6
2023-01-19 13:46:44 INFO::Current weight: /project2/xinhe/shengqian/cTWAS/cTWAS_analysis/data/eqtl/Liver_mashr_lite.db
2023-01-19 13:46:44 INFO::Number of genes with weights provided: 3941
2023-01-19 13:46:44 INFO::Collecting gene weight information ...
2023-01-19 13:47:15 INFO::Start gene z score imputation ...
2023-01-19 13:47:15 INFO::Using given LD matrices to impute gene z score.
2023-01-19 13:52:28 INFO::Imputation done, writing results to output...
2023-01-19 13:52:28 INFO::Imputation done: number of genes with imputed expression: 200 for chr 6
2023-01-19 13:52:29 INFO::Reading weights for chromosome 7
2023-01-19 13:52:29 INFO::Current weight: /project2/xinhe/shengqian/cTWAS/cTWAS_analysis/data/eqtl/Liver_mashr_lite.db
2023-01-19 13:52:29 INFO::Number of genes with weights provided: 3941
2023-01-19 13:52:29 INFO::Collecting gene weight information ...
2023-01-19 13:52:57 INFO::Start gene z score imputation ...
2023-01-19 13:52:57 INFO::Using given LD matrices to impute gene z score.
2023-01-19 13:57:16 INFO::Imputation done, writing results to output...
2023-01-19 13:57:48 INFO::Imputation done: number of genes with imputed expression: 169 for chr 7
2023-01-19 13:57:49 INFO::Reading weights for chromosome 8
2023-01-19 13:57:49 INFO::Current weight: /project2/xinhe/shengqian/cTWAS/cTWAS_analysis/data/eqtl/Liver_mashr_lite.db
2023-01-19 13:57:49 INFO::Number of genes with weights provided: 3941
2023-01-19 13:57:49 INFO::Collecting gene weight information ...
2023-01-19 13:58:12 INFO::Start gene z score imputation ...
2023-01-19 13:58:12 INFO::Using given LD matrices to impute gene z score.
2023-01-19 14:02:35 INFO::Imputation done, writing results to output...
2023-01-19 14:02:35 INFO::Imputation done: number of genes with imputed expression: 111 for chr 8
2023-01-19 14:02:35 INFO::Reading weights for chromosome 9
2023-01-19 14:02:35 INFO::Current weight: /project2/xinhe/shengqian/cTWAS/cTWAS_analysis/data/eqtl/Liver_mashr_lite.db
2023-01-19 14:02:35 INFO::Number of genes with weights provided: 3941
2023-01-19 14:02:35 INFO::Collecting gene weight information ...
2023-01-19 14:02:59 INFO::Start gene z score imputation ...
2023-01-19 14:02:59 INFO::Using given LD matrices to impute gene z score.
2023-01-19 14:06:20 INFO::Imputation done, writing results to output...
2023-01-19 14:06:20 INFO::Imputation done: number of genes with imputed expression: 120 for chr 9
2023-01-19 14:06:20 INFO::Reading weights for chromosome 10
2023-01-19 14:06:21 INFO::Current weight: /project2/xinhe/shengqian/cTWAS/cTWAS_analysis/data/eqtl/Liver_mashr_lite.db
2023-01-19 14:06:21 INFO::Number of genes with weights provided: 3941
2023-01-19 14:06:21 INFO::Collecting gene weight information ...
2023-01-19 14:06:43 INFO::Start gene z score imputation ...
2023-01-19 14:06:43 INFO::Using given LD matrices to impute gene z score.
2023-01-19 14:10:37 INFO::Imputation done, writing results to output...
2023-01-19 14:10:37 INFO::Imputation done: number of genes with imputed expression: 118 for chr 10
2023-01-19 14:10:38 INFO::Reading weights for chromosome 11
2023-01-19 14:10:38 INFO::Current weight: /project2/xinhe/shengqian/cTWAS/cTWAS_analysis/data/eqtl/Liver_mashr_lite.db
2023-01-19 14:10:38 INFO::Number of genes with weights provided: 3941
2023-01-19 14:10:38 INFO::Collecting gene weight information ...
2023-01-19 14:11:09 INFO::Start gene z score imputation ...
2023-01-19 14:11:09 INFO::Using given LD matrices to impute gene z score.
2023-01-19 14:15:33 INFO::Imputation done, writing results to output...
2023-01-19 14:15:33 INFO::Imputation done: number of genes with imputed expression: 187 for chr 11
2023-01-19 14:15:33 INFO::Reading weights for chromosome 12
2023-01-19 14:15:33 INFO::Current weight: /project2/xinhe/shengqian/cTWAS/cTWAS_analysis/data/eqtl/Liver_mashr_lite.db
2023-01-19 14:15:33 INFO::Number of genes with weights provided: 3941
2023-01-19 14:15:33 INFO::Collecting gene weight information ...
2023-01-19 14:16:06 INFO::Start gene z score imputation ...
2023-01-19 14:16:06 INFO::Using given LD matrices to impute gene z score.
2023-01-19 14:20:32 INFO::Imputation done, writing results to output...
2023-01-19 14:20:32 INFO::Imputation done: number of genes with imputed expression: 178 for chr 12
2023-01-19 14:20:33 INFO::Reading weights for chromosome 13
2023-01-19 14:20:33 INFO::Current weight: /project2/xinhe/shengqian/cTWAS/cTWAS_analysis/data/eqtl/Liver_mashr_lite.db
2023-01-19 14:20:33 INFO::Number of genes with weights provided: 3941
2023-01-19 14:20:33 INFO::Collecting gene weight information ...
2023-01-19 14:20:49 INFO::Start gene z score imputation ...
2023-01-19 14:20:49 INFO::Using given LD matrices to impute gene z score.
2023-01-19 14:22:36 INFO::Imputation done, writing results to output...
2023-01-19 14:22:36 INFO::Imputation done: number of genes with imputed expression: 52 for chr 13
2023-01-19 14:22:37 INFO::Reading weights for chromosome 14
2023-01-19 14:22:37 INFO::Current weight: /project2/xinhe/shengqian/cTWAS/cTWAS_analysis/data/eqtl/Liver_mashr_lite.db
2023-01-19 14:22:37 INFO::Number of genes with weights provided: 3941
2023-01-19 14:22:37 INFO::Collecting gene weight information ...
2023-01-19 14:22:58 INFO::Start gene z score imputation ...
2023-01-19 14:22:58 INFO::Using given LD matrices to impute gene z score.
2023-01-19 14:25:24 INFO::Imputation done, writing results to output...
2023-01-19 14:25:24 INFO::Imputation done: number of genes with imputed expression: 100 for chr 14
2023-01-19 14:25:25 INFO::Reading weights for chromosome 15
2023-01-19 14:25:25 INFO::Current weight: /project2/xinhe/shengqian/cTWAS/cTWAS_analysis/data/eqtl/Liver_mashr_lite.db
2023-01-19 14:25:25 INFO::Number of genes with weights provided: 3941
2023-01-19 14:25:25 INFO::Collecting gene weight information ...
2023-01-19 14:25:47 INFO::Start gene z score imputation ...
2023-01-19 14:25:47 INFO::Using given LD matrices to impute gene z score.
2023-01-19 14:28:17 INFO::Imputation done, writing results to output...
2023-01-19 14:28:18 INFO::Imputation done: number of genes with imputed expression: 102 for chr 15
2023-01-19 14:28:18 INFO::Reading weights for chromosome 16
2023-01-19 14:28:18 INFO::Current weight: /project2/xinhe/shengqian/cTWAS/cTWAS_analysis/data/eqtl/Liver_mashr_lite.db
2023-01-19 14:28:18 INFO::Number of genes with weights provided: 3941
2023-01-19 14:28:18 INFO::Collecting gene weight information ...
2023-01-19 14:28:53 INFO::Start gene z score imputation ...
2023-01-19 14:28:53 INFO::Using given LD matrices to impute gene z score.
2023-01-19 14:31:48 INFO::Imputation done, writing results to output...
2023-01-19 14:31:48 INFO::Imputation done: number of genes with imputed expression: 172 for chr 16
2023-01-19 14:31:48 INFO::Reading weights for chromosome 17
2023-01-19 14:31:48 INFO::Current weight: /project2/xinhe/shengqian/cTWAS/cTWAS_analysis/data/eqtl/Liver_mashr_lite.db
2023-01-19 14:31:48 INFO::Number of genes with weights provided: 3941
2023-01-19 14:31:48 INFO::Collecting gene weight information ...
2023-01-19 14:32:27 INFO::Start gene z score imputation ...
2023-01-19 14:32:27 INFO::Using given LD matrices to impute gene z score.
2023-01-19 14:35:30 INFO::Imputation done, writing results to output...
2023-01-19 14:35:30 INFO::Imputation done: number of genes with imputed expression: 194 for chr 17
2023-01-19 14:35:31 INFO::Reading weights for chromosome 18
2023-01-19 14:35:31 INFO::Current weight: /project2/xinhe/shengqian/cTWAS/cTWAS_analysis/data/eqtl/Liver_mashr_lite.db
2023-01-19 14:35:31 INFO::Number of genes with weights provided: 3941
2023-01-19 14:35:31 INFO::Collecting gene weight information ...
2023-01-19 14:35:45 INFO::Start gene z score imputation ...
2023-01-19 14:35:45 INFO::Using given LD matrices to impute gene z score.
2023-01-19 14:37:48 INFO::Imputation done, writing results to output...
2023-01-19 14:37:48 INFO::Imputation done: number of genes with imputed expression: 47 for chr 18
2023-01-19 14:37:49 INFO::Reading weights for chromosome 19
2023-01-19 14:37:49 INFO::Current weight: /project2/xinhe/shengqian/cTWAS/cTWAS_analysis/data/eqtl/Liver_mashr_lite.db
2023-01-19 14:37:49 INFO::Number of genes with weights provided: 3941
2023-01-19 14:37:49 INFO::Collecting gene weight information ...
2023-01-19 14:38:33 INFO::Start gene z score imputation ...
2023-01-19 14:38:33 INFO::Using given LD matrices to impute gene z score.
2023-01-19 14:41:27 INFO::Imputation done, writing results to output...
2023-01-19 14:41:27 INFO::Imputation done: number of genes with imputed expression: 238 for chr 19
2023-01-19 14:41:27 INFO::Reading weights for chromosome 20
2023-01-19 14:41:27 INFO::Current weight: /project2/xinhe/shengqian/cTWAS/cTWAS_analysis/data/eqtl/Liver_mashr_lite.db
2023-01-19 14:41:27 INFO::Number of genes with weights provided: 3941
2023-01-19 14:41:27 INFO::Collecting gene weight information ...
2023-01-19 14:41:51 INFO::Start gene z score imputation ...
2023-01-19 14:41:51 INFO::Using given LD matrices to impute gene z score.
2023-01-19 14:43:54 INFO::Imputation done, writing results to output...
2023-01-19 14:43:54 INFO::Imputation done: number of genes with imputed expression: 91 for chr 20
2023-01-19 14:43:55 INFO::Reading weights for chromosome 21
2023-01-19 14:43:55 INFO::Current weight: /project2/xinhe/shengqian/cTWAS/cTWAS_analysis/data/eqtl/Liver_mashr_lite.db
2023-01-19 14:43:55 INFO::Number of genes with weights provided: 3941
2023-01-19 14:43:55 INFO::Collecting gene weight information ...
2023-01-19 14:44:10 INFO::Start gene z score imputation ...
2023-01-19 14:44:10 INFO::Using given LD matrices to impute gene z score.
2023-01-19 14:45:00 INFO::Imputation done, writing results to output...
2023-01-19 14:45:01 INFO::Imputation done: number of genes with imputed expression: 45 for chr 21
2023-01-19 14:45:01 INFO::Reading weights for chromosome 22
2023-01-19 14:45:01 INFO::Current weight: /project2/xinhe/shengqian/cTWAS/cTWAS_analysis/data/eqtl/Liver_mashr_lite.db
2023-01-19 14:45:01 INFO::Number of genes with weights provided: 3941
2023-01-19 14:45:01 INFO::Collecting gene weight information ...
2023-01-19 14:45:24 INFO::Start gene z score imputation ...
2023-01-19 14:45:24 INFO::Using given LD matrices to impute gene z score.
2023-01-19 14:46:42 INFO::Imputation done, writing results to output...
2023-01-19 14:46:42 INFO::Imputation done: number of genes with imputed expression: 94 for chr 22
2023-01-19 14:47:10 INFO::ctwas started ...
2023-01-19 14:47:22 INFO::LD region file: /home/shengqian/R/x86_64-pc-linux-gnu-library/4.1/ctwas/extdata/ldetect/EUR.b38.bed
2023-01-19 14:47:31 INFO::No. LD regions: 1700
2023-01-19 14:47:37 INFO::No. regions with at least one SNP/gene for chr1: 131
2023-01-19 14:47:37 INFO::Merge regions for chr1
2023-01-19 14:47:37 INFO::No. regions with at least one SNP/gene for chr1 after merging: 131
2023-01-19 14:47:43 INFO::No. regions with at least one SNP/gene for chr2: 144
2023-01-19 14:47:43 INFO::Merge regions for chr2
2023-01-19 14:47:43 INFO::No. regions with at least one SNP/gene for chr2 after merging: 144
2023-01-19 14:47:49 INFO::No. regions with at least one SNP/gene for chr3: 122
2023-01-19 14:47:49 INFO::Merge regions for chr3
2023-01-19 14:47:49 INFO::No. regions with at least one SNP/gene for chr3 after merging: 122
2023-01-19 14:47:53 INFO::No. regions with at least one SNP/gene for chr4: 122
2023-01-19 14:47:53 INFO::Merge regions for chr4
2023-01-19 14:47:53 INFO::No. regions with at least one SNP/gene for chr4 after merging: 122
2023-01-19 14:47:58 INFO::No. regions with at least one SNP/gene for chr5: 110
2023-01-19 14:47:58 INFO::Merge regions for chr5
2023-01-19 14:47:58 INFO::No. regions with at least one SNP/gene for chr5 after merging: 110
2023-01-19 14:48:02 INFO::No. regions with at least one SNP/gene for chr6: 112
2023-01-19 14:48:02 INFO::Merge regions for chr6
2023-01-19 14:48:02 INFO::No. regions with at least one SNP/gene for chr6 after merging: 112
2023-01-19 14:48:05 INFO::No. regions with at least one SNP/gene for chr7: 99
2023-01-19 14:48:05 INFO::Merge regions for chr7
2023-01-19 14:48:05 INFO::No. regions with at least one SNP/gene for chr7 after merging: 99
2023-01-19 14:48:09 INFO::No. regions with at least one SNP/gene for chr8: 94
2023-01-19 14:48:09 INFO::Merge regions for chr8
2023-01-19 14:48:09 INFO::No. regions with at least one SNP/gene for chr8 after merging: 94
2023-01-19 14:48:12 INFO::No. regions with at least one SNP/gene for chr9: 74
2023-01-19 14:48:12 INFO::Merge regions for chr9
2023-01-19 14:48:12 INFO::No. regions with at least one SNP/gene for chr9 after merging: 74
2023-01-19 14:48:15 INFO::No. regions with at least one SNP/gene for chr10: 85
2023-01-19 14:48:15 INFO::Merge regions for chr10
2023-01-19 14:48:15 INFO::No. regions with at least one SNP/gene for chr10 after merging: 85
2023-01-19 14:48:18 INFO::No. regions with at least one SNP/gene for chr11: 84
2023-01-19 14:48:18 INFO::Merge regions for chr11
2023-01-19 14:48:18 INFO::No. regions with at least one SNP/gene for chr11 after merging: 84
2023-01-19 14:48:21 INFO::No. regions with at least one SNP/gene for chr12: 82
2023-01-19 14:48:21 INFO::Merge regions for chr12
2023-01-19 14:48:21 INFO::No. regions with at least one SNP/gene for chr12 after merging: 82
2023-01-19 14:48:24 INFO::No. regions with at least one SNP/gene for chr13: 62
2023-01-19 14:48:24 INFO::Merge regions for chr13
2023-01-19 14:48:24 INFO::No. regions with at least one SNP/gene for chr13 after merging: 62
2023-01-19 14:48:26 INFO::No. regions with at least one SNP/gene for chr14: 56
2023-01-19 14:48:26 INFO::Merge regions for chr14
2023-01-19 14:48:26 INFO::No. regions with at least one SNP/gene for chr14 after merging: 56
2023-01-19 14:48:28 INFO::No. regions with at least one SNP/gene for chr15: 50
2023-01-19 14:48:28 INFO::Merge regions for chr15
2023-01-19 14:48:28 INFO::No. regions with at least one SNP/gene for chr15 after merging: 50
2023-01-19 14:48:30 INFO::No. regions with at least one SNP/gene for chr16: 54
2023-01-19 14:48:30 INFO::Merge regions for chr16
2023-01-19 14:48:30 INFO::No. regions with at least one SNP/gene for chr16 after merging: 54
2023-01-19 14:48:32 INFO::No. regions with at least one SNP/gene for chr17: 47
2023-01-19 14:48:32 INFO::Merge regions for chr17
2023-01-19 14:48:32 INFO::No. regions with at least one SNP/gene for chr17 after merging: 47
2023-01-19 14:48:34 INFO::No. regions with at least one SNP/gene for chr18: 47
2023-01-19 14:48:34 INFO::Merge regions for chr18
2023-01-19 14:48:34 INFO::No. regions with at least one SNP/gene for chr18 after merging: 47
2023-01-19 14:48:35 INFO::No. regions with at least one SNP/gene for chr19: 39
2023-01-19 14:48:35 INFO::Merge regions for chr19
2023-01-19 14:48:35 INFO::No. regions with at least one SNP/gene for chr19 after merging: 39
2023-01-19 14:48:37 INFO::No. regions with at least one SNP/gene for chr20: 38
2023-01-19 14:48:37 INFO::Merge regions for chr20
2023-01-19 14:48:37 INFO::No. regions with at least one SNP/gene for chr20 after merging: 38
2023-01-19 14:48:39 INFO::No. regions with at least one SNP/gene for chr21: 24
2023-01-19 14:48:39 INFO::Merge regions for chr21
2023-01-19 14:48:39 INFO::No. regions with at least one SNP/gene for chr21 after merging: 24
2023-01-19 14:48:40 INFO::No. regions with at least one SNP/gene for chr22: 24
2023-01-19 14:48:40 INFO::Merge regions for chr22
2023-01-19 14:48:40 INFO::No. regions with at least one SNP/gene for chr22 after merging: 24
2023-01-19 14:48:40 INFO::Trim regions with SNPs more than Inf
2023-01-19 14:48:40 INFO::Adding R matrix info, as genotype is not given
2023-01-19 14:48:40 INFO::Adding R matrix info for chrom 1
2023-01-19 14:57:41 INFO::Adding R matrix info for chrom 2
2023-01-19 15:07:21 INFO::Adding R matrix info for chrom 3
2023-01-19 15:17:10 INFO::Adding R matrix info for chrom 4
2023-01-19 15:25:47 INFO::Adding R matrix info for chrom 5
2023-01-19 15:33:31 INFO::Adding R matrix info for chrom 6
2023-01-19 15:41:31 INFO::Adding R matrix info for chrom 7
2023-01-19 15:48:36 INFO::Adding R matrix info for chrom 8
2023-01-19 15:54:55 INFO::Adding R matrix info for chrom 9
2023-01-19 16:00:45 INFO::Adding R matrix info for chrom 10
2023-01-19 16:06:58 INFO::Adding R matrix info for chrom 11
2023-01-19 16:13:17 INFO::Adding R matrix info for chrom 12
2023-01-19 16:19:16 INFO::Adding R matrix info for chrom 13
2023-01-19 16:23:40 INFO::Adding R matrix info for chrom 14
2023-01-19 16:27:18 INFO::Adding R matrix info for chrom 15
2023-01-19 16:30:25 INFO::Adding R matrix info for chrom 16
2023-01-19 16:34:47 INFO::Adding R matrix info for chrom 17
2023-01-19 16:38:52 INFO::Adding R matrix info for chrom 18
2023-01-19 16:42:43 INFO::Adding R matrix info for chrom 19
2023-01-19 16:45:52 INFO::Adding R matrix info for chrom 20
2023-01-19 16:48:37 INFO::Adding R matrix info for chrom 21
2023-01-19 16:50:11 INFO::Adding R matrix info for chrom 22
2023-01-19 16:51:37 INFO::Run susie iteratively, getting rough estimate ...
2023-01-19 16:51:37 INFO::run iteration 1
starting worker pid=42776 on localhost:11151 at 16:51:38.981
starting worker pid=42778 on localhost:11151 at 16:51:38.982
starting worker pid=42779 on localhost:11151 at 16:51:38.982
starting worker pid=42777 on localhost:11151 at 16:51:38.982
starting worker pid=42772 on localhost:11151 at 16:51:38.984
starting worker pid=42774 on localhost:11151 at 16:51:38.984
starting worker pid=42775 on localhost:11151 at 16:51:38.984
starting worker pid=42781 on localhost:11151 at 16:51:38.985
starting worker pid=42780 on localhost:11151 at 16:51:38.985
starting worker pid=42773 on localhost:11151 at 16:51:38.985
2023-01-19 17:08:45 INFO::After iteration 1, priors {SNP,gene}: {0.0019295087111712,0.00695899152986741}
2023-01-19 17:08:46 INFO::run iteration 2
starting worker pid=43736 on localhost:11151 at 17:08:47.377
starting worker pid=43731 on localhost:11151 at 17:08:47.377
starting worker pid=43739 on localhost:11151 at 17:08:47.377
starting worker pid=43733 on localhost:11151 at 17:08:47.377
starting worker pid=43734 on localhost:11151 at 17:08:47.377
starting worker pid=43735 on localhost:11151 at 17:08:47.377
starting worker pid=43738 on localhost:11151 at 17:08:47.377
starting worker pid=43737 on localhost:11151 at 17:08:47.377
starting worker pid=43730 on localhost:11151 at 17:08:47.377
starting worker pid=43732 on localhost:11151 at 17:08:47.377
2023-01-19 17:26:27 INFO::After iteration 2, priors {SNP,gene}: {0.00161458686804386,0.010275223162684}
2023-01-19 17:26:27 INFO::run iteration 3
starting worker pid=44713 on localhost:11151 at 17:26:28.520
starting worker pid=44720 on localhost:11151 at 17:26:28.520
starting worker pid=44714 on localhost:11151 at 17:26:28.520
starting worker pid=44718 on localhost:11151 at 17:26:28.520
starting worker pid=44722 on localhost:11151 at 17:26:28.520
starting worker pid=44715 on localhost:11151 at 17:26:28.520
starting worker pid=44717 on localhost:11151 at 17:26:28.520
starting worker pid=44719 on localhost:11151 at 17:26:28.520
starting worker pid=44721 on localhost:11151 at 17:26:28.520
starting worker pid=44716 on localhost:11151 at 17:26:28.520
2023-01-19 17:43:50 INFO::After iteration 3, priors {SNP,gene}: {0.00146553109404999,0.013078632390665}
2023-01-19 18:00:06 INFO::Blocks are filtered: 1005 blocks left
2023-01-19 18:00:06 INFO::Run susie iteratively, getting accurate estimate ...
2023-01-19 18:00:06 INFO::run iteration 1
starting worker pid=46468 on localhost:11151 at 18:00:07.291
starting worker pid=46475 on localhost:11151 at 18:00:07.291
starting worker pid=46469 on localhost:11151 at 18:00:07.291
starting worker pid=46473 on localhost:11151 at 18:00:07.292
starting worker pid=46474 on localhost:11151 at 18:00:07.293
starting worker pid=46470 on localhost:11151 at 18:00:07.293
starting worker pid=46472 on localhost:11151 at 18:00:07.294
starting worker pid=46476 on localhost:11151 at 18:00:07.294
starting worker pid=46477 on localhost:11151 at 18:00:07.294
starting worker pid=46471 on localhost:11151 at 18:00:07.296
2023-01-19 18:11:26 INFO::After iteration 1, priors {SNP,gene}: {0.00144468848661338,0.013599661357571}
2023-01-19 18:11:26 INFO::run iteration 2
starting worker pid=47150 on localhost:11151 at 18:11:27.089
starting worker pid=47147 on localhost:11151 at 18:11:27.089
starting worker pid=47142 on localhost:11151 at 18:11:27.090
starting worker pid=47141 on localhost:11151 at 18:11:27.090
starting worker pid=47151 on localhost:11151 at 18:11:27.090
starting worker pid=47145 on localhost:11151 at 18:11:27.090
starting worker pid=47143 on localhost:11151 at 18:11:27.090
starting worker pid=47153 on localhost:11151 at 18:11:27.090
starting worker pid=47148 on localhost:11151 at 18:11:27.090
starting worker pid=47149 on localhost:11151 at 18:11:27.091
2023-01-19 18:22:45 INFO::After iteration 2, priors {SNP,gene}: {0.00146374339594945,0.0150941386579388}
2023-01-19 18:22:46 INFO::run iteration 3
starting worker pid=47821 on localhost:11151 at 18:22:47.456
starting worker pid=47825 on localhost:11151 at 18:22:47.460
starting worker pid=47819 on localhost:11151 at 18:22:47.462
starting worker pid=47824 on localhost:11151 at 18:22:47.462
starting worker pid=47827 on localhost:11151 at 18:22:47.463
starting worker pid=47828 on localhost:11151 at 18:22:47.467
starting worker pid=47817 on localhost:11151 at 18:22:47.471
starting worker pid=47820 on localhost:11151 at 18:22:47.471
starting worker pid=47822 on localhost:11151 at 18:22:47.485
starting worker pid=47826 on localhost:11151 at 18:22:47.485
2023-01-19 18:34:06 INFO::After iteration 3, priors {SNP,gene}: {0.00148660851258411,0.0161930746211496}
2023-01-19 18:34:07 INFO::run iteration 4
starting worker pid=48507 on localhost:11151 at 18:34:07.706
starting worker pid=48508 on localhost:11151 at 18:34:07.706
starting worker pid=48505 on localhost:11151 at 18:34:07.707
starting worker pid=48513 on localhost:11151 at 18:34:07.707
starting worker pid=48509 on localhost:11151 at 18:34:07.707
starting worker pid=48504 on localhost:11151 at 18:34:07.707
starting worker pid=48512 on localhost:11151 at 18:34:07.707
starting worker pid=48511 on localhost:11151 at 18:34:07.708
starting worker pid=48506 on localhost:11151 at 18:34:07.708
starting worker pid=48510 on localhost:11151 at 18:34:07.708
2023-01-19 18:45:33 INFO::After iteration 4, priors {SNP,gene}: {0.00150865609465695,0.016982370116391}
2023-01-19 18:45:33 INFO::run iteration 5
starting worker pid=49192 on localhost:11151 at 18:45:34.605
starting worker pid=49188 on localhost:11151 at 18:45:34.605
starting worker pid=49194 on localhost:11151 at 18:45:34.605
starting worker pid=49197 on localhost:11151 at 18:45:34.605
starting worker pid=49189 on localhost:11151 at 18:45:34.605
starting worker pid=49191 on localhost:11151 at 18:45:34.605
starting worker pid=49190 on localhost:11151 at 18:45:34.605
starting worker pid=49196 on localhost:11151 at 18:45:34.605
starting worker pid=49195 on localhost:11151 at 18:45:34.606
starting worker pid=49193 on localhost:11151 at 18:45:34.606
2023-01-19 18:57:03 INFO::After iteration 5, priors {SNP,gene}: {0.00152935985215898,0.0175386310310534}
2023-01-19 18:57:03 INFO::run iteration 6
starting worker pid=49881 on localhost:11151 at 18:57:03.862
starting worker pid=49878 on localhost:11151 at 18:57:03.862
starting worker pid=49880 on localhost:11151 at 18:57:03.862
starting worker pid=49877 on localhost:11151 at 18:57:03.863
starting worker pid=49873 on localhost:11151 at 18:57:03.863
starting worker pid=49879 on localhost:11151 at 18:57:03.863
starting worker pid=49872 on localhost:11151 at 18:57:03.863
starting worker pid=49875 on localhost:11151 at 18:57:03.877
starting worker pid=49876 on localhost:11151 at 18:57:03.877
starting worker pid=49874 on localhost:11151 at 18:57:03.885
2023-01-19 19:08:05 INFO::After iteration 6, priors {SNP,gene}: {0.00154879126730696,0.0179197536711179}
2023-01-19 19:08:06 INFO::run iteration 7
starting worker pid=50537 on localhost:11151 at 19:08:06.792
starting worker pid=50535 on localhost:11151 at 19:08:06.793
starting worker pid=50534 on localhost:11151 at 19:08:06.793
starting worker pid=50531 on localhost:11151 at 19:08:06.793
starting worker pid=50536 on localhost:11151 at 19:08:06.794
starting worker pid=50539 on localhost:11151 at 19:08:06.794
starting worker pid=50538 on localhost:11151 at 19:08:06.794
starting worker pid=50541 on localhost:11151 at 19:08:06.794
starting worker pid=50532 on localhost:11151 at 19:08:06.794
starting worker pid=50540 on localhost:11151 at 19:08:06.794
2023-01-19 19:19:32 INFO::After iteration 7, priors {SNP,gene}: {0.00156708683372018,0.018170508432089}
2023-01-19 19:19:33 INFO::run iteration 8
starting worker pid=51228 on localhost:11151 at 19:19:33.673
starting worker pid=51225 on localhost:11151 at 19:19:33.674
starting worker pid=51222 on localhost:11151 at 19:19:33.674
starting worker pid=51224 on localhost:11151 at 19:19:33.674
starting worker pid=51229 on localhost:11151 at 19:19:33.674
starting worker pid=51221 on localhost:11151 at 19:19:33.674
starting worker pid=51223 on localhost:11151 at 19:19:33.674
starting worker pid=51227 on localhost:11151 at 19:19:33.674
starting worker pid=51220 on localhost:11151 at 19:19:33.674
starting worker pid=51226 on localhost:11151 at 19:19:33.674
2023-01-19 19:30:39 INFO::After iteration 8, priors {SNP,gene}: {0.00158437015526766,0.0183253142922874}
2023-01-19 19:30:39 INFO::run iteration 9
starting worker pid=51897 on localhost:11151 at 19:30:40.096
starting worker pid=51894 on localhost:11151 at 19:30:40.096
starting worker pid=51892 on localhost:11151 at 19:30:40.097
starting worker pid=51896 on localhost:11151 at 19:30:40.097
starting worker pid=51895 on localhost:11151 at 19:30:40.097
starting worker pid=51889 on localhost:11151 at 19:30:40.097
starting worker pid=51893 on localhost:11151 at 19:30:40.097
starting worker pid=51891 on localhost:11151 at 19:30:40.097
starting worker pid=51898 on localhost:11151 at 19:30:40.097
starting worker pid=51890 on localhost:11151 at 19:30:40.098
2023-01-19 19:41:49 INFO::After iteration 9, priors {SNP,gene}: {0.00160074519367247,0.0184103140050206}
2023-01-19 19:41:49 INFO::run iteration 10
starting worker pid=52598 on localhost:11151 at 19:41:50.341
starting worker pid=52603 on localhost:11151 at 19:41:50.341
starting worker pid=52594 on localhost:11151 at 19:41:50.342
starting worker pid=52602 on localhost:11151 at 19:41:50.342
starting worker pid=52596 on localhost:11151 at 19:41:50.342
starting worker pid=52593 on localhost:11151 at 19:41:50.343
starting worker pid=52600 on localhost:11151 at 19:41:50.343
starting worker pid=52597 on localhost:11151 at 19:41:50.343
starting worker pid=52595 on localhost:11151 at 19:41:50.343
starting worker pid=52601 on localhost:11151 at 19:41:50.343
2023-01-19 19:53:06 INFO::After iteration 10, priors {SNP,gene}: {0.00161629943171635,0.0184451453576147}
2023-01-19 19:53:07 INFO::run iteration 11
starting worker pid=53269 on localhost:11151 at 19:53:07.949
starting worker pid=53273 on localhost:11151 at 19:53:07.949
starting worker pid=53276 on localhost:11151 at 19:53:07.951
starting worker pid=53274 on localhost:11151 at 19:53:07.951
starting worker pid=53278 on localhost:11151 at 19:53:07.951
starting worker pid=53275 on localhost:11151 at 19:53:07.951
starting worker pid=53270 on localhost:11151 at 19:53:07.951
starting worker pid=53272 on localhost:11151 at 19:53:07.951
starting worker pid=53277 on localhost:11151 at 19:53:07.951
starting worker pid=53271 on localhost:11151 at 19:53:07.951
2023-01-19 20:04:21 INFO::After iteration 11, priors {SNP,gene}: {0.00163110742718642,0.0184444242141225}
2023-01-19 20:04:22 INFO::run iteration 12
starting worker pid=53940 on localhost:11151 at 20:04:22.810
starting worker pid=53939 on localhost:11151 at 20:04:22.810
starting worker pid=53936 on localhost:11151 at 20:04:22.810
starting worker pid=53943 on localhost:11151 at 20:04:22.810
starting worker pid=53935 on localhost:11151 at 20:04:22.810
starting worker pid=53938 on localhost:11151 at 20:04:22.810
starting worker pid=53945 on localhost:11151 at 20:04:22.811
starting worker pid=53937 on localhost:11151 at 20:04:22.811
starting worker pid=53942 on localhost:11151 at 20:04:22.811
starting worker pid=53941 on localhost:11151 at 20:04:22.811
2023-01-19 20:15:42 INFO::After iteration 12, priors {SNP,gene}: {0.00164523357313488,0.0184189430701867}
2023-01-19 20:15:42 INFO::run iteration 13
starting worker pid=54623 on localhost:11151 at 20:15:43.071
starting worker pid=54624 on localhost:11151 at 20:15:43.071
starting worker pid=54628 on localhost:11151 at 20:15:43.072
starting worker pid=54626 on localhost:11151 at 20:15:43.072
starting worker pid=54629 on localhost:11151 at 20:15:43.072
starting worker pid=54622 on localhost:11151 at 20:15:43.072
starting worker pid=54627 on localhost:11151 at 20:15:43.072
starting worker pid=54620 on localhost:11151 at 20:15:43.072
starting worker pid=54625 on localhost:11151 at 20:15:43.072
starting worker pid=54621 on localhost:11151 at 20:15:43.072
2023-01-19 20:27:10 INFO::After iteration 13, priors {SNP,gene}: {0.00165873413812982,0.0183766135990222}
2023-01-19 20:27:10 INFO::run iteration 14
starting worker pid=55308 on localhost:11151 at 20:27:11.196
starting worker pid=55303 on localhost:11151 at 20:27:11.197
starting worker pid=55310 on localhost:11151 at 20:27:11.197
starting worker pid=55305 on localhost:11151 at 20:27:11.197
starting worker pid=55304 on localhost:11151 at 20:27:11.197
starting worker pid=55306 on localhost:11151 at 20:27:11.197
starting worker pid=55309 on localhost:11151 at 20:27:11.197
starting worker pid=55312 on localhost:11151 at 20:27:11.200
starting worker pid=55311 on localhost:11151 at 20:27:11.215
starting worker pid=55307 on localhost:11151 at 20:27:11.221
2023-01-19 20:38:34 INFO::After iteration 14, priors {SNP,gene}: {0.00167165878025779,0.0183231938975993}
2023-01-19 20:38:35 INFO::run iteration 15
starting worker pid=55990 on localhost:11151 at 20:38:35.543
starting worker pid=55987 on localhost:11151 at 20:38:35.544
starting worker pid=55993 on localhost:11151 at 20:38:35.544
starting worker pid=55991 on localhost:11151 at 20:38:35.544
starting worker pid=55989 on localhost:11151 at 20:38:35.544
starting worker pid=55995 on localhost:11151 at 20:38:35.544
starting worker pid=55996 on localhost:11151 at 20:38:35.546
starting worker pid=55994 on localhost:11151 at 20:38:35.551
starting worker pid=55992 on localhost:11151 at 20:38:35.558
starting worker pid=55988 on localhost:11151 at 20:38:35.570
2023-01-19 20:49:44 INFO::After iteration 15, priors {SNP,gene}: {0.0016840516886064,0.0182628422260587}
2023-01-19 20:49:44 INFO::run iteration 16
starting worker pid=56656 on localhost:11151 at 20:49:45.117
starting worker pid=56657 on localhost:11151 at 20:49:45.117
starting worker pid=56662 on localhost:11151 at 20:49:45.117
starting worker pid=56664 on localhost:11151 at 20:49:45.118
starting worker pid=56661 on localhost:11151 at 20:49:45.118
starting worker pid=56663 on localhost:11151 at 20:49:45.118
starting worker pid=56660 on localhost:11151 at 20:49:45.117
starting worker pid=56658 on localhost:11151 at 20:49:45.118
starting worker pid=56665 on localhost:11151 at 20:49:45.119
starting worker pid=56659 on localhost:11151 at 20:49:45.151
2023-01-19 21:00:55 INFO::After iteration 16, priors {SNP,gene}: {0.00169595245978496,0.0181985346685944}
2023-01-19 21:00:55 INFO::run iteration 17
starting worker pid=57333 on localhost:11151 at 21:00:56.055
starting worker pid=57324 on localhost:11151 at 21:00:56.055
starting worker pid=57334 on localhost:11151 at 21:00:56.055
starting worker pid=57325 on localhost:11151 at 21:00:56.055
starting worker pid=57329 on localhost:11151 at 21:00:56.060
starting worker pid=57331 on localhost:11151 at 21:00:56.061
starting worker pid=57330 on localhost:11151 at 21:00:56.064
starting worker pid=57328 on localhost:11151 at 21:00:56.067
starting worker pid=57326 on localhost:11151 at 21:00:56.078
starting worker pid=57327 on localhost:11151 at 21:00:56.083
2023-01-19 21:12:29 INFO::After iteration 17, priors {SNP,gene}: {0.00170739678338095,0.0181323779664734}
2023-01-19 21:12:29 INFO::run iteration 18
starting worker pid=1054 on localhost:11151 at 21:12:30.123
starting worker pid=1051 on localhost:11151 at 21:12:30.123
starting worker pid=1046 on localhost:11151 at 21:12:30.124
starting worker pid=1053 on localhost:11151 at 21:12:30.124
starting worker pid=1050 on localhost:11151 at 21:12:30.124
starting worker pid=1049 on localhost:11151 at 21:12:30.124
starting worker pid=1048 on localhost:11151 at 21:12:30.124
starting worker pid=1045 on localhost:11151 at 21:12:30.128
starting worker pid=1052 on localhost:11151 at 21:12:30.130
starting worker pid=1047 on localhost:11151 at 21:12:30.160
2023-01-19 21:23:48 INFO::After iteration 18, priors {SNP,gene}: {0.00171841698742858,0.018065842580374}
2023-01-19 21:23:48 INFO::run iteration 19
starting worker pid=1762 on localhost:11151 at 21:23:49.299
starting worker pid=1769 on localhost:11151 at 21:23:49.299
starting worker pid=1772 on localhost:11151 at 21:23:49.300
starting worker pid=1768 on localhost:11151 at 21:23:49.300
starting worker pid=1764 on localhost:11151 at 21:23:49.300
starting worker pid=1767 on localhost:11151 at 21:23:49.300
starting worker pid=1773 on localhost:11151 at 21:23:49.300
starting worker pid=1770 on localhost:11151 at 21:23:49.300
starting worker pid=1763 on localhost:11151 at 21:23:49.300
starting worker pid=1765 on localhost:11151 at 21:23:49.314
2023-01-19 21:35:05 INFO::After iteration 19, priors {SNP,gene}: {0.00172904247962023,0.0179999355723575}
2023-01-19 21:35:05 INFO::run iteration 20
starting worker pid=2446 on localhost:11151 at 21:35:06.472
starting worker pid=2447 on localhost:11151 at 21:35:06.472
starting worker pid=2448 on localhost:11151 at 21:35:06.473
starting worker pid=2449 on localhost:11151 at 21:35:06.473
starting worker pid=2452 on localhost:11151 at 21:35:06.473
starting worker pid=2450 on localhost:11151 at 21:35:06.473
starting worker pid=2444 on localhost:11151 at 21:35:06.473
starting worker pid=2445 on localhost:11151 at 21:35:06.473
starting worker pid=2451 on localhost:11151 at 21:35:06.481
starting worker pid=2443 on localhost:11151 at 21:35:06.486
2023-01-19 21:46:34 INFO::After iteration 20, priors {SNP,gene}: {0.00173930010959555,0.0179353283718042}
2023-01-19 21:46:34 INFO::run iteration 21
starting worker pid=3132 on localhost:11151 at 21:46:35.239
starting worker pid=3136 on localhost:11151 at 21:46:35.239
starting worker pid=3138 on localhost:11151 at 21:46:35.239
starting worker pid=3139 on localhost:11151 at 21:46:35.239
starting worker pid=3135 on localhost:11151 at 21:46:35.239
starting worker pid=3137 on localhost:11151 at 21:46:35.239
starting worker pid=3133 on localhost:11151 at 21:46:35.239
starting worker pid=3134 on localhost:11151 at 21:46:35.239
starting worker pid=3130 on localhost:11151 at 21:46:35.239
starting worker pid=3131 on localhost:11151 at 21:46:35.239
2023-01-19 21:57:54 INFO::After iteration 21, priors {SNP,gene}: {0.00174921447052041,0.0178724508789916}
2023-01-19 21:57:55 INFO::run iteration 22
starting worker pid=3809 on localhost:11151 at 21:57:55.705
starting worker pid=3815 on localhost:11151 at 21:57:55.717
starting worker pid=3814 on localhost:11151 at 21:57:55.719
starting worker pid=3816 on localhost:11151 at 21:57:55.719
starting worker pid=3812 on localhost:11151 at 21:57:55.726
starting worker pid=3817 on localhost:11151 at 21:57:55.731
starting worker pid=3813 on localhost:11151 at 21:57:55.733
starting worker pid=3810 on localhost:11151 at 21:57:55.734
starting worker pid=3818 on localhost:11151 at 21:57:55.744
starting worker pid=3811 on localhost:11151 at 21:57:55.757
2023-01-19 22:09:27 INFO::After iteration 22, priors {SNP,gene}: {0.00175880815322969,0.0178115605456848}
2023-01-19 22:09:27 INFO::run iteration 23
starting worker pid=4503 on localhost:11151 at 22:09:28.017
starting worker pid=4498 on localhost:11151 at 22:09:28.017
starting worker pid=4499 on localhost:11151 at 22:09:28.018
starting worker pid=4500 on localhost:11151 at 22:09:28.018
starting worker pid=4495 on localhost:11151 at 22:09:28.018
starting worker pid=4501 on localhost:11151 at 22:09:28.018
starting worker pid=4502 on localhost:11151 at 22:09:28.018
starting worker pid=4496 on localhost:11151 at 22:09:28.018
starting worker pid=4497 on localhost:11151 at 22:09:28.018
starting worker pid=4504 on localhost:11151 at 22:09:28.029
2023-01-19 22:20:54 INFO::After iteration 23, priors {SNP,gene}: {0.00176810162458612,0.017752792021227}
2023-01-19 22:20:54 INFO::run iteration 24
starting worker pid=5180 on localhost:11151 at 22:20:54.957
starting worker pid=5187 on localhost:11151 at 22:20:54.958
starting worker pid=5184 on localhost:11151 at 22:20:54.958
starting worker pid=5179 on localhost:11151 at 22:20:54.958
starting worker pid=5186 on localhost:11151 at 22:20:54.958
starting worker pid=5188 on localhost:11151 at 22:20:54.958
starting worker pid=5183 on localhost:11151 at 22:20:54.958
starting worker pid=5182 on localhost:11151 at 22:20:54.958
starting worker pid=5181 on localhost:11151 at 22:20:54.958
starting worker pid=5185 on localhost:11151 at 22:20:54.958
2023-01-19 22:32:21 INFO::After iteration 24, priors {SNP,gene}: {0.00177710527969548,0.0176961681860823}
2023-01-19 22:32:21 INFO::run iteration 25
starting worker pid=6031 on localhost:11151 at 22:32:21.896
starting worker pid=6033 on localhost:11151 at 22:32:21.898
starting worker pid=6018 on localhost:11151 at 22:32:21.898
starting worker pid=6011 on localhost:11151 at 22:32:21.898
starting worker pid=6010 on localhost:11151 at 22:32:21.898
starting worker pid=6027 on localhost:11151 at 22:32:21.898
starting worker pid=6016 on localhost:11151 at 22:32:21.898
starting worker pid=6014 on localhost:11151 at 22:32:21.898
starting worker pid=6022 on localhost:11151 at 22:32:21.898
starting worker pid=6015 on localhost:11151 at 22:32:21.902
2023-01-19 22:43:45 INFO::After iteration 25, priors {SNP,gene}: {0.00178581332526753,0.0176413593853972}
2023-01-19 22:43:45 INFO::run iteration 26
starting worker pid=6743 on localhost:11151 at 22:43:46.239
starting worker pid=6744 on localhost:11151 at 22:43:46.239
starting worker pid=6745 on localhost:11151 at 22:43:46.239
starting worker pid=6741 on localhost:11151 at 22:43:46.239
starting worker pid=6748 on localhost:11151 at 22:43:46.239
starting worker pid=6740 on localhost:11151 at 22:43:46.239
starting worker pid=6739 on localhost:11151 at 22:43:46.239
starting worker pid=6742 on localhost:11151 at 22:43:46.240
starting worker pid=6747 on localhost:11151 at 22:43:46.240
starting worker pid=6746 on localhost:11151 at 22:43:46.240
2023-01-19 22:55:13 INFO::After iteration 26, priors {SNP,gene}: {0.00179414060242197,0.0175879884494305}
2023-01-19 22:55:14 INFO::run iteration 27
starting worker pid=7437 on localhost:11151 at 22:55:14.761
starting worker pid=7444 on localhost:11151 at 22:55:14.761
starting worker pid=7438 on localhost:11151 at 22:55:14.761
starting worker pid=7442 on localhost:11151 at 22:55:14.761
starting worker pid=7440 on localhost:11151 at 22:55:14.761
starting worker pid=7446 on localhost:11151 at 22:55:14.761
starting worker pid=7439 on localhost:11151 at 22:55:14.761
starting worker pid=7445 on localhost:11151 at 22:55:14.761
starting worker pid=7443 on localhost:11151 at 22:55:14.776
starting worker pid=7441 on localhost:11151 at 22:55:14.776
2023-01-19 23:06:41 INFO::After iteration 27, priors {SNP,gene}: {0.00180202314000775,0.0175356990418445}
2023-01-19 23:06:42 INFO::run iteration 28
starting worker pid=8129 on localhost:11151 at 23:06:42.734
starting worker pid=8121 on localhost:11151 at 23:06:42.734
starting worker pid=8122 on localhost:11151 at 23:06:42.734
starting worker pid=8130 on localhost:11151 at 23:06:42.734
starting worker pid=8127 on localhost:11151 at 23:06:42.736
starting worker pid=8123 on localhost:11151 at 23:06:42.738
starting worker pid=8125 on localhost:11151 at 23:06:42.740
starting worker pid=8126 on localhost:11151 at 23:06:42.740
starting worker pid=8124 on localhost:11151 at 23:06:42.747
starting worker pid=8128 on localhost:11151 at 23:06:42.750
2023-01-19 23:18:10 INFO::After iteration 28, priors {SNP,gene}: {0.00180939938780841,0.0174847152763599}
2023-01-19 23:18:10 INFO::run iteration 29
starting worker pid=8798 on localhost:11151 at 23:18:11.449
starting worker pid=8805 on localhost:11151 at 23:18:11.449
starting worker pid=8801 on localhost:11151 at 23:18:11.449
starting worker pid=8799 on localhost:11151 at 23:18:11.449
starting worker pid=8804 on localhost:11151 at 23:18:11.449
starting worker pid=8800 on localhost:11151 at 23:18:11.449
starting worker pid=8802 on localhost:11151 at 23:18:11.449
starting worker pid=8807 on localhost:11151 at 23:18:11.449
starting worker pid=8806 on localhost:11151 at 23:18:11.450
starting worker pid=8808 on localhost:11151 at 23:18:11.451
2023-01-19 23:29:41 INFO::After iteration 29, priors {SNP,gene}: {0.00181625937676037,0.0174354937355612}
2023-01-19 23:29:41 INFO::run iteration 30
starting worker pid=9505 on localhost:11151 at 23:29:42.086
starting worker pid=9506 on localhost:11151 at 23:29:42.087
starting worker pid=9504 on localhost:11151 at 23:29:42.087
starting worker pid=9503 on localhost:11151 at 23:29:42.087
starting worker pid=9507 on localhost:11151 at 23:29:42.087
starting worker pid=9510 on localhost:11151 at 23:29:42.087
starting worker pid=9508 on localhost:11151 at 23:29:42.087
starting worker pid=9509 on localhost:11151 at 23:29:42.087
starting worker pid=9502 on localhost:11151 at 23:29:42.087
starting worker pid=9511 on localhost:11151 at 23:29:42.087
2023-01-19 23:41:13 INFO::After iteration 30, priors {SNP,gene}: {0.00182256378591549,0.0173883425997067}
2023-01-19 23:41:13 INFO::Run susie for all regions.
2023-01-19 23:41:13 INFO::run iteration 1
starting worker pid=10225 on localhost:11151 at 23:41:14.230
starting worker pid=10219 on localhost:11151 at 23:41:14.230
starting worker pid=10217 on localhost:11151 at 23:41:14.230
starting worker pid=10224 on localhost:11151 at 23:41:14.230
starting worker pid=10218 on localhost:11151 at 23:41:14.230
starting worker pid=10220 on localhost:11151 at 23:41:14.230
starting worker pid=10216 on localhost:11151 at 23:41:14.230
starting worker pid=10222 on localhost:11151 at 23:41:14.230
starting worker pid=10226 on localhost:11151 at 23:41:14.230
starting worker pid=10221 on localhost:11151 at 23:41:14.230
2023-01-19 23:58:28 INFO::After iteration 1, priors {SNP,gene}: {0.00745637195342285,0.0472278247601011}
2023-01-19 23:58:29 INFO::No. LD regions: 1700
2023-01-19 23:58:36 INFO::No. regions with at least one SNP/gene for chr1: 131
2023-01-19 23:58:36 INFO::Merge regions for chr1
2023-01-19 23:58:36 INFO::No. regions with at least one SNP/gene for chr1 after merging: 131
2023-01-19 23:58:42 INFO::No. regions with at least one SNP/gene for chr2: 144
2023-01-19 23:58:42 INFO::Merge regions for chr2
2023-01-19 23:58:42 INFO::No. regions with at least one SNP/gene for chr2 after merging: 144
2023-01-19 23:58:48 INFO::No. regions with at least one SNP/gene for chr3: 122
2023-01-19 23:58:48 INFO::Merge regions for chr3
2023-01-19 23:58:48 INFO::No. regions with at least one SNP/gene for chr3 after merging: 122
2023-01-19 23:58:53 INFO::No. regions with at least one SNP/gene for chr4: 122
2023-01-19 23:58:53 INFO::Merge regions for chr4
2023-01-19 23:58:53 INFO::No. regions with at least one SNP/gene for chr4 after merging: 122
2023-01-19 23:58:58 INFO::No. regions with at least one SNP/gene for chr5: 110
2023-01-19 23:58:58 INFO::Merge regions for chr5
2023-01-19 23:58:58 INFO::No. regions with at least one SNP/gene for chr5 after merging: 110
2023-01-19 23:59:02 INFO::No. regions with at least one SNP/gene for chr6: 112
2023-01-19 23:59:02 INFO::Merge regions for chr6
2023-01-19 23:59:02 INFO::No. regions with at least one SNP/gene for chr6 after merging: 112
2023-01-19 23:59:05 INFO::No. regions with at least one SNP/gene for chr7: 99
2023-01-19 23:59:05 INFO::Merge regions for chr7
2023-01-19 23:59:05 INFO::No. regions with at least one SNP/gene for chr7 after merging: 99
2023-01-19 23:59:09 INFO::No. regions with at least one SNP/gene for chr8: 94
2023-01-19 23:59:09 INFO::Merge regions for chr8
2023-01-19 23:59:09 INFO::No. regions with at least one SNP/gene for chr8 after merging: 94
2023-01-19 23:59:11 INFO::No. regions with at least one SNP/gene for chr9: 74
2023-01-19 23:59:11 INFO::Merge regions for chr9
2023-01-19 23:59:11 INFO::No. regions with at least one SNP/gene for chr9 after merging: 74
2023-01-19 23:59:15 INFO::No. regions with at least one SNP/gene for chr10: 85
2023-01-19 23:59:15 INFO::Merge regions for chr10
2023-01-19 23:59:15 INFO::No. regions with at least one SNP/gene for chr10 after merging: 85
2023-01-19 23:59:19 INFO::No. regions with at least one SNP/gene for chr11: 84
2023-01-19 23:59:19 INFO::Merge regions for chr11
2023-01-19 23:59:19 INFO::No. regions with at least one SNP/gene for chr11 after merging: 84
2023-01-19 23:59:22 INFO::No. regions with at least one SNP/gene for chr12: 82
2023-01-19 23:59:22 INFO::Merge regions for chr12
2023-01-19 23:59:22 INFO::No. regions with at least one SNP/gene for chr12 after merging: 82
2023-01-19 23:59:25 INFO::No. regions with at least one SNP/gene for chr13: 62
2023-01-19 23:59:25 INFO::Merge regions for chr13
2023-01-19 23:59:25 INFO::No. regions with at least one SNP/gene for chr13 after merging: 62
2023-01-19 23:59:27 INFO::No. regions with at least one SNP/gene for chr14: 56
2023-01-19 23:59:27 INFO::Merge regions for chr14
2023-01-19 23:59:27 INFO::No. regions with at least one SNP/gene for chr14 after merging: 56
2023-01-19 23:59:29 INFO::No. regions with at least one SNP/gene for chr15: 50
2023-01-19 23:59:29 INFO::Merge regions for chr15
2023-01-19 23:59:29 INFO::No. regions with at least one SNP/gene for chr15 after merging: 50
2023-01-19 23:59:31 INFO::No. regions with at least one SNP/gene for chr16: 54
2023-01-19 23:59:31 INFO::Merge regions for chr16
2023-01-19 23:59:31 INFO::No. regions with at least one SNP/gene for chr16 after merging: 54
2023-01-19 23:59:33 INFO::No. regions with at least one SNP/gene for chr17: 47
2023-01-19 23:59:33 INFO::Merge regions for chr17
2023-01-19 23:59:33 INFO::No. regions with at least one SNP/gene for chr17 after merging: 47
2023-01-19 23:59:35 INFO::No. regions with at least one SNP/gene for chr18: 47
2023-01-19 23:59:35 INFO::Merge regions for chr18
2023-01-19 23:59:35 INFO::No. regions with at least one SNP/gene for chr18 after merging: 47
2023-01-19 23:59:38 INFO::No. regions with at least one SNP/gene for chr19: 39
2023-01-19 23:59:38 INFO::Merge regions for chr19
2023-01-19 23:59:38 INFO::No. regions with at least one SNP/gene for chr19 after merging: 39
2023-01-19 23:59:40 INFO::No. regions with at least one SNP/gene for chr20: 38
2023-01-19 23:59:40 INFO::Merge regions for chr20
2023-01-19 23:59:40 INFO::No. regions with at least one SNP/gene for chr20 after merging: 38
2023-01-19 23:59:41 INFO::No. regions with at least one SNP/gene for chr21: 24
2023-01-19 23:59:41 INFO::Merge regions for chr21
2023-01-19 23:59:41 INFO::No. regions with at least one SNP/gene for chr21 after merging: 24
2023-01-19 23:59:42 INFO::No. regions with at least one SNP/gene for chr22: 24
2023-01-19 23:59:42 INFO::Merge regions for chr22
2023-01-19 23:59:42 INFO::No. regions with at least one SNP/gene for chr22 after merging: 24
2023-01-19 23:59:42 INFO::Trim regions with SNPs more than 20000
2023-01-19 23:59:42 INFO::Adding R matrix info, as genotype is not given
2023-01-19 23:59:43 INFO::Adding R matrix info for chrom 1
2023-01-20 00:08:21 INFO::Adding R matrix info for chrom 2
2023-01-20 00:17:49 INFO::Adding R matrix info for chrom 3
2023-01-20 00:25:16 INFO::Adding R matrix info for chrom 4
2023-01-20 00:33:25 INFO::Adding R matrix info for chrom 5
2023-01-20 00:40:12 INFO::Adding R matrix info for chrom 6
2023-01-20 00:47:56 INFO::Adding R matrix info for chrom 7
2023-01-20 00:54:49 INFO::Adding R matrix info for chrom 8
2023-01-20 01:01:00 INFO::Adding R matrix info for chrom 9
2023-01-20 01:06:01 INFO::Adding R matrix info for chrom 10
2023-01-20 01:11:44 INFO::Adding R matrix info for chrom 11
2023-01-20 01:17:30 INFO::Adding R matrix info for chrom 12
2023-01-20 01:22:54 INFO::Adding R matrix info for chrom 13
2023-01-20 01:26:56 INFO::Adding R matrix info for chrom 14
2023-01-20 01:30:22 INFO::Adding R matrix info for chrom 15
2023-01-20 01:33:13 INFO::Adding R matrix info for chrom 16
2023-01-20 01:36:24 INFO::Adding R matrix info for chrom 17
2023-01-20 01:39:24 INFO::Adding R matrix info for chrom 18
2023-01-20 01:42:33 INFO::Adding R matrix info for chrom 19
2023-01-20 01:45:35 INFO::Adding R matrix info for chrom 20
2023-01-20 01:48:05 INFO::Adding R matrix info for chrom 21
2023-01-20 01:49:31 INFO::Adding R matrix info for chrom 22
2023-01-20 01:53:24 INFO::Number of regions that contain strong gene signals: 29
2023-01-20 01:53:24 INFO::Rerun susie for regions with strong gene signals using full SNPs.
2023-01-20 01:53:24 INFO::run iteration 1
starting worker pid=17057 on localhost:11151 at 01:53:25.642
2023-01-20 02:05:24 INFO::After iteration 1, priors {SNP,gene}: {0.000627150268669223,0.173239147661542}
$group_prior
         SNP         gene 
0.0001822564 0.0173883426 

$group_prior_var
     SNP     gene 
11.06846 52.97956 

R version 4.1.0 (2021-05-18)
Platform: x86_64-pc-linux-gnu (64-bit)
Running under: CentOS Linux 7 (Core)

Matrix products: default
BLAS/LAPACK: /software/openblas-0.3.13-el7-x86_64/lib/libopenblas_haswellp-r0.3.13.so

locale:
[1] C

attached base packages:
[1] stats     graphics  grDevices utils     datasets  methods   base     

other attached packages:
[1] data.table_1.14.6 ctwas_0.1.35     

loaded via a namespace (and not attached):
 [1] Rcpp_1.0.9        compiler_4.1.0    pillar_1.8.1      iterators_1.0.14 
 [5] tools_4.1.0       bit_4.0.5         RSQLite_2.2.19    memoise_2.0.1    
 [9] lifecycle_1.0.3   tibble_3.1.8      lattice_0.20-44   pkgconfig_2.0.3  
[13] rlang_1.0.6       Matrix_1.3-3      foreach_1.5.2     DBI_1.1.3        
[17] cli_3.4.1         parallel_4.1.0    fastmap_1.1.0     pgenlibr_0.3.2   
[21] vctrs_0.5.1       hms_1.1.2         bit64_4.0.5       grid_4.1.0       
[25] glue_1.6.2        R6_2.5.1          fansi_1.0.3       readr_2.1.3      
[29] tzdb_0.3.0        blob_1.2.3        magrittr_2.0.3    codetools_0.2-18 
[33] ellipsis_0.3.2    logging_0.10-108  utf8_1.2.2        doParallel_1.0.17
[37] cachem_1.0.6      crayon_1.5.2     
