Loading required package: ctwas
loaded ctwas and set parent environment
Loading required package: ctwas
loaded ctwas and set parent environment
Loading required package: ctwas
loaded ctwas and set parent environment
Loading required package: ctwas
loaded ctwas and set parent environment
Loading required package: ctwas
loaded ctwas and set parent environment
Loading required package: ctwas
loaded ctwas and set parent environment
Loading required package: ctwas
loaded ctwas and set parent environment
Loading required package: ctwas
loaded ctwas and set parent environment
Loading required package: ctwas
loaded ctwas and set parent environment
Loading required package: ctwas
loaded ctwas and set parent environment
Error in { : task 2 failed - "z contains infinite value"
Calls: ctwas_rss -> susieI_rss -> %dopar% -> <Anonymous>
Execution halted
Error in unserialize(node$con) : error reading from connection
Calls: <Anonymous> ... doTryCatch -> recvData -> recvData.SOCKnode -> unserialize
Error in unserialize(node$con) : error reading from connection
Calls: <Anonymous> ... doTryCatch -> recvData -> recvData.SOCKnode -> unserialize
Error in unserialize(node$con) : error reading from connection
Calls: <Anonymous> ... doTryCatch -> recvData -> recvData.SOCKnode -> unserialize
Error in unserialize(node$con) : error reading from connection
Calls: <Anonymous> ... doTryCatch -> recvData -> recvData.SOCKnode -> unserialize
Error in unserialize(node$con) : error reading from connection
Calls: <Anonymous> ... doTryCatch -> recvData -> recvData.SOCKnode -> unserialize
Error in unserialize(node$con) : error reading from connection
Calls: <Anonymous> ... doTryCatch -> recvData -> recvData.SOCKnode -> unserialize
Error in unserialize(node$con) : error reading from connection
Calls: <Anonymous> ... doTryCatch -> recvData -> recvData.SOCKnode -> unserialize
Error in unserialize(node$con) : error reading from connection
Calls: <Anonymous> ... doTryCatch -> recvData -> recvData.SOCKnode -> unserialize
Error in unserialize(node$con) : error reading from connection
Calls: <Anonymous> ... doTryCatch -> recvData -> recvData.SOCKnode -> unserialize
Execution halted
Error in unserialize(node$con) : error reading from connection
Calls: <Anonymous> ... doTryCatch -> recvData -> recvData.SOCKnode -> unserialize
Execution halted
Execution halted
Execution halted
Execution halted
Execution halted
Execution halted
Execution halted
Execution halted
Execution halted
