[1] "/project2/xinhe/shengqian/cTWAS/cTWAS_analysis/data/UKBB/ukb-d-30780_irnt.vcf.gz"
[2] "/project2/mstephens/wcrouse/UKB_LDR_0.1"                                         
[3] "/project2/compbio/predictdb/mashr_models/mashr_Liver.db"                         
[4] "/project2/xinhe/shengqian/cTWAS/cTWAS_analysis/code/ctwas_config_b38.R"          
[5] "LDL_Liver_expr"                                                                  
[6] "LDL_Liver_ctwas"                                                                 
[7] "/project2/xinhe/shengqian/cTWAS/cTWAS_analysis/data/LDL_merge/Liver_oldmergeoff" 
[1] "skip parameter estimation"
[1] "start fine mapping"
2023-11-27 21:17:58 INFO::ctwas started ...
2023-11-27 21:18:56 INFO::LD region file: /home/shengqian/R/x86_64-pc-linux-gnu-library/4.1/ctwas/extdata/ldetect/EUR.b38.bed
2023-11-27 21:19:11 INFO::No. LD regions: 1700
2023-11-27 21:19:21 INFO::No. regions with at least one SNP/gene for chr1: 131
2023-11-27 21:19:21 INFO::No. regions with at least one SNP/gene for chr1 after merging: 131
2023-11-27 21:19:34 INFO::No. regions with at least one SNP/gene for chr2: 144
2023-11-27 21:19:34 INFO::No. regions with at least one SNP/gene for chr2 after merging: 144
2023-11-27 21:19:44 INFO::No. regions with at least one SNP/gene for chr3: 122
2023-11-27 21:19:44 INFO::No. regions with at least one SNP/gene for chr3 after merging: 122
2023-11-27 21:19:53 INFO::No. regions with at least one SNP/gene for chr4: 122
2023-11-27 21:19:53 INFO::No. regions with at least one SNP/gene for chr4 after merging: 122
2023-11-27 21:19:58 INFO::No. regions with at least one SNP/gene for chr5: 110
2023-11-27 21:19:58 INFO::No. regions with at least one SNP/gene for chr5 after merging: 110
2023-11-27 21:20:03 INFO::No. regions with at least one SNP/gene for chr6: 112
2023-11-27 21:20:03 INFO::No. regions with at least one SNP/gene for chr6 after merging: 112
2023-11-27 21:20:08 INFO::No. regions with at least one SNP/gene for chr7: 99
2023-11-27 21:20:08 INFO::No. regions with at least one SNP/gene for chr7 after merging: 99
2023-11-27 21:20:11 INFO::No. regions with at least one SNP/gene for chr8: 94
2023-11-27 21:20:11 INFO::No. regions with at least one SNP/gene for chr8 after merging: 94
2023-11-27 21:20:15 INFO::No. regions with at least one SNP/gene for chr9: 74
2023-11-27 21:20:15 INFO::No. regions with at least one SNP/gene for chr9 after merging: 74
2023-11-27 21:20:20 INFO::No. regions with at least one SNP/gene for chr10: 85
2023-11-27 21:20:20 INFO::No. regions with at least one SNP/gene for chr10 after merging: 85
2023-11-27 21:20:24 INFO::No. regions with at least one SNP/gene for chr11: 84
2023-11-27 21:20:24 INFO::No. regions with at least one SNP/gene for chr11 after merging: 84
2023-11-27 21:20:27 INFO::No. regions with at least one SNP/gene for chr12: 82
2023-11-27 21:20:27 INFO::No. regions with at least one SNP/gene for chr12 after merging: 82
2023-11-27 21:20:29 INFO::No. regions with at least one SNP/gene for chr13: 62
2023-11-27 21:20:29 INFO::No. regions with at least one SNP/gene for chr13 after merging: 62
2023-11-27 21:20:32 INFO::No. regions with at least one SNP/gene for chr14: 56
2023-11-27 21:20:32 INFO::No. regions with at least one SNP/gene for chr14 after merging: 56
2023-11-27 21:20:34 INFO::No. regions with at least one SNP/gene for chr15: 50
2023-11-27 21:20:34 INFO::No. regions with at least one SNP/gene for chr15 after merging: 50
2023-11-27 21:20:36 INFO::No. regions with at least one SNP/gene for chr16: 54
2023-11-27 21:20:36 INFO::No. regions with at least one SNP/gene for chr16 after merging: 54
2023-11-27 21:20:38 INFO::No. regions with at least one SNP/gene for chr17: 47
2023-11-27 21:20:38 INFO::No. regions with at least one SNP/gene for chr17 after merging: 47
2023-11-27 21:20:40 INFO::No. regions with at least one SNP/gene for chr18: 47
2023-11-27 21:20:40 INFO::No. regions with at least one SNP/gene for chr18 after merging: 47
2023-11-27 21:20:42 INFO::No. regions with at least one SNP/gene for chr19: 39
2023-11-27 21:20:42 INFO::No. regions with at least one SNP/gene for chr19 after merging: 39
2023-11-27 21:20:45 INFO::No. regions with at least one SNP/gene for chr20: 38
2023-11-27 21:20:45 INFO::No. regions with at least one SNP/gene for chr20 after merging: 38
2023-11-27 21:20:46 INFO::No. regions with at least one SNP/gene for chr21: 24
2023-11-27 21:20:46 INFO::No. regions with at least one SNP/gene for chr21 after merging: 24
2023-11-27 21:20:47 INFO::No. regions with at least one SNP/gene for chr22: 24
2023-11-27 21:20:47 INFO::No. regions with at least one SNP/gene for chr22 after merging: 24
2023-11-27 21:20:47 INFO::Trim regions with SNPs more than Inf
2023-11-27 21:20:47 INFO::Adding R matrix info, as genotype is not given
starting worker pid=18539 on localhost:11987 at 21:20:49.544
starting worker pid=18541 on localhost:11987 at 21:20:49.550
starting worker pid=18540 on localhost:11987 at 21:20:49.555
starting worker pid=18537 on localhost:11987 at 21:20:49.560
starting worker pid=18538 on localhost:11987 at 21:20:49.561
2023-11-27 21:20:53 INFO::Adding R matrix info for chrom 14 (core 5)
2023-11-27 21:20:53 INFO::Adding R matrix info for chrom 10 (core 4)
2023-11-27 21:20:53 INFO::Adding R matrix info for chrom 3 (core 2)
2023-11-27 21:20:53 INFO::Adding R matrix info for chrom 1 (core 1)
2023-11-27 21:20:53 INFO::Adding R matrix info for chrom 6 (core 3)
2023-11-27 21:22:54 INFO::Adding R matrix info for chrom 15 (core 5)
2023-11-27 21:28:50 INFO::Adding R matrix info for chrom 7 (core 3)
2023-11-27 21:29:11 INFO::Adding R matrix info for chrom 16 (core 5)
2023-11-27 21:29:29 INFO::Adding R matrix info for chrom 4 (core 2)
2023-11-27 21:31:33 INFO::Adding R matrix info for chrom 11 (core 4)
2023-11-27 21:35:18 INFO::Adding R matrix info for chrom 17 (core 5)
2023-11-27 21:41:01 INFO::Adding R matrix info for chrom 2 (core 1)
2023-11-27 21:43:35 INFO::Adding R matrix info for chrom 18 (core 5)
2023-11-27 21:44:08 INFO::Adding R matrix info for chrom 12 (core 4)
2023-11-27 21:44:39 INFO::Adding R matrix info for chrom 8 (core 3)
2023-11-27 21:50:38 INFO::Adding R matrix info for chrom 19 (core 5)
2023-11-27 21:51:16 INFO::Adding R matrix info for chrom 5 (core 2)
2023-11-27 21:57:38 INFO::Adding R matrix info for chrom 13 (core 4)
2023-11-27 21:58:35 INFO::Adding R matrix info for chrom 20 (core 5)
2023-11-27 22:00:57 INFO::Adding R matrix info for chrom 9 (core 3)
2023-11-27 22:05:28 INFO::Adding R matrix info for chrom 21 (core 5)
2023-11-27 22:05:34 INFO::Adding R matrix info for chrom 3 (core 1)
2023-11-27 22:06:34 INFO::Adding R matrix info for chrom 14 (core 4)
2023-11-27 22:08:35 INFO::Adding R matrix info for chrom 22 (core 5)
2023-11-27 22:10:14 INFO::Adding R matrix info for chrom 6 (core 2)
2023-11-27 22:13:53 INFO::Adding R matrix info for chrom 10 (core 3)
2023-11-27 22:20:11 INFO::Run susie for all regions.
2023-11-27 22:20:11 INFO::run iteration 1
starting worker pid=23709 on localhost:11987 at 22:20:13.102
starting worker pid=23705 on localhost:11987 at 22:20:13.102
starting worker pid=23707 on localhost:11987 at 22:20:13.102
starting worker pid=23708 on localhost:11987 at 22:20:13.102
starting worker pid=23706 on localhost:11987 at 22:20:13.102
2023-11-27 22:38:43 INFO::No. LD regions: 1700
2023-11-27 22:38:53 INFO::No. regions with at least one SNP/gene for chr1: 131
2023-11-27 22:38:53 INFO::No. regions with at least one SNP/gene for chr1 after merging: 131
2023-11-27 22:39:02 INFO::No. regions with at least one SNP/gene for chr2: 144
2023-11-27 22:39:02 INFO::No. regions with at least one SNP/gene for chr2 after merging: 144
2023-11-27 22:39:08 INFO::No. regions with at least one SNP/gene for chr3: 122
2023-11-27 22:39:08 INFO::No. regions with at least one SNP/gene for chr3 after merging: 122
2023-11-27 22:39:16 INFO::No. regions with at least one SNP/gene for chr4: 122
2023-11-27 22:39:16 INFO::No. regions with at least one SNP/gene for chr4 after merging: 122
2023-11-27 22:39:22 INFO::No. regions with at least one SNP/gene for chr5: 110
2023-11-27 22:39:22 INFO::No. regions with at least one SNP/gene for chr5 after merging: 110
2023-11-27 22:39:29 INFO::No. regions with at least one SNP/gene for chr6: 112
2023-11-27 22:39:29 INFO::No. regions with at least one SNP/gene for chr6 after merging: 112
2023-11-27 22:39:34 INFO::No. regions with at least one SNP/gene for chr7: 99
2023-11-27 22:39:34 INFO::No. regions with at least one SNP/gene for chr7 after merging: 99
2023-11-27 22:39:39 INFO::No. regions with at least one SNP/gene for chr8: 94
2023-11-27 22:39:39 INFO::No. regions with at least one SNP/gene for chr8 after merging: 94
2023-11-27 22:39:43 INFO::No. regions with at least one SNP/gene for chr9: 74
2023-11-27 22:39:43 INFO::No. regions with at least one SNP/gene for chr9 after merging: 74
2023-11-27 22:39:48 INFO::No. regions with at least one SNP/gene for chr10: 85
2023-11-27 22:39:48 INFO::No. regions with at least one SNP/gene for chr10 after merging: 85
2023-11-27 22:39:53 INFO::No. regions with at least one SNP/gene for chr11: 84
2023-11-27 22:39:53 INFO::No. regions with at least one SNP/gene for chr11 after merging: 84
2023-11-27 22:39:58 INFO::No. regions with at least one SNP/gene for chr12: 82
2023-11-27 22:39:58 INFO::No. regions with at least one SNP/gene for chr12 after merging: 82
2023-11-27 22:40:01 INFO::No. regions with at least one SNP/gene for chr13: 62
2023-11-27 22:40:01 INFO::No. regions with at least one SNP/gene for chr13 after merging: 62
2023-11-27 22:40:03 INFO::No. regions with at least one SNP/gene for chr14: 56
2023-11-27 22:40:03 INFO::No. regions with at least one SNP/gene for chr14 after merging: 56
2023-11-27 22:40:06 INFO::No. regions with at least one SNP/gene for chr15: 50
2023-11-27 22:40:06 INFO::No. regions with at least one SNP/gene for chr15 after merging: 50
2023-11-27 22:40:10 INFO::No. regions with at least one SNP/gene for chr16: 54
2023-11-27 22:40:10 INFO::No. regions with at least one SNP/gene for chr16 after merging: 54
2023-11-27 22:40:12 INFO::No. regions with at least one SNP/gene for chr17: 47
2023-11-27 22:40:12 INFO::No. regions with at least one SNP/gene for chr17 after merging: 47
2023-11-27 22:40:14 INFO::No. regions with at least one SNP/gene for chr18: 47
2023-11-27 22:40:14 INFO::No. regions with at least one SNP/gene for chr18 after merging: 47
2023-11-27 22:40:16 INFO::No. regions with at least one SNP/gene for chr19: 39
2023-11-27 22:40:16 INFO::No. regions with at least one SNP/gene for chr19 after merging: 39
2023-11-27 22:40:19 INFO::No. regions with at least one SNP/gene for chr20: 38
2023-11-27 22:40:19 INFO::No. regions with at least one SNP/gene for chr20 after merging: 38
2023-11-27 22:40:20 INFO::No. regions with at least one SNP/gene for chr21: 24
2023-11-27 22:40:20 INFO::No. regions with at least one SNP/gene for chr21 after merging: 24
2023-11-27 22:40:21 INFO::No. regions with at least one SNP/gene for chr22: 24
2023-11-27 22:40:21 INFO::No. regions with at least one SNP/gene for chr22 after merging: 24
2023-11-27 22:40:21 INFO::Trim regions with SNPs more than 20000
2023-11-27 22:40:21 INFO::Adding R matrix info, as genotype is not given
starting worker pid=25501 on localhost:11987 at 22:40:23.569
starting worker pid=25503 on localhost:11987 at 22:40:23.569
starting worker pid=25504 on localhost:11987 at 22:40:23.569
starting worker pid=25502 on localhost:11987 at 22:40:23.569
starting worker pid=25505 on localhost:11987 at 22:40:23.570
2023-11-27 22:41:14 INFO::Adding R matrix info for chrom 10 (core 4)
2023-11-27 22:41:14 INFO::Adding R matrix info for chrom 3 (core 2)
2023-11-27 22:41:14 INFO::Adding R matrix info for chrom 14 (core 5)
2023-11-27 22:41:14 INFO::Adding R matrix info for chrom 6 (core 3)
2023-11-27 22:41:14 INFO::Adding R matrix info for chrom 1 (core 1)
2023-11-27 22:44:03 INFO::Adding R matrix info for chrom 15 (core 5)
2023-11-27 22:51:20 INFO::Adding R matrix info for chrom 7 (core 3)
2023-11-27 22:51:40 INFO::Adding R matrix info for chrom 16 (core 5)
2023-11-27 22:52:17 INFO::Adding R matrix info for chrom 4 (core 2)
2023-11-27 22:54:39 INFO::Adding R matrix info for chrom 11 (core 4)
2023-11-27 22:58:47 INFO::Adding R matrix info for chrom 17 (core 5)
2023-11-27 23:05:17 INFO::Adding R matrix info for chrom 2 (core 1)
2023-11-27 23:08:45 INFO::Adding R matrix info for chrom 18 (core 5)
2023-11-27 23:09:16 INFO::Adding R matrix info for chrom 12 (core 4)
2023-11-27 23:09:39 INFO::Adding R matrix info for chrom 8 (core 3)
2023-11-27 23:16:57 INFO::Adding R matrix info for chrom 19 (core 5)
2023-11-27 23:18:22 INFO::Adding R matrix info for chrom 5 (core 2)
2023-11-27 23:24:27 INFO::Adding R matrix info for chrom 13 (core 4)
2023-11-27 23:26:15 INFO::Adding R matrix info for chrom 20 (core 5)
2023-11-27 23:28:08 INFO::Adding R matrix info for chrom 9 (core 3)
2023-11-27 23:32:57 INFO::Adding R matrix info for chrom 3 (core 1)
2023-11-27 23:34:12 INFO::Adding R matrix info for chrom 21 (core 5)
2023-11-27 23:34:32 INFO::Adding R matrix info for chrom 14 (core 4)
2023-11-27 23:37:32 INFO::Adding R matrix info for chrom 22 (core 5)
2023-11-27 23:40:07 INFO::Adding R matrix info for chrom 6 (core 2)
2023-11-27 23:42:42 INFO::Adding R matrix info for chrom 10 (core 3)
2023-11-27 23:54:46 INFO::Number of regions that contain strong gene signals: 45
2023-11-27 23:54:46 INFO::Rerun susie for regions with strong gene signals using full SNPs.
2023-11-27 23:54:46 INFO::run iteration 1
starting worker pid=32045 on localhost:11987 at 23:54:47.675
$group_prior
         SNP         gene 
0.0001957464 0.0102179623 

$group_prior_var
     SNP     gene 
10.77331 36.70291 

R version 4.1.0 (2021-05-18)
Platform: x86_64-pc-linux-gnu (64-bit)
Running under: CentOS Linux 7 (Core)

Matrix products: default
BLAS/LAPACK: /software/openblas-0.3.13-el7-x86_64/lib/libopenblas_haswellp-r0.3.13.so

locale:
[1] C

attached base packages:
[1] stats     graphics  grDevices utils     datasets  methods   base     

other attached packages:
[1] data.table_1.14.6 ctwas_0.1.40     

loaded via a namespace (and not attached):
 [1] Rcpp_1.0.9        pgenlibr_0.3.2    magrittr_2.0.3    hms_1.1.2        
 [5] doParallel_1.0.17 lattice_0.20-44   R6_2.5.1          rlang_1.1.1      
 [9] foreach_1.5.2     fansi_1.0.3       tools_4.1.0       parallel_4.1.0   
[13] grid_4.1.0        logging_0.10-108  utf8_1.2.2        cli_3.6.1        
[17] iterators_1.0.14  ellipsis_0.3.2    tibble_3.1.8      lifecycle_1.0.3  
[21] crayon_1.5.2      Matrix_1.3-3      readr_2.1.3       tzdb_0.3.0       
[25] vctrs_0.6.3       codetools_0.2-18  glue_1.6.2        compiler_4.1.0   
[29] pillar_1.8.1      pkgconfig_2.0.3  
