[1] "/project2/xinhe/shengqian/cTWAS/cTWAS_analysis/data/UKBB/ieu-a-22.vcf.gz"                                 
[2] "/project2/mstephens/wcrouse/UKB_LDR_0.1"                                                                  
[3] "/project2/xinhe/shengqian/cTWAS/cTWAS_analysis/data/mashr_sqtl/sqtl/mashr/mashr_Brain_Substantia_nigra.db"
[4] "/project2/xinhe/shengqian/cTWAS/cTWAS_analysis/code/ctwas_config.R"                                       
[5] "SCZ_Brain_Substantia_nigra_expr"                                                                          
[6] "SCZ_Brain_Substantia_nigra_ctwas"                                                                         
[7] "/project2/xinhe/shengqian/cTWAS/cTWAS_analysis/data/SCZ_S/Brain_Substantia_nigra"                         
2022-02-28 23:43:28 INFO::Flipping z scores to match LD reference
2022-02-28 23:43:30 INFO::Harmonizing strand-ambiguous z scores using imputation by region
2022-03-01 00:05:02 INFO::Reading weights for chromosome 1
2022-03-01 00:05:03 INFO::Number of genes with weights provided: 23677
2022-03-01 00:05:03 INFO::Collecting gene weight information ...
2022-03-01 00:05:03 INFO::Flipping weights to match LD reference
2022-03-01 00:05:03 INFO::Harmonizing strand ambiguous weights using correlations with unambiguous variants
2022-03-01 00:11:39 INFO::Start gene z score imputation ...
2022-03-01 00:11:39 INFO::Using given LD matrices to impute gene z score.
2022-03-01 00:19:54 INFO::Imputation done, writing results to output...
2022-03-01 00:19:54 INFO::Imputation done: number of genes with imputed expression: 1654 for chr 1
2022-03-01 00:19:55 INFO::Flipping z scores to match LD reference
2022-03-01 00:19:57 INFO::Harmonizing strand-ambiguous z scores using imputation by region
2022-03-01 00:45:11 INFO::Reading weights for chromosome 2
2022-03-01 00:45:11 INFO::Number of genes with weights provided: 23677
2022-03-01 00:45:11 INFO::Collecting gene weight information ...
2022-03-01 00:45:11 INFO::Flipping weights to match LD reference
2022-03-01 00:45:11 INFO::Harmonizing strand ambiguous weights using correlations with unambiguous variants
2022-03-01 00:50:18 INFO::Start gene z score imputation ...
2022-03-01 00:50:18 INFO::Using given LD matrices to impute gene z score.
2022-03-01 00:58:21 INFO::Imputation done, writing results to output...
2022-03-01 00:58:21 INFO::Imputation done: number of genes with imputed expression: 1253 for chr 2
2022-03-01 00:58:22 INFO::Flipping z scores to match LD reference
2022-03-01 00:58:24 INFO::Harmonizing strand-ambiguous z scores using imputation by region
2022-03-01 01:16:57 INFO::Reading weights for chromosome 3
2022-03-01 01:16:57 INFO::Number of genes with weights provided: 23677
2022-03-01 01:16:57 INFO::Collecting gene weight information ...
2022-03-01 01:16:57 INFO::Flipping weights to match LD reference
2022-03-01 01:16:57 INFO::Harmonizing strand ambiguous weights using correlations with unambiguous variants
2022-03-01 01:21:18 INFO::Start gene z score imputation ...
2022-03-01 01:21:18 INFO::Using given LD matrices to impute gene z score.
2022-03-01 01:27:42 INFO::Imputation done, writing results to output...
2022-03-01 01:27:42 INFO::Imputation done: number of genes with imputed expression: 1032 for chr 3
2022-03-01 01:27:43 INFO::Flipping z scores to match LD reference
2022-03-01 01:27:46 INFO::Harmonizing strand-ambiguous z scores using imputation by region
2022-03-01 01:48:28 INFO::Reading weights for chromosome 4
2022-03-01 01:48:28 INFO::Number of genes with weights provided: 23677
2022-03-01 01:48:28 INFO::Collecting gene weight information ...
2022-03-01 01:48:28 INFO::Flipping weights to match LD reference
2022-03-01 01:48:28 INFO::Harmonizing strand ambiguous weights using correlations with unambiguous variants
2022-03-01 01:52:15 INFO::Start gene z score imputation ...
2022-03-01 01:52:16 INFO::Using given LD matrices to impute gene z score.
2022-03-01 01:58:05 INFO::Imputation done, writing results to output...
2022-03-01 01:58:06 INFO::Imputation done: number of genes with imputed expression: 718 for chr 4
2022-03-01 01:58:06 INFO::Flipping z scores to match LD reference
2022-03-01 01:58:08 INFO::Harmonizing strand-ambiguous z scores using imputation by region
2022-03-01 02:15:12 INFO::Reading weights for chromosome 5
2022-03-01 02:15:12 INFO::Number of genes with weights provided: 23677
2022-03-01 02:15:12 INFO::Collecting gene weight information ...
2022-03-01 02:15:12 INFO::Flipping weights to match LD reference
2022-03-01 02:15:12 INFO::Harmonizing strand ambiguous weights using correlations with unambiguous variants
2022-03-01 02:18:27 INFO::Start gene z score imputation ...
2022-03-01 02:18:27 INFO::Using given LD matrices to impute gene z score.
2022-03-01 02:23:34 INFO::Imputation done, writing results to output...
2022-03-01 02:23:35 INFO::Imputation done: number of genes with imputed expression: 695 for chr 5
2022-03-01 02:23:35 INFO::Flipping z scores to match LD reference
2022-03-01 02:23:37 INFO::Harmonizing strand-ambiguous z scores using imputation by region
2022-03-01 02:40:34 INFO::Reading weights for chromosome 6
2022-03-01 02:40:34 INFO::Number of genes with weights provided: 23677
2022-03-01 02:40:34 INFO::Collecting gene weight information ...
2022-03-01 02:40:34 INFO::Flipping weights to match LD reference
2022-03-01 02:40:34 INFO::Harmonizing strand ambiguous weights using correlations with unambiguous variants
2022-03-01 02:47:49 INFO::Start gene z score imputation ...
2022-03-01 02:47:49 INFO::Using given LD matrices to impute gene z score.
2022-03-01 02:53:21 INFO::Imputation done, writing results to output...
2022-03-01 02:53:21 INFO::Imputation done: number of genes with imputed expression: 747 for chr 6
2022-03-01 02:53:22 INFO::Flipping z scores to match LD reference
2022-03-01 02:53:24 INFO::Harmonizing strand-ambiguous z scores using imputation by region
2022-03-01 03:10:28 INFO::Reading weights for chromosome 7
2022-03-01 03:10:28 INFO::Number of genes with weights provided: 23677
2022-03-01 03:10:28 INFO::Collecting gene weight information ...
2022-03-01 03:10:28 INFO::Flipping weights to match LD reference
2022-03-01 03:10:28 INFO::Harmonizing strand ambiguous weights using correlations with unambiguous variants
2022-03-01 03:15:31 INFO::Start gene z score imputation ...
2022-03-01 03:15:31 INFO::Using given LD matrices to impute gene z score.
2022-03-01 03:21:14 INFO::Imputation done, writing results to output...
2022-03-01 03:21:15 INFO::Imputation done: number of genes with imputed expression: 1011 for chr 7
2022-03-01 03:21:15 INFO::Flipping z scores to match LD reference
2022-03-01 03:21:18 INFO::Harmonizing strand-ambiguous z scores using imputation by region
2022-03-01 03:38:19 INFO::Reading weights for chromosome 8
2022-03-01 03:38:19 INFO::Number of genes with weights provided: 23677
2022-03-01 03:38:19 INFO::Collecting gene weight information ...
2022-03-01 03:38:19 INFO::Flipping weights to match LD reference
2022-03-01 03:38:19 INFO::Harmonizing strand ambiguous weights using correlations with unambiguous variants
2022-03-01 03:41:13 INFO::Start gene z score imputation ...
2022-03-01 03:41:13 INFO::Using given LD matrices to impute gene z score.
2022-03-01 03:46:04 INFO::Imputation done, writing results to output...
2022-03-01 03:46:04 INFO::Imputation done: number of genes with imputed expression: 603 for chr 8
2022-03-01 03:46:05 INFO::Flipping z scores to match LD reference
2022-03-01 03:46:06 INFO::Harmonizing strand-ambiguous z scores using imputation by region
2022-03-01 03:58:59 INFO::Reading weights for chromosome 9
2022-03-01 03:58:59 INFO::Number of genes with weights provided: 23677
2022-03-01 03:58:59 INFO::Collecting gene weight information ...
2022-03-01 03:58:59 INFO::Flipping weights to match LD reference
2022-03-01 03:58:59 INFO::Harmonizing strand ambiguous weights using correlations with unambiguous variants
2022-03-01 04:02:57 INFO::Start gene z score imputation ...
2022-03-01 04:02:57 INFO::Using given LD matrices to impute gene z score.
2022-03-01 04:07:26 INFO::Imputation done, writing results to output...
2022-03-01 04:07:27 INFO::Imputation done: number of genes with imputed expression: 743 for chr 9
2022-03-01 04:07:28 INFO::Flipping z scores to match LD reference
2022-03-01 04:07:29 INFO::Harmonizing strand-ambiguous z scores using imputation by region
2022-03-01 04:23:05 INFO::Reading weights for chromosome 10
2022-03-01 04:23:05 INFO::Number of genes with weights provided: 23677
2022-03-01 04:23:05 INFO::Collecting gene weight information ...
2022-03-01 04:23:05 INFO::Flipping weights to match LD reference
2022-03-01 04:23:05 INFO::Harmonizing strand ambiguous weights using correlations with unambiguous variants
2022-03-01 04:27:22 INFO::Start gene z score imputation ...
2022-03-01 04:27:22 INFO::Using given LD matrices to impute gene z score.
2022-03-01 04:32:26 INFO::Imputation done, writing results to output...
2022-03-01 04:32:27 INFO::Imputation done: number of genes with imputed expression: 807 for chr 10
2022-03-01 04:32:27 INFO::Flipping z scores to match LD reference
2022-03-01 04:32:29 INFO::Harmonizing strand-ambiguous z scores using imputation by region
2022-03-01 04:48:27 INFO::Reading weights for chromosome 11
2022-03-01 04:48:27 INFO::Number of genes with weights provided: 23677
2022-03-01 04:48:27 INFO::Collecting gene weight information ...
2022-03-01 04:48:27 INFO::Flipping weights to match LD reference
2022-03-01 04:48:27 INFO::Harmonizing strand ambiguous weights using correlations with unambiguous variants
2022-03-01 04:53:48 INFO::Start gene z score imputation ...
2022-03-01 04:53:48 INFO::Using given LD matrices to impute gene z score.
2022-03-01 04:59:16 INFO::Imputation done, writing results to output...
2022-03-01 04:59:16 INFO::Imputation done: number of genes with imputed expression: 1060 for chr 11
2022-03-01 04:59:17 INFO::Flipping z scores to match LD reference
2022-03-01 04:59:19 INFO::Harmonizing strand-ambiguous z scores using imputation by region
2022-03-01 05:13:38 INFO::Reading weights for chromosome 12
2022-03-01 05:13:38 INFO::Number of genes with weights provided: 23677
2022-03-01 05:13:38 INFO::Collecting gene weight information ...
2022-03-01 05:13:38 INFO::Flipping weights to match LD reference
2022-03-01 05:13:38 INFO::Harmonizing strand ambiguous weights using correlations with unambiguous variants
2022-03-01 05:18:52 INFO::Start gene z score imputation ...
2022-03-01 05:18:52 INFO::Using given LD matrices to impute gene z score.
2022-03-01 05:24:33 INFO::Imputation done, writing results to output...
2022-03-01 05:24:33 INFO::Imputation done: number of genes with imputed expression: 911 for chr 12
2022-03-01 05:24:34 INFO::Flipping z scores to match LD reference
2022-03-01 05:24:36 INFO::Harmonizing strand-ambiguous z scores using imputation by region
2022-03-01 05:35:56 INFO::Reading weights for chromosome 13
2022-03-01 05:36:06 INFO::Number of genes with weights provided: 23677
2022-03-01 05:36:06 INFO::Collecting gene weight information ...
2022-03-01 05:36:06 INFO::Flipping weights to match LD reference
2022-03-01 05:36:06 INFO::Harmonizing strand ambiguous weights using correlations with unambiguous variants
2022-03-01 05:38:53 INFO::Start gene z score imputation ...
2022-03-01 05:38:53 INFO::Using given LD matrices to impute gene z score.
2022-03-01 05:41:51 INFO::Imputation done, writing results to output...
2022-03-01 05:41:51 INFO::Imputation done: number of genes with imputed expression: 346 for chr 13
2022-03-01 05:41:52 INFO::Flipping z scores to match LD reference
2022-03-01 05:41:53 INFO::Harmonizing strand-ambiguous z scores using imputation by region
2022-03-01 05:51:11 INFO::Reading weights for chromosome 14
2022-03-01 05:51:11 INFO::Number of genes with weights provided: 23677
2022-03-01 05:51:11 INFO::Collecting gene weight information ...
2022-03-01 05:51:11 INFO::Flipping weights to match LD reference
2022-03-01 05:51:11 INFO::Harmonizing strand ambiguous weights using correlations with unambiguous variants
2022-03-01 05:55:18 INFO::Start gene z score imputation ...
2022-03-01 05:55:18 INFO::Using given LD matrices to impute gene z score.
2022-03-01 05:59:42 INFO::Imputation done, writing results to output...
2022-03-01 05:59:42 INFO::Imputation done: number of genes with imputed expression: 626 for chr 14
2022-03-01 05:59:43 INFO::Flipping z scores to match LD reference
2022-03-01 05:59:44 INFO::Harmonizing strand-ambiguous z scores using imputation by region
2022-03-01 06:06:34 INFO::Reading weights for chromosome 15
2022-03-01 06:06:34 INFO::Number of genes with weights provided: 23677
2022-03-01 06:06:34 INFO::Collecting gene weight information ...
2022-03-01 06:06:34 INFO::Flipping weights to match LD reference
2022-03-01 06:06:34 INFO::Harmonizing strand ambiguous weights using correlations with unambiguous variants
2022-03-01 06:10:06 INFO::Start gene z score imputation ...
2022-03-01 06:10:06 INFO::Using given LD matrices to impute gene z score.
2022-03-01 06:13:25 INFO::Imputation done, writing results to output...
2022-03-01 06:13:25 INFO::Imputation done: number of genes with imputed expression: 601 for chr 15
2022-03-01 06:13:26 INFO::Flipping z scores to match LD reference
2022-03-01 06:13:28 INFO::Harmonizing strand-ambiguous z scores using imputation by region
2022-03-01 06:20:52 INFO::Reading weights for chromosome 16
2022-03-01 06:20:52 INFO::Number of genes with weights provided: 23677
2022-03-01 06:20:52 INFO::Collecting gene weight information ...
2022-03-01 06:20:52 INFO::Flipping weights to match LD reference
2022-03-01 06:20:52 INFO::Harmonizing strand ambiguous weights using correlations with unambiguous variants
2022-03-01 06:24:54 INFO::Start gene z score imputation ...
2022-03-01 06:24:54 INFO::Using given LD matrices to impute gene z score.
2022-03-01 06:28:29 INFO::Imputation done, writing results to output...
2022-03-01 06:28:29 INFO::Imputation done: number of genes with imputed expression: 827 for chr 16
2022-03-01 06:28:30 INFO::Flipping z scores to match LD reference
2022-03-01 06:28:32 INFO::Harmonizing strand-ambiguous z scores using imputation by region
2022-03-01 06:35:05 INFO::Reading weights for chromosome 17
2022-03-01 06:35:05 INFO::Number of genes with weights provided: 23677
2022-03-01 06:35:05 INFO::Collecting gene weight information ...
2022-03-01 06:35:05 INFO::Flipping weights to match LD reference
2022-03-01 06:35:05 INFO::Harmonizing strand ambiguous weights using correlations with unambiguous variants
2022-03-01 06:40:36 INFO::Start gene z score imputation ...
2022-03-01 06:40:36 INFO::Using given LD matrices to impute gene z score.
2022-03-01 06:45:22 INFO::Imputation done, writing results to output...
2022-03-01 06:45:23 INFO::Imputation done: number of genes with imputed expression: 1168 for chr 17
2022-03-01 06:45:23 INFO::Flipping z scores to match LD reference
2022-03-01 06:45:26 INFO::Harmonizing strand-ambiguous z scores using imputation by region
2022-03-01 06:54:34 INFO::Reading weights for chromosome 18
2022-03-01 06:54:34 INFO::Number of genes with weights provided: 23677
2022-03-01 06:54:34 INFO::Collecting gene weight information ...
2022-03-01 06:54:34 INFO::Flipping weights to match LD reference
2022-03-01 06:54:34 INFO::Harmonizing strand ambiguous weights using correlations with unambiguous variants
2022-03-01 06:55:51 INFO::Start gene z score imputation ...
2022-03-01 06:55:51 INFO::Using given LD matrices to impute gene z score.
2022-03-01 06:58:06 INFO::Imputation done, writing results to output...
2022-03-01 06:58:06 INFO::Imputation done: number of genes with imputed expression: 240 for chr 18
2022-03-01 06:58:06 INFO::Flipping z scores to match LD reference
2022-03-01 06:58:08 INFO::Harmonizing strand-ambiguous z scores using imputation by region
2022-03-01 07:03:55 INFO::Reading weights for chromosome 19
2022-03-01 07:03:55 INFO::Number of genes with weights provided: 23677
2022-03-01 07:03:55 INFO::Collecting gene weight information ...
2022-03-01 07:03:55 INFO::Flipping weights to match LD reference
2022-03-01 07:03:55 INFO::Harmonizing strand ambiguous weights using correlations with unambiguous variants
2022-03-01 07:10:20 INFO::Start gene z score imputation ...
2022-03-01 07:10:20 INFO::Using given LD matrices to impute gene z score.
2022-03-01 07:15:42 INFO::Imputation done, writing results to output...
2022-03-01 07:15:43 INFO::Imputation done: number of genes with imputed expression: 1282 for chr 19
2022-03-01 07:15:43 INFO::Flipping z scores to match LD reference
2022-03-01 07:15:45 INFO::Harmonizing strand-ambiguous z scores using imputation by region
2022-03-01 07:22:38 INFO::Reading weights for chromosome 20
2022-03-01 07:22:38 INFO::Number of genes with weights provided: 23677
2022-03-01 07:22:38 INFO::Collecting gene weight information ...
2022-03-01 07:22:38 INFO::Flipping weights to match LD reference
2022-03-01 07:22:38 INFO::Harmonizing strand ambiguous weights using correlations with unambiguous variants
2022-03-01 07:26:19 INFO::Start gene z score imputation ...
2022-03-01 07:26:19 INFO::Using given LD matrices to impute gene z score.
2022-03-01 07:29:43 INFO::Imputation done, writing results to output...
2022-03-01 07:29:44 INFO::Imputation done: number of genes with imputed expression: 609 for chr 20
2022-03-01 07:29:44 INFO::Flipping z scores to match LD reference
2022-03-01 07:29:46 INFO::Harmonizing strand-ambiguous z scores using imputation by region
2022-03-01 07:33:18 INFO::Reading weights for chromosome 21
2022-03-01 07:33:18 INFO::Number of genes with weights provided: 23677
2022-03-01 07:33:18 INFO::Collecting gene weight information ...
2022-03-01 07:33:18 INFO::Flipping weights to match LD reference
2022-03-01 07:33:18 INFO::Harmonizing strand ambiguous weights using correlations with unambiguous variants
2022-03-01 07:35:04 INFO::Start gene z score imputation ...
2022-03-01 07:35:04 INFO::Using given LD matrices to impute gene z score.
2022-03-01 07:36:37 INFO::Imputation done, writing results to output...
2022-03-01 07:36:37 INFO::Imputation done: number of genes with imputed expression: 246 for chr 21
2022-03-01 07:36:37 INFO::Flipping z scores to match LD reference
2022-03-01 07:36:38 INFO::Harmonizing strand-ambiguous z scores using imputation by region
2022-03-01 07:39:57 INFO::Reading weights for chromosome 22
2022-03-01 07:39:58 INFO::Number of genes with weights provided: 23677
2022-03-01 07:39:58 INFO::Collecting gene weight information ...
2022-03-01 07:39:58 INFO::Flipping weights to match LD reference
2022-03-01 07:39:58 INFO::Harmonizing strand ambiguous weights using correlations with unambiguous variants
2022-03-01 07:43:19 INFO::Start gene z score imputation ...
2022-03-01 07:43:19 INFO::Using given LD matrices to impute gene z score.
2022-03-01 07:45:38 INFO::Imputation done, writing results to output...
2022-03-01 07:45:39 INFO::Imputation done: number of genes with imputed expression: 540 for chr 22
2022-03-01 07:46:02 INFO::ctwas started ...
2022-03-01 07:46:27 INFO::LD region file: /home/shengqian/R/x86_64-pc-linux-gnu-library/3.6/ctwas/extdata/ldetect/EUR.b38.bed
2022-03-01 07:46:37 INFO::No. LD regions: 1700
2022-03-01 07:46:43 INFO::No. regions with at least one SNP/gene for chr1: 131
2022-03-01 07:46:43 INFO::Merge regions for chr1
2022-03-01 07:46:43 INFO::No. regions with at least one SNP/gene for chr1 after merging: 131
2022-03-01 07:46:50 INFO::No. regions with at least one SNP/gene for chr2: 144
2022-03-01 07:46:50 INFO::Merge regions for chr2
2022-03-01 07:46:50 INFO::No. regions with at least one SNP/gene for chr2 after merging: 144
2022-03-01 07:46:56 INFO::No. regions with at least one SNP/gene for chr3: 122
2022-03-01 07:46:56 INFO::Merge regions for chr3
2022-03-01 07:46:56 INFO::No. regions with at least one SNP/gene for chr3 after merging: 122
2022-03-01 07:47:01 INFO::No. regions with at least one SNP/gene for chr4: 122
2022-03-01 07:47:01 INFO::Merge regions for chr4
2022-03-01 07:47:01 INFO::No. regions with at least one SNP/gene for chr4 after merging: 122
2022-03-01 07:47:07 INFO::No. regions with at least one SNP/gene for chr5: 110
2022-03-01 07:47:07 INFO::Merge regions for chr5
2022-03-01 07:47:07 INFO::No. regions with at least one SNP/gene for chr5 after merging: 110
2022-03-01 07:47:13 INFO::No. regions with at least one SNP/gene for chr6: 112
2022-03-01 07:47:13 INFO::Merge regions for chr6
2022-03-01 07:47:13 INFO::No. regions with at least one SNP/gene for chr6 after merging: 111
2022-03-01 07:47:17 INFO::No. regions with at least one SNP/gene for chr7: 99
2022-03-01 07:47:17 INFO::Merge regions for chr7
2022-03-01 07:47:17 INFO::No. regions with at least one SNP/gene for chr7 after merging: 99
2022-03-01 07:47:20 INFO::No. regions with at least one SNP/gene for chr8: 94
2022-03-01 07:47:20 INFO::Merge regions for chr8
2022-03-01 07:47:20 INFO::No. regions with at least one SNP/gene for chr8 after merging: 93
2022-03-01 07:47:23 INFO::No. regions with at least one SNP/gene for chr9: 74
2022-03-01 07:47:23 INFO::Merge regions for chr9
2022-03-01 07:47:23 INFO::No. regions with at least one SNP/gene for chr9 after merging: 74
2022-03-01 07:47:27 INFO::No. regions with at least one SNP/gene for chr10: 85
2022-03-01 07:47:27 INFO::Merge regions for chr10
2022-03-01 07:47:27 INFO::No. regions with at least one SNP/gene for chr10 after merging: 85
2022-03-01 07:47:30 INFO::No. regions with at least one SNP/gene for chr11: 84
2022-03-01 07:47:30 INFO::Merge regions for chr11
2022-03-01 07:47:30 INFO::No. regions with at least one SNP/gene for chr11 after merging: 83
2022-03-01 07:47:34 INFO::No. regions with at least one SNP/gene for chr12: 82
2022-03-01 07:47:34 INFO::Merge regions for chr12
2022-03-01 07:47:34 INFO::No. regions with at least one SNP/gene for chr12 after merging: 82
2022-03-01 07:47:36 INFO::No. regions with at least one SNP/gene for chr13: 62
2022-03-01 07:47:36 INFO::Merge regions for chr13
2022-03-01 07:47:36 INFO::No. regions with at least one SNP/gene for chr13 after merging: 62
2022-03-01 07:47:39 INFO::No. regions with at least one SNP/gene for chr14: 56
2022-03-01 07:47:39 INFO::Merge regions for chr14
2022-03-01 07:47:39 INFO::No. regions with at least one SNP/gene for chr14 after merging: 55
2022-03-01 07:47:40 INFO::No. regions with at least one SNP/gene for chr15: 49
2022-03-01 07:47:40 INFO::Merge regions for chr15
2022-03-01 07:47:40 INFO::No. regions with at least one SNP/gene for chr15 after merging: 49
2022-03-01 07:47:43 INFO::No. regions with at least one SNP/gene for chr16: 54
2022-03-01 07:47:43 INFO::Merge regions for chr16
2022-03-01 07:47:43 INFO::No. regions with at least one SNP/gene for chr16 after merging: 54
2022-03-01 07:47:45 INFO::No. regions with at least one SNP/gene for chr17: 47
2022-03-01 07:47:45 INFO::Merge regions for chr17
2022-03-01 07:47:45 INFO::No. regions with at least one SNP/gene for chr17 after merging: 47
2022-03-01 07:47:47 INFO::No. regions with at least one SNP/gene for chr18: 47
2022-03-01 07:47:47 INFO::Merge regions for chr18
2022-03-01 07:47:47 INFO::No. regions with at least one SNP/gene for chr18 after merging: 47
2022-03-01 07:47:48 INFO::No. regions with at least one SNP/gene for chr19: 39
2022-03-01 07:47:48 INFO::Merge regions for chr19
2022-03-01 07:47:48 INFO::No. regions with at least one SNP/gene for chr19 after merging: 39
2022-03-01 07:47:50 INFO::No. regions with at least one SNP/gene for chr20: 38
2022-03-01 07:47:50 INFO::Merge regions for chr20
2022-03-01 07:47:50 INFO::No. regions with at least one SNP/gene for chr20 after merging: 38
2022-03-01 07:47:51 INFO::No. regions with at least one SNP/gene for chr21: 24
2022-03-01 07:47:51 INFO::Merge regions for chr21
2022-03-01 07:47:51 INFO::No. regions with at least one SNP/gene for chr21 after merging: 24
2022-03-01 07:47:52 INFO::No. regions with at least one SNP/gene for chr22: 24
2022-03-01 07:47:52 INFO::Merge regions for chr22
2022-03-01 07:47:52 INFO::No. regions with at least one SNP/gene for chr22 after merging: 24
2022-03-01 07:47:52 INFO::Trim regions with SNPs more than Inf
2022-03-01 07:47:52 INFO::Adding R matrix info, as genotype is not given
2022-03-01 07:47:53 INFO::Adding R matrix info for chrom 1
2022-03-01 07:59:24 INFO::Adding R matrix info for chrom 2
2022-03-01 08:10:08 INFO::Adding R matrix info for chrom 3
2022-03-01 08:18:11 INFO::Adding R matrix info for chrom 4
2022-03-01 08:26:40 INFO::Adding R matrix info for chrom 5
2022-03-01 08:33:55 INFO::Adding R matrix info for chrom 6
2022-03-01 08:42:22 INFO::Adding R matrix info for chrom 7
2022-03-01 08:50:35 INFO::Adding R matrix info for chrom 8
2022-03-01 08:57:52 INFO::Adding R matrix info for chrom 9
2022-03-01 09:03:46 INFO::Adding R matrix info for chrom 10
2022-03-01 09:11:05 INFO::Adding R matrix info for chrom 11
2022-03-01 09:18:55 INFO::Adding R matrix info for chrom 12
2022-03-01 09:25:35 INFO::Adding R matrix info for chrom 13
2022-03-01 09:29:43 INFO::Adding R matrix info for chrom 14
2022-03-01 09:35:08 INFO::Adding R matrix info for chrom 15
2022-03-01 09:38:58 INFO::Adding R matrix info for chrom 16
2022-03-01 09:43:31 INFO::Adding R matrix info for chrom 17
2022-03-01 09:48:59 INFO::Adding R matrix info for chrom 18
2022-03-01 09:52:18 INFO::Adding R matrix info for chrom 19
2022-03-01 09:58:32 INFO::Adding R matrix info for chrom 20
2022-03-01 10:02:15 INFO::Adding R matrix info for chrom 21
2022-03-01 10:03:55 INFO::Adding R matrix info for chrom 22
2022-03-01 10:06:31 INFO::Run susie iteratively, getting rough estimate ...
2022-03-01 10:06:31 INFO::run iteration 1
starting worker pid=25595 on localhost:11862 at 10:06:32.562
starting worker pid=25609 on localhost:11862 at 10:06:33.209
starting worker pid=25622 on localhost:11862 at 10:06:33.771
starting worker pid=25636 on localhost:11862 at 10:06:34.327
starting worker pid=25649 on localhost:11862 at 10:06:34.889
starting worker pid=25663 on localhost:11862 at 10:06:35.451
starting worker pid=25676 on localhost:11862 at 10:06:36.004
starting worker pid=25690 on localhost:11862 at 10:06:36.553
starting worker pid=25703 on localhost:11862 at 10:06:37.114
starting worker pid=25717 on localhost:11862 at 10:06:37.672
2022-03-01 10:21:15 INFO::After iteration 1, gene prior 0.00251059318789234:, SNP prior:0.00217921675559552
2022-03-01 10:21:15 INFO::run iteration 2
