[1] "/project2/xinhe/shengqian/cTWAS/cTWAS_analysis/data/UKBB/ieu-a-22.vcf.gz"                                      
[2] "/project2/mstephens/wcrouse/UKB_LDR_0.1"                                                                       
[3] "/project2/xinhe/shengqian/cTWAS/cTWAS_analysis/data/mashr_sqtl/sqtl/mashr/mashr_Brain_Caudate_basal_ganglia.db"
[4] "/project2/xinhe/shengqian/cTWAS/cTWAS_analysis/code/ctwas_config.R"                                            
[5] "SCZ_Brain_Caudate_basal_ganglia_expr"                                                                          
[6] "SCZ_Brain_Caudate_basal_ganglia_ctwas"                                                                         
[7] "/project2/xinhe/shengqian/cTWAS/cTWAS_analysis/data/SCZ_S/Brain_Caudate_basal_ganglia"                         
2022-02-28 23:14:46 INFO::Flipping z scores to match LD reference
2022-02-28 23:14:48 INFO::Harmonizing strand-ambiguous z scores using imputation by region
2022-02-28 23:36:25 INFO::Reading weights for chromosome 1
2022-02-28 23:36:25 INFO::Number of genes with weights provided: 32127
2022-02-28 23:36:25 INFO::Collecting gene weight information ...
2022-02-28 23:36:25 INFO::Flipping weights to match LD reference
2022-02-28 23:36:25 INFO::Harmonizing strand ambiguous weights using correlations with unambiguous variants
2022-02-28 23:47:50 INFO::Start gene z score imputation ...
2022-02-28 23:47:50 INFO::Using given LD matrices to impute gene z score.
2022-02-28 23:57:30 INFO::Imputation done, writing results to output...
2022-02-28 23:57:30 INFO::Imputation done: number of genes with imputed expression: 2267 for chr 1
2022-02-28 23:57:31 INFO::Flipping z scores to match LD reference
2022-02-28 23:57:33 INFO::Harmonizing strand-ambiguous z scores using imputation by region
2022-03-01 00:23:07 INFO::Reading weights for chromosome 2
2022-03-01 00:23:07 INFO::Number of genes with weights provided: 32127
2022-03-01 00:23:07 INFO::Collecting gene weight information ...
2022-03-01 00:23:07 INFO::Flipping weights to match LD reference
2022-03-01 00:23:07 INFO::Harmonizing strand ambiguous weights using correlations with unambiguous variants
2022-03-01 00:31:05 INFO::Start gene z score imputation ...
2022-03-01 00:31:05 INFO::Using given LD matrices to impute gene z score.
2022-03-01 00:40:03 INFO::Imputation done, writing results to output...
2022-03-01 00:40:03 INFO::Imputation done: number of genes with imputed expression: 1729 for chr 2
2022-03-01 00:40:04 INFO::Flipping z scores to match LD reference
2022-03-01 00:40:06 INFO::Harmonizing strand-ambiguous z scores using imputation by region
2022-03-01 00:58:25 INFO::Reading weights for chromosome 3
2022-03-01 00:58:26 INFO::Number of genes with weights provided: 32127
2022-03-01 00:58:26 INFO::Collecting gene weight information ...
2022-03-01 00:58:26 INFO::Flipping weights to match LD reference
2022-03-01 00:58:26 INFO::Harmonizing strand ambiguous weights using correlations with unambiguous variants
2022-03-01 01:05:21 INFO::Start gene z score imputation ...
2022-03-01 01:05:21 INFO::Using given LD matrices to impute gene z score.
2022-03-01 01:12:52 INFO::Imputation done, writing results to output...
2022-03-01 01:12:52 INFO::Imputation done: number of genes with imputed expression: 1501 for chr 3
2022-03-01 01:12:54 INFO::Flipping z scores to match LD reference
2022-03-01 01:12:55 INFO::Harmonizing strand-ambiguous z scores using imputation by region
2022-03-01 01:33:42 INFO::Reading weights for chromosome 4
2022-03-01 01:33:42 INFO::Number of genes with weights provided: 32127
2022-03-01 01:33:42 INFO::Collecting gene weight information ...
2022-03-01 01:33:42 INFO::Flipping weights to match LD reference
2022-03-01 01:33:42 INFO::Harmonizing strand ambiguous weights using correlations with unambiguous variants
2022-03-01 01:39:36 INFO::Start gene z score imputation ...
2022-03-01 01:39:36 INFO::Using given LD matrices to impute gene z score.
2022-03-01 01:46:23 INFO::Imputation done, writing results to output...
2022-03-01 01:46:23 INFO::Imputation done: number of genes with imputed expression: 950 for chr 4
2022-03-01 01:46:24 INFO::Flipping z scores to match LD reference
2022-03-01 01:46:26 INFO::Harmonizing strand-ambiguous z scores using imputation by region
2022-03-01 02:03:46 INFO::Reading weights for chromosome 5
2022-03-01 02:03:46 INFO::Number of genes with weights provided: 32127
2022-03-01 02:03:46 INFO::Collecting gene weight information ...
2022-03-01 02:03:46 INFO::Flipping weights to match LD reference
2022-03-01 02:03:46 INFO::Harmonizing strand ambiguous weights using correlations with unambiguous variants
2022-03-01 02:09:02 INFO::Start gene z score imputation ...
2022-03-01 02:09:02 INFO::Using given LD matrices to impute gene z score.
2022-03-01 02:14:36 INFO::Imputation done, writing results to output...
2022-03-01 02:14:36 INFO::Imputation done: number of genes with imputed expression: 1002 for chr 5
2022-03-01 02:14:37 INFO::Flipping z scores to match LD reference
2022-03-01 02:14:39 INFO::Harmonizing strand-ambiguous z scores using imputation by region
2022-03-01 02:31:43 INFO::Reading weights for chromosome 6
2022-03-01 02:31:43 INFO::Number of genes with weights provided: 32127
2022-03-01 02:31:43 INFO::Collecting gene weight information ...
2022-03-01 02:31:43 INFO::Flipping weights to match LD reference
2022-03-01 02:31:43 INFO::Harmonizing strand ambiguous weights using correlations with unambiguous variants
2022-03-01 02:42:59 INFO::Start gene z score imputation ...
2022-03-01 02:42:59 INFO::Using given LD matrices to impute gene z score.
2022-03-01 02:49:20 INFO::Imputation done, writing results to output...
2022-03-01 02:49:20 INFO::Imputation done: number of genes with imputed expression: 1047 for chr 6
2022-03-01 02:49:21 INFO::Flipping z scores to match LD reference
2022-03-01 02:49:23 INFO::Harmonizing strand-ambiguous z scores using imputation by region
2022-03-01 03:06:42 INFO::Reading weights for chromosome 7
2022-03-01 03:06:42 INFO::Number of genes with weights provided: 32127
2022-03-01 03:06:42 INFO::Collecting gene weight information ...
2022-03-01 03:06:42 INFO::Flipping weights to match LD reference
2022-03-01 03:06:42 INFO::Harmonizing strand ambiguous weights using correlations with unambiguous variants
2022-03-01 03:14:48 INFO::Start gene z score imputation ...
2022-03-01 03:14:48 INFO::Using given LD matrices to impute gene z score.
2022-03-01 03:21:54 INFO::Imputation done, writing results to output...
2022-03-01 03:21:55 INFO::Imputation done: number of genes with imputed expression: 1373 for chr 7
2022-03-01 03:21:56 INFO::Flipping z scores to match LD reference
2022-03-01 03:21:57 INFO::Harmonizing strand-ambiguous z scores using imputation by region
2022-03-01 03:38:44 INFO::Reading weights for chromosome 8
2022-03-01 03:38:44 INFO::Number of genes with weights provided: 32127
2022-03-01 03:38:44 INFO::Collecting gene weight information ...
2022-03-01 03:38:44 INFO::Flipping weights to match LD reference
2022-03-01 03:38:44 INFO::Harmonizing strand ambiguous weights using correlations with unambiguous variants
2022-03-01 03:42:44 INFO::Start gene z score imputation ...
2022-03-01 03:42:44 INFO::Using given LD matrices to impute gene z score.
2022-03-01 03:47:38 INFO::Imputation done, writing results to output...
2022-03-01 03:47:38 INFO::Imputation done: number of genes with imputed expression: 850 for chr 8
2022-03-01 03:47:39 INFO::Flipping z scores to match LD reference
2022-03-01 03:47:40 INFO::Harmonizing strand-ambiguous z scores using imputation by region
2022-03-01 04:00:06 INFO::Reading weights for chromosome 9
2022-03-01 04:00:06 INFO::Number of genes with weights provided: 32127
2022-03-01 04:00:06 INFO::Collecting gene weight information ...
2022-03-01 04:00:06 INFO::Flipping weights to match LD reference
2022-03-01 04:00:06 INFO::Harmonizing strand ambiguous weights using correlations with unambiguous variants
2022-03-01 04:05:34 INFO::Start gene z score imputation ...
2022-03-01 04:05:34 INFO::Using given LD matrices to impute gene z score.
2022-03-01 04:10:49 INFO::Imputation done, writing results to output...
2022-03-01 04:10:49 INFO::Imputation done: number of genes with imputed expression: 977 for chr 9
2022-03-01 04:10:50 INFO::Flipping z scores to match LD reference
2022-03-01 04:10:53 INFO::Harmonizing strand-ambiguous z scores using imputation by region
2022-03-01 04:26:53 INFO::Reading weights for chromosome 10
2022-03-01 04:26:53 INFO::Number of genes with weights provided: 32127
2022-03-01 04:26:53 INFO::Collecting gene weight information ...
2022-03-01 04:26:53 INFO::Flipping weights to match LD reference
2022-03-01 04:26:53 INFO::Harmonizing strand ambiguous weights using correlations with unambiguous variants
2022-03-01 04:32:57 INFO::Start gene z score imputation ...
2022-03-01 04:32:57 INFO::Using given LD matrices to impute gene z score.
2022-03-01 04:39:21 INFO::Imputation done, writing results to output...
2022-03-01 04:39:21 INFO::Imputation done: number of genes with imputed expression: 1095 for chr 10
2022-03-01 04:39:22 INFO::Flipping z scores to match LD reference
2022-03-01 04:39:23 INFO::Harmonizing strand-ambiguous z scores using imputation by region
2022-03-01 04:55:43 INFO::Reading weights for chromosome 11
2022-03-01 04:55:43 INFO::Number of genes with weights provided: 32127
2022-03-01 04:55:43 INFO::Collecting gene weight information ...
2022-03-01 04:55:43 INFO::Flipping weights to match LD reference
2022-03-01 04:55:43 INFO::Harmonizing strand ambiguous weights using correlations with unambiguous variants
2022-03-01 05:03:30 INFO::Start gene z score imputation ...
2022-03-01 05:03:30 INFO::Using given LD matrices to impute gene z score.
2022-03-01 05:10:23 INFO::Imputation done, writing results to output...
2022-03-01 05:10:23 INFO::Imputation done: number of genes with imputed expression: 1476 for chr 11
2022-03-01 05:10:24 INFO::Flipping z scores to match LD reference
2022-03-01 05:10:26 INFO::Harmonizing strand-ambiguous z scores using imputation by region
2022-03-01 05:24:52 INFO::Reading weights for chromosome 12
2022-03-01 05:24:52 INFO::Number of genes with weights provided: 32127
2022-03-01 05:24:52 INFO::Collecting gene weight information ...
2022-03-01 05:24:52 INFO::Flipping weights to match LD reference
2022-03-01 05:24:52 INFO::Harmonizing strand ambiguous weights using correlations with unambiguous variants
2022-03-01 05:32:47 INFO::Start gene z score imputation ...
2022-03-01 05:32:47 INFO::Using given LD matrices to impute gene z score.
2022-03-01 05:40:39 INFO::Imputation done, writing results to output...
2022-03-01 05:40:39 INFO::Imputation done: number of genes with imputed expression: 1321 for chr 12
2022-03-01 05:40:40 INFO::Flipping z scores to match LD reference
2022-03-01 05:40:41 INFO::Harmonizing strand-ambiguous z scores using imputation by region
2022-03-01 05:51:58 INFO::Reading weights for chromosome 13
2022-03-01 05:51:58 INFO::Number of genes with weights provided: 32127
2022-03-01 05:51:58 INFO::Collecting gene weight information ...
2022-03-01 05:51:58 INFO::Flipping weights to match LD reference
2022-03-01 05:51:58 INFO::Harmonizing strand ambiguous weights using correlations with unambiguous variants
2022-03-01 05:55:22 INFO::Start gene z score imputation ...
2022-03-01 05:55:22 INFO::Using given LD matrices to impute gene z score.
2022-03-01 05:58:22 INFO::Imputation done, writing results to output...
2022-03-01 05:58:23 INFO::Imputation done: number of genes with imputed expression: 450 for chr 13
2022-03-01 05:58:23 INFO::Flipping z scores to match LD reference
2022-03-01 05:58:25 INFO::Harmonizing strand-ambiguous z scores using imputation by region
2022-03-01 06:07:44 INFO::Reading weights for chromosome 14
2022-03-01 06:07:44 INFO::Number of genes with weights provided: 32127
2022-03-01 06:07:44 INFO::Collecting gene weight information ...
2022-03-01 06:07:44 INFO::Flipping weights to match LD reference
2022-03-01 06:07:44 INFO::Harmonizing strand ambiguous weights using correlations with unambiguous variants
2022-03-01 06:13:42 INFO::Start gene z score imputation ...
2022-03-01 06:13:42 INFO::Using given LD matrices to impute gene z score.
2022-03-01 06:18:25 INFO::Imputation done, writing results to output...
2022-03-01 06:18:26 INFO::Imputation done: number of genes with imputed expression: 919 for chr 14
2022-03-01 06:18:27 INFO::Flipping z scores to match LD reference
2022-03-01 06:18:28 INFO::Harmonizing strand-ambiguous z scores using imputation by region
2022-03-01 06:25:35 INFO::Reading weights for chromosome 15
2022-03-01 06:25:35 INFO::Number of genes with weights provided: 32127
2022-03-01 06:25:35 INFO::Collecting gene weight information ...
2022-03-01 06:25:35 INFO::Flipping weights to match LD reference
2022-03-01 06:25:35 INFO::Harmonizing strand ambiguous weights using correlations with unambiguous variants
2022-03-01 06:31:06 INFO::Start gene z score imputation ...
2022-03-01 06:31:06 INFO::Using given LD matrices to impute gene z score.
2022-03-01 06:35:16 INFO::Imputation done, writing results to output...
2022-03-01 06:35:16 INFO::Imputation done: number of genes with imputed expression: 854 for chr 15
2022-03-01 06:35:17 INFO::Flipping z scores to match LD reference
2022-03-01 06:35:19 INFO::Harmonizing strand-ambiguous z scores using imputation by region
2022-03-01 06:42:45 INFO::Reading weights for chromosome 16
2022-03-01 06:42:45 INFO::Number of genes with weights provided: 32127
2022-03-01 06:42:45 INFO::Collecting gene weight information ...
2022-03-01 06:42:45 INFO::Flipping weights to match LD reference
2022-03-01 06:42:45 INFO::Harmonizing strand ambiguous weights using correlations with unambiguous variants
2022-03-01 06:48:36 INFO::Start gene z score imputation ...
2022-03-01 06:48:36 INFO::Using given LD matrices to impute gene z score.
2022-03-01 06:53:10 INFO::Imputation done, writing results to output...
2022-03-01 06:53:10 INFO::Imputation done: number of genes with imputed expression: 1149 for chr 16
2022-03-01 06:53:11 INFO::Flipping z scores to match LD reference
2022-03-01 06:53:12 INFO::Harmonizing strand-ambiguous z scores using imputation by region
2022-03-01 06:59:43 INFO::Reading weights for chromosome 17
2022-03-01 06:59:44 INFO::Number of genes with weights provided: 32127
2022-03-01 06:59:44 INFO::Collecting gene weight information ...
2022-03-01 06:59:44 INFO::Flipping weights to match LD reference
2022-03-01 06:59:44 INFO::Harmonizing strand ambiguous weights using correlations with unambiguous variants
2022-03-01 07:08:10 INFO::Start gene z score imputation ...
2022-03-01 07:08:10 INFO::Using given LD matrices to impute gene z score.
2022-03-01 07:14:44 INFO::Imputation done, writing results to output...
2022-03-01 07:14:44 INFO::Imputation done: number of genes with imputed expression: 1674 for chr 17
2022-03-01 07:14:45 INFO::Flipping z scores to match LD reference
2022-03-01 07:14:46 INFO::Harmonizing strand-ambiguous z scores using imputation by region
2022-03-01 07:23:51 INFO::Reading weights for chromosome 18
2022-03-01 07:23:51 INFO::Number of genes with weights provided: 32127
2022-03-01 07:23:51 INFO::Collecting gene weight information ...
2022-03-01 07:23:51 INFO::Flipping weights to match LD reference
2022-03-01 07:23:51 INFO::Harmonizing strand ambiguous weights using correlations with unambiguous variants
2022-03-01 07:26:47 INFO::Start gene z score imputation ...
2022-03-01 07:26:47 INFO::Using given LD matrices to impute gene z score.
2022-03-01 07:29:57 INFO::Imputation done, writing results to output...
2022-03-01 07:29:57 INFO::Imputation done: number of genes with imputed expression: 367 for chr 18
2022-03-01 07:29:57 INFO::Flipping z scores to match LD reference
2022-03-01 07:29:59 INFO::Harmonizing strand-ambiguous z scores using imputation by region
2022-03-01 07:35:41 INFO::Reading weights for chromosome 19
2022-03-01 07:35:41 INFO::Number of genes with weights provided: 32127
2022-03-01 07:35:41 INFO::Collecting gene weight information ...
2022-03-01 07:35:41 INFO::Flipping weights to match LD reference
2022-03-01 07:35:41 INFO::Harmonizing strand ambiguous weights using correlations with unambiguous variants
2022-03-01 07:44:37 INFO::Start gene z score imputation ...
2022-03-01 07:44:37 INFO::Using given LD matrices to impute gene z score.
2022-03-01 07:50:58 INFO::Imputation done, writing results to output...
2022-03-01 07:50:58 INFO::Imputation done: number of genes with imputed expression: 1735 for chr 19
2022-03-01 07:50:59 INFO::Flipping z scores to match LD reference
2022-03-01 07:51:00 INFO::Harmonizing strand-ambiguous z scores using imputation by region
2022-03-01 07:57:52 INFO::Reading weights for chromosome 20
2022-03-01 07:57:52 INFO::Number of genes with weights provided: 32127
2022-03-01 07:57:52 INFO::Collecting gene weight information ...
2022-03-01 07:57:52 INFO::Flipping weights to match LD reference
2022-03-01 07:57:52 INFO::Harmonizing strand ambiguous weights using correlations with unambiguous variants
2022-03-01 08:02:43 INFO::Start gene z score imputation ...
2022-03-01 08:02:43 INFO::Using given LD matrices to impute gene z score.
2022-03-01 08:06:58 INFO::Imputation done, writing results to output...
2022-03-01 08:06:59 INFO::Imputation done: number of genes with imputed expression: 782 for chr 20
2022-03-01 08:06:59 INFO::Flipping z scores to match LD reference
2022-03-01 08:07:01 INFO::Harmonizing strand-ambiguous z scores using imputation by region
2022-03-01 08:10:30 INFO::Reading weights for chromosome 21
2022-03-01 08:10:30 INFO::Number of genes with weights provided: 32127
2022-03-01 08:10:30 INFO::Collecting gene weight information ...
2022-03-01 08:10:30 INFO::Flipping weights to match LD reference
2022-03-01 08:10:30 INFO::Harmonizing strand ambiguous weights using correlations with unambiguous variants
2022-03-01 08:12:41 INFO::Start gene z score imputation ...
2022-03-01 08:12:41 INFO::Using given LD matrices to impute gene z score.
2022-03-01 08:14:22 INFO::Imputation done, writing results to output...
2022-03-01 08:14:22 INFO::Imputation done: number of genes with imputed expression: 336 for chr 21
2022-03-01 08:14:23 INFO::Flipping z scores to match LD reference
2022-03-01 08:14:25 INFO::Harmonizing strand-ambiguous z scores using imputation by region
2022-03-01 08:17:31 INFO::Reading weights for chromosome 22
2022-03-01 08:17:31 INFO::Number of genes with weights provided: 32127
2022-03-01 08:17:31 INFO::Collecting gene weight information ...
2022-03-01 08:17:31 INFO::Flipping weights to match LD reference
2022-03-01 08:17:31 INFO::Harmonizing strand ambiguous weights using correlations with unambiguous variants
2022-03-01 08:22:42 INFO::Start gene z score imputation ...
2022-03-01 08:22:42 INFO::Using given LD matrices to impute gene z score.
2022-03-01 08:25:54 INFO::Imputation done, writing results to output...
2022-03-01 08:25:54 INFO::Imputation done: number of genes with imputed expression: 779 for chr 22
2022-03-01 08:26:18 INFO::ctwas started ...
2022-03-01 08:26:40 INFO::LD region file: /home/shengqian/R/x86_64-pc-linux-gnu-library/3.6/ctwas/extdata/ldetect/EUR.b38.bed
2022-03-01 08:26:47 INFO::No. LD regions: 1700
2022-03-01 08:26:54 INFO::No. regions with at least one SNP/gene for chr1: 131
2022-03-01 08:26:54 INFO::Merge regions for chr1
2022-03-01 08:26:54 INFO::No. regions with at least one SNP/gene for chr1 after merging: 130
2022-03-01 08:27:00 INFO::No. regions with at least one SNP/gene for chr2: 144
2022-03-01 08:27:00 INFO::Merge regions for chr2
2022-03-01 08:27:00 INFO::No. regions with at least one SNP/gene for chr2 after merging: 143
2022-03-01 08:27:05 INFO::No. regions with at least one SNP/gene for chr3: 122
2022-03-01 08:27:05 INFO::Merge regions for chr3
2022-03-01 08:27:05 INFO::No. regions with at least one SNP/gene for chr3 after merging: 122
2022-03-01 08:27:11 INFO::No. regions with at least one SNP/gene for chr4: 122
2022-03-01 08:27:11 INFO::Merge regions for chr4
2022-03-01 08:27:11 INFO::No. regions with at least one SNP/gene for chr4 after merging: 122
2022-03-01 08:27:15 INFO::No. regions with at least one SNP/gene for chr5: 110
2022-03-01 08:27:15 INFO::Merge regions for chr5
2022-03-01 08:27:15 INFO::No. regions with at least one SNP/gene for chr5 after merging: 110
2022-03-01 08:27:19 INFO::No. regions with at least one SNP/gene for chr6: 112
2022-03-01 08:27:19 INFO::Merge regions for chr6
2022-03-01 08:27:19 INFO::No. regions with at least one SNP/gene for chr6 after merging: 112
2022-03-01 08:27:23 INFO::No. regions with at least one SNP/gene for chr7: 99
2022-03-01 08:27:23 INFO::Merge regions for chr7
2022-03-01 08:27:23 INFO::No. regions with at least one SNP/gene for chr7 after merging: 98
2022-03-01 08:27:27 INFO::No. regions with at least one SNP/gene for chr8: 94
2022-03-01 08:27:27 INFO::Merge regions for chr8
2022-03-01 08:27:27 INFO::No. regions with at least one SNP/gene for chr8 after merging: 94
2022-03-01 08:27:31 INFO::No. regions with at least one SNP/gene for chr9: 74
2022-03-01 08:27:31 INFO::Merge regions for chr9
2022-03-01 08:27:31 INFO::No. regions with at least one SNP/gene for chr9 after merging: 74
2022-03-01 08:27:35 INFO::No. regions with at least one SNP/gene for chr10: 85
2022-03-01 08:27:35 INFO::Merge regions for chr10
2022-03-01 08:27:35 INFO::No. regions with at least one SNP/gene for chr10 after merging: 85
2022-03-01 08:27:38 INFO::No. regions with at least one SNP/gene for chr11: 84
2022-03-01 08:27:38 INFO::Merge regions for chr11
2022-03-01 08:27:38 INFO::No. regions with at least one SNP/gene for chr11 after merging: 84
2022-03-01 08:27:40 INFO::No. regions with at least one SNP/gene for chr12: 82
2022-03-01 08:27:40 INFO::Merge regions for chr12
2022-03-01 08:27:40 INFO::No. regions with at least one SNP/gene for chr12 after merging: 82
2022-03-01 08:27:43 INFO::No. regions with at least one SNP/gene for chr13: 62
2022-03-01 08:27:43 INFO::Merge regions for chr13
2022-03-01 08:27:43 INFO::No. regions with at least one SNP/gene for chr13 after merging: 62
2022-03-01 08:27:45 INFO::No. regions with at least one SNP/gene for chr14: 56
2022-03-01 08:27:45 INFO::Merge regions for chr14
2022-03-01 08:27:45 INFO::No. regions with at least one SNP/gene for chr14 after merging: 56
2022-03-01 08:27:47 INFO::No. regions with at least one SNP/gene for chr15: 49
2022-03-01 08:27:47 INFO::Merge regions for chr15
2022-03-01 08:27:47 INFO::No. regions with at least one SNP/gene for chr15 after merging: 49
2022-03-01 08:27:49 INFO::No. regions with at least one SNP/gene for chr16: 54
2022-03-01 08:27:49 INFO::Merge regions for chr16
2022-03-01 08:27:49 INFO::No. regions with at least one SNP/gene for chr16 after merging: 54
2022-03-01 08:27:51 INFO::No. regions with at least one SNP/gene for chr17: 47
2022-03-01 08:27:51 INFO::Merge regions for chr17
2022-03-01 08:27:51 INFO::No. regions with at least one SNP/gene for chr17 after merging: 47
2022-03-01 08:27:52 INFO::No. regions with at least one SNP/gene for chr18: 47
2022-03-01 08:27:52 INFO::Merge regions for chr18
2022-03-01 08:27:52 INFO::No. regions with at least one SNP/gene for chr18 after merging: 46
2022-03-01 08:27:55 INFO::No. regions with at least one SNP/gene for chr19: 39
2022-03-01 08:27:55 INFO::Merge regions for chr19
2022-03-01 08:27:55 INFO::No. regions with at least one SNP/gene for chr19 after merging: 39
2022-03-01 08:27:56 INFO::No. regions with at least one SNP/gene for chr20: 38
2022-03-01 08:27:56 INFO::Merge regions for chr20
2022-03-01 08:27:56 INFO::No. regions with at least one SNP/gene for chr20 after merging: 37
2022-03-01 08:27:57 INFO::No. regions with at least one SNP/gene for chr21: 24
2022-03-01 08:27:57 INFO::Merge regions for chr21
2022-03-01 08:27:57 INFO::No. regions with at least one SNP/gene for chr21 after merging: 24
2022-03-01 08:27:58 INFO::No. regions with at least one SNP/gene for chr22: 24
2022-03-01 08:27:58 INFO::Merge regions for chr22
2022-03-01 08:27:58 INFO::No. regions with at least one SNP/gene for chr22 after merging: 24
2022-03-01 08:27:58 INFO::Trim regions with SNPs more than Inf
2022-03-01 08:27:58 INFO::Adding R matrix info, as genotype is not given
2022-03-01 08:27:59 INFO::Adding R matrix info for chrom 1
2022-03-01 08:41:01 INFO::Adding R matrix info for chrom 2
2022-03-01 08:53:34 INFO::Adding R matrix info for chrom 3
2022-03-01 09:02:58 INFO::Adding R matrix info for chrom 4
2022-03-01 09:11:46 INFO::Adding R matrix info for chrom 5
2022-03-01 09:19:29 INFO::Adding R matrix info for chrom 6
2022-03-01 09:28:18 INFO::Adding R matrix info for chrom 7
2022-03-01 09:37:45 INFO::Adding R matrix info for chrom 8
2022-03-01 09:45:07 INFO::Adding R matrix info for chrom 9
2022-03-01 09:51:31 INFO::Adding R matrix info for chrom 10
2022-03-01 09:59:04 INFO::Adding R matrix info for chrom 11
2022-03-01 10:08:02 INFO::Adding R matrix info for chrom 12
2022-03-01 10:16:05 INFO::Adding R matrix info for chrom 13
2022-03-01 10:20:37 INFO::Adding R matrix info for chrom 14
2022-03-01 10:26:08 INFO::Adding R matrix info for chrom 15
2022-03-01 10:30:39 INFO::Adding R matrix info for chrom 16
2022-03-01 10:36:06 INFO::Adding R matrix info for chrom 17
2022-03-01 10:42:54 INFO::Adding R matrix info for chrom 18
2022-03-01 10:47:06 INFO::Adding R matrix info for chrom 19
2022-03-01 10:54:28 INFO::Adding R matrix info for chrom 20
2022-03-01 10:58:57 INFO::Adding R matrix info for chrom 21
2022-03-01 11:00:47 INFO::Adding R matrix info for chrom 22
2022-03-01 11:03:49 INFO::Run susie iteratively, getting rough estimate ...
2022-03-01 11:03:49 INFO::run iteration 1
starting worker pid=17481 on localhost:11780 at 11:03:50.764
starting worker pid=17494 on localhost:11780 at 11:03:51.308
starting worker pid=17508 on localhost:11780 at 11:03:51.770
starting worker pid=17521 on localhost:11780 at 11:03:52.241
starting worker pid=17535 on localhost:11780 at 11:03:52.712
starting worker pid=17548 on localhost:11780 at 11:03:53.180
starting worker pid=17561 on localhost:11780 at 11:03:53.640
starting worker pid=17575 on localhost:11780 at 11:03:54.099
starting worker pid=17588 on localhost:11780 at 11:03:54.560
starting worker pid=17601 on localhost:11780 at 11:03:55.020
2022-03-01 11:14:10 INFO::After iteration 1, gene prior 0.00279726959837488:, SNP prior:0.00214565415920119
2022-03-01 11:14:11 INFO::run iteration 2
starting worker pid=18339 on localhost:11780 at 11:14:11.987
starting worker pid=18353 on localhost:11780 at 11:14:12.513
starting worker pid=18366 on localhost:11780 at 11:14:13.026
starting worker pid=18379 on localhost:11780 at 11:14:13.515
starting worker pid=18394 on localhost:11780 at 11:14:14.006
starting worker pid=18407 on localhost:11780 at 11:14:14.516
starting worker pid=18421 on localhost:11780 at 11:14:15.002
starting worker pid=18434 on localhost:11780 at 11:14:15.491
starting worker pid=18447 on localhost:11780 at 11:14:15.985
starting worker pid=18461 on localhost:11780 at 11:14:16.451
2022-03-01 11:24:35 INFO::After iteration 2, gene prior 0.00299277639765736:, SNP prior:0.00187786186290072
2022-03-01 11:24:36 INFO::run iteration 3
starting worker pid=19923 on localhost:11780 at 11:24:36.921
starting worker pid=19937 on localhost:11780 at 11:24:37.494
starting worker pid=19950 on localhost:11780 at 11:24:38.028
starting worker pid=19963 on localhost:11780 at 11:24:38.517
starting worker pid=19977 on localhost:11780 at 11:24:39.009
starting worker pid=19990 on localhost:11780 at 11:24:39.493
starting worker pid=20004 on localhost:11780 at 11:24:39.979
starting worker pid=20017 on localhost:11780 at 11:24:40.465
starting worker pid=20030 on localhost:11780 at 11:24:40.956
starting worker pid=20044 on localhost:11780 at 11:24:41.444
2022-03-01 11:34:57 INFO::After iteration 3, gene prior 0.00334834925308518:, SNP prior:0.00178557049392094
2022-03-01 11:34:57 INFO::Blocks are filtered: 834 blocks left
2022-03-01 11:34:57 INFO::Run susie iteratively, getting accurate estimate ...
2022-03-01 11:34:57 INFO::run iteration 1
starting worker pid=20700 on localhost:11780 at 11:34:58.767
starting worker pid=20713 on localhost:11780 at 11:34:59.304
starting worker pid=20727 on localhost:11780 at 11:34:59.823
starting worker pid=20740 on localhost:11780 at 11:35:00.324
starting worker pid=20754 on localhost:11780 at 11:35:00.813
starting worker pid=20767 on localhost:11780 at 11:35:01.304
starting worker pid=20780 on localhost:11780 at 11:35:01.798
starting worker pid=20794 on localhost:11780 at 11:35:02.288
starting worker pid=20807 on localhost:11780 at 11:35:02.775
starting worker pid=20821 on localhost:11780 at 11:35:03.262
2022-03-01 11:40:49 INFO::After iteration 1, gene prior 0.00468502240392678:, SNP prior:0.00204289343064903
2022-03-01 11:40:49 INFO::run iteration 2
starting worker pid=21192 on localhost:11780 at 11:40:50.205
starting worker pid=21206 on localhost:11780 at 11:40:50.761
starting worker pid=21219 on localhost:11780 at 11:40:51.272
starting worker pid=21232 on localhost:11780 at 11:40:51.763
starting worker pid=21246 on localhost:11780 at 11:40:52.248
starting worker pid=21259 on localhost:11780 at 11:40:52.734
starting worker pid=21273 on localhost:11780 at 11:40:53.226
starting worker pid=21286 on localhost:11780 at 11:40:53.714
starting worker pid=21299 on localhost:11780 at 11:40:54.178
starting worker pid=21313 on localhost:11780 at 11:40:54.664
2022-03-01 11:46:40 INFO::After iteration 2, gene prior 0.00580379629203231:, SNP prior:0.00223041297922183
2022-03-01 11:46:40 INFO::run iteration 3
starting worker pid=22185 on localhost:11780 at 11:46:40.764
starting worker pid=22198 on localhost:11780 at 11:46:41.252
starting worker pid=22212 on localhost:11780 at 11:46:41.745
starting worker pid=22225 on localhost:11780 at 11:46:42.234
starting worker pid=22238 on localhost:11780 at 11:46:42.727
starting worker pid=22252 on localhost:11780 at 11:46:43.215
starting worker pid=22265 on localhost:11780 at 11:46:43.706
starting worker pid=22280 on localhost:11780 at 11:46:44.187
starting worker pid=22293 on localhost:11780 at 11:46:44.683
starting worker pid=22306 on localhost:11780 at 11:46:45.176
2022-03-01 11:52:29 INFO::After iteration 3, gene prior 0.00669430641768111:, SNP prior:0.00236399154260036
2022-03-01 11:52:29 INFO::run iteration 4
starting worker pid=22907 on localhost:11780 at 11:52:30.532
starting worker pid=22920 on localhost:11780 at 11:52:31.050
starting worker pid=22933 on localhost:11780 at 11:52:31.568
starting worker pid=22947 on localhost:11780 at 11:52:32.058
starting worker pid=22960 on localhost:11780 at 11:52:32.544
starting worker pid=22974 on localhost:11780 at 11:52:33.027
starting worker pid=22987 on localhost:11780 at 11:52:33.515
starting worker pid=23000 on localhost:11780 at 11:52:34.004
starting worker pid=23014 on localhost:11780 at 11:52:34.495
starting worker pid=23027 on localhost:11780 at 11:52:35.002
2022-03-01 11:58:19 INFO::After iteration 4, gene prior 0.00731756531607833:, SNP prior:0.00243930692416617
2022-03-01 11:58:19 INFO::run iteration 5
starting worker pid=23399 on localhost:11780 at 11:58:19.769
starting worker pid=23412 on localhost:11780 at 11:58:20.316
starting worker pid=23426 on localhost:11780 at 11:58:20.828
starting worker pid=23439 on localhost:11780 at 11:58:21.313
starting worker pid=23453 on localhost:11780 at 11:58:21.807
starting worker pid=23466 on localhost:11780 at 11:58:22.295
starting worker pid=23479 on localhost:11780 at 11:58:22.780
starting worker pid=23493 on localhost:11780 at 11:58:23.276
starting worker pid=23506 on localhost:11780 at 11:58:23.764
starting worker pid=23520 on localhost:11780 at 11:58:24.254
2022-03-01 12:04:06 INFO::After iteration 5, gene prior 0.00773065267151378:, SNP prior:0.00247349119732778
2022-03-01 12:04:06 INFO::run iteration 6
starting worker pid=23889 on localhost:11780 at 12:04:07.004
starting worker pid=23902 on localhost:11780 at 12:04:07.553
starting worker pid=23917 on localhost:11780 at 12:04:08.066
starting worker pid=23930 on localhost:11780 at 12:04:08.554
starting worker pid=23975 on localhost:11780 at 12:04:09.044
starting worker pid=24024 on localhost:11780 at 12:04:09.534
starting worker pid=24037 on localhost:11780 at 12:04:10.024
starting worker pid=24051 on localhost:11780 at 12:04:10.490
starting worker pid=24064 on localhost:11780 at 12:04:10.977
starting worker pid=24078 on localhost:11780 at 12:04:11.466
2022-03-01 12:09:53 INFO::After iteration 6, gene prior 0.00801128067253639:, SNP prior:0.00248609291548396
2022-03-01 12:09:53 INFO::run iteration 7
starting worker pid=24455 on localhost:11780 at 12:09:54.271
starting worker pid=24468 on localhost:11780 at 12:09:54.821
starting worker pid=24482 on localhost:11780 at 12:09:55.311
starting worker pid=24495 on localhost:11780 at 12:09:55.814
starting worker pid=24508 on localhost:11780 at 12:09:56.308
starting worker pid=24522 on localhost:11780 at 12:09:56.797
starting worker pid=24535 on localhost:11780 at 12:09:57.283
starting worker pid=24549 on localhost:11780 at 12:09:57.773
starting worker pid=24562 on localhost:11780 at 12:09:58.304
starting worker pid=24575 on localhost:11780 at 12:09:58.796
2022-03-01 12:15:39 INFO::After iteration 7, gene prior 0.00820795745125436:, SNP prior:0.00248888891111627
2022-03-01 12:15:39 INFO::run iteration 8
starting worker pid=24944 on localhost:11780 at 12:15:40.300
starting worker pid=24957 on localhost:11780 at 12:15:40.772
starting worker pid=24970 on localhost:11780 at 12:15:41.269
starting worker pid=24984 on localhost:11780 at 12:15:41.755
starting worker pid=24997 on localhost:11780 at 12:15:42.245
starting worker pid=25011 on localhost:11780 at 12:15:42.737
starting worker pid=25024 on localhost:11780 at 12:15:43.227
starting worker pid=25037 on localhost:11780 at 12:15:43.716
starting worker pid=25051 on localhost:11780 at 12:15:44.203
starting worker pid=25064 on localhost:11780 at 12:15:44.691
2022-03-01 12:21:24 INFO::After iteration 8, gene prior 0.00835109474697409:, SNP prior:0.002487771769151
2022-03-01 12:21:24 INFO::run iteration 9
starting worker pid=26237 on localhost:11780 at 12:21:25.371
starting worker pid=26250 on localhost:11780 at 12:21:25.870
starting worker pid=26264 on localhost:11780 at 12:21:26.381
starting worker pid=26277 on localhost:11780 at 12:21:26.869
starting worker pid=26290 on localhost:11780 at 12:21:27.357
starting worker pid=26304 on localhost:11780 at 12:21:27.849
starting worker pid=26317 on localhost:11780 at 12:21:28.336
starting worker pid=26331 on localhost:11780 at 12:21:28.823
starting worker pid=26344 on localhost:11780 at 12:21:29.308
starting worker pid=26357 on localhost:11780 at 12:21:29.786
2022-03-01 12:27:10 INFO::After iteration 9, gene prior 0.00845848830120544:, SNP prior:0.00248538189111027
2022-03-01 12:27:10 INFO::run iteration 10
starting worker pid=26727 on localhost:11780 at 12:27:11.351
starting worker pid=26740 on localhost:11780 at 12:27:11.823
starting worker pid=26753 on localhost:11780 at 12:27:12.292
starting worker pid=26767 on localhost:11780 at 12:27:12.783
starting worker pid=26780 on localhost:11780 at 12:27:13.275
starting worker pid=26794 on localhost:11780 at 12:27:13.763
starting worker pid=26807 on localhost:11780 at 12:27:14.247
starting worker pid=26820 on localhost:11780 at 12:27:14.734
starting worker pid=26834 on localhost:11780 at 12:27:15.224
starting worker pid=26847 on localhost:11780 at 12:27:15.713
2022-03-01 12:32:58 INFO::After iteration 10, gene prior 0.00854080363499743:, SNP prior:0.00248281995834938
2022-03-01 12:32:58 INFO::run iteration 11
starting worker pid=27216 on localhost:11780 at 12:32:58.873
starting worker pid=27229 on localhost:11780 at 12:32:59.381
starting worker pid=27242 on localhost:11780 at 12:32:59.875
starting worker pid=27256 on localhost:11780 at 12:33:00.362
starting worker pid=27269 on localhost:11780 at 12:33:00.856
starting worker pid=27283 on localhost:11780 at 12:33:01.344
starting worker pid=27296 on localhost:11780 at 12:33:01.836
starting worker pid=27309 on localhost:11780 at 12:33:02.326
starting worker pid=27323 on localhost:11780 at 12:33:02.817
starting worker pid=27336 on localhost:11780 at 12:33:03.306
2022-03-01 12:38:45 INFO::After iteration 11, gene prior 0.00860474495042548:, SNP prior:0.00248049552878728
2022-03-01 12:38:46 INFO::run iteration 12
starting worker pid=27711 on localhost:11780 at 12:38:47.063
starting worker pid=27724 on localhost:11780 at 12:38:47.584
starting worker pid=27737 on localhost:11780 at 12:38:48.092
starting worker pid=27751 on localhost:11780 at 12:38:48.584
starting worker pid=27764 on localhost:11780 at 12:38:49.072
starting worker pid=27778 on localhost:11780 at 12:38:49.563
starting worker pid=27791 on localhost:11780 at 12:38:50.052
starting worker pid=27804 on localhost:11780 at 12:38:50.546
starting worker pid=27818 on localhost:11780 at 12:38:51.032
starting worker pid=27831 on localhost:11780 at 12:38:51.514
2022-03-01 12:44:33 INFO::After iteration 12, gene prior 0.00865479970468281:, SNP prior:0.00247852374079577
2022-03-01 12:44:33 INFO::run iteration 13
starting worker pid=28265 on localhost:11780 at 12:44:34.021
starting worker pid=28279 on localhost:11780 at 12:44:34.520
starting worker pid=28292 on localhost:11780 at 12:44:35.046
starting worker pid=28306 on localhost:11780 at 12:44:35.538
starting worker pid=28319 on localhost:11780 at 12:44:36.029
starting worker pid=28332 on localhost:11780 at 12:44:36.524
starting worker pid=28346 on localhost:11780 at 12:44:37.010
starting worker pid=28359 on localhost:11780 at 12:44:37.502
starting worker pid=28373 on localhost:11780 at 12:44:37.994
starting worker pid=28386 on localhost:11780 at 12:44:38.477
2022-03-01 12:50:20 INFO::After iteration 13, gene prior 0.00869415216389507:, SNP prior:0.00247690425371093
2022-03-01 12:50:21 INFO::run iteration 14
starting worker pid=29483 on localhost:11780 at 12:50:21.626
starting worker pid=29496 on localhost:11780 at 12:50:22.133
starting worker pid=29509 on localhost:11780 at 12:50:22.626
starting worker pid=29523 on localhost:11780 at 12:50:23.116
starting worker pid=29536 on localhost:11780 at 12:50:23.603
starting worker pid=29550 on localhost:11780 at 12:50:24.096
starting worker pid=29563 on localhost:11780 at 12:50:24.587
starting worker pid=29576 on localhost:11780 at 12:50:25.073
starting worker pid=29590 on localhost:11780 at 12:50:25.562
starting worker pid=29603 on localhost:11780 at 12:50:26.047
2022-03-01 12:56:06 INFO::After iteration 14, gene prior 0.00872516070551348:, SNP prior:0.00247559711567196
2022-03-01 12:56:07 INFO::run iteration 15
starting worker pid=29971 on localhost:11780 at 12:56:07.605
starting worker pid=29985 on localhost:11780 at 12:56:08.115
starting worker pid=29998 on localhost:11780 at 12:56:08.615
starting worker pid=30012 on localhost:11780 at 12:56:09.116
starting worker pid=30025 on localhost:11780 at 12:56:09.601
starting worker pid=30039 on localhost:11780 at 12:56:10.092
starting worker pid=30052 on localhost:11780 at 12:56:10.584
starting worker pid=30065 on localhost:11780 at 12:56:11.074
starting worker pid=30079 on localhost:11780 at 12:56:11.565
starting worker pid=30093 on localhost:11780 at 12:56:12.056
2022-03-01 13:01:53 INFO::After iteration 15, gene prior 0.00874961756388662:, SNP prior:0.00247455203263417
2022-03-01 13:01:53 INFO::run iteration 16
starting worker pid=30463 on localhost:11780 at 13:01:53.902
starting worker pid=30476 on localhost:11780 at 13:01:54.396
starting worker pid=30490 on localhost:11780 at 13:01:54.882
starting worker pid=30503 on localhost:11780 at 13:01:55.376
starting worker pid=30517 on localhost:11780 at 13:01:55.864
starting worker pid=30530 on localhost:11780 at 13:01:56.353
starting worker pid=30543 on localhost:11780 at 13:01:56.846
starting worker pid=30558 on localhost:11780 at 13:01:57.332
starting worker pid=30571 on localhost:11780 at 13:01:57.824
starting worker pid=30585 on localhost:11780 at 13:01:58.307
2022-03-01 13:07:39 INFO::After iteration 16, gene prior 0.00876890330382469:, SNP prior:0.00247372071745657
2022-03-01 13:07:39 INFO::run iteration 17
starting worker pid=30951 on localhost:11780 at 13:07:40.133
starting worker pid=30965 on localhost:11780 at 13:07:40.669
starting worker pid=30979 on localhost:11780 at 13:07:41.191
starting worker pid=30992 on localhost:11780 at 13:07:41.677
starting worker pid=31006 on localhost:11780 at 13:07:42.163
starting worker pid=31020 on localhost:11780 at 13:07:42.656
starting worker pid=31033 on localhost:11780 at 13:07:43.142
starting worker pid=31047 on localhost:11780 at 13:07:43.636
starting worker pid=31060 on localhost:11780 at 13:07:44.123
starting worker pid=31074 on localhost:11780 at 13:07:44.607
2022-03-01 13:13:26 INFO::After iteration 17, gene prior 0.00878411414535236:, SNP prior:0.00247306098284589
2022-03-01 13:13:26 INFO::run iteration 18
starting worker pid=31444 on localhost:11780 at 13:13:26.680
starting worker pid=31458 on localhost:11780 at 13:13:27.227
starting worker pid=31471 on localhost:11780 at 13:13:27.751
starting worker pid=31485 on localhost:11780 at 13:13:28.263
starting worker pid=31498 on localhost:11780 at 13:13:28.741
starting worker pid=31512 on localhost:11780 at 13:13:29.234
starting worker pid=31525 on localhost:11780 at 13:13:29.699
starting worker pid=31538 on localhost:11780 at 13:13:30.169
starting worker pid=31552 on localhost:11780 at 13:13:30.622
starting worker pid=31565 on localhost:11780 at 13:13:31.082
2022-03-01 13:19:13 INFO::After iteration 18, gene prior 0.00879611227873215:, SNP prior:0.00247253854950028
2022-03-01 13:19:13 INFO::run iteration 19
starting worker pid=32725 on localhost:11780 at 13:19:13.641
starting worker pid=32739 on localhost:11780 at 13:19:14.179
starting worker pid=32753 on localhost:11780 at 13:19:14.726
starting worker pid=32767 on localhost:11780 at 13:19:15.213
starting worker pid=32780 on localhost:11780 at 13:19:15.705
starting worker pid=32794 on localhost:11780 at 13:19:16.194
starting worker pid=32807 on localhost:11780 at 13:19:16.687
starting worker pid=32820 on localhost:11780 at 13:19:17.172
starting worker pid=32836 on localhost:11780 at 13:19:17.665
starting worker pid=32849 on localhost:11780 at 13:19:18.153
2022-03-01 13:25:02 INFO::After iteration 19, gene prior 0.00880557633342439:, SNP prior:0.00247212552397101
2022-03-01 13:25:02 INFO::run iteration 20
starting worker pid=33231 on localhost:11780 at 13:25:03.024
starting worker pid=33245 on localhost:11780 at 13:25:03.532
starting worker pid=33258 on localhost:11780 at 13:25:04.024
starting worker pid=33272 on localhost:11780 at 13:25:04.515
starting worker pid=33286 on localhost:11780 at 13:25:05.005
starting worker pid=33299 on localhost:11780 at 13:25:05.493
starting worker pid=33313 on localhost:11780 at 13:25:05.983
starting worker pid=33326 on localhost:11780 at 13:25:06.467
starting worker pid=33340 on localhost:11780 at 13:25:06.953
starting worker pid=33354 on localhost:11780 at 13:25:07.444
2022-03-01 13:30:48 INFO::After iteration 20, gene prior 0.00881304102547789:, SNP prior:0.00247179931911715
2022-03-01 13:30:48 INFO::run iteration 21
starting worker pid=33720 on localhost:11780 at 13:30:49.062
starting worker pid=33734 on localhost:11780 at 13:30:49.562
starting worker pid=33747 on localhost:11780 at 13:30:50.072
starting worker pid=33773 on localhost:11780 at 13:30:50.566
starting worker pid=33786 on localhost:11780 at 13:30:51.052
starting worker pid=33799 on localhost:11780 at 13:30:51.542
starting worker pid=33813 on localhost:11780 at 13:30:52.033
starting worker pid=33826 on localhost:11780 at 13:30:52.525
starting worker pid=33840 on localhost:11780 at 13:30:53.014
starting worker pid=33853 on localhost:11780 at 13:30:53.496
2022-03-01 13:36:35 INFO::After iteration 21, gene prior 0.00881892820247799:, SNP prior:0.00247154184437983
2022-03-01 13:36:35 INFO::run iteration 22
starting worker pid=34219 on localhost:11780 at 13:36:35.641
starting worker pid=34232 on localhost:11780 at 13:36:36.146
starting worker pid=34246 on localhost:11780 at 13:36:36.658
starting worker pid=34259 on localhost:11780 at 13:36:37.146
starting worker pid=34272 on localhost:11780 at 13:36:37.646
starting worker pid=34286 on localhost:11780 at 13:36:38.132
starting worker pid=34299 on localhost:11780 at 13:36:38.626
starting worker pid=34313 on localhost:11780 at 13:36:39.117
starting worker pid=34326 on localhost:11780 at 13:36:39.607
starting worker pid=34339 on localhost:11780 at 13:36:40.095
2022-03-01 13:42:23 INFO::After iteration 22, gene prior 0.00882357081140324:, SNP prior:0.00247133869971214
2022-03-01 13:42:23 INFO::run iteration 23
starting worker pid=34707 on localhost:11780 at 13:42:23.766
starting worker pid=34722 on localhost:11780 at 13:42:24.285
starting worker pid=34735 on localhost:11780 at 13:42:24.776
starting worker pid=34749 on localhost:11780 at 13:42:25.262
starting worker pid=34762 on localhost:11780 at 13:42:25.753
starting worker pid=34776 on localhost:11780 at 13:42:26.244
starting worker pid=34789 on localhost:11780 at 13:42:26.736
starting worker pid=34802 on localhost:11780 at 13:42:27.223
starting worker pid=34816 on localhost:11780 at 13:42:27.713
starting worker pid=34829 on localhost:11780 at 13:42:28.204
2022-03-01 13:48:08 INFO::After iteration 23, gene prior 0.0088272316484197:, SNP prior:0.00247117846341775
2022-03-01 13:48:08 INFO::run iteration 24
starting worker pid=35827 on localhost:11780 at 13:48:09.300
starting worker pid=35841 on localhost:11780 at 13:48:09.830
starting worker pid=35854 on localhost:11780 at 13:48:10.354
starting worker pid=35868 on localhost:11780 at 13:48:10.854
starting worker pid=35881 on localhost:11780 at 13:48:11.346
starting worker pid=35896 on localhost:11780 at 13:48:11.836
starting worker pid=35909 on localhost:11780 at 13:48:12.326
starting worker pid=35922 on localhost:11780 at 13:48:12.816
starting worker pid=35936 on localhost:11780 at 13:48:13.301
starting worker pid=35949 on localhost:11780 at 13:48:13.804
2022-03-01 13:53:57 INFO::After iteration 24, gene prior 0.00883011811761336:, SNP prior:0.00247105209538285
2022-03-01 13:53:57 INFO::run iteration 25
starting worker pid=36485 on localhost:11780 at 13:53:57.872
starting worker pid=36499 on localhost:11780 at 13:53:58.399
starting worker pid=36512 on localhost:11780 at 13:53:58.913
starting worker pid=36526 on localhost:11780 at 13:53:59.396
starting worker pid=36539 on localhost:11780 at 13:53:59.887
starting worker pid=36552 on localhost:11780 at 13:54:00.373
starting worker pid=36566 on localhost:11780 at 13:54:00.857
starting worker pid=36579 on localhost:11780 at 13:54:01.336
starting worker pid=36593 on localhost:11780 at 13:54:01.816
starting worker pid=36606 on localhost:11780 at 13:54:02.297
2022-03-01 13:59:42 INFO::After iteration 25, gene prior 0.00883239387962316:, SNP prior:0.00247095244987335
2022-03-01 13:59:43 INFO::run iteration 26
starting worker pid=37042 on localhost:11780 at 13:59:43.606
starting worker pid=37056 on localhost:11780 at 13:59:44.091
starting worker pid=37069 on localhost:11780 at 13:59:44.585
starting worker pid=37083 on localhost:11780 at 13:59:45.076
starting worker pid=37096 on localhost:11780 at 13:59:45.563
starting worker pid=37109 on localhost:11780 at 13:59:46.054
starting worker pid=37123 on localhost:11780 at 13:59:46.518
starting worker pid=37136 on localhost:11780 at 13:59:47.006
starting worker pid=37150 on localhost:11780 at 13:59:47.491
starting worker pid=37163 on localhost:11780 at 13:59:47.984
2022-03-01 14:05:31 INFO::After iteration 26, gene prior 0.00883418805499478:, SNP prior:0.00247087388329402
2022-03-01 14:05:33 INFO::run iteration 27
starting worker pid=37532 on localhost:11780 at 14:05:33.865
starting worker pid=37545 on localhost:11780 at 14:05:34.362
starting worker pid=37558 on localhost:11780 at 14:05:34.850
starting worker pid=37572 on localhost:11780 at 14:05:35.336
starting worker pid=37585 on localhost:11780 at 14:05:35.800
starting worker pid=37599 on localhost:11780 at 14:05:36.270
starting worker pid=37612 on localhost:11780 at 14:05:36.731
starting worker pid=37625 on localhost:11780 at 14:05:37.190
starting worker pid=37639 on localhost:11780 at 14:05:37.651
starting worker pid=37652 on localhost:11780 at 14:05:38.109
2022-03-01 14:11:21 INFO::After iteration 27, gene prior 0.00883560249718128:, SNP prior:0.00247081194087806
2022-03-01 14:11:21 INFO::run iteration 28
starting worker pid=38022 on localhost:11780 at 14:11:21.990
starting worker pid=38035 on localhost:11780 at 14:11:22.510
starting worker pid=38048 on localhost:11780 at 14:11:23.002
starting worker pid=38062 on localhost:11780 at 14:11:23.487
starting worker pid=38075 on localhost:11780 at 14:11:23.972
starting worker pid=38089 on localhost:11780 at 14:11:24.463
starting worker pid=38102 on localhost:11780 at 14:11:24.954
starting worker pid=38115 on localhost:11780 at 14:11:25.436
starting worker pid=38129 on localhost:11780 at 14:11:25.926
starting worker pid=38142 on localhost:11780 at 14:11:26.414
2022-03-01 14:17:07 INFO::After iteration 28, gene prior 0.00883671753923995:, SNP prior:0.00247076310758019
2022-03-01 14:17:08 INFO::run iteration 29
starting worker pid=39012 on localhost:11780 at 14:17:08.645
starting worker pid=39025 on localhost:11780 at 14:17:09.141
starting worker pid=39039 on localhost:11780 at 14:17:09.663
starting worker pid=39052 on localhost:11780 at 14:17:10.175
starting worker pid=39066 on localhost:11780 at 14:17:10.661
starting worker pid=39079 on localhost:11780 at 14:17:11.146
starting worker pid=39092 on localhost:11780 at 14:17:11.632
starting worker pid=39106 on localhost:11780 at 14:17:12.123
starting worker pid=39119 on localhost:11780 at 14:17:12.616
starting worker pid=39132 on localhost:11780 at 14:17:13.103
2022-03-01 14:22:53 INFO::After iteration 29, gene prior 0.00883759653321414:, SNP prior:0.00247072461057439
2022-03-01 14:22:53 INFO::run iteration 30
starting worker pid=39727 on localhost:11780 at 14:22:53.659
starting worker pid=39740 on localhost:11780 at 14:22:54.121
starting worker pid=39754 on localhost:11780 at 14:22:54.605
starting worker pid=39767 on localhost:11780 at 14:22:55.092
starting worker pid=39780 on localhost:11780 at 14:22:55.584
starting worker pid=39794 on localhost:11780 at 14:22:56.074
starting worker pid=39807 on localhost:11780 at 14:22:56.564
starting worker pid=39821 on localhost:11780 at 14:22:57.048
starting worker pid=39834 on localhost:11780 at 14:22:57.533
starting worker pid=39847 on localhost:11780 at 14:22:58.017
2022-03-01 14:28:40 INFO::After iteration 30, gene prior 0.00883828943466893:, SNP prior:0.00247069426294405
2022-03-01 14:28:41 INFO::Run susie for all regions.
2022-03-01 14:28:41 INFO::run iteration 1
starting worker pid=40218 on localhost:11780 at 14:28:42.153
starting worker pid=40231 on localhost:11780 at 14:28:42.704
starting worker pid=40245 on localhost:11780 at 14:28:43.218
starting worker pid=40258 on localhost:11780 at 14:28:43.706
starting worker pid=40271 on localhost:11780 at 14:28:44.197
starting worker pid=40285 on localhost:11780 at 14:28:44.687
starting worker pid=40298 on localhost:11780 at 14:28:45.173
starting worker pid=40312 on localhost:11780 at 14:28:45.663
starting worker pid=40325 on localhost:11780 at 14:28:46.155
starting worker pid=40338 on localhost:11780 at 14:28:46.645
2022-03-01 14:39:13 INFO::After iteration 1, gene prior 0.026353730339517:, SNP prior:0.00901929307457415
2022-03-01 14:39:13 INFO::No. LD regions: 1700
2022-03-01 14:39:19 INFO::No. regions with at least one SNP/gene for chr1: 131
2022-03-01 14:39:19 INFO::Merge regions for chr1
2022-03-01 14:39:19 INFO::No. regions with at least one SNP/gene for chr1 after merging: 130
2022-03-01 14:39:25 INFO::No. regions with at least one SNP/gene for chr2: 144
2022-03-01 14:39:25 INFO::Merge regions for chr2
2022-03-01 14:39:25 INFO::No. regions with at least one SNP/gene for chr2 after merging: 143
2022-03-01 14:39:30 INFO::No. regions with at least one SNP/gene for chr3: 122
2022-03-01 14:39:30 INFO::Merge regions for chr3
2022-03-01 14:39:30 INFO::No. regions with at least one SNP/gene for chr3 after merging: 122
2022-03-01 14:39:36 INFO::No. regions with at least one SNP/gene for chr4: 122
2022-03-01 14:39:36 INFO::Merge regions for chr4
2022-03-01 14:39:36 INFO::No. regions with at least one SNP/gene for chr4 after merging: 122
2022-03-01 14:39:41 INFO::No. regions with at least one SNP/gene for chr5: 110
2022-03-01 14:39:41 INFO::Merge regions for chr5
2022-03-01 14:39:41 INFO::No. regions with at least one SNP/gene for chr5 after merging: 110
2022-03-01 14:39:46 INFO::No. regions with at least one SNP/gene for chr6: 112
2022-03-01 14:39:46 INFO::Merge regions for chr6
2022-03-01 14:39:46 INFO::No. regions with at least one SNP/gene for chr6 after merging: 112
2022-03-01 14:39:49 INFO::No. regions with at least one SNP/gene for chr7: 99
2022-03-01 14:39:49 INFO::Merge regions for chr7
2022-03-01 14:39:49 INFO::No. regions with at least one SNP/gene for chr7 after merging: 98
2022-03-01 14:39:53 INFO::No. regions with at least one SNP/gene for chr8: 94
2022-03-01 14:39:53 INFO::Merge regions for chr8
2022-03-01 14:39:53 INFO::No. regions with at least one SNP/gene for chr8 after merging: 94
2022-03-01 14:39:56 INFO::No. regions with at least one SNP/gene for chr9: 74
2022-03-01 14:39:56 INFO::Merge regions for chr9
2022-03-01 14:39:56 INFO::No. regions with at least one SNP/gene for chr9 after merging: 74
2022-03-01 14:39:58 INFO::No. regions with at least one SNP/gene for chr10: 85
2022-03-01 14:39:58 INFO::Merge regions for chr10
2022-03-01 14:39:58 INFO::No. regions with at least one SNP/gene for chr10 after merging: 85
2022-03-01 14:40:02 INFO::No. regions with at least one SNP/gene for chr11: 84
2022-03-01 14:40:02 INFO::Merge regions for chr11
2022-03-01 14:40:02 INFO::No. regions with at least one SNP/gene for chr11 after merging: 84
2022-03-01 14:40:05 INFO::No. regions with at least one SNP/gene for chr12: 82
2022-03-01 14:40:05 INFO::Merge regions for chr12
2022-03-01 14:40:05 INFO::No. regions with at least one SNP/gene for chr12 after merging: 82
2022-03-01 14:40:08 INFO::No. regions with at least one SNP/gene for chr13: 62
2022-03-01 14:40:08 INFO::Merge regions for chr13
2022-03-01 14:40:08 INFO::No. regions with at least one SNP/gene for chr13 after merging: 62
2022-03-01 14:40:09 INFO::No. regions with at least one SNP/gene for chr14: 56
2022-03-01 14:40:09 INFO::Merge regions for chr14
2022-03-01 14:40:09 INFO::No. regions with at least one SNP/gene for chr14 after merging: 56
2022-03-01 14:40:11 INFO::No. regions with at least one SNP/gene for chr15: 49
2022-03-01 14:40:11 INFO::Merge regions for chr15
2022-03-01 14:40:11 INFO::No. regions with at least one SNP/gene for chr15 after merging: 49
2022-03-01 14:40:13 INFO::No. regions with at least one SNP/gene for chr16: 54
2022-03-01 14:40:13 INFO::Merge regions for chr16
2022-03-01 14:40:13 INFO::No. regions with at least one SNP/gene for chr16 after merging: 54
2022-03-01 14:40:15 INFO::No. regions with at least one SNP/gene for chr17: 47
2022-03-01 14:40:15 INFO::Merge regions for chr17
2022-03-01 14:40:15 INFO::No. regions with at least one SNP/gene for chr17 after merging: 47
2022-03-01 14:40:17 INFO::No. regions with at least one SNP/gene for chr18: 47
2022-03-01 14:40:17 INFO::Merge regions for chr18
2022-03-01 14:40:17 INFO::No. regions with at least one SNP/gene for chr18 after merging: 46
2022-03-01 14:40:19 INFO::No. regions with at least one SNP/gene for chr19: 39
2022-03-01 14:40:19 INFO::Merge regions for chr19
2022-03-01 14:40:19 INFO::No. regions with at least one SNP/gene for chr19 after merging: 39
2022-03-01 14:40:21 INFO::No. regions with at least one SNP/gene for chr20: 38
2022-03-01 14:40:21 INFO::Merge regions for chr20
2022-03-01 14:40:21 INFO::No. regions with at least one SNP/gene for chr20 after merging: 37
2022-03-01 14:40:22 INFO::No. regions with at least one SNP/gene for chr21: 24
2022-03-01 14:40:22 INFO::Merge regions for chr21
2022-03-01 14:40:22 INFO::No. regions with at least one SNP/gene for chr21 after merging: 24
2022-03-01 14:40:23 INFO::No. regions with at least one SNP/gene for chr22: 24
2022-03-01 14:40:23 INFO::Merge regions for chr22
2022-03-01 14:40:23 INFO::No. regions with at least one SNP/gene for chr22 after merging: 24
2022-03-01 14:40:23 INFO::Trim regions with SNPs more than 20000
2022-03-01 14:40:23 INFO::Adding R matrix info, as genotype is not given
2022-03-01 14:40:24 INFO::Adding R matrix info for chrom 1
2022-03-01 14:53:08 INFO::Adding R matrix info for chrom 2
2022-03-01 15:05:34 INFO::Adding R matrix info for chrom 3
2022-03-01 15:14:54 INFO::Adding R matrix info for chrom 4
2022-03-01 15:23:22 INFO::Adding R matrix info for chrom 5
2022-03-01 15:31:04 INFO::Adding R matrix info for chrom 6
2022-03-01 15:39:38 INFO::Adding R matrix info for chrom 7
2022-03-01 15:48:55 INFO::Adding R matrix info for chrom 8
2022-03-01 15:56:02 INFO::Adding R matrix info for chrom 9
2022-03-01 16:02:38 INFO::Adding R matrix info for chrom 10
2022-03-01 16:10:34 INFO::Adding R matrix info for chrom 11
2022-03-01 16:19:25 INFO::Adding R matrix info for chrom 12
2022-03-01 16:27:06 INFO::Adding R matrix info for chrom 13
2022-03-01 16:31:30 INFO::Adding R matrix info for chrom 14
2022-03-01 16:36:58 INFO::Adding R matrix info for chrom 15
2022-03-01 16:41:25 INFO::Adding R matrix info for chrom 16
2022-03-01 16:46:44 INFO::Adding R matrix info for chrom 17
2022-03-01 16:53:32 INFO::Adding R matrix info for chrom 18
2022-03-01 16:57:38 INFO::Adding R matrix info for chrom 19
2022-03-01 17:05:02 INFO::Adding R matrix info for chrom 20
2022-03-01 17:09:33 INFO::Adding R matrix info for chrom 21
2022-03-01 17:11:27 INFO::Adding R matrix info for chrom 22
2022-03-01 17:17:05 INFO::Number of regions that contains strong gene signals: 4
2022-03-01 17:17:05 INFO::Rerun susie for regions with strong gene signals using full SNPs.
2022-03-01 17:17:05 INFO::run iteration 1
starting worker pid=55021 on localhost:11780 at 17:17:06.214
2022-03-01 17:19:13 INFO::After iteration 1, gene prior 0.0369908208415936:, SNP prior:0.00072782079849946
$group_prior
[1] 0.0088382894 0.0002470694

$group_prior_var
[1] 10.60891  8.50220

R version 3.6.1 (2019-07-05)
Platform: x86_64-pc-linux-gnu (64-bit)
Running under: Scientific Linux 7.4 (Nitrogen)

Matrix products: default
BLAS/LAPACK: /software/openblas-0.2.19-el7-x86_64/lib/libopenblas_haswellp-r0.2.19.so

locale:
[1] C

attached base packages:
[1] stats     graphics  grDevices utils     datasets  methods   base     

other attached packages:
[1] data.table_1.14.2 ctwas_0.1.32     

loaded via a namespace (and not attached):
 [1] Rcpp_1.0.8                  lattice_0.20-38            
 [3] gwasvcf_0.1.0               prettyunits_1.1.1          
 [5] Rsamtools_2.0.0             Biostrings_2.52.0          
 [7] assertthat_0.2.1            foreach_1.5.2              
 [9] utf8_1.2.2                  R6_2.5.1                   
[11] GenomeInfoDb_1.20.0         stats4_3.6.1               
[13] RSQLite_2.2.8               httr_1.4.2                 
[15] pillar_1.6.4                zlibbioc_1.30.0            
[17] rlang_1.0.1                 GenomicFeatures_1.36.3     
[19] progress_1.2.2              blob_1.2.2                 
[21] S4Vectors_0.22.1            Matrix_1.2-18              
[23] BiocParallel_1.18.0         readr_2.1.1                
[25] stringr_1.4.0               RCurl_1.98-1.5             
[27] bit_4.0.4                   biomaRt_2.40.1             
[29] DelayedArray_0.10.0         compiler_3.6.1             
[31] rtracklayer_1.44.4          pkgconfig_2.0.3            
[33] BiocGenerics_0.30.0         tidyselect_1.1.1           
[35] SummarizedExperiment_1.14.1 tibble_3.1.6               
[37] GenomeInfoDbData_1.2.1      logging_0.10-108           
[39] IRanges_2.18.1              codetools_0.2-16           
[41] matrixStats_0.57.0          XML_3.99-0.3               
[43] fansi_1.0.2                 tzdb_0.2.0                 
[45] crayon_1.5.0                dplyr_1.0.7                
[47] GenomicAlignments_1.20.1    bitops_1.0-7               
[49] grid_3.6.1                  lifecycle_1.0.1            
[51] DBI_1.1.2                   magrittr_2.0.2             
[53] cli_3.1.0                   stringi_1.7.6              
[55] cachem_1.0.6                XVector_0.24.0             
[57] doParallel_1.0.17           pgenlibr_0.3.1             
[59] ellipsis_0.3.2              vctrs_0.3.8                
[61] generics_0.1.1              iterators_1.0.14           
[63] tools_3.6.1                 bit64_4.0.5                
[65] BSgenome_1.52.0             Biobase_2.44.0             
[67] glue_1.6.2                  purrr_0.3.4                
[69] hms_1.1.1                   parallel_3.6.1             
[71] fastmap_1.1.0               AnnotationDbi_1.46.0       
[73] GenomicRanges_1.36.1        memoise_2.0.1              
[75] VariantAnnotation_1.30.1   
