[1] "/project2/xinhe/shengqian/cTWAS/cTWAS_analysis/data/UKBB/ukb-d-30000_irnt.vcf.gz"
[2] "/project2/mstephens/wcrouse/UKB_LDR_0.1"                                         
[3] "/project2/xinhe/shengqian/cTWAS/cTWAS_analysis/data/mqtl/WholeBlood_enet.db"     
[4] "/project2/xinhe/shengqian/cTWAS/cTWAS_analysis/code/ctwas_config_b38.R"          
[5] "WhiteBlood_WholeBlood_expr"                                                      
[6] "WhiteBlood_WholeBlood_ctwas"                                                     
[7] "/project2/xinhe/shengqian/cTWAS/cTWAS_analysis/data/WhiteBlood_M_enet/WholeBlood"
2023-04-20 13:39:24 INFO::Reading weights for chromosome 1
2023-04-20 13:39:25 INFO::Current weight: /project2/xinhe/shengqian/cTWAS/cTWAS_analysis/data/mqtl/WholeBlood_enet.db
2023-04-20 13:39:25 INFO::Number of genes with weights provided: 29982
2023-04-20 13:39:25 INFO::Collecting gene weight information ...
2023-04-20 14:54:41 INFO::Start gene z score imputation ...
2023-04-20 14:54:41 INFO::Using given LD matrices to impute gene z score.
2023-04-20 16:00:53 INFO::Imputation done, writing results to output...
2023-04-20 16:00:54 INFO::Imputation done: number of genes with imputed expression: 3767 for chr 1
2023-04-20 16:00:54 INFO::Reading weights for chromosome 2
2023-04-20 16:00:55 INFO::Current weight: /project2/xinhe/shengqian/cTWAS/cTWAS_analysis/data/mqtl/WholeBlood_enet.db
2023-04-20 16:00:55 INFO::Number of genes with weights provided: 29982
2023-04-20 16:00:55 INFO::Collecting gene weight information ...
2023-04-20 16:59:16 INFO::Start gene z score imputation ...
2023-04-20 16:59:16 INFO::Using given LD matrices to impute gene z score.
2023-04-20 17:49:37 INFO::Imputation done, writing results to output...
2023-04-20 17:49:37 INFO::Imputation done: number of genes with imputed expression: 2772 for chr 2
2023-04-20 17:49:38 INFO::Reading weights for chromosome 3
2023-04-20 17:49:39 INFO::Current weight: /project2/xinhe/shengqian/cTWAS/cTWAS_analysis/data/mqtl/WholeBlood_enet.db
2023-04-20 17:49:39 INFO::Number of genes with weights provided: 29982
2023-04-20 17:49:39 INFO::Collecting gene weight information ...
2023-04-20 18:25:25 INFO::Start gene z score imputation ...
2023-04-20 18:25:25 INFO::Using given LD matrices to impute gene z score.
2023-04-20 18:56:22 INFO::Imputation done, writing results to output...
2023-04-20 18:56:23 INFO::Imputation done: number of genes with imputed expression: 1610 for chr 3
2023-04-20 18:56:24 INFO::Reading weights for chromosome 4
2023-04-20 18:56:24 INFO::Current weight: /project2/xinhe/shengqian/cTWAS/cTWAS_analysis/data/mqtl/WholeBlood_enet.db
2023-04-20 18:56:24 INFO::Number of genes with weights provided: 29982
2023-04-20 18:56:24 INFO::Collecting gene weight information ...
2023-04-20 19:25:40 INFO::Start gene z score imputation ...
2023-04-20 19:25:40 INFO::Using given LD matrices to impute gene z score.
2023-04-20 19:47:57 INFO::Imputation done, writing results to output...
2023-04-20 19:47:57 INFO::Imputation done: number of genes with imputed expression: 1040 for chr 4
2023-04-20 19:47:58 INFO::Reading weights for chromosome 5
2023-04-20 19:47:58 INFO::Current weight: /project2/xinhe/shengqian/cTWAS/cTWAS_analysis/data/mqtl/WholeBlood_enet.db
2023-04-20 19:47:58 INFO::Number of genes with weights provided: 29982
2023-04-20 19:47:58 INFO::Collecting gene weight information ...
