[1] "/project2/xinhe/shengqian/cTWAS/cTWAS_analysis/data/UKBB/ukb-d-30010_irnt.vcf.gz"
[2] "/project2/mstephens/wcrouse/UKB_LDR_0.1"                                         
[3] "/project2/xinhe/shengqian/cTWAS/cTWAS_analysis/data/mqtl/ColonTransverse.db"     
[4] "/project2/xinhe/shengqian/cTWAS/cTWAS_analysis/code/ctwas_config_b38.R"          
[5] "RedBlood_ColonTransverse_expr"                                                   
[6] "RedBlood_ColonTransverse_ctwas"                                                  
[7] "/project2/xinhe/shengqian/cTWAS/cTWAS_analysis/data/RedBlood_M/ColonTransverse"  
2023-01-27 12:28:24 INFO::Reading weights for chromosome 1
2023-01-27 12:28:27 INFO::Current weight: /project2/xinhe/shengqian/cTWAS/cTWAS_analysis/data/mqtl/ColonTransverse.db
2023-01-27 12:28:27 INFO::Number of genes with weights provided: 117299
2023-01-27 12:28:27 INFO::Collecting gene weight information ...
2023-01-27 13:19:35 INFO::Start gene z score imputation ...
2023-01-27 13:19:35 INFO::Using given LD matrices to impute gene z score.
2023-01-27 13:40:35 INFO::Imputation done, writing results to output...
2023-01-27 13:40:35 INFO::Imputation done: number of genes with imputed expression: 9313 for chr 1
2023-01-27 13:40:36 INFO::Reading weights for chromosome 2
2023-01-27 13:40:36 INFO::Current weight: /project2/xinhe/shengqian/cTWAS/cTWAS_analysis/data/mqtl/ColonTransverse.db
2023-01-27 13:40:36 INFO::Number of genes with weights provided: 117299
2023-01-27 13:40:36 INFO::Collecting gene weight information ...
2023-01-27 14:17:33 INFO::Start gene z score imputation ...
2023-01-27 14:17:33 INFO::Using given LD matrices to impute gene z score.
2023-01-27 14:37:05 INFO::Imputation done, writing results to output...
2023-01-27 14:37:06 INFO::Imputation done: number of genes with imputed expression: 7551 for chr 2
2023-01-27 14:37:07 INFO::Reading weights for chromosome 3
2023-01-27 14:37:07 INFO::Current weight: /project2/xinhe/shengqian/cTWAS/cTWAS_analysis/data/mqtl/ColonTransverse.db
2023-01-27 14:37:07 INFO::Number of genes with weights provided: 117299
2023-01-27 14:37:07 INFO::Collecting gene weight information ...
2023-01-27 15:11:26 INFO::Start gene z score imputation ...
2023-01-27 15:11:26 INFO::Using given LD matrices to impute gene z score.
2023-01-27 15:27:05 INFO::Imputation done, writing results to output...
2023-01-27 15:27:05 INFO::Imputation done: number of genes with imputed expression: 5505 for chr 3
2023-01-27 15:27:06 INFO::Reading weights for chromosome 4
2023-01-27 15:27:07 INFO::Current weight: /project2/xinhe/shengqian/cTWAS/cTWAS_analysis/data/mqtl/ColonTransverse.db
2023-01-27 15:27:07 INFO::Number of genes with weights provided: 117299
2023-01-27 15:27:07 INFO::Collecting gene weight information ...
2023-01-27 16:00:27 INFO::Start gene z score imputation ...
2023-01-27 16:00:27 INFO::Using given LD matrices to impute gene z score.
2023-01-27 16:14:36 INFO::Imputation done, writing results to output...
2023-01-27 16:14:36 INFO::Imputation done: number of genes with imputed expression: 4454 for chr 4
2023-01-27 16:14:37 INFO::Reading weights for chromosome 5
2023-01-27 16:14:37 INFO::Current weight: /project2/xinhe/shengqian/cTWAS/cTWAS_analysis/data/mqtl/ColonTransverse.db
2023-01-27 16:14:37 INFO::Number of genes with weights provided: 117299
2023-01-27 16:14:37 INFO::Collecting gene weight information ...
2023-01-27 16:49:46 INFO::Start gene z score imputation ...
2023-01-27 16:49:46 INFO::Using given LD matrices to impute gene z score.
2023-01-27 17:05:18 INFO::Imputation done, writing results to output...
2023-01-27 17:05:18 INFO::Imputation done: number of genes with imputed expression: 5278 for chr 5
2023-01-27 17:05:19 INFO::Reading weights for chromosome 6
2023-01-27 17:05:19 INFO::Current weight: /project2/xinhe/shengqian/cTWAS/cTWAS_analysis/data/mqtl/ColonTransverse.db
2023-01-27 17:05:19 INFO::Number of genes with weights provided: 117299
2023-01-27 17:05:19 INFO::Collecting gene weight information ...
2023-01-27 17:42:58 INFO::Start gene z score imputation ...
2023-01-27 17:42:58 INFO::Using given LD matrices to impute gene z score.
2023-01-27 18:01:25 INFO::Imputation done, writing results to output...
2023-01-27 18:01:25 INFO::Imputation done: number of genes with imputed expression: 6481 for chr 6
2023-01-27 18:01:26 INFO::Reading weights for chromosome 7
2023-01-27 18:01:26 INFO::Current weight: /project2/xinhe/shengqian/cTWAS/cTWAS_analysis/data/mqtl/ColonTransverse.db
2023-01-27 18:01:26 INFO::Number of genes with weights provided: 117299
2023-01-27 18:01:26 INFO::Collecting gene weight information ...
2023-01-27 18:38:17 INFO::Start gene z score imputation ...
2023-01-27 18:38:17 INFO::Using given LD matrices to impute gene z score.
2023-01-27 18:55:25 INFO::Imputation done, writing results to output...
2023-01-27 18:55:25 INFO::Imputation done: number of genes with imputed expression: 5631 for chr 7
2023-01-27 18:55:26 INFO::Reading weights for chromosome 8
2023-01-27 18:55:27 INFO::Current weight: /project2/xinhe/shengqian/cTWAS/cTWAS_analysis/data/mqtl/ColonTransverse.db
2023-01-27 18:55:27 INFO::Number of genes with weights provided: 117299
2023-01-27 18:55:27 INFO::Collecting gene weight information ...
2023-01-27 19:30:18 INFO::Start gene z score imputation ...
2023-01-27 19:30:18 INFO::Using given LD matrices to impute gene z score.
2023-01-27 19:44:42 INFO::Imputation done, writing results to output...
2023-01-27 19:44:42 INFO::Imputation done: number of genes with imputed expression: 4532 for chr 8
2023-01-27 19:44:43 INFO::Reading weights for chromosome 9
2023-01-27 19:44:43 INFO::Current weight: /project2/xinhe/shengqian/cTWAS/cTWAS_analysis/data/mqtl/ColonTransverse.db
2023-01-27 19:44:43 INFO::Number of genes with weights provided: 117299
2023-01-27 19:44:43 INFO::Collecting gene weight information ...
2023-01-27 20:16:10 INFO::Start gene z score imputation ...
2023-01-27 20:16:10 INFO::Using given LD matrices to impute gene z score.
2023-01-27 20:26:10 INFO::Imputation done, writing results to output...
2023-01-27 20:26:10 INFO::Imputation done: number of genes with imputed expression: 2984 for chr 9
2023-01-27 20:26:12 INFO::Reading weights for chromosome 10
2023-01-27 20:26:12 INFO::Current weight: /project2/xinhe/shengqian/cTWAS/cTWAS_analysis/data/mqtl/ColonTransverse.db
2023-01-27 20:26:12 INFO::Number of genes with weights provided: 117299
2023-01-27 20:26:12 INFO::Collecting gene weight information ...
2023-01-27 21:03:08 INFO::Start gene z score imputation ...
2023-01-27 21:03:08 INFO::Using given LD matrices to impute gene z score.
2023-01-27 21:18:53 INFO::Imputation done, writing results to output...
2023-01-27 21:18:53 INFO::Imputation done: number of genes with imputed expression: 5226 for chr 10
2023-01-27 21:18:55 INFO::Reading weights for chromosome 11
2023-01-27 21:18:55 INFO::Current weight: /project2/xinhe/shengqian/cTWAS/cTWAS_analysis/data/mqtl/ColonTransverse.db
2023-01-27 21:18:55 INFO::Number of genes with weights provided: 117299
2023-01-27 21:18:55 INFO::Collecting gene weight information ...
2023-01-27 21:57:05 INFO::Start gene z score imputation ...
2023-01-27 21:57:05 INFO::Using given LD matrices to impute gene z score.
2023-01-27 22:14:39 INFO::Imputation done, writing results to output...
2023-01-27 22:14:39 INFO::Imputation done: number of genes with imputed expression: 5887 for chr 11
2023-01-27 22:14:40 INFO::Reading weights for chromosome 12
2023-01-27 22:14:40 INFO::Current weight: /project2/xinhe/shengqian/cTWAS/cTWAS_analysis/data/mqtl/ColonTransverse.db
2023-01-27 22:14:40 INFO::Number of genes with weights provided: 117299
2023-01-27 22:14:40 INFO::Collecting gene weight information ...
2023-01-27 22:50:53 INFO::Start gene z score imputation ...
2023-01-27 22:50:53 INFO::Using given LD matrices to impute gene z score.
2023-01-27 23:06:48 INFO::Imputation done, writing results to output...
2023-01-27 23:06:48 INFO::Imputation done: number of genes with imputed expression: 4905 for chr 12
2023-01-27 23:06:49 INFO::Reading weights for chromosome 13
2023-01-27 23:06:49 INFO::Current weight: /project2/xinhe/shengqian/cTWAS/cTWAS_analysis/data/mqtl/ColonTransverse.db
2023-01-27 23:06:49 INFO::Number of genes with weights provided: 117299
2023-01-27 23:06:49 INFO::Collecting gene weight information ...
2023-01-27 23:37:44 INFO::Start gene z score imputation ...
2023-01-27 23:37:44 INFO::Using given LD matrices to impute gene z score.
2023-01-27 23:47:15 INFO::Imputation done, writing results to output...
2023-01-27 23:47:16 INFO::Imputation done: number of genes with imputed expression: 2588 for chr 13
2023-01-27 23:47:17 INFO::Reading weights for chromosome 14
2023-01-27 23:47:17 INFO::Current weight: /project2/xinhe/shengqian/cTWAS/cTWAS_analysis/data/mqtl/ColonTransverse.db
2023-01-27 23:47:17 INFO::Number of genes with weights provided: 117299
2023-01-27 23:47:17 INFO::Collecting gene weight information ...
2023-01-28 00:20:23 INFO::Start gene z score imputation ...
2023-01-28 00:20:23 INFO::Using given LD matrices to impute gene z score.
2023-01-28 00:31:17 INFO::Imputation done, writing results to output...
2023-01-28 00:31:17 INFO::Imputation done: number of genes with imputed expression: 3279 for chr 14
2023-01-28 00:31:18 INFO::Reading weights for chromosome 15
2023-01-28 00:31:18 INFO::Current weight: /project2/xinhe/shengqian/cTWAS/cTWAS_analysis/data/mqtl/ColonTransverse.db
2023-01-28 00:31:18 INFO::Number of genes with weights provided: 117299
2023-01-28 00:31:18 INFO::Collecting gene weight information ...
2023-01-28 01:03:32 INFO::Start gene z score imputation ...
2023-01-28 01:03:32 INFO::Using given LD matrices to impute gene z score.
2023-01-28 01:14:10 INFO::Imputation done, writing results to output...
2023-01-28 01:14:10 INFO::Imputation done: number of genes with imputed expression: 3231 for chr 15
2023-01-28 01:14:11 INFO::Reading weights for chromosome 16
2023-01-28 01:14:11 INFO::Current weight: /project2/xinhe/shengqian/cTWAS/cTWAS_analysis/data/mqtl/ColonTransverse.db
2023-01-28 01:14:11 INFO::Number of genes with weights provided: 117299
2023-01-28 01:14:11 INFO::Collecting gene weight information ...
2023-01-28 01:51:43 INFO::Start gene z score imputation ...
2023-01-28 01:51:43 INFO::Using given LD matrices to impute gene z score.
2023-01-28 02:07:05 INFO::Imputation done, writing results to output...
2023-01-28 02:07:05 INFO::Imputation done: number of genes with imputed expression: 4853 for chr 16
2023-01-28 02:07:06 INFO::Reading weights for chromosome 17
2023-01-28 02:07:06 INFO::Current weight: /project2/xinhe/shengqian/cTWAS/cTWAS_analysis/data/mqtl/ColonTransverse.db
2023-01-28 02:07:06 INFO::Number of genes with weights provided: 117299
2023-01-28 02:07:06 INFO::Collecting gene weight information ...
2023-01-28 02:45:31 INFO::Start gene z score imputation ...
2023-01-28 02:45:31 INFO::Using given LD matrices to impute gene z score.
2023-01-28 03:03:01 INFO::Imputation done, writing results to output...
2023-01-28 03:03:01 INFO::Imputation done: number of genes with imputed expression: 5662 for chr 17
2023-01-28 03:03:02 INFO::Reading weights for chromosome 18
2023-01-28 03:03:03 INFO::Current weight: /project2/xinhe/shengqian/cTWAS/cTWAS_analysis/data/mqtl/ColonTransverse.db
2023-01-28 03:03:03 INFO::Number of genes with weights provided: 117299
2023-01-28 03:03:03 INFO::Collecting gene weight information ...
2023-01-28 03:32:26 INFO::Start gene z score imputation ...
2023-01-28 03:32:26 INFO::Using given LD matrices to impute gene z score.
2023-01-28 03:39:40 INFO::Imputation done, writing results to output...
2023-01-28 03:39:40 INFO::Imputation done: number of genes with imputed expression: 1707 for chr 18
2023-01-28 03:39:41 INFO::Reading weights for chromosome 19
2023-01-28 03:39:41 INFO::Current weight: /project2/xinhe/shengqian/cTWAS/cTWAS_analysis/data/mqtl/ColonTransverse.db
2023-01-28 03:39:41 INFO::Number of genes with weights provided: 117299
2023-01-28 03:39:41 INFO::Collecting gene weight information ...
2023-01-28 04:17:21 INFO::Start gene z score imputation ...
2023-01-28 04:17:21 INFO::Using given LD matrices to impute gene z score.
2023-01-28 04:32:32 INFO::Imputation done, writing results to output...
2023-01-28 04:32:32 INFO::Imputation done: number of genes with imputed expression: 4824 for chr 19
2023-01-28 04:32:33 INFO::Reading weights for chromosome 20
2023-01-28 04:32:33 INFO::Current weight: /project2/xinhe/shengqian/cTWAS/cTWAS_analysis/data/mqtl/ColonTransverse.db
2023-01-28 04:32:33 INFO::Number of genes with weights provided: 117299
2023-01-28 04:32:33 INFO::Collecting gene weight information ...
2023-01-28 05:05:33 INFO::Start gene z score imputation ...
2023-01-28 05:05:33 INFO::Using given LD matrices to impute gene z score.
2023-01-28 05:16:03 INFO::Imputation done, writing results to output...
2023-01-28 05:16:03 INFO::Imputation done: number of genes with imputed expression: 2985 for chr 20
2023-01-28 05:16:04 INFO::Reading weights for chromosome 21
2023-01-28 05:16:04 INFO::Current weight: /project2/xinhe/shengqian/cTWAS/cTWAS_analysis/data/mqtl/ColonTransverse.db
2023-01-28 05:16:04 INFO::Number of genes with weights provided: 117299
2023-01-28 05:16:04 INFO::Collecting gene weight information ...
2023-01-28 05:44:56 INFO::Start gene z score imputation ...
2023-01-28 05:44:56 INFO::Using given LD matrices to impute gene z score.
2023-01-28 05:50:07 INFO::Imputation done, writing results to output...
2023-01-28 05:50:07 INFO::Imputation done: number of genes with imputed expression: 1453 for chr 21
2023-01-28 05:50:07 INFO::Reading weights for chromosome 22
2023-01-28 05:50:08 INFO::Current weight: /project2/xinhe/shengqian/cTWAS/cTWAS_analysis/data/mqtl/ColonTransverse.db
2023-01-28 05:50:08 INFO::Number of genes with weights provided: 117299
2023-01-28 05:50:08 INFO::Collecting gene weight information ...
2023-01-28 06:22:10 INFO::Start gene z score imputation ...
2023-01-28 06:22:10 INFO::Using given LD matrices to impute gene z score.
2023-01-28 06:30:57 INFO::Imputation done, writing results to output...
2023-01-28 06:30:57 INFO::Imputation done: number of genes with imputed expression: 2644 for chr 22
2023-01-28 06:31:25 INFO::ctwas started ...
2023-01-28 06:31:52 INFO::LD region file: /home/shengqian/R/x86_64-pc-linux-gnu-library/4.1/ctwas/extdata/ldetect/EUR.b38.bed
2023-01-28 06:32:02 INFO::No. LD regions: 1700
2023-01-28 06:32:12 INFO::No. regions with at least one SNP/gene for chr1: 131
2023-01-28 06:32:12 INFO::Merge regions for chr1
2023-01-28 06:32:12 INFO::No. regions with at least one SNP/gene for chr1 after merging: 131
2023-01-28 06:32:19 INFO::No. regions with at least one SNP/gene for chr2: 144
2023-01-28 06:32:19 INFO::Merge regions for chr2
2023-01-28 06:32:19 INFO::No. regions with at least one SNP/gene for chr2 after merging: 144
2023-01-28 06:32:23 INFO::No. regions with at least one SNP/gene for chr3: 122
2023-01-28 06:32:23 INFO::Merge regions for chr3
2023-01-28 06:32:23 INFO::No. regions with at least one SNP/gene for chr3 after merging: 122
2023-01-28 06:32:28 INFO::No. regions with at least one SNP/gene for chr4: 122
2023-01-28 06:32:28 INFO::Merge regions for chr4
2023-01-28 06:32:28 INFO::No. regions with at least one SNP/gene for chr4 after merging: 122
2023-01-28 06:32:33 INFO::No. regions with at least one SNP/gene for chr5: 110
2023-01-28 06:32:33 INFO::Merge regions for chr5
2023-01-28 06:32:33 INFO::No. regions with at least one SNP/gene for chr5 after merging: 110
2023-01-28 06:32:38 INFO::No. regions with at least one SNP/gene for chr6: 112
2023-01-28 06:32:38 INFO::Merge regions for chr6
2023-01-28 06:32:38 INFO::No. regions with at least one SNP/gene for chr6 after merging: 112
2023-01-28 06:32:41 INFO::No. regions with at least one SNP/gene for chr7: 99
2023-01-28 06:32:41 INFO::Merge regions for chr7
2023-01-28 06:32:41 INFO::No. regions with at least one SNP/gene for chr7 after merging: 99
2023-01-28 06:32:44 INFO::No. regions with at least one SNP/gene for chr8: 94
2023-01-28 06:32:44 INFO::Merge regions for chr8
2023-01-28 06:32:44 INFO::No. regions with at least one SNP/gene for chr8 after merging: 94
2023-01-28 06:32:47 INFO::No. regions with at least one SNP/gene for chr9: 74
2023-01-28 06:32:47 INFO::Merge regions for chr9
2023-01-28 06:32:47 INFO::No. regions with at least one SNP/gene for chr9 after merging: 74
2023-01-28 06:32:50 INFO::No. regions with at least one SNP/gene for chr10: 85
2023-01-28 06:32:50 INFO::Merge regions for chr10
2023-01-28 06:32:50 INFO::No. regions with at least one SNP/gene for chr10 after merging: 85
2023-01-28 06:32:53 INFO::No. regions with at least one SNP/gene for chr11: 84
2023-01-28 06:32:53 INFO::Merge regions for chr11
2023-01-28 06:32:53 INFO::No. regions with at least one SNP/gene for chr11 after merging: 84
2023-01-28 06:32:56 INFO::No. regions with at least one SNP/gene for chr12: 82
2023-01-28 06:32:56 INFO::Merge regions for chr12
2023-01-28 06:32:56 INFO::No. regions with at least one SNP/gene for chr12 after merging: 82
2023-01-28 06:32:58 INFO::No. regions with at least one SNP/gene for chr13: 62
2023-01-28 06:32:58 INFO::Merge regions for chr13
2023-01-28 06:32:58 INFO::No. regions with at least one SNP/gene for chr13 after merging: 62
2023-01-28 06:33:00 INFO::No. regions with at least one SNP/gene for chr14: 56
2023-01-28 06:33:00 INFO::Merge regions for chr14
2023-01-28 06:33:00 INFO::No. regions with at least one SNP/gene for chr14 after merging: 56
2023-01-28 06:33:02 INFO::No. regions with at least one SNP/gene for chr15: 50
2023-01-28 06:33:02 INFO::Merge regions for chr15
2023-01-28 06:33:02 INFO::No. regions with at least one SNP/gene for chr15 after merging: 50
2023-01-28 06:33:04 INFO::No. regions with at least one SNP/gene for chr16: 54
2023-01-28 06:33:04 INFO::Merge regions for chr16
2023-01-28 06:33:04 INFO::No. regions with at least one SNP/gene for chr16 after merging: 54
2023-01-28 06:33:06 INFO::No. regions with at least one SNP/gene for chr17: 47
2023-01-28 06:33:06 INFO::Merge regions for chr17
2023-01-28 06:33:06 INFO::No. regions with at least one SNP/gene for chr17 after merging: 47
2023-01-28 06:33:08 INFO::No. regions with at least one SNP/gene for chr18: 47
2023-01-28 06:33:08 INFO::Merge regions for chr18
2023-01-28 06:33:08 INFO::No. regions with at least one SNP/gene for chr18 after merging: 47
2023-01-28 06:33:10 INFO::No. regions with at least one SNP/gene for chr19: 39
2023-01-28 06:33:10 INFO::Merge regions for chr19
2023-01-28 06:33:10 INFO::No. regions with at least one SNP/gene for chr19 after merging: 39
2023-01-28 06:33:12 INFO::No. regions with at least one SNP/gene for chr20: 38
2023-01-28 06:33:12 INFO::Merge regions for chr20
2023-01-28 06:33:12 INFO::No. regions with at least one SNP/gene for chr20 after merging: 38
2023-01-28 06:33:13 INFO::No. regions with at least one SNP/gene for chr21: 24
2023-01-28 06:33:13 INFO::Merge regions for chr21
2023-01-28 06:33:13 INFO::No. regions with at least one SNP/gene for chr21 after merging: 24
2023-01-28 06:33:14 INFO::No. regions with at least one SNP/gene for chr22: 24
2023-01-28 06:33:14 INFO::Merge regions for chr22
2023-01-28 06:33:14 INFO::No. regions with at least one SNP/gene for chr22 after merging: 24
2023-01-28 06:33:14 INFO::Trim regions with SNPs more than Inf
2023-01-28 06:33:14 INFO::Adding R matrix info, as genotype is not given
2023-01-28 06:33:16 INFO::Adding R matrix info for chrom 1
2023-01-28 07:03:07 INFO::Adding R matrix info for chrom 2
2023-01-28 07:30:01 INFO::Adding R matrix info for chrom 3
2023-01-28 07:48:51 INFO::Adding R matrix info for chrom 4
2023-01-28 08:05:53 INFO::Adding R matrix info for chrom 5
2023-01-28 08:24:10 INFO::Adding R matrix info for chrom 6
2023-01-28 08:48:07 INFO::Adding R matrix info for chrom 7
2023-01-28 09:07:09 INFO::Adding R matrix info for chrom 8
2023-01-28 09:23:44 INFO::Adding R matrix info for chrom 9
2023-01-28 09:35:08 INFO::Adding R matrix info for chrom 10
2023-01-28 09:53:18 INFO::Adding R matrix info for chrom 11
2023-01-28 10:13:29 INFO::Adding R matrix info for chrom 12
2023-01-28 10:29:39 INFO::Adding R matrix info for chrom 13
2023-01-28 10:39:02 INFO::Adding R matrix info for chrom 14
2023-01-28 10:50:25 INFO::Adding R matrix info for chrom 15
2023-01-28 11:00:45 INFO::Adding R matrix info for chrom 16
2023-01-28 11:12:33 INFO::Adding R matrix info for chrom 17
2023-01-28 11:25:51 INFO::Adding R matrix info for chrom 18
2023-01-28 11:32:09 INFO::Adding R matrix info for chrom 19
2023-01-28 11:44:12 INFO::Adding R matrix info for chrom 20
2023-01-28 11:52:14 INFO::Adding R matrix info for chrom 21
2023-01-28 11:56:02 INFO::Adding R matrix info for chrom 22
2023-01-28 12:02:03 INFO::Run susie iteratively, getting rough estimate ...
2023-01-28 12:02:04 INFO::run iteration 1
starting worker pid=44296 on localhost:11238 at 12:02:05.512
starting worker pid=44294 on localhost:11238 at 12:02:05.514
starting worker pid=44297 on localhost:11238 at 12:02:05.514
starting worker pid=44289 on localhost:11238 at 12:02:05.515
starting worker pid=44290 on localhost:11238 at 12:02:05.515
starting worker pid=44295 on localhost:11238 at 12:02:05.516
starting worker pid=44292 on localhost:11238 at 12:02:05.516
starting worker pid=44291 on localhost:11238 at 12:02:05.516
starting worker pid=44298 on localhost:11238 at 12:02:05.516
starting worker pid=44293 on localhost:11238 at 12:02:05.516
2023-01-28 12:22:02 INFO::After iteration 1, priors {SNP,gene}: {0.0016880978631929,0.00229693890738775}
2023-01-28 12:22:03 INFO::run iteration 2
starting worker pid=46151 on localhost:11238 at 12:22:04.165
starting worker pid=46149 on localhost:11238 at 12:22:04.165
starting worker pid=46152 on localhost:11238 at 12:22:04.165
starting worker pid=46156 on localhost:11238 at 12:22:04.165
starting worker pid=46150 on localhost:11238 at 12:22:04.165
starting worker pid=46153 on localhost:11238 at 12:22:04.165
starting worker pid=46155 on localhost:11238 at 12:22:04.166
starting worker pid=46157 on localhost:11238 at 12:22:04.166
starting worker pid=46148 on localhost:11238 at 12:22:04.166
starting worker pid=46154 on localhost:11238 at 12:22:04.166
2023-01-28 12:41:27 INFO::After iteration 2, priors {SNP,gene}: {0.00144145225758616,0.00239302943189625}
2023-01-28 12:41:27 INFO::run iteration 3
starting worker pid=47974 on localhost:11238 at 12:41:28.384
starting worker pid=47979 on localhost:11238 at 12:41:28.384
starting worker pid=47983 on localhost:11238 at 12:41:28.385
starting worker pid=47976 on localhost:11238 at 12:41:28.385
starting worker pid=47975 on localhost:11238 at 12:41:28.385
starting worker pid=47981 on localhost:11238 at 12:41:28.385
starting worker pid=47982 on localhost:11238 at 12:41:28.385
starting worker pid=47978 on localhost:11238 at 12:41:28.386
starting worker pid=47977 on localhost:11238 at 12:41:28.386
starting worker pid=47980 on localhost:11238 at 12:41:28.386
2023-01-28 13:00:20 INFO::After iteration 3, priors {SNP,gene}: {0.00134324595355091,0.00255277513861908}
2023-01-28 13:17:04 INFO::Blocks are filtered: 871 blocks left
2023-01-28 13:17:04 INFO::Run susie iteratively, getting accurate estimate ...
2023-01-28 13:17:05 INFO::run iteration 1
starting worker pid=51161 on localhost:11238 at 13:17:05.800
starting worker pid=51158 on localhost:11238 at 13:17:05.800
starting worker pid=51160 on localhost:11238 at 13:17:05.800
starting worker pid=51156 on localhost:11238 at 13:17:05.801
starting worker pid=51155 on localhost:11238 at 13:17:05.802
starting worker pid=51154 on localhost:11238 at 13:17:05.802
starting worker pid=51162 on localhost:11238 at 13:17:05.802
starting worker pid=51159 on localhost:11238 at 13:17:05.802
starting worker pid=51153 on localhost:11238 at 13:17:05.802
starting worker pid=51157 on localhost:11238 at 13:17:05.803
2023-01-28 13:29:13 INFO::After iteration 1, priors {SNP,gene}: {0.00148489883318798,0.00353641394341378}
2023-01-28 13:29:13 INFO::run iteration 2
starting worker pid=52317 on localhost:11238 at 13:29:14.498
starting worker pid=52308 on localhost:11238 at 13:29:14.498
starting worker pid=52315 on localhost:11238 at 13:29:14.498
starting worker pid=52316 on localhost:11238 at 13:29:14.498
starting worker pid=52310 on localhost:11238 at 13:29:14.498
starting worker pid=52312 on localhost:11238 at 13:29:14.498
starting worker pid=52313 on localhost:11238 at 13:29:14.498
starting worker pid=52311 on localhost:11238 at 13:29:14.498
starting worker pid=52314 on localhost:11238 at 13:29:14.498
starting worker pid=52309 on localhost:11238 at 13:29:14.534
2023-01-28 13:41:12 INFO::After iteration 2, priors {SNP,gene}: {0.00161141501066707,0.00412651503828881}
2023-01-28 13:41:12 INFO::run iteration 3
starting worker pid=53662 on localhost:11238 at 13:41:13.398
starting worker pid=53668 on localhost:11238 at 13:41:13.401
starting worker pid=53665 on localhost:11238 at 13:41:13.402
starting worker pid=53661 on localhost:11238 at 13:41:13.402
starting worker pid=53667 on localhost:11238 at 13:41:13.404
starting worker pid=53664 on localhost:11238 at 13:41:13.404
starting worker pid=53666 on localhost:11238 at 13:41:13.404
starting worker pid=53663 on localhost:11238 at 13:41:13.405
starting worker pid=53660 on localhost:11238 at 13:41:13.405
starting worker pid=53669 on localhost:11238 at 13:41:13.405
2023-01-28 13:53:28 INFO::After iteration 3, priors {SNP,gene}: {0.00170710671289933,0.00446694254433056}
2023-01-28 13:53:29 INFO::run iteration 4
starting worker pid=54866 on localhost:11238 at 13:53:29.703
starting worker pid=54852 on localhost:11238 at 13:53:29.703
starting worker pid=54861 on localhost:11238 at 13:53:29.703
starting worker pid=54869 on localhost:11238 at 13:53:29.703
starting worker pid=54856 on localhost:11238 at 13:53:29.704
starting worker pid=54858 on localhost:11238 at 13:53:29.704
starting worker pid=54863 on localhost:11238 at 13:53:29.704
starting worker pid=54865 on localhost:11238 at 13:53:29.704
starting worker pid=54867 on localhost:11238 at 13:53:29.704
starting worker pid=54855 on localhost:11238 at 13:53:29.704
2023-01-28 14:05:40 INFO::After iteration 4, priors {SNP,gene}: {0.00177024025496932,0.00463766448436546}
2023-01-28 14:05:40 INFO::run iteration 5
starting worker pid=56039 on localhost:11238 at 14:05:41.285
starting worker pid=56042 on localhost:11238 at 14:05:41.297
starting worker pid=56047 on localhost:11238 at 14:05:41.298
starting worker pid=56045 on localhost:11238 at 14:05:41.299
starting worker pid=56038 on localhost:11238 at 14:05:41.300
starting worker pid=56041 on localhost:11238 at 14:05:41.300
starting worker pid=56044 on localhost:11238 at 14:05:41.301
starting worker pid=56046 on localhost:11238 at 14:05:41.301
starting worker pid=56040 on localhost:11238 at 14:05:41.301
starting worker pid=56043 on localhost:11238 at 14:05:41.301
2023-01-28 14:17:54 INFO::After iteration 5, priors {SNP,gene}: {0.00180669097997002,0.00470672716594277}
2023-01-28 14:17:54 INFO::run iteration 6
starting worker pid=57250 on localhost:11238 at 14:17:55.267
starting worker pid=57249 on localhost:11238 at 14:17:55.267
starting worker pid=57246 on localhost:11238 at 14:17:55.267
starting worker pid=57248 on localhost:11238 at 14:17:55.267
starting worker pid=57242 on localhost:11238 at 14:17:55.269
starting worker pid=57245 on localhost:11238 at 14:17:55.270
starting worker pid=57244 on localhost:11238 at 14:17:55.276
starting worker pid=57251 on localhost:11238 at 14:17:55.281
starting worker pid=57247 on localhost:11238 at 14:17:55.281
starting worker pid=57243 on localhost:11238 at 14:17:55.287
2023-01-28 14:30:03 INFO::After iteration 6, priors {SNP,gene}: {0.00182705798184917,0.00472493912770341}
2023-01-28 14:30:03 INFO::run iteration 7
starting worker pid=1525 on localhost:11238 at 14:30:03.956
starting worker pid=1530 on localhost:11238 at 14:30:03.959
starting worker pid=1526 on localhost:11238 at 14:30:03.970
starting worker pid=1528 on localhost:11238 at 14:30:03.974
starting worker pid=1524 on localhost:11238 at 14:30:03.980
starting worker pid=1532 on localhost:11238 at 14:30:03.987
starting worker pid=1531 on localhost:11238 at 14:30:03.989
starting worker pid=1529 on localhost:11238 at 14:30:03.996
starting worker pid=1527 on localhost:11238 at 14:30:03.997
starting worker pid=1533 on localhost:11238 at 14:30:03.998
2023-01-28 14:42:22 INFO::After iteration 7, priors {SNP,gene}: {0.00183864034331303,0.00472171740880983}
2023-01-28 14:42:22 INFO::run iteration 8
starting worker pid=2737 on localhost:11238 at 14:42:23.202
starting worker pid=2741 on localhost:11238 at 14:42:23.207
starting worker pid=2739 on localhost:11238 at 14:42:23.217
starting worker pid=2736 on localhost:11238 at 14:42:23.219
starting worker pid=2742 on localhost:11238 at 14:42:23.222
starting worker pid=2733 on localhost:11238 at 14:42:23.237
starting worker pid=2738 on localhost:11238 at 14:42:23.242
starting worker pid=2740 on localhost:11238 at 14:42:23.249
starting worker pid=2735 on localhost:11238 at 14:42:23.261
starting worker pid=2734 on localhost:11238 at 14:42:23.269
2023-01-28 14:54:33 INFO::After iteration 8, priors {SNP,gene}: {0.00184539135874531,0.00471117084394191}
2023-01-28 14:54:33 INFO::run iteration 9
starting worker pid=3894 on localhost:11238 at 14:54:34.397
starting worker pid=3891 on localhost:11238 at 14:54:34.398
starting worker pid=3890 on localhost:11238 at 14:54:34.411
starting worker pid=3887 on localhost:11238 at 14:54:34.419
starting worker pid=3889 on localhost:11238 at 14:54:34.424
starting worker pid=3895 on localhost:11238 at 14:54:34.428
starting worker pid=3892 on localhost:11238 at 14:54:34.433
starting worker pid=3893 on localhost:11238 at 14:54:34.433
starting worker pid=3896 on localhost:11238 at 14:54:34.436
starting worker pid=3888 on localhost:11238 at 14:54:34.439
2023-01-28 15:06:45 INFO::After iteration 9, priors {SNP,gene}: {0.00184951148810787,0.00469953031172824}
2023-01-28 15:06:45 INFO::run iteration 10
starting worker pid=5102 on localhost:11238 at 15:06:46.056
starting worker pid=5100 on localhost:11238 at 15:06:46.056
starting worker pid=5104 on localhost:11238 at 15:06:46.056
starting worker pid=5096 on localhost:11238 at 15:06:46.056
starting worker pid=5095 on localhost:11238 at 15:06:46.056
starting worker pid=5098 on localhost:11238 at 15:06:46.056
starting worker pid=5103 on localhost:11238 at 15:06:46.056
starting worker pid=5101 on localhost:11238 at 15:06:46.056
starting worker pid=5099 on localhost:11238 at 15:06:46.057
starting worker pid=5097 on localhost:11238 at 15:06:46.058
2023-01-28 15:18:53 INFO::After iteration 10, priors {SNP,gene}: {0.00185215512025489,0.00468915218733228}
2023-01-28 15:18:54 INFO::run iteration 11
starting worker pid=6259 on localhost:11238 at 15:18:55.231
starting worker pid=6265 on localhost:11238 at 15:18:55.234
starting worker pid=6261 on localhost:11238 at 15:18:55.235
starting worker pid=6262 on localhost:11238 at 15:18:55.235
starting worker pid=6256 on localhost:11238 at 15:18:55.235
starting worker pid=6257 on localhost:11238 at 15:18:55.235
starting worker pid=6263 on localhost:11238 at 15:18:55.236
starting worker pid=6260 on localhost:11238 at 15:18:55.237
starting worker pid=6258 on localhost:11238 at 15:18:55.237
starting worker pid=6264 on localhost:11238 at 15:18:55.238
2023-01-28 15:31:09 INFO::After iteration 11, priors {SNP,gene}: {0.00185392379572841,0.00468066423481761}
2023-01-28 15:31:09 INFO::run iteration 12
starting worker pid=7416 on localhost:11238 at 15:31:10.422
starting worker pid=7415 on localhost:11238 at 15:31:10.424
starting worker pid=7418 on localhost:11238 at 15:31:10.424
starting worker pid=7422 on localhost:11238 at 15:31:10.432
starting worker pid=7417 on localhost:11238 at 15:31:10.434
starting worker pid=7420 on localhost:11238 at 15:31:10.435
starting worker pid=7419 on localhost:11238 at 15:31:10.439
starting worker pid=7414 on localhost:11238 at 15:31:10.441
starting worker pid=7421 on localhost:11238 at 15:31:10.442
starting worker pid=7423 on localhost:11238 at 15:31:10.447
2023-01-28 15:43:24 INFO::After iteration 12, priors {SNP,gene}: {0.00185514569032245,0.00467401373783447}
2023-01-28 15:43:25 INFO::run iteration 13
starting worker pid=8665 on localhost:11238 at 15:43:25.549
starting worker pid=8667 on localhost:11238 at 15:43:25.557
starting worker pid=8662 on localhost:11238 at 15:43:25.558
starting worker pid=8666 on localhost:11238 at 15:43:25.572
starting worker pid=8670 on localhost:11238 at 15:43:25.577
starting worker pid=8663 on localhost:11238 at 15:43:25.579
starting worker pid=8664 on localhost:11238 at 15:43:25.594
starting worker pid=8668 on localhost:11238 at 15:43:25.594
starting worker pid=8669 on localhost:11238 at 15:43:25.614
starting worker pid=8671 on localhost:11238 at 15:43:25.635
2023-01-28 15:55:41 INFO::After iteration 13, priors {SNP,gene}: {0.00185600949033505,0.00466892395222747}
2023-01-28 15:55:41 INFO::run iteration 14
starting worker pid=9827 on localhost:11238 at 15:55:42.149
starting worker pid=9825 on localhost:11238 at 15:55:42.149
starting worker pid=9822 on localhost:11238 at 15:55:42.153
starting worker pid=9821 on localhost:11238 at 15:55:42.153
starting worker pid=9829 on localhost:11238 at 15:55:42.153
starting worker pid=9823 on localhost:11238 at 15:55:42.153
starting worker pid=9830 on localhost:11238 at 15:55:42.153
starting worker pid=9824 on localhost:11238 at 15:55:42.153
starting worker pid=9826 on localhost:11238 at 15:55:42.153
starting worker pid=9828 on localhost:11238 at 15:55:42.153
2023-01-28 16:07:57 INFO::After iteration 14, priors {SNP,gene}: {0.00185662985145481,0.00466508111458945}
2023-01-28 16:07:58 INFO::run iteration 15
starting worker pid=11042 on localhost:11238 at 16:07:58.634
starting worker pid=11044 on localhost:11238 at 16:07:58.635
starting worker pid=11048 on localhost:11238 at 16:07:58.635
starting worker pid=11046 on localhost:11238 at 16:07:58.635
starting worker pid=11040 on localhost:11238 at 16:07:58.635
starting worker pid=11041 on localhost:11238 at 16:07:58.635
starting worker pid=11047 on localhost:11238 at 16:07:58.636
starting worker pid=11043 on localhost:11238 at 16:07:58.638
starting worker pid=11045 on localhost:11238 at 16:07:58.639
starting worker pid=11049 on localhost:11238 at 16:07:58.653
2023-01-28 16:20:11 INFO::After iteration 15, priors {SNP,gene}: {0.00185708002880649,0.00466220306533549}
2023-01-28 16:20:12 INFO::run iteration 16
starting worker pid=12199 on localhost:11238 at 16:20:12.566
starting worker pid=12202 on localhost:11238 at 16:20:12.596
starting worker pid=12196 on localhost:11238 at 16:20:12.596
starting worker pid=12204 on localhost:11238 at 16:20:12.610
starting worker pid=12200 on localhost:11238 at 16:20:12.611
starting worker pid=12203 on localhost:11238 at 16:20:12.611
starting worker pid=12198 on localhost:11238 at 16:20:12.618
starting worker pid=12195 on localhost:11238 at 16:20:12.619
starting worker pid=12201 on localhost:11238 at 16:20:12.625
starting worker pid=12197 on localhost:11238 at 16:20:12.625
2023-01-28 16:32:33 INFO::After iteration 16, priors {SNP,gene}: {0.00185740881598164,0.00466005812832434}
2023-01-28 16:32:33 INFO::run iteration 17
starting worker pid=13410 on localhost:11238 at 16:32:33.938
starting worker pid=13406 on localhost:11238 at 16:32:33.940
starting worker pid=13408 on localhost:11238 at 16:32:33.941
starting worker pid=13411 on localhost:11238 at 16:32:33.941
starting worker pid=13404 on localhost:11238 at 16:32:33.941
starting worker pid=13403 on localhost:11238 at 16:32:33.941
starting worker pid=13409 on localhost:11238 at 16:32:33.942
starting worker pid=13407 on localhost:11238 at 16:32:33.942
starting worker pid=13402 on localhost:11238 at 16:32:33.942
starting worker pid=13405 on localhost:11238 at 16:32:33.942
2023-01-28 16:44:51 INFO::After iteration 17, priors {SNP,gene}: {0.00185765003019896,0.0046584644543562}
2023-01-28 16:44:52 INFO::run iteration 18
starting worker pid=14573 on localhost:11238 at 16:44:52.613
starting worker pid=14570 on localhost:11238 at 16:44:52.613
starting worker pid=14569 on localhost:11238 at 16:44:52.613
starting worker pid=14574 on localhost:11238 at 16:44:52.613
starting worker pid=14567 on localhost:11238 at 16:44:52.613
starting worker pid=14566 on localhost:11238 at 16:44:52.613
starting worker pid=14572 on localhost:11238 at 16:44:52.613
starting worker pid=14568 on localhost:11238 at 16:44:52.633
starting worker pid=14571 on localhost:11238 at 16:44:52.649
starting worker pid=14565 on localhost:11238 at 16:44:52.655
2023-01-28 16:57:12 INFO::After iteration 18, priors {SNP,gene}: {0.00185782750247611,0.00465728259358153}
2023-01-28 16:57:13 INFO::run iteration 19
starting worker pid=15769 on localhost:11238 at 16:57:13.518
starting worker pid=15774 on localhost:11238 at 16:57:13.520
starting worker pid=15776 on localhost:11238 at 16:57:13.520
starting worker pid=15770 on localhost:11238 at 16:57:13.528
starting worker pid=15772 on localhost:11238 at 16:57:13.529
starting worker pid=15767 on localhost:11238 at 16:57:13.529
starting worker pid=15768 on localhost:11238 at 16:57:13.531
starting worker pid=15775 on localhost:11238 at 16:57:13.535
starting worker pid=15773 on localhost:11238 at 16:57:13.542
starting worker pid=15771 on localhost:11238 at 16:57:13.550
2023-01-28 17:09:32 INFO::After iteration 19, priors {SNP,gene}: {0.0018579583122923,0.00465640715327837}
2023-01-28 17:09:32 INFO::run iteration 20
starting worker pid=16943 on localhost:11238 at 17:09:33.115
starting worker pid=16941 on localhost:11238 at 17:09:33.115
starting worker pid=16949 on localhost:11238 at 17:09:33.115
starting worker pid=16944 on localhost:11238 at 17:09:33.115
starting worker pid=16946 on localhost:11238 at 17:09:33.116
starting worker pid=16942 on localhost:11238 at 17:09:33.116
starting worker pid=16945 on localhost:11238 at 17:09:33.116
starting worker pid=16947 on localhost:11238 at 17:09:33.116
starting worker pid=16948 on localhost:11238 at 17:09:33.116
starting worker pid=16940 on localhost:11238 at 17:09:33.116
2023-01-28 17:21:48 INFO::After iteration 20, priors {SNP,gene}: {0.00185805483787237,0.00465575915720527}
2023-01-28 17:21:48 INFO::run iteration 21
starting worker pid=18141 on localhost:11238 at 17:21:48.727
starting worker pid=18139 on localhost:11238 at 17:21:48.727
starting worker pid=18143 on localhost:11238 at 17:21:48.729
starting worker pid=18145 on localhost:11238 at 17:21:48.729
starting worker pid=18140 on localhost:11238 at 17:21:48.730
starting worker pid=18138 on localhost:11238 at 17:21:48.733
starting worker pid=18142 on localhost:11238 at 17:21:48.738
starting worker pid=18137 on localhost:11238 at 17:21:48.741
starting worker pid=18136 on localhost:11238 at 17:21:48.742
starting worker pid=18144 on localhost:11238 at 17:21:48.743
2023-01-28 17:34:05 INFO::After iteration 21, priors {SNP,gene}: {0.00185812611558668,0.0046552797296777}
2023-01-28 17:34:05 INFO::run iteration 22
starting worker pid=19311 on localhost:11238 at 17:34:06.339
starting worker pid=19308 on localhost:11238 at 17:34:06.339
starting worker pid=19307 on localhost:11238 at 17:34:06.342
starting worker pid=19303 on localhost:11238 at 17:34:06.342
starting worker pid=19306 on localhost:11238 at 17:34:06.342
starting worker pid=19305 on localhost:11238 at 17:34:06.342
starting worker pid=19310 on localhost:11238 at 17:34:06.343
starting worker pid=19312 on localhost:11238 at 17:34:06.343
starting worker pid=19304 on localhost:11238 at 17:34:06.343
starting worker pid=19309 on localhost:11238 at 17:34:06.343
2023-01-28 17:46:32 INFO::After iteration 22, priors {SNP,gene}: {0.00185817877295812,0.00465492511861671}
2023-01-28 17:46:32 INFO::run iteration 23
starting worker pid=20535 on localhost:11238 at 17:46:33.040
starting worker pid=20539 on localhost:11238 at 17:46:33.041
starting worker pid=20534 on localhost:11238 at 17:46:33.041
starting worker pid=20542 on localhost:11238 at 17:46:33.041
starting worker pid=20537 on localhost:11238 at 17:46:33.041
starting worker pid=20541 on localhost:11238 at 17:46:33.042
starting worker pid=20543 on localhost:11238 at 17:46:33.042
starting worker pid=20544 on localhost:11238 at 17:46:33.042
starting worker pid=20538 on localhost:11238 at 17:46:33.043
starting worker pid=20536 on localhost:11238 at 17:46:33.045
2023-01-28 17:58:56 INFO::After iteration 23, priors {SNP,gene}: {0.00185821768520322,0.00465466287418707}
2023-01-28 17:58:56 INFO::run iteration 24
starting worker pid=21707 on localhost:11238 at 17:58:56.915
starting worker pid=21708 on localhost:11238 at 17:58:56.915
starting worker pid=21714 on localhost:11238 at 17:58:56.915
starting worker pid=21711 on localhost:11238 at 17:58:56.915
starting worker pid=21713 on localhost:11238 at 17:58:56.915
starting worker pid=21712 on localhost:11238 at 17:58:56.915
starting worker pid=21709 on localhost:11238 at 17:58:56.915
starting worker pid=21706 on localhost:11238 at 17:58:56.915
starting worker pid=21710 on localhost:11238 at 17:58:56.922
starting worker pid=21715 on localhost:11238 at 17:58:56.940
2023-01-28 18:11:18 INFO::After iteration 24, priors {SNP,gene}: {0.00185824644525713,0.00465446895824077}
2023-01-28 18:11:18 INFO::run iteration 25
starting worker pid=22887 on localhost:11238 at 18:11:19.334
starting worker pid=22885 on localhost:11238 at 18:11:19.334
starting worker pid=22889 on localhost:11238 at 18:11:19.340
starting worker pid=22893 on localhost:11238 at 18:11:19.358
starting worker pid=22886 on localhost:11238 at 18:11:19.358
starting worker pid=22890 on localhost:11238 at 18:11:19.360
starting worker pid=22892 on localhost:11238 at 18:11:19.367
starting worker pid=22884 on localhost:11238 at 18:11:19.369
starting worker pid=22888 on localhost:11238 at 18:11:19.370
starting worker pid=22891 on localhost:11238 at 18:11:19.373
2023-01-28 18:23:36 INFO::After iteration 25, priors {SNP,gene}: {0.00185826770416389,0.00465432557717741}
2023-01-28 18:23:36 INFO::run iteration 26
starting worker pid=24091 on localhost:11238 at 18:23:37.096
starting worker pid=24090 on localhost:11238 at 18:23:37.098
starting worker pid=24092 on localhost:11238 at 18:23:37.098
starting worker pid=24088 on localhost:11238 at 18:23:37.098
starting worker pid=24097 on localhost:11238 at 18:23:37.099
starting worker pid=24095 on localhost:11238 at 18:23:37.100
starting worker pid=24089 on localhost:11238 at 18:23:37.100
starting worker pid=24094 on localhost:11238 at 18:23:37.100
starting worker pid=24093 on localhost:11238 at 18:23:37.100
starting worker pid=24096 on localhost:11238 at 18:23:37.100
2023-01-28 18:35:52 INFO::After iteration 26, priors {SNP,gene}: {0.00185828341944445,0.00465421956588506}
2023-01-28 18:35:52 INFO::run iteration 27
starting worker pid=25255 on localhost:11238 at 18:35:53.440
starting worker pid=25253 on localhost:11238 at 18:35:53.441
starting worker pid=25267 on localhost:11238 at 18:35:53.442
starting worker pid=25268 on localhost:11238 at 18:35:53.442
starting worker pid=25264 on localhost:11238 at 18:35:53.442
starting worker pid=25265 on localhost:11238 at 18:35:53.442
starting worker pid=25266 on localhost:11238 at 18:35:53.447
starting worker pid=25260 on localhost:11238 at 18:35:53.448
starting worker pid=25258 on localhost:11238 at 18:35:53.450
starting worker pid=25262 on localhost:11238 at 18:35:53.461
2023-01-28 18:48:12 INFO::After iteration 27, priors {SNP,gene}: {0.0018582950371977,0.00465414118658636}
2023-01-28 18:48:12 INFO::run iteration 28
starting worker pid=26455 on localhost:11238 at 18:48:13.179
starting worker pid=26461 on localhost:11238 at 18:48:13.214
starting worker pid=26458 on localhost:11238 at 18:48:13.251
starting worker pid=26454 on localhost:11238 at 18:48:13.254
starting worker pid=26457 on localhost:11238 at 18:48:13.266
starting worker pid=26452 on localhost:11238 at 18:48:13.271
starting worker pid=26459 on localhost:11238 at 18:48:13.274
starting worker pid=26453 on localhost:11238 at 18:48:13.276
starting worker pid=26456 on localhost:11238 at 18:48:13.281
starting worker pid=26460 on localhost:11238 at 18:48:13.283
2023-01-28 19:00:31 INFO::After iteration 28, priors {SNP,gene}: {0.00185830362602653,0.00465408323787526}
2023-01-28 19:00:31 INFO::run iteration 29
starting worker pid=27625 on localhost:11238 at 19:00:32.223
starting worker pid=27621 on localhost:11238 at 19:00:32.225
starting worker pid=27628 on localhost:11238 at 19:00:32.225
starting worker pid=27626 on localhost:11238 at 19:00:32.225
starting worker pid=27620 on localhost:11238 at 19:00:32.226
starting worker pid=27624 on localhost:11238 at 19:00:32.227
starting worker pid=27622 on localhost:11238 at 19:00:32.227
starting worker pid=27627 on localhost:11238 at 19:00:32.227
starting worker pid=27619 on localhost:11238 at 19:00:32.227
starting worker pid=27623 on localhost:11238 at 19:00:32.227
2023-01-28 19:12:51 INFO::After iteration 29, priors {SNP,gene}: {0.00185830997572563,0.00465404039466708}
2023-01-28 19:12:51 INFO::run iteration 30
starting worker pid=28823 on localhost:11238 at 19:12:52.057
starting worker pid=28819 on localhost:11238 at 19:12:52.065
starting worker pid=28821 on localhost:11238 at 19:12:52.069
starting worker pid=28818 on localhost:11238 at 19:12:52.070
starting worker pid=28822 on localhost:11238 at 19:12:52.071
starting worker pid=28817 on localhost:11238 at 19:12:52.072
starting worker pid=28816 on localhost:11238 at 19:12:52.073
starting worker pid=28815 on localhost:11238 at 19:12:52.074
starting worker pid=28820 on localhost:11238 at 19:12:52.079
starting worker pid=28824 on localhost:11238 at 19:12:52.082
2023-01-28 19:25:01 INFO::After iteration 30, priors {SNP,gene}: {0.00185831467009206,0.00465400871959506}
2023-01-28 19:25:01 INFO::Run susie for all regions.
2023-01-28 19:25:01 INFO::run iteration 1
starting worker pid=29982 on localhost:11238 at 19:25:01.936
starting worker pid=29989 on localhost:11238 at 19:25:01.939
starting worker pid=29987 on localhost:11238 at 19:25:01.969
starting worker pid=29985 on localhost:11238 at 19:25:01.979
starting worker pid=29988 on localhost:11238 at 19:25:01.995
starting worker pid=29981 on localhost:11238 at 19:25:01.995
starting worker pid=29984 on localhost:11238 at 19:25:02.003
starting worker pid=29980 on localhost:11238 at 19:25:02.010
starting worker pid=29986 on localhost:11238 at 19:25:02.023
starting worker pid=29983 on localhost:11238 at 19:25:02.026
2023-01-28 19:45:06 INFO::After iteration 1, priors {SNP,gene}: {0.00702162781703036,0.0126644097291498}
2023-01-28 19:45:07 INFO::No. LD regions: 1700
2023-01-28 19:45:14 INFO::No. regions with at least one SNP/gene for chr1: 131
2023-01-28 19:45:14 INFO::Merge regions for chr1
2023-01-28 19:45:14 INFO::No. regions with at least one SNP/gene for chr1 after merging: 131
2023-01-28 19:45:21 INFO::No. regions with at least one SNP/gene for chr2: 144
2023-01-28 19:45:21 INFO::Merge regions for chr2
2023-01-28 19:45:21 INFO::No. regions with at least one SNP/gene for chr2 after merging: 144
2023-01-28 19:45:27 INFO::No. regions with at least one SNP/gene for chr3: 122
2023-01-28 19:45:27 INFO::Merge regions for chr3
2023-01-28 19:45:27 INFO::No. regions with at least one SNP/gene for chr3 after merging: 122
2023-01-28 19:45:33 INFO::No. regions with at least one SNP/gene for chr4: 122
2023-01-28 19:45:33 INFO::Merge regions for chr4
2023-01-28 19:45:33 INFO::No. regions with at least one SNP/gene for chr4 after merging: 122
2023-01-28 19:45:38 INFO::No. regions with at least one SNP/gene for chr5: 110
2023-01-28 19:45:38 INFO::Merge regions for chr5
2023-01-28 19:45:38 INFO::No. regions with at least one SNP/gene for chr5 after merging: 110
2023-01-28 19:45:43 INFO::No. regions with at least one SNP/gene for chr6: 112
2023-01-28 19:45:43 INFO::Merge regions for chr6
2023-01-28 19:45:43 INFO::No. regions with at least one SNP/gene for chr6 after merging: 112
2023-01-28 19:45:46 INFO::No. regions with at least one SNP/gene for chr7: 99
2023-01-28 19:45:46 INFO::Merge regions for chr7
2023-01-28 19:45:46 INFO::No. regions with at least one SNP/gene for chr7 after merging: 99
2023-01-28 19:45:50 INFO::No. regions with at least one SNP/gene for chr8: 94
2023-01-28 19:45:50 INFO::Merge regions for chr8
2023-01-28 19:45:50 INFO::No. regions with at least one SNP/gene for chr8 after merging: 94
2023-01-28 19:45:53 INFO::No. regions with at least one SNP/gene for chr9: 74
2023-01-28 19:45:53 INFO::Merge regions for chr9
2023-01-28 19:45:53 INFO::No. regions with at least one SNP/gene for chr9 after merging: 74
2023-01-28 19:45:57 INFO::No. regions with at least one SNP/gene for chr10: 85
2023-01-28 19:45:57 INFO::Merge regions for chr10
2023-01-28 19:45:57 INFO::No. regions with at least one SNP/gene for chr10 after merging: 85
2023-01-28 19:46:01 INFO::No. regions with at least one SNP/gene for chr11: 84
2023-01-28 19:46:01 INFO::Merge regions for chr11
2023-01-28 19:46:01 INFO::No. regions with at least one SNP/gene for chr11 after merging: 84
2023-01-28 19:46:05 INFO::No. regions with at least one SNP/gene for chr12: 82
2023-01-28 19:46:05 INFO::Merge regions for chr12
2023-01-28 19:46:05 INFO::No. regions with at least one SNP/gene for chr12 after merging: 82
2023-01-28 19:46:08 INFO::No. regions with at least one SNP/gene for chr13: 62
2023-01-28 19:46:08 INFO::Merge regions for chr13
2023-01-28 19:46:08 INFO::No. regions with at least one SNP/gene for chr13 after merging: 62
2023-01-28 19:46:10 INFO::No. regions with at least one SNP/gene for chr14: 56
2023-01-28 19:46:10 INFO::Merge regions for chr14
2023-01-28 19:46:10 INFO::No. regions with at least one SNP/gene for chr14 after merging: 56
2023-01-28 19:46:14 INFO::No. regions with at least one SNP/gene for chr15: 50
2023-01-28 19:46:14 INFO::Merge regions for chr15
2023-01-28 19:46:14 INFO::No. regions with at least one SNP/gene for chr15 after merging: 50
2023-01-28 19:46:16 INFO::No. regions with at least one SNP/gene for chr16: 54
2023-01-28 19:46:16 INFO::Merge regions for chr16
2023-01-28 19:46:16 INFO::No. regions with at least one SNP/gene for chr16 after merging: 54
2023-01-28 19:46:18 INFO::No. regions with at least one SNP/gene for chr17: 47
2023-01-28 19:46:18 INFO::Merge regions for chr17
2023-01-28 19:46:18 INFO::No. regions with at least one SNP/gene for chr17 after merging: 47
2023-01-28 19:46:20 INFO::No. regions with at least one SNP/gene for chr18: 47
2023-01-28 19:46:20 INFO::Merge regions for chr18
2023-01-28 19:46:20 INFO::No. regions with at least one SNP/gene for chr18 after merging: 47
2023-01-28 19:46:23 INFO::No. regions with at least one SNP/gene for chr19: 39
2023-01-28 19:46:23 INFO::Merge regions for chr19
2023-01-28 19:46:23 INFO::No. regions with at least one SNP/gene for chr19 after merging: 39
2023-01-28 19:46:25 INFO::No. regions with at least one SNP/gene for chr20: 38
2023-01-28 19:46:25 INFO::Merge regions for chr20
2023-01-28 19:46:25 INFO::No. regions with at least one SNP/gene for chr20 after merging: 38
2023-01-28 19:46:27 INFO::No. regions with at least one SNP/gene for chr21: 24
2023-01-28 19:46:27 INFO::Merge regions for chr21
2023-01-28 19:46:27 INFO::No. regions with at least one SNP/gene for chr21 after merging: 24
2023-01-28 19:46:28 INFO::No. regions with at least one SNP/gene for chr22: 24
2023-01-28 19:46:28 INFO::Merge regions for chr22
2023-01-28 19:46:28 INFO::No. regions with at least one SNP/gene for chr22 after merging: 24
2023-01-28 19:46:28 INFO::Trim regions with SNPs more than 20000
2023-01-28 19:46:28 INFO::Adding R matrix info, as genotype is not given
2023-01-28 19:46:30 INFO::Adding R matrix info for chrom 1
2023-01-28 20:10:28 INFO::Adding R matrix info for chrom 2
2023-01-28 20:32:22 INFO::Adding R matrix info for chrom 3
2023-01-28 20:47:45 INFO::Adding R matrix info for chrom 4
2023-01-28 21:01:53 INFO::Adding R matrix info for chrom 5
2023-01-28 21:16:56 INFO::Adding R matrix info for chrom 6
2023-01-28 21:36:42 INFO::Adding R matrix info for chrom 7
2023-01-28 21:52:28 INFO::Adding R matrix info for chrom 8
2023-01-28 22:06:09 INFO::Adding R matrix info for chrom 9
2023-01-28 22:15:36 INFO::Adding R matrix info for chrom 10
2023-01-28 22:30:40 INFO::Adding R matrix info for chrom 11
2023-01-28 22:47:03 INFO::Adding R matrix info for chrom 12
2023-01-28 23:00:15 INFO::Adding R matrix info for chrom 13
2023-01-28 23:08:23 INFO::Adding R matrix info for chrom 14
2023-01-28 23:17:51 INFO::Adding R matrix info for chrom 15
2023-01-28 23:26:09 INFO::Adding R matrix info for chrom 16
2023-01-28 23:37:30 INFO::Adding R matrix info for chrom 17
2023-01-28 23:50:49 INFO::Adding R matrix info for chrom 18
2023-01-28 23:56:57 INFO::Adding R matrix info for chrom 19
2023-01-29 00:08:53 INFO::Adding R matrix info for chrom 20
2023-01-29 00:16:39 INFO::Adding R matrix info for chrom 21
2023-01-29 00:20:21 INFO::Adding R matrix info for chrom 22
