Loading required package: ctwas
loaded ctwas and set parent environment
Loading required package: ctwas
loaded ctwas and set parent environment
Loading required package: ctwas
loaded ctwas and set parent environment
Loading required package: ctwas
loaded ctwas and set parent environment
Loading required package: ctwas
loaded ctwas and set parent environment
Loading required package: ctwas
loaded ctwas and set parent environment
Loading required package: ctwas
loaded ctwas and set parent environment
Loading required package: ctwas
loaded ctwas and set parent environment
Loading required package: ctwas
loaded ctwas and set parent environment
Loading required package: ctwas
loaded ctwas and set parent environment
Error in makePSOCKcluster(names = spec, ...) : 
  Cluster setup failed. 10 of 10 workers failed to connect.
Calls: ctwas_rss -> susieI_rss -> <Anonymous> -> makePSOCKcluster
In addition: Warning messages:
1: In system(cmd, wait = FALSE) :
  system call failed: Cannot allocate memory
2: In system(cmd, wait = FALSE) : error in running command
Execution halted
