[1] "/project2/xinhe/shengqian/cTWAS/cTWAS_analysis/data/UKBB/ukb-d-30010_irnt.vcf.gz"
[2] "/project2/mstephens/wcrouse/UKB_LDR_0.1"                                         
[3] "/project2/xinhe/shengqian/cTWAS/cTWAS_analysis/data/mqtl/Prostate.db"            
[4] "/project2/xinhe/shengqian/cTWAS/cTWAS_analysis/code/ctwas_config_b38.R"          
[5] "RedBlood_Prostate_expr"                                                          
[6] "RedBlood_Prostate_ctwas"                                                         
[7] "/project2/xinhe/shengqian/cTWAS/cTWAS_analysis/data/RedBlood_M/Prostate"         
2023-01-27 13:33:58 INFO::ctwas started ...
2023-01-27 13:34:41 INFO::LD region file: /home/shengqian/R/x86_64-pc-linux-gnu-library/4.1/ctwas/extdata/ldetect/EUR.b38.bed
2023-01-27 13:34:55 INFO::No. LD regions: 1700
2023-01-27 13:35:05 INFO::No. regions with at least one SNP/gene for chr1: 131
2023-01-27 13:35:05 INFO::Merge regions for chr1
2023-01-27 13:35:05 INFO::No. regions with at least one SNP/gene for chr1 after merging: 131
2023-01-27 13:35:14 INFO::No. regions with at least one SNP/gene for chr2: 144
2023-01-27 13:35:14 INFO::Merge regions for chr2
2023-01-27 13:35:14 INFO::No. regions with at least one SNP/gene for chr2 after merging: 144
2023-01-27 13:35:21 INFO::No. regions with at least one SNP/gene for chr3: 122
2023-01-27 13:35:21 INFO::Merge regions for chr3
2023-01-27 13:35:21 INFO::No. regions with at least one SNP/gene for chr3 after merging: 122
2023-01-27 13:35:30 INFO::No. regions with at least one SNP/gene for chr4: 122
2023-01-27 13:35:30 INFO::Merge regions for chr4
2023-01-27 13:35:30 INFO::No. regions with at least one SNP/gene for chr4 after merging: 122
2023-01-27 13:35:36 INFO::No. regions with at least one SNP/gene for chr5: 110
2023-01-27 13:35:36 INFO::Merge regions for chr5
2023-01-27 13:35:36 INFO::No. regions with at least one SNP/gene for chr5 after merging: 110
2023-01-27 13:35:42 INFO::No. regions with at least one SNP/gene for chr6: 112
2023-01-27 13:35:42 INFO::Merge regions for chr6
2023-01-27 13:35:42 INFO::No. regions with at least one SNP/gene for chr6 after merging: 112
2023-01-27 13:35:48 INFO::No. regions with at least one SNP/gene for chr7: 99
2023-01-27 13:35:48 INFO::Merge regions for chr7
2023-01-27 13:35:48 INFO::No. regions with at least one SNP/gene for chr7 after merging: 99
2023-01-27 13:35:55 INFO::No. regions with at least one SNP/gene for chr8: 94
2023-01-27 13:35:55 INFO::Merge regions for chr8
2023-01-27 13:35:55 INFO::No. regions with at least one SNP/gene for chr8 after merging: 94
2023-01-27 13:36:00 INFO::No. regions with at least one SNP/gene for chr9: 74
2023-01-27 13:36:00 INFO::Merge regions for chr9
2023-01-27 13:36:00 INFO::No. regions with at least one SNP/gene for chr9 after merging: 74
2023-01-27 13:36:05 INFO::No. regions with at least one SNP/gene for chr10: 85
2023-01-27 13:36:05 INFO::Merge regions for chr10
2023-01-27 13:36:05 INFO::No. regions with at least one SNP/gene for chr10 after merging: 85
2023-01-27 13:36:09 INFO::No. regions with at least one SNP/gene for chr11: 84
2023-01-27 13:36:09 INFO::Merge regions for chr11
2023-01-27 13:36:09 INFO::No. regions with at least one SNP/gene for chr11 after merging: 84
2023-01-27 13:36:14 INFO::No. regions with at least one SNP/gene for chr12: 82
2023-01-27 13:36:14 INFO::Merge regions for chr12
2023-01-27 13:36:14 INFO::No. regions with at least one SNP/gene for chr12 after merging: 82
2023-01-27 13:36:17 INFO::No. regions with at least one SNP/gene for chr13: 62
2023-01-27 13:36:17 INFO::Merge regions for chr13
2023-01-27 13:36:17 INFO::No. regions with at least one SNP/gene for chr13 after merging: 62
2023-01-27 13:36:20 INFO::No. regions with at least one SNP/gene for chr14: 56
2023-01-27 13:36:20 INFO::Merge regions for chr14
2023-01-27 13:36:20 INFO::No. regions with at least one SNP/gene for chr14 after merging: 56
2023-01-27 13:36:24 INFO::No. regions with at least one SNP/gene for chr15: 50
2023-01-27 13:36:24 INFO::Merge regions for chr15
2023-01-27 13:36:24 INFO::No. regions with at least one SNP/gene for chr15 after merging: 50
2023-01-27 13:36:26 INFO::No. regions with at least one SNP/gene for chr16: 54
2023-01-27 13:36:26 INFO::Merge regions for chr16
2023-01-27 13:36:26 INFO::No. regions with at least one SNP/gene for chr16 after merging: 54
2023-01-27 13:36:29 INFO::No. regions with at least one SNP/gene for chr17: 47
2023-01-27 13:36:29 INFO::Merge regions for chr17
2023-01-27 13:36:29 INFO::No. regions with at least one SNP/gene for chr17 after merging: 47
2023-01-27 13:36:32 INFO::No. regions with at least one SNP/gene for chr18: 47
2023-01-27 13:36:32 INFO::Merge regions for chr18
2023-01-27 13:36:32 INFO::No. regions with at least one SNP/gene for chr18 after merging: 47
2023-01-27 13:36:34 INFO::No. regions with at least one SNP/gene for chr19: 39
2023-01-27 13:36:34 INFO::Merge regions for chr19
2023-01-27 13:36:34 INFO::No. regions with at least one SNP/gene for chr19 after merging: 39
2023-01-27 13:36:36 INFO::No. regions with at least one SNP/gene for chr20: 38
2023-01-27 13:36:36 INFO::Merge regions for chr20
2023-01-27 13:36:36 INFO::No. regions with at least one SNP/gene for chr20 after merging: 38
2023-01-27 13:36:38 INFO::No. regions with at least one SNP/gene for chr21: 24
2023-01-27 13:36:38 INFO::Merge regions for chr21
2023-01-27 13:36:38 INFO::No. regions with at least one SNP/gene for chr21 after merging: 24
2023-01-27 13:36:40 INFO::No. regions with at least one SNP/gene for chr22: 24
2023-01-27 13:36:40 INFO::Merge regions for chr22
2023-01-27 13:36:40 INFO::No. regions with at least one SNP/gene for chr22 after merging: 24
2023-01-27 13:36:40 INFO::Trim regions with SNPs more than Inf
2023-01-27 13:36:40 INFO::Adding R matrix info, as genotype is not given
2023-01-27 13:36:41 INFO::Adding R matrix info for chrom 1
2023-01-27 13:54:30 INFO::Adding R matrix info for chrom 2
2023-01-27 14:11:15 INFO::Adding R matrix info for chrom 3
2023-01-27 14:23:09 INFO::Adding R matrix info for chrom 4
2023-01-27 14:34:08 INFO::Adding R matrix info for chrom 5
2023-01-27 14:44:26 INFO::Adding R matrix info for chrom 6
2023-01-27 14:58:44 INFO::Adding R matrix info for chrom 7
2023-01-27 15:09:57 INFO::Adding R matrix info for chrom 8
2023-01-27 15:19:55 INFO::Adding R matrix info for chrom 9
2023-01-27 15:26:44 INFO::Adding R matrix info for chrom 10
2023-01-27 15:36:47 INFO::Adding R matrix info for chrom 11
2023-01-27 15:48:04 INFO::Adding R matrix info for chrom 12
2023-01-27 15:57:16 INFO::Adding R matrix info for chrom 13
2023-01-27 16:03:20 INFO::Adding R matrix info for chrom 14
2023-01-27 16:09:39 INFO::Adding R matrix info for chrom 15
2023-01-27 16:15:23 INFO::Adding R matrix info for chrom 16
2023-01-27 16:22:39 INFO::Adding R matrix info for chrom 17
2023-01-27 16:30:47 INFO::Adding R matrix info for chrom 18
2023-01-27 16:35:34 INFO::Adding R matrix info for chrom 19
2023-01-27 16:42:14 INFO::Adding R matrix info for chrom 20
2023-01-27 16:47:07 INFO::Adding R matrix info for chrom 21
2023-01-27 16:49:44 INFO::Adding R matrix info for chrom 22
2023-01-27 16:53:22 INFO::Run susie iteratively, getting rough estimate ...
2023-01-27 16:53:23 INFO::run iteration 1
starting worker pid=26116 on localhost:11501 at 16:53:24.178
starting worker pid=26114 on localhost:11501 at 16:53:24.178
starting worker pid=26118 on localhost:11501 at 16:53:24.178
starting worker pid=26120 on localhost:11501 at 16:53:24.178
starting worker pid=26113 on localhost:11501 at 16:53:24.178
starting worker pid=26117 on localhost:11501 at 16:53:24.179
starting worker pid=26115 on localhost:11501 at 16:53:24.179
starting worker pid=26119 on localhost:11501 at 16:53:24.179
starting worker pid=26112 on localhost:11501 at 16:53:24.179
starting worker pid=26121 on localhost:11501 at 16:53:24.179
2023-01-27 17:13:49 INFO::After iteration 1, priors {SNP,gene}: {0.00181603397092039,0.00276374560475885}
2023-01-27 17:13:50 INFO::run iteration 2
starting worker pid=48786 on localhost:11501 at 17:13:51.160
starting worker pid=48785 on localhost:11501 at 17:13:51.160
starting worker pid=48783 on localhost:11501 at 17:13:51.160
starting worker pid=48791 on localhost:11501 at 17:13:51.160
starting worker pid=48788 on localhost:11501 at 17:13:51.160
starting worker pid=48784 on localhost:11501 at 17:13:51.161
starting worker pid=48790 on localhost:11501 at 17:13:51.161
starting worker pid=48787 on localhost:11501 at 17:13:51.161
starting worker pid=48792 on localhost:11501 at 17:13:51.161
starting worker pid=48789 on localhost:11501 at 17:13:51.161
2023-01-27 17:33:43 INFO::After iteration 2, priors {SNP,gene}: {0.00156982675383922,0.00317729406997567}
2023-01-27 17:33:44 INFO::run iteration 3
starting worker pid=16503 on localhost:11501 at 17:33:44.939
starting worker pid=16502 on localhost:11501 at 17:33:44.940
starting worker pid=16501 on localhost:11501 at 17:33:44.941
starting worker pid=16504 on localhost:11501 at 17:33:44.941
starting worker pid=16510 on localhost:11501 at 17:33:44.941
starting worker pid=16508 on localhost:11501 at 17:33:44.941
starting worker pid=16507 on localhost:11501 at 17:33:44.941
starting worker pid=16509 on localhost:11501 at 17:33:44.941
starting worker pid=16505 on localhost:11501 at 17:33:44.941
starting worker pid=16506 on localhost:11501 at 17:33:44.942
2023-01-27 17:54:31 INFO::After iteration 3, priors {SNP,gene}: {0.00147779788668285,0.0035488327594627}
2023-01-27 18:11:31 INFO::Blocks are filtered: 842 blocks left
2023-01-27 18:11:31 INFO::Run susie iteratively, getting accurate estimate ...
2023-01-27 18:11:32 INFO::run iteration 1
starting worker pid=54394 on localhost:11501 at 18:11:33.406
starting worker pid=54392 on localhost:11501 at 18:11:33.406
starting worker pid=54391 on localhost:11501 at 18:11:33.406
starting worker pid=54393 on localhost:11501 at 18:11:33.406
starting worker pid=54388 on localhost:11501 at 18:11:33.406
starting worker pid=54396 on localhost:11501 at 18:11:33.406
starting worker pid=54390 on localhost:11501 at 18:11:33.406
starting worker pid=54387 on localhost:11501 at 18:11:33.406
starting worker pid=54395 on localhost:11501 at 18:11:33.407
starting worker pid=54389 on localhost:11501 at 18:11:33.408
2023-01-27 18:23:38 INFO::After iteration 1, priors {SNP,gene}: {0.00168352769244363,0.00467912655075981}
2023-01-27 18:23:38 INFO::run iteration 2
starting worker pid=9846 on localhost:11501 at 18:23:38.792
starting worker pid=9842 on localhost:11501 at 18:23:38.792
starting worker pid=9848 on localhost:11501 at 18:23:38.792
starting worker pid=9847 on localhost:11501 at 18:23:38.794
starting worker pid=9845 on localhost:11501 at 18:23:38.796
starting worker pid=9843 on localhost:11501 at 18:23:38.796
starting worker pid=9841 on localhost:11501 at 18:23:38.796
starting worker pid=9850 on localhost:11501 at 18:23:38.796
starting worker pid=9851 on localhost:11501 at 18:23:38.796
starting worker pid=9849 on localhost:11501 at 18:23:38.796
2023-01-27 18:35:47 INFO::After iteration 2, priors {SNP,gene}: {0.00183533678596467,0.00524720999387268}
2023-01-27 18:35:47 INFO::run iteration 3
starting worker pid=20535 on localhost:11501 at 18:35:48.200
starting worker pid=20532 on localhost:11501 at 18:35:48.200
starting worker pid=20539 on localhost:11501 at 18:35:48.200
starting worker pid=20537 on localhost:11501 at 18:35:48.201
starting worker pid=20534 on localhost:11501 at 18:35:48.201
starting worker pid=20531 on localhost:11501 at 18:35:48.202
starting worker pid=20536 on localhost:11501 at 18:35:48.202
starting worker pid=20533 on localhost:11501 at 18:35:48.202
starting worker pid=20540 on localhost:11501 at 18:35:48.203
starting worker pid=20538 on localhost:11501 at 18:35:48.203
2023-01-27 18:47:50 INFO::After iteration 3, priors {SNP,gene}: {0.00194844887563546,0.00552414181780181}
2023-01-27 18:47:50 INFO::run iteration 4
starting worker pid=33243 on localhost:11501 at 18:47:50.930
starting worker pid=33244 on localhost:11501 at 18:47:50.930
starting worker pid=33241 on localhost:11501 at 18:47:50.931
starting worker pid=33239 on localhost:11501 at 18:47:50.931
starting worker pid=33242 on localhost:11501 at 18:47:50.931
starting worker pid=33240 on localhost:11501 at 18:47:50.931
starting worker pid=33246 on localhost:11501 at 18:47:50.937
starting worker pid=33245 on localhost:11501 at 18:47:50.938
starting worker pid=33237 on localhost:11501 at 18:47:50.938
starting worker pid=33238 on localhost:11501 at 18:47:50.939
2023-01-27 19:00:06 INFO::After iteration 4, priors {SNP,gene}: {0.00202299400296326,0.00562694707003595}
2023-01-27 19:00:06 INFO::run iteration 5
starting worker pid=43917 on localhost:11501 at 19:00:06.797
starting worker pid=43916 on localhost:11501 at 19:00:06.809
starting worker pid=43914 on localhost:11501 at 19:00:06.811
starting worker pid=43912 on localhost:11501 at 19:00:06.825
starting worker pid=43919 on localhost:11501 at 19:00:06.827
starting worker pid=43915 on localhost:11501 at 19:00:06.827
starting worker pid=43913 on localhost:11501 at 19:00:06.832
starting worker pid=43918 on localhost:11501 at 19:00:06.838
starting worker pid=43922 on localhost:11501 at 19:00:06.867
starting worker pid=43923 on localhost:11501 at 19:00:06.875
2023-01-27 19:12:17 INFO::After iteration 5, priors {SNP,gene}: {0.00206585433371158,0.00563453262288485}
2023-01-27 19:12:17 INFO::run iteration 6
starting worker pid=52541 on localhost:11501 at 19:12:18.336
starting worker pid=52543 on localhost:11501 at 19:12:18.341
starting worker pid=52545 on localhost:11501 at 19:12:18.360
starting worker pid=52539 on localhost:11501 at 19:12:18.366
starting worker pid=52538 on localhost:11501 at 19:12:18.371
starting worker pid=52536 on localhost:11501 at 19:12:18.373
starting worker pid=52547 on localhost:11501 at 19:12:18.374
starting worker pid=52542 on localhost:11501 at 19:12:18.376
starting worker pid=52546 on localhost:11501 at 19:12:18.398
starting worker pid=52537 on localhost:11501 at 19:12:18.405
2023-01-27 19:24:42 INFO::After iteration 6, priors {SNP,gene}: {0.00208912357194745,0.00560269023045603}
2023-01-27 19:24:42 INFO::run iteration 7
starting worker pid=6264 on localhost:11501 at 19:24:43.001
starting worker pid=6262 on localhost:11501 at 19:24:43.003
starting worker pid=6267 on localhost:11501 at 19:24:43.009
starting worker pid=6263 on localhost:11501 at 19:24:43.041
starting worker pid=6266 on localhost:11501 at 19:24:43.068
starting worker pid=6260 on localhost:11501 at 19:24:43.076
starting worker pid=6265 on localhost:11501 at 19:24:43.083
starting worker pid=6261 on localhost:11501 at 19:24:43.083
starting worker pid=6268 on localhost:11501 at 19:24:43.086
starting worker pid=6269 on localhost:11501 at 19:24:43.098
2023-01-27 19:37:10 INFO::After iteration 7, priors {SNP,gene}: {0.00210189234192951,0.00556131505133583}
2023-01-27 19:37:10 INFO::run iteration 8
starting worker pid=18488 on localhost:11501 at 19:37:11.080
starting worker pid=18487 on localhost:11501 at 19:37:11.092
starting worker pid=18490 on localhost:11501 at 19:37:11.095
starting worker pid=18494 on localhost:11501 at 19:37:11.099
starting worker pid=18495 on localhost:11501 at 19:37:11.118
starting worker pid=18489 on localhost:11501 at 19:37:11.118
starting worker pid=18496 on localhost:11501 at 19:37:11.120
starting worker pid=18491 on localhost:11501 at 19:37:11.127
starting worker pid=18492 on localhost:11501 at 19:37:11.132
starting worker pid=18493 on localhost:11501 at 19:37:11.168
2023-01-27 19:49:34 INFO::After iteration 8, priors {SNP,gene}: {0.00210918317000299,0.00552283170761698}
2023-01-27 19:49:35 INFO::run iteration 9
starting worker pid=31273 on localhost:11501 at 19:49:35.502
starting worker pid=31279 on localhost:11501 at 19:49:35.508
starting worker pid=31271 on localhost:11501 at 19:49:35.540
starting worker pid=31276 on localhost:11501 at 19:49:35.544
starting worker pid=31278 on localhost:11501 at 19:49:35.551
starting worker pid=31272 on localhost:11501 at 19:49:35.552
starting worker pid=31274 on localhost:11501 at 19:49:35.558
starting worker pid=31275 on localhost:11501 at 19:49:35.562
starting worker pid=31270 on localhost:11501 at 19:49:35.562
starting worker pid=31277 on localhost:11501 at 19:49:35.580
2023-01-27 20:02:08 INFO::After iteration 9, priors {SNP,gene}: {0.00211351825932738,0.00549099605672252}
2023-01-27 20:02:08 INFO::run iteration 10
starting worker pid=43932 on localhost:11501 at 20:02:09.077
starting worker pid=43936 on localhost:11501 at 20:02:09.087
starting worker pid=43934 on localhost:11501 at 20:02:09.119
starting worker pid=43931 on localhost:11501 at 20:02:09.124
starting worker pid=43933 on localhost:11501 at 20:02:09.127
starting worker pid=43928 on localhost:11501 at 20:02:09.129
starting worker pid=43937 on localhost:11501 at 20:02:09.132
starting worker pid=43930 on localhost:11501 at 20:02:09.137
starting worker pid=43935 on localhost:11501 at 20:02:09.149
starting worker pid=43929 on localhost:11501 at 20:02:09.153
2023-01-27 20:14:53 INFO::After iteration 10, priors {SNP,gene}: {0.00211622076041439,0.00546611851295205}
2023-01-27 20:14:53 INFO::run iteration 11
starting worker pid=51162 on localhost:11501 at 20:14:53.930
starting worker pid=51167 on localhost:11501 at 20:14:53.967
starting worker pid=51164 on localhost:11501 at 20:14:53.981
starting worker pid=51169 on localhost:11501 at 20:14:53.984
starting worker pid=51166 on localhost:11501 at 20:14:54.000
starting worker pid=51165 on localhost:11501 at 20:14:54.002
starting worker pid=51168 on localhost:11501 at 20:14:54.004
starting worker pid=51163 on localhost:11501 at 20:14:54.006
starting worker pid=51160 on localhost:11501 at 20:14:54.012
starting worker pid=51161 on localhost:11501 at 20:14:54.030
2023-01-27 20:27:29 INFO::After iteration 11, priors {SNP,gene}: {0.00211796836196151,0.00544725598388451}
2023-01-27 20:27:30 INFO::run iteration 12
starting worker pid=6735 on localhost:11501 at 20:27:30.463
starting worker pid=6739 on localhost:11501 at 20:27:30.515
starting worker pid=6738 on localhost:11501 at 20:27:30.539
starting worker pid=6737 on localhost:11501 at 20:27:30.547
starting worker pid=6740 on localhost:11501 at 20:27:30.551
starting worker pid=6743 on localhost:11501 at 20:27:30.557
starting worker pid=6741 on localhost:11501 at 20:27:30.565
starting worker pid=6742 on localhost:11501 at 20:27:30.566
starting worker pid=6736 on localhost:11501 at 20:27:30.613
starting worker pid=6744 on localhost:11501 at 20:27:30.628
2023-01-27 20:40:10 INFO::After iteration 12, priors {SNP,gene}: {0.00211913567071184,0.00543320300299064}
2023-01-27 20:40:10 INFO::run iteration 13
starting worker pid=20118 on localhost:11501 at 20:40:11.371
starting worker pid=20116 on localhost:11501 at 20:40:11.379
starting worker pid=20122 on localhost:11501 at 20:40:11.408
starting worker pid=20120 on localhost:11501 at 20:40:11.408
starting worker pid=20123 on localhost:11501 at 20:40:11.415
starting worker pid=20117 on localhost:11501 at 20:40:11.425
starting worker pid=20114 on localhost:11501 at 20:40:11.438
starting worker pid=20119 on localhost:11501 at 20:40:11.444
starting worker pid=20121 on localhost:11501 at 20:40:11.450
starting worker pid=20115 on localhost:11501 at 20:40:11.459
2023-01-27 20:52:51 INFO::After iteration 13, priors {SNP,gene}: {0.00211993595339004,0.00542284376317075}
2023-01-27 20:52:51 INFO::run iteration 14
starting worker pid=31113 on localhost:11501 at 20:52:52.405
starting worker pid=31118 on localhost:11501 at 20:52:52.405
starting worker pid=31112 on localhost:11501 at 20:52:52.406
starting worker pid=31110 on localhost:11501 at 20:52:52.407
starting worker pid=31111 on localhost:11501 at 20:52:52.407
starting worker pid=31114 on localhost:11501 at 20:52:52.407
starting worker pid=31119 on localhost:11501 at 20:52:52.407
starting worker pid=31117 on localhost:11501 at 20:52:52.407
starting worker pid=31115 on localhost:11501 at 20:52:52.407
starting worker pid=31116 on localhost:11501 at 20:52:52.408
2023-01-27 21:05:30 INFO::After iteration 14, priors {SNP,gene}: {0.00212049485117605,0.0054152561163033}
2023-01-27 21:05:30 INFO::run iteration 15
starting worker pid=43615 on localhost:11501 at 21:05:31.368
starting worker pid=43613 on localhost:11501 at 21:05:31.422
starting worker pid=43608 on localhost:11501 at 21:05:31.436
starting worker pid=43614 on localhost:11501 at 21:05:31.438
starting worker pid=43616 on localhost:11501 at 21:05:31.446
starting worker pid=43607 on localhost:11501 at 21:05:31.447
starting worker pid=43611 on localhost:11501 at 21:05:31.450
starting worker pid=43610 on localhost:11501 at 21:05:31.451
starting worker pid=43612 on localhost:11501 at 21:05:31.462
starting worker pid=43609 on localhost:11501 at 21:05:31.480
2023-01-27 21:18:26 INFO::After iteration 15, priors {SNP,gene}: {0.00212089018499255,0.00540972032328367}
2023-01-27 21:18:26 INFO::run iteration 16
starting worker pid=52509 on localhost:11501 at 21:18:26.890
starting worker pid=52503 on localhost:11501 at 21:18:26.967
starting worker pid=52510 on localhost:11501 at 21:18:26.980
starting worker pid=52511 on localhost:11501 at 21:18:26.981
starting worker pid=52507 on localhost:11501 at 21:18:26.982
starting worker pid=52508 on localhost:11501 at 21:18:26.985
starting worker pid=52505 on localhost:11501 at 21:18:27.002
starting worker pid=52512 on localhost:11501 at 21:18:27.006
starting worker pid=52504 on localhost:11501 at 21:18:27.023
starting worker pid=52506 on localhost:11501 at 21:18:27.025
2023-01-27 21:31:14 INFO::After iteration 16, priors {SNP,gene}: {0.00212117222360504,0.00540569132460187}
2023-01-27 21:31:14 INFO::run iteration 17
starting worker pid=4475 on localhost:11501 at 21:31:14.795
starting worker pid=4476 on localhost:11501 at 21:31:14.818
starting worker pid=4477 on localhost:11501 at 21:31:14.859
starting worker pid=4481 on localhost:11501 at 21:31:14.884
starting worker pid=4482 on localhost:11501 at 21:31:14.886
starting worker pid=4474 on localhost:11501 at 21:31:14.888
starting worker pid=4479 on localhost:11501 at 21:31:14.889
starting worker pid=4480 on localhost:11501 at 21:31:14.895
starting worker pid=4483 on localhost:11501 at 21:31:14.898
starting worker pid=4478 on localhost:11501 at 21:31:14.921
2023-01-27 21:43:58 INFO::After iteration 17, priors {SNP,gene}: {0.00212137457173456,0.00540276341307829}
2023-01-27 21:43:58 INFO::run iteration 18
starting worker pid=15352 on localhost:11501 at 21:43:59.165
starting worker pid=15358 on localhost:11501 at 21:43:59.184
starting worker pid=15357 on localhost:11501 at 21:43:59.192
starting worker pid=15353 on localhost:11501 at 21:43:59.196
starting worker pid=15355 on localhost:11501 at 21:43:59.207
starting worker pid=15351 on localhost:11501 at 21:43:59.209
starting worker pid=15356 on localhost:11501 at 21:43:59.217
starting worker pid=15354 on localhost:11501 at 21:43:59.225
starting worker pid=15359 on localhost:11501 at 21:43:59.233
starting worker pid=15360 on localhost:11501 at 21:43:59.256
2023-01-27 21:56:47 INFO::After iteration 18, priors {SNP,gene}: {0.00212152027979397,0.00540063767740116}
2023-01-27 21:56:48 INFO::run iteration 19
starting worker pid=28154 on localhost:11501 at 21:56:48.549
starting worker pid=28161 on localhost:11501 at 21:56:48.578
starting worker pid=28159 on localhost:11501 at 21:56:48.599
starting worker pid=28152 on localhost:11501 at 21:56:48.599
starting worker pid=28155 on localhost:11501 at 21:56:48.615
starting worker pid=28158 on localhost:11501 at 21:56:48.621
starting worker pid=28156 on localhost:11501 at 21:56:48.622
starting worker pid=28153 on localhost:11501 at 21:56:48.627
starting worker pid=28160 on localhost:11501 at 21:56:48.636
starting worker pid=28157 on localhost:11501 at 21:56:48.639
2023-01-27 22:09:34 INFO::After iteration 19, priors {SNP,gene}: {0.00212162544271117,0.00539909524843148}
2023-01-27 22:09:34 INFO::run iteration 20
starting worker pid=38860 on localhost:11501 at 22:09:34.974
starting worker pid=38857 on localhost:11501 at 22:09:34.992
starting worker pid=38861 on localhost:11501 at 22:09:34.996
starting worker pid=38862 on localhost:11501 at 22:09:35.001
starting worker pid=38856 on localhost:11501 at 22:09:35.024
starting worker pid=38865 on localhost:11501 at 22:09:35.024
starting worker pid=38858 on localhost:11501 at 22:09:35.027
starting worker pid=38859 on localhost:11501 at 22:09:35.030
starting worker pid=38863 on localhost:11501 at 22:09:35.038
starting worker pid=38864 on localhost:11501 at 22:09:35.047
2023-01-27 22:22:24 INFO::After iteration 20, priors {SNP,gene}: {0.0021217014584913,0.00539797648398811}
2023-01-27 22:22:24 INFO::run iteration 21
starting worker pid=52857 on localhost:11501 at 22:22:25.251
starting worker pid=52864 on localhost:11501 at 22:22:25.302
starting worker pid=52859 on localhost:11501 at 22:22:25.314
starting worker pid=52863 on localhost:11501 at 22:22:25.315
starting worker pid=52865 on localhost:11501 at 22:22:25.317
starting worker pid=52862 on localhost:11501 at 22:22:25.317
starting worker pid=52866 on localhost:11501 at 22:22:25.336
starting worker pid=52861 on localhost:11501 at 22:22:25.338
starting worker pid=52860 on localhost:11501 at 22:22:25.343
starting worker pid=52858 on localhost:11501 at 22:22:25.358
2023-01-27 22:35:05 INFO::After iteration 21, priors {SNP,gene}: {0.00212175646112218,0.00539716520595753}
2023-01-27 22:35:05 INFO::run iteration 22
starting worker pid=6846 on localhost:11501 at 22:35:05.938
starting worker pid=6843 on localhost:11501 at 22:35:06.002
starting worker pid=6850 on localhost:11501 at 22:35:06.009
starting worker pid=6842 on localhost:11501 at 22:35:06.029
starting worker pid=6844 on localhost:11501 at 22:35:06.052
starting worker pid=6851 on localhost:11501 at 22:35:06.063
starting worker pid=6845 on localhost:11501 at 22:35:06.067
starting worker pid=6847 on localhost:11501 at 22:35:06.069
starting worker pid=6848 on localhost:11501 at 22:35:06.074
starting worker pid=6849 on localhost:11501 at 22:35:06.079
2023-01-27 22:47:51 INFO::After iteration 22, priors {SNP,gene}: {0.00212179628505173,0.00539657698977265}
2023-01-27 22:47:52 INFO::run iteration 23
starting worker pid=17716 on localhost:11501 at 22:47:52.560
starting worker pid=17719 on localhost:11501 at 22:47:52.593
starting worker pid=17713 on localhost:11501 at 22:47:52.607
starting worker pid=17710 on localhost:11501 at 22:47:52.618
starting worker pid=17717 on localhost:11501 at 22:47:52.629
starting worker pid=17718 on localhost:11501 at 22:47:52.633
starting worker pid=17711 on localhost:11501 at 22:47:52.635
starting worker pid=17712 on localhost:11501 at 22:47:52.636
starting worker pid=17714 on localhost:11501 at 22:47:52.647
starting worker pid=17715 on localhost:11501 at 22:47:52.650
2023-01-27 23:00:37 INFO::After iteration 23, priors {SNP,gene}: {0.00212182513100131,0.00539615054329673}
2023-01-27 23:00:37 INFO::run iteration 24
starting worker pid=30450 on localhost:11501 at 23:00:38.030
starting worker pid=30444 on localhost:11501 at 23:00:38.040
starting worker pid=30443 on localhost:11501 at 23:00:38.040
starting worker pid=30445 on localhost:11501 at 23:00:38.051
starting worker pid=30442 on localhost:11501 at 23:00:38.053
starting worker pid=30448 on localhost:11501 at 23:00:38.053
starting worker pid=30451 on localhost:11501 at 23:00:38.064
starting worker pid=30447 on localhost:11501 at 23:00:38.076
starting worker pid=30449 on localhost:11501 at 23:00:38.101
starting worker pid=30446 on localhost:11501 at 23:00:38.120
2023-01-27 23:13:19 INFO::After iteration 24, priors {SNP,gene}: {0.00212184603074938,0.00539584139455778}
2023-01-27 23:13:19 INFO::run iteration 25
starting worker pid=41048 on localhost:11501 at 23:13:20.335
starting worker pid=41052 on localhost:11501 at 23:13:20.343
starting worker pid=41047 on localhost:11501 at 23:13:20.363
starting worker pid=41044 on localhost:11501 at 23:13:20.367
starting worker pid=41049 on localhost:11501 at 23:13:20.380
starting worker pid=41051 on localhost:11501 at 23:13:20.385
starting worker pid=41050 on localhost:11501 at 23:13:20.398
starting worker pid=41046 on localhost:11501 at 23:13:20.399
starting worker pid=41045 on localhost:11501 at 23:13:20.403
starting worker pid=41053 on localhost:11501 at 23:13:20.411
2023-01-27 23:26:00 INFO::After iteration 25, priors {SNP,gene}: {0.00212186117582215,0.00539561728765594}
2023-01-27 23:26:01 INFO::run iteration 26
starting worker pid=49925 on localhost:11501 at 23:26:01.619
starting worker pid=49932 on localhost:11501 at 23:26:01.626
starting worker pid=49931 on localhost:11501 at 23:26:01.663
starting worker pid=49930 on localhost:11501 at 23:26:01.678
starting worker pid=49924 on localhost:11501 at 23:26:01.681
starting worker pid=49926 on localhost:11501 at 23:26:01.698
starting worker pid=49929 on localhost:11501 at 23:26:01.704
starting worker pid=49933 on localhost:11501 at 23:26:01.710
starting worker pid=49927 on localhost:11501 at 23:26:01.710
starting worker pid=49928 on localhost:11501 at 23:26:01.727
2023-01-27 23:38:49 INFO::After iteration 26, priors {SNP,gene}: {0.00212187215195284,0.00539545483244557}
2023-01-27 23:38:49 INFO::run iteration 27
starting worker pid=8264 on localhost:11501 at 23:38:49.981
starting worker pid=8272 on localhost:11501 at 23:38:50.004
starting worker pid=8265 on localhost:11501 at 23:38:50.008
starting worker pid=8269 on localhost:11501 at 23:38:50.019
starting worker pid=8268 on localhost:11501 at 23:38:50.027
starting worker pid=8266 on localhost:11501 at 23:38:50.036
starting worker pid=8267 on localhost:11501 at 23:38:50.039
starting worker pid=8271 on localhost:11501 at 23:38:50.042
starting worker pid=8270 on localhost:11501 at 23:38:50.052
starting worker pid=8273 on localhost:11501 at 23:38:50.063
2023-01-27 23:51:35 INFO::After iteration 27, priors {SNP,gene}: {0.00212188010727507,0.00539533707012581}
2023-01-27 23:51:36 INFO::run iteration 28
starting worker pid=22752 on localhost:11501 at 23:51:36.538
starting worker pid=22756 on localhost:11501 at 23:51:36.568
starting worker pid=22749 on localhost:11501 at 23:51:36.580
starting worker pid=22750 on localhost:11501 at 23:51:36.591
starting worker pid=22757 on localhost:11501 at 23:51:36.591
starting worker pid=22755 on localhost:11501 at 23:51:36.597
starting worker pid=22748 on localhost:11501 at 23:51:36.600
starting worker pid=22753 on localhost:11501 at 23:51:36.603
starting worker pid=22754 on localhost:11501 at 23:51:36.603
starting worker pid=22751 on localhost:11501 at 23:51:36.609
2023-01-28 00:04:32 INFO::After iteration 28, priors {SNP,gene}: {0.0021218858734257,0.0053952517059604}
2023-01-28 00:04:32 INFO::run iteration 29
starting worker pid=32096 on localhost:11501 at 00:04:33.354
starting worker pid=32093 on localhost:11501 at 00:04:33.371
starting worker pid=32097 on localhost:11501 at 00:04:33.373
starting worker pid=32094 on localhost:11501 at 00:04:33.379
starting worker pid=32095 on localhost:11501 at 00:04:33.380
starting worker pid=32091 on localhost:11501 at 00:04:33.381
starting worker pid=32088 on localhost:11501 at 00:04:33.394
starting worker pid=32089 on localhost:11501 at 00:04:33.395
starting worker pid=32090 on localhost:11501 at 00:04:33.415
starting worker pid=32092 on localhost:11501 at 00:04:33.420
2023-01-28 00:17:20 INFO::After iteration 29, priors {SNP,gene}: {0.0021218900529504,0.00539518982703467}
2023-01-28 00:17:20 INFO::run iteration 30
starting worker pid=41521 on localhost:11501 at 00:17:21.106
starting worker pid=41522 on localhost:11501 at 00:17:21.129
starting worker pid=41524 on localhost:11501 at 00:17:21.155
starting worker pid=41525 on localhost:11501 at 00:17:21.170
starting worker pid=41526 on localhost:11501 at 00:17:21.171
starting worker pid=41518 on localhost:11501 at 00:17:21.173
starting worker pid=41517 on localhost:11501 at 00:17:21.176
starting worker pid=41523 on localhost:11501 at 00:17:21.178
starting worker pid=41519 on localhost:11501 at 00:17:21.193
starting worker pid=41520 on localhost:11501 at 00:17:21.207
2023-01-28 00:30:11 INFO::After iteration 30, priors {SNP,gene}: {0.00212189308248569,0.00539514497225819}
2023-01-28 00:30:12 INFO::Run susie for all regions.
2023-01-28 00:30:12 INFO::run iteration 1
starting worker pid=53916 on localhost:11501 at 00:30:12.722
starting worker pid=53918 on localhost:11501 at 00:30:12.733
starting worker pid=53909 on localhost:11501 at 00:30:12.759
starting worker pid=53914 on localhost:11501 at 00:30:12.761
starting worker pid=53915 on localhost:11501 at 00:30:12.763
starting worker pid=53910 on localhost:11501 at 00:30:12.763
starting worker pid=53911 on localhost:11501 at 00:30:12.765
starting worker pid=53913 on localhost:11501 at 00:30:12.772
starting worker pid=53917 on localhost:11501 at 00:30:12.777
starting worker pid=53912 on localhost:11501 at 00:30:12.788
2023-01-28 00:52:03 INFO::After iteration 1, priors {SNP,gene}: {0.00778073545939128,0.0152705945286083}
2023-01-28 00:52:04 INFO::No. LD regions: 1700
2023-01-28 00:52:11 INFO::No. regions with at least one SNP/gene for chr1: 131
2023-01-28 00:52:11 INFO::Merge regions for chr1
2023-01-28 00:52:11 INFO::No. regions with at least one SNP/gene for chr1 after merging: 131
2023-01-28 00:52:17 INFO::No. regions with at least one SNP/gene for chr2: 144
2023-01-28 00:52:17 INFO::Merge regions for chr2
2023-01-28 00:52:17 INFO::No. regions with at least one SNP/gene for chr2 after merging: 144
2023-01-28 00:52:23 INFO::No. regions with at least one SNP/gene for chr3: 122
2023-01-28 00:52:23 INFO::Merge regions for chr3
2023-01-28 00:52:23 INFO::No. regions with at least one SNP/gene for chr3 after merging: 122
2023-01-28 00:52:28 INFO::No. regions with at least one SNP/gene for chr4: 122
2023-01-28 00:52:28 INFO::Merge regions for chr4
2023-01-28 00:52:28 INFO::No. regions with at least one SNP/gene for chr4 after merging: 122
2023-01-28 00:52:33 INFO::No. regions with at least one SNP/gene for chr5: 110
2023-01-28 00:52:33 INFO::Merge regions for chr5
2023-01-28 00:52:33 INFO::No. regions with at least one SNP/gene for chr5 after merging: 110
2023-01-28 00:52:39 INFO::No. regions with at least one SNP/gene for chr6: 112
2023-01-28 00:52:39 INFO::Merge regions for chr6
2023-01-28 00:52:39 INFO::No. regions with at least one SNP/gene for chr6 after merging: 112
2023-01-28 00:52:42 INFO::No. regions with at least one SNP/gene for chr7: 99
2023-01-28 00:52:42 INFO::Merge regions for chr7
2023-01-28 00:52:42 INFO::No. regions with at least one SNP/gene for chr7 after merging: 99
2023-01-28 00:52:47 INFO::No. regions with at least one SNP/gene for chr8: 94
2023-01-28 00:52:47 INFO::Merge regions for chr8
2023-01-28 00:52:47 INFO::No. regions with at least one SNP/gene for chr8 after merging: 94
2023-01-28 00:52:50 INFO::No. regions with at least one SNP/gene for chr9: 74
2023-01-28 00:52:50 INFO::Merge regions for chr9
2023-01-28 00:52:50 INFO::No. regions with at least one SNP/gene for chr9 after merging: 74
2023-01-28 00:52:54 INFO::No. regions with at least one SNP/gene for chr10: 85
2023-01-28 00:52:54 INFO::Merge regions for chr10
2023-01-28 00:52:54 INFO::No. regions with at least one SNP/gene for chr10 after merging: 85
2023-01-28 00:52:57 INFO::No. regions with at least one SNP/gene for chr11: 84
2023-01-28 00:52:57 INFO::Merge regions for chr11
2023-01-28 00:52:57 INFO::No. regions with at least one SNP/gene for chr11 after merging: 84
2023-01-28 00:53:00 INFO::No. regions with at least one SNP/gene for chr12: 82
2023-01-28 00:53:00 INFO::Merge regions for chr12
2023-01-28 00:53:00 INFO::No. regions with at least one SNP/gene for chr12 after merging: 82
2023-01-28 00:53:03 INFO::No. regions with at least one SNP/gene for chr13: 62
2023-01-28 00:53:03 INFO::Merge regions for chr13
2023-01-28 00:53:03 INFO::No. regions with at least one SNP/gene for chr13 after merging: 62
2023-01-28 00:53:06 INFO::No. regions with at least one SNP/gene for chr14: 56
2023-01-28 00:53:06 INFO::Merge regions for chr14
2023-01-28 00:53:06 INFO::No. regions with at least one SNP/gene for chr14 after merging: 56
2023-01-28 00:53:09 INFO::No. regions with at least one SNP/gene for chr15: 50
2023-01-28 00:53:09 INFO::Merge regions for chr15
2023-01-28 00:53:09 INFO::No. regions with at least one SNP/gene for chr15 after merging: 50
2023-01-28 00:53:11 INFO::No. regions with at least one SNP/gene for chr16: 54
2023-01-28 00:53:11 INFO::Merge regions for chr16
2023-01-28 00:53:11 INFO::No. regions with at least one SNP/gene for chr16 after merging: 54
2023-01-28 00:53:12 INFO::No. regions with at least one SNP/gene for chr17: 47
2023-01-28 00:53:12 INFO::Merge regions for chr17
2023-01-28 00:53:12 INFO::No. regions with at least one SNP/gene for chr17 after merging: 47
2023-01-28 00:53:14 INFO::No. regions with at least one SNP/gene for chr18: 47
2023-01-28 00:53:14 INFO::Merge regions for chr18
2023-01-28 00:53:14 INFO::No. regions with at least one SNP/gene for chr18 after merging: 47
2023-01-28 00:53:16 INFO::No. regions with at least one SNP/gene for chr19: 39
2023-01-28 00:53:16 INFO::Merge regions for chr19
2023-01-28 00:53:16 INFO::No. regions with at least one SNP/gene for chr19 after merging: 39
2023-01-28 00:53:18 INFO::No. regions with at least one SNP/gene for chr20: 38
2023-01-28 00:53:18 INFO::Merge regions for chr20
2023-01-28 00:53:18 INFO::No. regions with at least one SNP/gene for chr20 after merging: 38
2023-01-28 00:53:19 INFO::No. regions with at least one SNP/gene for chr21: 24
2023-01-28 00:53:19 INFO::Merge regions for chr21
2023-01-28 00:53:19 INFO::No. regions with at least one SNP/gene for chr21 after merging: 24
2023-01-28 00:53:21 INFO::No. regions with at least one SNP/gene for chr22: 24
2023-01-28 00:53:21 INFO::Merge regions for chr22
2023-01-28 00:53:21 INFO::No. regions with at least one SNP/gene for chr22 after merging: 24
2023-01-28 00:53:21 INFO::Trim regions with SNPs more than 20000
2023-01-28 00:53:21 INFO::Adding R matrix info, as genotype is not given
2023-01-28 00:53:22 INFO::Adding R matrix info for chrom 1
2023-01-28 01:09:31 INFO::Adding R matrix info for chrom 2
2023-01-28 01:25:10 INFO::Adding R matrix info for chrom 3
2023-01-28 01:35:57 INFO::Adding R matrix info for chrom 4
2023-01-28 01:46:39 INFO::Adding R matrix info for chrom 5
2023-01-28 01:57:17 INFO::Adding R matrix info for chrom 6
2023-01-28 02:11:12 INFO::Adding R matrix info for chrom 7
2023-01-28 02:22:09 INFO::Adding R matrix info for chrom 8
2023-01-28 02:32:08 INFO::Adding R matrix info for chrom 9
2023-01-28 02:38:42 INFO::Adding R matrix info for chrom 10
2023-01-28 02:48:25 INFO::Adding R matrix info for chrom 11
2023-01-28 02:59:35 INFO::Adding R matrix info for chrom 12
2023-01-28 03:08:49 INFO::Adding R matrix info for chrom 13
2023-01-28 03:14:46 INFO::Adding R matrix info for chrom 14
2023-01-28 03:21:00 INFO::Adding R matrix info for chrom 15
2023-01-28 03:26:33 INFO::Adding R matrix info for chrom 16
2023-01-28 03:33:37 INFO::Adding R matrix info for chrom 17
2023-01-28 03:41:42 INFO::Adding R matrix info for chrom 18
2023-01-28 03:46:10 INFO::Adding R matrix info for chrom 19
2023-01-28 03:52:52 INFO::Adding R matrix info for chrom 20
2023-01-28 03:57:45 INFO::Adding R matrix info for chrom 21
2023-01-28 04:00:18 INFO::Adding R matrix info for chrom 22
2023-01-28 04:06:37 INFO::Number of regions that contain strong gene signals: 68
2023-01-28 04:06:37 INFO::Rerun susie for regions with strong gene signals using full SNPs.
2023-01-28 04:06:38 INFO::run iteration 1
starting worker pid=26752 on localhost:11501 at 04:06:39.325
2023-01-28 04:29:49 INFO::After iteration 1, priors {SNP,gene}: {0.000766912833787891,0.019448839279589}
$group_prior
         SNP         gene 
0.0002121893 0.0053951450 

$group_prior_var
     SNP     gene 
20.10324 48.45761 

R version 4.1.0 (2021-05-18)
Platform: x86_64-pc-linux-gnu (64-bit)
Running under: CentOS Linux 7 (Core)

Matrix products: default
BLAS/LAPACK: /software/openblas-0.3.13-el7-x86_64/lib/libopenblas_haswellp-r0.3.13.so

locale:
[1] C

attached base packages:
[1] stats     graphics  grDevices utils     datasets  methods   base     

other attached packages:
[1] data.table_1.14.6 ctwas_0.1.35     

loaded via a namespace (and not attached):
 [1] Rcpp_1.0.9        pgenlibr_0.3.2    magrittr_2.0.3    hms_1.1.2        
 [5] doParallel_1.0.17 lattice_0.20-44   R6_2.5.1          rlang_1.0.6      
 [9] foreach_1.5.2     fansi_1.0.3       tools_4.1.0       parallel_4.1.0   
[13] grid_4.1.0        logging_0.10-108  utf8_1.2.2        cli_3.4.1        
[17] iterators_1.0.14  ellipsis_0.3.2    tibble_3.1.8      lifecycle_1.0.3  
[21] crayon_1.5.2      Matrix_1.3-3      readr_2.1.3       tzdb_0.3.0       
[25] vctrs_0.5.1       codetools_0.2-18  glue_1.6.2        compiler_4.1.0   
[29] pillar_1.8.1      pkgconfig_2.0.3  
