[1] "/project2/xinhe/shengqian/cTWAS/cTWAS_analysis/data/UKBB/ukb-d-30010_irnt.vcf.gz"
[2] "/project2/mstephens/wcrouse/UKB_LDR_0.1"                                         
[3] "/project2/xinhe/shengqian/cTWAS/cTWAS_analysis/data/mqtl/Lung.db"                
[4] "/project2/xinhe/shengqian/cTWAS/cTWAS_analysis/code/ctwas_config_b38.R"          
[5] "RedBlood_Lung_expr"                                                              
[6] "RedBlood_Lung_ctwas"                                                             
[7] "/project2/xinhe/shengqian/cTWAS/cTWAS_analysis/data/RedBlood_M/Lung"             
2023-01-27 12:39:28 INFO::Reading weights for chromosome 1
2023-01-27 12:39:30 INFO::Current weight: /project2/xinhe/shengqian/cTWAS/cTWAS_analysis/data/mqtl/Lung.db
2023-01-27 12:39:30 INFO::Number of genes with weights provided: 124526
2023-01-27 12:39:30 INFO::Collecting gene weight information ...
2023-01-27 13:40:08 INFO::Start gene z score imputation ...
2023-01-27 13:40:08 INFO::Using given LD matrices to impute gene z score.
2023-01-27 14:02:34 INFO::Imputation done, writing results to output...
2023-01-27 14:02:34 INFO::Imputation done: number of genes with imputed expression: 9873 for chr 1
2023-01-27 14:02:35 INFO::Reading weights for chromosome 2
2023-01-27 14:02:35 INFO::Current weight: /project2/xinhe/shengqian/cTWAS/cTWAS_analysis/data/mqtl/Lung.db
2023-01-27 14:02:35 INFO::Number of genes with weights provided: 124526
2023-01-27 14:02:35 INFO::Collecting gene weight information ...
2023-01-27 14:43:50 INFO::Start gene z score imputation ...
2023-01-27 14:43:50 INFO::Using given LD matrices to impute gene z score.
2023-01-27 15:04:14 INFO::Imputation done, writing results to output...
2023-01-27 15:04:14 INFO::Imputation done: number of genes with imputed expression: 8191 for chr 2
2023-01-27 15:04:15 INFO::Reading weights for chromosome 3
2023-01-27 15:04:15 INFO::Current weight: /project2/xinhe/shengqian/cTWAS/cTWAS_analysis/data/mqtl/Lung.db
2023-01-27 15:04:15 INFO::Number of genes with weights provided: 124526
2023-01-27 15:04:15 INFO::Collecting gene weight information ...
2023-01-27 15:42:40 INFO::Start gene z score imputation ...
2023-01-27 15:42:40 INFO::Using given LD matrices to impute gene z score.
2023-01-27 15:58:26 INFO::Imputation done, writing results to output...
2023-01-27 15:58:26 INFO::Imputation done: number of genes with imputed expression: 5743 for chr 3
2023-01-27 15:58:28 INFO::Reading weights for chromosome 4
2023-01-27 15:58:28 INFO::Current weight: /project2/xinhe/shengqian/cTWAS/cTWAS_analysis/data/mqtl/Lung.db
2023-01-27 15:58:28 INFO::Number of genes with weights provided: 124526
2023-01-27 15:58:28 INFO::Collecting gene weight information ...
2023-01-27 16:35:21 INFO::Start gene z score imputation ...
2023-01-27 16:35:21 INFO::Using given LD matrices to impute gene z score.
2023-01-27 16:49:02 INFO::Imputation done, writing results to output...
2023-01-27 16:49:03 INFO::Imputation done: number of genes with imputed expression: 4536 for chr 4
2023-01-27 16:49:03 INFO::Reading weights for chromosome 5
2023-01-27 16:49:03 INFO::Current weight: /project2/xinhe/shengqian/cTWAS/cTWAS_analysis/data/mqtl/Lung.db
2023-01-27 16:49:03 INFO::Number of genes with weights provided: 124526
2023-01-27 16:49:03 INFO::Collecting gene weight information ...
2023-01-27 17:28:42 INFO::Start gene z score imputation ...
2023-01-27 17:28:42 INFO::Using given LD matrices to impute gene z score.
2023-01-27 17:44:42 INFO::Imputation done, writing results to output...
2023-01-27 17:44:43 INFO::Imputation done: number of genes with imputed expression: 5584 for chr 5
2023-01-27 17:44:44 INFO::Reading weights for chromosome 6
2023-01-27 17:44:44 INFO::Current weight: /project2/xinhe/shengqian/cTWAS/cTWAS_analysis/data/mqtl/Lung.db
2023-01-27 17:44:44 INFO::Number of genes with weights provided: 124526
2023-01-27 17:44:44 INFO::Collecting gene weight information ...
2023-01-27 18:26:04 INFO::Start gene z score imputation ...
2023-01-27 18:26:04 INFO::Using given LD matrices to impute gene z score.
2023-01-27 18:45:06 INFO::Imputation done, writing results to output...
2023-01-27 18:45:06 INFO::Imputation done: number of genes with imputed expression: 6848 for chr 6
2023-01-27 18:45:08 INFO::Reading weights for chromosome 7
2023-01-27 18:45:08 INFO::Current weight: /project2/xinhe/shengqian/cTWAS/cTWAS_analysis/data/mqtl/Lung.db
2023-01-27 18:45:08 INFO::Number of genes with weights provided: 124526
2023-01-27 18:45:08 INFO::Collecting gene weight information ...
2023-01-27 19:26:26 INFO::Start gene z score imputation ...
2023-01-27 19:26:26 INFO::Using given LD matrices to impute gene z score.
2023-01-27 19:43:58 INFO::Imputation done, writing results to output...
2023-01-27 19:43:58 INFO::Imputation done: number of genes with imputed expression: 5950 for chr 7
2023-01-27 19:44:00 INFO::Reading weights for chromosome 8
2023-01-27 19:44:00 INFO::Current weight: /project2/xinhe/shengqian/cTWAS/cTWAS_analysis/data/mqtl/Lung.db
2023-01-27 19:44:00 INFO::Number of genes with weights provided: 124526
2023-01-27 19:44:00 INFO::Collecting gene weight information ...
2023-01-27 20:22:54 INFO::Start gene z score imputation ...
2023-01-27 20:22:54 INFO::Using given LD matrices to impute gene z score.
2023-01-27 20:37:58 INFO::Imputation done, writing results to output...
2023-01-27 20:37:58 INFO::Imputation done: number of genes with imputed expression: 4904 for chr 8
2023-01-27 20:37:59 INFO::Reading weights for chromosome 9
2023-01-27 20:37:59 INFO::Current weight: /project2/xinhe/shengqian/cTWAS/cTWAS_analysis/data/mqtl/Lung.db
2023-01-27 20:37:59 INFO::Number of genes with weights provided: 124526
2023-01-27 20:37:59 INFO::Collecting gene weight information ...
2023-01-27 21:13:21 INFO::Start gene z score imputation ...
2023-01-27 21:13:21 INFO::Using given LD matrices to impute gene z score.
2023-01-27 21:23:52 INFO::Imputation done, writing results to output...
2023-01-27 21:23:52 INFO::Imputation done: number of genes with imputed expression: 3191 for chr 9
2023-01-27 21:23:55 INFO::Reading weights for chromosome 10
2023-01-27 21:23:55 INFO::Current weight: /project2/xinhe/shengqian/cTWAS/cTWAS_analysis/data/mqtl/Lung.db
2023-01-27 21:23:55 INFO::Number of genes with weights provided: 124526
2023-01-27 21:23:55 INFO::Collecting gene weight information ...
2023-01-27 22:04:33 INFO::Start gene z score imputation ...
2023-01-27 22:04:33 INFO::Using given LD matrices to impute gene z score.
2023-01-27 22:21:21 INFO::Imputation done, writing results to output...
2023-01-27 22:21:21 INFO::Imputation done: number of genes with imputed expression: 5535 for chr 10
2023-01-27 22:21:23 INFO::Reading weights for chromosome 11
2023-01-27 22:21:23 INFO::Current weight: /project2/xinhe/shengqian/cTWAS/cTWAS_analysis/data/mqtl/Lung.db
2023-01-27 22:21:23 INFO::Number of genes with weights provided: 124526
2023-01-27 22:21:23 INFO::Collecting gene weight information ...
2023-01-27 23:04:00 INFO::Start gene z score imputation ...
2023-01-27 23:04:00 INFO::Using given LD matrices to impute gene z score.
2023-01-27 23:21:32 INFO::Imputation done, writing results to output...
2023-01-27 23:21:32 INFO::Imputation done: number of genes with imputed expression: 6196 for chr 11
2023-01-27 23:21:33 INFO::Reading weights for chromosome 12
2023-01-27 23:21:33 INFO::Current weight: /project2/xinhe/shengqian/cTWAS/cTWAS_analysis/data/mqtl/Lung.db
2023-01-27 23:21:33 INFO::Number of genes with weights provided: 124526
2023-01-27 23:21:33 INFO::Collecting gene weight information ...
2023-01-28 00:01:57 INFO::Start gene z score imputation ...
2023-01-28 00:01:57 INFO::Using given LD matrices to impute gene z score.
2023-01-28 00:19:15 INFO::Imputation done, writing results to output...
2023-01-28 00:19:15 INFO::Imputation done: number of genes with imputed expression: 5309 for chr 12
2023-01-28 00:19:17 INFO::Reading weights for chromosome 13
2023-01-28 00:19:17 INFO::Current weight: /project2/xinhe/shengqian/cTWAS/cTWAS_analysis/data/mqtl/Lung.db
2023-01-28 00:19:17 INFO::Number of genes with weights provided: 124526
2023-01-28 00:19:17 INFO::Collecting gene weight information ...
2023-01-28 00:54:08 INFO::Start gene z score imputation ...
2023-01-28 00:54:08 INFO::Using given LD matrices to impute gene z score.
2023-01-28 01:04:16 INFO::Imputation done, writing results to output...
2023-01-28 01:04:16 INFO::Imputation done: number of genes with imputed expression: 2764 for chr 13
2023-01-28 01:04:17 INFO::Reading weights for chromosome 14
2023-01-28 01:04:17 INFO::Current weight: /project2/xinhe/shengqian/cTWAS/cTWAS_analysis/data/mqtl/Lung.db
2023-01-28 01:04:17 INFO::Number of genes with weights provided: 124526
2023-01-28 01:04:17 INFO::Collecting gene weight information ...
2023-01-28 01:40:46 INFO::Start gene z score imputation ...
2023-01-28 01:40:46 INFO::Using given LD matrices to impute gene z score.
2023-01-28 01:52:10 INFO::Imputation done, writing results to output...
2023-01-28 01:52:10 INFO::Imputation done: number of genes with imputed expression: 3420 for chr 14
2023-01-28 01:52:12 INFO::Reading weights for chromosome 15
2023-01-28 01:52:12 INFO::Current weight: /project2/xinhe/shengqian/cTWAS/cTWAS_analysis/data/mqtl/Lung.db
2023-01-28 01:52:12 INFO::Number of genes with weights provided: 124526
2023-01-28 01:52:12 INFO::Collecting gene weight information ...
2023-01-28 02:28:51 INFO::Start gene z score imputation ...
2023-01-28 02:28:51 INFO::Using given LD matrices to impute gene z score.
2023-01-28 02:39:57 INFO::Imputation done, writing results to output...
2023-01-28 02:39:57 INFO::Imputation done: number of genes with imputed expression: 3471 for chr 15
2023-01-28 02:39:59 INFO::Reading weights for chromosome 16
2023-01-28 02:39:59 INFO::Current weight: /project2/xinhe/shengqian/cTWAS/cTWAS_analysis/data/mqtl/Lung.db
2023-01-28 02:39:59 INFO::Number of genes with weights provided: 124526
2023-01-28 02:39:59 INFO::Collecting gene weight information ...
2023-01-28 03:20:47 INFO::Start gene z score imputation ...
2023-01-28 03:20:47 INFO::Using given LD matrices to impute gene z score.
2023-01-28 03:35:59 INFO::Imputation done, writing results to output...
2023-01-28 03:35:59 INFO::Imputation done: number of genes with imputed expression: 4992 for chr 16
2023-01-28 03:36:00 INFO::Reading weights for chromosome 17
2023-01-28 03:36:01 INFO::Current weight: /project2/xinhe/shengqian/cTWAS/cTWAS_analysis/data/mqtl/Lung.db
2023-01-28 03:36:01 INFO::Number of genes with weights provided: 124526
2023-01-28 03:36:01 INFO::Collecting gene weight information ...
2023-01-28 04:19:34 INFO::Start gene z score imputation ...
2023-01-28 04:19:34 INFO::Using given LD matrices to impute gene z score.
2023-01-28 04:37:27 INFO::Imputation done, writing results to output...
2023-01-28 04:37:27 INFO::Imputation done: number of genes with imputed expression: 5976 for chr 17
2023-01-28 04:37:29 INFO::Reading weights for chromosome 18
2023-01-28 04:37:29 INFO::Current weight: /project2/xinhe/shengqian/cTWAS/cTWAS_analysis/data/mqtl/Lung.db
2023-01-28 04:37:29 INFO::Number of genes with weights provided: 124526
2023-01-28 04:37:29 INFO::Collecting gene weight information ...
2023-01-28 05:10:25 INFO::Start gene z score imputation ...
2023-01-28 05:10:25 INFO::Using given LD matrices to impute gene z score.
2023-01-28 05:17:50 INFO::Imputation done, writing results to output...
2023-01-28 05:17:50 INFO::Imputation done: number of genes with imputed expression: 1808 for chr 18
2023-01-28 05:17:51 INFO::Reading weights for chromosome 19
2023-01-28 05:17:51 INFO::Current weight: /project2/xinhe/shengqian/cTWAS/cTWAS_analysis/data/mqtl/Lung.db
2023-01-28 05:17:51 INFO::Number of genes with weights provided: 124526
2023-01-28 05:17:51 INFO::Collecting gene weight information ...
2023-01-28 05:59:12 INFO::Start gene z score imputation ...
2023-01-28 05:59:12 INFO::Using given LD matrices to impute gene z score.
2023-01-28 06:14:57 INFO::Imputation done, writing results to output...
2023-01-28 06:14:57 INFO::Imputation done: number of genes with imputed expression: 4862 for chr 19
2023-01-28 06:14:59 INFO::Reading weights for chromosome 20
2023-01-28 06:14:59 INFO::Current weight: /project2/xinhe/shengqian/cTWAS/cTWAS_analysis/data/mqtl/Lung.db
2023-01-28 06:14:59 INFO::Number of genes with weights provided: 124526
2023-01-28 06:14:59 INFO::Collecting gene weight information ...
2023-01-28 06:51:25 INFO::Start gene z score imputation ...
2023-01-28 06:51:25 INFO::Using given LD matrices to impute gene z score.
2023-01-28 07:01:49 INFO::Imputation done, writing results to output...
2023-01-28 07:01:49 INFO::Imputation done: number of genes with imputed expression: 3080 for chr 20
2023-01-28 07:01:50 INFO::Reading weights for chromosome 21
2023-01-28 07:01:50 INFO::Current weight: /project2/xinhe/shengqian/cTWAS/cTWAS_analysis/data/mqtl/Lung.db
2023-01-28 07:01:50 INFO::Number of genes with weights provided: 124526
2023-01-28 07:01:50 INFO::Collecting gene weight information ...
2023-01-28 07:34:03 INFO::Start gene z score imputation ...
2023-01-28 07:34:03 INFO::Using given LD matrices to impute gene z score.
2023-01-28 07:39:46 INFO::Imputation done, writing results to output...
2023-01-28 07:39:46 INFO::Imputation done: number of genes with imputed expression: 1588 for chr 21
2023-01-28 07:39:47 INFO::Reading weights for chromosome 22
2023-01-28 07:39:47 INFO::Current weight: /project2/xinhe/shengqian/cTWAS/cTWAS_analysis/data/mqtl/Lung.db
2023-01-28 07:39:47 INFO::Number of genes with weights provided: 124526
2023-01-28 07:39:47 INFO::Collecting gene weight information ...
2023-01-28 08:15:35 INFO::Start gene z score imputation ...
2023-01-28 08:15:35 INFO::Using given LD matrices to impute gene z score.
2023-01-28 08:24:54 INFO::Imputation done, writing results to output...
2023-01-28 08:24:54 INFO::Imputation done: number of genes with imputed expression: 2801 for chr 22
2023-01-28 08:25:21 INFO::ctwas started ...
2023-01-28 08:25:52 INFO::LD region file: /home/shengqian/R/x86_64-pc-linux-gnu-library/4.1/ctwas/extdata/ldetect/EUR.b38.bed
2023-01-28 08:26:05 INFO::No. LD regions: 1700
2023-01-28 08:26:11 INFO::No. regions with at least one SNP/gene for chr1: 131
2023-01-28 08:26:11 INFO::Merge regions for chr1
2023-01-28 08:26:11 INFO::No. regions with at least one SNP/gene for chr1 after merging: 131
2023-01-28 08:26:16 INFO::No. regions with at least one SNP/gene for chr2: 144
2023-01-28 08:26:16 INFO::Merge regions for chr2
2023-01-28 08:26:16 INFO::No. regions with at least one SNP/gene for chr2 after merging: 144
2023-01-28 08:26:21 INFO::No. regions with at least one SNP/gene for chr3: 122
2023-01-28 08:26:21 INFO::Merge regions for chr3
2023-01-28 08:26:21 INFO::No. regions with at least one SNP/gene for chr3 after merging: 122
2023-01-28 08:26:25 INFO::No. regions with at least one SNP/gene for chr4: 122
2023-01-28 08:26:25 INFO::Merge regions for chr4
2023-01-28 08:26:25 INFO::No. regions with at least one SNP/gene for chr4 after merging: 122
2023-01-28 08:26:30 INFO::No. regions with at least one SNP/gene for chr5: 110
2023-01-28 08:26:30 INFO::Merge regions for chr5
2023-01-28 08:26:30 INFO::No. regions with at least one SNP/gene for chr5 after merging: 110
2023-01-28 08:26:34 INFO::No. regions with at least one SNP/gene for chr6: 112
2023-01-28 08:26:34 INFO::Merge regions for chr6
2023-01-28 08:26:34 INFO::No. regions with at least one SNP/gene for chr6 after merging: 112
2023-01-28 08:26:38 INFO::No. regions with at least one SNP/gene for chr7: 99
2023-01-28 08:26:38 INFO::Merge regions for chr7
2023-01-28 08:26:38 INFO::No. regions with at least one SNP/gene for chr7 after merging: 99
2023-01-28 08:26:42 INFO::No. regions with at least one SNP/gene for chr8: 94
2023-01-28 08:26:42 INFO::Merge regions for chr8
2023-01-28 08:26:42 INFO::No. regions with at least one SNP/gene for chr8 after merging: 94
2023-01-28 08:26:44 INFO::No. regions with at least one SNP/gene for chr9: 74
2023-01-28 08:26:44 INFO::Merge regions for chr9
2023-01-28 08:26:44 INFO::No. regions with at least one SNP/gene for chr9 after merging: 74
2023-01-28 08:26:49 INFO::No. regions with at least one SNP/gene for chr10: 85
2023-01-28 08:26:49 INFO::Merge regions for chr10
2023-01-28 08:26:49 INFO::No. regions with at least one SNP/gene for chr10 after merging: 85
2023-01-28 08:26:52 INFO::No. regions with at least one SNP/gene for chr11: 84
2023-01-28 08:26:52 INFO::Merge regions for chr11
2023-01-28 08:26:52 INFO::No. regions with at least one SNP/gene for chr11 after merging: 84
2023-01-28 08:26:54 INFO::No. regions with at least one SNP/gene for chr12: 82
2023-01-28 08:26:54 INFO::Merge regions for chr12
2023-01-28 08:26:54 INFO::No. regions with at least one SNP/gene for chr12 after merging: 82
2023-01-28 08:26:57 INFO::No. regions with at least one SNP/gene for chr13: 62
2023-01-28 08:26:57 INFO::Merge regions for chr13
2023-01-28 08:26:57 INFO::No. regions with at least one SNP/gene for chr13 after merging: 62
2023-01-28 08:26:59 INFO::No. regions with at least one SNP/gene for chr14: 56
2023-01-28 08:26:59 INFO::Merge regions for chr14
2023-01-28 08:26:59 INFO::No. regions with at least one SNP/gene for chr14 after merging: 56
2023-01-28 08:27:01 INFO::No. regions with at least one SNP/gene for chr15: 50
2023-01-28 08:27:01 INFO::Merge regions for chr15
2023-01-28 08:27:01 INFO::No. regions with at least one SNP/gene for chr15 after merging: 50
2023-01-28 08:27:03 INFO::No. regions with at least one SNP/gene for chr16: 54
2023-01-28 08:27:03 INFO::Merge regions for chr16
2023-01-28 08:27:03 INFO::No. regions with at least one SNP/gene for chr16 after merging: 54
2023-01-28 08:27:05 INFO::No. regions with at least one SNP/gene for chr17: 47
2023-01-28 08:27:05 INFO::Merge regions for chr17
2023-01-28 08:27:05 INFO::No. regions with at least one SNP/gene for chr17 after merging: 47
2023-01-28 08:27:06 INFO::No. regions with at least one SNP/gene for chr18: 47
2023-01-28 08:27:06 INFO::Merge regions for chr18
2023-01-28 08:27:06 INFO::No. regions with at least one SNP/gene for chr18 after merging: 47
2023-01-28 08:27:09 INFO::No. regions with at least one SNP/gene for chr19: 39
2023-01-28 08:27:09 INFO::Merge regions for chr19
2023-01-28 08:27:09 INFO::No. regions with at least one SNP/gene for chr19 after merging: 39
2023-01-28 08:27:10 INFO::No. regions with at least one SNP/gene for chr20: 38
2023-01-28 08:27:10 INFO::Merge regions for chr20
2023-01-28 08:27:10 INFO::No. regions with at least one SNP/gene for chr20 after merging: 38
2023-01-28 08:27:11 INFO::No. regions with at least one SNP/gene for chr21: 24
2023-01-28 08:27:11 INFO::Merge regions for chr21
2023-01-28 08:27:11 INFO::No. regions with at least one SNP/gene for chr21 after merging: 24
2023-01-28 08:27:13 INFO::No. regions with at least one SNP/gene for chr22: 24
2023-01-28 08:27:13 INFO::Merge regions for chr22
2023-01-28 08:27:13 INFO::No. regions with at least one SNP/gene for chr22 after merging: 24
2023-01-28 08:27:13 INFO::Trim regions with SNPs more than Inf
2023-01-28 08:27:13 INFO::Adding R matrix info, as genotype is not given
2023-01-28 08:27:15 INFO::Adding R matrix info for chrom 1
2023-01-28 08:57:14 INFO::Adding R matrix info for chrom 2
2023-01-28 09:24:41 INFO::Adding R matrix info for chrom 3
2023-01-28 09:43:18 INFO::Adding R matrix info for chrom 4
2023-01-28 09:59:41 INFO::Adding R matrix info for chrom 5
2023-01-28 10:17:55 INFO::Adding R matrix info for chrom 6
2023-01-28 10:42:32 INFO::Adding R matrix info for chrom 7
2023-01-28 11:01:45 INFO::Adding R matrix info for chrom 8
2023-01-28 11:18:43 INFO::Adding R matrix info for chrom 9
2023-01-28 11:30:15 INFO::Adding R matrix info for chrom 10
2023-01-28 11:48:40 INFO::Adding R matrix info for chrom 11
2023-01-28 12:09:14 INFO::Adding R matrix info for chrom 12
2023-01-28 12:26:12 INFO::Adding R matrix info for chrom 13
2023-01-28 12:36:06 INFO::Adding R matrix info for chrom 14
2023-01-28 12:47:51 INFO::Adding R matrix info for chrom 15
2023-01-28 12:58:20 INFO::Adding R matrix info for chrom 16
2023-01-28 13:12:07 INFO::Adding R matrix info for chrom 17
2023-01-28 13:29:08 INFO::Adding R matrix info for chrom 18
2023-01-28 13:36:30 INFO::Adding R matrix info for chrom 19
2023-01-28 13:51:10 INFO::Adding R matrix info for chrom 20
2023-01-28 14:00:45 INFO::Adding R matrix info for chrom 21
2023-01-28 14:05:29 INFO::Adding R matrix info for chrom 22
2023-01-28 14:13:00 INFO::Run susie iteratively, getting rough estimate ...
2023-01-28 14:13:00 INFO::run iteration 1
starting worker pid=8972 on localhost:11427 at 14:13:02.104
starting worker pid=8967 on localhost:11427 at 14:13:02.104
starting worker pid=8971 on localhost:11427 at 14:13:02.105
starting worker pid=8975 on localhost:11427 at 14:13:02.105
starting worker pid=8976 on localhost:11427 at 14:13:02.105
starting worker pid=8974 on localhost:11427 at 14:13:02.106
starting worker pid=8968 on localhost:11427 at 14:13:02.107
starting worker pid=8973 on localhost:11427 at 14:13:02.107
starting worker pid=8969 on localhost:11427 at 14:13:02.107
starting worker pid=8970 on localhost:11427 at 14:13:02.107
2023-01-28 14:35:28 INFO::After iteration 1, priors {SNP,gene}: {0.00167200364896137,0.00230651560319873}
2023-01-28 14:35:28 INFO::run iteration 2
starting worker pid=11103 on localhost:11427 at 14:35:29.454
starting worker pid=11105 on localhost:11427 at 14:35:29.454
starting worker pid=11108 on localhost:11427 at 14:35:29.455
starting worker pid=11106 on localhost:11427 at 14:35:29.455
starting worker pid=11107 on localhost:11427 at 14:35:29.456
starting worker pid=11109 on localhost:11427 at 14:35:29.456
starting worker pid=11111 on localhost:11427 at 14:35:29.456
starting worker pid=11104 on localhost:11427 at 14:35:29.457
starting worker pid=11112 on localhost:11427 at 14:35:29.457
starting worker pid=11110 on localhost:11427 at 14:35:29.457
2023-01-28 14:57:49 INFO::After iteration 2, priors {SNP,gene}: {0.00142250411235496,0.00240071483425115}
2023-01-28 14:57:50 INFO::run iteration 3
starting worker pid=13245 on localhost:11427 at 14:57:51.030
starting worker pid=13248 on localhost:11427 at 14:57:51.031
starting worker pid=13251 on localhost:11427 at 14:57:51.031
starting worker pid=13247 on localhost:11427 at 14:57:51.032
starting worker pid=13246 on localhost:11427 at 14:57:51.033
starting worker pid=13252 on localhost:11427 at 14:57:51.033
starting worker pid=13250 on localhost:11427 at 14:57:51.033
starting worker pid=13244 on localhost:11427 at 14:57:51.033
starting worker pid=13243 on localhost:11427 at 14:57:51.033
starting worker pid=13249 on localhost:11427 at 14:57:51.034
2023-01-28 15:19:41 INFO::After iteration 3, priors {SNP,gene}: {0.00132045501514666,0.00256683571299398}
2023-01-28 15:36:18 INFO::Blocks are filtered: 879 blocks left
2023-01-28 15:36:18 INFO::Run susie iteratively, getting accurate estimate ...
2023-01-28 15:36:18 INFO::run iteration 1
starting worker pid=16657 on localhost:11427 at 15:36:18.957
starting worker pid=16655 on localhost:11427 at 15:36:18.957
starting worker pid=16652 on localhost:11427 at 15:36:18.958
starting worker pid=16650 on localhost:11427 at 15:36:18.958
starting worker pid=16654 on localhost:11427 at 15:36:18.958
starting worker pid=16658 on localhost:11427 at 15:36:18.958
starting worker pid=16651 on localhost:11427 at 15:36:18.959
starting worker pid=16656 on localhost:11427 at 15:36:18.959
starting worker pid=16649 on localhost:11427 at 15:36:18.959
starting worker pid=16653 on localhost:11427 at 15:36:18.959
2023-01-28 15:49:22 INFO::After iteration 1, priors {SNP,gene}: {0.0014345646156628,0.0037351204652378}
2023-01-28 15:49:22 INFO::run iteration 2
starting worker pid=17913 on localhost:11427 at 15:49:23.134
starting worker pid=17912 on localhost:11427 at 15:49:23.134
starting worker pid=17914 on localhost:11427 at 15:49:23.134
starting worker pid=17916 on localhost:11427 at 15:49:23.134
starting worker pid=17918 on localhost:11427 at 15:49:23.134
starting worker pid=17915 on localhost:11427 at 15:49:23.134
starting worker pid=17911 on localhost:11427 at 15:49:23.134
starting worker pid=17921 on localhost:11427 at 15:49:23.135
starting worker pid=17919 on localhost:11427 at 15:49:23.136
starting worker pid=17910 on localhost:11427 at 15:49:23.138
2023-01-28 16:02:38 INFO::After iteration 2, priors {SNP,gene}: {0.00154495577538581,0.00439443850578175}
2023-01-28 16:02:39 INFO::run iteration 3
starting worker pid=19190 on localhost:11427 at 16:02:40.276
starting worker pid=19194 on localhost:11427 at 16:02:40.277
starting worker pid=19196 on localhost:11427 at 16:02:40.277
starting worker pid=19193 on localhost:11427 at 16:02:40.277
starting worker pid=19197 on localhost:11427 at 16:02:40.278
starting worker pid=19198 on localhost:11427 at 16:02:40.278
starting worker pid=19199 on localhost:11427 at 16:02:40.278
starting worker pid=19192 on localhost:11427 at 16:02:40.278
starting worker pid=19201 on localhost:11427 at 16:02:40.278
starting worker pid=19191 on localhost:11427 at 16:02:40.281
2023-01-28 16:16:06 INFO::After iteration 3, priors {SNP,gene}: {0.00162716581708103,0.00479133151142274}
2023-01-28 16:16:06 INFO::run iteration 4
starting worker pid=20500 on localhost:11427 at 16:16:07.166
starting worker pid=20505 on localhost:11427 at 16:16:07.166
starting worker pid=20502 on localhost:11427 at 16:16:07.166
starting worker pid=20503 on localhost:11427 at 16:16:07.166
starting worker pid=20495 on localhost:11427 at 16:16:07.166
starting worker pid=20504 on localhost:11427 at 16:16:07.167
starting worker pid=20498 on localhost:11427 at 16:16:07.167
starting worker pid=20497 on localhost:11427 at 16:16:07.167
starting worker pid=20501 on localhost:11427 at 16:16:07.167
starting worker pid=20496 on localhost:11427 at 16:16:07.167
2023-01-28 16:29:35 INFO::After iteration 4, priors {SNP,gene}: {0.00168203263733676,0.00500503629061378}
2023-01-28 16:29:35 INFO::run iteration 5
starting worker pid=21798 on localhost:11427 at 16:29:36.359
starting worker pid=21793 on localhost:11427 at 16:29:36.359
starting worker pid=21796 on localhost:11427 at 16:29:36.360
starting worker pid=21791 on localhost:11427 at 16:29:36.360
starting worker pid=21797 on localhost:11427 at 16:29:36.360
starting worker pid=21794 on localhost:11427 at 16:29:36.360
starting worker pid=21799 on localhost:11427 at 16:29:36.361
starting worker pid=21792 on localhost:11427 at 16:29:36.361
starting worker pid=21790 on localhost:11427 at 16:29:36.361
starting worker pid=21800 on localhost:11427 at 16:29:36.363
2023-01-28 16:42:59 INFO::After iteration 5, priors {SNP,gene}: {0.00171489217028538,0.00510385101346607}
2023-01-28 16:42:59 INFO::run iteration 6
starting worker pid=23082 on localhost:11427 at 16:43:00.247
starting worker pid=23073 on localhost:11427 at 16:43:00.247
starting worker pid=23079 on localhost:11427 at 16:43:00.247
starting worker pid=23074 on localhost:11427 at 16:43:00.247
starting worker pid=23077 on localhost:11427 at 16:43:00.265
starting worker pid=23080 on localhost:11427 at 16:43:00.267
starting worker pid=23078 on localhost:11427 at 16:43:00.268
starting worker pid=23075 on localhost:11427 at 16:43:00.268
starting worker pid=23081 on localhost:11427 at 16:43:00.268
starting worker pid=23076 on localhost:11427 at 16:43:00.269
2023-01-28 16:56:29 INFO::After iteration 6, priors {SNP,gene}: {0.00173363492554943,0.00514121945660864}
2023-01-28 16:56:30 INFO::run iteration 7
starting worker pid=24361 on localhost:11427 at 16:56:30.737
starting worker pid=24369 on localhost:11427 at 16:56:30.737
starting worker pid=24364 on localhost:11427 at 16:56:30.738
starting worker pid=24365 on localhost:11427 at 16:56:30.739
starting worker pid=24363 on localhost:11427 at 16:56:30.742
starting worker pid=24360 on localhost:11427 at 16:56:30.758
starting worker pid=24362 on localhost:11427 at 16:56:30.770
starting worker pid=24367 on localhost:11427 at 16:56:30.776
starting worker pid=24366 on localhost:11427 at 16:56:30.781
starting worker pid=24368 on localhost:11427 at 16:56:30.795
2023-01-28 17:09:59 INFO::After iteration 7, priors {SNP,gene}: {0.00174423869833598,0.00514964546547489}
2023-01-28 17:09:59 INFO::run iteration 8
starting worker pid=25623 on localhost:11427 at 17:10:00.486
starting worker pid=25626 on localhost:11427 at 17:10:00.487
starting worker pid=25620 on localhost:11427 at 17:10:00.487
starting worker pid=25625 on localhost:11427 at 17:10:00.487
starting worker pid=25615 on localhost:11427 at 17:10:00.487
starting worker pid=25618 on localhost:11427 at 17:10:00.487
starting worker pid=25621 on localhost:11427 at 17:10:00.487
starting worker pid=25624 on localhost:11427 at 17:10:00.487
starting worker pid=25619 on localhost:11427 at 17:10:00.487
starting worker pid=25617 on localhost:11427 at 17:10:00.488
2023-01-28 17:23:18 INFO::After iteration 8, priors {SNP,gene}: {0.00175049035741183,0.00514628059016763}
2023-01-28 17:23:18 INFO::run iteration 9
starting worker pid=26899 on localhost:11427 at 17:23:19.288
starting worker pid=26900 on localhost:11427 at 17:23:19.288
starting worker pid=26902 on localhost:11427 at 17:23:19.288
starting worker pid=26901 on localhost:11427 at 17:23:19.288
starting worker pid=26903 on localhost:11427 at 17:23:19.289
starting worker pid=26905 on localhost:11427 at 17:23:19.289
starting worker pid=26907 on localhost:11427 at 17:23:19.289
starting worker pid=26904 on localhost:11427 at 17:23:19.290
starting worker pid=26906 on localhost:11427 at 17:23:19.290
starting worker pid=26908 on localhost:11427 at 17:23:19.290
2023-01-28 17:36:49 INFO::After iteration 9, priors {SNP,gene}: {0.00175432845620409,0.00513902641054649}
2023-01-28 17:36:49 INFO::run iteration 10
starting worker pid=28187 on localhost:11427 at 17:36:49.897
starting worker pid=28190 on localhost:11427 at 17:36:49.898
starting worker pid=28195 on localhost:11427 at 17:36:49.899
starting worker pid=28192 on localhost:11427 at 17:36:49.911
starting worker pid=28185 on localhost:11427 at 17:36:49.916
starting worker pid=28188 on localhost:11427 at 17:36:49.917
starting worker pid=28194 on localhost:11427 at 17:36:49.928
starting worker pid=28186 on localhost:11427 at 17:36:49.928
starting worker pid=28191 on localhost:11427 at 17:36:49.938
starting worker pid=28196 on localhost:11427 at 17:36:49.945
2023-01-28 17:50:17 INFO::After iteration 10, priors {SNP,gene}: {0.00175679239287945,0.00513131324772988}
2023-01-28 17:50:17 INFO::run iteration 11
starting worker pid=29455 on localhost:11427 at 17:50:18.020
starting worker pid=29453 on localhost:11427 at 17:50:18.021
starting worker pid=29456 on localhost:11427 at 17:50:18.021
starting worker pid=29450 on localhost:11427 at 17:50:18.021
starting worker pid=29457 on localhost:11427 at 17:50:18.021
starting worker pid=29452 on localhost:11427 at 17:50:18.021
starting worker pid=29451 on localhost:11427 at 17:50:18.022
starting worker pid=29448 on localhost:11427 at 17:50:18.022
starting worker pid=29454 on localhost:11427 at 17:50:18.022
starting worker pid=29449 on localhost:11427 at 17:50:18.022
2023-01-28 18:03:45 INFO::After iteration 11, priors {SNP,gene}: {0.00175844873118391,0.00512445377938693}
2023-01-28 18:03:45 INFO::run iteration 12
starting worker pid=30742 on localhost:11427 at 18:03:45.766
starting worker pid=30734 on localhost:11427 at 18:03:45.766
starting worker pid=30736 on localhost:11427 at 18:03:45.766
starting worker pid=30735 on localhost:11427 at 18:03:45.767
starting worker pid=30738 on localhost:11427 at 18:03:45.773
starting worker pid=30733 on localhost:11427 at 18:03:45.783
starting worker pid=30737 on localhost:11427 at 18:03:45.786
starting worker pid=30741 on localhost:11427 at 18:03:45.788
starting worker pid=30739 on localhost:11427 at 18:03:45.793
starting worker pid=30740 on localhost:11427 at 18:03:45.806
2023-01-28 18:17:13 INFO::After iteration 12, priors {SNP,gene}: {0.00175960399724754,0.00511879843358935}
2023-01-28 18:17:13 INFO::run iteration 13
starting worker pid=32038 on localhost:11427 at 18:17:14.050
starting worker pid=32036 on localhost:11427 at 18:17:14.093
starting worker pid=32037 on localhost:11427 at 18:17:14.098
starting worker pid=32032 on localhost:11427 at 18:17:14.099
starting worker pid=32040 on localhost:11427 at 18:17:14.108
starting worker pid=32042 on localhost:11427 at 18:17:14.125
starting worker pid=32039 on localhost:11427 at 18:17:14.134
starting worker pid=32041 on localhost:11427 at 18:17:14.134
starting worker pid=32033 on localhost:11427 at 18:17:14.161
starting worker pid=32034 on localhost:11427 at 18:17:14.167
2023-01-28 18:30:42 INFO::After iteration 13, priors {SNP,gene}: {0.00176043127452015,0.00511431066596532}
2023-01-28 18:30:42 INFO::run iteration 14
starting worker pid=33292 on localhost:11427 at 18:30:42.832
starting worker pid=33291 on localhost:11427 at 18:30:42.833
starting worker pid=33295 on localhost:11427 at 18:30:42.833
starting worker pid=33297 on localhost:11427 at 18:30:42.833
starting worker pid=33294 on localhost:11427 at 18:30:42.833
starting worker pid=33298 on localhost:11427 at 18:30:42.833
starting worker pid=33293 on localhost:11427 at 18:30:42.833
starting worker pid=33289 on localhost:11427 at 18:30:42.833
starting worker pid=33296 on localhost:11427 at 18:30:42.837
starting worker pid=33290 on localhost:11427 at 18:30:42.860
2023-01-28 18:44:11 INFO::After iteration 14, priors {SNP,gene}: {0.00176103447018276,0.00511082366808134}
2023-01-28 18:44:11 INFO::run iteration 15
starting worker pid=34580 on localhost:11427 at 18:44:12.174
starting worker pid=34577 on localhost:11427 at 18:44:12.178
starting worker pid=34579 on localhost:11427 at 18:44:12.179
starting worker pid=34573 on localhost:11427 at 18:44:12.179
starting worker pid=34582 on localhost:11427 at 18:44:12.179
starting worker pid=34578 on localhost:11427 at 18:44:12.180
starting worker pid=34575 on localhost:11427 at 18:44:12.180
starting worker pid=34574 on localhost:11427 at 18:44:12.180
starting worker pid=34576 on localhost:11427 at 18:44:12.180
starting worker pid=34581 on localhost:11427 at 18:44:12.180
2023-01-28 18:57:42 INFO::After iteration 15, priors {SNP,gene}: {0.00176147970510811,0.00510814723879078}
2023-01-28 18:57:42 INFO::run iteration 16
starting worker pid=35886 on localhost:11427 at 18:57:43.355
starting worker pid=35890 on localhost:11427 at 18:57:43.359
starting worker pid=35888 on localhost:11427 at 18:57:43.362
starting worker pid=35882 on localhost:11427 at 18:57:43.362
starting worker pid=35884 on localhost:11427 at 18:57:43.363
starting worker pid=35887 on localhost:11427 at 18:57:43.363
starting worker pid=35885 on localhost:11427 at 18:57:43.364
starting worker pid=35883 on localhost:11427 at 18:57:43.364
starting worker pid=35891 on localhost:11427 at 18:57:43.365
starting worker pid=35889 on localhost:11427 at 18:57:43.366
2023-01-28 19:11:12 INFO::After iteration 16, priors {SNP,gene}: {0.00176181093560288,0.00510610771721003}
2023-01-28 19:11:13 INFO::run iteration 17
starting worker pid=37171 on localhost:11427 at 19:11:13.571
starting worker pid=37166 on localhost:11427 at 19:11:13.571
starting worker pid=37162 on localhost:11427 at 19:11:13.572
starting worker pid=37165 on localhost:11427 at 19:11:13.579
starting worker pid=37167 on localhost:11427 at 19:11:13.580
starting worker pid=37170 on localhost:11427 at 19:11:13.584
starting worker pid=37164 on localhost:11427 at 19:11:13.587
starting worker pid=37169 on localhost:11427 at 19:11:13.595
starting worker pid=37168 on localhost:11427 at 19:11:13.596
starting worker pid=37172 on localhost:11427 at 19:11:13.611
2023-01-28 19:24:33 INFO::After iteration 17, priors {SNP,gene}: {0.00176205857635313,0.00510456022936155}
2023-01-28 19:24:33 INFO::run iteration 18
starting worker pid=38450 on localhost:11427 at 19:24:34.517
starting worker pid=38443 on localhost:11427 at 19:24:34.517
starting worker pid=38446 on localhost:11427 at 19:24:34.518
starting worker pid=38451 on localhost:11427 at 19:24:34.518
starting worker pid=38452 on localhost:11427 at 19:24:34.518
starting worker pid=38449 on localhost:11427 at 19:24:34.518
starting worker pid=38445 on localhost:11427 at 19:24:34.519
starting worker pid=38448 on localhost:11427 at 19:24:34.521
starting worker pid=38444 on localhost:11427 at 19:24:34.521
starting worker pid=38447 on localhost:11427 at 19:24:34.521
2023-01-28 19:38:08 INFO::After iteration 18, priors {SNP,gene}: {0.00176224429560033,0.0051033891270795}
2023-01-28 19:38:08 INFO::run iteration 19
starting worker pid=39770 on localhost:11427 at 19:38:09.216
starting worker pid=39767 on localhost:11427 at 19:38:09.217
starting worker pid=39764 on localhost:11427 at 19:38:09.217
starting worker pid=39765 on localhost:11427 at 19:38:09.218
starting worker pid=39766 on localhost:11427 at 19:38:09.218
starting worker pid=39763 on localhost:11427 at 19:38:09.219
starting worker pid=39761 on localhost:11427 at 19:38:09.219
starting worker pid=39762 on localhost:11427 at 19:38:09.219
starting worker pid=39768 on localhost:11427 at 19:38:09.219
starting worker pid=39769 on localhost:11427 at 19:38:09.230
2023-01-28 19:51:30 INFO::After iteration 19, priors {SNP,gene}: {0.00176238384407077,0.00510250426522295}
2023-01-28 19:51:31 INFO::run iteration 20
starting worker pid=41025 on localhost:11427 at 19:51:31.811
starting worker pid=41030 on localhost:11427 at 19:51:31.811
starting worker pid=41034 on localhost:11427 at 19:51:31.811
starting worker pid=41032 on localhost:11427 at 19:51:31.812
starting worker pid=41024 on localhost:11427 at 19:51:31.812
starting worker pid=41026 on localhost:11427 at 19:51:31.812
starting worker pid=41031 on localhost:11427 at 19:51:31.813
starting worker pid=41028 on localhost:11427 at 19:51:31.813
starting worker pid=41033 on localhost:11427 at 19:51:31.813
starting worker pid=41029 on localhost:11427 at 19:51:31.813
2023-01-28 20:04:59 INFO::After iteration 20, priors {SNP,gene}: {0.00176248882449365,0.00510183632483588}
2023-01-28 20:04:59 INFO::run iteration 21
starting worker pid=42332 on localhost:11427 at 20:05:00.298
starting worker pid=42330 on localhost:11427 at 20:05:00.299
starting worker pid=42333 on localhost:11427 at 20:05:00.299
starting worker pid=42331 on localhost:11427 at 20:05:00.299
starting worker pid=42325 on localhost:11427 at 20:05:00.299
starting worker pid=42329 on localhost:11427 at 20:05:00.299
starting worker pid=42324 on localhost:11427 at 20:05:00.299
starting worker pid=42328 on localhost:11427 at 20:05:00.300
starting worker pid=42326 on localhost:11427 at 20:05:00.300
starting worker pid=42323 on localhost:11427 at 20:05:00.300
2023-01-28 20:18:26 INFO::After iteration 21, priors {SNP,gene}: {0.00176256785761065,0.00510133242451865}
2023-01-28 20:18:26 INFO::run iteration 22
starting worker pid=43632 on localhost:11427 at 20:18:27.333
starting worker pid=43631 on localhost:11427 at 20:18:27.333
starting worker pid=43628 on localhost:11427 at 20:18:27.333
starting worker pid=43625 on localhost:11427 at 20:18:27.333
starting worker pid=43627 on localhost:11427 at 20:18:27.333
starting worker pid=43626 on localhost:11427 at 20:18:27.333
starting worker pid=43630 on localhost:11427 at 20:18:27.335
starting worker pid=43633 on localhost:11427 at 20:18:27.335
starting worker pid=43624 on localhost:11427 at 20:18:27.336
starting worker pid=43634 on localhost:11427 at 20:18:27.336
2023-01-28 20:31:59 INFO::After iteration 22, priors {SNP,gene}: {0.00176262738342943,0.0051009524139561}
2023-01-28 20:31:59 INFO::run iteration 23
starting worker pid=44915 on localhost:11427 at 20:32:00.294
starting worker pid=44921 on localhost:11427 at 20:32:00.295
starting worker pid=44918 on localhost:11427 at 20:32:00.296
starting worker pid=44919 on localhost:11427 at 20:32:00.296
starting worker pid=44922 on localhost:11427 at 20:32:00.297
starting worker pid=44920 on localhost:11427 at 20:32:00.297
starting worker pid=44914 on localhost:11427 at 20:32:00.298
starting worker pid=44916 on localhost:11427 at 20:32:00.298
starting worker pid=44923 on localhost:11427 at 20:32:00.298
starting worker pid=44917 on localhost:11427 at 20:32:00.298
2023-01-28 20:45:41 INFO::After iteration 23, priors {SNP,gene}: {0.00176267222923715,0.00510066589622184}
2023-01-28 20:45:42 INFO::run iteration 24
starting worker pid=46195 on localhost:11427 at 20:45:42.782
starting worker pid=46193 on localhost:11427 at 20:45:42.782
starting worker pid=46198 on localhost:11427 at 20:45:42.783
starting worker pid=46192 on localhost:11427 at 20:45:42.783
starting worker pid=46199 on localhost:11427 at 20:45:42.784
starting worker pid=46190 on localhost:11427 at 20:45:42.784
starting worker pid=46191 on localhost:11427 at 20:45:42.784
starting worker pid=46196 on localhost:11427 at 20:45:42.784
starting worker pid=46197 on localhost:11427 at 20:45:42.784
starting worker pid=46194 on localhost:11427 at 20:45:42.785
2023-01-28 20:59:15 INFO::After iteration 24, priors {SNP,gene}: {0.0017627060211046,0.00510044989846437}
2023-01-28 20:59:15 INFO::run iteration 25
starting worker pid=47518 on localhost:11427 at 20:59:16.134
starting worker pid=47514 on localhost:11427 at 20:59:16.135
starting worker pid=47522 on localhost:11427 at 20:59:16.137
starting worker pid=47519 on localhost:11427 at 20:59:16.138
starting worker pid=47515 on localhost:11427 at 20:59:16.138
starting worker pid=47521 on localhost:11427 at 20:59:16.138
starting worker pid=47520 on localhost:11427 at 20:59:16.138
starting worker pid=47516 on localhost:11427 at 20:59:16.138
starting worker pid=47517 on localhost:11427 at 20:59:16.138
starting worker pid=47523 on localhost:11427 at 20:59:16.138
2023-01-28 21:12:50 INFO::After iteration 25, priors {SNP,gene}: {0.00176273148635255,0.00510028707704294}
2023-01-28 21:12:51 INFO::run iteration 26
starting worker pid=48835 on localhost:11427 at 21:12:51.856
starting worker pid=48833 on localhost:11427 at 21:12:51.856
starting worker pid=48831 on localhost:11427 at 21:12:51.856
starting worker pid=48830 on localhost:11427 at 21:12:51.856
starting worker pid=48836 on localhost:11427 at 21:12:51.856
starting worker pid=48837 on localhost:11427 at 21:12:51.856
starting worker pid=48832 on localhost:11427 at 21:12:51.859
starting worker pid=48838 on localhost:11427 at 21:12:51.859
starting worker pid=48834 on localhost:11427 at 21:12:51.859
starting worker pid=48829 on localhost:11427 at 21:12:51.860
2023-01-28 21:26:26 INFO::After iteration 26, priors {SNP,gene}: {0.00176275067796591,0.0051001643466113}
2023-01-28 21:26:26 INFO::run iteration 27
starting worker pid=50103 on localhost:11427 at 21:26:27.488
starting worker pid=50098 on localhost:11427 at 21:26:27.490
starting worker pid=50104 on localhost:11427 at 21:26:27.490
starting worker pid=50097 on localhost:11427 at 21:26:27.490
starting worker pid=50096 on localhost:11427 at 21:26:27.490
starting worker pid=50100 on localhost:11427 at 21:26:27.491
starting worker pid=50102 on localhost:11427 at 21:26:27.491
starting worker pid=50101 on localhost:11427 at 21:26:27.491
starting worker pid=50099 on localhost:11427 at 21:26:27.491
starting worker pid=50105 on localhost:11427 at 21:26:27.491
2023-01-28 21:40:03 INFO::After iteration 27, priors {SNP,gene}: {0.00176276514209079,0.00510007183848958}
2023-01-28 21:40:03 INFO::run iteration 28
starting worker pid=51417 on localhost:11427 at 21:40:04.293
starting worker pid=51415 on localhost:11427 at 21:40:04.294
starting worker pid=51407 on localhost:11427 at 21:40:04.295
starting worker pid=51408 on localhost:11427 at 21:40:04.295
starting worker pid=51412 on localhost:11427 at 21:40:04.295
starting worker pid=51409 on localhost:11427 at 21:40:04.295
starting worker pid=51406 on localhost:11427 at 21:40:04.295
starting worker pid=51411 on localhost:11427 at 21:40:04.296
starting worker pid=51413 on localhost:11427 at 21:40:04.296
starting worker pid=51416 on localhost:11427 at 21:40:04.296
2023-01-28 21:53:42 INFO::After iteration 28, priors {SNP,gene}: {0.00176277604351736,0.00510000211172578}
2023-01-28 21:53:43 INFO::run iteration 29
starting worker pid=52742 on localhost:11427 at 21:53:43.692
starting worker pid=52740 on localhost:11427 at 21:53:43.692
starting worker pid=52746 on localhost:11427 at 21:53:43.692
starting worker pid=52741 on localhost:11427 at 21:53:43.693
starting worker pid=52745 on localhost:11427 at 21:53:43.693
starting worker pid=52738 on localhost:11427 at 21:53:43.693
starting worker pid=52743 on localhost:11427 at 21:53:43.693
starting worker pid=52737 on localhost:11427 at 21:53:43.697
starting worker pid=52744 on localhost:11427 at 21:53:43.697
starting worker pid=52739 on localhost:11427 at 21:53:43.700
2023-01-28 22:07:25 INFO::After iteration 29, priors {SNP,gene}: {0.0017627842599054,0.00509994955668898}
2023-01-28 22:07:25 INFO::run iteration 30
starting worker pid=54050 on localhost:11427 at 22:07:26.180
starting worker pid=54054 on localhost:11427 at 22:07:26.181
starting worker pid=54049 on localhost:11427 at 22:07:26.181
starting worker pid=54060 on localhost:11427 at 22:07:26.182
starting worker pid=54051 on localhost:11427 at 22:07:26.182
starting worker pid=54061 on localhost:11427 at 22:07:26.182
starting worker pid=54055 on localhost:11427 at 22:07:26.183
starting worker pid=54059 on localhost:11427 at 22:07:26.183
starting worker pid=54056 on localhost:11427 at 22:07:26.183
starting worker pid=54058 on localhost:11427 at 22:07:26.183
2023-01-28 22:21:08 INFO::After iteration 30, priors {SNP,gene}: {0.00176279045264042,0.00509990994473342}
2023-01-28 22:21:09 INFO::Run susie for all regions.
2023-01-28 22:21:09 INFO::run iteration 1
starting worker pid=55342 on localhost:11427 at 22:21:09.952
starting worker pid=55338 on localhost:11427 at 22:21:09.952
starting worker pid=55347 on localhost:11427 at 22:21:09.952
starting worker pid=55345 on localhost:11427 at 22:21:09.952
starting worker pid=55343 on localhost:11427 at 22:21:09.952
starting worker pid=55346 on localhost:11427 at 22:21:09.952
starting worker pid=55341 on localhost:11427 at 22:21:09.952
starting worker pid=55340 on localhost:11427 at 22:21:09.952
starting worker pid=55344 on localhost:11427 at 22:21:09.953
starting worker pid=55339 on localhost:11427 at 22:21:09.953
2023-01-28 22:43:33 INFO::After iteration 1, priors {SNP,gene}: {0.00676885725262455,0.0134103155459942}
2023-01-28 22:43:34 INFO::No. LD regions: 1700
2023-01-28 22:43:40 INFO::No. regions with at least one SNP/gene for chr1: 131
2023-01-28 22:43:40 INFO::Merge regions for chr1
2023-01-28 22:43:40 INFO::No. regions with at least one SNP/gene for chr1 after merging: 131
2023-01-28 22:43:48 INFO::No. regions with at least one SNP/gene for chr2: 144
2023-01-28 22:43:48 INFO::Merge regions for chr2
2023-01-28 22:43:48 INFO::No. regions with at least one SNP/gene for chr2 after merging: 144
2023-01-28 22:43:54 INFO::No. regions with at least one SNP/gene for chr3: 122
2023-01-28 22:43:54 INFO::Merge regions for chr3
2023-01-28 22:43:54 INFO::No. regions with at least one SNP/gene for chr3 after merging: 122
2023-01-28 22:43:59 INFO::No. regions with at least one SNP/gene for chr4: 122
2023-01-28 22:43:59 INFO::Merge regions for chr4
2023-01-28 22:43:59 INFO::No. regions with at least one SNP/gene for chr4 after merging: 122
2023-01-28 22:44:06 INFO::No. regions with at least one SNP/gene for chr5: 110
2023-01-28 22:44:06 INFO::Merge regions for chr5
2023-01-28 22:44:06 INFO::No. regions with at least one SNP/gene for chr5 after merging: 110
2023-01-28 22:44:12 INFO::No. regions with at least one SNP/gene for chr6: 112
2023-01-28 22:44:12 INFO::Merge regions for chr6
2023-01-28 22:44:12 INFO::No. regions with at least one SNP/gene for chr6 after merging: 112
2023-01-28 22:44:17 INFO::No. regions with at least one SNP/gene for chr7: 99
2023-01-28 22:44:17 INFO::Merge regions for chr7
2023-01-28 22:44:17 INFO::No. regions with at least one SNP/gene for chr7 after merging: 99
2023-01-28 22:44:22 INFO::No. regions with at least one SNP/gene for chr8: 94
2023-01-28 22:44:22 INFO::Merge regions for chr8
2023-01-28 22:44:22 INFO::No. regions with at least one SNP/gene for chr8 after merging: 94
2023-01-28 22:44:24 INFO::No. regions with at least one SNP/gene for chr9: 74
2023-01-28 22:44:24 INFO::Merge regions for chr9
2023-01-28 22:44:24 INFO::No. regions with at least one SNP/gene for chr9 after merging: 74
2023-01-28 22:44:29 INFO::No. regions with at least one SNP/gene for chr10: 85
2023-01-28 22:44:29 INFO::Merge regions for chr10
2023-01-28 22:44:29 INFO::No. regions with at least one SNP/gene for chr10 after merging: 85
2023-01-28 22:44:33 INFO::No. regions with at least one SNP/gene for chr11: 84
2023-01-28 22:44:33 INFO::Merge regions for chr11
2023-01-28 22:44:33 INFO::No. regions with at least one SNP/gene for chr11 after merging: 84
2023-01-28 22:44:37 INFO::No. regions with at least one SNP/gene for chr12: 82
2023-01-28 22:44:37 INFO::Merge regions for chr12
2023-01-28 22:44:37 INFO::No. regions with at least one SNP/gene for chr12 after merging: 82
2023-01-28 22:44:41 INFO::No. regions with at least one SNP/gene for chr13: 62
2023-01-28 22:44:41 INFO::Merge regions for chr13
2023-01-28 22:44:41 INFO::No. regions with at least one SNP/gene for chr13 after merging: 62
2023-01-28 22:44:43 INFO::No. regions with at least one SNP/gene for chr14: 56
2023-01-28 22:44:43 INFO::Merge regions for chr14
2023-01-28 22:44:43 INFO::No. regions with at least one SNP/gene for chr14 after merging: 56
2023-01-28 22:44:46 INFO::No. regions with at least one SNP/gene for chr15: 50
2023-01-28 22:44:46 INFO::Merge regions for chr15
2023-01-28 22:44:46 INFO::No. regions with at least one SNP/gene for chr15 after merging: 50
2023-01-28 22:44:49 INFO::No. regions with at least one SNP/gene for chr16: 54
2023-01-28 22:44:49 INFO::Merge regions for chr16
2023-01-28 22:44:49 INFO::No. regions with at least one SNP/gene for chr16 after merging: 54
2023-01-28 22:44:51 INFO::No. regions with at least one SNP/gene for chr17: 47
2023-01-28 22:44:51 INFO::Merge regions for chr17
2023-01-28 22:44:51 INFO::No. regions with at least one SNP/gene for chr17 after merging: 47
2023-01-28 22:44:54 INFO::No. regions with at least one SNP/gene for chr18: 47
2023-01-28 22:44:54 INFO::Merge regions for chr18
2023-01-28 22:44:54 INFO::No. regions with at least one SNP/gene for chr18 after merging: 47
2023-01-28 22:44:56 INFO::No. regions with at least one SNP/gene for chr19: 39
2023-01-28 22:44:56 INFO::Merge regions for chr19
2023-01-28 22:44:56 INFO::No. regions with at least one SNP/gene for chr19 after merging: 39
2023-01-28 22:44:58 INFO::No. regions with at least one SNP/gene for chr20: 38
2023-01-28 22:44:58 INFO::Merge regions for chr20
2023-01-28 22:44:58 INFO::No. regions with at least one SNP/gene for chr20 after merging: 38
2023-01-28 22:44:59 INFO::No. regions with at least one SNP/gene for chr21: 24
2023-01-28 22:44:59 INFO::Merge regions for chr21
2023-01-28 22:44:59 INFO::No. regions with at least one SNP/gene for chr21 after merging: 24
2023-01-28 22:45:01 INFO::No. regions with at least one SNP/gene for chr22: 24
2023-01-28 22:45:01 INFO::Merge regions for chr22
2023-01-28 22:45:01 INFO::No. regions with at least one SNP/gene for chr22 after merging: 24
2023-01-28 22:45:01 INFO::Trim regions with SNPs more than 20000
2023-01-28 22:45:01 INFO::Adding R matrix info, as genotype is not given
2023-01-28 22:45:03 INFO::Adding R matrix info for chrom 1
2023-01-28 23:14:54 INFO::Adding R matrix info for chrom 2
2023-01-28 23:42:33 INFO::Adding R matrix info for chrom 3
2023-01-29 00:01:15 INFO::Adding R matrix info for chrom 4
2023-01-29 00:17:35 INFO::Adding R matrix info for chrom 5
2023-01-29 00:35:55 INFO::Adding R matrix info for chrom 6
