[1] "/project2/xinhe/shengqian/cTWAS/cTWAS_analysis/data/UKBB/ukb-d-30010_irnt.vcf.gz"
[2] "/project2/mstephens/wcrouse/UKB_LDR_0.1"                                         
[3] "/project2/xinhe/shengqian/cTWAS/cTWAS_analysis/data/mqtl/Ovary.db"               
[4] "/project2/xinhe/shengqian/cTWAS/cTWAS_analysis/code/ctwas_config_b38.R"          
[5] "RedBlood_Ovary_expr"                                                             
[6] "RedBlood_Ovary_ctwas"                                                            
[7] "/project2/xinhe/shengqian/cTWAS/cTWAS_analysis/data/RedBlood_M/Ovary"            
2023-01-27 13:34:34 INFO::Reading weights for chromosome 1
2023-01-27 13:34:36 INFO::Current weight: /project2/xinhe/shengqian/cTWAS/cTWAS_analysis/data/mqtl/Ovary.db
2023-01-27 13:34:36 INFO::Number of genes with weights provided: 99647
2023-01-27 13:34:36 INFO::Collecting gene weight information ...
2023-01-27 14:20:28 INFO::Start gene z score imputation ...
2023-01-27 14:20:28 INFO::Using given LD matrices to impute gene z score.
2023-01-27 14:40:23 INFO::Imputation done, writing results to output...
2023-01-27 14:40:24 INFO::Imputation done: number of genes with imputed expression: 8278 for chr 1
2023-01-27 14:40:24 INFO::Reading weights for chromosome 2
2023-01-27 14:40:24 INFO::Current weight: /project2/xinhe/shengqian/cTWAS/cTWAS_analysis/data/mqtl/Ovary.db
2023-01-27 14:40:24 INFO::Number of genes with weights provided: 99647
2023-01-27 14:40:24 INFO::Collecting gene weight information ...
2023-01-27 15:10:29 INFO::Start gene z score imputation ...
2023-01-27 15:10:29 INFO::Using given LD matrices to impute gene z score.
2023-01-27 15:28:47 INFO::Imputation done, writing results to output...
2023-01-27 15:28:47 INFO::Imputation done: number of genes with imputed expression: 6718 for chr 2
2023-01-27 15:28:48 INFO::Reading weights for chromosome 3
2023-01-27 15:28:48 INFO::Current weight: /project2/xinhe/shengqian/cTWAS/cTWAS_analysis/data/mqtl/Ovary.db
2023-01-27 15:28:48 INFO::Number of genes with weights provided: 99647
2023-01-27 15:28:48 INFO::Collecting gene weight information ...
2023-01-27 15:55:44 INFO::Start gene z score imputation ...
2023-01-27 15:55:44 INFO::Using given LD matrices to impute gene z score.
2023-01-27 16:10:03 INFO::Imputation done, writing results to output...
2023-01-27 16:10:03 INFO::Imputation done: number of genes with imputed expression: 4702 for chr 3
2023-01-27 16:10:04 INFO::Reading weights for chromosome 4
2023-01-27 16:10:04 INFO::Current weight: /project2/xinhe/shengqian/cTWAS/cTWAS_analysis/data/mqtl/Ovary.db
2023-01-27 16:10:04 INFO::Number of genes with weights provided: 99647
2023-01-27 16:10:04 INFO::Collecting gene weight information ...
2023-01-27 16:35:44 INFO::Start gene z score imputation ...
2023-01-27 16:35:44 INFO::Using given LD matrices to impute gene z score.
2023-01-27 16:49:00 INFO::Imputation done, writing results to output...
2023-01-27 16:49:01 INFO::Imputation done: number of genes with imputed expression: 3818 for chr 4
2023-01-27 16:49:01 INFO::Reading weights for chromosome 5
2023-01-27 16:49:01 INFO::Current weight: /project2/xinhe/shengqian/cTWAS/cTWAS_analysis/data/mqtl/Ovary.db
2023-01-27 16:49:01 INFO::Number of genes with weights provided: 99647
2023-01-27 16:49:01 INFO::Collecting gene weight information ...
2023-01-27 17:16:25 INFO::Start gene z score imputation ...
2023-01-27 17:16:25 INFO::Using given LD matrices to impute gene z score.
2023-01-27 17:30:40 INFO::Imputation done, writing results to output...
2023-01-27 17:30:41 INFO::Imputation done: number of genes with imputed expression: 4579 for chr 5
2023-01-27 17:30:41 INFO::Reading weights for chromosome 6
2023-01-27 17:30:42 INFO::Current weight: /project2/xinhe/shengqian/cTWAS/cTWAS_analysis/data/mqtl/Ovary.db
2023-01-27 17:30:42 INFO::Number of genes with weights provided: 99647
2023-01-27 17:30:42 INFO::Collecting gene weight information ...
2023-01-27 18:01:52 INFO::Start gene z score imputation ...
2023-01-27 18:01:52 INFO::Using given LD matrices to impute gene z score.
2023-01-27 18:19:01 INFO::Imputation done, writing results to output...
2023-01-27 18:19:01 INFO::Imputation done: number of genes with imputed expression: 5595 for chr 6
2023-01-27 18:19:02 INFO::Reading weights for chromosome 7
2023-01-27 18:19:02 INFO::Current weight: /project2/xinhe/shengqian/cTWAS/cTWAS_analysis/data/mqtl/Ovary.db
2023-01-27 18:19:02 INFO::Number of genes with weights provided: 99647
2023-01-27 18:19:02 INFO::Collecting gene weight information ...
2023-01-27 18:47:48 INFO::Start gene z score imputation ...
2023-01-27 18:47:48 INFO::Using given LD matrices to impute gene z score.
2023-01-27 19:03:43 INFO::Imputation done, writing results to output...
2023-01-27 19:03:43 INFO::Imputation done: number of genes with imputed expression: 4978 for chr 7
2023-01-27 19:03:44 INFO::Reading weights for chromosome 8
2023-01-27 19:03:44 INFO::Current weight: /project2/xinhe/shengqian/cTWAS/cTWAS_analysis/data/mqtl/Ovary.db
2023-01-27 19:03:44 INFO::Number of genes with weights provided: 99647
2023-01-27 19:03:44 INFO::Collecting gene weight information ...
2023-01-27 19:31:31 INFO::Start gene z score imputation ...
2023-01-27 19:31:31 INFO::Using given LD matrices to impute gene z score.
2023-01-27 19:45:00 INFO::Imputation done, writing results to output...
2023-01-27 19:45:00 INFO::Imputation done: number of genes with imputed expression: 4091 for chr 8
2023-01-27 19:45:01 INFO::Reading weights for chromosome 9
2023-01-27 19:45:01 INFO::Current weight: /project2/xinhe/shengqian/cTWAS/cTWAS_analysis/data/mqtl/Ovary.db
2023-01-27 19:45:01 INFO::Number of genes with weights provided: 99647
2023-01-27 19:45:01 INFO::Collecting gene weight information ...
2023-01-27 20:09:09 INFO::Start gene z score imputation ...
2023-01-27 20:09:09 INFO::Using given LD matrices to impute gene z score.
2023-01-27 20:18:42 INFO::Imputation done, writing results to output...
2023-01-27 20:18:42 INFO::Imputation done: number of genes with imputed expression: 2592 for chr 9
2023-01-27 20:18:44 INFO::Reading weights for chromosome 10
2023-01-27 20:18:44 INFO::Current weight: /project2/xinhe/shengqian/cTWAS/cTWAS_analysis/data/mqtl/Ovary.db
2023-01-27 20:18:44 INFO::Number of genes with weights provided: 99647
2023-01-27 20:18:44 INFO::Collecting gene weight information ...
2023-01-27 20:48:05 INFO::Start gene z score imputation ...
2023-01-27 20:48:05 INFO::Using given LD matrices to impute gene z score.
2023-01-27 21:02:35 INFO::Imputation done, writing results to output...
2023-01-27 21:02:35 INFO::Imputation done: number of genes with imputed expression: 4401 for chr 10
2023-01-27 21:02:37 INFO::Reading weights for chromosome 11
2023-01-27 21:02:37 INFO::Current weight: /project2/xinhe/shengqian/cTWAS/cTWAS_analysis/data/mqtl/Ovary.db
2023-01-27 21:02:37 INFO::Number of genes with weights provided: 99647
2023-01-27 21:02:37 INFO::Collecting gene weight information ...
2023-01-27 21:32:27 INFO::Start gene z score imputation ...
2023-01-27 21:32:27 INFO::Using given LD matrices to impute gene z score.
2023-01-27 21:48:17 INFO::Imputation done, writing results to output...
2023-01-27 21:48:17 INFO::Imputation done: number of genes with imputed expression: 4958 for chr 11
2023-01-27 21:48:19 INFO::Reading weights for chromosome 12
2023-01-27 21:48:19 INFO::Current weight: /project2/xinhe/shengqian/cTWAS/cTWAS_analysis/data/mqtl/Ovary.db
2023-01-27 21:48:19 INFO::Number of genes with weights provided: 99647
2023-01-27 21:48:19 INFO::Collecting gene weight information ...
2023-01-27 22:16:57 INFO::Start gene z score imputation ...
2023-01-27 22:16:57 INFO::Using given LD matrices to impute gene z score.
2023-01-27 22:30:58 INFO::Imputation done, writing results to output...
2023-01-27 22:30:59 INFO::Imputation done: number of genes with imputed expression: 4176 for chr 12
2023-01-27 22:31:00 INFO::Reading weights for chromosome 13
2023-01-27 22:31:00 INFO::Current weight: /project2/xinhe/shengqian/cTWAS/cTWAS_analysis/data/mqtl/Ovary.db
2023-01-27 22:31:00 INFO::Number of genes with weights provided: 99647
2023-01-27 22:31:00 INFO::Collecting gene weight information ...
2023-01-27 22:54:39 INFO::Start gene z score imputation ...
2023-01-27 22:54:39 INFO::Using given LD matrices to impute gene z score.
2023-01-27 23:02:53 INFO::Imputation done, writing results to output...
2023-01-27 23:02:53 INFO::Imputation done: number of genes with imputed expression: 2106 for chr 13
2023-01-27 23:02:53 INFO::Reading weights for chromosome 14
2023-01-27 23:02:53 INFO::Current weight: /project2/xinhe/shengqian/cTWAS/cTWAS_analysis/data/mqtl/Ovary.db
2023-01-27 23:02:53 INFO::Number of genes with weights provided: 99647
2023-01-27 23:02:53 INFO::Collecting gene weight information ...
2023-01-27 23:28:29 INFO::Start gene z score imputation ...
2023-01-27 23:28:29 INFO::Using given LD matrices to impute gene z score.
2023-01-27 23:38:54 INFO::Imputation done, writing results to output...
2023-01-27 23:38:54 INFO::Imputation done: number of genes with imputed expression: 2897 for chr 14
2023-01-27 23:38:55 INFO::Reading weights for chromosome 15
2023-01-27 23:38:55 INFO::Current weight: /project2/xinhe/shengqian/cTWAS/cTWAS_analysis/data/mqtl/Ovary.db
2023-01-27 23:38:55 INFO::Number of genes with weights provided: 99647
2023-01-27 23:38:55 INFO::Collecting gene weight information ...
2023-01-28 00:04:31 INFO::Start gene z score imputation ...
2023-01-28 00:04:31 INFO::Using given LD matrices to impute gene z score.
2023-01-28 00:14:19 INFO::Imputation done, writing results to output...
2023-01-28 00:14:19 INFO::Imputation done: number of genes with imputed expression: 2750 for chr 15
2023-01-28 00:14:21 INFO::Reading weights for chromosome 16
2023-01-28 00:14:21 INFO::Current weight: /project2/xinhe/shengqian/cTWAS/cTWAS_analysis/data/mqtl/Ovary.db
2023-01-28 00:14:21 INFO::Number of genes with weights provided: 99647
2023-01-28 00:14:21 INFO::Collecting gene weight information ...
2023-01-28 00:43:21 INFO::Start gene z score imputation ...
2023-01-28 00:43:21 INFO::Using given LD matrices to impute gene z score.
2023-01-28 00:55:52 INFO::Imputation done, writing results to output...
2023-01-28 00:55:52 INFO::Imputation done: number of genes with imputed expression: 4071 for chr 16
2023-01-28 00:55:53 INFO::Reading weights for chromosome 17
2023-01-28 00:55:53 INFO::Current weight: /project2/xinhe/shengqian/cTWAS/cTWAS_analysis/data/mqtl/Ovary.db
2023-01-28 00:55:53 INFO::Number of genes with weights provided: 99647
2023-01-28 00:55:53 INFO::Collecting gene weight information ...
2023-01-28 01:27:01 INFO::Start gene z score imputation ...
2023-01-28 01:27:01 INFO::Using given LD matrices to impute gene z score.
2023-01-28 01:41:31 INFO::Imputation done, writing results to output...
2023-01-28 01:41:31 INFO::Imputation done: number of genes with imputed expression: 4692 for chr 17
2023-01-28 01:41:33 INFO::Reading weights for chromosome 18
2023-01-28 01:41:33 INFO::Current weight: /project2/xinhe/shengqian/cTWAS/cTWAS_analysis/data/mqtl/Ovary.db
2023-01-28 01:41:33 INFO::Number of genes with weights provided: 99647
2023-01-28 01:41:33 INFO::Collecting gene weight information ...
2023-01-28 02:03:56 INFO::Start gene z score imputation ...
2023-01-28 02:03:56 INFO::Using given LD matrices to impute gene z score.
2023-01-28 02:10:20 INFO::Imputation done, writing results to output...
2023-01-28 02:10:20 INFO::Imputation done: number of genes with imputed expression: 1449 for chr 18
2023-01-28 02:10:21 INFO::Reading weights for chromosome 19
2023-01-28 02:10:21 INFO::Current weight: /project2/xinhe/shengqian/cTWAS/cTWAS_analysis/data/mqtl/Ovary.db
2023-01-28 02:10:21 INFO::Number of genes with weights provided: 99647
2023-01-28 02:10:21 INFO::Collecting gene weight information ...
2023-01-28 02:38:51 INFO::Start gene z score imputation ...
2023-01-28 02:38:51 INFO::Using given LD matrices to impute gene z score.
2023-01-28 02:51:39 INFO::Imputation done, writing results to output...
2023-01-28 02:51:40 INFO::Imputation done: number of genes with imputed expression: 3872 for chr 19
2023-01-28 02:51:41 INFO::Reading weights for chromosome 20
2023-01-28 02:51:41 INFO::Current weight: /project2/xinhe/shengqian/cTWAS/cTWAS_analysis/data/mqtl/Ovary.db
2023-01-28 02:51:41 INFO::Number of genes with weights provided: 99647
2023-01-28 02:51:41 INFO::Collecting gene weight information ...
2023-01-28 03:17:09 INFO::Start gene z score imputation ...
2023-01-28 03:17:09 INFO::Using given LD matrices to impute gene z score.
2023-01-28 03:26:09 INFO::Imputation done, writing results to output...
2023-01-28 03:26:09 INFO::Imputation done: number of genes with imputed expression: 2544 for chr 20
2023-01-28 03:26:10 INFO::Reading weights for chromosome 21
2023-01-28 03:26:10 INFO::Current weight: /project2/xinhe/shengqian/cTWAS/cTWAS_analysis/data/mqtl/Ovary.db
2023-01-28 03:26:10 INFO::Number of genes with weights provided: 99647
2023-01-28 03:26:10 INFO::Collecting gene weight information ...
2023-01-28 03:48:06 INFO::Start gene z score imputation ...
2023-01-28 03:48:06 INFO::Using given LD matrices to impute gene z score.
2023-01-28 03:53:01 INFO::Imputation done, writing results to output...
2023-01-28 03:53:01 INFO::Imputation done: number of genes with imputed expression: 1270 for chr 21
2023-01-28 03:53:02 INFO::Reading weights for chromosome 22
2023-01-28 03:53:02 INFO::Current weight: /project2/xinhe/shengqian/cTWAS/cTWAS_analysis/data/mqtl/Ovary.db
2023-01-28 03:53:02 INFO::Number of genes with weights provided: 99647
2023-01-28 03:53:02 INFO::Collecting gene weight information ...
2023-01-28 04:17:50 INFO::Start gene z score imputation ...
2023-01-28 04:17:50 INFO::Using given LD matrices to impute gene z score.
2023-01-28 04:25:18 INFO::Imputation done, writing results to output...
2023-01-28 04:25:19 INFO::Imputation done: number of genes with imputed expression: 2244 for chr 22
2023-01-28 04:25:46 INFO::ctwas started ...
2023-01-28 04:26:12 INFO::LD region file: /home/shengqian/R/x86_64-pc-linux-gnu-library/4.1/ctwas/extdata/ldetect/EUR.b38.bed
2023-01-28 04:26:21 INFO::No. LD regions: 1700
2023-01-28 04:26:32 INFO::No. regions with at least one SNP/gene for chr1: 131
2023-01-28 04:26:32 INFO::Merge regions for chr1
2023-01-28 04:26:32 INFO::No. regions with at least one SNP/gene for chr1 after merging: 131
2023-01-28 04:26:38 INFO::No. regions with at least one SNP/gene for chr2: 144
2023-01-28 04:26:38 INFO::Merge regions for chr2
2023-01-28 04:26:38 INFO::No. regions with at least one SNP/gene for chr2 after merging: 144
2023-01-28 04:26:43 INFO::No. regions with at least one SNP/gene for chr3: 122
2023-01-28 04:26:43 INFO::Merge regions for chr3
2023-01-28 04:26:43 INFO::No. regions with at least one SNP/gene for chr3 after merging: 122
2023-01-28 04:26:48 INFO::No. regions with at least one SNP/gene for chr4: 122
2023-01-28 04:26:48 INFO::Merge regions for chr4
2023-01-28 04:26:48 INFO::No. regions with at least one SNP/gene for chr4 after merging: 122
2023-01-28 04:26:52 INFO::No. regions with at least one SNP/gene for chr5: 110
2023-01-28 04:26:52 INFO::Merge regions for chr5
2023-01-28 04:26:52 INFO::No. regions with at least one SNP/gene for chr5 after merging: 110
2023-01-28 04:26:56 INFO::No. regions with at least one SNP/gene for chr6: 112
2023-01-28 04:26:56 INFO::Merge regions for chr6
2023-01-28 04:26:56 INFO::No. regions with at least one SNP/gene for chr6 after merging: 112
2023-01-28 04:27:01 INFO::No. regions with at least one SNP/gene for chr7: 99
2023-01-28 04:27:01 INFO::Merge regions for chr7
2023-01-28 04:27:01 INFO::No. regions with at least one SNP/gene for chr7 after merging: 99
2023-01-28 04:27:04 INFO::No. regions with at least one SNP/gene for chr8: 94
2023-01-28 04:27:04 INFO::Merge regions for chr8
2023-01-28 04:27:04 INFO::No. regions with at least one SNP/gene for chr8 after merging: 94
2023-01-28 04:27:07 INFO::No. regions with at least one SNP/gene for chr9: 74
2023-01-28 04:27:07 INFO::Merge regions for chr9
2023-01-28 04:27:07 INFO::No. regions with at least one SNP/gene for chr9 after merging: 74
2023-01-28 04:27:10 INFO::No. regions with at least one SNP/gene for chr10: 85
2023-01-28 04:27:10 INFO::Merge regions for chr10
2023-01-28 04:27:10 INFO::No. regions with at least one SNP/gene for chr10 after merging: 85
2023-01-28 04:27:13 INFO::No. regions with at least one SNP/gene for chr11: 84
2023-01-28 04:27:13 INFO::Merge regions for chr11
2023-01-28 04:27:13 INFO::No. regions with at least one SNP/gene for chr11 after merging: 84
2023-01-28 04:27:16 INFO::No. regions with at least one SNP/gene for chr12: 82
2023-01-28 04:27:16 INFO::Merge regions for chr12
2023-01-28 04:27:16 INFO::No. regions with at least one SNP/gene for chr12 after merging: 82
2023-01-28 04:27:19 INFO::No. regions with at least one SNP/gene for chr13: 62
2023-01-28 04:27:19 INFO::Merge regions for chr13
2023-01-28 04:27:19 INFO::No. regions with at least one SNP/gene for chr13 after merging: 62
2023-01-28 04:27:21 INFO::No. regions with at least one SNP/gene for chr14: 56
2023-01-28 04:27:21 INFO::Merge regions for chr14
2023-01-28 04:27:21 INFO::No. regions with at least one SNP/gene for chr14 after merging: 56
2023-01-28 04:27:23 INFO::No. regions with at least one SNP/gene for chr15: 50
2023-01-28 04:27:23 INFO::Merge regions for chr15
2023-01-28 04:27:23 INFO::No. regions with at least one SNP/gene for chr15 after merging: 50
2023-01-28 04:27:25 INFO::No. regions with at least one SNP/gene for chr16: 54
2023-01-28 04:27:25 INFO::Merge regions for chr16
2023-01-28 04:27:25 INFO::No. regions with at least one SNP/gene for chr16 after merging: 54
2023-01-28 04:27:27 INFO::No. regions with at least one SNP/gene for chr17: 47
2023-01-28 04:27:27 INFO::Merge regions for chr17
2023-01-28 04:27:27 INFO::No. regions with at least one SNP/gene for chr17 after merging: 47
2023-01-28 04:27:29 INFO::No. regions with at least one SNP/gene for chr18: 47
2023-01-28 04:27:29 INFO::Merge regions for chr18
2023-01-28 04:27:29 INFO::No. regions with at least one SNP/gene for chr18 after merging: 47
2023-01-28 04:27:31 INFO::No. regions with at least one SNP/gene for chr19: 39
2023-01-28 04:27:31 INFO::Merge regions for chr19
2023-01-28 04:27:31 INFO::No. regions with at least one SNP/gene for chr19 after merging: 39
2023-01-28 04:27:32 INFO::No. regions with at least one SNP/gene for chr20: 38
2023-01-28 04:27:32 INFO::Merge regions for chr20
2023-01-28 04:27:32 INFO::No. regions with at least one SNP/gene for chr20 after merging: 38
2023-01-28 04:27:34 INFO::No. regions with at least one SNP/gene for chr21: 24
2023-01-28 04:27:34 INFO::Merge regions for chr21
2023-01-28 04:27:34 INFO::No. regions with at least one SNP/gene for chr21 after merging: 24
2023-01-28 04:27:36 INFO::No. regions with at least one SNP/gene for chr22: 24
2023-01-28 04:27:36 INFO::Merge regions for chr22
2023-01-28 04:27:36 INFO::No. regions with at least one SNP/gene for chr22 after merging: 24
2023-01-28 04:27:36 INFO::Trim regions with SNPs more than Inf
2023-01-28 04:27:36 INFO::Adding R matrix info, as genotype is not given
2023-01-28 04:27:37 INFO::Adding R matrix info for chrom 1
2023-01-28 04:55:31 INFO::Adding R matrix info for chrom 2
2023-01-28 05:20:37 INFO::Adding R matrix info for chrom 3
2023-01-28 05:37:57 INFO::Adding R matrix info for chrom 4
2023-01-28 05:53:26 INFO::Adding R matrix info for chrom 5
2023-01-28 06:10:16 INFO::Adding R matrix info for chrom 6
2023-01-28 06:32:15 INFO::Adding R matrix info for chrom 7
2023-01-28 06:50:07 INFO::Adding R matrix info for chrom 8
2023-01-28 07:05:32 INFO::Adding R matrix info for chrom 9
2023-01-28 07:15:43 INFO::Adding R matrix info for chrom 10
2023-01-28 07:31:39 INFO::Adding R matrix info for chrom 11
2023-01-28 07:49:23 INFO::Adding R matrix info for chrom 12
2023-01-28 08:03:51 INFO::Adding R matrix info for chrom 13
2023-01-28 08:12:22 INFO::Adding R matrix info for chrom 14
2023-01-28 08:23:01 INFO::Adding R matrix info for chrom 15
2023-01-28 08:32:13 INFO::Adding R matrix info for chrom 16
2023-01-28 08:44:29 INFO::Adding R matrix info for chrom 17
2023-01-28 08:58:50 INFO::Adding R matrix info for chrom 18
2023-01-28 09:05:18 INFO::Adding R matrix info for chrom 19
2023-01-28 09:17:32 INFO::Adding R matrix info for chrom 20
2023-01-28 09:26:12 INFO::Adding R matrix info for chrom 21
2023-01-28 09:30:21 INFO::Adding R matrix info for chrom 22
2023-01-28 09:36:47 INFO::Run susie iteratively, getting rough estimate ...
2023-01-28 09:36:47 INFO::run iteration 1
starting worker pid=19691 on localhost:11182 at 09:36:48.441
starting worker pid=19697 on localhost:11182 at 09:36:48.441
starting worker pid=19690 on localhost:11182 at 09:36:48.442
starting worker pid=19688 on localhost:11182 at 09:36:48.443
starting worker pid=19694 on localhost:11182 at 09:36:48.443
starting worker pid=19689 on localhost:11182 at 09:36:48.443
starting worker pid=19698 on localhost:11182 at 09:36:48.444
starting worker pid=19693 on localhost:11182 at 09:36:48.444
starting worker pid=19692 on localhost:11182 at 09:36:48.444
starting worker pid=19695 on localhost:11182 at 09:36:48.444
2023-01-28 09:56:32 INFO::After iteration 1, priors {SNP,gene}: {0.00170931407083113,0.00245996157178411}
2023-01-28 09:56:33 INFO::run iteration 2
starting worker pid=21514 on localhost:11182 at 09:56:34.178
starting worker pid=21520 on localhost:11182 at 09:56:34.178
starting worker pid=21515 on localhost:11182 at 09:56:34.178
starting worker pid=21522 on localhost:11182 at 09:56:34.178
starting worker pid=21517 on localhost:11182 at 09:56:34.178
starting worker pid=21519 on localhost:11182 at 09:56:34.179
starting worker pid=21518 on localhost:11182 at 09:56:34.179
starting worker pid=21516 on localhost:11182 at 09:56:34.179
starting worker pid=21513 on localhost:11182 at 09:56:34.180
starting worker pid=21521 on localhost:11182 at 09:56:34.180
2023-01-28 10:16:07 INFO::After iteration 2, priors {SNP,gene}: {0.00145057575525352,0.00270768896822822}
2023-01-28 10:16:07 INFO::run iteration 3
starting worker pid=23310 on localhost:11182 at 10:16:08.495
starting worker pid=23309 on localhost:11182 at 10:16:08.495
starting worker pid=23311 on localhost:11182 at 10:16:08.496
starting worker pid=23312 on localhost:11182 at 10:16:08.496
starting worker pid=23303 on localhost:11182 at 10:16:08.496
starting worker pid=23305 on localhost:11182 at 10:16:08.496
starting worker pid=23304 on localhost:11182 at 10:16:08.496
starting worker pid=23307 on localhost:11182 at 10:16:08.497
starting worker pid=23308 on localhost:11182 at 10:16:08.497
starting worker pid=23306 on localhost:11182 at 10:16:08.497
2023-01-28 10:35:26 INFO::After iteration 3, priors {SNP,gene}: {0.00136039841631896,0.00284682447195038}
2023-01-28 10:50:13 INFO::Blocks are filtered: 875 blocks left
2023-01-28 10:50:13 INFO::Run susie iteratively, getting accurate estimate ...
2023-01-28 10:50:14 INFO::run iteration 1
starting worker pid=26358 on localhost:11182 at 10:50:15.410
starting worker pid=26359 on localhost:11182 at 10:50:15.411
starting worker pid=26357 on localhost:11182 at 10:50:15.411
starting worker pid=26353 on localhost:11182 at 10:50:15.411
starting worker pid=26355 on localhost:11182 at 10:50:15.411
starting worker pid=26356 on localhost:11182 at 10:50:15.411
starting worker pid=26360 on localhost:11182 at 10:50:15.411
starting worker pid=26352 on localhost:11182 at 10:50:15.411
starting worker pid=26354 on localhost:11182 at 10:50:15.411
starting worker pid=26361 on localhost:11182 at 10:50:15.412
2023-01-28 11:02:28 INFO::After iteration 1, priors {SNP,gene}: {0.00151510343285269,0.0039797011988564}
2023-01-28 11:02:28 INFO::run iteration 2
starting worker pid=27527 on localhost:11182 at 11:02:28.954
starting worker pid=27523 on localhost:11182 at 11:02:28.954
starting worker pid=27524 on localhost:11182 at 11:02:28.955
starting worker pid=27526 on localhost:11182 at 11:02:28.955
starting worker pid=27528 on localhost:11182 at 11:02:28.955
starting worker pid=27522 on localhost:11182 at 11:02:28.955
starting worker pid=27520 on localhost:11182 at 11:02:28.955
starting worker pid=27521 on localhost:11182 at 11:02:28.955
starting worker pid=27525 on localhost:11182 at 11:02:28.964
starting worker pid=27529 on localhost:11182 at 11:02:28.971
2023-01-28 11:14:27 INFO::After iteration 2, priors {SNP,gene}: {0.00160865196542893,0.00493518116204361}
2023-01-28 11:14:28 INFO::run iteration 3
starting worker pid=28671 on localhost:11182 at 11:14:28.640
starting worker pid=28665 on localhost:11182 at 11:14:28.640
starting worker pid=28664 on localhost:11182 at 11:14:28.640
starting worker pid=28669 on localhost:11182 at 11:14:28.640
starting worker pid=28667 on localhost:11182 at 11:14:28.640
starting worker pid=28672 on localhost:11182 at 11:14:28.640
starting worker pid=28663 on localhost:11182 at 11:14:28.640
starting worker pid=28666 on localhost:11182 at 11:14:28.640
starting worker pid=28668 on localhost:11182 at 11:14:28.640
starting worker pid=28670 on localhost:11182 at 11:14:28.643
2023-01-28 11:26:34 INFO::After iteration 3, priors {SNP,gene}: {0.00166864072677757,0.00559620932020063}
2023-01-28 11:26:34 INFO::run iteration 4
starting worker pid=29857 on localhost:11182 at 11:26:35.406
starting worker pid=29855 on localhost:11182 at 11:26:35.406
starting worker pid=29861 on localhost:11182 at 11:26:35.405
starting worker pid=29853 on localhost:11182 at 11:26:35.406
starting worker pid=29854 on localhost:11182 at 11:26:35.406
starting worker pid=29852 on localhost:11182 at 11:26:35.406
starting worker pid=29859 on localhost:11182 at 11:26:35.406
starting worker pid=29860 on localhost:11182 at 11:26:35.406
starting worker pid=29858 on localhost:11182 at 11:26:35.410
starting worker pid=29856 on localhost:11182 at 11:26:35.412
2023-01-28 11:38:47 INFO::After iteration 4, priors {SNP,gene}: {0.0017033359573835,0.00600912158290663}
2023-01-28 11:38:47 INFO::run iteration 5
starting worker pid=31078 on localhost:11182 at 11:38:48.459
starting worker pid=31086 on localhost:11182 at 11:38:48.460
starting worker pid=31085 on localhost:11182 at 11:38:48.460
starting worker pid=31082 on localhost:11182 at 11:38:48.460
starting worker pid=31080 on localhost:11182 at 11:38:48.461
starting worker pid=31083 on localhost:11182 at 11:38:48.463
starting worker pid=31084 on localhost:11182 at 11:38:48.464
starting worker pid=31079 on localhost:11182 at 11:38:48.464
starting worker pid=31087 on localhost:11182 at 11:38:48.464
starting worker pid=31081 on localhost:11182 at 11:38:48.465
2023-01-28 11:51:00 INFO::After iteration 5, priors {SNP,gene}: {0.00171928748775866,0.00624970457270707}
2023-01-28 11:51:00 INFO::run iteration 6
starting worker pid=32267 on localhost:11182 at 11:51:01.036
starting worker pid=32268 on localhost:11182 at 11:51:01.036
starting worker pid=32260 on localhost:11182 at 11:51:01.037
starting worker pid=32259 on localhost:11182 at 11:51:01.042
starting worker pid=32265 on localhost:11182 at 11:51:01.050
starting worker pid=32264 on localhost:11182 at 11:51:01.060
starting worker pid=32263 on localhost:11182 at 11:51:01.062
starting worker pid=32261 on localhost:11182 at 11:51:01.066
starting worker pid=32266 on localhost:11182 at 11:51:01.075
starting worker pid=32262 on localhost:11182 at 11:51:01.097
2023-01-28 12:03:13 INFO::After iteration 6, priors {SNP,gene}: {0.00172473708056694,0.00638749666906102}
2023-01-28 12:03:13 INFO::run iteration 7
starting worker pid=33463 on localhost:11182 at 12:03:13.931
starting worker pid=33466 on localhost:11182 at 12:03:13.937
starting worker pid=33458 on localhost:11182 at 12:03:13.938
starting worker pid=33459 on localhost:11182 at 12:03:13.939
starting worker pid=33462 on localhost:11182 at 12:03:13.946
starting worker pid=33461 on localhost:11182 at 12:03:13.947
starting worker pid=33460 on localhost:11182 at 12:03:13.949
starting worker pid=33457 on localhost:11182 at 12:03:13.957
starting worker pid=33464 on localhost:11182 at 12:03:13.958
starting worker pid=33465 on localhost:11182 at 12:03:13.976
2023-01-28 12:15:25 INFO::After iteration 7, priors {SNP,gene}: {0.00172537562502103,0.00646851915835779}
2023-01-28 12:15:25 INFO::run iteration 8
starting worker pid=34631 on localhost:11182 at 12:15:26.336
starting worker pid=34623 on localhost:11182 at 12:15:26.337
starting worker pid=34624 on localhost:11182 at 12:15:26.337
starting worker pid=34632 on localhost:11182 at 12:15:26.337
starting worker pid=34628 on localhost:11182 at 12:15:26.337
starting worker pid=34625 on localhost:11182 at 12:15:26.337
starting worker pid=34626 on localhost:11182 at 12:15:26.338
starting worker pid=34629 on localhost:11182 at 12:15:26.338
starting worker pid=34630 on localhost:11182 at 12:15:26.338
starting worker pid=34627 on localhost:11182 at 12:15:26.338
2023-01-28 12:27:37 INFO::After iteration 8, priors {SNP,gene}: {0.00172411570034264,0.00651839394695687}
2023-01-28 12:27:37 INFO::run iteration 9
starting worker pid=39537 on localhost:11182 at 12:27:38.180
starting worker pid=39534 on localhost:11182 at 12:27:38.180
starting worker pid=39533 on localhost:11182 at 12:27:38.180
starting worker pid=39529 on localhost:11182 at 12:27:38.180
starting worker pid=39532 on localhost:11182 at 12:27:38.190
starting worker pid=39531 on localhost:11182 at 12:27:38.193
starting worker pid=39528 on localhost:11182 at 12:27:38.193
starting worker pid=39535 on localhost:11182 at 12:27:38.195
starting worker pid=39530 on localhost:11182 at 12:27:38.196
starting worker pid=39536 on localhost:11182 at 12:27:38.198
2023-01-28 12:39:42 INFO::After iteration 9, priors {SNP,gene}: {0.00172230140632772,0.006550662539903}
2023-01-28 12:39:43 INFO::run iteration 10
starting worker pid=50123 on localhost:11182 at 12:39:43.481
starting worker pid=50118 on localhost:11182 at 12:39:43.483
starting worker pid=50116 on localhost:11182 at 12:39:43.484
starting worker pid=50120 on localhost:11182 at 12:39:43.486
starting worker pid=50117 on localhost:11182 at 12:39:43.490
starting worker pid=50119 on localhost:11182 at 12:39:43.492
starting worker pid=50115 on localhost:11182 at 12:39:43.492
starting worker pid=50121 on localhost:11182 at 12:39:43.496
starting worker pid=50122 on localhost:11182 at 12:39:43.498
starting worker pid=50124 on localhost:11182 at 12:39:43.509
2023-01-28 12:51:52 INFO::After iteration 10, priors {SNP,gene}: {0.00172049464720587,0.00657251293169549}
2023-01-28 12:51:53 INFO::run iteration 11
starting worker pid=3962 on localhost:11182 at 12:51:53.656
starting worker pid=3968 on localhost:11182 at 12:51:53.657
starting worker pid=3967 on localhost:11182 at 12:51:53.657
starting worker pid=3961 on localhost:11182 at 12:51:53.657
starting worker pid=3965 on localhost:11182 at 12:51:53.657
starting worker pid=3964 on localhost:11182 at 12:51:53.664
starting worker pid=3963 on localhost:11182 at 12:51:53.664
starting worker pid=3960 on localhost:11182 at 12:51:53.666
starting worker pid=3966 on localhost:11182 at 12:51:53.668
starting worker pid=3969 on localhost:11182 at 12:51:53.680
2023-01-28 13:03:56 INFO::After iteration 11, priors {SNP,gene}: {0.00171890656058108,0.00658792617657102}
2023-01-28 13:03:56 INFO::run iteration 12
starting worker pid=15062 on localhost:11182 at 13:03:56.819
starting worker pid=15059 on localhost:11182 at 13:03:56.819
starting worker pid=15061 on localhost:11182 at 13:03:56.819
starting worker pid=15060 on localhost:11182 at 13:03:56.819
starting worker pid=15064 on localhost:11182 at 13:03:56.820
starting worker pid=15057 on localhost:11182 at 13:03:56.820
starting worker pid=15066 on localhost:11182 at 13:03:56.820
starting worker pid=15063 on localhost:11182 at 13:03:56.820
starting worker pid=15058 on localhost:11182 at 13:03:56.820
starting worker pid=15065 on localhost:11182 at 13:03:56.820
2023-01-28 13:15:57 INFO::After iteration 12, priors {SNP,gene}: {0.00171758890306173,0.00659913788310179}
2023-01-28 13:15:58 INFO::run iteration 13
starting worker pid=27524 on localhost:11182 at 13:15:58.690
starting worker pid=27525 on localhost:11182 at 13:15:58.690
starting worker pid=27531 on localhost:11182 at 13:15:58.690
starting worker pid=27533 on localhost:11182 at 13:15:58.690
starting worker pid=27526 on localhost:11182 at 13:15:58.691
starting worker pid=27534 on localhost:11182 at 13:15:58.691
starting worker pid=27530 on localhost:11182 at 13:15:58.691
starting worker pid=27527 on localhost:11182 at 13:15:58.692
starting worker pid=27532 on localhost:11182 at 13:15:58.693
starting worker pid=27529 on localhost:11182 at 13:15:58.693
2023-01-28 13:28:03 INFO::After iteration 13, priors {SNP,gene}: {0.00171652763595131,0.00660746979162484}
2023-01-28 13:28:04 INFO::run iteration 14
starting worker pid=39013 on localhost:11182 at 13:28:05.012
starting worker pid=39010 on localhost:11182 at 13:28:05.012
starting worker pid=39009 on localhost:11182 at 13:28:05.012
starting worker pid=39008 on localhost:11182 at 13:28:05.012
starting worker pid=39016 on localhost:11182 at 13:28:05.012
starting worker pid=39012 on localhost:11182 at 13:28:05.012
starting worker pid=39011 on localhost:11182 at 13:28:05.021
starting worker pid=39015 on localhost:11182 at 13:28:05.021
starting worker pid=39007 on localhost:11182 at 13:28:05.023
starting worker pid=39014 on localhost:11182 at 13:28:05.023
2023-01-28 13:40:14 INFO::After iteration 14, priors {SNP,gene}: {0.00171568729407729,0.00661375148673801}
2023-01-28 13:40:14 INFO::run iteration 15
starting worker pid=48461 on localhost:11182 at 13:40:14.825
starting worker pid=48453 on localhost:11182 at 13:40:14.825
starting worker pid=48455 on localhost:11182 at 13:40:14.825
starting worker pid=48460 on localhost:11182 at 13:40:14.839
starting worker pid=48457 on localhost:11182 at 13:40:14.841
starting worker pid=48458 on localhost:11182 at 13:40:14.841
starting worker pid=48452 on localhost:11182 at 13:40:14.841
starting worker pid=48454 on localhost:11182 at 13:40:14.842
starting worker pid=48456 on localhost:11182 at 13:40:14.842
starting worker pid=48459 on localhost:11182 at 13:40:14.842
2023-01-28 13:52:28 INFO::After iteration 15, priors {SNP,gene}: {0.00171502841675134,0.00661853167609228}
2023-01-28 13:52:28 INFO::run iteration 16
starting worker pid=4118 on localhost:11182 at 13:52:28.744
starting worker pid=4120 on localhost:11182 at 13:52:28.745
starting worker pid=4116 on localhost:11182 at 13:52:28.745
starting worker pid=4117 on localhost:11182 at 13:52:28.745
starting worker pid=4124 on localhost:11182 at 13:52:28.745
starting worker pid=4123 on localhost:11182 at 13:52:28.748
starting worker pid=4121 on localhost:11182 at 13:52:28.750
starting worker pid=4125 on localhost:11182 at 13:52:28.750
starting worker pid=4122 on localhost:11182 at 13:52:28.750
starting worker pid=4119 on localhost:11182 at 13:52:28.768
2023-01-28 14:04:38 INFO::After iteration 16, priors {SNP,gene}: {0.00171451482168527,0.00662219065187696}
2023-01-28 14:04:38 INFO::run iteration 17
starting worker pid=15092 on localhost:11182 at 14:04:38.932
starting worker pid=15087 on localhost:11182 at 14:04:38.934
starting worker pid=15093 on localhost:11182 at 14:04:38.934
starting worker pid=15091 on localhost:11182 at 14:04:38.935
starting worker pid=15088 on localhost:11182 at 14:04:38.935
starting worker pid=15094 on localhost:11182 at 14:04:38.935
starting worker pid=15095 on localhost:11182 at 14:04:38.935
starting worker pid=15086 on localhost:11182 at 14:04:38.935
starting worker pid=15090 on localhost:11182 at 14:04:38.935
starting worker pid=15089 on localhost:11182 at 14:04:38.935
2023-01-28 14:16:54 INFO::After iteration 17, priors {SNP,gene}: {0.00171411586886755,0.00662500163147675}
2023-01-28 14:16:54 INFO::run iteration 18
starting worker pid=28335 on localhost:11182 at 14:16:55.077
starting worker pid=28337 on localhost:11182 at 14:16:55.088
starting worker pid=28343 on localhost:11182 at 14:16:55.108
starting worker pid=28342 on localhost:11182 at 14:16:55.109
starting worker pid=28338 on localhost:11182 at 14:16:55.113
starting worker pid=28336 on localhost:11182 at 14:16:55.113
starting worker pid=28340 on localhost:11182 at 14:16:55.126
starting worker pid=28339 on localhost:11182 at 14:16:55.128
starting worker pid=28334 on localhost:11182 at 14:16:55.129
starting worker pid=28341 on localhost:11182 at 14:16:55.134
2023-01-28 14:29:04 INFO::After iteration 18, priors {SNP,gene}: {0.00171380661951979,0.00662716600205436}
2023-01-28 14:29:04 INFO::run iteration 19
starting worker pid=38329 on localhost:11182 at 14:29:05.437
starting worker pid=38328 on localhost:11182 at 14:29:05.438
starting worker pid=38324 on localhost:11182 at 14:29:05.438
starting worker pid=38330 on localhost:11182 at 14:29:05.439
starting worker pid=38331 on localhost:11182 at 14:29:05.439
starting worker pid=38333 on localhost:11182 at 14:29:05.439
starting worker pid=38326 on localhost:11182 at 14:29:05.440
starting worker pid=38332 on localhost:11182 at 14:29:05.447
starting worker pid=38325 on localhost:11182 at 14:29:05.454
starting worker pid=38327 on localhost:11182 at 14:29:05.456
2023-01-28 14:41:18 INFO::After iteration 19, priors {SNP,gene}: {0.00171356720892951,0.00662883479631154}
2023-01-28 14:41:19 INFO::run iteration 20
starting worker pid=50597 on localhost:11182 at 14:41:19.515
starting worker pid=50592 on localhost:11182 at 14:41:19.515
starting worker pid=50598 on localhost:11182 at 14:41:19.515
starting worker pid=50591 on localhost:11182 at 14:41:19.515
starting worker pid=50593 on localhost:11182 at 14:41:19.515
starting worker pid=50596 on localhost:11182 at 14:41:19.526
starting worker pid=50589 on localhost:11182 at 14:41:19.527
starting worker pid=50595 on localhost:11182 at 14:41:19.528
starting worker pid=50594 on localhost:11182 at 14:41:19.529
starting worker pid=50590 on localhost:11182 at 14:41:19.532
2023-01-28 14:53:28 INFO::After iteration 20, priors {SNP,gene}: {0.00171338200814798,0.00663012256462302}
2023-01-28 14:53:29 INFO::run iteration 21
starting worker pid=4286 on localhost:11182 at 14:53:29.738
starting worker pid=4278 on localhost:11182 at 14:53:29.738
starting worker pid=4282 on localhost:11182 at 14:53:29.739
starting worker pid=4277 on localhost:11182 at 14:53:29.740
starting worker pid=4280 on localhost:11182 at 14:53:29.740
starting worker pid=4284 on localhost:11182 at 14:53:29.740
starting worker pid=4281 on localhost:11182 at 14:53:29.740
starting worker pid=4285 on localhost:11182 at 14:53:29.740
starting worker pid=4279 on localhost:11182 at 14:53:29.740
starting worker pid=4283 on localhost:11182 at 14:53:29.740
2023-01-28 15:05:37 INFO::After iteration 21, priors {SNP,gene}: {0.00171323880950327,0.00663111680938571}
2023-01-28 15:05:37 INFO::run iteration 22
starting worker pid=13317 on localhost:11182 at 15:05:37.961
starting worker pid=13318 on localhost:11182 at 15:05:37.961
starting worker pid=13315 on localhost:11182 at 15:05:37.964
starting worker pid=13314 on localhost:11182 at 15:05:37.964
starting worker pid=13319 on localhost:11182 at 15:05:37.965
starting worker pid=13311 on localhost:11182 at 15:05:37.965
starting worker pid=13313 on localhost:11182 at 15:05:37.965
starting worker pid=13320 on localhost:11182 at 15:05:37.966
starting worker pid=13312 on localhost:11182 at 15:05:37.967
starting worker pid=13316 on localhost:11182 at 15:05:37.967
2023-01-28 15:17:44 INFO::After iteration 22, priors {SNP,gene}: {0.00171312811869156,0.00663188466964667}
2023-01-28 15:17:44 INFO::run iteration 23
starting worker pid=22156 on localhost:11182 at 15:17:44.720
starting worker pid=22154 on localhost:11182 at 15:17:44.721
starting worker pid=22151 on localhost:11182 at 15:17:44.721
starting worker pid=22152 on localhost:11182 at 15:17:44.721
starting worker pid=22157 on localhost:11182 at 15:17:44.722
starting worker pid=22155 on localhost:11182 at 15:17:44.722
starting worker pid=22153 on localhost:11182 at 15:17:44.722
starting worker pid=22158 on localhost:11182 at 15:17:44.722
starting worker pid=22159 on localhost:11182 at 15:17:44.722
starting worker pid=22160 on localhost:11182 at 15:17:44.722
2023-01-28 15:29:52 INFO::After iteration 23, priors {SNP,gene}: {0.00171304257079002,0.00663247780152691}
2023-01-28 15:29:52 INFO::run iteration 24
starting worker pid=32731 on localhost:11182 at 15:29:53.396
starting worker pid=32733 on localhost:11182 at 15:29:53.397
starting worker pid=32724 on localhost:11182 at 15:29:53.397
starting worker pid=32727 on localhost:11182 at 15:29:53.397
starting worker pid=32725 on localhost:11182 at 15:29:53.397
starting worker pid=32732 on localhost:11182 at 15:29:53.398
starting worker pid=32729 on localhost:11182 at 15:29:53.398
starting worker pid=32728 on localhost:11182 at 15:29:53.398
starting worker pid=32730 on localhost:11182 at 15:29:53.398
starting worker pid=32726 on localhost:11182 at 15:29:53.398
2023-01-28 15:42:03 INFO::After iteration 24, priors {SNP,gene}: {0.00171297646160973,0.00663293601552161}
2023-01-28 15:42:04 INFO::run iteration 25
starting worker pid=43404 on localhost:11182 at 15:42:04.679
starting worker pid=43409 on localhost:11182 at 15:42:04.679
starting worker pid=43411 on localhost:11182 at 15:42:04.679
starting worker pid=43403 on localhost:11182 at 15:42:04.679
starting worker pid=43406 on localhost:11182 at 15:42:04.680
starting worker pid=43402 on localhost:11182 at 15:42:04.680
starting worker pid=43405 on localhost:11182 at 15:42:04.680
starting worker pid=43410 on localhost:11182 at 15:42:04.680
starting worker pid=43408 on localhost:11182 at 15:42:04.680
starting worker pid=43407 on localhost:11182 at 15:42:04.680
2023-01-28 15:54:13 INFO::After iteration 25, priors {SNP,gene}: {0.00171292537739474,0.00663329002426672}
2023-01-28 15:54:13 INFO::run iteration 26
starting worker pid=54048 on localhost:11182 at 15:54:14.223
starting worker pid=54055 on localhost:11182 at 15:54:14.235
starting worker pid=54052 on localhost:11182 at 15:54:14.243
starting worker pid=54049 on localhost:11182 at 15:54:14.250
starting worker pid=54054 on localhost:11182 at 15:54:14.251
starting worker pid=54053 on localhost:11182 at 15:54:14.260
starting worker pid=54051 on localhost:11182 at 15:54:14.266
starting worker pid=54050 on localhost:11182 at 15:54:14.272
starting worker pid=54056 on localhost:11182 at 15:54:14.272
starting worker pid=54047 on localhost:11182 at 15:54:14.277
2023-01-28 16:06:25 INFO::After iteration 26, priors {SNP,gene}: {0.00171288590485299,0.00663356353633054}
2023-01-28 16:06:26 INFO::run iteration 27
starting worker pid=9197 on localhost:11182 at 16:06:26.487
starting worker pid=9198 on localhost:11182 at 16:06:26.513
starting worker pid=9195 on localhost:11182 at 16:06:26.520
starting worker pid=9194 on localhost:11182 at 16:06:26.527
starting worker pid=9191 on localhost:11182 at 16:06:26.529
starting worker pid=9200 on localhost:11182 at 16:06:26.531
starting worker pid=9196 on localhost:11182 at 16:06:26.531
starting worker pid=9192 on localhost:11182 at 16:06:26.539
starting worker pid=9199 on localhost:11182 at 16:06:26.540
starting worker pid=9193 on localhost:11182 at 16:06:26.544
2023-01-28 16:18:38 INFO::After iteration 27, priors {SNP,gene}: {0.0017128554053,0.00663377486033081}
2023-01-28 16:18:38 INFO::run iteration 28
starting worker pid=21943 on localhost:11182 at 16:18:39.220
starting worker pid=21942 on localhost:11182 at 16:18:39.228
starting worker pid=21938 on localhost:11182 at 16:18:39.229
starting worker pid=21946 on localhost:11182 at 16:18:39.234
starting worker pid=21940 on localhost:11182 at 16:18:39.236
starting worker pid=21944 on localhost:11182 at 16:18:39.248
starting worker pid=21939 on localhost:11182 at 16:18:39.249
starting worker pid=21947 on localhost:11182 at 16:18:39.258
starting worker pid=21941 on localhost:11182 at 16:18:39.259
starting worker pid=21945 on localhost:11182 at 16:18:39.261
2023-01-28 16:30:51 INFO::After iteration 28, priors {SNP,gene}: {0.00171283183930061,0.00663393813801074}
2023-01-28 16:30:51 INFO::run iteration 29
starting worker pid=30687 on localhost:11182 at 16:30:51.947
starting worker pid=30688 on localhost:11182 at 16:30:51.963
starting worker pid=30690 on localhost:11182 at 16:30:51.972
starting worker pid=30683 on localhost:11182 at 16:30:51.986
starting worker pid=30686 on localhost:11182 at 16:30:51.986
starting worker pid=30685 on localhost:11182 at 16:30:51.987
starting worker pid=30684 on localhost:11182 at 16:30:51.990
starting worker pid=30689 on localhost:11182 at 16:30:51.991
starting worker pid=30691 on localhost:11182 at 16:30:51.994
starting worker pid=30692 on localhost:11182 at 16:30:52.005
2023-01-28 16:43:04 INFO::After iteration 29, priors {SNP,gene}: {0.00171281363077968,0.00663406429403884}
2023-01-28 16:43:05 INFO::run iteration 30
starting worker pid=31903 on localhost:11182 at 16:43:05.501
starting worker pid=31905 on localhost:11182 at 16:43:05.501
starting worker pid=31910 on localhost:11182 at 16:43:05.501
starting worker pid=31904 on localhost:11182 at 16:43:05.501
starting worker pid=31907 on localhost:11182 at 16:43:05.503
starting worker pid=31911 on localhost:11182 at 16:43:05.505
starting worker pid=31908 on localhost:11182 at 16:43:05.511
starting worker pid=31909 on localhost:11182 at 16:43:05.516
starting worker pid=31906 on localhost:11182 at 16:43:05.519
starting worker pid=31902 on localhost:11182 at 16:43:05.525
2023-01-28 16:55:15 INFO::After iteration 30, priors {SNP,gene}: {0.0017127995618405,0.0066341617685205}
2023-01-28 16:55:15 INFO::Run susie for all regions.
2023-01-28 16:55:15 INFO::run iteration 1
starting worker pid=33065 on localhost:11182 at 16:55:16.158
starting worker pid=33069 on localhost:11182 at 16:55:16.158
starting worker pid=33070 on localhost:11182 at 16:55:16.158
starting worker pid=33067 on localhost:11182 at 16:55:16.158
starting worker pid=33064 on localhost:11182 at 16:55:16.159
starting worker pid=33071 on localhost:11182 at 16:55:16.159
starting worker pid=33063 on localhost:11182 at 16:55:16.159
starting worker pid=33072 on localhost:11182 at 16:55:16.159
starting worker pid=33066 on localhost:11182 at 16:55:16.159
starting worker pid=33068 on localhost:11182 at 16:55:16.159
2023-01-28 17:15:06 INFO::After iteration 1, priors {SNP,gene}: {0.00644712870215674,0.0188636964452296}
2023-01-28 17:15:06 INFO::No. LD regions: 1700
2023-01-28 17:15:13 INFO::No. regions with at least one SNP/gene for chr1: 131
2023-01-28 17:15:13 INFO::Merge regions for chr1
2023-01-28 17:15:13 INFO::No. regions with at least one SNP/gene for chr1 after merging: 131
2023-01-28 17:15:19 INFO::No. regions with at least one SNP/gene for chr2: 144
2023-01-28 17:15:19 INFO::Merge regions for chr2
2023-01-28 17:15:19 INFO::No. regions with at least one SNP/gene for chr2 after merging: 144
2023-01-28 17:15:24 INFO::No. regions with at least one SNP/gene for chr3: 122
2023-01-28 17:15:24 INFO::Merge regions for chr3
2023-01-28 17:15:24 INFO::No. regions with at least one SNP/gene for chr3 after merging: 122
2023-01-28 17:15:30 INFO::No. regions with at least one SNP/gene for chr4: 122
2023-01-28 17:15:30 INFO::Merge regions for chr4
2023-01-28 17:15:30 INFO::No. regions with at least one SNP/gene for chr4 after merging: 122
2023-01-28 17:15:34 INFO::No. regions with at least one SNP/gene for chr5: 110
2023-01-28 17:15:34 INFO::Merge regions for chr5
2023-01-28 17:15:34 INFO::No. regions with at least one SNP/gene for chr5 after merging: 110
2023-01-28 17:15:40 INFO::No. regions with at least one SNP/gene for chr6: 112
2023-01-28 17:15:40 INFO::Merge regions for chr6
2023-01-28 17:15:40 INFO::No. regions with at least one SNP/gene for chr6 after merging: 112
2023-01-28 17:15:43 INFO::No. regions with at least one SNP/gene for chr7: 99
2023-01-28 17:15:43 INFO::Merge regions for chr7
2023-01-28 17:15:43 INFO::No. regions with at least one SNP/gene for chr7 after merging: 99
2023-01-28 17:15:48 INFO::No. regions with at least one SNP/gene for chr8: 94
2023-01-28 17:15:48 INFO::Merge regions for chr8
2023-01-28 17:15:48 INFO::No. regions with at least one SNP/gene for chr8 after merging: 94
2023-01-28 17:15:50 INFO::No. regions with at least one SNP/gene for chr9: 74
2023-01-28 17:15:50 INFO::Merge regions for chr9
2023-01-28 17:15:50 INFO::No. regions with at least one SNP/gene for chr9 after merging: 74
2023-01-28 17:15:55 INFO::No. regions with at least one SNP/gene for chr10: 85
2023-01-28 17:15:55 INFO::Merge regions for chr10
2023-01-28 17:15:55 INFO::No. regions with at least one SNP/gene for chr10 after merging: 85
2023-01-28 17:15:58 INFO::No. regions with at least one SNP/gene for chr11: 84
2023-01-28 17:15:58 INFO::Merge regions for chr11
2023-01-28 17:15:58 INFO::No. regions with at least one SNP/gene for chr11 after merging: 84
2023-01-28 17:16:02 INFO::No. regions with at least one SNP/gene for chr12: 82
2023-01-28 17:16:02 INFO::Merge regions for chr12
2023-01-28 17:16:02 INFO::No. regions with at least one SNP/gene for chr12 after merging: 82
2023-01-28 17:16:04 INFO::No. regions with at least one SNP/gene for chr13: 62
2023-01-28 17:16:04 INFO::Merge regions for chr13
2023-01-28 17:16:04 INFO::No. regions with at least one SNP/gene for chr13 after merging: 62
2023-01-28 17:16:07 INFO::No. regions with at least one SNP/gene for chr14: 56
2023-01-28 17:16:07 INFO::Merge regions for chr14
2023-01-28 17:16:07 INFO::No. regions with at least one SNP/gene for chr14 after merging: 56
2023-01-28 17:16:10 INFO::No. regions with at least one SNP/gene for chr15: 50
2023-01-28 17:16:10 INFO::Merge regions for chr15
2023-01-28 17:16:10 INFO::No. regions with at least one SNP/gene for chr15 after merging: 50
2023-01-28 17:16:13 INFO::No. regions with at least one SNP/gene for chr16: 54
2023-01-28 17:16:13 INFO::Merge regions for chr16
2023-01-28 17:16:13 INFO::No. regions with at least one SNP/gene for chr16 after merging: 54
2023-01-28 17:16:14 INFO::No. regions with at least one SNP/gene for chr17: 47
2023-01-28 17:16:14 INFO::Merge regions for chr17
2023-01-28 17:16:14 INFO::No. regions with at least one SNP/gene for chr17 after merging: 47
2023-01-28 17:16:17 INFO::No. regions with at least one SNP/gene for chr18: 47
2023-01-28 17:16:17 INFO::Merge regions for chr18
2023-01-28 17:16:17 INFO::No. regions with at least one SNP/gene for chr18 after merging: 47
2023-01-28 17:16:20 INFO::No. regions with at least one SNP/gene for chr19: 39
2023-01-28 17:16:20 INFO::Merge regions for chr19
2023-01-28 17:16:20 INFO::No. regions with at least one SNP/gene for chr19 after merging: 39
2023-01-28 17:16:22 INFO::No. regions with at least one SNP/gene for chr20: 38
2023-01-28 17:16:22 INFO::Merge regions for chr20
2023-01-28 17:16:22 INFO::No. regions with at least one SNP/gene for chr20 after merging: 38
2023-01-28 17:16:23 INFO::No. regions with at least one SNP/gene for chr21: 24
2023-01-28 17:16:23 INFO::Merge regions for chr21
2023-01-28 17:16:23 INFO::No. regions with at least one SNP/gene for chr21 after merging: 24
2023-01-28 17:16:24 INFO::No. regions with at least one SNP/gene for chr22: 24
2023-01-28 17:16:24 INFO::Merge regions for chr22
2023-01-28 17:16:24 INFO::No. regions with at least one SNP/gene for chr22 after merging: 24
2023-01-28 17:16:24 INFO::Trim regions with SNPs more than 20000
2023-01-28 17:16:24 INFO::Adding R matrix info, as genotype is not given
2023-01-28 17:16:25 INFO::Adding R matrix info for chrom 1
2023-01-28 17:43:09 INFO::Adding R matrix info for chrom 2
2023-01-28 18:07:39 INFO::Adding R matrix info for chrom 3
2023-01-28 18:24:20 INFO::Adding R matrix info for chrom 4
2023-01-28 18:39:43 INFO::Adding R matrix info for chrom 5
2023-01-28 18:56:17 INFO::Adding R matrix info for chrom 6
2023-01-28 19:18:12 INFO::Adding R matrix info for chrom 7
2023-01-28 19:35:17 INFO::Adding R matrix info for chrom 8
2023-01-28 19:50:23 INFO::Adding R matrix info for chrom 9
2023-01-28 20:00:16 INFO::Adding R matrix info for chrom 10
2023-01-28 20:16:13 INFO::Adding R matrix info for chrom 11
2023-01-28 20:33:59 INFO::Adding R matrix info for chrom 12
2023-01-28 20:48:25 INFO::Adding R matrix info for chrom 13
2023-01-28 20:56:40 INFO::Adding R matrix info for chrom 14
2023-01-28 21:06:59 INFO::Adding R matrix info for chrom 15
2023-01-28 21:16:02 INFO::Adding R matrix info for chrom 16
2023-01-28 21:28:16 INFO::Adding R matrix info for chrom 17
2023-01-28 21:42:35 INFO::Adding R matrix info for chrom 18
2023-01-28 21:49:13 INFO::Adding R matrix info for chrom 19
2023-01-28 22:01:42 INFO::Adding R matrix info for chrom 20
2023-01-28 22:10:14 INFO::Adding R matrix info for chrom 21
2023-01-28 22:14:26 INFO::Adding R matrix info for chrom 22
2023-01-28 22:23:53 INFO::Number of regions that contain strong gene signals: 100
2023-01-28 22:23:53 INFO::Rerun susie for regions with strong gene signals using full SNPs.
2023-01-28 22:23:53 INFO::run iteration 1
starting worker pid=4338 on localhost:11182 at 22:23:54.860
2023-01-28 23:01:03 INFO::After iteration 1, priors {SNP,gene}: {0.000642919887064262,0.0159964957367489}
$group_prior
        SNP        gene 
0.000171280 0.006634162 

$group_prior_var
     SNP     gene 
19.58849 29.07728 

R version 4.1.0 (2021-05-18)
Platform: x86_64-pc-linux-gnu (64-bit)
Running under: CentOS Linux 7 (Core)

Matrix products: default
BLAS/LAPACK: /software/openblas-0.3.13-el7-x86_64/lib/libopenblas_haswellp-r0.3.13.so

locale:
[1] C

attached base packages:
[1] stats     graphics  grDevices utils     datasets  methods   base     

other attached packages:
[1] data.table_1.14.6 ctwas_0.1.35     

loaded via a namespace (and not attached):
 [1] Rcpp_1.0.9        compiler_4.1.0    pillar_1.8.1      iterators_1.0.14 
 [5] tools_4.1.0       bit_4.0.5         RSQLite_2.2.19    memoise_2.0.1    
 [9] lifecycle_1.0.3   tibble_3.1.8      lattice_0.20-44   pkgconfig_2.0.3  
[13] rlang_1.0.6       Matrix_1.3-3      foreach_1.5.2     DBI_1.1.3        
[17] cli_3.4.1         parallel_4.1.0    fastmap_1.1.0     pgenlibr_0.3.2   
[21] vctrs_0.5.1       hms_1.1.2         bit64_4.0.5       grid_4.1.0       
[25] glue_1.6.2        R6_2.5.1          fansi_1.0.3       readr_2.1.3      
[29] tzdb_0.3.0        blob_1.2.3        magrittr_2.0.3    codetools_0.2-18 
[33] ellipsis_0.3.2    logging_0.10-108  utf8_1.2.2        doParallel_1.0.17
[37] cachem_1.0.6      crayon_1.5.2     
