Loading required package: ctwas
Loading required package: ctwas
Loading required package: ctwas
Loading required package: ctwas
Loading required package: ctwas
loaded ctwas and set parent environment
loaded ctwas and set parent environment
loaded ctwas and set parent environment
loaded ctwas and set parent environment
loaded ctwas and set parent environment
Loading required package: ctwas
loaded ctwas and set parent environment
Loading required package: ctwas
loaded ctwas and set parent environment
Loading required package: ctwas
loaded ctwas and set parent environment
Loading required package: ctwas
loaded ctwas and set parent environment
Loading required package: ctwas
loaded ctwas and set parent environment
Loading required package: ctwas
loaded ctwas and set parent environment
Loading required package: ctwas
loaded ctwas and set parent environment
Loading required package: ctwas
loaded ctwas and set parent environment
Loading required package: ctwas
loaded ctwas and set parent environment
Loading required package: ctwas
loaded ctwas and set parent environment
Loading required package: ctwas
Loading required package: ctwas
loaded ctwas and set parent environment
loaded ctwas and set parent environment
Loading required package: ctwas
loaded ctwas and set parent environment
Loading required package: ctwas
loaded ctwas and set parent environment
Loading required package: ctwas
loaded ctwas and set parent environment
Error in unserialize(socklist[[n]]) : error reading from connection
Calls: ctwas_rss ... recvOneData -> recvOneData.SOCKcluster -> unserialize
Execution halted
