[1] "/project2/xinhe/shengqian/cTWAS/cTWAS_analysis/data/UKBB/LB.txt"              
[2] "/project2/mstephens/wcrouse/UKB_LDR_0.1"                                      
[3] "/project2/compbio/predictdb/mashr_models/mashr_Heart_Atrial_Appendage.db"     
[4] "/project2/xinhe/shengqian/cTWAS/cTWAS_analysis/code/ctwas_config_b38.R"       
[5] "LB_Heart_Atrial_Appendage_expr"                                               
[6] "LB_Heart_Atrial_Appendage_ctwas"                                              
[7] "/project2/xinhe/shengqian/cTWAS/cTWAS_analysis/data/LB/Heart_Atrial_Appendage"
[1] "skip parameter estimation"
[1] "start fine mapping"
2023-09-05 11:09:27 INFO::ctwas started ...
2023-09-05 11:11:14 INFO::LD region file: /home/shengqian/R/x86_64-pc-linux-gnu-library/4.1/ctwas/extdata/ldetect/EUR.b38.bed
2023-09-05 11:11:20 INFO::No. LD regions: 1700
2023-09-05 11:11:27 INFO::No. regions with at least one SNP/gene for chr1: 130
2023-09-05 11:11:27 INFO::No. regions with at least one SNP/gene for chr1 after merging: 130
2023-09-05 11:11:34 INFO::No. regions with at least one SNP/gene for chr2: 143
2023-09-05 11:11:34 INFO::No. regions with at least one SNP/gene for chr2 after merging: 143
2023-09-05 11:11:40 INFO::No. regions with at least one SNP/gene for chr3: 122
2023-09-05 11:11:40 INFO::No. regions with at least one SNP/gene for chr3 after merging: 122
2023-09-05 11:11:47 INFO::No. regions with at least one SNP/gene for chr4: 122
2023-09-05 11:11:47 INFO::No. regions with at least one SNP/gene for chr4 after merging: 122
2023-09-05 11:11:51 INFO::No. regions with at least one SNP/gene for chr5: 110
2023-09-05 11:11:51 INFO::No. regions with at least one SNP/gene for chr5 after merging: 110
2023-09-05 11:11:57 INFO::No. regions with at least one SNP/gene for chr6: 112
2023-09-05 11:11:57 INFO::No. regions with at least one SNP/gene for chr6 after merging: 112
2023-09-05 11:12:02 INFO::No. regions with at least one SNP/gene for chr7: 98
2023-09-05 11:12:02 INFO::No. regions with at least one SNP/gene for chr7 after merging: 98
2023-09-05 11:12:07 INFO::No. regions with at least one SNP/gene for chr8: 94
2023-09-05 11:12:07 INFO::No. regions with at least one SNP/gene for chr8 after merging: 94
2023-09-05 11:12:10 INFO::No. regions with at least one SNP/gene for chr9: 74
2023-09-05 11:12:10 INFO::No. regions with at least one SNP/gene for chr9 after merging: 74
2023-09-05 11:12:15 INFO::No. regions with at least one SNP/gene for chr10: 85
2023-09-05 11:12:15 INFO::No. regions with at least one SNP/gene for chr10 after merging: 85
2023-09-05 11:12:19 INFO::No. regions with at least one SNP/gene for chr11: 84
2023-09-05 11:12:19 INFO::No. regions with at least one SNP/gene for chr11 after merging: 84
2023-09-05 11:12:23 INFO::No. regions with at least one SNP/gene for chr12: 82
2023-09-05 11:12:23 INFO::No. regions with at least one SNP/gene for chr12 after merging: 82
2023-09-05 11:12:26 INFO::No. regions with at least one SNP/gene for chr13: 62
2023-09-05 11:12:26 INFO::No. regions with at least one SNP/gene for chr13 after merging: 62
2023-09-05 11:12:28 INFO::No. regions with at least one SNP/gene for chr14: 56
2023-09-05 11:12:28 INFO::No. regions with at least one SNP/gene for chr14 after merging: 56
2023-09-05 11:12:30 INFO::No. regions with at least one SNP/gene for chr15: 50
2023-09-05 11:12:30 INFO::No. regions with at least one SNP/gene for chr15 after merging: 50
2023-09-05 11:12:33 INFO::No. regions with at least one SNP/gene for chr16: 54
2023-09-05 11:12:33 INFO::No. regions with at least one SNP/gene for chr16 after merging: 54
2023-09-05 11:12:35 INFO::No. regions with at least one SNP/gene for chr17: 47
2023-09-05 11:12:35 INFO::No. regions with at least one SNP/gene for chr17 after merging: 47
2023-09-05 11:12:36 INFO::No. regions with at least one SNP/gene for chr18: 47
2023-09-05 11:12:36 INFO::No. regions with at least one SNP/gene for chr18 after merging: 47
2023-09-05 11:12:37 INFO::No. regions with at least one SNP/gene for chr19: 39
2023-09-05 11:12:37 INFO::No. regions with at least one SNP/gene for chr19 after merging: 39
2023-09-05 11:12:38 INFO::No. regions with at least one SNP/gene for chr20: 38
2023-09-05 11:12:38 INFO::No. regions with at least one SNP/gene for chr20 after merging: 38
2023-09-05 11:12:39 INFO::No. regions with at least one SNP/gene for chr21: 24
2023-09-05 11:12:39 INFO::No. regions with at least one SNP/gene for chr21 after merging: 24
2023-09-05 11:12:40 INFO::No. regions with at least one SNP/gene for chr22: 24
2023-09-05 11:12:40 INFO::No. regions with at least one SNP/gene for chr22 after merging: 24
2023-09-05 11:12:40 INFO::Trim regions with SNPs more than Inf
2023-09-05 11:12:40 INFO::Adding R matrix info, as genotype is not given
starting worker pid=5176 on localhost:11359 at 11:12:41.241
starting worker pid=5174 on localhost:11359 at 11:12:41.241
starting worker pid=5173 on localhost:11359 at 11:12:41.241
starting worker pid=5177 on localhost:11359 at 11:12:41.241
starting worker pid=5175 on localhost:11359 at 11:12:41.252
2023-09-05 11:12:44 INFO::Adding R matrix info for chrom 14 (core 5)
2023-09-05 11:12:44 INFO::Adding R matrix info for chrom 3 (core 2)
2023-09-05 11:12:44 INFO::Adding R matrix info for chrom 6 (core 3)
2023-09-05 11:12:44 INFO::Adding R matrix info for chrom 10 (core 4)
2023-09-05 11:12:44 INFO::Adding R matrix info for chrom 1 (core 1)
2023-09-05 11:14:53 INFO::Adding R matrix info for chrom 15 (core 5)
2023-09-05 11:20:47 INFO::Adding R matrix info for chrom 7 (core 3)
2023-09-05 11:20:50 INFO::Adding R matrix info for chrom 16 (core 5)
2023-09-05 11:21:06 INFO::Adding R matrix info for chrom 4 (core 2)
2023-09-05 11:22:14 INFO::Adding R matrix info for chrom 11 (core 4)
2023-09-05 11:26:08 INFO::Adding R matrix info for chrom 17 (core 5)
2023-09-05 11:31:15 INFO::Adding R matrix info for chrom 2 (core 1)
2023-09-05 11:33:20 INFO::Adding R matrix info for chrom 12 (core 4)
2023-09-05 11:33:35 INFO::Adding R matrix info for chrom 18 (core 5)
2023-09-05 11:36:01 INFO::Adding R matrix info for chrom 8 (core 3)
2023-09-05 11:39:58 INFO::Adding R matrix info for chrom 19 (core 5)
2023-09-05 11:41:49 INFO::Adding R matrix info for chrom 5 (core 2)
2023-09-05 11:44:22 INFO::Adding R matrix info for chrom 13 (core 4)
2023-09-05 11:46:07 INFO::Adding R matrix info for chrom 20 (core 5)
2023-09-05 11:51:39 INFO::Adding R matrix info for chrom 9 (core 3)
2023-09-05 11:51:43 INFO::Adding R matrix info for chrom 14 (core 4)
2023-09-05 11:52:14 INFO::Adding R matrix info for chrom 21 (core 5)
2023-09-05 11:53:07 INFO::Adding R matrix info for chrom 3 (core 1)
2023-09-05 11:55:04 INFO::Adding R matrix info for chrom 22 (core 5)
2023-09-05 12:00:34 INFO::Adding R matrix info for chrom 6 (core 2)
2023-09-05 12:03:28 INFO::Adding R matrix info for chrom 10 (core 3)
2023-09-05 12:09:47 INFO::Run susie for all regions.
2023-09-05 12:09:48 INFO::run iteration 1
starting worker pid=10154 on localhost:11359 at 12:09:49.563
starting worker pid=10153 on localhost:11359 at 12:09:49.563
starting worker pid=10151 on localhost:11359 at 12:09:49.564
starting worker pid=10157 on localhost:11359 at 12:09:49.564
starting worker pid=10150 on localhost:11359 at 12:09:49.564
starting worker pid=10158 on localhost:11359 at 12:09:49.564
starting worker pid=10152 on localhost:11359 at 12:09:49.565
starting worker pid=10155 on localhost:11359 at 12:09:49.565
starting worker pid=10159 on localhost:11359 at 12:09:49.565
starting worker pid=10156 on localhost:11359 at 12:09:49.565
2023-09-05 12:14:42 INFO::No. LD regions: 1700
2023-09-05 12:14:49 INFO::No. regions with at least one SNP/gene for chr1: 130
2023-09-05 12:14:49 INFO::No. regions with at least one SNP/gene for chr1 after merging: 130
2023-09-05 12:14:59 INFO::No. regions with at least one SNP/gene for chr2: 144
2023-09-05 12:14:59 INFO::No. regions with at least one SNP/gene for chr2 after merging: 144
2023-09-05 12:15:07 INFO::No. regions with at least one SNP/gene for chr3: 122
2023-09-05 12:15:07 INFO::No. regions with at least one SNP/gene for chr3 after merging: 122
2023-09-05 12:15:14 INFO::No. regions with at least one SNP/gene for chr4: 122
2023-09-05 12:15:14 INFO::No. regions with at least one SNP/gene for chr4 after merging: 122
2023-09-05 12:15:23 INFO::No. regions with at least one SNP/gene for chr5: 110
2023-09-05 12:15:23 INFO::No. regions with at least one SNP/gene for chr5 after merging: 110
2023-09-05 12:15:31 INFO::No. regions with at least one SNP/gene for chr6: 112
2023-09-05 12:15:31 INFO::No. regions with at least one SNP/gene for chr6 after merging: 112
2023-09-05 12:15:38 INFO::No. regions with at least one SNP/gene for chr7: 99
2023-09-05 12:15:38 INFO::No. regions with at least one SNP/gene for chr7 after merging: 99
2023-09-05 12:15:46 INFO::No. regions with at least one SNP/gene for chr8: 94
2023-09-05 12:15:46 INFO::No. regions with at least one SNP/gene for chr8 after merging: 94
2023-09-05 12:15:50 INFO::No. regions with at least one SNP/gene for chr9: 74
2023-09-05 12:15:50 INFO::No. regions with at least one SNP/gene for chr9 after merging: 74
2023-09-05 12:15:55 INFO::No. regions with at least one SNP/gene for chr10: 85
2023-09-05 12:15:55 INFO::No. regions with at least one SNP/gene for chr10 after merging: 85
2023-09-05 12:15:59 INFO::No. regions with at least one SNP/gene for chr11: 84
2023-09-05 12:15:59 INFO::No. regions with at least one SNP/gene for chr11 after merging: 84
2023-09-05 12:16:03 INFO::No. regions with at least one SNP/gene for chr12: 82
2023-09-05 12:16:03 INFO::No. regions with at least one SNP/gene for chr12 after merging: 82
2023-09-05 12:16:07 INFO::No. regions with at least one SNP/gene for chr13: 62
2023-09-05 12:16:07 INFO::No. regions with at least one SNP/gene for chr13 after merging: 62
2023-09-05 12:16:09 INFO::No. regions with at least one SNP/gene for chr14: 56
2023-09-05 12:16:09 INFO::No. regions with at least one SNP/gene for chr14 after merging: 56
2023-09-05 12:16:12 INFO::No. regions with at least one SNP/gene for chr15: 50
2023-09-05 12:16:12 INFO::No. regions with at least one SNP/gene for chr15 after merging: 50
2023-09-05 12:16:15 INFO::No. regions with at least one SNP/gene for chr16: 54
2023-09-05 12:16:15 INFO::No. regions with at least one SNP/gene for chr16 after merging: 54
2023-09-05 12:16:17 INFO::No. regions with at least one SNP/gene for chr17: 47
2023-09-05 12:16:17 INFO::No. regions with at least one SNP/gene for chr17 after merging: 47
2023-09-05 12:16:18 INFO::No. regions with at least one SNP/gene for chr18: 47
2023-09-05 12:16:18 INFO::No. regions with at least one SNP/gene for chr18 after merging: 47
2023-09-05 12:16:21 INFO::No. regions with at least one SNP/gene for chr19: 39
2023-09-05 12:16:21 INFO::No. regions with at least one SNP/gene for chr19 after merging: 39
2023-09-05 12:16:23 INFO::No. regions with at least one SNP/gene for chr20: 38
2023-09-05 12:16:23 INFO::No. regions with at least one SNP/gene for chr20 after merging: 38
2023-09-05 12:16:24 INFO::No. regions with at least one SNP/gene for chr21: 24
2023-09-05 12:16:24 INFO::No. regions with at least one SNP/gene for chr21 after merging: 24
2023-09-05 12:16:25 INFO::No. regions with at least one SNP/gene for chr22: 24
2023-09-05 12:16:25 INFO::No. regions with at least one SNP/gene for chr22 after merging: 24
2023-09-05 12:16:25 INFO::Trim regions with SNPs more than 20000
2023-09-05 12:16:25 INFO::Adding R matrix info, as genotype is not given
starting worker pid=10883 on localhost:11359 at 12:16:27.829
starting worker pid=10879 on localhost:11359 at 12:16:27.829
starting worker pid=10881 on localhost:11359 at 12:16:27.829
starting worker pid=10882 on localhost:11359 at 12:16:27.829
starting worker pid=10880 on localhost:11359 at 12:16:27.830
2023-09-05 12:16:52 INFO::Adding R matrix info for chrom 14 (core 5)
2023-09-05 12:16:52 INFO::Adding R matrix info for chrom 10 (core 4)
2023-09-05 12:16:52 INFO::Adding R matrix info for chrom 1 (core 1)
2023-09-05 12:16:52 INFO::Adding R matrix info for chrom 3 (core 2)
2023-09-05 12:16:52 INFO::Adding R matrix info for chrom 6 (core 3)
2023-09-05 12:19:16 INFO::Adding R matrix info for chrom 15 (core 5)
2023-09-05 12:25:45 INFO::Adding R matrix info for chrom 7 (core 3)
2023-09-05 12:25:52 INFO::Adding R matrix info for chrom 16 (core 5)
2023-09-05 12:26:16 INFO::Adding R matrix info for chrom 4 (core 2)
2023-09-05 12:27:54 INFO::Adding R matrix info for chrom 11 (core 4)
2023-09-05 12:31:50 INFO::Adding R matrix info for chrom 17 (core 5)
2023-09-05 12:37:31 INFO::Adding R matrix info for chrom 2 (core 1)
2023-09-05 12:40:02 INFO::Adding R matrix info for chrom 18 (core 5)
2023-09-05 12:41:32 INFO::Adding R matrix info for chrom 12 (core 4)
2023-09-05 12:42:37 INFO::Adding R matrix info for chrom 8 (core 3)
2023-09-05 12:47:13 INFO::Adding R matrix info for chrom 19 (core 5)
2023-09-05 12:49:30 INFO::Adding R matrix info for chrom 5 (core 2)
2023-09-05 12:54:05 INFO::Adding R matrix info for chrom 20 (core 5)
2023-09-05 12:55:44 INFO::Adding R matrix info for chrom 13 (core 4)
2023-09-05 12:59:03 INFO::Adding R matrix info for chrom 9 (core 3)
2023-09-05 13:00:52 INFO::Adding R matrix info for chrom 21 (core 5)
2023-09-05 13:01:51 INFO::Adding R matrix info for chrom 3 (core 1)
2023-09-05 13:03:55 INFO::Adding R matrix info for chrom 22 (core 5)
2023-09-05 13:05:24 INFO::Adding R matrix info for chrom 14 (core 4)
2023-09-05 13:05:52 INFO::Adding R matrix info for chrom 6 (core 2)
2023-09-05 13:11:51 INFO::Adding R matrix info for chrom 10 (core 3)
2023-09-05 13:15:55 INFO::Number of regions that contain strong gene signals: 0
$group_prior
         SNP         gene 
3.213421e-05 2.591595e-03 

$group_prior_var
      SNP      gene 
0.6772156 0.5307666 

R version 4.1.0 (2021-05-18)
Platform: x86_64-pc-linux-gnu (64-bit)
Running under: CentOS Linux 7 (Core)

Matrix products: default
BLAS/LAPACK: /software/openblas-0.3.13-el7-x86_64/lib/libopenblas_haswellp-r0.3.13.so

locale:
[1] C

attached base packages:
[1] stats     graphics  grDevices utils     datasets  methods   base     

other attached packages:
[1] data.table_1.14.6 ctwas_0.1.39     

loaded via a namespace (and not attached):
 [1] Rcpp_1.0.9        pgenlibr_0.3.2    magrittr_2.0.3    hms_1.1.2        
 [5] doParallel_1.0.17 lattice_0.20-44   R6_2.5.1          rlang_1.0.6      
 [9] foreach_1.5.2     fansi_1.0.3       tools_4.1.0       parallel_4.1.0   
[13] grid_4.1.0        logging_0.10-108  utf8_1.2.2        cli_3.4.1        
[17] iterators_1.0.14  ellipsis_0.3.2    tibble_3.1.8      lifecycle_1.0.3  
[21] crayon_1.5.2      Matrix_1.3-3      readr_2.1.3       tzdb_0.3.0       
[25] vctrs_0.5.1       codetools_0.2-18  glue_1.6.2        compiler_4.1.0   
[29] pillar_1.8.1      pkgconfig_2.0.3  
