[1] "/project2/xinhe/shengqian/cTWAS/cTWAS_analysis/data/UKBB/LB.txt"       
[2] "/project2/mstephens/wcrouse/UKB_LDR_0.1"                               
[3] "/project2/compbio/predictdb/mashr_models/mashr_Lung.db"                
[4] "/project2/xinhe/shengqian/cTWAS/cTWAS_analysis/code/ctwas_config_b38.R"
[5] "LB_Lung_expr"                                                          
[6] "LB_Lung_ctwas"                                                         
[7] "/project2/xinhe/shengqian/cTWAS/cTWAS_analysis/data/LB/Lung"           
[1] "skip parameter estimation"
[1] "start fine mapping"
2023-09-05 11:11:11 INFO::ctwas started ...
2023-09-05 11:11:53 INFO::LD region file: /home/shengqian/R/x86_64-pc-linux-gnu-library/4.1/ctwas/extdata/ldetect/EUR.b38.bed
2023-09-05 11:11:54 INFO::No. LD regions: 1700
2023-09-05 11:12:01 INFO::No. regions with at least one SNP/gene for chr1: 130
2023-09-05 11:12:01 INFO::No. regions with at least one SNP/gene for chr1 after merging: 130
2023-09-05 11:12:07 INFO::No. regions with at least one SNP/gene for chr2: 143
2023-09-05 11:12:07 INFO::No. regions with at least one SNP/gene for chr2 after merging: 143
2023-09-05 11:12:13 INFO::No. regions with at least one SNP/gene for chr3: 122
2023-09-05 11:12:13 INFO::No. regions with at least one SNP/gene for chr3 after merging: 122
2023-09-05 11:12:20 INFO::No. regions with at least one SNP/gene for chr4: 122
2023-09-05 11:12:20 INFO::No. regions with at least one SNP/gene for chr4 after merging: 122
2023-09-05 11:12:24 INFO::No. regions with at least one SNP/gene for chr5: 110
2023-09-05 11:12:24 INFO::No. regions with at least one SNP/gene for chr5 after merging: 110
2023-09-05 11:12:30 INFO::No. regions with at least one SNP/gene for chr6: 112
2023-09-05 11:12:30 INFO::No. regions with at least one SNP/gene for chr6 after merging: 112
2023-09-05 11:12:35 INFO::No. regions with at least one SNP/gene for chr7: 98
2023-09-05 11:12:35 INFO::No. regions with at least one SNP/gene for chr7 after merging: 98
2023-09-05 11:12:40 INFO::No. regions with at least one SNP/gene for chr8: 94
2023-09-05 11:12:40 INFO::No. regions with at least one SNP/gene for chr8 after merging: 94
2023-09-05 11:12:43 INFO::No. regions with at least one SNP/gene for chr9: 74
2023-09-05 11:12:43 INFO::No. regions with at least one SNP/gene for chr9 after merging: 74
2023-09-05 11:12:48 INFO::No. regions with at least one SNP/gene for chr10: 85
2023-09-05 11:12:48 INFO::No. regions with at least one SNP/gene for chr10 after merging: 85
2023-09-05 11:12:52 INFO::No. regions with at least one SNP/gene for chr11: 84
2023-09-05 11:12:52 INFO::No. regions with at least one SNP/gene for chr11 after merging: 84
2023-09-05 11:12:56 INFO::No. regions with at least one SNP/gene for chr12: 82
2023-09-05 11:12:56 INFO::No. regions with at least one SNP/gene for chr12 after merging: 82
2023-09-05 11:12:58 INFO::No. regions with at least one SNP/gene for chr13: 62
2023-09-05 11:12:58 INFO::No. regions with at least one SNP/gene for chr13 after merging: 62
2023-09-05 11:13:01 INFO::No. regions with at least one SNP/gene for chr14: 56
2023-09-05 11:13:01 INFO::No. regions with at least one SNP/gene for chr14 after merging: 56
2023-09-05 11:13:03 INFO::No. regions with at least one SNP/gene for chr15: 50
2023-09-05 11:13:03 INFO::No. regions with at least one SNP/gene for chr15 after merging: 50
2023-09-05 11:13:06 INFO::No. regions with at least one SNP/gene for chr16: 54
2023-09-05 11:13:06 INFO::No. regions with at least one SNP/gene for chr16 after merging: 54
2023-09-05 11:13:08 INFO::No. regions with at least one SNP/gene for chr17: 47
2023-09-05 11:13:08 INFO::No. regions with at least one SNP/gene for chr17 after merging: 47
2023-09-05 11:13:09 INFO::No. regions with at least one SNP/gene for chr18: 47
2023-09-05 11:13:09 INFO::No. regions with at least one SNP/gene for chr18 after merging: 47
2023-09-05 11:13:10 INFO::No. regions with at least one SNP/gene for chr19: 39
2023-09-05 11:13:10 INFO::No. regions with at least one SNP/gene for chr19 after merging: 39
2023-09-05 11:13:11 INFO::No. regions with at least one SNP/gene for chr20: 38
2023-09-05 11:13:11 INFO::No. regions with at least one SNP/gene for chr20 after merging: 38
2023-09-05 11:13:12 INFO::No. regions with at least one SNP/gene for chr21: 24
2023-09-05 11:13:12 INFO::No. regions with at least one SNP/gene for chr21 after merging: 24
2023-09-05 11:13:13 INFO::No. regions with at least one SNP/gene for chr22: 24
2023-09-05 11:13:13 INFO::No. regions with at least one SNP/gene for chr22 after merging: 24
2023-09-05 11:13:13 INFO::Trim regions with SNPs more than Inf
2023-09-05 11:13:13 INFO::Adding R matrix info, as genotype is not given
starting worker pid=20131 on localhost:11469 at 11:13:13.950
starting worker pid=20129 on localhost:11469 at 11:13:13.950
starting worker pid=20130 on localhost:11469 at 11:13:13.950
starting worker pid=20128 on localhost:11469 at 11:13:13.973
starting worker pid=20132 on localhost:11469 at 11:13:13.981
2023-09-05 11:13:16 INFO::Adding R matrix info for chrom 10 (core 4)
2023-09-05 11:13:16 INFO::Adding R matrix info for chrom 14 (core 5)
2023-09-05 11:13:16 INFO::Adding R matrix info for chrom 1 (core 1)
2023-09-05 11:13:16 INFO::Adding R matrix info for chrom 6 (core 3)
2023-09-05 11:13:16 INFO::Adding R matrix info for chrom 3 (core 2)
2023-09-05 11:15:00 INFO::Adding R matrix info for chrom 15 (core 5)
2023-09-05 11:19:57 INFO::Adding R matrix info for chrom 7 (core 3)
2023-09-05 11:20:35 INFO::Adding R matrix info for chrom 4 (core 2)
2023-09-05 11:20:51 INFO::Adding R matrix info for chrom 16 (core 5)
2023-09-05 11:22:24 INFO::Adding R matrix info for chrom 11 (core 4)
2023-09-05 11:26:07 INFO::Adding R matrix info for chrom 17 (core 5)
2023-09-05 11:30:56 INFO::Adding R matrix info for chrom 2 (core 1)
2023-09-05 11:32:36 INFO::Adding R matrix info for chrom 8 (core 3)
2023-09-05 11:33:21 INFO::Adding R matrix info for chrom 12 (core 4)
2023-09-05 11:33:22 INFO::Adding R matrix info for chrom 18 (core 5)
2023-09-05 11:38:20 INFO::Adding R matrix info for chrom 5 (core 2)
2023-09-05 11:39:52 INFO::Adding R matrix info for chrom 19 (core 5)
2023-09-05 11:45:10 INFO::Adding R matrix info for chrom 9 (core 3)
2023-09-05 11:45:13 INFO::Adding R matrix info for chrom 13 (core 4)
2023-09-05 11:46:02 INFO::Adding R matrix info for chrom 20 (core 5)
2023-09-05 11:52:14 INFO::Adding R matrix info for chrom 21 (core 5)
2023-09-05 11:52:43 INFO::Adding R matrix info for chrom 6 (core 2)
2023-09-05 11:53:07 INFO::Adding R matrix info for chrom 3 (core 1)
2023-09-05 11:53:23 INFO::Adding R matrix info for chrom 14 (core 4)
2023-09-05 11:55:04 INFO::Adding R matrix info for chrom 22 (core 5)
2023-09-05 11:55:11 INFO::Adding R matrix info for chrom 10 (core 3)
2023-09-05 12:02:35 INFO::Run susie for all regions.
2023-09-05 12:02:35 INFO::run iteration 1
starting worker pid=24449 on localhost:11469 at 12:02:38.212
starting worker pid=24442 on localhost:11469 at 12:02:38.212
starting worker pid=24447 on localhost:11469 at 12:02:38.212
starting worker pid=24451 on localhost:11469 at 12:02:38.212
starting worker pid=24448 on localhost:11469 at 12:02:38.212
starting worker pid=24450 on localhost:11469 at 12:02:38.212
starting worker pid=24444 on localhost:11469 at 12:02:38.213
starting worker pid=24445 on localhost:11469 at 12:02:38.213
starting worker pid=24446 on localhost:11469 at 12:02:38.213
starting worker pid=24443 on localhost:11469 at 12:02:38.213
2023-09-05 12:07:52 INFO::No. LD regions: 1700
2023-09-05 12:08:00 INFO::No. regions with at least one SNP/gene for chr1: 130
2023-09-05 12:08:00 INFO::No. regions with at least one SNP/gene for chr1 after merging: 130
2023-09-05 12:08:09 INFO::No. regions with at least one SNP/gene for chr2: 144
2023-09-05 12:08:09 INFO::No. regions with at least one SNP/gene for chr2 after merging: 144
2023-09-05 12:08:16 INFO::No. regions with at least one SNP/gene for chr3: 122
2023-09-05 12:08:16 INFO::No. regions with at least one SNP/gene for chr3 after merging: 122
2023-09-05 12:08:23 INFO::No. regions with at least one SNP/gene for chr4: 122
2023-09-05 12:08:23 INFO::No. regions with at least one SNP/gene for chr4 after merging: 122
2023-09-05 12:08:31 INFO::No. regions with at least one SNP/gene for chr5: 110
2023-09-05 12:08:31 INFO::No. regions with at least one SNP/gene for chr5 after merging: 110
2023-09-05 12:08:37 INFO::No. regions with at least one SNP/gene for chr6: 112
2023-09-05 12:08:37 INFO::No. regions with at least one SNP/gene for chr6 after merging: 112
2023-09-05 12:08:44 INFO::No. regions with at least one SNP/gene for chr7: 99
2023-09-05 12:08:44 INFO::No. regions with at least one SNP/gene for chr7 after merging: 99
2023-09-05 12:08:50 INFO::No. regions with at least one SNP/gene for chr8: 94
2023-09-05 12:08:50 INFO::No. regions with at least one SNP/gene for chr8 after merging: 94
2023-09-05 12:08:55 INFO::No. regions with at least one SNP/gene for chr9: 74
2023-09-05 12:08:55 INFO::No. regions with at least one SNP/gene for chr9 after merging: 74
2023-09-05 12:08:59 INFO::No. regions with at least one SNP/gene for chr10: 85
2023-09-05 12:08:59 INFO::No. regions with at least one SNP/gene for chr10 after merging: 85
2023-09-05 12:09:02 INFO::No. regions with at least one SNP/gene for chr11: 84
2023-09-05 12:09:02 INFO::No. regions with at least one SNP/gene for chr11 after merging: 84
2023-09-05 12:09:05 INFO::No. regions with at least one SNP/gene for chr12: 82
2023-09-05 12:09:05 INFO::No. regions with at least one SNP/gene for chr12 after merging: 82
2023-09-05 12:09:08 INFO::No. regions with at least one SNP/gene for chr13: 62
2023-09-05 12:09:08 INFO::No. regions with at least one SNP/gene for chr13 after merging: 62
2023-09-05 12:09:11 INFO::No. regions with at least one SNP/gene for chr14: 56
2023-09-05 12:09:11 INFO::No. regions with at least one SNP/gene for chr14 after merging: 56
2023-09-05 12:09:14 INFO::No. regions with at least one SNP/gene for chr15: 50
2023-09-05 12:09:14 INFO::No. regions with at least one SNP/gene for chr15 after merging: 50
2023-09-05 12:09:15 INFO::No. regions with at least one SNP/gene for chr16: 54
2023-09-05 12:09:15 INFO::No. regions with at least one SNP/gene for chr16 after merging: 54
2023-09-05 12:09:17 INFO::No. regions with at least one SNP/gene for chr17: 47
2023-09-05 12:09:17 INFO::No. regions with at least one SNP/gene for chr17 after merging: 47
2023-09-05 12:09:20 INFO::No. regions with at least one SNP/gene for chr18: 47
2023-09-05 12:09:20 INFO::No. regions with at least one SNP/gene for chr18 after merging: 47
2023-09-05 12:09:22 INFO::No. regions with at least one SNP/gene for chr19: 39
2023-09-05 12:09:22 INFO::No. regions with at least one SNP/gene for chr19 after merging: 39
2023-09-05 12:09:23 INFO::No. regions with at least one SNP/gene for chr20: 38
2023-09-05 12:09:23 INFO::No. regions with at least one SNP/gene for chr20 after merging: 38
2023-09-05 12:09:24 INFO::No. regions with at least one SNP/gene for chr21: 24
2023-09-05 12:09:24 INFO::No. regions with at least one SNP/gene for chr21 after merging: 24
2023-09-05 12:09:25 INFO::No. regions with at least one SNP/gene for chr22: 24
2023-09-05 12:09:25 INFO::No. regions with at least one SNP/gene for chr22 after merging: 24
2023-09-05 12:09:25 INFO::Trim regions with SNPs more than 20000
2023-09-05 12:09:25 INFO::Adding R matrix info, as genotype is not given
starting worker pid=25149 on localhost:11469 at 12:09:27.870
starting worker pid=25147 on localhost:11469 at 12:09:27.870
starting worker pid=25150 on localhost:11469 at 12:09:27.870
starting worker pid=25151 on localhost:11469 at 12:09:27.870
starting worker pid=25148 on localhost:11469 at 12:09:27.870
2023-09-05 12:09:48 INFO::Adding R matrix info for chrom 6 (core 3)
2023-09-05 12:09:48 INFO::Adding R matrix info for chrom 1 (core 1)
2023-09-05 12:09:48 INFO::Adding R matrix info for chrom 14 (core 5)
2023-09-05 12:09:48 INFO::Adding R matrix info for chrom 10 (core 4)
2023-09-05 12:09:48 INFO::Adding R matrix info for chrom 3 (core 2)
2023-09-05 12:12:03 INFO::Adding R matrix info for chrom 15 (core 5)
2023-09-05 12:17:59 INFO::Adding R matrix info for chrom 4 (core 2)
2023-09-05 12:18:33 INFO::Adding R matrix info for chrom 16 (core 5)
2023-09-05 12:18:36 INFO::Adding R matrix info for chrom 7 (core 3)
2023-09-05 12:19:37 INFO::Adding R matrix info for chrom 11 (core 4)
2023-09-05 12:24:25 INFO::Adding R matrix info for chrom 17 (core 5)
2023-09-05 12:30:08 INFO::Adding R matrix info for chrom 12 (core 4)
2023-09-05 12:30:16 INFO::Adding R matrix info for chrom 2 (core 1)
2023-09-05 12:32:39 INFO::Adding R matrix info for chrom 18 (core 5)
2023-09-05 12:34:54 INFO::Adding R matrix info for chrom 8 (core 3)
2023-09-05 12:36:28 INFO::Adding R matrix info for chrom 5 (core 2)
2023-09-05 12:39:39 INFO::Adding R matrix info for chrom 19 (core 5)
2023-09-05 12:40:40 INFO::Adding R matrix info for chrom 13 (core 4)
2023-09-05 12:46:38 INFO::Adding R matrix info for chrom 20 (core 5)
2023-09-05 12:47:50 INFO::Adding R matrix info for chrom 14 (core 4)
2023-09-05 12:50:55 INFO::Adding R matrix info for chrom 9 (core 3)
2023-09-05 12:51:51 INFO::Adding R matrix info for chrom 6 (core 2)
2023-09-05 12:53:10 INFO::Adding R matrix info for chrom 21 (core 5)
2023-09-05 12:54:14 INFO::Adding R matrix info for chrom 3 (core 1)
2023-09-05 12:56:07 INFO::Adding R matrix info for chrom 22 (core 5)
2023-09-05 13:02:44 INFO::Adding R matrix info for chrom 10 (core 3)
2023-09-05 13:05:36 INFO::Number of regions that contain strong gene signals: 0
$group_prior
         SNP         gene 
3.184593e-05 3.971832e-03 

$group_prior_var
      SNP      gene 
0.6990095 0.9945714 

R version 4.1.0 (2021-05-18)
Platform: x86_64-pc-linux-gnu (64-bit)
Running under: CentOS Linux 7 (Core)

Matrix products: default
BLAS/LAPACK: /software/openblas-0.3.13-el7-x86_64/lib/libopenblas_haswellp-r0.3.13.so

locale:
[1] C

attached base packages:
[1] stats     graphics  grDevices utils     datasets  methods   base     

other attached packages:
[1] data.table_1.14.6 ctwas_0.1.39     

loaded via a namespace (and not attached):
 [1] Rcpp_1.0.9        pgenlibr_0.3.2    magrittr_2.0.3    hms_1.1.2        
 [5] doParallel_1.0.17 lattice_0.20-44   R6_2.5.1          rlang_1.0.6      
 [9] foreach_1.5.2     fansi_1.0.3       tools_4.1.0       parallel_4.1.0   
[13] grid_4.1.0        logging_0.10-108  utf8_1.2.2        cli_3.4.1        
[17] iterators_1.0.14  ellipsis_0.3.2    tibble_3.1.8      lifecycle_1.0.3  
[21] crayon_1.5.2      Matrix_1.3-3      readr_2.1.3       tzdb_0.3.0       
[25] vctrs_0.5.1       codetools_0.2-18  glue_1.6.2        compiler_4.1.0   
[29] pillar_1.8.1      pkgconfig_2.0.3  
