[1] "/project2/xinhe/shengqian/cTWAS/cTWAS_analysis/data/scz_2018.RDS"                                              
[2] "/project2/mstephens/wcrouse/UKB_LDR_0.1"                                                                       
[3] "/project2/xinhe/shengqian/cTWAS/cTWAS_analysis/data/mashr_sqtl/sqtl/mashr/mashr_Brain_Putamen_basal_ganglia.db"
[4] "/project2/xinhe/shengqian/cTWAS/cTWAS_analysis/code/ctwas_config.R"                                            
[5] "SCZ_Brain_Putamen_basal_ganglia_expr"                                                                          
[6] "SCZ_Brain_Putamen_basal_ganglia_ctwas"                                                                         
[7] "/project2/xinhe/shengqian/cTWAS/cTWAS_analysis/data/SCZ_2018_S/Brain_Putamen_basal_ganglia"                    
2022-05-10 13:06:20 INFO::Flipping z scores to match LD reference
2022-05-10 13:06:24 INFO::Reading weights for chromosome 1
2022-05-10 13:06:24 INFO::Number of genes with weights provided: 28461
2022-05-10 13:06:24 INFO::Collecting gene weight information ...
2022-05-10 13:06:24 INFO::Flipping weights to match LD reference
2022-05-10 13:06:24 INFO::Harmonizing strand ambiguous weights using correlations with unambiguous variants
2022-05-10 13:18:30 INFO::Start gene z score imputation ...
2022-05-10 13:18:30 INFO::Using given LD matrices to impute gene z score.
2022-05-10 13:28:15 INFO::Imputation done, writing results to output...
2022-05-10 13:28:15 INFO::Imputation done: number of genes with imputed expression: 1715 for chr 1
2022-05-10 13:28:17 INFO::Flipping z scores to match LD reference
2022-05-10 13:28:18 INFO::Reading weights for chromosome 2
2022-05-10 13:28:18 INFO::Number of genes with weights provided: 28461
2022-05-10 13:28:18 INFO::Collecting gene weight information ...
2022-05-10 13:28:18 INFO::Flipping weights to match LD reference
2022-05-10 13:28:18 INFO::Harmonizing strand ambiguous weights using correlations with unambiguous variants
2022-05-10 13:37:40 INFO::Start gene z score imputation ...
2022-05-10 13:37:40 INFO::Using given LD matrices to impute gene z score.
2022-05-10 13:46:26 INFO::Imputation done, writing results to output...
2022-05-10 13:46:27 INFO::Imputation done: number of genes with imputed expression: 1341 for chr 2
2022-05-10 13:46:28 INFO::Flipping z scores to match LD reference
2022-05-10 13:46:29 INFO::Reading weights for chromosome 3
2022-05-10 13:46:29 INFO::Number of genes with weights provided: 28461
2022-05-10 13:46:29 INFO::Collecting gene weight information ...
2022-05-10 13:46:29 INFO::Flipping weights to match LD reference
2022-05-10 13:46:29 INFO::Harmonizing strand ambiguous weights using correlations with unambiguous variants
2022-05-10 13:52:34 INFO::Start gene z score imputation ...
2022-05-10 13:52:34 INFO::Using given LD matrices to impute gene z score.
2022-05-10 13:59:34 INFO::Imputation done, writing results to output...
2022-05-10 13:59:35 INFO::Imputation done: number of genes with imputed expression: 1135 for chr 3
2022-05-10 13:59:36 INFO::Flipping z scores to match LD reference
2022-05-10 13:59:37 INFO::Reading weights for chromosome 4
2022-05-10 13:59:37 INFO::Number of genes with weights provided: 28461
2022-05-10 13:59:37 INFO::Collecting gene weight information ...
2022-05-10 13:59:37 INFO::Flipping weights to match LD reference
2022-05-10 13:59:37 INFO::Harmonizing strand ambiguous weights using correlations with unambiguous variants
2022-05-10 14:04:13 INFO::Start gene z score imputation ...
2022-05-10 14:04:13 INFO::Using given LD matrices to impute gene z score.
2022-05-10 14:10:41 INFO::Imputation done, writing results to output...
2022-05-10 14:10:42 INFO::Imputation done: number of genes with imputed expression: 747 for chr 4
2022-05-10 14:10:43 INFO::Flipping z scores to match LD reference
2022-05-10 14:10:44 INFO::Reading weights for chromosome 5
2022-05-10 14:10:44 INFO::Number of genes with weights provided: 28461
2022-05-10 14:10:44 INFO::Collecting gene weight information ...
2022-05-10 14:10:44 INFO::Flipping weights to match LD reference
2022-05-10 14:10:44 INFO::Harmonizing strand ambiguous weights using correlations with unambiguous variants
2022-05-10 14:15:06 INFO::Start gene z score imputation ...
2022-05-10 14:15:06 INFO::Using given LD matrices to impute gene z score.
2022-05-10 14:21:00 INFO::Imputation done, writing results to output...
2022-05-10 14:21:00 INFO::Imputation done: number of genes with imputed expression: 753 for chr 5
2022-05-10 14:21:01 INFO::Flipping z scores to match LD reference
2022-05-10 14:21:03 INFO::Reading weights for chromosome 6
2022-05-10 14:21:03 INFO::Number of genes with weights provided: 28461
2022-05-10 14:21:03 INFO::Collecting gene weight information ...
2022-05-10 14:21:03 INFO::Flipping weights to match LD reference
2022-05-10 14:21:03 INFO::Harmonizing strand ambiguous weights using correlations with unambiguous variants
2022-05-10 14:31:44 INFO::Start gene z score imputation ...
2022-05-10 14:31:44 INFO::Using given LD matrices to impute gene z score.
2022-05-10 14:38:30 INFO::Imputation done, writing results to output...
2022-05-10 14:38:30 INFO::Imputation done: number of genes with imputed expression: 935 for chr 6
2022-05-10 14:38:31 INFO::Flipping z scores to match LD reference
2022-05-10 14:38:32 INFO::Reading weights for chromosome 7
2022-05-10 14:38:32 INFO::Number of genes with weights provided: 28461
2022-05-10 14:38:32 INFO::Collecting gene weight information ...
2022-05-10 14:38:32 INFO::Flipping weights to match LD reference
2022-05-10 14:38:32 INFO::Harmonizing strand ambiguous weights using correlations with unambiguous variants
2022-05-10 14:46:19 INFO::Start gene z score imputation ...
2022-05-10 14:46:19 INFO::Using given LD matrices to impute gene z score.
2022-05-10 14:53:59 INFO::Imputation done, writing results to output...
2022-05-10 14:54:03 INFO::Imputation done: number of genes with imputed expression: 1084 for chr 7
2022-05-10 14:54:04 INFO::Flipping z scores to match LD reference
2022-05-10 14:54:05 INFO::Reading weights for chromosome 8
2022-05-10 14:54:05 INFO::Number of genes with weights provided: 28461
2022-05-10 14:54:05 INFO::Collecting gene weight information ...
2022-05-10 14:54:05 INFO::Flipping weights to match LD reference
2022-05-10 14:54:05 INFO::Harmonizing strand ambiguous weights using correlations with unambiguous variants
2022-05-10 14:58:20 INFO::Start gene z score imputation ...
2022-05-10 14:58:20 INFO::Using given LD matrices to impute gene z score.
2022-05-10 15:02:53 INFO::Imputation done, writing results to output...
2022-05-10 15:02:54 INFO::Imputation done: number of genes with imputed expression: 644 for chr 8
2022-05-10 15:02:54 INFO::Flipping z scores to match LD reference
2022-05-10 15:02:56 INFO::Reading weights for chromosome 9
2022-05-10 15:02:56 INFO::Number of genes with weights provided: 28461
2022-05-10 15:02:56 INFO::Collecting gene weight information ...
2022-05-10 15:02:56 INFO::Flipping weights to match LD reference
2022-05-10 15:02:56 INFO::Harmonizing strand ambiguous weights using correlations with unambiguous variants
2022-05-10 15:07:57 INFO::Start gene z score imputation ...
2022-05-10 15:07:57 INFO::Using given LD matrices to impute gene z score.
2022-05-10 15:12:35 INFO::Imputation done, writing results to output...
2022-05-10 15:12:40 INFO::Imputation done: number of genes with imputed expression: 764 for chr 9
2022-05-10 15:12:41 INFO::Flipping z scores to match LD reference
2022-05-10 15:12:42 INFO::Reading weights for chromosome 10
2022-05-10 15:12:42 INFO::Number of genes with weights provided: 28461
2022-05-10 15:12:42 INFO::Collecting gene weight information ...
2022-05-10 15:12:42 INFO::Flipping weights to match LD reference
2022-05-10 15:12:42 INFO::Harmonizing strand ambiguous weights using correlations with unambiguous variants
2022-05-10 15:19:41 INFO::Start gene z score imputation ...
2022-05-10 15:19:41 INFO::Using given LD matrices to impute gene z score.
2022-05-10 15:25:37 INFO::Imputation done, writing results to output...
2022-05-10 15:25:38 INFO::Imputation done: number of genes with imputed expression: 833 for chr 10
2022-05-10 15:25:38 INFO::Flipping z scores to match LD reference
2022-05-10 15:25:40 INFO::Reading weights for chromosome 11
2022-05-10 15:25:40 INFO::Number of genes with weights provided: 28461
2022-05-10 15:25:40 INFO::Collecting gene weight information ...
2022-05-10 15:25:40 INFO::Flipping weights to match LD reference
2022-05-10 15:25:40 INFO::Harmonizing strand ambiguous weights using correlations with unambiguous variants
2022-05-10 15:32:03 INFO::Start gene z score imputation ...
2022-05-10 15:32:03 INFO::Using given LD matrices to impute gene z score.
2022-05-10 15:38:30 INFO::Imputation done, writing results to output...
2022-05-10 15:38:33 INFO::Imputation done: number of genes with imputed expression: 1148 for chr 11
2022-05-10 15:38:34 INFO::Flipping z scores to match LD reference
2022-05-10 15:38:35 INFO::Reading weights for chromosome 12
2022-05-10 15:38:35 INFO::Number of genes with weights provided: 28461
2022-05-10 15:38:35 INFO::Collecting gene weight information ...
2022-05-10 15:38:35 INFO::Flipping weights to match LD reference
2022-05-10 15:38:35 INFO::Harmonizing strand ambiguous weights using correlations with unambiguous variants
2022-05-10 15:44:38 INFO::Start gene z score imputation ...
2022-05-10 15:44:38 INFO::Using given LD matrices to impute gene z score.
2022-05-10 15:50:33 INFO::Imputation done, writing results to output...
2022-05-10 15:50:35 INFO::Imputation done: number of genes with imputed expression: 1001 for chr 12
2022-05-10 15:50:35 INFO::Flipping z scores to match LD reference
2022-05-10 15:50:36 INFO::Reading weights for chromosome 13
2022-05-10 15:50:36 INFO::Number of genes with weights provided: 28461
2022-05-10 15:50:36 INFO::Collecting gene weight information ...
2022-05-10 15:50:36 INFO::Flipping weights to match LD reference
2022-05-10 15:50:36 INFO::Harmonizing strand ambiguous weights using correlations with unambiguous variants
2022-05-10 15:53:24 INFO::Start gene z score imputation ...
2022-05-10 15:53:24 INFO::Using given LD matrices to impute gene z score.
2022-05-10 15:56:14 INFO::Imputation done, writing results to output...
2022-05-10 15:56:14 INFO::Imputation done: number of genes with imputed expression: 362 for chr 13
2022-05-10 15:56:15 INFO::Flipping z scores to match LD reference
2022-05-10 15:56:16 INFO::Reading weights for chromosome 14
2022-05-10 15:56:16 INFO::Number of genes with weights provided: 28461
2022-05-10 15:56:16 INFO::Collecting gene weight information ...
2022-05-10 15:56:16 INFO::Flipping weights to match LD reference
2022-05-10 15:56:16 INFO::Harmonizing strand ambiguous weights using correlations with unambiguous variants
2022-05-10 16:01:43 INFO::Start gene z score imputation ...
2022-05-10 16:01:43 INFO::Using given LD matrices to impute gene z score.
2022-05-10 16:05:54 INFO::Imputation done, writing results to output...
2022-05-10 16:05:55 INFO::Imputation done: number of genes with imputed expression: 676 for chr 14
2022-05-10 16:05:56 INFO::Flipping z scores to match LD reference
2022-05-10 16:05:57 INFO::Reading weights for chromosome 15
2022-05-10 16:05:57 INFO::Number of genes with weights provided: 28461
2022-05-10 16:05:57 INFO::Collecting gene weight information ...
2022-05-10 16:05:57 INFO::Flipping weights to match LD reference
2022-05-10 16:05:57 INFO::Harmonizing strand ambiguous weights using correlations with unambiguous variants
2022-05-10 16:10:07 INFO::Start gene z score imputation ...
2022-05-10 16:10:07 INFO::Using given LD matrices to impute gene z score.
2022-05-10 16:14:01 INFO::Imputation done, writing results to output...
2022-05-10 16:14:01 INFO::Imputation done: number of genes with imputed expression: 630 for chr 15
2022-05-10 16:14:02 INFO::Flipping z scores to match LD reference
2022-05-10 16:14:03 INFO::Reading weights for chromosome 16
2022-05-10 16:14:03 INFO::Number of genes with weights provided: 28461
2022-05-10 16:14:03 INFO::Collecting gene weight information ...
2022-05-10 16:14:03 INFO::Flipping weights to match LD reference
2022-05-10 16:14:03 INFO::Harmonizing strand ambiguous weights using correlations with unambiguous variants
2022-05-10 16:19:50 INFO::Start gene z score imputation ...
2022-05-10 16:19:50 INFO::Using given LD matrices to impute gene z score.
2022-05-10 16:23:19 INFO::Imputation done, writing results to output...
2022-05-10 16:23:29 INFO::Imputation done: number of genes with imputed expression: 762 for chr 16
2022-05-10 16:23:29 INFO::Flipping z scores to match LD reference
2022-05-10 16:23:30 INFO::Reading weights for chromosome 17
2022-05-10 16:23:30 INFO::Number of genes with weights provided: 28461
2022-05-10 16:23:30 INFO::Collecting gene weight information ...
2022-05-10 16:23:30 INFO::Flipping weights to match LD reference
2022-05-10 16:23:30 INFO::Harmonizing strand ambiguous weights using correlations with unambiguous variants
2022-05-10 16:30:29 INFO::Start gene z score imputation ...
2022-05-10 16:30:29 INFO::Using given LD matrices to impute gene z score.
2022-05-10 16:36:27 INFO::Imputation done, writing results to output...
2022-05-10 16:36:33 INFO::Imputation done: number of genes with imputed expression: 1314 for chr 17
2022-05-10 16:36:34 INFO::Flipping z scores to match LD reference
2022-05-10 16:36:36 INFO::Reading weights for chromosome 18
2022-05-10 16:36:36 INFO::Number of genes with weights provided: 28461
2022-05-10 16:36:36 INFO::Collecting gene weight information ...
2022-05-10 16:36:36 INFO::Flipping weights to match LD reference
2022-05-10 16:36:36 INFO::Harmonizing strand ambiguous weights using correlations with unambiguous variants
2022-05-10 16:39:15 INFO::Start gene z score imputation ...
2022-05-10 16:39:15 INFO::Using given LD matrices to impute gene z score.
2022-05-10 16:42:08 INFO::Imputation done, writing results to output...
2022-05-10 16:42:14 INFO::Imputation done: number of genes with imputed expression: 271 for chr 18
2022-05-10 16:42:15 INFO::Flipping z scores to match LD reference
2022-05-10 16:42:16 INFO::Reading weights for chromosome 19
2022-05-10 16:42:16 INFO::Number of genes with weights provided: 28461
2022-05-10 16:42:16 INFO::Collecting gene weight information ...
2022-05-10 16:42:16 INFO::Flipping weights to match LD reference
2022-05-10 16:42:16 INFO::Harmonizing strand ambiguous weights using correlations with unambiguous variants
2022-05-10 16:51:41 INFO::Start gene z score imputation ...
2022-05-10 16:51:41 INFO::Using given LD matrices to impute gene z score.
2022-05-10 16:56:52 INFO::Imputation done, writing results to output...
2022-05-10 16:56:52 INFO::Imputation done: number of genes with imputed expression: 1307 for chr 19
2022-05-10 16:56:53 INFO::Flipping z scores to match LD reference
2022-05-10 16:56:54 INFO::Reading weights for chromosome 20
2022-05-10 16:56:54 INFO::Number of genes with weights provided: 28461
2022-05-10 16:56:54 INFO::Collecting gene weight information ...
2022-05-10 16:56:54 INFO::Flipping weights to match LD reference
2022-05-10 16:56:54 INFO::Harmonizing strand ambiguous weights using correlations with unambiguous variants
2022-05-10 17:01:25 INFO::Start gene z score imputation ...
2022-05-10 17:01:25 INFO::Using given LD matrices to impute gene z score.
2022-05-10 17:05:11 INFO::Imputation done, writing results to output...
2022-05-10 17:05:11 INFO::Imputation done: number of genes with imputed expression: 672 for chr 20
2022-05-10 17:05:12 INFO::Flipping z scores to match LD reference
2022-05-10 17:05:13 INFO::Reading weights for chromosome 21
2022-05-10 17:05:13 INFO::Number of genes with weights provided: 28461
2022-05-10 17:05:13 INFO::Collecting gene weight information ...
2022-05-10 17:05:13 INFO::Flipping weights to match LD reference
2022-05-10 17:05:13 INFO::Harmonizing strand ambiguous weights using correlations with unambiguous variants
2022-05-10 17:07:22 INFO::Start gene z score imputation ...
2022-05-10 17:07:22 INFO::Using given LD matrices to impute gene z score.
2022-05-10 17:07:47 INFO::Imputation done, writing results to output...
2022-05-10 17:07:47 INFO::Imputation done: number of genes with imputed expression: 31 for chr 21
2022-05-10 17:07:48 INFO::Flipping z scores to match LD reference
2022-05-10 17:07:49 INFO::Reading weights for chromosome 22
2022-05-10 17:07:49 INFO::Number of genes with weights provided: 28461
2022-05-10 17:07:49 INFO::Collecting gene weight information ...
2022-05-10 17:07:49 INFO::Flipping weights to match LD reference
2022-05-10 17:07:49 INFO::Harmonizing strand ambiguous weights using correlations with unambiguous variants
2022-05-10 17:12:02 INFO::Start gene z score imputation ...
2022-05-10 17:12:02 INFO::Using given LD matrices to impute gene z score.
2022-05-10 17:14:41 INFO::Imputation done, writing results to output...
2022-05-10 17:14:41 INFO::Imputation done: number of genes with imputed expression: 589 for chr 22
2022-05-10 17:15:01 INFO::ctwas started ...
2022-05-10 17:15:25 INFO::LD region file: /home/shengqian/R/x86_64-pc-linux-gnu-library/3.6/ctwas/extdata/ldetect/EUR.b38.bed
2022-05-10 17:15:33 INFO::No. LD regions: 1700
2022-05-10 17:15:40 INFO::No. regions with at least one SNP/gene for chr1: 131
2022-05-10 17:15:40 INFO::Merge regions for chr1
2022-05-10 17:15:40 INFO::No. regions with at least one SNP/gene for chr1 after merging: 131
2022-05-10 17:15:46 INFO::No. regions with at least one SNP/gene for chr2: 143
2022-05-10 17:15:46 INFO::Merge regions for chr2
2022-05-10 17:15:46 INFO::No. regions with at least one SNP/gene for chr2 after merging: 143
2022-05-10 17:15:51 INFO::No. regions with at least one SNP/gene for chr3: 122
2022-05-10 17:15:51 INFO::Merge regions for chr3
2022-05-10 17:15:51 INFO::No. regions with at least one SNP/gene for chr3 after merging: 122
2022-05-10 17:15:56 INFO::No. regions with at least one SNP/gene for chr4: 122
2022-05-10 17:15:56 INFO::Merge regions for chr4
2022-05-10 17:15:56 INFO::No. regions with at least one SNP/gene for chr4 after merging: 122
2022-05-10 17:16:00 INFO::No. regions with at least one SNP/gene for chr5: 110
2022-05-10 17:16:00 INFO::Merge regions for chr5
2022-05-10 17:16:00 INFO::No. regions with at least one SNP/gene for chr5 after merging: 110
2022-05-10 17:16:05 INFO::No. regions with at least one SNP/gene for chr6: 112
2022-05-10 17:16:05 INFO::Merge regions for chr6
2022-05-10 17:16:05 INFO::No. regions with at least one SNP/gene for chr6 after merging: 112
2022-05-10 17:16:09 INFO::No. regions with at least one SNP/gene for chr7: 99
2022-05-10 17:16:09 INFO::Merge regions for chr7
2022-05-10 17:16:09 INFO::No. regions with at least one SNP/gene for chr7 after merging: 97
2022-05-10 17:16:13 INFO::No. regions with at least one SNP/gene for chr8: 92
2022-05-10 17:16:13 INFO::Merge regions for chr8
2022-05-10 17:16:13 INFO::No. regions with at least one SNP/gene for chr8 after merging: 92
2022-05-10 17:16:16 INFO::No. regions with at least one SNP/gene for chr9: 74
2022-05-10 17:16:16 INFO::Merge regions for chr9
2022-05-10 17:16:16 INFO::No. regions with at least one SNP/gene for chr9 after merging: 74
2022-05-10 17:16:19 INFO::No. regions with at least one SNP/gene for chr10: 85
2022-05-10 17:16:19 INFO::Merge regions for chr10
2022-05-10 17:16:19 INFO::No. regions with at least one SNP/gene for chr10 after merging: 85
2022-05-10 17:16:22 INFO::No. regions with at least one SNP/gene for chr11: 84
2022-05-10 17:16:22 INFO::Merge regions for chr11
2022-05-10 17:16:22 INFO::No. regions with at least one SNP/gene for chr11 after merging: 84
2022-05-10 17:16:25 INFO::No. regions with at least one SNP/gene for chr12: 82
2022-05-10 17:16:25 INFO::Merge regions for chr12
2022-05-10 17:16:25 INFO::No. regions with at least one SNP/gene for chr12 after merging: 82
2022-05-10 17:16:28 INFO::No. regions with at least one SNP/gene for chr13: 62
2022-05-10 17:16:28 INFO::Merge regions for chr13
2022-05-10 17:16:28 INFO::No. regions with at least one SNP/gene for chr13 after merging: 62
2022-05-10 17:16:30 INFO::No. regions with at least one SNP/gene for chr14: 56
2022-05-10 17:16:30 INFO::Merge regions for chr14
2022-05-10 17:16:30 INFO::No. regions with at least one SNP/gene for chr14 after merging: 56
2022-05-10 17:16:32 INFO::No. regions with at least one SNP/gene for chr15: 50
2022-05-10 17:16:32 INFO::Merge regions for chr15
2022-05-10 17:16:32 INFO::No. regions with at least one SNP/gene for chr15 after merging: 49
2022-05-10 17:16:33 INFO::No. regions with at least one SNP/gene for chr16: 50
2022-05-10 17:16:33 INFO::Merge regions for chr16
2022-05-10 17:16:33 INFO::No. regions with at least one SNP/gene for chr16 after merging: 50
2022-05-10 17:16:36 INFO::No. regions with at least one SNP/gene for chr17: 47
2022-05-10 17:16:36 INFO::Merge regions for chr17
2022-05-10 17:16:36 INFO::No. regions with at least one SNP/gene for chr17 after merging: 46
2022-05-10 17:16:37 INFO::No. regions with at least one SNP/gene for chr18: 47
2022-05-10 17:16:37 INFO::Merge regions for chr18
2022-05-10 17:16:37 INFO::No. regions with at least one SNP/gene for chr18 after merging: 46
2022-05-10 17:16:39 INFO::No. regions with at least one SNP/gene for chr19: 39
2022-05-10 17:16:39 INFO::Merge regions for chr19
2022-05-10 17:16:39 INFO::No. regions with at least one SNP/gene for chr19 after merging: 39
2022-05-10 17:16:41 INFO::No. regions with at least one SNP/gene for chr20: 38
2022-05-10 17:16:41 INFO::Merge regions for chr20
2022-05-10 17:16:41 INFO::No. regions with at least one SNP/gene for chr20 after merging: 38
2022-05-10 17:16:42 INFO::No. regions with at least one SNP/gene for chr21: 15
2022-05-10 17:16:42 INFO::Merge regions for chr21
2022-05-10 17:16:42 INFO::No. regions with at least one SNP/gene for chr21 after merging: 15
2022-05-10 17:16:42 INFO::No. regions with at least one SNP/gene for chr22: 24
2022-05-10 17:16:42 INFO::Merge regions for chr22
2022-05-10 17:16:42 INFO::No. regions with at least one SNP/gene for chr22 after merging: 22
2022-05-10 17:16:42 INFO::Trim regions with SNPs more than Inf
2022-05-10 17:16:42 INFO::Adding R matrix info, as genotype is not given
2022-05-10 17:16:43 INFO::Adding R matrix info for chrom 1
2022-05-10 17:30:04 INFO::Adding R matrix info for chrom 2
2022-05-10 17:42:29 INFO::Adding R matrix info for chrom 3
2022-05-10 17:51:52 INFO::Adding R matrix info for chrom 4
2022-05-10 18:00:41 INFO::Adding R matrix info for chrom 5
2022-05-10 18:08:33 INFO::Adding R matrix info for chrom 6
2022-05-10 18:18:04 INFO::Adding R matrix info for chrom 7
2022-05-10 18:28:06 INFO::Adding R matrix info for chrom 8
2022-05-10 18:34:57 INFO::Adding R matrix info for chrom 9
2022-05-10 18:41:13 INFO::Adding R matrix info for chrom 10
2022-05-10 18:48:32 INFO::Adding R matrix info for chrom 11
2022-05-10 18:56:49 INFO::Adding R matrix info for chrom 12
2022-05-10 19:04:20 INFO::Adding R matrix info for chrom 13
2022-05-10 19:08:48 INFO::Adding R matrix info for chrom 14
2022-05-10 19:14:03 INFO::Adding R matrix info for chrom 15
2022-05-10 19:18:46 INFO::Adding R matrix info for chrom 16
2022-05-10 19:23:08 INFO::Adding R matrix info for chrom 17
2022-05-10 19:30:37 INFO::Adding R matrix info for chrom 18
2022-05-10 19:34:33 INFO::Adding R matrix info for chrom 19
2022-05-10 19:41:01 INFO::Adding R matrix info for chrom 20
2022-05-10 19:45:02 INFO::Adding R matrix info for chrom 21
2022-05-10 19:45:52 INFO::Adding R matrix info for chrom 22
2022-05-10 19:49:02 INFO::Run susie iteratively, getting rough estimate ...
2022-05-10 19:49:02 INFO::run iteration 1
starting worker pid=19479 on localhost:11632 at 19:49:03.141
starting worker pid=19492 on localhost:11632 at 19:49:03.589
starting worker pid=19505 on localhost:11632 at 19:49:04.038
starting worker pid=19519 on localhost:11632 at 19:49:04.477
starting worker pid=19532 on localhost:11632 at 19:49:04.905
starting worker pid=19545 on localhost:11632 at 19:49:05.329
starting worker pid=19559 on localhost:11632 at 19:49:05.756
starting worker pid=19572 on localhost:11632 at 19:49:06.185
starting worker pid=19585 on localhost:11632 at 19:49:06.608
starting worker pid=19599 on localhost:11632 at 19:49:07.034
2022-05-10 19:57:02 INFO::After iteration 1, gene prior 0.00317194157465117:, SNP prior:0.00256363407851406
2022-05-10 19:57:02 INFO::run iteration 2
starting worker pid=20323 on localhost:11632 at 19:57:03.403
starting worker pid=20336 on localhost:11632 at 19:57:03.840
starting worker pid=20350 on localhost:11632 at 19:57:04.297
starting worker pid=20363 on localhost:11632 at 19:57:04.744
starting worker pid=20376 on localhost:11632 at 19:57:05.166
starting worker pid=20390 on localhost:11632 at 19:57:05.589
starting worker pid=20403 on localhost:11632 at 19:57:06.018
starting worker pid=20416 on localhost:11632 at 19:57:06.444
starting worker pid=20430 on localhost:11632 at 19:57:06.872
starting worker pid=20443 on localhost:11632 at 19:57:07.304
2022-05-10 20:04:59 INFO::After iteration 2, gene prior 0.00325816423420873:, SNP prior:0.00225966857756886
2022-05-10 20:04:59 INFO::run iteration 3
starting worker pid=20914 on localhost:11632 at 20:04:59.920
starting worker pid=20928 on localhost:11632 at 20:05:00.367
starting worker pid=20956 on localhost:11632 at 20:05:00.824
starting worker pid=20970 on localhost:11632 at 20:05:01.274
starting worker pid=20983 on localhost:11632 at 20:05:01.715
starting worker pid=20996 on localhost:11632 at 20:05:02.147
starting worker pid=21010 on localhost:11632 at 20:05:02.576
starting worker pid=21023 on localhost:11632 at 20:05:03.003
starting worker pid=21036 on localhost:11632 at 20:05:03.434
starting worker pid=21050 on localhost:11632 at 20:05:03.863
2022-05-10 20:12:58 INFO::After iteration 3, gene prior 0.00351738377037107:, SNP prior:0.00216636440957959
2022-05-10 20:12:58 INFO::Blocks are filtered: 821 blocks left
2022-05-10 20:12:58 INFO::Run susie iteratively, getting accurate estimate ...
2022-05-10 20:12:58 INFO::run iteration 1
starting worker pid=21592 on localhost:11632 at 20:12:58.983
starting worker pid=21607 on localhost:11632 at 20:12:59.424
starting worker pid=21620 on localhost:11632 at 20:12:59.865
starting worker pid=21634 on localhost:11632 at 20:13:00.286
starting worker pid=21647 on localhost:11632 at 20:13:00.715
starting worker pid=21660 on localhost:11632 at 20:13:01.144
starting worker pid=21674 on localhost:11632 at 20:13:01.573
starting worker pid=21687 on localhost:11632 at 20:13:02.003
starting worker pid=21700 on localhost:11632 at 20:13:02.426
starting worker pid=21714 on localhost:11632 at 20:13:02.855
2022-05-10 20:17:38 INFO::After iteration 1, gene prior 0.00454959929251249:, SNP prior:0.00256756267486258
2022-05-10 20:17:38 INFO::run iteration 2
starting worker pid=22588 on localhost:11632 at 20:17:39.083
starting worker pid=22601 on localhost:11632 at 20:17:39.550
starting worker pid=22614 on localhost:11632 at 20:17:40.008
starting worker pid=22628 on localhost:11632 at 20:17:40.458
starting worker pid=22641 on localhost:11632 at 20:17:40.884
starting worker pid=22654 on localhost:11632 at 20:17:41.316
starting worker pid=22668 on localhost:11632 at 20:17:41.747
starting worker pid=22681 on localhost:11632 at 20:17:42.169
starting worker pid=22694 on localhost:11632 at 20:17:42.599
starting worker pid=22774 on localhost:11632 at 20:17:43.038
2022-05-10 20:22:14 INFO::After iteration 2, gene prior 0.00536767512129427:, SNP prior:0.0028392438852408
2022-05-10 20:22:14 INFO::run iteration 3
starting worker pid=23241 on localhost:11632 at 20:22:15.397
starting worker pid=23254 on localhost:11632 at 20:22:15.805
starting worker pid=23267 on localhost:11632 at 20:22:16.236
starting worker pid=23281 on localhost:11632 at 20:22:16.674
starting worker pid=23294 on localhost:11632 at 20:22:17.098
starting worker pid=23307 on localhost:11632 at 20:22:17.531
starting worker pid=23321 on localhost:11632 at 20:22:17.960
starting worker pid=23334 on localhost:11632 at 20:22:18.390
starting worker pid=23347 on localhost:11632 at 20:22:18.819
starting worker pid=23361 on localhost:11632 at 20:22:19.245
2022-05-10 20:26:49 INFO::After iteration 3, gene prior 0.00596931566039064:, SNP prior:0.00300773901696283
2022-05-10 20:26:49 INFO::run iteration 4
starting worker pid=23671 on localhost:11632 at 20:26:49.679
starting worker pid=23684 on localhost:11632 at 20:26:50.097
starting worker pid=23697 on localhost:11632 at 20:26:50.520
starting worker pid=23711 on localhost:11632 at 20:26:50.956
starting worker pid=23724 on localhost:11632 at 20:26:51.387
starting worker pid=23737 on localhost:11632 at 20:26:51.817
starting worker pid=23751 on localhost:11632 at 20:26:52.245
starting worker pid=23764 on localhost:11632 at 20:26:52.672
starting worker pid=23777 on localhost:11632 at 20:26:53.105
starting worker pid=23791 on localhost:11632 at 20:26:53.532
2022-05-10 20:31:25 INFO::After iteration 4, gene prior 0.00634683179905094:, SNP prior:0.00308808697127685
2022-05-10 20:31:25 INFO::run iteration 5
starting worker pid=24173 on localhost:11632 at 20:31:25.658
starting worker pid=24187 on localhost:11632 at 20:31:26.127
starting worker pid=24200 on localhost:11632 at 20:31:26.586
starting worker pid=24214 on localhost:11632 at 20:31:27.035
starting worker pid=24230 on localhost:11632 at 20:31:27.478
starting worker pid=24243 on localhost:11632 at 20:31:27.908
starting worker pid=24257 on localhost:11632 at 20:31:28.342
starting worker pid=24270 on localhost:11632 at 20:31:28.778
starting worker pid=24283 on localhost:11632 at 20:31:29.209
starting worker pid=24297 on localhost:11632 at 20:31:29.646
2022-05-10 20:36:00 INFO::After iteration 5, gene prior 0.00658230922367258:, SNP prior:0.00312038699087867
2022-05-10 20:36:00 INFO::run iteration 6
starting worker pid=24608 on localhost:11632 at 20:36:00.996
starting worker pid=24621 on localhost:11632 at 20:36:01.436
starting worker pid=24635 on localhost:11632 at 20:36:01.890
starting worker pid=24648 on localhost:11632 at 20:36:02.348
starting worker pid=24661 on localhost:11632 at 20:36:02.790
starting worker pid=24675 on localhost:11632 at 20:36:03.229
starting worker pid=24688 on localhost:11632 at 20:36:03.672
starting worker pid=24701 on localhost:11632 at 20:36:04.110
starting worker pid=24715 on localhost:11632 at 20:36:04.548
starting worker pid=24728 on localhost:11632 at 20:36:04.987
2022-05-10 20:40:37 INFO::After iteration 6, gene prior 0.0067390469270535:, SNP prior:0.0031316285065305
2022-05-10 20:40:37 INFO::run iteration 7
starting worker pid=25041 on localhost:11632 at 20:40:38.388
starting worker pid=25054 on localhost:11632 at 20:40:38.833
starting worker pid=25068 on localhost:11632 at 20:40:39.278
starting worker pid=25081 on localhost:11632 at 20:40:39.721
starting worker pid=25095 on localhost:11632 at 20:40:40.166
starting worker pid=25108 on localhost:11632 at 20:40:40.605
starting worker pid=25121 on localhost:11632 at 20:40:41.046
starting worker pid=25135 on localhost:11632 at 20:40:41.497
starting worker pid=25148 on localhost:11632 at 20:40:41.937
starting worker pid=25161 on localhost:11632 at 20:40:42.387
2022-05-10 20:45:13 INFO::After iteration 7, gene prior 0.00685079842570445:, SNP prior:0.0031345420997295
2022-05-10 20:45:13 INFO::run iteration 8
starting worker pid=25592 on localhost:11632 at 20:45:14.339
starting worker pid=25605 on localhost:11632 at 20:45:14.780
starting worker pid=25619 on localhost:11632 at 20:45:15.244
starting worker pid=25632 on localhost:11632 at 20:45:15.707
starting worker pid=25645 on localhost:11632 at 20:45:16.159
starting worker pid=25659 on localhost:11632 at 20:45:16.628
starting worker pid=25672 on localhost:11632 at 20:45:17.077
starting worker pid=25685 on localhost:11632 at 20:45:17.524
starting worker pid=25699 on localhost:11632 at 20:45:17.975
starting worker pid=25712 on localhost:11632 at 20:45:18.425
2022-05-10 20:49:50 INFO::After iteration 8, gene prior 0.00693439181621508:, SNP prior:0.00313440345993203
2022-05-10 20:49:50 INFO::run iteration 9
starting worker pid=26705 on localhost:11632 at 20:49:51.419
starting worker pid=26718 on localhost:11632 at 20:49:51.870
starting worker pid=26732 on localhost:11632 at 20:49:52.342
starting worker pid=26745 on localhost:11632 at 20:49:52.798
starting worker pid=26759 on localhost:11632 at 20:49:53.258
starting worker pid=26772 on localhost:11632 at 20:49:53.714
starting worker pid=26785 on localhost:11632 at 20:49:54.164
starting worker pid=26799 on localhost:11632 at 20:49:54.614
starting worker pid=26812 on localhost:11632 at 20:49:55.066
starting worker pid=26825 on localhost:11632 at 20:49:55.527
2022-05-10 20:54:28 INFO::After iteration 9, gene prior 0.0069986556985301:, SNP prior:0.00313327946837405
2022-05-10 20:54:28 INFO::run iteration 10
starting worker pid=27138 on localhost:11632 at 20:54:28.944
starting worker pid=27151 on localhost:11632 at 20:54:29.409
starting worker pid=27164 on localhost:11632 at 20:54:29.877
starting worker pid=27178 on localhost:11632 at 20:54:30.340
starting worker pid=27192 on localhost:11632 at 20:54:30.799
starting worker pid=27205 on localhost:11632 at 20:54:31.259
starting worker pid=27219 on localhost:11632 at 20:54:31.724
starting worker pid=27232 on localhost:11632 at 20:54:32.190
starting worker pid=27245 on localhost:11632 at 20:54:32.649
starting worker pid=27259 on localhost:11632 at 20:54:33.117
2022-05-10 20:59:05 INFO::After iteration 10, gene prior 0.00704887006055729:, SNP prior:0.00313197350830806
2022-05-10 20:59:05 INFO::run iteration 11
starting worker pid=27571 on localhost:11632 at 20:59:06.222
starting worker pid=27584 on localhost:11632 at 20:59:06.661
starting worker pid=27597 on localhost:11632 at 20:59:07.144
starting worker pid=27611 on localhost:11632 at 20:59:07.610
starting worker pid=27624 on localhost:11632 at 20:59:08.080
starting worker pid=27638 on localhost:11632 at 20:59:08.544
starting worker pid=27651 on localhost:11632 at 20:59:09.004
starting worker pid=27664 on localhost:11632 at 20:59:09.464
starting worker pid=27678 on localhost:11632 at 20:59:09.925
starting worker pid=27691 on localhost:11632 at 20:59:10.394
2022-05-10 21:03:42 INFO::After iteration 11, gene prior 0.0070884449564964:, SNP prior:0.00313076753328851
2022-05-10 21:03:42 INFO::run iteration 12
starting worker pid=28004 on localhost:11632 at 21:03:42.843
starting worker pid=28018 on localhost:11632 at 21:03:43.312
starting worker pid=28031 on localhost:11632 at 21:03:43.801
starting worker pid=28046 on localhost:11632 at 21:03:44.286
starting worker pid=28059 on localhost:11632 at 21:03:44.756
starting worker pid=28072 on localhost:11632 at 21:03:45.228
starting worker pid=28086 on localhost:11632 at 21:03:45.698
starting worker pid=28099 on localhost:11632 at 21:03:46.165
starting worker pid=28112 on localhost:11632 at 21:03:46.635
starting worker pid=28126 on localhost:11632 at 21:03:47.106
2022-05-10 21:08:20 INFO::After iteration 12, gene prior 0.00711976484711661:, SNP prior:0.00312974064585414
2022-05-10 21:08:20 INFO::run iteration 13
starting worker pid=28436 on localhost:11632 at 21:08:21.071
starting worker pid=28450 on localhost:11632 at 21:08:21.520
starting worker pid=28463 on localhost:11632 at 21:08:21.994
starting worker pid=28478 on localhost:11632 at 21:08:22.489
starting worker pid=28491 on localhost:11632 at 21:08:22.969
starting worker pid=28504 on localhost:11632 at 21:08:23.446
starting worker pid=28518 on localhost:11632 at 21:08:23.917
starting worker pid=28531 on localhost:11632 at 21:08:24.398
starting worker pid=28544 on localhost:11632 at 21:08:24.876
starting worker pid=28558 on localhost:11632 at 21:08:25.353
2022-05-10 21:12:58 INFO::After iteration 13, gene prior 0.00714459760424024:, SNP prior:0.00312889681818496
2022-05-10 21:12:58 INFO::run iteration 14
starting worker pid=28870 on localhost:11632 at 21:12:58.733
starting worker pid=28883 on localhost:11632 at 21:12:59.212
starting worker pid=28897 on localhost:11632 at 21:12:59.689
starting worker pid=28910 on localhost:11632 at 21:13:00.175
starting worker pid=28923 on localhost:11632 at 21:13:00.656
starting worker pid=28937 on localhost:11632 at 21:13:01.134
starting worker pid=28950 on localhost:11632 at 21:13:01.616
starting worker pid=28963 on localhost:11632 at 21:13:02.096
starting worker pid=28977 on localhost:11632 at 21:13:02.592
starting worker pid=28991 on localhost:11632 at 21:13:03.073
2022-05-10 21:17:36 INFO::After iteration 14, gene prior 0.0071643005066971:, SNP prior:0.00312821518176626
2022-05-10 21:17:37 INFO::run iteration 15
starting worker pid=29802 on localhost:11632 at 21:17:37.574
starting worker pid=29815 on localhost:11632 at 21:17:38.075
starting worker pid=29829 on localhost:11632 at 21:17:38.575
starting worker pid=29842 on localhost:11632 at 21:17:39.069
starting worker pid=29856 on localhost:11632 at 21:17:39.557
starting worker pid=29869 on localhost:11632 at 21:17:40.038
starting worker pid=29882 on localhost:11632 at 21:17:40.523
starting worker pid=29896 on localhost:11632 at 21:17:41.010
starting worker pid=29909 on localhost:11632 at 21:17:41.498
starting worker pid=29923 on localhost:11632 at 21:17:41.984
2022-05-10 21:22:13 INFO::After iteration 15, gene prior 0.00717993542444351:, SNP prior:0.00312766930510742
2022-05-10 21:22:13 INFO::run iteration 16
starting worker pid=30460 on localhost:11632 at 21:22:14.318
starting worker pid=30475 on localhost:11632 at 21:22:14.816
starting worker pid=30488 on localhost:11632 at 21:22:15.326
starting worker pid=30502 on localhost:11632 at 21:22:15.811
starting worker pid=30515 on localhost:11632 at 21:22:16.291
starting worker pid=30529 on localhost:11632 at 21:22:16.776
starting worker pid=30542 on localhost:11632 at 21:22:17.258
starting worker pid=30555 on localhost:11632 at 21:22:17.757
starting worker pid=30569 on localhost:11632 at 21:22:18.245
starting worker pid=30582 on localhost:11632 at 21:22:18.728
2022-05-10 21:26:52 INFO::After iteration 16, gene prior 0.00719234094917507:, SNP prior:0.00312723412536853
2022-05-10 21:26:52 INFO::run iteration 17
starting worker pid=30895 on localhost:11632 at 21:26:52.685
starting worker pid=30908 on localhost:11632 at 21:26:53.168
starting worker pid=30925 on localhost:11632 at 21:26:53.625
starting worker pid=30939 on localhost:11632 at 21:26:54.110
starting worker pid=30952 on localhost:11632 at 21:26:54.606
starting worker pid=30965 on localhost:11632 at 21:26:55.097
starting worker pid=30979 on localhost:11632 at 21:26:55.577
starting worker pid=30992 on localhost:11632 at 21:26:56.057
starting worker pid=31006 on localhost:11632 at 21:26:56.542
starting worker pid=31019 on localhost:11632 at 21:26:57.026
2022-05-10 21:31:30 INFO::After iteration 17, gene prior 0.00720218217989209:, SNP prior:0.00312688804373324
2022-05-10 21:31:30 INFO::run iteration 18
starting worker pid=31332 on localhost:11632 at 21:31:31.019
starting worker pid=31346 on localhost:11632 at 21:31:31.480
starting worker pid=31359 on localhost:11632 at 21:31:31.964
starting worker pid=31373 on localhost:11632 at 21:31:32.444
starting worker pid=31386 on localhost:11632 at 21:31:32.923
starting worker pid=31399 on localhost:11632 at 21:31:33.406
starting worker pid=31413 on localhost:11632 at 21:31:33.889
starting worker pid=31426 on localhost:11632 at 21:31:34.374
starting worker pid=31439 on localhost:11632 at 21:31:34.855
starting worker pid=31453 on localhost:11632 at 21:31:35.337
2022-05-10 21:36:06 INFO::After iteration 18, gene prior 0.00720998749730406:, SNP prior:0.0031266131960954
2022-05-10 21:36:06 INFO::run iteration 19
starting worker pid=31763 on localhost:11632 at 21:36:07.213
starting worker pid=31776 on localhost:11632 at 21:36:07.709
starting worker pid=31789 on localhost:11632 at 21:36:08.224
starting worker pid=31803 on localhost:11632 at 21:36:08.709
starting worker pid=31816 on localhost:11632 at 21:36:09.198
starting worker pid=31830 on localhost:11632 at 21:36:09.683
starting worker pid=31843 on localhost:11632 at 21:36:10.170
starting worker pid=31856 on localhost:11632 at 21:36:10.659
starting worker pid=31870 on localhost:11632 at 21:36:11.147
starting worker pid=31883 on localhost:11632 at 21:36:11.628
2022-05-10 21:40:43 INFO::After iteration 19, gene prior 0.00721617684098457:, SNP prior:0.00312639509534117
2022-05-10 21:40:43 INFO::run iteration 20
starting worker pid=32194 on localhost:11632 at 21:40:43.811
starting worker pid=32207 on localhost:11632 at 21:40:44.312
starting worker pid=32221 on localhost:11632 at 21:40:44.816
starting worker pid=32234 on localhost:11632 at 21:40:45.307
starting worker pid=32248 on localhost:11632 at 21:40:45.788
starting worker pid=32261 on localhost:11632 at 21:40:46.275
starting worker pid=32274 on localhost:11632 at 21:40:46.767
starting worker pid=32288 on localhost:11632 at 21:40:47.254
starting worker pid=32301 on localhost:11632 at 21:40:47.742
starting worker pid=32315 on localhost:11632 at 21:40:48.237
2022-05-10 21:45:21 INFO::After iteration 20, gene prior 0.00722108391526355:, SNP prior:0.00312622211002325
2022-05-10 21:45:21 INFO::run iteration 21
starting worker pid=32624 on localhost:11632 at 21:45:21.696
starting worker pid=32638 on localhost:11632 at 21:45:22.200
starting worker pid=32651 on localhost:11632 at 21:45:22.724
starting worker pid=32665 on localhost:11632 at 21:45:23.229
starting worker pid=32678 on localhost:11632 at 21:45:23.729
starting worker pid=32692 on localhost:11632 at 21:45:24.218
starting worker pid=32705 on localhost:11632 at 21:45:24.706
starting worker pid=32718 on localhost:11632 at 21:45:25.194
starting worker pid=32732 on localhost:11632 at 21:45:25.677
starting worker pid=32745 on localhost:11632 at 21:45:26.165
2022-05-10 21:49:57 INFO::After iteration 21, gene prior 0.00722497380074028:, SNP prior:0.00312608495099778
2022-05-10 21:49:57 INFO::run iteration 22
starting worker pid=33713 on localhost:11632 at 21:49:57.993
starting worker pid=33726 on localhost:11632 at 21:49:58.477
starting worker pid=33739 on localhost:11632 at 21:49:58.978
starting worker pid=33753 on localhost:11632 at 21:49:59.467
starting worker pid=33766 on localhost:11632 at 21:49:59.957
starting worker pid=33780 on localhost:11632 at 21:50:00.445
starting worker pid=33793 on localhost:11632 at 21:50:00.934
starting worker pid=33806 on localhost:11632 at 21:50:01.419
starting worker pid=33820 on localhost:11632 at 21:50:01.907
starting worker pid=33833 on localhost:11632 at 21:50:02.388
2022-05-10 21:54:31 INFO::After iteration 22, gene prior 0.00722805697811516:, SNP prior:0.0031259762215332
2022-05-10 21:54:32 INFO::run iteration 23
starting worker pid=34143 on localhost:11632 at 21:54:32.585
starting worker pid=34156 on localhost:11632 at 21:54:33.059
starting worker pid=34170 on localhost:11632 at 21:54:33.544
starting worker pid=34183 on localhost:11632 at 21:54:34.038
starting worker pid=34196 on localhost:11632 at 21:54:34.522
starting worker pid=34210 on localhost:11632 at 21:54:35.006
starting worker pid=34223 on localhost:11632 at 21:54:35.504
starting worker pid=34237 on localhost:11632 at 21:54:35.989
starting worker pid=34250 on localhost:11632 at 21:54:36.484
starting worker pid=34263 on localhost:11632 at 21:54:36.971
2022-05-10 21:59:09 INFO::After iteration 23, gene prior 0.00723050050783819:, SNP prior:0.00312589004178453
2022-05-10 21:59:09 INFO::run iteration 24
starting worker pid=34578 on localhost:11632 at 21:59:10.031
starting worker pid=34591 on localhost:11632 at 21:59:10.512
starting worker pid=34605 on localhost:11632 at 21:59:11.013
starting worker pid=34618 on localhost:11632 at 21:59:11.508
starting worker pid=34632 on localhost:11632 at 21:59:11.994
starting worker pid=34647 on localhost:11632 at 21:59:12.478
starting worker pid=34660 on localhost:11632 at 21:59:12.965
starting worker pid=34674 on localhost:11632 at 21:59:13.447
starting worker pid=34687 on localhost:11632 at 21:59:13.938
starting worker pid=34701 on localhost:11632 at 21:59:14.435
2022-05-10 22:03:45 INFO::After iteration 24, gene prior 0.00723243694089316:, SNP prior:0.00312582174252809
2022-05-10 22:03:45 INFO::run iteration 25
starting worker pid=35011 on localhost:11632 at 22:03:46.219
starting worker pid=35025 on localhost:11632 at 22:03:46.723
starting worker pid=35038 on localhost:11632 at 22:03:47.223
starting worker pid=35051 on localhost:11632 at 22:03:47.716
starting worker pid=35065 on localhost:11632 at 22:03:48.206
starting worker pid=35078 on localhost:11632 at 22:03:48.695
starting worker pid=35092 on localhost:11632 at 22:03:49.187
starting worker pid=35105 on localhost:11632 at 22:03:49.676
starting worker pid=35118 on localhost:11632 at 22:03:50.164
starting worker pid=35132 on localhost:11632 at 22:03:50.658
2022-05-10 22:08:23 INFO::After iteration 25, gene prior 0.00723397141631884:, SNP prior:0.00312576761833397
2022-05-10 22:08:23 INFO::run iteration 26
starting worker pid=35445 on localhost:11632 at 22:08:23.696
starting worker pid=35459 on localhost:11632 at 22:08:24.193
starting worker pid=35472 on localhost:11632 at 22:08:24.678
starting worker pid=35485 on localhost:11632 at 22:08:25.165
starting worker pid=35499 on localhost:11632 at 22:08:25.648
starting worker pid=35512 on localhost:11632 at 22:08:26.134
starting worker pid=35525 on localhost:11632 at 22:08:26.619
starting worker pid=35540 on localhost:11632 at 22:08:27.108
starting worker pid=35553 on localhost:11632 at 22:08:27.598
starting worker pid=35567 on localhost:11632 at 22:08:28.085
2022-05-10 22:13:00 INFO::After iteration 26, gene prior 0.00723518730979526:, SNP prior:0.00312572472991506
2022-05-10 22:13:00 INFO::run iteration 27
starting worker pid=35878 on localhost:11632 at 22:13:00.751
starting worker pid=35891 on localhost:11632 at 22:13:01.223
starting worker pid=35905 on localhost:11632 at 22:13:01.689
starting worker pid=35918 on localhost:11632 at 22:13:02.175
starting worker pid=35931 on localhost:11632 at 22:13:02.666
starting worker pid=35945 on localhost:11632 at 22:13:03.154
starting worker pid=35958 on localhost:11632 at 22:13:03.639
starting worker pid=35972 on localhost:11632 at 22:13:04.130
starting worker pid=35985 on localhost:11632 at 22:13:04.617
starting worker pid=35998 on localhost:11632 at 22:13:05.105
2022-05-10 22:17:37 INFO::After iteration 27, gene prior 0.00723615072550939:, SNP prior:0.00312569074643215
2022-05-10 22:17:37 INFO::run iteration 28
starting worker pid=36811 on localhost:11632 at 22:17:38.068
starting worker pid=36824 on localhost:11632 at 22:17:38.522
starting worker pid=36838 on localhost:11632 at 22:17:38.984
starting worker pid=36851 on localhost:11632 at 22:17:39.468
starting worker pid=36864 on localhost:11632 at 22:17:39.957
starting worker pid=36878 on localhost:11632 at 22:17:40.446
starting worker pid=36891 on localhost:11632 at 22:17:40.929
starting worker pid=36904 on localhost:11632 at 22:17:41.417
starting worker pid=36918 on localhost:11632 at 22:17:41.905
starting worker pid=36931 on localhost:11632 at 22:17:42.398
2022-05-10 22:22:15 INFO::After iteration 28, gene prior 0.00723691406565581:, SNP prior:0.00312566381995216
2022-05-10 22:22:15 INFO::run iteration 29
starting worker pid=37471 on localhost:11632 at 22:22:16.172
starting worker pid=37485 on localhost:11632 at 22:22:16.650
starting worker pid=37498 on localhost:11632 at 22:22:17.148
starting worker pid=37512 on localhost:11632 at 22:22:17.638
starting worker pid=37525 on localhost:11632 at 22:22:18.129
starting worker pid=37538 on localhost:11632 at 22:22:18.615
starting worker pid=37552 on localhost:11632 at 22:22:19.100
starting worker pid=37565 on localhost:11632 at 22:22:19.591
starting worker pid=37579 on localhost:11632 at 22:22:20.082
starting worker pid=37592 on localhost:11632 at 22:22:20.567
2022-05-10 22:26:53 INFO::After iteration 29, gene prior 0.00723751886528054:, SNP prior:0.00312564248564115
2022-05-10 22:26:53 INFO::run iteration 30
starting worker pid=37905 on localhost:11632 at 22:26:54.059
starting worker pid=37920 on localhost:11632 at 22:26:54.522
starting worker pid=37933 on localhost:11632 at 22:26:55.013
starting worker pid=37947 on localhost:11632 at 22:26:55.526
starting worker pid=37960 on localhost:11632 at 22:26:56.018
starting worker pid=37973 on localhost:11632 at 22:26:56.517
starting worker pid=37987 on localhost:11632 at 22:26:57.006
starting worker pid=38000 on localhost:11632 at 22:26:57.495
starting worker pid=38014 on localhost:11632 at 22:26:57.985
starting worker pid=38027 on localhost:11632 at 22:26:58.477
2022-05-10 22:31:31 INFO::After iteration 30, gene prior 0.00723799804256405:, SNP prior:0.00312562558248882
2022-05-10 22:31:31 INFO::Run susie for all regions.
2022-05-10 22:31:31 INFO::run iteration 1
starting worker pid=38342 on localhost:11632 at 22:31:32.022
starting worker pid=38355 on localhost:11632 at 22:31:32.480
starting worker pid=38369 on localhost:11632 at 22:31:32.940
starting worker pid=38382 on localhost:11632 at 22:31:33.418
starting worker pid=38395 on localhost:11632 at 22:31:33.886
starting worker pid=38409 on localhost:11632 at 22:31:34.373
starting worker pid=38422 on localhost:11632 at 22:31:34.857
starting worker pid=38435 on localhost:11632 at 22:31:35.340
starting worker pid=38449 on localhost:11632 at 22:31:35.835
starting worker pid=38462 on localhost:11632 at 22:31:36.320
2022-05-10 22:39:40 INFO::After iteration 1, gene prior 0.0234272613411982:, SNP prior:0.0110418543328811
2022-05-10 22:39:40 INFO::No. LD regions: 1700
2022-05-10 22:39:47 INFO::No. regions with at least one SNP/gene for chr1: 131
2022-05-10 22:39:47 INFO::Merge regions for chr1
2022-05-10 22:39:47 INFO::No. regions with at least one SNP/gene for chr1 after merging: 131
2022-05-10 22:39:53 INFO::No. regions with at least one SNP/gene for chr2: 143
2022-05-10 22:39:53 INFO::Merge regions for chr2
2022-05-10 22:39:53 INFO::No. regions with at least one SNP/gene for chr2 after merging: 143
2022-05-10 22:39:58 INFO::No. regions with at least one SNP/gene for chr3: 122
2022-05-10 22:39:58 INFO::Merge regions for chr3
2022-05-10 22:39:58 INFO::No. regions with at least one SNP/gene for chr3 after merging: 122
2022-05-10 22:40:03 INFO::No. regions with at least one SNP/gene for chr4: 122
2022-05-10 22:40:03 INFO::Merge regions for chr4
2022-05-10 22:40:03 INFO::No. regions with at least one SNP/gene for chr4 after merging: 122
2022-05-10 22:40:08 INFO::No. regions with at least one SNP/gene for chr5: 110
2022-05-10 22:40:08 INFO::Merge regions for chr5
2022-05-10 22:40:08 INFO::No. regions with at least one SNP/gene for chr5 after merging: 110
2022-05-10 22:40:13 INFO::No. regions with at least one SNP/gene for chr6: 112
2022-05-10 22:40:13 INFO::Merge regions for chr6
2022-05-10 22:40:13 INFO::No. regions with at least one SNP/gene for chr6 after merging: 112
2022-05-10 22:40:16 INFO::No. regions with at least one SNP/gene for chr7: 99
2022-05-10 22:40:16 INFO::Merge regions for chr7
2022-05-10 22:40:16 INFO::No. regions with at least one SNP/gene for chr7 after merging: 97
2022-05-10 22:40:20 INFO::No. regions with at least one SNP/gene for chr8: 92
2022-05-10 22:40:20 INFO::Merge regions for chr8
2022-05-10 22:40:20 INFO::No. regions with at least one SNP/gene for chr8 after merging: 92
2022-05-10 22:40:23 INFO::No. regions with at least one SNP/gene for chr9: 74
2022-05-10 22:40:23 INFO::Merge regions for chr9
2022-05-10 22:40:23 INFO::No. regions with at least one SNP/gene for chr9 after merging: 74
2022-05-10 22:40:25 INFO::No. regions with at least one SNP/gene for chr10: 85
2022-05-10 22:40:25 INFO::Merge regions for chr10
2022-05-10 22:40:25 INFO::No. regions with at least one SNP/gene for chr10 after merging: 85
2022-05-10 22:40:29 INFO::No. regions with at least one SNP/gene for chr11: 84
2022-05-10 22:40:29 INFO::Merge regions for chr11
2022-05-10 22:40:29 INFO::No. regions with at least one SNP/gene for chr11 after merging: 84
2022-05-10 22:40:31 INFO::No. regions with at least one SNP/gene for chr12: 82
2022-05-10 22:40:31 INFO::Merge regions for chr12
2022-05-10 22:40:31 INFO::No. regions with at least one SNP/gene for chr12 after merging: 82
2022-05-10 22:40:34 INFO::No. regions with at least one SNP/gene for chr13: 62
2022-05-10 22:40:34 INFO::Merge regions for chr13
2022-05-10 22:40:34 INFO::No. regions with at least one SNP/gene for chr13 after merging: 62
2022-05-10 22:40:36 INFO::No. regions with at least one SNP/gene for chr14: 56
2022-05-10 22:40:36 INFO::Merge regions for chr14
2022-05-10 22:40:36 INFO::No. regions with at least one SNP/gene for chr14 after merging: 56
2022-05-10 22:40:37 INFO::No. regions with at least one SNP/gene for chr15: 50
2022-05-10 22:40:37 INFO::Merge regions for chr15
2022-05-10 22:40:37 INFO::No. regions with at least one SNP/gene for chr15 after merging: 49
2022-05-10 22:40:40 INFO::No. regions with at least one SNP/gene for chr16: 50
2022-05-10 22:40:40 INFO::Merge regions for chr16
2022-05-10 22:40:40 INFO::No. regions with at least one SNP/gene for chr16 after merging: 50
2022-05-10 22:40:41 INFO::No. regions with at least one SNP/gene for chr17: 47
2022-05-10 22:40:41 INFO::Merge regions for chr17
2022-05-10 22:40:41 INFO::No. regions with at least one SNP/gene for chr17 after merging: 46
2022-05-10 22:40:43 INFO::No. regions with at least one SNP/gene for chr18: 47
2022-05-10 22:40:43 INFO::Merge regions for chr18
2022-05-10 22:40:43 INFO::No. regions with at least one SNP/gene for chr18 after merging: 46
2022-05-10 22:40:44 INFO::No. regions with at least one SNP/gene for chr19: 39
2022-05-10 22:40:44 INFO::Merge regions for chr19
2022-05-10 22:40:44 INFO::No. regions with at least one SNP/gene for chr19 after merging: 39
2022-05-10 22:40:46 INFO::No. regions with at least one SNP/gene for chr20: 38
2022-05-10 22:40:46 INFO::Merge regions for chr20
2022-05-10 22:40:46 INFO::No. regions with at least one SNP/gene for chr20 after merging: 38
2022-05-10 22:40:48 INFO::No. regions with at least one SNP/gene for chr21: 15
2022-05-10 22:40:48 INFO::Merge regions for chr21
2022-05-10 22:40:48 INFO::No. regions with at least one SNP/gene for chr21 after merging: 15
2022-05-10 22:40:49 INFO::No. regions with at least one SNP/gene for chr22: 24
2022-05-10 22:40:49 INFO::Merge regions for chr22
2022-05-10 22:40:49 INFO::No. regions with at least one SNP/gene for chr22 after merging: 22
2022-05-10 22:40:49 INFO::Trim regions with SNPs more than 20000
2022-05-10 22:40:49 INFO::Adding R matrix info, as genotype is not given
2022-05-10 22:40:50 INFO::Adding R matrix info for chrom 1
2022-05-10 22:53:37 INFO::Adding R matrix info for chrom 2
2022-05-10 23:06:00 INFO::Adding R matrix info for chrom 3
2022-05-10 23:15:25 INFO::Adding R matrix info for chrom 4
2022-05-10 23:24:22 INFO::Adding R matrix info for chrom 5
2022-05-10 23:32:25 INFO::Adding R matrix info for chrom 6
2022-05-10 23:42:08 INFO::Adding R matrix info for chrom 7
2022-05-10 23:52:20 INFO::Adding R matrix info for chrom 8
2022-05-10 23:59:18 INFO::Adding R matrix info for chrom 9
2022-05-11 00:05:30 INFO::Adding R matrix info for chrom 10
2022-05-11 00:12:50 INFO::Adding R matrix info for chrom 11
2022-05-11 00:21:05 INFO::Adding R matrix info for chrom 12
2022-05-11 00:28:42 INFO::Adding R matrix info for chrom 13
2022-05-11 00:33:28 INFO::Adding R matrix info for chrom 14
2022-05-11 00:38:48 INFO::Adding R matrix info for chrom 15
2022-05-11 00:43:36 INFO::Adding R matrix info for chrom 16
2022-05-11 00:48:08 INFO::Adding R matrix info for chrom 17
2022-05-11 00:55:42 INFO::Adding R matrix info for chrom 18
2022-05-11 00:59:38 INFO::Adding R matrix info for chrom 19
2022-05-11 01:06:09 INFO::Adding R matrix info for chrom 20
2022-05-11 01:10:11 INFO::Adding R matrix info for chrom 21
2022-05-11 01:10:58 INFO::Adding R matrix info for chrom 22
2022-05-11 01:15:53 INFO::Number of regions that contains strong gene signals: 1
2022-05-11 01:15:53 INFO::Rerun susie for regions with strong gene signals using full SNPs.
2022-05-11 01:15:53 INFO::run iteration 1
starting worker pid=52424 on localhost:11632 at 01:15:54.204
2022-05-11 01:16:24 INFO::After iteration 1, gene prior 0.0435632686378419:, SNP prior:0.00165622102657739
$group_prior
[1] 0.0072379980 0.0003125626

$group_prior_var
[1] 10.68937 10.43283

R version 3.6.1 (2019-07-05)
Platform: x86_64-pc-linux-gnu (64-bit)
Running under: Scientific Linux 7.4 (Nitrogen)

Matrix products: default
BLAS/LAPACK: /software/openblas-0.2.19-el7-x86_64/lib/libopenblas_haswellp-r0.2.19.so

locale:
[1] C

attached base packages:
[1] stats     graphics  grDevices utils     datasets  methods   base     

other attached packages:
[1] data.table_1.14.2 ctwas_0.1.32     

loaded via a namespace (and not attached):
 [1] Rcpp_1.0.8        magrittr_2.0.2    pgenlibr_0.3.1    hms_1.1.1        
 [5] doParallel_1.0.17 bit_4.0.4         lattice_0.20-38   R6_2.5.1         
 [9] rlang_1.0.1       fastmap_1.1.0     foreach_1.5.2     fansi_1.0.2      
[13] blob_1.2.2        tools_3.6.1       parallel_3.6.1    grid_3.6.1       
[17] logging_0.10-108  utf8_1.2.2        cli_3.1.0         DBI_1.1.2        
[21] iterators_1.0.14  ellipsis_0.3.2    bit64_4.0.5       tibble_3.1.6     
[25] lifecycle_1.0.1   crayon_1.5.0      Matrix_1.2-18     tzdb_0.2.0       
[29] readr_2.1.1       vctrs_0.3.8       codetools_0.2-16  memoise_2.0.1    
[33] cachem_1.0.6      RSQLite_2.2.8     pillar_1.6.4      compiler_3.6.1   
[37] pkgconfig_2.0.3  
