[1] "/project2/xinhe/shengqian/cTWAS/cTWAS_analysis/data/scz_2018.RDS"                                     
[2] "/project2/mstephens/wcrouse/UKB_LDR_0.1"                                                              
[3] "/project2/xinhe/shengqian/cTWAS/cTWAS_analysis/data/mashr_sqtl/sqtl/mashr/mashr_Brain_Hypothalamus.db"
[4] "/project2/xinhe/shengqian/cTWAS/cTWAS_analysis/code/ctwas_config.R"                                   
[5] "SCZ_Brain_Hypothalamus_expr"                                                                          
[6] "SCZ_Brain_Hypothalamus_ctwas"                                                                         
[7] "/project2/xinhe/shengqian/cTWAS/cTWAS_analysis/data/SCZ_2018_S/Brain_Hypothalamus"                    
2022-05-10 13:06:20 INFO::Flipping z scores to match LD reference
2022-05-10 13:06:23 INFO::Reading weights for chromosome 1
2022-05-10 13:06:24 INFO::Number of genes with weights provided: 30326
2022-05-10 13:06:24 INFO::Collecting gene weight information ...
2022-05-10 13:06:24 INFO::Flipping weights to match LD reference
2022-05-10 13:06:24 INFO::Harmonizing strand ambiguous weights using correlations with unambiguous variants
2022-05-10 13:18:17 INFO::Start gene z score imputation ...
2022-05-10 13:18:17 INFO::Using given LD matrices to impute gene z score.
2022-05-10 13:28:28 INFO::Imputation done, writing results to output...
2022-05-10 13:28:28 INFO::Imputation done: number of genes with imputed expression: 1843 for chr 1
2022-05-10 13:28:29 INFO::Flipping z scores to match LD reference
2022-05-10 13:28:31 INFO::Reading weights for chromosome 2
2022-05-10 13:28:31 INFO::Number of genes with weights provided: 30326
2022-05-10 13:28:31 INFO::Collecting gene weight information ...
2022-05-10 13:28:31 INFO::Flipping weights to match LD reference
2022-05-10 13:28:31 INFO::Harmonizing strand ambiguous weights using correlations with unambiguous variants
2022-05-10 13:38:46 INFO::Start gene z score imputation ...
2022-05-10 13:38:46 INFO::Using given LD matrices to impute gene z score.
2022-05-10 13:47:54 INFO::Imputation done, writing results to output...
2022-05-10 13:47:55 INFO::Imputation done: number of genes with imputed expression: 1406 for chr 2
2022-05-10 13:47:56 INFO::Flipping z scores to match LD reference
2022-05-10 13:47:57 INFO::Reading weights for chromosome 3
2022-05-10 13:47:57 INFO::Number of genes with weights provided: 30326
2022-05-10 13:47:57 INFO::Collecting gene weight information ...
2022-05-10 13:47:57 INFO::Flipping weights to match LD reference
2022-05-10 13:47:57 INFO::Harmonizing strand ambiguous weights using correlations with unambiguous variants
2022-05-10 13:54:32 INFO::Start gene z score imputation ...
2022-05-10 13:54:32 INFO::Using given LD matrices to impute gene z score.
2022-05-10 14:01:48 INFO::Imputation done, writing results to output...
2022-05-10 14:01:48 INFO::Imputation done: number of genes with imputed expression: 1208 for chr 3
2022-05-10 14:01:49 INFO::Flipping z scores to match LD reference
2022-05-10 14:01:50 INFO::Reading weights for chromosome 4
2022-05-10 14:01:50 INFO::Number of genes with weights provided: 30326
2022-05-10 14:01:50 INFO::Collecting gene weight information ...
2022-05-10 14:01:50 INFO::Flipping weights to match LD reference
2022-05-10 14:01:50 INFO::Harmonizing strand ambiguous weights using correlations with unambiguous variants
2022-05-10 14:06:43 INFO::Start gene z score imputation ...
2022-05-10 14:06:43 INFO::Using given LD matrices to impute gene z score.
2022-05-10 14:13:25 INFO::Imputation done, writing results to output...
2022-05-10 14:13:25 INFO::Imputation done: number of genes with imputed expression: 781 for chr 4
2022-05-10 14:13:26 INFO::Flipping z scores to match LD reference
2022-05-10 14:13:27 INFO::Reading weights for chromosome 5
2022-05-10 14:13:27 INFO::Number of genes with weights provided: 30326
2022-05-10 14:13:27 INFO::Collecting gene weight information ...
2022-05-10 14:13:27 INFO::Flipping weights to match LD reference
2022-05-10 14:13:27 INFO::Harmonizing strand ambiguous weights using correlations with unambiguous variants
2022-05-10 14:18:47 INFO::Start gene z score imputation ...
2022-05-10 14:18:47 INFO::Using given LD matrices to impute gene z score.
2022-05-10 14:25:05 INFO::Imputation done, writing results to output...
2022-05-10 14:25:05 INFO::Imputation done: number of genes with imputed expression: 846 for chr 5
2022-05-10 14:25:06 INFO::Flipping z scores to match LD reference
2022-05-10 14:25:08 INFO::Reading weights for chromosome 6
2022-05-10 14:25:08 INFO::Number of genes with weights provided: 30326
2022-05-10 14:25:08 INFO::Collecting gene weight information ...
2022-05-10 14:25:08 INFO::Flipping weights to match LD reference
2022-05-10 14:25:08 INFO::Harmonizing strand ambiguous weights using correlations with unambiguous variants
2022-05-10 14:37:26 INFO::Start gene z score imputation ...
2022-05-10 14:37:26 INFO::Using given LD matrices to impute gene z score.
2022-05-10 14:44:16 INFO::Imputation done, writing results to output...
2022-05-10 14:44:16 INFO::Imputation done: number of genes with imputed expression: 1042 for chr 6
2022-05-10 14:44:17 INFO::Flipping z scores to match LD reference
2022-05-10 14:44:18 INFO::Reading weights for chromosome 7
2022-05-10 14:44:18 INFO::Number of genes with weights provided: 30326
2022-05-10 14:44:18 INFO::Collecting gene weight information ...
2022-05-10 14:44:18 INFO::Flipping weights to match LD reference
2022-05-10 14:44:18 INFO::Harmonizing strand ambiguous weights using correlations with unambiguous variants
2022-05-10 14:52:55 INFO::Start gene z score imputation ...
2022-05-10 14:52:55 INFO::Using given LD matrices to impute gene z score.
2022-05-10 15:00:31 INFO::Imputation done, writing results to output...
2022-05-10 15:00:32 INFO::Imputation done: number of genes with imputed expression: 1147 for chr 7
2022-05-10 15:00:33 INFO::Flipping z scores to match LD reference
2022-05-10 15:00:34 INFO::Reading weights for chromosome 8
2022-05-10 15:00:34 INFO::Number of genes with weights provided: 30326
2022-05-10 15:00:34 INFO::Collecting gene weight information ...
2022-05-10 15:00:34 INFO::Flipping weights to match LD reference
2022-05-10 15:00:34 INFO::Harmonizing strand ambiguous weights using correlations with unambiguous variants
2022-05-10 15:04:50 INFO::Start gene z score imputation ...
2022-05-10 15:04:50 INFO::Using given LD matrices to impute gene z score.
2022-05-10 15:10:22 INFO::Imputation done, writing results to output...
2022-05-10 15:10:23 INFO::Imputation done: number of genes with imputed expression: 677 for chr 8
2022-05-10 15:10:23 INFO::Flipping z scores to match LD reference
2022-05-10 15:10:24 INFO::Reading weights for chromosome 9
2022-05-10 15:10:24 INFO::Number of genes with weights provided: 30326
2022-05-10 15:10:24 INFO::Collecting gene weight information ...
2022-05-10 15:10:24 INFO::Flipping weights to match LD reference
2022-05-10 15:10:24 INFO::Harmonizing strand ambiguous weights using correlations with unambiguous variants
2022-05-10 15:15:59 INFO::Start gene z score imputation ...
2022-05-10 15:15:59 INFO::Using given LD matrices to impute gene z score.
2022-05-10 15:20:59 INFO::Imputation done, writing results to output...
2022-05-10 15:21:01 INFO::Imputation done: number of genes with imputed expression: 814 for chr 9
2022-05-10 15:21:02 INFO::Flipping z scores to match LD reference
2022-05-10 15:21:03 INFO::Reading weights for chromosome 10
2022-05-10 15:21:04 INFO::Number of genes with weights provided: 30326
2022-05-10 15:21:04 INFO::Collecting gene weight information ...
2022-05-10 15:21:04 INFO::Flipping weights to match LD reference
2022-05-10 15:21:04 INFO::Harmonizing strand ambiguous weights using correlations with unambiguous variants
2022-05-10 15:29:29 INFO::Start gene z score imputation ...
2022-05-10 15:29:29 INFO::Using given LD matrices to impute gene z score.
2022-05-10 15:36:01 INFO::Imputation done, writing results to output...
2022-05-10 15:36:01 INFO::Imputation done: number of genes with imputed expression: 921 for chr 10
2022-05-10 15:36:02 INFO::Flipping z scores to match LD reference
2022-05-10 15:36:03 INFO::Reading weights for chromosome 11
2022-05-10 15:36:03 INFO::Number of genes with weights provided: 30326
2022-05-10 15:36:03 INFO::Collecting gene weight information ...
2022-05-10 15:36:03 INFO::Flipping weights to match LD reference
2022-05-10 15:36:03 INFO::Harmonizing strand ambiguous weights using correlations with unambiguous variants
2022-05-10 15:44:01 INFO::Start gene z score imputation ...
2022-05-10 15:44:01 INFO::Using given LD matrices to impute gene z score.
2022-05-10 15:50:30 INFO::Imputation done, writing results to output...
2022-05-10 15:50:30 INFO::Imputation done: number of genes with imputed expression: 1170 for chr 11
2022-05-10 15:50:31 INFO::Flipping z scores to match LD reference
2022-05-10 15:50:32 INFO::Reading weights for chromosome 12
2022-05-10 15:50:32 INFO::Number of genes with weights provided: 30326
2022-05-10 15:50:32 INFO::Collecting gene weight information ...
2022-05-10 15:50:32 INFO::Flipping weights to match LD reference
2022-05-10 15:50:32 INFO::Harmonizing strand ambiguous weights using correlations with unambiguous variants
2022-05-10 15:57:08 INFO::Start gene z score imputation ...
2022-05-10 15:57:08 INFO::Using given LD matrices to impute gene z score.
2022-05-10 16:04:06 INFO::Imputation done, writing results to output...
2022-05-10 16:04:06 INFO::Imputation done: number of genes with imputed expression: 1073 for chr 12
2022-05-10 16:04:07 INFO::Flipping z scores to match LD reference
2022-05-10 16:04:08 INFO::Reading weights for chromosome 13
2022-05-10 16:04:08 INFO::Number of genes with weights provided: 30326
2022-05-10 16:04:08 INFO::Collecting gene weight information ...
2022-05-10 16:04:08 INFO::Flipping weights to match LD reference
2022-05-10 16:04:08 INFO::Harmonizing strand ambiguous weights using correlations with unambiguous variants
2022-05-10 16:07:02 INFO::Start gene z score imputation ...
2022-05-10 16:07:02 INFO::Using given LD matrices to impute gene z score.
2022-05-10 16:10:09 INFO::Imputation done, writing results to output...
2022-05-10 16:10:10 INFO::Imputation done: number of genes with imputed expression: 396 for chr 13
2022-05-10 16:10:10 INFO::Flipping z scores to match LD reference
2022-05-10 16:10:11 INFO::Reading weights for chromosome 14
2022-05-10 16:10:11 INFO::Number of genes with weights provided: 30326
2022-05-10 16:10:11 INFO::Collecting gene weight information ...
2022-05-10 16:10:11 INFO::Flipping weights to match LD reference
2022-05-10 16:10:11 INFO::Harmonizing strand ambiguous weights using correlations with unambiguous variants
2022-05-10 16:15:21 INFO::Start gene z score imputation ...
2022-05-10 16:15:21 INFO::Using given LD matrices to impute gene z score.
2022-05-10 16:19:34 INFO::Imputation done, writing results to output...
2022-05-10 16:19:34 INFO::Imputation done: number of genes with imputed expression: 705 for chr 14
2022-05-10 16:19:35 INFO::Flipping z scores to match LD reference
2022-05-10 16:19:36 INFO::Reading weights for chromosome 15
2022-05-10 16:19:36 INFO::Number of genes with weights provided: 30326
2022-05-10 16:19:36 INFO::Collecting gene weight information ...
2022-05-10 16:19:36 INFO::Flipping weights to match LD reference
2022-05-10 16:19:36 INFO::Harmonizing strand ambiguous weights using correlations with unambiguous variants
2022-05-10 16:23:52 INFO::Start gene z score imputation ...
2022-05-10 16:23:52 INFO::Using given LD matrices to impute gene z score.
2022-05-10 16:28:01 INFO::Imputation done, writing results to output...
2022-05-10 16:28:07 INFO::Imputation done: number of genes with imputed expression: 657 for chr 15
2022-05-10 16:28:07 INFO::Flipping z scores to match LD reference
2022-05-10 16:28:08 INFO::Reading weights for chromosome 16
2022-05-10 16:28:08 INFO::Number of genes with weights provided: 30326
2022-05-10 16:28:08 INFO::Collecting gene weight information ...
2022-05-10 16:28:08 INFO::Flipping weights to match LD reference
2022-05-10 16:28:08 INFO::Harmonizing strand ambiguous weights using correlations with unambiguous variants
2022-05-10 16:34:12 INFO::Start gene z score imputation ...
2022-05-10 16:34:12 INFO::Using given LD matrices to impute gene z score.
2022-05-10 16:37:56 INFO::Imputation done, writing results to output...
2022-05-10 16:37:57 INFO::Imputation done: number of genes with imputed expression: 781 for chr 16
2022-05-10 16:37:58 INFO::Flipping z scores to match LD reference
2022-05-10 16:37:59 INFO::Reading weights for chromosome 17
2022-05-10 16:37:59 INFO::Number of genes with weights provided: 30326
2022-05-10 16:37:59 INFO::Collecting gene weight information ...
2022-05-10 16:37:59 INFO::Flipping weights to match LD reference
2022-05-10 16:37:59 INFO::Harmonizing strand ambiguous weights using correlations with unambiguous variants
2022-05-10 16:45:35 INFO::Start gene z score imputation ...
2022-05-10 16:45:35 INFO::Using given LD matrices to impute gene z score.
2022-05-10 16:51:17 INFO::Imputation done, writing results to output...
2022-05-10 16:51:18 INFO::Imputation done: number of genes with imputed expression: 1382 for chr 17
2022-05-10 16:51:18 INFO::Flipping z scores to match LD reference
2022-05-10 16:51:19 INFO::Reading weights for chromosome 18
2022-05-10 16:51:19 INFO::Number of genes with weights provided: 30326
2022-05-10 16:51:19 INFO::Collecting gene weight information ...
2022-05-10 16:51:19 INFO::Flipping weights to match LD reference
2022-05-10 16:51:19 INFO::Harmonizing strand ambiguous weights using correlations with unambiguous variants
2022-05-10 16:53:37 INFO::Start gene z score imputation ...
2022-05-10 16:53:37 INFO::Using given LD matrices to impute gene z score.
2022-05-10 16:56:09 INFO::Imputation done, writing results to output...
2022-05-10 16:56:09 INFO::Imputation done: number of genes with imputed expression: 282 for chr 18
2022-05-10 16:56:10 INFO::Flipping z scores to match LD reference
2022-05-10 16:56:11 INFO::Reading weights for chromosome 19
2022-05-10 16:56:11 INFO::Number of genes with weights provided: 30326
2022-05-10 16:56:11 INFO::Collecting gene weight information ...
2022-05-10 16:56:11 INFO::Flipping weights to match LD reference
2022-05-10 16:56:11 INFO::Harmonizing strand ambiguous weights using correlations with unambiguous variants
2022-05-10 17:06:12 INFO::Start gene z score imputation ...
2022-05-10 17:06:12 INFO::Using given LD matrices to impute gene z score.
2022-05-10 17:11:49 INFO::Imputation done, writing results to output...
2022-05-10 17:11:49 INFO::Imputation done: number of genes with imputed expression: 1439 for chr 19
2022-05-10 17:11:50 INFO::Flipping z scores to match LD reference
2022-05-10 17:11:51 INFO::Reading weights for chromosome 20
2022-05-10 17:11:51 INFO::Number of genes with weights provided: 30326
2022-05-10 17:11:51 INFO::Collecting gene weight information ...
2022-05-10 17:11:51 INFO::Flipping weights to match LD reference
2022-05-10 17:11:51 INFO::Harmonizing strand ambiguous weights using correlations with unambiguous variants
2022-05-10 17:16:53 INFO::Start gene z score imputation ...
2022-05-10 17:16:53 INFO::Using given LD matrices to impute gene z score.
2022-05-10 17:20:46 INFO::Imputation done, writing results to output...
2022-05-10 17:20:46 INFO::Imputation done: number of genes with imputed expression: 658 for chr 20
2022-05-10 17:20:46 INFO::Flipping z scores to match LD reference
2022-05-10 17:20:47 INFO::Reading weights for chromosome 21
2022-05-10 17:20:47 INFO::Number of genes with weights provided: 30326
2022-05-10 17:20:47 INFO::Collecting gene weight information ...
2022-05-10 17:20:47 INFO::Flipping weights to match LD reference
2022-05-10 17:20:47 INFO::Harmonizing strand ambiguous weights using correlations with unambiguous variants
2022-05-10 17:23:10 INFO::Start gene z score imputation ...
2022-05-10 17:23:10 INFO::Using given LD matrices to impute gene z score.
2022-05-10 17:23:38 INFO::Imputation done, writing results to output...
2022-05-10 17:23:38 INFO::Imputation done: number of genes with imputed expression: 36 for chr 21
2022-05-10 17:23:38 INFO::Flipping z scores to match LD reference
2022-05-10 17:23:39 INFO::Reading weights for chromosome 22
2022-05-10 17:23:39 INFO::Number of genes with weights provided: 30326
2022-05-10 17:23:39 INFO::Collecting gene weight information ...
2022-05-10 17:23:39 INFO::Flipping weights to match LD reference
2022-05-10 17:23:39 INFO::Harmonizing strand ambiguous weights using correlations with unambiguous variants
2022-05-10 17:28:21 INFO::Start gene z score imputation ...
2022-05-10 17:28:21 INFO::Using given LD matrices to impute gene z score.
2022-05-10 17:30:58 INFO::Imputation done, writing results to output...
2022-05-10 17:30:58 INFO::Imputation done: number of genes with imputed expression: 638 for chr 22
2022-05-10 17:31:19 INFO::ctwas started ...
2022-05-10 17:31:43 INFO::LD region file: /home/shengqian/R/x86_64-pc-linux-gnu-library/3.6/ctwas/extdata/ldetect/EUR.b38.bed
2022-05-10 17:31:54 INFO::No. LD regions: 1700
2022-05-10 17:32:00 INFO::No. regions with at least one SNP/gene for chr1: 131
2022-05-10 17:32:00 INFO::Merge regions for chr1
2022-05-10 17:32:00 INFO::No. regions with at least one SNP/gene for chr1 after merging: 130
2022-05-10 17:32:08 INFO::No. regions with at least one SNP/gene for chr2: 143
2022-05-10 17:32:08 INFO::Merge regions for chr2
2022-05-10 17:32:08 INFO::No. regions with at least one SNP/gene for chr2 after merging: 143
2022-05-10 17:32:14 INFO::No. regions with at least one SNP/gene for chr3: 122
2022-05-10 17:32:14 INFO::Merge regions for chr3
2022-05-10 17:32:14 INFO::No. regions with at least one SNP/gene for chr3 after merging: 122
2022-05-10 17:32:20 INFO::No. regions with at least one SNP/gene for chr4: 122
2022-05-10 17:32:20 INFO::Merge regions for chr4
2022-05-10 17:32:20 INFO::No. regions with at least one SNP/gene for chr4 after merging: 122
2022-05-10 17:32:25 INFO::No. regions with at least one SNP/gene for chr5: 110
2022-05-10 17:32:25 INFO::Merge regions for chr5
2022-05-10 17:32:25 INFO::No. regions with at least one SNP/gene for chr5 after merging: 110
2022-05-10 17:32:30 INFO::No. regions with at least one SNP/gene for chr6: 112
2022-05-10 17:32:30 INFO::Merge regions for chr6
2022-05-10 17:32:30 INFO::No. regions with at least one SNP/gene for chr6 after merging: 112
2022-05-10 17:32:34 INFO::No. regions with at least one SNP/gene for chr7: 99
2022-05-10 17:32:34 INFO::Merge regions for chr7
2022-05-10 17:32:34 INFO::No. regions with at least one SNP/gene for chr7 after merging: 97
2022-05-10 17:32:39 INFO::No. regions with at least one SNP/gene for chr8: 92
2022-05-10 17:32:39 INFO::Merge regions for chr8
2022-05-10 17:32:39 INFO::No. regions with at least one SNP/gene for chr8 after merging: 92
2022-05-10 17:32:41 INFO::No. regions with at least one SNP/gene for chr9: 74
2022-05-10 17:32:41 INFO::Merge regions for chr9
2022-05-10 17:32:41 INFO::No. regions with at least one SNP/gene for chr9 after merging: 74
2022-05-10 17:32:45 INFO::No. regions with at least one SNP/gene for chr10: 85
2022-05-10 17:32:45 INFO::Merge regions for chr10
2022-05-10 17:32:45 INFO::No. regions with at least one SNP/gene for chr10 after merging: 85
2022-05-10 17:32:49 INFO::No. regions with at least one SNP/gene for chr11: 84
2022-05-10 17:32:49 INFO::Merge regions for chr11
2022-05-10 17:32:49 INFO::No. regions with at least one SNP/gene for chr11 after merging: 83
2022-05-10 17:32:52 INFO::No. regions with at least one SNP/gene for chr12: 82
2022-05-10 17:32:52 INFO::Merge regions for chr12
2022-05-10 17:32:52 INFO::No. regions with at least one SNP/gene for chr12 after merging: 81
2022-05-10 17:32:55 INFO::No. regions with at least one SNP/gene for chr13: 62
2022-05-10 17:32:55 INFO::Merge regions for chr13
2022-05-10 17:32:55 INFO::No. regions with at least one SNP/gene for chr13 after merging: 62
2022-05-10 17:32:56 INFO::No. regions with at least one SNP/gene for chr14: 56
2022-05-10 17:32:56 INFO::Merge regions for chr14
2022-05-10 17:32:56 INFO::No. regions with at least one SNP/gene for chr14 after merging: 56
2022-05-10 17:32:58 INFO::No. regions with at least one SNP/gene for chr15: 50
2022-05-10 17:32:58 INFO::Merge regions for chr15
2022-05-10 17:32:58 INFO::No. regions with at least one SNP/gene for chr15 after merging: 49
2022-05-10 17:33:00 INFO::No. regions with at least one SNP/gene for chr16: 50
2022-05-10 17:33:00 INFO::Merge regions for chr16
2022-05-10 17:33:00 INFO::No. regions with at least one SNP/gene for chr16 after merging: 50
2022-05-10 17:33:02 INFO::No. regions with at least one SNP/gene for chr17: 47
2022-05-10 17:33:02 INFO::Merge regions for chr17
2022-05-10 17:33:02 INFO::No. regions with at least one SNP/gene for chr17 after merging: 45
2022-05-10 17:33:04 INFO::No. regions with at least one SNP/gene for chr18: 47
2022-05-10 17:33:04 INFO::Merge regions for chr18
2022-05-10 17:33:04 INFO::No. regions with at least one SNP/gene for chr18 after merging: 47
2022-05-10 17:33:05 INFO::No. regions with at least one SNP/gene for chr19: 39
2022-05-10 17:33:05 INFO::Merge regions for chr19
2022-05-10 17:33:05 INFO::No. regions with at least one SNP/gene for chr19 after merging: 39
2022-05-10 17:33:07 INFO::No. regions with at least one SNP/gene for chr20: 38
2022-05-10 17:33:07 INFO::Merge regions for chr20
2022-05-10 17:33:07 INFO::No. regions with at least one SNP/gene for chr20 after merging: 38
2022-05-10 17:33:08 INFO::No. regions with at least one SNP/gene for chr21: 15
2022-05-10 17:33:08 INFO::Merge regions for chr21
2022-05-10 17:33:08 INFO::No. regions with at least one SNP/gene for chr21 after merging: 15
2022-05-10 17:33:09 INFO::No. regions with at least one SNP/gene for chr22: 24
2022-05-10 17:33:09 INFO::Merge regions for chr22
2022-05-10 17:33:09 INFO::No. regions with at least one SNP/gene for chr22 after merging: 24
2022-05-10 17:33:09 INFO::Trim regions with SNPs more than Inf
2022-05-10 17:33:09 INFO::Adding R matrix info, as genotype is not given
2022-05-10 17:33:09 INFO::Adding R matrix info for chrom 1
2022-05-10 17:47:01 INFO::Adding R matrix info for chrom 2
2022-05-10 17:59:50 INFO::Adding R matrix info for chrom 3
2022-05-10 18:09:43 INFO::Adding R matrix info for chrom 4
2022-05-10 18:19:25 INFO::Adding R matrix info for chrom 5
2022-05-10 18:28:00 INFO::Adding R matrix info for chrom 6
2022-05-10 18:38:05 INFO::Adding R matrix info for chrom 7
2022-05-10 18:47:45 INFO::Adding R matrix info for chrom 8
2022-05-10 18:55:24 INFO::Adding R matrix info for chrom 9
2022-05-10 19:02:03 INFO::Adding R matrix info for chrom 10
2022-05-10 19:10:06 INFO::Adding R matrix info for chrom 11
2022-05-10 19:18:51 INFO::Adding R matrix info for chrom 12
2022-05-10 19:27:15 INFO::Adding R matrix info for chrom 13
2022-05-10 19:32:11 INFO::Adding R matrix info for chrom 14
2022-05-10 19:37:45 INFO::Adding R matrix info for chrom 15
2022-05-10 19:42:44 INFO::Adding R matrix info for chrom 16
2022-05-10 19:47:17 INFO::Adding R matrix info for chrom 17
2022-05-10 19:54:25 INFO::Adding R matrix info for chrom 18
2022-05-10 19:58:07 INFO::Adding R matrix info for chrom 19
2022-05-10 20:05:06 INFO::Adding R matrix info for chrom 20
2022-05-10 20:09:12 INFO::Adding R matrix info for chrom 21
2022-05-10 20:10:05 INFO::Adding R matrix info for chrom 22
2022-05-10 20:13:02 INFO::Run susie iteratively, getting rough estimate ...
2022-05-10 20:13:02 INFO::run iteration 1
starting worker pid=12542 on localhost:11431 at 20:13:02.667
starting worker pid=12555 on localhost:11431 at 20:13:03.074
starting worker pid=12568 on localhost:11431 at 20:13:03.476
starting worker pid=12582 on localhost:11431 at 20:13:03.878
starting worker pid=12595 on localhost:11431 at 20:13:04.275
starting worker pid=12608 on localhost:11431 at 20:13:04.677
starting worker pid=12622 on localhost:11431 at 20:13:05.074
starting worker pid=12635 on localhost:11431 at 20:13:05.474
starting worker pid=12648 on localhost:11431 at 20:13:05.873
starting worker pid=12662 on localhost:11431 at 20:13:06.277
2022-05-10 20:21:03 INFO::After iteration 1, gene prior 0.00335108551961756:, SNP prior:0.00255042701762862
2022-05-10 20:21:04 INFO::run iteration 2
starting worker pid=13986 on localhost:11431 at 20:21:04.664
starting worker pid=14000 on localhost:11431 at 20:21:05.078
starting worker pid=14013 on localhost:11431 at 20:21:05.475
starting worker pid=14027 on localhost:11431 at 20:21:05.903
starting worker pid=14040 on localhost:11431 at 20:21:06.319
starting worker pid=14053 on localhost:11431 at 20:21:06.725
starting worker pid=14067 on localhost:11431 at 20:21:07.126
starting worker pid=14081 on localhost:11431 at 20:21:07.526
starting worker pid=14094 on localhost:11431 at 20:21:07.929
starting worker pid=14108 on localhost:11431 at 20:21:08.334
2022-05-10 20:28:57 INFO::After iteration 2, gene prior 0.00357028064730653:, SNP prior:0.00223989195154093
2022-05-10 20:28:57 INFO::run iteration 3
starting worker pid=14629 on localhost:11431 at 20:28:58.592
starting worker pid=14642 on localhost:11431 at 20:28:59.005
starting worker pid=14656 on localhost:11431 at 20:28:59.414
starting worker pid=14669 on localhost:11431 at 20:28:59.824
starting worker pid=14682 on localhost:11431 at 20:29:00.228
starting worker pid=14696 on localhost:11431 at 20:29:00.626
starting worker pid=14709 on localhost:11431 at 20:29:01.036
starting worker pid=14722 on localhost:11431 at 20:29:01.439
starting worker pid=14736 on localhost:11431 at 20:29:01.844
starting worker pid=14749 on localhost:11431 at 20:29:02.243
2022-05-10 20:36:56 INFO::After iteration 3, gene prior 0.0039525664371901:, SNP prior:0.00214119891482003
2022-05-10 20:36:56 INFO::Blocks are filtered: 819 blocks left
2022-05-10 20:36:56 INFO::Run susie iteratively, getting accurate estimate ...
2022-05-10 20:36:56 INFO::run iteration 1
starting worker pid=15290 on localhost:11431 at 20:36:57.078
starting worker pid=15304 on localhost:11431 at 20:36:57.516
starting worker pid=15317 on localhost:11431 at 20:36:57.959
starting worker pid=15331 on localhost:11431 at 20:36:58.395
starting worker pid=15344 on localhost:11431 at 20:36:58.826
starting worker pid=15357 on localhost:11431 at 20:36:59.245
starting worker pid=15371 on localhost:11431 at 20:36:59.657
starting worker pid=15384 on localhost:11431 at 20:37:00.070
starting worker pid=15397 on localhost:11431 at 20:37:00.488
starting worker pid=15411 on localhost:11431 at 20:37:00.905
2022-05-10 20:41:38 INFO::After iteration 1, gene prior 0.00529027376784274:, SNP prior:0.00253000277454077
2022-05-10 20:41:39 INFO::run iteration 2
starting worker pid=15739 on localhost:11431 at 20:41:39.576
starting worker pid=15753 on localhost:11431 at 20:41:40.024
starting worker pid=15766 on localhost:11431 at 20:41:40.467
starting worker pid=15780 on localhost:11431 at 20:41:40.905
starting worker pid=15793 on localhost:11431 at 20:41:41.335
starting worker pid=15806 on localhost:11431 at 20:41:41.771
starting worker pid=15820 on localhost:11431 at 20:41:42.177
starting worker pid=15833 on localhost:11431 at 20:41:42.597
starting worker pid=15846 on localhost:11431 at 20:41:43.013
starting worker pid=15860 on localhost:11431 at 20:41:43.436
2022-05-10 20:46:19 INFO::After iteration 2, gene prior 0.00631207779745173:, SNP prior:0.00279648957196632
2022-05-10 20:46:19 INFO::run iteration 3
starting worker pid=16174 on localhost:11431 at 20:46:20.035
starting worker pid=16187 on localhost:11431 at 20:46:20.450
starting worker pid=16201 on localhost:11431 at 20:46:20.852
starting worker pid=16214 on localhost:11431 at 20:46:21.275
starting worker pid=16227 on localhost:11431 at 20:46:21.703
starting worker pid=16245 on localhost:11431 at 20:46:22.139
starting worker pid=16330 on localhost:11431 at 20:46:22.578
starting worker pid=16419 on localhost:11431 at 20:46:23.006
starting worker pid=16502 on localhost:11431 at 20:46:23.437
starting worker pid=16573 on localhost:11431 at 20:46:23.869
2022-05-10 20:51:01 INFO::After iteration 3, gene prior 0.0070318261119713:, SNP prior:0.002964669010043
2022-05-10 20:51:02 INFO::run iteration 4
starting worker pid=17385 on localhost:11431 at 20:51:02.595
starting worker pid=17398 on localhost:11431 at 20:51:03.047
starting worker pid=17412 on localhost:11431 at 20:51:03.505
starting worker pid=17425 on localhost:11431 at 20:51:03.953
starting worker pid=17439 on localhost:11431 at 20:51:04.385
starting worker pid=17452 on localhost:11431 at 20:51:04.816
starting worker pid=17465 on localhost:11431 at 20:51:05.242
starting worker pid=17479 on localhost:11431 at 20:51:05.668
starting worker pid=17492 on localhost:11431 at 20:51:06.098
starting worker pid=17505 on localhost:11431 at 20:51:06.528
2022-05-10 20:55:39 INFO::After iteration 4, gene prior 0.0074755382810533:, SNP prior:0.00304570915647777
2022-05-10 20:55:39 INFO::run iteration 5
starting worker pid=17817 on localhost:11431 at 20:55:39.977
starting worker pid=17830 on localhost:11431 at 20:55:40.416
starting worker pid=17844 on localhost:11431 at 20:55:40.864
starting worker pid=17857 on localhost:11431 at 20:55:41.303
starting worker pid=17870 on localhost:11431 at 20:55:41.735
starting worker pid=17884 on localhost:11431 at 20:55:42.173
starting worker pid=17897 on localhost:11431 at 20:55:42.605
starting worker pid=17910 on localhost:11431 at 20:55:43.036
starting worker pid=17924 on localhost:11431 at 20:55:43.466
starting worker pid=17937 on localhost:11431 at 20:55:43.899
2022-05-10 21:00:17 INFO::After iteration 5, gene prior 0.007743723616598:, SNP prior:0.00307834482676401
2022-05-10 21:00:17 INFO::run iteration 6
starting worker pid=18248 on localhost:11431 at 21:00:17.663
starting worker pid=18262 on localhost:11431 at 21:00:18.129
starting worker pid=18275 on localhost:11431 at 21:00:18.593
starting worker pid=18288 on localhost:11431 at 21:00:19.048
starting worker pid=18302 on localhost:11431 at 21:00:19.505
starting worker pid=18315 on localhost:11431 at 21:00:19.947
starting worker pid=18329 on localhost:11431 at 21:00:20.383
starting worker pid=18342 on localhost:11431 at 21:00:20.815
starting worker pid=18355 on localhost:11431 at 21:00:21.254
starting worker pid=18369 on localhost:11431 at 21:00:21.694
2022-05-10 21:04:53 INFO::After iteration 6, gene prior 0.00791511376468428:, SNP prior:0.003089792327989
2022-05-10 21:04:53 INFO::run iteration 7
starting worker pid=18681 on localhost:11431 at 21:04:54.350
starting worker pid=18694 on localhost:11431 at 21:04:54.801
starting worker pid=18708 on localhost:11431 at 21:04:55.267
starting worker pid=18721 on localhost:11431 at 21:04:55.717
starting worker pid=18734 on localhost:11431 at 21:04:56.154
starting worker pid=18749 on localhost:11431 at 21:04:56.597
starting worker pid=18762 on localhost:11431 at 21:04:57.033
starting worker pid=18775 on localhost:11431 at 21:04:57.476
starting worker pid=18789 on localhost:11431 at 21:04:57.917
starting worker pid=18802 on localhost:11431 at 21:04:58.356
2022-05-10 21:09:28 INFO::After iteration 7, gene prior 0.00803208036296247:, SNP prior:0.00309280067472501
2022-05-10 21:09:29 INFO::run iteration 8
starting worker pid=19045 on localhost:11431 at 21:09:29.491
starting worker pid=19059 on localhost:11431 at 21:09:29.964
starting worker pid=19072 on localhost:11431 at 21:09:30.426
starting worker pid=19086 on localhost:11431 at 21:09:30.887
starting worker pid=19099 on localhost:11431 at 21:09:31.335
starting worker pid=19112 on localhost:11431 at 21:09:31.787
starting worker pid=19126 on localhost:11431 at 21:09:32.233
starting worker pid=19139 on localhost:11431 at 21:09:32.678
starting worker pid=19152 on localhost:11431 at 21:09:33.136
starting worker pid=19166 on localhost:11431 at 21:09:33.586
2022-05-10 21:14:05 INFO::After iteration 8, gene prior 0.00811619674140004:, SNP prior:0.00309274723211662
2022-05-10 21:14:05 INFO::run iteration 9
starting worker pid=19475 on localhost:11431 at 21:14:05.913
starting worker pid=19488 on localhost:11431 at 21:14:06.364
starting worker pid=19501 on localhost:11431 at 21:14:06.802
starting worker pid=19515 on localhost:11431 at 21:14:07.265
starting worker pid=19528 on localhost:11431 at 21:14:07.718
starting worker pid=19541 on localhost:11431 at 21:14:08.184
starting worker pid=19555 on localhost:11431 at 21:14:08.635
starting worker pid=19568 on localhost:11431 at 21:14:09.085
starting worker pid=19581 on localhost:11431 at 21:14:09.535
starting worker pid=19595 on localhost:11431 at 21:14:09.985
2022-05-10 21:18:43 INFO::After iteration 9, gene prior 0.0081788390913248:, SNP prior:0.00309174126860317
2022-05-10 21:18:44 INFO::run iteration 10
starting worker pid=20466 on localhost:11431 at 21:18:44.663
starting worker pid=20479 on localhost:11431 at 21:18:45.121
starting worker pid=20492 on localhost:11431 at 21:18:45.594
starting worker pid=20506 on localhost:11431 at 21:18:46.054
starting worker pid=20519 on localhost:11431 at 21:18:46.509
starting worker pid=20533 on localhost:11431 at 21:18:46.966
starting worker pid=20547 on localhost:11431 at 21:18:47.425
starting worker pid=20560 on localhost:11431 at 21:18:47.887
starting worker pid=20574 on localhost:11431 at 21:18:48.348
starting worker pid=20587 on localhost:11431 at 21:18:48.802
2022-05-10 21:23:21 INFO::After iteration 10, gene prior 0.00822650257808285:, SNP prior:0.00309056742130447
2022-05-10 21:23:21 INFO::run iteration 11
starting worker pid=21065 on localhost:11431 at 21:23:22.351
starting worker pid=21078 on localhost:11431 at 21:23:22.797
starting worker pid=21092 on localhost:11431 at 21:23:23.254
starting worker pid=21105 on localhost:11431 at 21:23:23.728
starting worker pid=21118 on localhost:11431 at 21:23:24.185
starting worker pid=21132 on localhost:11431 at 21:23:24.637
starting worker pid=21145 on localhost:11431 at 21:23:25.093
starting worker pid=21158 on localhost:11431 at 21:23:25.545
starting worker pid=21172 on localhost:11431 at 21:23:25.995
starting worker pid=21185 on localhost:11431 at 21:23:26.447
2022-05-10 21:27:58 INFO::After iteration 11, gene prior 0.00826322884593086:, SNP prior:0.00308949345047867
2022-05-10 21:27:58 INFO::run iteration 12
starting worker pid=21497 on localhost:11431 at 21:27:59.213
starting worker pid=21510 on localhost:11431 at 21:27:59.650
starting worker pid=21524 on localhost:11431 at 21:28:00.115
starting worker pid=21537 on localhost:11431 at 21:28:00.584
starting worker pid=21550 on localhost:11431 at 21:28:01.055
starting worker pid=21564 on localhost:11431 at 21:28:01.514
starting worker pid=21577 on localhost:11431 at 21:28:01.968
starting worker pid=21590 on localhost:11431 at 21:28:02.426
starting worker pid=21604 on localhost:11431 at 21:28:02.885
starting worker pid=21617 on localhost:11431 at 21:28:03.338
2022-05-10 21:32:35 INFO::After iteration 12, gene prior 0.00829173040335715:, SNP prior:0.00308859042887324
2022-05-10 21:32:35 INFO::run iteration 13
starting worker pid=21928 on localhost:11431 at 21:32:36.002
starting worker pid=21942 on localhost:11431 at 21:32:36.475
starting worker pid=21955 on localhost:11431 at 21:32:36.945
starting worker pid=21969 on localhost:11431 at 21:32:37.418
starting worker pid=21982 on localhost:11431 at 21:32:37.872
starting worker pid=21995 on localhost:11431 at 21:32:38.330
starting worker pid=22010 on localhost:11431 at 21:32:38.789
starting worker pid=22023 on localhost:11431 at 21:32:39.259
starting worker pid=22037 on localhost:11431 at 21:32:39.717
starting worker pid=22051 on localhost:11431 at 21:32:40.173
2022-05-10 21:37:12 INFO::After iteration 13, gene prior 0.0083139360901337:, SNP prior:0.00308785850181365
2022-05-10 21:37:12 INFO::run iteration 14
starting worker pid=22361 on localhost:11431 at 21:37:13.075
starting worker pid=22375 on localhost:11431 at 21:37:13.552
starting worker pid=22388 on localhost:11431 at 21:37:14.033
starting worker pid=22403 on localhost:11431 at 21:37:14.506
starting worker pid=22416 on localhost:11431 at 21:37:14.968
starting worker pid=22429 on localhost:11431 at 21:37:15.425
starting worker pid=22443 on localhost:11431 at 21:37:15.885
starting worker pid=22456 on localhost:11431 at 21:37:16.343
starting worker pid=22469 on localhost:11431 at 21:37:16.796
starting worker pid=22483 on localhost:11431 at 21:37:17.248
2022-05-10 21:41:49 INFO::After iteration 14, gene prior 0.00833127271522495:, SNP prior:0.00308727552024956
2022-05-10 21:41:49 INFO::run iteration 15
starting worker pid=22794 on localhost:11431 at 21:41:50.025
starting worker pid=22807 on localhost:11431 at 21:41:50.464
starting worker pid=22821 on localhost:11431 at 21:41:50.915
starting worker pid=22834 on localhost:11431 at 21:41:51.372
starting worker pid=22847 on localhost:11431 at 21:41:51.826
starting worker pid=22861 on localhost:11431 at 21:41:52.280
starting worker pid=22874 on localhost:11431 at 21:41:52.736
starting worker pid=22888 on localhost:11431 at 21:41:53.198
starting worker pid=22901 on localhost:11431 at 21:41:53.656
starting worker pid=22914 on localhost:11431 at 21:41:54.107
2022-05-10 21:46:26 INFO::After iteration 15, gene prior 0.00834482219097602:, SNP prior:0.00308681519583173
2022-05-10 21:46:26 INFO::run iteration 16
starting worker pid=23725 on localhost:11431 at 21:46:27.473
starting worker pid=23738 on localhost:11431 at 21:46:27.922
starting worker pid=23752 on localhost:11431 at 21:46:28.395
starting worker pid=23765 on localhost:11431 at 21:46:28.866
starting worker pid=23778 on localhost:11431 at 21:46:29.317
starting worker pid=23792 on localhost:11431 at 21:46:29.786
starting worker pid=23805 on localhost:11431 at 21:46:30.244
starting worker pid=23819 on localhost:11431 at 21:46:30.695
starting worker pid=23832 on localhost:11431 at 21:46:31.156
starting worker pid=23845 on localhost:11431 at 21:46:31.615
2022-05-10 21:51:03 INFO::After iteration 16, gene prior 0.00835541699781689:, SNP prior:0.00308645334098507
2022-05-10 21:51:03 INFO::run iteration 17
starting worker pid=24433 on localhost:11431 at 21:51:04.250
starting worker pid=24447 on localhost:11431 at 21:51:04.719
starting worker pid=24460 on localhost:11431 at 21:51:05.195
starting worker pid=24474 on localhost:11431 at 21:51:05.656
starting worker pid=24487 on localhost:11431 at 21:51:06.105
starting worker pid=24500 on localhost:11431 at 21:51:06.564
starting worker pid=24514 on localhost:11431 at 21:51:07.016
starting worker pid=24527 on localhost:11431 at 21:51:07.468
starting worker pid=24540 on localhost:11431 at 21:51:07.924
starting worker pid=24554 on localhost:11431 at 21:51:08.376
2022-05-10 21:55:40 INFO::After iteration 17, gene prior 0.00836370300868873:, SNP prior:0.00308616955987516
2022-05-10 21:55:40 INFO::run iteration 18
starting worker pid=24914 on localhost:11431 at 21:55:41.121
starting worker pid=24928 on localhost:11431 at 21:55:41.571
starting worker pid=24941 on localhost:11431 at 21:55:42.043
starting worker pid=24954 on localhost:11431 at 21:55:42.513
starting worker pid=24968 on localhost:11431 at 21:55:42.985
starting worker pid=24981 on localhost:11431 at 21:55:43.465
starting worker pid=24994 on localhost:11431 at 21:55:43.935
starting worker pid=25008 on localhost:11431 at 21:55:44.394
starting worker pid=25021 on localhost:11431 at 21:55:44.855
starting worker pid=25034 on localhost:11431 at 21:55:45.324
2022-05-10 22:00:17 INFO::After iteration 18, gene prior 0.00837018357335466:, SNP prior:0.00308594642970235
2022-05-10 22:00:18 INFO::run iteration 19
starting worker pid=25347 on localhost:11431 at 22:00:18.528
starting worker pid=25361 on localhost:11431 at 22:00:19.017
starting worker pid=25374 on localhost:11431 at 22:00:19.503
starting worker pid=25388 on localhost:11431 at 22:00:19.968
starting worker pid=25401 on localhost:11431 at 22:00:20.423
starting worker pid=25414 on localhost:11431 at 22:00:20.887
starting worker pid=25428 on localhost:11431 at 22:00:21.344
starting worker pid=25441 on localhost:11431 at 22:00:21.796
starting worker pid=25454 on localhost:11431 at 22:00:22.257
starting worker pid=25468 on localhost:11431 at 22:00:22.720
2022-05-10 22:04:54 INFO::After iteration 19, gene prior 0.0083752465798864:, SNP prior:0.00308577083571861
2022-05-10 22:04:54 INFO::run iteration 20
starting worker pid=25785 on localhost:11431 at 22:04:55.328
starting worker pid=25798 on localhost:11431 at 22:04:55.815
starting worker pid=25812 on localhost:11431 at 22:04:56.304
starting worker pid=25825 on localhost:11431 at 22:04:56.774
starting worker pid=25838 on localhost:11431 at 22:04:57.238
starting worker pid=25852 on localhost:11431 at 22:04:57.695
starting worker pid=25865 on localhost:11431 at 22:04:58.156
starting worker pid=25879 on localhost:11431 at 22:04:58.612
starting worker pid=25892 on localhost:11431 at 22:04:59.069
starting worker pid=25905 on localhost:11431 at 22:04:59.528
2022-05-10 22:09:31 INFO::After iteration 20, gene prior 0.00837919220608376:, SNP prior:0.00308563226371476
2022-05-10 22:09:31 INFO::run iteration 21
starting worker pid=26150 on localhost:11431 at 22:09:32.136
starting worker pid=26164 on localhost:11431 at 22:09:32.602
starting worker pid=26177 on localhost:11431 at 22:09:33.074
starting worker pid=26191 on localhost:11431 at 22:09:33.546
starting worker pid=26204 on localhost:11431 at 22:09:33.996
starting worker pid=26220 on localhost:11431 at 22:09:34.448
starting worker pid=26234 on localhost:11431 at 22:09:34.907
starting worker pid=26247 on localhost:11431 at 22:09:35.363
starting worker pid=26261 on localhost:11431 at 22:09:35.820
starting worker pid=26274 on localhost:11431 at 22:09:36.292
2022-05-10 22:14:09 INFO::After iteration 21, gene prior 0.00838226845181289:, SNP prior:0.00308552353110183
2022-05-10 22:14:09 INFO::run iteration 22
starting worker pid=26586 on localhost:11431 at 22:14:09.876
starting worker pid=26599 on localhost:11431 at 22:14:10.355
starting worker pid=26612 on localhost:11431 at 22:14:10.823
starting worker pid=26626 on localhost:11431 at 22:14:11.277
starting worker pid=26639 on localhost:11431 at 22:14:11.734
starting worker pid=26652 on localhost:11431 at 22:14:12.194
starting worker pid=26666 on localhost:11431 at 22:14:12.658
starting worker pid=26680 on localhost:11431 at 22:14:13.115
starting worker pid=26693 on localhost:11431 at 22:14:13.575
starting worker pid=26707 on localhost:11431 at 22:14:14.034
2022-05-10 22:18:46 INFO::After iteration 22, gene prior 0.00838466735000355:, SNP prior:0.0030854384598512
2022-05-10 22:18:47 INFO::run iteration 23
starting worker pid=27519 on localhost:11431 at 22:18:47.656
starting worker pid=27532 on localhost:11431 at 22:18:48.126
starting worker pid=27546 on localhost:11431 at 22:18:48.593
starting worker pid=27559 on localhost:11431 at 22:18:49.054
starting worker pid=27572 on localhost:11431 at 22:18:49.508
starting worker pid=27586 on localhost:11431 at 22:18:49.970
starting worker pid=27599 on localhost:11431 at 22:18:50.424
starting worker pid=27668 on localhost:11431 at 22:18:50.887
starting worker pid=27685 on localhost:11431 at 22:18:51.345
starting worker pid=27698 on localhost:11431 at 22:18:51.817
2022-05-10 22:23:23 INFO::After iteration 23, gene prior 0.00838653818506609:, SNP prior:0.00308537200138273
2022-05-10 22:23:23 INFO::run iteration 24
starting worker pid=28175 on localhost:11431 at 22:23:24.184
starting worker pid=28188 on localhost:11431 at 22:23:24.653
starting worker pid=28201 on localhost:11431 at 22:23:25.117
starting worker pid=28215 on localhost:11431 at 22:23:25.575
starting worker pid=28228 on localhost:11431 at 22:23:26.057
starting worker pid=28241 on localhost:11431 at 22:23:26.519
starting worker pid=28255 on localhost:11431 at 22:23:26.994
starting worker pid=28268 on localhost:11431 at 22:23:27.447
starting worker pid=28282 on localhost:11431 at 22:23:27.904
starting worker pid=28295 on localhost:11431 at 22:23:28.356
2022-05-10 22:28:00 INFO::After iteration 24, gene prior 0.00838799722526089:, SNP prior:0.00308532012484752
2022-05-10 22:28:00 INFO::run iteration 25
starting worker pid=28604 on localhost:11431 at 22:28:00.790
starting worker pid=28618 on localhost:11431 at 22:28:01.263
starting worker pid=28631 on localhost:11431 at 22:28:01.724
starting worker pid=28645 on localhost:11431 at 22:28:02.194
starting worker pid=28658 on localhost:11431 at 22:28:02.656
starting worker pid=28671 on localhost:11431 at 22:28:03.115
starting worker pid=28685 on localhost:11431 at 22:28:03.576
starting worker pid=28698 on localhost:11431 at 22:28:04.038
starting worker pid=28711 on localhost:11431 at 22:28:04.495
starting worker pid=28725 on localhost:11431 at 22:28:04.956
2022-05-10 22:32:37 INFO::After iteration 25, gene prior 0.00838913510397549:, SNP prior:0.00308527964820486
2022-05-10 22:32:38 INFO::run iteration 26
starting worker pid=29114 on localhost:11431 at 22:32:38.597
starting worker pid=29127 on localhost:11431 at 22:32:39.040
starting worker pid=29141 on localhost:11431 at 22:32:39.496
starting worker pid=29154 on localhost:11431 at 22:32:39.964
starting worker pid=29167 on localhost:11431 at 22:32:40.426
starting worker pid=29181 on localhost:11431 at 22:32:40.885
starting worker pid=29194 on localhost:11431 at 22:32:41.345
starting worker pid=29207 on localhost:11431 at 22:32:41.804
starting worker pid=29225 on localhost:11431 at 22:32:42.269
starting worker pid=29238 on localhost:11431 at 22:32:42.730
2022-05-10 22:37:15 INFO::After iteration 26, gene prior 0.0083900224996062:, SNP prior:0.00308524807383522
2022-05-10 22:37:15 INFO::run iteration 27
starting worker pid=29550 on localhost:11431 at 22:37:16.144
starting worker pid=29564 on localhost:11431 at 22:37:16.617
starting worker pid=29577 on localhost:11431 at 22:37:17.083
starting worker pid=29590 on localhost:11431 at 22:37:17.556
starting worker pid=29604 on localhost:11431 at 22:37:18.015
starting worker pid=29617 on localhost:11431 at 22:37:18.477
starting worker pid=29630 on localhost:11431 at 22:37:18.939
starting worker pid=29644 on localhost:11431 at 22:37:19.400
starting worker pid=29657 on localhost:11431 at 22:37:19.856
starting worker pid=29670 on localhost:11431 at 22:37:20.312
2022-05-10 22:41:52 INFO::After iteration 27, gene prior 0.00839071453781987:, SNP prior:0.00308522344713953
2022-05-10 22:41:52 INFO::run iteration 28
starting worker pid=29983 on localhost:11431 at 22:41:52.845
starting worker pid=29996 on localhost:11431 at 22:41:53.313
starting worker pid=30009 on localhost:11431 at 22:41:53.794
starting worker pid=30023 on localhost:11431 at 22:41:54.278
starting worker pid=30036 on localhost:11431 at 22:41:54.746
starting worker pid=30050 on localhost:11431 at 22:41:55.209
starting worker pid=30063 on localhost:11431 at 22:41:55.676
starting worker pid=30076 on localhost:11431 at 22:41:56.136
starting worker pid=30090 on localhost:11431 at 22:41:56.597
starting worker pid=30103 on localhost:11431 at 22:41:57.055
2022-05-10 22:46:29 INFO::After iteration 28, gene prior 0.00839125421581056:, SNP prior:0.00308520424087278
2022-05-10 22:46:29 INFO::run iteration 29
starting worker pid=30917 on localhost:11431 at 22:46:29.896
starting worker pid=30930 on localhost:11431 at 22:46:30.368
starting worker pid=30944 on localhost:11431 at 22:46:30.838
starting worker pid=30958 on localhost:11431 at 22:46:31.299
starting worker pid=30971 on localhost:11431 at 22:46:31.757
starting worker pid=30984 on localhost:11431 at 22:46:32.219
starting worker pid=30998 on localhost:11431 at 22:46:32.681
starting worker pid=31011 on localhost:11431 at 22:46:33.149
starting worker pid=31025 on localhost:11431 at 22:46:33.611
starting worker pid=31038 on localhost:11431 at 22:46:34.068
2022-05-10 22:51:06 INFO::After iteration 29, gene prior 0.00839167507046264:, SNP prior:0.00308518926271263
2022-05-10 22:51:06 INFO::run iteration 30
starting worker pid=31727 on localhost:11431 at 22:51:06.758
starting worker pid=31740 on localhost:11431 at 22:51:07.227
starting worker pid=31754 on localhost:11431 at 22:51:07.694
starting worker pid=31767 on localhost:11431 at 22:51:08.167
starting worker pid=31781 on localhost:11431 at 22:51:08.638
starting worker pid=31794 on localhost:11431 at 22:51:09.096
starting worker pid=31807 on localhost:11431 at 22:51:09.554
starting worker pid=31821 on localhost:11431 at 22:51:10.014
starting worker pid=31834 on localhost:11431 at 22:51:10.476
starting worker pid=31847 on localhost:11431 at 22:51:10.936
2022-05-10 22:55:42 INFO::After iteration 30, gene prior 0.0083920032590439:, SNP prior:0.00308517758224335
2022-05-10 22:55:42 INFO::Run susie for all regions.
2022-05-10 22:55:42 INFO::run iteration 1
starting worker pid=32176 on localhost:11431 at 22:55:43.187
starting worker pid=32190 on localhost:11431 at 22:55:43.655
starting worker pid=32203 on localhost:11431 at 22:55:44.127
starting worker pid=32218 on localhost:11431 at 22:55:44.589
starting worker pid=32231 on localhost:11431 at 22:55:45.046
starting worker pid=32244 on localhost:11431 at 22:55:45.504
starting worker pid=32258 on localhost:11431 at 22:55:45.969
starting worker pid=32272 on localhost:11431 at 22:55:46.414
starting worker pid=32285 on localhost:11431 at 22:55:46.875
starting worker pid=32299 on localhost:11431 at 22:55:47.335
2022-05-10 23:03:52 INFO::After iteration 1, gene prior 0.0255322030955186:, SNP prior:0.0109109836327129
2022-05-10 23:03:53 INFO::No. LD regions: 1700
2022-05-10 23:03:59 INFO::No. regions with at least one SNP/gene for chr1: 131
2022-05-10 23:03:59 INFO::Merge regions for chr1
2022-05-10 23:03:59 INFO::No. regions with at least one SNP/gene for chr1 after merging: 130
2022-05-10 23:04:06 INFO::No. regions with at least one SNP/gene for chr2: 143
2022-05-10 23:04:06 INFO::Merge regions for chr2
2022-05-10 23:04:06 INFO::No. regions with at least one SNP/gene for chr2 after merging: 143
2022-05-10 23:04:11 INFO::No. regions with at least one SNP/gene for chr3: 122
2022-05-10 23:04:11 INFO::Merge regions for chr3
2022-05-10 23:04:11 INFO::No. regions with at least one SNP/gene for chr3 after merging: 122
2022-05-10 23:04:16 INFO::No. regions with at least one SNP/gene for chr4: 122
2022-05-10 23:04:16 INFO::Merge regions for chr4
2022-05-10 23:04:16 INFO::No. regions with at least one SNP/gene for chr4 after merging: 122
2022-05-10 23:04:21 INFO::No. regions with at least one SNP/gene for chr5: 110
2022-05-10 23:04:21 INFO::Merge regions for chr5
2022-05-10 23:04:21 INFO::No. regions with at least one SNP/gene for chr5 after merging: 110
2022-05-10 23:04:25 INFO::No. regions with at least one SNP/gene for chr6: 112
2022-05-10 23:04:25 INFO::Merge regions for chr6
2022-05-10 23:04:25 INFO::No. regions with at least one SNP/gene for chr6 after merging: 112
2022-05-10 23:04:30 INFO::No. regions with at least one SNP/gene for chr7: 99
2022-05-10 23:04:30 INFO::Merge regions for chr7
2022-05-10 23:04:30 INFO::No. regions with at least one SNP/gene for chr7 after merging: 97
2022-05-10 23:04:34 INFO::No. regions with at least one SNP/gene for chr8: 92
2022-05-10 23:04:34 INFO::Merge regions for chr8
2022-05-10 23:04:34 INFO::No. regions with at least one SNP/gene for chr8 after merging: 92
2022-05-10 23:04:36 INFO::No. regions with at least one SNP/gene for chr9: 74
2022-05-10 23:04:36 INFO::Merge regions for chr9
2022-05-10 23:04:36 INFO::No. regions with at least one SNP/gene for chr9 after merging: 74
2022-05-10 23:04:40 INFO::No. regions with at least one SNP/gene for chr10: 85
2022-05-10 23:04:40 INFO::Merge regions for chr10
2022-05-10 23:04:40 INFO::No. regions with at least one SNP/gene for chr10 after merging: 85
2022-05-10 23:04:43 INFO::No. regions with at least one SNP/gene for chr11: 84
2022-05-10 23:04:43 INFO::Merge regions for chr11
2022-05-10 23:04:43 INFO::No. regions with at least one SNP/gene for chr11 after merging: 83
2022-05-10 23:04:47 INFO::No. regions with at least one SNP/gene for chr12: 82
2022-05-10 23:04:47 INFO::Merge regions for chr12
2022-05-10 23:04:47 INFO::No. regions with at least one SNP/gene for chr12 after merging: 81
2022-05-10 23:04:49 INFO::No. regions with at least one SNP/gene for chr13: 62
2022-05-10 23:04:49 INFO::Merge regions for chr13
2022-05-10 23:04:49 INFO::No. regions with at least one SNP/gene for chr13 after merging: 62
2022-05-10 23:04:51 INFO::No. regions with at least one SNP/gene for chr14: 56
2022-05-10 23:04:51 INFO::Merge regions for chr14
2022-05-10 23:04:51 INFO::No. regions with at least one SNP/gene for chr14 after merging: 56
2022-05-10 23:04:55 INFO::No. regions with at least one SNP/gene for chr15: 50
2022-05-10 23:04:55 INFO::Merge regions for chr15
2022-05-10 23:04:55 INFO::No. regions with at least one SNP/gene for chr15 after merging: 49
2022-05-10 23:04:57 INFO::No. regions with at least one SNP/gene for chr16: 50
2022-05-10 23:04:57 INFO::Merge regions for chr16
2022-05-10 23:04:57 INFO::No. regions with at least one SNP/gene for chr16 after merging: 50
2022-05-10 23:04:58 INFO::No. regions with at least one SNP/gene for chr17: 47
2022-05-10 23:04:58 INFO::Merge regions for chr17
2022-05-10 23:04:58 INFO::No. regions with at least one SNP/gene for chr17 after merging: 45
2022-05-10 23:05:01 INFO::No. regions with at least one SNP/gene for chr18: 47
2022-05-10 23:05:01 INFO::Merge regions for chr18
2022-05-10 23:05:01 INFO::No. regions with at least one SNP/gene for chr18 after merging: 47
2022-05-10 23:05:03 INFO::No. regions with at least one SNP/gene for chr19: 39
2022-05-10 23:05:03 INFO::Merge regions for chr19
2022-05-10 23:05:03 INFO::No. regions with at least one SNP/gene for chr19 after merging: 39
2022-05-10 23:05:04 INFO::No. regions with at least one SNP/gene for chr20: 38
2022-05-10 23:05:04 INFO::Merge regions for chr20
2022-05-10 23:05:04 INFO::No. regions with at least one SNP/gene for chr20 after merging: 38
2022-05-10 23:05:05 INFO::No. regions with at least one SNP/gene for chr21: 15
2022-05-10 23:05:05 INFO::Merge regions for chr21
2022-05-10 23:05:05 INFO::No. regions with at least one SNP/gene for chr21 after merging: 15
2022-05-10 23:05:07 INFO::No. regions with at least one SNP/gene for chr22: 24
2022-05-10 23:05:07 INFO::Merge regions for chr22
2022-05-10 23:05:07 INFO::No. regions with at least one SNP/gene for chr22 after merging: 24
2022-05-10 23:05:07 INFO::Trim regions with SNPs more than 20000
2022-05-10 23:05:07 INFO::Adding R matrix info, as genotype is not given
2022-05-10 23:05:08 INFO::Adding R matrix info for chrom 1
2022-05-10 23:18:08 INFO::Adding R matrix info for chrom 2
2022-05-10 23:30:35 INFO::Adding R matrix info for chrom 3
2022-05-10 23:40:17 INFO::Adding R matrix info for chrom 4
2022-05-10 23:49:39 INFO::Adding R matrix info for chrom 5
2022-05-10 23:57:53 INFO::Adding R matrix info for chrom 6
2022-05-11 00:07:46 INFO::Adding R matrix info for chrom 7
2022-05-11 00:17:19 INFO::Adding R matrix info for chrom 8
2022-05-11 00:24:32 INFO::Adding R matrix info for chrom 9
2022-05-11 00:30:58 INFO::Adding R matrix info for chrom 10
2022-05-11 00:38:58 INFO::Adding R matrix info for chrom 11
2022-05-11 00:47:57 INFO::Adding R matrix info for chrom 12
2022-05-11 00:56:11 INFO::Adding R matrix info for chrom 13
2022-05-11 01:00:52 INFO::Adding R matrix info for chrom 14
2022-05-11 01:06:17 INFO::Adding R matrix info for chrom 15
2022-05-11 01:11:06 INFO::Adding R matrix info for chrom 16
2022-05-11 01:15:37 INFO::Adding R matrix info for chrom 17
2022-05-11 01:22:43 INFO::Adding R matrix info for chrom 18
2022-05-11 01:26:39 INFO::Adding R matrix info for chrom 19
2022-05-11 01:33:38 INFO::Adding R matrix info for chrom 20
2022-05-11 01:37:41 INFO::Adding R matrix info for chrom 21
2022-05-11 01:38:31 INFO::Adding R matrix info for chrom 22
2022-05-11 01:43:29 INFO::Number of regions that contains strong gene signals: 9
2022-05-11 01:43:29 INFO::Rerun susie for regions with strong gene signals using full SNPs.
2022-05-11 01:43:29 INFO::run iteration 1
starting worker pid=46457 on localhost:11431 at 01:43:31.788
2022-05-11 01:45:57 INFO::After iteration 1, gene prior 0.0437798132459165:, SNP prior:0.000968630503902491
$group_prior
[1] 0.0083920033 0.0003085178

$group_prior_var
[1] 11.94231 10.23805

R version 3.6.1 (2019-07-05)
Platform: x86_64-pc-linux-gnu (64-bit)
Running under: Scientific Linux 7.4 (Nitrogen)

Matrix products: default
BLAS/LAPACK: /software/openblas-0.2.19-el7-x86_64/lib/libopenblas_haswellp-r0.2.19.so

locale:
[1] C

attached base packages:
[1] stats     graphics  grDevices utils     datasets  methods   base     

other attached packages:
[1] data.table_1.14.2 ctwas_0.1.32     

loaded via a namespace (and not attached):
 [1] Rcpp_1.0.8        magrittr_2.0.2    pgenlibr_0.3.1    hms_1.1.1        
 [5] doParallel_1.0.17 bit_4.0.4         lattice_0.20-38   R6_2.5.1         
 [9] rlang_1.0.1       fastmap_1.1.0     foreach_1.5.2     fansi_1.0.2      
[13] blob_1.2.2        tools_3.6.1       parallel_3.6.1    grid_3.6.1       
[17] logging_0.10-108  utf8_1.2.2        cli_3.1.0         DBI_1.1.2        
[21] iterators_1.0.14  ellipsis_0.3.2    bit64_4.0.5       tibble_3.1.6     
[25] lifecycle_1.0.1   crayon_1.5.0      Matrix_1.2-18     tzdb_0.2.0       
[29] readr_2.1.1       vctrs_0.3.8       codetools_0.2-16  memoise_2.0.1    
[33] cachem_1.0.6      RSQLite_2.2.8     pillar_1.6.4      compiler_3.6.1   
[37] pkgconfig_2.0.3  
