[1] "/project2/xinhe/shengqian/cTWAS/cTWAS_analysis/data/scz_2018.RDS"                                              
[2] "/project2/mstephens/wcrouse/UKB_LDR_0.1"                                                                       
[3] "/project2/xinhe/shengqian/cTWAS/cTWAS_analysis/data/mashr_sqtl/sqtl/mashr/mashr_Brain_Cerebellar_Hemisphere.db"
[4] "/project2/xinhe/shengqian/cTWAS/cTWAS_analysis/code/ctwas_config.R"                                            
[5] "SCZ_Brain_Cerebellar_Hemisphere_expr"                                                                          
[6] "SCZ_Brain_Cerebellar_Hemisphere_ctwas"                                                                         
[7] "/project2/xinhe/shengqian/cTWAS/cTWAS_analysis/data/SCZ_2018_S/Brain_Cerebellar_Hemisphere"                    
2022-05-10 13:03:15 INFO::Flipping z scores to match LD reference
2022-05-10 13:03:19 INFO::Reading weights for chromosome 1
2022-05-10 13:03:20 INFO::Number of genes with weights provided: 39862
2022-05-10 13:03:20 INFO::Collecting gene weight information ...
2022-05-10 13:03:20 INFO::Flipping weights to match LD reference
2022-05-10 13:03:20 INFO::Harmonizing strand ambiguous weights using correlations with unambiguous variants
2022-05-10 13:21:01 INFO::Start gene z score imputation ...
2022-05-10 13:21:01 INFO::Using given LD matrices to impute gene z score.
2022-05-10 13:32:38 INFO::Imputation done, writing results to output...
2022-05-10 13:32:38 INFO::Imputation done: number of genes with imputed expression: 2520 for chr 1
2022-05-10 13:32:39 INFO::Flipping z scores to match LD reference
2022-05-10 13:32:41 INFO::Reading weights for chromosome 2
2022-05-10 13:32:41 INFO::Number of genes with weights provided: 39862
2022-05-10 13:32:41 INFO::Collecting gene weight information ...
2022-05-10 13:32:41 INFO::Flipping weights to match LD reference
2022-05-10 13:32:41 INFO::Harmonizing strand ambiguous weights using correlations with unambiguous variants
2022-05-10 13:45:22 INFO::Start gene z score imputation ...
2022-05-10 13:45:22 INFO::Using given LD matrices to impute gene z score.
2022-05-10 13:55:22 INFO::Imputation done, writing results to output...
2022-05-10 13:55:22 INFO::Imputation done: number of genes with imputed expression: 1814 for chr 2
2022-05-10 13:55:23 INFO::Flipping z scores to match LD reference
2022-05-10 13:55:24 INFO::Reading weights for chromosome 3
2022-05-10 13:55:24 INFO::Number of genes with weights provided: 39862
2022-05-10 13:55:24 INFO::Collecting gene weight information ...
2022-05-10 13:55:24 INFO::Flipping weights to match LD reference
2022-05-10 13:55:24 INFO::Harmonizing strand ambiguous weights using correlations with unambiguous variants
2022-05-10 14:05:14 INFO::Start gene z score imputation ...
2022-05-10 14:05:14 INFO::Using given LD matrices to impute gene z score.
2022-05-10 14:13:05 INFO::Imputation done, writing results to output...
2022-05-10 14:13:05 INFO::Imputation done: number of genes with imputed expression: 1594 for chr 3
2022-05-10 14:13:06 INFO::Flipping z scores to match LD reference
2022-05-10 14:13:08 INFO::Reading weights for chromosome 4
2022-05-10 14:13:08 INFO::Number of genes with weights provided: 39862
2022-05-10 14:13:08 INFO::Collecting gene weight information ...
2022-05-10 14:13:08 INFO::Flipping weights to match LD reference
2022-05-10 14:13:08 INFO::Harmonizing strand ambiguous weights using correlations with unambiguous variants
2022-05-10 14:21:14 INFO::Start gene z score imputation ...
2022-05-10 14:21:14 INFO::Using given LD matrices to impute gene z score.
2022-05-10 14:27:56 INFO::Imputation done, writing results to output...
2022-05-10 14:27:56 INFO::Imputation done: number of genes with imputed expression: 973 for chr 4
2022-05-10 14:27:57 INFO::Flipping z scores to match LD reference
2022-05-10 14:27:58 INFO::Reading weights for chromosome 5
2022-05-10 14:27:58 INFO::Number of genes with weights provided: 39862
2022-05-10 14:27:58 INFO::Collecting gene weight information ...
2022-05-10 14:27:58 INFO::Flipping weights to match LD reference
2022-05-10 14:27:58 INFO::Harmonizing strand ambiguous weights using correlations with unambiguous variants
2022-05-10 14:36:03 INFO::Start gene z score imputation ...
2022-05-10 14:36:03 INFO::Using given LD matrices to impute gene z score.
2022-05-10 14:42:50 INFO::Imputation done, writing results to output...
2022-05-10 14:42:51 INFO::Imputation done: number of genes with imputed expression: 1137 for chr 5
2022-05-10 14:42:52 INFO::Flipping z scores to match LD reference
2022-05-10 14:42:54 INFO::Reading weights for chromosome 6
2022-05-10 14:42:54 INFO::Number of genes with weights provided: 39862
2022-05-10 14:42:54 INFO::Collecting gene weight information ...
2022-05-10 14:42:54 INFO::Flipping weights to match LD reference
2022-05-10 14:42:54 INFO::Harmonizing strand ambiguous weights using correlations with unambiguous variants
2022-05-10 14:56:28 INFO::Start gene z score imputation ...
2022-05-10 14:56:28 INFO::Using given LD matrices to impute gene z score.
2022-05-10 15:04:26 INFO::Imputation done, writing results to output...
2022-05-10 15:04:33 INFO::Imputation done: number of genes with imputed expression: 1377 for chr 6
2022-05-10 15:04:33 INFO::Flipping z scores to match LD reference
2022-05-10 15:04:35 INFO::Reading weights for chromosome 7
2022-05-10 15:04:35 INFO::Number of genes with weights provided: 39862
2022-05-10 15:04:35 INFO::Collecting gene weight information ...
2022-05-10 15:04:35 INFO::Flipping weights to match LD reference
2022-05-10 15:04:35 INFO::Harmonizing strand ambiguous weights using correlations with unambiguous variants
2022-05-10 15:17:22 INFO::Start gene z score imputation ...
2022-05-10 15:17:22 INFO::Using given LD matrices to impute gene z score.
2022-05-10 15:25:51 INFO::Imputation done, writing results to output...
2022-05-10 15:25:51 INFO::Imputation done: number of genes with imputed expression: 1526 for chr 7
2022-05-10 15:25:52 INFO::Flipping z scores to match LD reference
2022-05-10 15:25:53 INFO::Reading weights for chromosome 8
2022-05-10 15:25:53 INFO::Number of genes with weights provided: 39862
2022-05-10 15:25:53 INFO::Collecting gene weight information ...
2022-05-10 15:25:53 INFO::Flipping weights to match LD reference
2022-05-10 15:25:53 INFO::Harmonizing strand ambiguous weights using correlations with unambiguous variants
2022-05-10 15:31:54 INFO::Start gene z score imputation ...
2022-05-10 15:31:54 INFO::Using given LD matrices to impute gene z score.
2022-05-10 15:37:16 INFO::Imputation done, writing results to output...
2022-05-10 15:37:17 INFO::Imputation done: number of genes with imputed expression: 911 for chr 8
2022-05-10 15:37:18 INFO::Flipping z scores to match LD reference
2022-05-10 15:37:19 INFO::Reading weights for chromosome 9
2022-05-10 15:37:19 INFO::Number of genes with weights provided: 39862
2022-05-10 15:37:19 INFO::Collecting gene weight information ...
2022-05-10 15:37:19 INFO::Flipping weights to match LD reference
2022-05-10 15:37:19 INFO::Harmonizing strand ambiguous weights using correlations with unambiguous variants
2022-05-10 15:45:14 INFO::Start gene z score imputation ...
2022-05-10 15:45:14 INFO::Using given LD matrices to impute gene z score.
2022-05-10 15:50:54 INFO::Imputation done, writing results to output...
2022-05-10 15:50:54 INFO::Imputation done: number of genes with imputed expression: 1106 for chr 9
2022-05-10 15:50:54 INFO::Flipping z scores to match LD reference
2022-05-10 15:50:56 INFO::Reading weights for chromosome 10
2022-05-10 15:50:56 INFO::Number of genes with weights provided: 39862
2022-05-10 15:50:56 INFO::Collecting gene weight information ...
2022-05-10 15:50:56 INFO::Flipping weights to match LD reference
2022-05-10 15:50:56 INFO::Harmonizing strand ambiguous weights using correlations with unambiguous variants
2022-05-10 16:01:04 INFO::Start gene z score imputation ...
2022-05-10 16:01:04 INFO::Using given LD matrices to impute gene z score.
2022-05-10 16:07:51 INFO::Imputation done, writing results to output...
2022-05-10 16:07:52 INFO::Imputation done: number of genes with imputed expression: 1166 for chr 10
2022-05-10 16:07:53 INFO::Flipping z scores to match LD reference
2022-05-10 16:07:55 INFO::Reading weights for chromosome 11
2022-05-10 16:07:55 INFO::Number of genes with weights provided: 39862
2022-05-10 16:07:55 INFO::Collecting gene weight information ...
2022-05-10 16:07:55 INFO::Flipping weights to match LD reference
2022-05-10 16:07:55 INFO::Harmonizing strand ambiguous weights using correlations with unambiguous variants
2022-05-10 16:17:18 INFO::Start gene z score imputation ...
2022-05-10 16:17:18 INFO::Using given LD matrices to impute gene z score.
2022-05-10 16:24:15 INFO::Imputation done, writing results to output...
2022-05-10 16:24:17 INFO::Imputation done: number of genes with imputed expression: 1579 for chr 11
2022-05-10 16:24:18 INFO::Flipping z scores to match LD reference
2022-05-10 16:24:19 INFO::Reading weights for chromosome 12
2022-05-10 16:24:19 INFO::Number of genes with weights provided: 39862
2022-05-10 16:24:19 INFO::Collecting gene weight information ...
2022-05-10 16:24:19 INFO::Flipping weights to match LD reference
2022-05-10 16:24:19 INFO::Harmonizing strand ambiguous weights using correlations with unambiguous variants
2022-05-10 16:33:33 INFO::Start gene z score imputation ...
2022-05-10 16:33:33 INFO::Using given LD matrices to impute gene z score.
2022-05-10 16:40:57 INFO::Imputation done, writing results to output...
2022-05-10 16:41:01 INFO::Imputation done: number of genes with imputed expression: 1419 for chr 12
2022-05-10 16:41:01 INFO::Flipping z scores to match LD reference
2022-05-10 16:41:02 INFO::Reading weights for chromosome 13
2022-05-10 16:41:03 INFO::Number of genes with weights provided: 39862
2022-05-10 16:41:03 INFO::Collecting gene weight information ...
2022-05-10 16:41:03 INFO::Flipping weights to match LD reference
2022-05-10 16:41:03 INFO::Harmonizing strand ambiguous weights using correlations with unambiguous variants
2022-05-10 16:45:30 INFO::Start gene z score imputation ...
2022-05-10 16:45:30 INFO::Using given LD matrices to impute gene z score.
2022-05-10 16:48:51 INFO::Imputation done, writing results to output...
2022-05-10 16:48:52 INFO::Imputation done: number of genes with imputed expression: 520 for chr 13
2022-05-10 16:48:52 INFO::Flipping z scores to match LD reference
2022-05-10 16:48:53 INFO::Reading weights for chromosome 14
2022-05-10 16:48:53 INFO::Number of genes with weights provided: 39862
2022-05-10 16:48:53 INFO::Collecting gene weight information ...
2022-05-10 16:48:53 INFO::Flipping weights to match LD reference
2022-05-10 16:48:53 INFO::Harmonizing strand ambiguous weights using correlations with unambiguous variants
2022-05-10 16:55:35 INFO::Start gene z score imputation ...
2022-05-10 16:55:35 INFO::Using given LD matrices to impute gene z score.
2022-05-10 17:00:17 INFO::Imputation done, writing results to output...
2022-05-10 17:00:18 INFO::Imputation done: number of genes with imputed expression: 921 for chr 14
2022-05-10 17:00:20 INFO::Flipping z scores to match LD reference
2022-05-10 17:00:21 INFO::Reading weights for chromosome 15
2022-05-10 17:00:21 INFO::Number of genes with weights provided: 39862
2022-05-10 17:00:21 INFO::Collecting gene weight information ...
2022-05-10 17:00:21 INFO::Flipping weights to match LD reference
2022-05-10 17:00:21 INFO::Harmonizing strand ambiguous weights using correlations with unambiguous variants
2022-05-10 17:06:46 INFO::Start gene z score imputation ...
2022-05-10 17:06:46 INFO::Using given LD matrices to impute gene z score.
2022-05-10 17:10:53 INFO::Imputation done, writing results to output...
2022-05-10 17:10:54 INFO::Imputation done: number of genes with imputed expression: 928 for chr 15
2022-05-10 17:10:55 INFO::Flipping z scores to match LD reference
2022-05-10 17:10:55 INFO::Reading weights for chromosome 16
2022-05-10 17:10:55 INFO::Number of genes with weights provided: 39862
2022-05-10 17:10:55 INFO::Collecting gene weight information ...
2022-05-10 17:10:55 INFO::Flipping weights to match LD reference
2022-05-10 17:10:55 INFO::Harmonizing strand ambiguous weights using correlations with unambiguous variants
2022-05-10 17:19:43 INFO::Start gene z score imputation ...
2022-05-10 17:19:43 INFO::Using given LD matrices to impute gene z score.
2022-05-10 17:24:34 INFO::Imputation done, writing results to output...
2022-05-10 17:24:34 INFO::Imputation done: number of genes with imputed expression: 1179 for chr 16
2022-05-10 17:24:35 INFO::Flipping z scores to match LD reference
2022-05-10 17:24:36 INFO::Reading weights for chromosome 17
2022-05-10 17:24:36 INFO::Number of genes with weights provided: 39862
2022-05-10 17:24:36 INFO::Collecting gene weight information ...
2022-05-10 17:24:36 INFO::Flipping weights to match LD reference
2022-05-10 17:24:36 INFO::Harmonizing strand ambiguous weights using correlations with unambiguous variants
2022-05-10 17:36:51 INFO::Start gene z score imputation ...
2022-05-10 17:36:51 INFO::Using given LD matrices to impute gene z score.
2022-05-10 17:43:24 INFO::Imputation done, writing results to output...
2022-05-10 17:43:25 INFO::Imputation done: number of genes with imputed expression: 1880 for chr 17
2022-05-10 17:43:25 INFO::Flipping z scores to match LD reference
2022-05-10 17:43:27 INFO::Reading weights for chromosome 18
2022-05-10 17:43:27 INFO::Number of genes with weights provided: 39862
2022-05-10 17:43:27 INFO::Collecting gene weight information ...
2022-05-10 17:43:27 INFO::Flipping weights to match LD reference
2022-05-10 17:43:27 INFO::Harmonizing strand ambiguous weights using correlations with unambiguous variants
2022-05-10 17:47:00 INFO::Start gene z score imputation ...
2022-05-10 17:47:00 INFO::Using given LD matrices to impute gene z score.
2022-05-10 17:50:16 INFO::Imputation done, writing results to output...
2022-05-10 17:50:16 INFO::Imputation done: number of genes with imputed expression: 325 for chr 18
2022-05-10 17:50:17 INFO::Flipping z scores to match LD reference
2022-05-10 17:50:18 INFO::Reading weights for chromosome 19
2022-05-10 17:50:18 INFO::Number of genes with weights provided: 39862
2022-05-10 17:50:18 INFO::Collecting gene weight information ...
2022-05-10 17:50:18 INFO::Flipping weights to match LD reference
2022-05-10 17:50:18 INFO::Harmonizing strand ambiguous weights using correlations with unambiguous variants
2022-05-10 18:03:56 INFO::Start gene z score imputation ...
2022-05-10 18:03:56 INFO::Using given LD matrices to impute gene z score.
2022-05-10 18:10:41 INFO::Imputation done, writing results to output...
2022-05-10 18:10:41 INFO::Imputation done: number of genes with imputed expression: 1895 for chr 19
2022-05-10 18:10:42 INFO::Flipping z scores to match LD reference
2022-05-10 18:10:43 INFO::Reading weights for chromosome 20
2022-05-10 18:10:43 INFO::Number of genes with weights provided: 39862
2022-05-10 18:10:43 INFO::Collecting gene weight information ...
2022-05-10 18:10:43 INFO::Flipping weights to match LD reference
2022-05-10 18:10:43 INFO::Harmonizing strand ambiguous weights using correlations with unambiguous variants
2022-05-10 18:17:57 INFO::Start gene z score imputation ...
2022-05-10 18:17:57 INFO::Using given LD matrices to impute gene z score.
2022-05-10 18:22:19 INFO::Imputation done, writing results to output...
2022-05-10 18:22:20 INFO::Imputation done: number of genes with imputed expression: 891 for chr 20
2022-05-10 18:22:20 INFO::Flipping z scores to match LD reference
2022-05-10 18:22:21 INFO::Reading weights for chromosome 21
2022-05-10 18:22:21 INFO::Number of genes with weights provided: 39862
2022-05-10 18:22:21 INFO::Collecting gene weight information ...
2022-05-10 18:22:21 INFO::Flipping weights to match LD reference
2022-05-10 18:22:21 INFO::Harmonizing strand ambiguous weights using correlations with unambiguous variants
2022-05-10 18:25:01 INFO::Start gene z score imputation ...
2022-05-10 18:25:01 INFO::Using given LD matrices to impute gene z score.
2022-05-10 18:25:30 INFO::Imputation done, writing results to output...
2022-05-10 18:25:31 INFO::Imputation done: number of genes with imputed expression: 51 for chr 21
2022-05-10 18:25:31 INFO::Flipping z scores to match LD reference
2022-05-10 18:25:32 INFO::Reading weights for chromosome 22
2022-05-10 18:25:32 INFO::Number of genes with weights provided: 39862
2022-05-10 18:25:32 INFO::Collecting gene weight information ...
2022-05-10 18:25:32 INFO::Flipping weights to match LD reference
2022-05-10 18:25:32 INFO::Harmonizing strand ambiguous weights using correlations with unambiguous variants
2022-05-10 18:32:10 INFO::Start gene z score imputation ...
2022-05-10 18:32:10 INFO::Using given LD matrices to impute gene z score.
2022-05-10 18:35:15 INFO::Imputation done, writing results to output...
2022-05-10 18:35:15 INFO::Imputation done: number of genes with imputed expression: 852 for chr 22
2022-05-10 18:35:36 INFO::ctwas started ...
2022-05-10 18:36:16 INFO::LD region file: /home/shengqian/R/x86_64-pc-linux-gnu-library/3.6/ctwas/extdata/ldetect/EUR.b38.bed
2022-05-10 18:36:26 INFO::No. LD regions: 1700
2022-05-10 18:36:31 INFO::No. regions with at least one SNP/gene for chr1: 131
2022-05-10 18:36:31 INFO::Merge regions for chr1
2022-05-10 18:36:31 INFO::No. regions with at least one SNP/gene for chr1 after merging: 129
2022-05-10 18:36:38 INFO::No. regions with at least one SNP/gene for chr2: 143
2022-05-10 18:36:38 INFO::Merge regions for chr2
2022-05-10 18:36:38 INFO::No. regions with at least one SNP/gene for chr2 after merging: 143
2022-05-10 18:36:42 INFO::No. regions with at least one SNP/gene for chr3: 122
2022-05-10 18:36:42 INFO::Merge regions for chr3
2022-05-10 18:36:42 INFO::No. regions with at least one SNP/gene for chr3 after merging: 122
2022-05-10 18:36:48 INFO::No. regions with at least one SNP/gene for chr4: 122
2022-05-10 18:36:48 INFO::Merge regions for chr4
2022-05-10 18:36:48 INFO::No. regions with at least one SNP/gene for chr4 after merging: 122
2022-05-10 18:36:53 INFO::No. regions with at least one SNP/gene for chr5: 110
2022-05-10 18:36:53 INFO::Merge regions for chr5
2022-05-10 18:36:53 INFO::No. regions with at least one SNP/gene for chr5 after merging: 110
2022-05-10 18:36:57 INFO::No. regions with at least one SNP/gene for chr6: 112
2022-05-10 18:36:57 INFO::Merge regions for chr6
2022-05-10 18:36:57 INFO::No. regions with at least one SNP/gene for chr6 after merging: 111
2022-05-10 18:37:02 INFO::No. regions with at least one SNP/gene for chr7: 99
2022-05-10 18:37:02 INFO::Merge regions for chr7
2022-05-10 18:37:02 INFO::No. regions with at least one SNP/gene for chr7 after merging: 97
2022-05-10 18:37:06 INFO::No. regions with at least one SNP/gene for chr8: 92
2022-05-10 18:37:06 INFO::Merge regions for chr8
2022-05-10 18:37:06 INFO::No. regions with at least one SNP/gene for chr8 after merging: 92
2022-05-10 18:37:09 INFO::No. regions with at least one SNP/gene for chr9: 74
2022-05-10 18:37:09 INFO::Merge regions for chr9
2022-05-10 18:37:09 INFO::No. regions with at least one SNP/gene for chr9 after merging: 74
2022-05-10 18:37:11 INFO::No. regions with at least one SNP/gene for chr10: 85
2022-05-10 18:37:11 INFO::Merge regions for chr10
2022-05-10 18:37:11 INFO::No. regions with at least one SNP/gene for chr10 after merging: 85
2022-05-10 18:37:14 INFO::No. regions with at least one SNP/gene for chr11: 84
2022-05-10 18:37:14 INFO::Merge regions for chr11
2022-05-10 18:37:14 INFO::No. regions with at least one SNP/gene for chr11 after merging: 84
2022-05-10 18:37:17 INFO::No. regions with at least one SNP/gene for chr12: 82
2022-05-10 18:37:17 INFO::Merge regions for chr12
2022-05-10 18:37:17 INFO::No. regions with at least one SNP/gene for chr12 after merging: 81
2022-05-10 18:37:20 INFO::No. regions with at least one SNP/gene for chr13: 62
2022-05-10 18:37:20 INFO::Merge regions for chr13
2022-05-10 18:37:20 INFO::No. regions with at least one SNP/gene for chr13 after merging: 62
2022-05-10 18:37:22 INFO::No. regions with at least one SNP/gene for chr14: 56
2022-05-10 18:37:22 INFO::Merge regions for chr14
2022-05-10 18:37:22 INFO::No. regions with at least one SNP/gene for chr14 after merging: 55
2022-05-10 18:37:24 INFO::No. regions with at least one SNP/gene for chr15: 50
2022-05-10 18:37:24 INFO::Merge regions for chr15
2022-05-10 18:37:24 INFO::No. regions with at least one SNP/gene for chr15 after merging: 50
2022-05-10 18:37:25 INFO::No. regions with at least one SNP/gene for chr16: 50
2022-05-10 18:37:25 INFO::Merge regions for chr16
2022-05-10 18:37:25 INFO::No. regions with at least one SNP/gene for chr16 after merging: 50
2022-05-10 18:37:28 INFO::No. regions with at least one SNP/gene for chr17: 47
2022-05-10 18:37:28 INFO::Merge regions for chr17
2022-05-10 18:37:28 INFO::No. regions with at least one SNP/gene for chr17 after merging: 47
2022-05-10 18:37:29 INFO::No. regions with at least one SNP/gene for chr18: 47
2022-05-10 18:37:29 INFO::Merge regions for chr18
2022-05-10 18:37:29 INFO::No. regions with at least one SNP/gene for chr18 after merging: 46
2022-05-10 18:37:30 INFO::No. regions with at least one SNP/gene for chr19: 39
2022-05-10 18:37:30 INFO::Merge regions for chr19
2022-05-10 18:37:30 INFO::No. regions with at least one SNP/gene for chr19 after merging: 38
2022-05-10 18:37:32 INFO::No. regions with at least one SNP/gene for chr20: 38
2022-05-10 18:37:32 INFO::Merge regions for chr20
2022-05-10 18:37:32 INFO::No. regions with at least one SNP/gene for chr20 after merging: 37
2022-05-10 18:37:33 INFO::No. regions with at least one SNP/gene for chr21: 15
2022-05-10 18:37:33 INFO::Merge regions for chr21
2022-05-10 18:37:33 INFO::No. regions with at least one SNP/gene for chr21 after merging: 15
2022-05-10 18:37:34 INFO::No. regions with at least one SNP/gene for chr22: 24
2022-05-10 18:37:34 INFO::Merge regions for chr22
2022-05-10 18:37:34 INFO::No. regions with at least one SNP/gene for chr22 after merging: 24
2022-05-10 18:37:34 INFO::Trim regions with SNPs more than Inf
2022-05-10 18:37:34 INFO::Adding R matrix info, as genotype is not given
2022-05-10 18:37:35 INFO::Adding R matrix info for chrom 1
2022-05-10 18:55:04 INFO::Adding R matrix info for chrom 2
2022-05-10 19:09:33 INFO::Adding R matrix info for chrom 3
2022-05-10 19:20:50 INFO::Adding R matrix info for chrom 4
2022-05-10 19:30:42 INFO::Adding R matrix info for chrom 5
2022-05-10 19:40:10 INFO::Adding R matrix info for chrom 6
2022-05-10 19:51:27 INFO::Adding R matrix info for chrom 7
2022-05-10 20:02:06 INFO::Adding R matrix info for chrom 8
2022-05-10 20:10:11 INFO::Adding R matrix info for chrom 9
2022-05-10 20:17:51 INFO::Adding R matrix info for chrom 10
2022-05-10 20:26:45 INFO::Adding R matrix info for chrom 11
2022-05-10 20:36:24 INFO::Adding R matrix info for chrom 12
2022-05-10 20:45:50 INFO::Adding R matrix info for chrom 13
2022-05-10 20:50:58 INFO::Adding R matrix info for chrom 14
2022-05-10 20:57:42 INFO::Adding R matrix info for chrom 15
2022-05-10 21:02:50 INFO::Adding R matrix info for chrom 16
2022-05-10 21:08:32 INFO::Adding R matrix info for chrom 17
2022-05-10 21:16:30 INFO::Adding R matrix info for chrom 18
2022-05-10 21:21:04 INFO::Adding R matrix info for chrom 19
2022-05-10 21:30:05 INFO::Adding R matrix info for chrom 20
2022-05-10 21:35:17 INFO::Adding R matrix info for chrom 21
2022-05-10 21:36:11 INFO::Adding R matrix info for chrom 22
2022-05-10 21:39:41 INFO::Run susie iteratively, getting rough estimate ...
2022-05-10 21:39:41 INFO::run iteration 1
starting worker pid=46213 on localhost:11764 at 21:39:42.956
starting worker pid=46226 on localhost:11764 at 21:39:43.431
starting worker pid=46240 on localhost:11764 at 21:39:43.875
starting worker pid=46253 on localhost:11764 at 21:39:44.310
starting worker pid=46266 on localhost:11764 at 21:39:44.747
starting worker pid=46280 on localhost:11764 at 21:39:45.170
starting worker pid=46293 on localhost:11764 at 21:39:45.588
starting worker pid=46306 on localhost:11764 at 21:39:46.004
starting worker pid=46320 on localhost:11764 at 21:39:46.427
starting worker pid=46333 on localhost:11764 at 21:39:46.879
2022-05-10 21:47:44 INFO::After iteration 1, gene prior 0.00327285516025812:, SNP prior:0.00251517028743953
2022-05-10 21:47:44 INFO::run iteration 2
starting worker pid=47393 on localhost:11764 at 21:47:45.336
starting worker pid=47407 on localhost:11764 at 21:47:45.798
starting worker pid=47420 on localhost:11764 at 21:47:46.260
starting worker pid=47433 on localhost:11764 at 21:47:46.697
starting worker pid=47447 on localhost:11764 at 21:47:47.127
starting worker pid=47460 on localhost:11764 at 21:47:47.557
starting worker pid=47473 on localhost:11764 at 21:47:47.990
starting worker pid=47487 on localhost:11764 at 21:47:48.415
starting worker pid=47500 on localhost:11764 at 21:47:48.828
starting worker pid=47513 on localhost:11764 at 21:47:49.247
2022-05-10 21:55:46 INFO::After iteration 2, gene prior 0.00350583811251082:, SNP prior:0.00220384204220764
2022-05-10 21:55:46 INFO::run iteration 3
starting worker pid=48283 on localhost:11764 at 21:55:47.481
starting worker pid=48297 on localhost:11764 at 21:55:47.980
starting worker pid=48310 on localhost:11764 at 21:55:48.463
starting worker pid=48324 on localhost:11764 at 21:55:48.915
starting worker pid=48337 on localhost:11764 at 21:55:49.369
starting worker pid=48350 on localhost:11764 at 21:55:49.821
starting worker pid=48364 on localhost:11764 at 21:55:50.268
starting worker pid=48377 on localhost:11764 at 21:55:50.719
starting worker pid=48390 on localhost:11764 at 21:55:51.180
starting worker pid=48404 on localhost:11764 at 21:55:51.630
2022-05-10 22:03:42 INFO::After iteration 3, gene prior 0.00389683606465994:, SNP prior:0.00210066602077036
2022-05-10 22:03:42 INFO::Blocks are filtered: 824 blocks left
2022-05-10 22:03:42 INFO::Run susie iteratively, getting accurate estimate ...
2022-05-10 22:03:42 INFO::run iteration 1
starting worker pid=48880 on localhost:11764 at 22:03:43.052
starting worker pid=48893 on localhost:11764 at 22:03:43.520
starting worker pid=48907 on localhost:11764 at 22:03:43.966
starting worker pid=48920 on localhost:11764 at 22:03:44.396
starting worker pid=48933 on localhost:11764 at 22:03:44.836
starting worker pid=48947 on localhost:11764 at 22:03:45.266
starting worker pid=48960 on localhost:11764 at 22:03:45.697
starting worker pid=48973 on localhost:11764 at 22:03:46.126
starting worker pid=48987 on localhost:11764 at 22:03:46.557
starting worker pid=49000 on localhost:11764 at 22:03:46.975
2022-05-10 22:08:22 INFO::After iteration 1, gene prior 0.00576834457044111:, SNP prior:0.00245696583451557
2022-05-10 22:08:22 INFO::run iteration 2
starting worker pid=49321 on localhost:11764 at 22:08:23.009
starting worker pid=49334 on localhost:11764 at 22:08:23.499
starting worker pid=49348 on localhost:11764 at 22:08:23.974
starting worker pid=49361 on localhost:11764 at 22:08:24.440
starting worker pid=49375 on localhost:11764 at 22:08:24.889
starting worker pid=49388 on localhost:11764 at 22:08:25.338
starting worker pid=49401 on localhost:11764 at 22:08:25.792
starting worker pid=49415 on localhost:11764 at 22:08:26.250
starting worker pid=49428 on localhost:11764 at 22:08:26.704
starting worker pid=49442 on localhost:11764 at 22:08:27.159
2022-05-10 22:13:00 INFO::After iteration 2, gene prior 0.00726976126907924:, SNP prior:0.00269437860987789
2022-05-10 22:13:00 INFO::run iteration 3
starting worker pid=49878 on localhost:11764 at 22:13:01.169
starting worker pid=49891 on localhost:11764 at 22:13:01.636
starting worker pid=49904 on localhost:11764 at 22:13:02.096
starting worker pid=49918 on localhost:11764 at 22:13:02.535
starting worker pid=49931 on localhost:11764 at 22:13:02.977
starting worker pid=49944 on localhost:11764 at 22:13:03.429
starting worker pid=49958 on localhost:11764 at 22:13:03.877
starting worker pid=49971 on localhost:11764 at 22:13:04.324
starting worker pid=49984 on localhost:11764 at 22:13:04.747
starting worker pid=49998 on localhost:11764 at 22:13:05.176
2022-05-10 22:17:42 INFO::After iteration 3, gene prior 0.0083432281771519:, SNP prior:0.00283939661707079
2022-05-10 22:17:42 INFO::run iteration 4
starting worker pid=50822 on localhost:11764 at 22:17:42.695
starting worker pid=50836 on localhost:11764 at 22:17:43.127
starting worker pid=50849 on localhost:11764 at 22:17:43.556
starting worker pid=50862 on localhost:11764 at 22:17:43.983
starting worker pid=50876 on localhost:11764 at 22:17:44.439
starting worker pid=50889 on localhost:11764 at 22:17:44.862
starting worker pid=50903 on localhost:11764 at 22:17:45.309
starting worker pid=50916 on localhost:11764 at 22:17:45.737
starting worker pid=50929 on localhost:11764 at 22:17:46.167
starting worker pid=50943 on localhost:11764 at 22:17:46.597
2022-05-10 22:22:19 INFO::After iteration 4, gene prior 0.00902020865240931:, SNP prior:0.00290413193800293
2022-05-10 22:22:19 INFO::run iteration 5
starting worker pid=51485 on localhost:11764 at 22:22:20.249
starting worker pid=51499 on localhost:11764 at 22:22:20.744
starting worker pid=51512 on localhost:11764 at 22:22:21.225
starting worker pid=51526 on localhost:11764 at 22:22:21.691
starting worker pid=51539 on localhost:11764 at 22:22:22.143
starting worker pid=51552 on localhost:11764 at 22:22:22.601
starting worker pid=51566 on localhost:11764 at 22:22:23.059
starting worker pid=51579 on localhost:11764 at 22:22:23.518
starting worker pid=51592 on localhost:11764 at 22:22:23.979
starting worker pid=51606 on localhost:11764 at 22:22:24.435
2022-05-10 22:26:57 INFO::After iteration 5, gene prior 0.00943923249816612:, SNP prior:0.00292694660612631
2022-05-10 22:26:57 INFO::run iteration 6
starting worker pid=51917 on localhost:11764 at 22:26:58.302
starting worker pid=51931 on localhost:11764 at 22:26:58.760
starting worker pid=51944 on localhost:11764 at 22:26:59.209
starting worker pid=51958 on localhost:11764 at 22:26:59.678
starting worker pid=51971 on localhost:11764 at 22:27:00.144
starting worker pid=51984 on localhost:11764 at 22:27:00.603
starting worker pid=51998 on localhost:11764 at 22:27:01.058
starting worker pid=52011 on localhost:11764 at 22:27:01.521
starting worker pid=52024 on localhost:11764 at 22:27:01.984
starting worker pid=52038 on localhost:11764 at 22:27:02.447
2022-05-10 22:31:35 INFO::After iteration 6, gene prior 0.00970407248219832:, SNP prior:0.00293172593551945
2022-05-10 22:31:35 INFO::run iteration 7
starting worker pid=52353 on localhost:11764 at 22:31:36.298
starting worker pid=52366 on localhost:11764 at 22:31:36.779
starting worker pid=52380 on localhost:11764 at 22:31:37.262
starting worker pid=52393 on localhost:11764 at 22:31:37.732
starting worker pid=52407 on localhost:11764 at 22:31:38.196
starting worker pid=52420 on localhost:11764 at 22:31:38.665
starting worker pid=52433 on localhost:11764 at 22:31:39.126
starting worker pid=52447 on localhost:11764 at 22:31:39.591
starting worker pid=52460 on localhost:11764 at 22:31:40.066
starting worker pid=52473 on localhost:11764 at 22:31:40.533
2022-05-10 22:36:13 INFO::After iteration 7, gene prior 0.00988124307672896:, SNP prior:0.00293032945111954
2022-05-10 22:36:13 INFO::run iteration 8
starting worker pid=52792 on localhost:11764 at 22:36:14.327
starting worker pid=52805 on localhost:11764 at 22:36:14.819
starting worker pid=52819 on localhost:11764 at 22:36:15.310
starting worker pid=52832 on localhost:11764 at 22:36:15.790
starting worker pid=52845 on localhost:11764 at 22:36:16.261
starting worker pid=52859 on localhost:11764 at 22:36:16.733
starting worker pid=52872 on localhost:11764 at 22:36:17.199
starting worker pid=52885 on localhost:11764 at 22:36:17.671
starting worker pid=52899 on localhost:11764 at 22:36:18.144
starting worker pid=52912 on localhost:11764 at 22:36:18.613
2022-05-10 22:40:53 INFO::After iteration 8, gene prior 0.0100052360416205:, SNP prior:0.00292730909262821
2022-05-10 22:40:53 INFO::run iteration 9
starting worker pid=53231 on localhost:11764 at 22:40:54.036
starting worker pid=53245 on localhost:11764 at 22:40:54.550
starting worker pid=53258 on localhost:11764 at 22:40:55.053
starting worker pid=53272 on localhost:11764 at 22:40:55.538
starting worker pid=53285 on localhost:11764 at 22:40:56.009
starting worker pid=53298 on localhost:11764 at 22:40:56.485
starting worker pid=53312 on localhost:11764 at 22:40:56.958
starting worker pid=53326 on localhost:11764 at 22:40:57.431
starting worker pid=53340 on localhost:11764 at 22:40:57.904
starting worker pid=53353 on localhost:11764 at 22:40:58.381
2022-05-10 22:45:31 INFO::After iteration 9, gene prior 0.010094790222837:, SNP prior:0.0029242520567472
2022-05-10 22:45:31 INFO::run iteration 10
starting worker pid=53669 on localhost:11764 at 22:45:32.244
starting worker pid=53683 on localhost:11764 at 22:45:32.751
starting worker pid=53696 on localhost:11764 at 22:45:33.241
starting worker pid=53710 on localhost:11764 at 22:45:33.743
starting worker pid=53723 on localhost:11764 at 22:45:34.231
starting worker pid=53737 on localhost:11764 at 22:45:34.715
starting worker pid=53750 on localhost:11764 at 22:45:35.192
starting worker pid=53763 on localhost:11764 at 22:45:35.669
starting worker pid=53777 on localhost:11764 at 22:45:36.169
starting worker pid=53790 on localhost:11764 at 22:45:36.649
2022-05-10 22:50:09 INFO::After iteration 10, gene prior 0.0101608349257446:, SNP prior:0.00292163013916747
2022-05-10 22:50:09 INFO::run iteration 11
starting worker pid=54847 on localhost:11764 at 22:50:10.005
starting worker pid=54860 on localhost:11764 at 22:50:10.493
starting worker pid=54874 on localhost:11764 at 22:50:10.980
starting worker pid=54887 on localhost:11764 at 22:50:11.482
starting worker pid=54901 on localhost:11764 at 22:50:11.943
starting worker pid=54914 on localhost:11764 at 22:50:12.432
starting worker pid=54928 on localhost:11764 at 22:50:12.913
starting worker pid=54942 on localhost:11764 at 22:50:13.398
starting worker pid=54955 on localhost:11764 at 22:50:13.889
starting worker pid=54969 on localhost:11764 at 22:50:14.377
2022-05-10 22:54:48 INFO::After iteration 11, gene prior 0.0102101927565965:, SNP prior:0.0029195112598758
2022-05-10 22:54:48 INFO::run iteration 12
starting worker pid=55243 on localhost:11764 at 22:54:48.809
starting worker pid=55257 on localhost:11764 at 22:54:49.287
starting worker pid=55270 on localhost:11764 at 22:54:49.790
starting worker pid=55283 on localhost:11764 at 22:54:50.294
starting worker pid=55297 on localhost:11764 at 22:54:50.791
starting worker pid=55319 on localhost:11764 at 22:54:51.280
starting worker pid=55332 on localhost:11764 at 22:54:51.784
starting worker pid=55346 on localhost:11764 at 22:54:52.280
starting worker pid=55359 on localhost:11764 at 22:54:52.770
starting worker pid=55373 on localhost:11764 at 22:54:53.261
2022-05-10 22:59:25 INFO::After iteration 12, gene prior 0.0102472386597586:, SNP prior:0.00291784336689553
2022-05-10 22:59:25 INFO::run iteration 13
starting worker pid=55687 on localhost:11764 at 22:59:25.698
starting worker pid=55700 on localhost:11764 at 22:59:26.202
starting worker pid=55714 on localhost:11764 at 22:59:26.667
starting worker pid=55727 on localhost:11764 at 22:59:27.184
starting worker pid=55740 on localhost:11764 at 22:59:27.680
starting worker pid=55754 on localhost:11764 at 22:59:28.174
starting worker pid=55767 on localhost:11764 at 22:59:28.669
starting worker pid=55781 on localhost:11764 at 22:59:29.161
starting worker pid=55794 on localhost:11764 at 22:59:29.661
starting worker pid=55807 on localhost:11764 at 22:59:30.150
2022-05-10 23:04:02 INFO::After iteration 13, gene prior 0.0102752297108953:, SNP prior:0.00291655212052761
2022-05-10 23:04:02 INFO::run iteration 14
starting worker pid=56118 on localhost:11764 at 23:04:02.860
starting worker pid=56131 on localhost:11764 at 23:04:03.346
starting worker pid=56145 on localhost:11764 at 23:04:03.862
starting worker pid=56158 on localhost:11764 at 23:04:04.359
starting worker pid=56172 on localhost:11764 at 23:04:04.862
starting worker pid=56185 on localhost:11764 at 23:04:05.360
starting worker pid=56198 on localhost:11764 at 23:04:05.858
starting worker pid=56212 on localhost:11764 at 23:04:06.357
starting worker pid=56225 on localhost:11764 at 23:04:06.852
starting worker pid=56239 on localhost:11764 at 23:04:07.352
2022-05-10 23:08:40 INFO::After iteration 14, gene prior 0.0102964711173724:, SNP prior:0.00291555994234647
2022-05-10 23:08:40 INFO::run iteration 15
starting worker pid=56551 on localhost:11764 at 23:08:40.719
starting worker pid=56564 on localhost:11764 at 23:08:41.262
starting worker pid=56578 on localhost:11764 at 23:08:41.801
starting worker pid=56591 on localhost:11764 at 23:08:42.302
starting worker pid=56605 on localhost:11764 at 23:08:42.830
starting worker pid=56618 on localhost:11764 at 23:08:43.337
starting worker pid=56631 on localhost:11764 at 23:08:43.842
starting worker pid=56645 on localhost:11764 at 23:08:44.343
starting worker pid=56658 on localhost:11764 at 23:08:44.852
starting worker pid=56672 on localhost:11764 at 23:08:45.360
2022-05-10 23:13:19 INFO::After iteration 15, gene prior 0.0103126375303595:, SNP prior:0.00291480000085213
2022-05-10 23:13:19 INFO::run iteration 16
starting worker pid=56993 on localhost:11764 at 23:13:20.118
starting worker pid=57006 on localhost:11764 at 23:13:20.626
starting worker pid=57020 on localhost:11764 at 23:13:21.151
starting worker pid=57033 on localhost:11764 at 23:13:21.661
starting worker pid=57046 on localhost:11764 at 23:13:22.170
starting worker pid=57060 on localhost:11764 at 23:13:22.682
starting worker pid=57073 on localhost:11764 at 23:13:23.198
starting worker pid=57087 on localhost:11764 at 23:13:23.709
starting worker pid=57100 on localhost:11764 at 23:13:24.219
starting worker pid=57113 on localhost:11764 at 23:13:24.723
2022-05-10 23:17:58 INFO::After iteration 16, gene prior 0.0103249663201636:, SNP prior:0.0029142186055298
2022-05-10 23:17:58 INFO::run iteration 17
starting worker pid=934 on localhost:11764 at 23:17:59.334
starting worker pid=948 on localhost:11764 at 23:17:59.870
starting worker pid=961 on localhost:11764 at 23:18:00.389
starting worker pid=974 on localhost:11764 at 23:18:00.892
starting worker pid=988 on localhost:11764 at 23:18:01.392
starting worker pid=1003 on localhost:11764 at 23:18:01.897
starting worker pid=1022 on localhost:11764 at 23:18:02.399
starting worker pid=1035 on localhost:11764 at 23:18:02.904
starting worker pid=1050 on localhost:11764 at 23:18:03.417
starting worker pid=1120 on localhost:11764 at 23:18:03.924
2022-05-10 23:22:36 INFO::After iteration 17, gene prior 0.0103343819684716:, SNP prior:0.00291377389571992
2022-05-10 23:22:36 INFO::run iteration 18
starting worker pid=1656 on localhost:11764 at 23:22:37.147
starting worker pid=1670 on localhost:11764 at 23:22:37.639
starting worker pid=1686 on localhost:11764 at 23:22:38.141
starting worker pid=1701 on localhost:11764 at 23:22:38.642
starting worker pid=1714 on localhost:11764 at 23:22:39.151
starting worker pid=1729 on localhost:11764 at 23:22:39.663
starting worker pid=1744 on localhost:11764 at 23:22:40.161
starting worker pid=1757 on localhost:11764 at 23:22:40.669
starting worker pid=1771 on localhost:11764 at 23:22:41.177
starting worker pid=1785 on localhost:11764 at 23:22:41.689
2022-05-10 23:27:15 INFO::After iteration 18, gene prior 0.0103415803199633:, SNP prior:0.00291343366538533
2022-05-10 23:27:15 INFO::run iteration 19
starting worker pid=2103 on localhost:11764 at 23:27:16.080
starting worker pid=2117 on localhost:11764 at 23:27:16.589
starting worker pid=2130 on localhost:11764 at 23:27:17.102
starting worker pid=2143 on localhost:11764 at 23:27:17.610
starting worker pid=2157 on localhost:11764 at 23:27:18.119
starting worker pid=2171 on localhost:11764 at 23:27:18.643
starting worker pid=2185 on localhost:11764 at 23:27:19.152
starting worker pid=2198 on localhost:11764 at 23:27:19.659
starting worker pid=2211 on localhost:11764 at 23:27:20.166
starting worker pid=2225 on localhost:11764 at 23:27:20.671
2022-05-10 23:31:53 INFO::After iteration 19, gene prior 0.0103470877795304:, SNP prior:0.00291317327593202
2022-05-10 23:31:54 INFO::run iteration 20
starting worker pid=2537 on localhost:11764 at 23:31:54.601
starting worker pid=2550 on localhost:11764 at 23:31:55.103
starting worker pid=2564 on localhost:11764 at 23:31:55.610
starting worker pid=2577 on localhost:11764 at 23:31:56.112
starting worker pid=2591 on localhost:11764 at 23:31:56.619
starting worker pid=2604 on localhost:11764 at 23:31:57.122
starting worker pid=2617 on localhost:11764 at 23:31:57.622
starting worker pid=2631 on localhost:11764 at 23:31:58.121
starting worker pid=2644 on localhost:11764 at 23:31:58.640
starting worker pid=2658 on localhost:11764 at 23:31:59.142
2022-05-10 23:36:31 INFO::After iteration 20, gene prior 0.0103513039811624:, SNP prior:0.00291297391628967
2022-05-10 23:36:31 INFO::run iteration 21
starting worker pid=2968 on localhost:11764 at 23:36:32.371
starting worker pid=2982 on localhost:11764 at 23:36:32.902
starting worker pid=2995 on localhost:11764 at 23:36:33.422
starting worker pid=3009 on localhost:11764 at 23:36:33.910
starting worker pid=3022 on localhost:11764 at 23:36:34.420
starting worker pid=3036 on localhost:11764 at 23:36:34.929
starting worker pid=3049 on localhost:11764 at 23:36:35.432
starting worker pid=3063 on localhost:11764 at 23:36:35.934
starting worker pid=3077 on localhost:11764 at 23:36:36.441
starting worker pid=3090 on localhost:11764 at 23:36:36.952
2022-05-10 23:41:09 INFO::After iteration 21, gene prior 0.010354533087059:, SNP prior:0.0029128212296056
2022-05-10 23:41:09 INFO::run iteration 22
starting worker pid=3403 on localhost:11764 at 23:41:09.674
starting worker pid=3417 on localhost:11764 at 23:41:10.202
starting worker pid=3430 on localhost:11764 at 23:41:10.716
starting worker pid=3444 on localhost:11764 at 23:41:11.228
starting worker pid=3457 on localhost:11764 at 23:41:11.733
starting worker pid=3471 on localhost:11764 at 23:41:12.239
starting worker pid=3484 on localhost:11764 at 23:41:12.743
starting worker pid=3497 on localhost:11764 at 23:41:13.243
starting worker pid=3511 on localhost:11764 at 23:41:13.751
starting worker pid=3524 on localhost:11764 at 23:41:14.263
2022-05-10 23:45:48 INFO::After iteration 22, gene prior 0.0103570070254232:, SNP prior:0.00291270425442562
2022-05-10 23:45:48 INFO::run iteration 23
starting worker pid=3836 on localhost:11764 at 23:45:48.726
starting worker pid=3849 on localhost:11764 at 23:45:49.259
starting worker pid=3863 on localhost:11764 at 23:45:49.779
starting worker pid=3876 on localhost:11764 at 23:45:50.292
starting worker pid=3890 on localhost:11764 at 23:45:50.800
starting worker pid=3903 on localhost:11764 at 23:45:51.309
starting worker pid=3917 on localhost:11764 at 23:45:51.811
starting worker pid=3930 on localhost:11764 at 23:45:52.319
starting worker pid=3943 on localhost:11764 at 23:45:52.824
starting worker pid=3957 on localhost:11764 at 23:45:53.342
2022-05-10 23:50:25 INFO::After iteration 23, gene prior 0.0103589028893197:, SNP prior:0.00291261461635895
2022-05-10 23:50:25 INFO::run iteration 24
starting worker pid=5008 on localhost:11764 at 23:50:26.019
starting worker pid=5021 on localhost:11764 at 23:50:26.525
starting worker pid=5036 on localhost:11764 at 23:50:27.019
starting worker pid=5049 on localhost:11764 at 23:50:27.529
starting worker pid=5063 on localhost:11764 at 23:50:28.045
starting worker pid=5076 on localhost:11764 at 23:50:28.553
starting worker pid=5091 on localhost:11764 at 23:50:29.069
starting worker pid=5104 on localhost:11764 at 23:50:29.579
starting worker pid=5117 on localhost:11764 at 23:50:30.089
starting worker pid=5131 on localhost:11764 at 23:50:30.601
2022-05-10 23:55:04 INFO::After iteration 24, gene prior 0.0103603560422767:, SNP prior:0.00291254591316156
2022-05-10 23:55:04 INFO::run iteration 25
starting worker pid=5382 on localhost:11764 at 23:55:04.990
starting worker pid=5396 on localhost:11764 at 23:55:05.475
starting worker pid=5409 on localhost:11764 at 23:55:05.979
starting worker pid=5424 on localhost:11764 at 23:55:06.490
starting worker pid=5437 on localhost:11764 at 23:55:06.998
starting worker pid=5499 on localhost:11764 at 23:55:07.522
starting worker pid=5531 on localhost:11764 at 23:55:08.022
starting worker pid=5546 on localhost:11764 at 23:55:08.529
starting worker pid=5560 on localhost:11764 at 23:55:09.042
starting worker pid=5573 on localhost:11764 at 23:55:09.557
2022-05-10 23:59:42 INFO::After iteration 25, gene prior 0.0103614700332575:, SNP prior:0.00291249324725054
2022-05-10 23:59:42 INFO::run iteration 26
starting worker pid=5819 on localhost:11764 at 23:59:43.193
starting worker pid=5832 on localhost:11764 at 23:59:43.717
starting worker pid=5845 on localhost:11764 at 23:59:44.224
starting worker pid=5859 on localhost:11764 at 23:59:44.741
starting worker pid=5872 on localhost:11764 at 23:59:45.252
starting worker pid=5886 on localhost:11764 at 23:59:45.760
starting worker pid=5900 on localhost:11764 at 23:59:46.269
starting worker pid=5914 on localhost:11764 at 23:59:46.780
starting worker pid=5928 on localhost:11764 at 23:59:47.284
starting worker pid=5941 on localhost:11764 at 23:59:47.798
2022-05-11 00:04:20 INFO::After iteration 26, gene prior 0.0103623241220991:, SNP prior:0.00291245287007061
2022-05-11 00:04:20 INFO::run iteration 27
starting worker pid=6343 on localhost:11764 at 00:04:21.471
starting worker pid=6364 on localhost:11764 at 00:04:21.977
starting worker pid=6377 on localhost:11764 at 00:04:22.502
starting worker pid=6418 on localhost:11764 at 00:04:23.022
starting worker pid=6431 on localhost:11764 at 00:04:23.533
starting worker pid=6444 on localhost:11764 at 00:04:24.040
starting worker pid=6458 on localhost:11764 at 00:04:24.548
starting worker pid=6471 on localhost:11764 at 00:04:25.055
starting worker pid=6485 on localhost:11764 at 00:04:25.570
starting worker pid=6498 on localhost:11764 at 00:04:26.080
2022-05-11 00:08:58 INFO::After iteration 27, gene prior 0.0103629790052114:, SNP prior:0.00291242191124809
2022-05-11 00:08:58 INFO::run iteration 28
starting worker pid=6840 on localhost:11764 at 00:08:58.815
starting worker pid=6854 on localhost:11764 at 00:08:59.345
starting worker pid=6867 on localhost:11764 at 00:08:59.880
starting worker pid=6881 on localhost:11764 at 00:09:00.393
starting worker pid=6894 on localhost:11764 at 00:09:00.901
starting worker pid=6908 on localhost:11764 at 00:09:01.412
starting worker pid=6921 on localhost:11764 at 00:09:01.912
starting worker pid=6934 on localhost:11764 at 00:09:02.419
starting worker pid=6948 on localhost:11764 at 00:09:02.932
starting worker pid=6961 on localhost:11764 at 00:09:03.438
2022-05-11 00:13:37 INFO::After iteration 28, gene prior 0.0103634811800091:, SNP prior:0.00291239817207005
2022-05-11 00:13:38 INFO::run iteration 29
starting worker pid=7277 on localhost:11764 at 00:13:38.567
starting worker pid=7290 on localhost:11764 at 00:13:39.045
starting worker pid=7303 on localhost:11764 at 00:13:39.525
starting worker pid=7317 on localhost:11764 at 00:13:40.019
starting worker pid=7330 on localhost:11764 at 00:13:40.503
starting worker pid=7343 on localhost:11764 at 00:13:40.986
starting worker pid=7358 on localhost:11764 at 00:13:41.466
starting worker pid=7371 on localhost:11764 at 00:13:41.951
starting worker pid=7385 on localhost:11764 at 00:13:42.426
starting worker pid=7398 on localhost:11764 at 00:13:42.908
2022-05-11 00:18:16 INFO::After iteration 29, gene prior 0.0103638662764226:, SNP prior:0.00291237996783641
2022-05-11 00:18:16 INFO::run iteration 30
starting worker pid=8443 on localhost:11764 at 00:18:17.387
starting worker pid=8456 on localhost:11764 at 00:18:17.899
starting worker pid=8470 on localhost:11764 at 00:18:18.410
starting worker pid=8483 on localhost:11764 at 00:18:18.919
starting worker pid=8497 on localhost:11764 at 00:18:19.429
starting worker pid=8510 on localhost:11764 at 00:18:19.938
starting worker pid=8523 on localhost:11764 at 00:18:20.470
starting worker pid=8537 on localhost:11764 at 00:18:20.977
starting worker pid=8550 on localhost:11764 at 00:18:21.493
starting worker pid=8564 on localhost:11764 at 00:18:22.004
2022-05-11 00:22:54 INFO::After iteration 30, gene prior 0.0103641616027157:, SNP prior:0.00291236600740383
2022-05-11 00:22:54 INFO::Run susie for all regions.
2022-05-11 00:22:54 INFO::run iteration 1
starting worker pid=8875 on localhost:11764 at 00:22:55.348
starting worker pid=8889 on localhost:11764 at 00:22:55.873
starting worker pid=8902 on localhost:11764 at 00:22:56.402
starting worker pid=8916 on localhost:11764 at 00:22:56.909
starting worker pid=8929 on localhost:11764 at 00:22:57.418
starting worker pid=8943 on localhost:11764 at 00:22:57.929
starting worker pid=8956 on localhost:11764 at 00:22:58.432
starting worker pid=8969 on localhost:11764 at 00:22:58.939
starting worker pid=8983 on localhost:11764 at 00:22:59.443
starting worker pid=8996 on localhost:11764 at 00:22:59.944
2022-05-11 00:31:06 INFO::After iteration 1, gene prior 0.0290606134485729:, SNP prior:0.0104334140395989
2022-05-11 00:31:06 INFO::No. LD regions: 1700
2022-05-11 00:31:13 INFO::No. regions with at least one SNP/gene for chr1: 131
2022-05-11 00:31:13 INFO::Merge regions for chr1
2022-05-11 00:31:13 INFO::No. regions with at least one SNP/gene for chr1 after merging: 129
2022-05-11 00:31:19 INFO::No. regions with at least one SNP/gene for chr2: 143
2022-05-11 00:31:19 INFO::Merge regions for chr2
2022-05-11 00:31:19 INFO::No. regions with at least one SNP/gene for chr2 after merging: 143
2022-05-11 00:31:24 INFO::No. regions with at least one SNP/gene for chr3: 122
2022-05-11 00:31:24 INFO::Merge regions for chr3
2022-05-11 00:31:24 INFO::No. regions with at least one SNP/gene for chr3 after merging: 122
2022-05-11 00:31:29 INFO::No. regions with at least one SNP/gene for chr4: 122
2022-05-11 00:31:29 INFO::Merge regions for chr4
2022-05-11 00:31:29 INFO::No. regions with at least one SNP/gene for chr4 after merging: 122
2022-05-11 00:31:34 INFO::No. regions with at least one SNP/gene for chr5: 110
2022-05-11 00:31:34 INFO::Merge regions for chr5
2022-05-11 00:31:34 INFO::No. regions with at least one SNP/gene for chr5 after merging: 110
2022-05-11 00:31:38 INFO::No. regions with at least one SNP/gene for chr6: 112
2022-05-11 00:31:38 INFO::Merge regions for chr6
2022-05-11 00:31:38 INFO::No. regions with at least one SNP/gene for chr6 after merging: 111
2022-05-11 00:31:42 INFO::No. regions with at least one SNP/gene for chr7: 99
2022-05-11 00:31:42 INFO::Merge regions for chr7
2022-05-11 00:31:42 INFO::No. regions with at least one SNP/gene for chr7 after merging: 97
2022-05-11 00:31:46 INFO::No. regions with at least one SNP/gene for chr8: 92
2022-05-11 00:31:46 INFO::Merge regions for chr8
2022-05-11 00:31:46 INFO::No. regions with at least one SNP/gene for chr8 after merging: 92
2022-05-11 00:31:48 INFO::No. regions with at least one SNP/gene for chr9: 74
2022-05-11 00:31:48 INFO::Merge regions for chr9
2022-05-11 00:31:48 INFO::No. regions with at least one SNP/gene for chr9 after merging: 74
2022-05-11 00:31:52 INFO::No. regions with at least one SNP/gene for chr10: 85
2022-05-11 00:31:52 INFO::Merge regions for chr10
2022-05-11 00:31:52 INFO::No. regions with at least one SNP/gene for chr10 after merging: 85
2022-05-11 00:31:55 INFO::No. regions with at least one SNP/gene for chr11: 84
2022-05-11 00:31:55 INFO::Merge regions for chr11
2022-05-11 00:31:55 INFO::No. regions with at least one SNP/gene for chr11 after merging: 84
2022-05-11 00:31:58 INFO::No. regions with at least one SNP/gene for chr12: 82
2022-05-11 00:31:58 INFO::Merge regions for chr12
2022-05-11 00:31:58 INFO::No. regions with at least one SNP/gene for chr12 after merging: 81
2022-05-11 00:32:01 INFO::No. regions with at least one SNP/gene for chr13: 62
2022-05-11 00:32:01 INFO::Merge regions for chr13
2022-05-11 00:32:01 INFO::No. regions with at least one SNP/gene for chr13 after merging: 62
2022-05-11 00:32:03 INFO::No. regions with at least one SNP/gene for chr14: 56
2022-05-11 00:32:03 INFO::Merge regions for chr14
2022-05-11 00:32:03 INFO::No. regions with at least one SNP/gene for chr14 after merging: 55
2022-05-11 00:32:04 INFO::No. regions with at least one SNP/gene for chr15: 50
2022-05-11 00:32:04 INFO::Merge regions for chr15
2022-05-11 00:32:04 INFO::No. regions with at least one SNP/gene for chr15 after merging: 50
2022-05-11 00:32:07 INFO::No. regions with at least one SNP/gene for chr16: 50
2022-05-11 00:32:07 INFO::Merge regions for chr16
2022-05-11 00:32:07 INFO::No. regions with at least one SNP/gene for chr16 after merging: 50
2022-05-11 00:32:08 INFO::No. regions with at least one SNP/gene for chr17: 47
2022-05-11 00:32:08 INFO::Merge regions for chr17
2022-05-11 00:32:09 INFO::No. regions with at least one SNP/gene for chr17 after merging: 47
2022-05-11 00:32:10 INFO::No. regions with at least one SNP/gene for chr18: 47
2022-05-11 00:32:10 INFO::Merge regions for chr18
2022-05-11 00:32:10 INFO::No. regions with at least one SNP/gene for chr18 after merging: 46
2022-05-11 00:32:12 INFO::No. regions with at least one SNP/gene for chr19: 39
2022-05-11 00:32:12 INFO::Merge regions for chr19
2022-05-11 00:32:12 INFO::No. regions with at least one SNP/gene for chr19 after merging: 38
2022-05-11 00:32:13 INFO::No. regions with at least one SNP/gene for chr20: 38
2022-05-11 00:32:13 INFO::Merge regions for chr20
2022-05-11 00:32:13 INFO::No. regions with at least one SNP/gene for chr20 after merging: 37
2022-05-11 00:32:15 INFO::No. regions with at least one SNP/gene for chr21: 15
2022-05-11 00:32:15 INFO::Merge regions for chr21
2022-05-11 00:32:15 INFO::No. regions with at least one SNP/gene for chr21 after merging: 15
2022-05-11 00:32:16 INFO::No. regions with at least one SNP/gene for chr22: 24
2022-05-11 00:32:16 INFO::Merge regions for chr22
2022-05-11 00:32:16 INFO::No. regions with at least one SNP/gene for chr22 after merging: 24
2022-05-11 00:32:16 INFO::Trim regions with SNPs more than 20000
2022-05-11 00:32:16 INFO::Adding R matrix info, as genotype is not given
2022-05-11 00:32:17 INFO::Adding R matrix info for chrom 1
2022-05-11 00:47:23 INFO::Adding R matrix info for chrom 2
2022-05-11 01:01:06 INFO::Adding R matrix info for chrom 3
2022-05-11 01:11:48 INFO::Adding R matrix info for chrom 4
2022-05-11 01:21:45 INFO::Adding R matrix info for chrom 5
2022-05-11 01:30:52 INFO::Adding R matrix info for chrom 6
2022-05-11 01:42:15 INFO::Adding R matrix info for chrom 7
2022-05-11 01:53:12 INFO::Adding R matrix info for chrom 8
2022-05-11 02:01:22 INFO::Adding R matrix info for chrom 9
2022-05-11 02:08:55 INFO::Adding R matrix info for chrom 10
2022-05-11 02:17:45 INFO::Adding R matrix info for chrom 11
2022-05-11 02:27:29 INFO::Adding R matrix info for chrom 12
2022-05-11 02:37:01 INFO::Adding R matrix info for chrom 13
2022-05-11 02:42:03 INFO::Adding R matrix info for chrom 14
2022-05-11 02:48:29 INFO::Adding R matrix info for chrom 15
2022-05-11 02:53:31 INFO::Adding R matrix info for chrom 16
2022-05-11 02:59:12 INFO::Adding R matrix info for chrom 17
2022-05-11 03:07:06 INFO::Adding R matrix info for chrom 18
2022-05-11 03:11:27 INFO::Adding R matrix info for chrom 19
2022-05-11 03:20:24 INFO::Adding R matrix info for chrom 20
2022-05-11 03:25:37 INFO::Adding R matrix info for chrom 21
2022-05-11 03:26:32 INFO::Adding R matrix info for chrom 22
2022-05-11 03:32:02 INFO::Number of regions that contains strong gene signals: 10
2022-05-11 03:32:02 INFO::Rerun susie for regions with strong gene signals using full SNPs.
2022-05-11 03:32:02 INFO::run iteration 1
starting worker pid=25456 on localhost:11764 at 03:32:02.875
2022-05-11 03:35:39 INFO::After iteration 1, gene prior 0.0310511941570551:, SNP prior:0.00078282326631938
$group_prior
[1] 0.0103641616 0.0002912366

$group_prior_var
[1] 12.00120 10.11754

R version 3.6.1 (2019-07-05)
Platform: x86_64-pc-linux-gnu (64-bit)
Running under: Scientific Linux 7.4 (Nitrogen)

Matrix products: default
BLAS/LAPACK: /software/openblas-0.2.19-el7-x86_64/lib/libopenblas_haswellp-r0.2.19.so

locale:
[1] C

attached base packages:
[1] stats     graphics  grDevices utils     datasets  methods   base     

other attached packages:
[1] data.table_1.14.2 ctwas_0.1.32     

loaded via a namespace (and not attached):
 [1] Rcpp_1.0.8        magrittr_2.0.2    pgenlibr_0.3.1    hms_1.1.1        
 [5] doParallel_1.0.17 bit_4.0.4         lattice_0.20-38   R6_2.5.1         
 [9] rlang_1.0.1       fastmap_1.1.0     foreach_1.5.2     fansi_1.0.2      
[13] blob_1.2.2        tools_3.6.1       parallel_3.6.1    grid_3.6.1       
[17] logging_0.10-108  utf8_1.2.2        cli_3.1.0         DBI_1.1.2        
[21] iterators_1.0.14  ellipsis_0.3.2    bit64_4.0.5       tibble_3.1.6     
[25] lifecycle_1.0.1   crayon_1.5.0      Matrix_1.2-18     tzdb_0.2.0       
[29] readr_2.1.1       vctrs_0.3.8       codetools_0.2-16  memoise_2.0.1    
[33] cachem_1.0.6      RSQLite_2.2.8     pillar_1.6.4      compiler_3.6.1   
[37] pkgconfig_2.0.3  
