[1] "/project2/xinhe/shengqian/cTWAS/cTWAS_analysis/data/scz_2018.RDS"                                                        
[2] "/project2/mstephens/wcrouse/UKB_LDR_0.1"                                                                                 
[3] "/project2/xinhe/shengqian/cTWAS/cTWAS_analysis/data/mashr_sqtl/sqtl/mashr/mashr_Brain_Nucleus_accumbens_basal_ganglia.db"
[4] "/project2/xinhe/shengqian/cTWAS/cTWAS_analysis/code/ctwas_config.R"                                                      
[5] "SCZ_Brain_Nucleus_accumbens_basal_ganglia_expr"                                                                          
[6] "SCZ_Brain_Nucleus_accumbens_basal_ganglia_ctwas"                                                                         
[7] "/project2/xinhe/shengqian/cTWAS/cTWAS_analysis/data/SCZ_2018_S/Brain_Nucleus_accumbens_basal_ganglia"                    
2022-05-10 13:06:21 INFO::Flipping z scores to match LD reference
2022-05-10 13:06:24 INFO::Reading weights for chromosome 1
2022-05-10 13:06:25 INFO::Number of genes with weights provided: 32670
2022-05-10 13:06:25 INFO::Collecting gene weight information ...
2022-05-10 13:06:25 INFO::Flipping weights to match LD reference
2022-05-10 13:06:25 INFO::Harmonizing strand ambiguous weights using correlations with unambiguous variants
2022-05-10 13:20:31 INFO::Start gene z score imputation ...
2022-05-10 13:20:31 INFO::Using given LD matrices to impute gene z score.
2022-05-10 13:31:01 INFO::Imputation done, writing results to output...
2022-05-10 13:31:02 INFO::Imputation done: number of genes with imputed expression: 1929 for chr 1
2022-05-10 13:31:02 INFO::Flipping z scores to match LD reference
2022-05-10 13:31:04 INFO::Reading weights for chromosome 2
2022-05-10 13:31:04 INFO::Number of genes with weights provided: 32670
2022-05-10 13:31:04 INFO::Collecting gene weight information ...
2022-05-10 13:31:04 INFO::Flipping weights to match LD reference
2022-05-10 13:31:04 INFO::Harmonizing strand ambiguous weights using correlations with unambiguous variants
2022-05-10 13:42:27 INFO::Start gene z score imputation ...
2022-05-10 13:42:27 INFO::Using given LD matrices to impute gene z score.
2022-05-10 13:51:47 INFO::Imputation done, writing results to output...
2022-05-10 13:51:47 INFO::Imputation done: number of genes with imputed expression: 1532 for chr 2
2022-05-10 13:51:48 INFO::Flipping z scores to match LD reference
2022-05-10 13:51:50 INFO::Reading weights for chromosome 3
2022-05-10 13:51:50 INFO::Number of genes with weights provided: 32670
2022-05-10 13:51:50 INFO::Collecting gene weight information ...
2022-05-10 13:51:50 INFO::Flipping weights to match LD reference
2022-05-10 13:51:50 INFO::Harmonizing strand ambiguous weights using correlations with unambiguous variants
2022-05-10 13:59:34 INFO::Start gene z score imputation ...
2022-05-10 13:59:34 INFO::Using given LD matrices to impute gene z score.
2022-05-10 14:07:20 INFO::Imputation done, writing results to output...
2022-05-10 14:07:21 INFO::Imputation done: number of genes with imputed expression: 1343 for chr 3
2022-05-10 14:07:22 INFO::Flipping z scores to match LD reference
2022-05-10 14:07:23 INFO::Reading weights for chromosome 4
2022-05-10 14:07:24 INFO::Number of genes with weights provided: 32670
2022-05-10 14:07:24 INFO::Collecting gene weight information ...
2022-05-10 14:07:24 INFO::Flipping weights to match LD reference
2022-05-10 14:07:24 INFO::Harmonizing strand ambiguous weights using correlations with unambiguous variants
2022-05-10 14:13:15 INFO::Start gene z score imputation ...
2022-05-10 14:13:15 INFO::Using given LD matrices to impute gene z score.
2022-05-10 14:20:34 INFO::Imputation done, writing results to output...
2022-05-10 14:20:34 INFO::Imputation done: number of genes with imputed expression: 876 for chr 4
2022-05-10 14:20:35 INFO::Flipping z scores to match LD reference
2022-05-10 14:20:36 INFO::Reading weights for chromosome 5
2022-05-10 14:20:36 INFO::Number of genes with weights provided: 32670
2022-05-10 14:20:36 INFO::Collecting gene weight information ...
2022-05-10 14:20:36 INFO::Flipping weights to match LD reference
2022-05-10 14:20:36 INFO::Harmonizing strand ambiguous weights using correlations with unambiguous variants
2022-05-10 14:26:09 INFO::Start gene z score imputation ...
2022-05-10 14:26:09 INFO::Using given LD matrices to impute gene z score.
2022-05-10 14:32:18 INFO::Imputation done, writing results to output...
2022-05-10 14:32:19 INFO::Imputation done: number of genes with imputed expression: 885 for chr 5
2022-05-10 14:32:20 INFO::Flipping z scores to match LD reference
2022-05-10 14:32:21 INFO::Reading weights for chromosome 6
2022-05-10 14:32:21 INFO::Number of genes with weights provided: 32670
2022-05-10 14:32:21 INFO::Collecting gene weight information ...
2022-05-10 14:32:21 INFO::Flipping weights to match LD reference
2022-05-10 14:32:21 INFO::Harmonizing strand ambiguous weights using correlations with unambiguous variants
2022-05-10 14:44:04 INFO::Start gene z score imputation ...
2022-05-10 14:44:04 INFO::Using given LD matrices to impute gene z score.
2022-05-10 14:51:34 INFO::Imputation done, writing results to output...
2022-05-10 14:51:35 INFO::Imputation done: number of genes with imputed expression: 1118 for chr 6
2022-05-10 14:51:35 INFO::Flipping z scores to match LD reference
2022-05-10 14:51:37 INFO::Reading weights for chromosome 7
2022-05-10 14:51:37 INFO::Number of genes with weights provided: 32670
2022-05-10 14:51:37 INFO::Collecting gene weight information ...
2022-05-10 14:51:37 INFO::Flipping weights to match LD reference
2022-05-10 14:51:37 INFO::Harmonizing strand ambiguous weights using correlations with unambiguous variants
2022-05-10 15:00:40 INFO::Start gene z score imputation ...
2022-05-10 15:00:40 INFO::Using given LD matrices to impute gene z score.
2022-05-10 15:08:29 INFO::Imputation done, writing results to output...
2022-05-10 15:08:29 INFO::Imputation done: number of genes with imputed expression: 1258 for chr 7
2022-05-10 15:08:30 INFO::Flipping z scores to match LD reference
2022-05-10 15:08:31 INFO::Reading weights for chromosome 8
2022-05-10 15:08:31 INFO::Number of genes with weights provided: 32670
2022-05-10 15:08:31 INFO::Collecting gene weight information ...
2022-05-10 15:08:31 INFO::Flipping weights to match LD reference
2022-05-10 15:08:31 INFO::Harmonizing strand ambiguous weights using correlations with unambiguous variants
2022-05-10 15:13:15 INFO::Start gene z score imputation ...
2022-05-10 15:13:15 INFO::Using given LD matrices to impute gene z score.
2022-05-10 15:18:56 INFO::Imputation done, writing results to output...
2022-05-10 15:19:00 INFO::Imputation done: number of genes with imputed expression: 748 for chr 8
2022-05-10 15:19:01 INFO::Flipping z scores to match LD reference
2022-05-10 15:19:02 INFO::Reading weights for chromosome 9
2022-05-10 15:19:02 INFO::Number of genes with weights provided: 32670
2022-05-10 15:19:02 INFO::Collecting gene weight information ...
2022-05-10 15:19:02 INFO::Flipping weights to match LD reference
2022-05-10 15:19:02 INFO::Harmonizing strand ambiguous weights using correlations with unambiguous variants
2022-05-10 15:24:23 INFO::Start gene z score imputation ...
2022-05-10 15:24:23 INFO::Using given LD matrices to impute gene z score.
2022-05-10 15:29:30 INFO::Imputation done, writing results to output...
2022-05-10 15:29:31 INFO::Imputation done: number of genes with imputed expression: 873 for chr 9
2022-05-10 15:29:31 INFO::Flipping z scores to match LD reference
2022-05-10 15:29:33 INFO::Reading weights for chromosome 10
2022-05-10 15:29:33 INFO::Number of genes with weights provided: 32670
2022-05-10 15:29:33 INFO::Collecting gene weight information ...
2022-05-10 15:29:33 INFO::Flipping weights to match LD reference
2022-05-10 15:29:33 INFO::Harmonizing strand ambiguous weights using correlations with unambiguous variants
2022-05-10 15:36:47 INFO::Start gene z score imputation ...
2022-05-10 15:36:47 INFO::Using given LD matrices to impute gene z score.
2022-05-10 15:43:09 INFO::Imputation done, writing results to output...
2022-05-10 15:43:10 INFO::Imputation done: number of genes with imputed expression: 1021 for chr 10
2022-05-10 15:43:11 INFO::Flipping z scores to match LD reference
2022-05-10 15:43:12 INFO::Reading weights for chromosome 11
2022-05-10 15:43:12 INFO::Number of genes with weights provided: 32670
2022-05-10 15:43:12 INFO::Collecting gene weight information ...
2022-05-10 15:43:12 INFO::Flipping weights to match LD reference
2022-05-10 15:43:12 INFO::Harmonizing strand ambiguous weights using correlations with unambiguous variants
2022-05-10 15:51:12 INFO::Start gene z score imputation ...
2022-05-10 15:51:12 INFO::Using given LD matrices to impute gene z score.
2022-05-10 15:58:13 INFO::Imputation done, writing results to output...
2022-05-10 15:58:16 INFO::Imputation done: number of genes with imputed expression: 1288 for chr 11
2022-05-10 15:58:17 INFO::Flipping z scores to match LD reference
2022-05-10 15:58:18 INFO::Reading weights for chromosome 12
2022-05-10 15:58:18 INFO::Number of genes with weights provided: 32670
2022-05-10 15:58:18 INFO::Collecting gene weight information ...
2022-05-10 15:58:18 INFO::Flipping weights to match LD reference
2022-05-10 15:58:18 INFO::Harmonizing strand ambiguous weights using correlations with unambiguous variants
2022-05-10 16:05:10 INFO::Start gene z score imputation ...
2022-05-10 16:05:10 INFO::Using given LD matrices to impute gene z score.
2022-05-10 16:11:39 INFO::Imputation done, writing results to output...
2022-05-10 16:11:40 INFO::Imputation done: number of genes with imputed expression: 1205 for chr 12
2022-05-10 16:11:41 INFO::Flipping z scores to match LD reference
2022-05-10 16:11:43 INFO::Reading weights for chromosome 13
2022-05-10 16:11:43 INFO::Number of genes with weights provided: 32670
2022-05-10 16:11:43 INFO::Collecting gene weight information ...
2022-05-10 16:11:43 INFO::Flipping weights to match LD reference
2022-05-10 16:11:43 INFO::Harmonizing strand ambiguous weights using correlations with unambiguous variants
2022-05-10 16:15:34 INFO::Start gene z score imputation ...
2022-05-10 16:15:34 INFO::Using given LD matrices to impute gene z score.
2022-05-10 16:18:11 INFO::Imputation done, writing results to output...
2022-05-10 16:18:12 INFO::Imputation done: number of genes with imputed expression: 442 for chr 13
2022-05-10 16:18:13 INFO::Flipping z scores to match LD reference
2022-05-10 16:18:15 INFO::Reading weights for chromosome 14
2022-05-10 16:18:15 INFO::Number of genes with weights provided: 32670
2022-05-10 16:18:15 INFO::Collecting gene weight information ...
2022-05-10 16:18:15 INFO::Flipping weights to match LD reference
2022-05-10 16:18:15 INFO::Harmonizing strand ambiguous weights using correlations with unambiguous variants
2022-05-10 16:23:19 INFO::Start gene z score imputation ...
2022-05-10 16:23:19 INFO::Using given LD matrices to impute gene z score.
2022-05-10 16:27:23 INFO::Imputation done, writing results to output...
2022-05-10 16:27:24 INFO::Imputation done: number of genes with imputed expression: 765 for chr 14
2022-05-10 16:27:25 INFO::Flipping z scores to match LD reference
2022-05-10 16:27:26 INFO::Reading weights for chromosome 15
2022-05-10 16:27:26 INFO::Number of genes with weights provided: 32670
2022-05-10 16:27:26 INFO::Collecting gene weight information ...
2022-05-10 16:27:26 INFO::Flipping weights to match LD reference
2022-05-10 16:27:26 INFO::Harmonizing strand ambiguous weights using correlations with unambiguous variants
2022-05-10 16:33:24 INFO::Start gene z score imputation ...
2022-05-10 16:33:24 INFO::Using given LD matrices to impute gene z score.
2022-05-10 16:37:31 INFO::Imputation done, writing results to output...
2022-05-10 16:37:31 INFO::Imputation done: number of genes with imputed expression: 754 for chr 15
2022-05-10 16:37:32 INFO::Flipping z scores to match LD reference
2022-05-10 16:37:33 INFO::Reading weights for chromosome 16
2022-05-10 16:37:33 INFO::Number of genes with weights provided: 32670
2022-05-10 16:37:33 INFO::Collecting gene weight information ...
2022-05-10 16:37:33 INFO::Flipping weights to match LD reference
2022-05-10 16:37:33 INFO::Harmonizing strand ambiguous weights using correlations with unambiguous variants
2022-05-10 16:43:58 INFO::Start gene z score imputation ...
2022-05-10 16:43:58 INFO::Using given LD matrices to impute gene z score.
2022-05-10 16:47:26 INFO::Imputation done, writing results to output...
2022-05-10 16:47:27 INFO::Imputation done: number of genes with imputed expression: 863 for chr 16
2022-05-10 16:47:27 INFO::Flipping z scores to match LD reference
2022-05-10 16:47:29 INFO::Reading weights for chromosome 17
2022-05-10 16:47:29 INFO::Number of genes with weights provided: 32670
2022-05-10 16:47:29 INFO::Collecting gene weight information ...
2022-05-10 16:47:29 INFO::Flipping weights to match LD reference
2022-05-10 16:47:29 INFO::Harmonizing strand ambiguous weights using correlations with unambiguous variants
2022-05-10 16:55:28 INFO::Start gene z score imputation ...
2022-05-10 16:55:28 INFO::Using given LD matrices to impute gene z score.
2022-05-10 17:01:05 INFO::Imputation done, writing results to output...
2022-05-10 17:01:05 INFO::Imputation done: number of genes with imputed expression: 1460 for chr 17
2022-05-10 17:01:06 INFO::Flipping z scores to match LD reference
2022-05-10 17:01:08 INFO::Reading weights for chromosome 18
2022-05-10 17:01:08 INFO::Number of genes with weights provided: 32670
2022-05-10 17:01:08 INFO::Collecting gene weight information ...
2022-05-10 17:01:08 INFO::Flipping weights to match LD reference
2022-05-10 17:01:08 INFO::Harmonizing strand ambiguous weights using correlations with unambiguous variants
2022-05-10 17:04:03 INFO::Start gene z score imputation ...
2022-05-10 17:04:03 INFO::Using given LD matrices to impute gene z score.
2022-05-10 17:07:25 INFO::Imputation done, writing results to output...
2022-05-10 17:07:25 INFO::Imputation done: number of genes with imputed expression: 296 for chr 18
2022-05-10 17:07:25 INFO::Flipping z scores to match LD reference
2022-05-10 17:07:26 INFO::Reading weights for chromosome 19
2022-05-10 17:07:26 INFO::Number of genes with weights provided: 32670
2022-05-10 17:07:26 INFO::Collecting gene weight information ...
2022-05-10 17:07:26 INFO::Flipping weights to match LD reference
2022-05-10 17:07:26 INFO::Harmonizing strand ambiguous weights using correlations with unambiguous variants
2022-05-10 17:15:47 INFO::Start gene z score imputation ...
2022-05-10 17:15:47 INFO::Using given LD matrices to impute gene z score.
2022-05-10 17:21:23 INFO::Imputation done, writing results to output...
2022-05-10 17:21:24 INFO::Imputation done: number of genes with imputed expression: 1534 for chr 19
2022-05-10 17:21:24 INFO::Flipping z scores to match LD reference
2022-05-10 17:21:25 INFO::Reading weights for chromosome 20
2022-05-10 17:21:25 INFO::Number of genes with weights provided: 32670
2022-05-10 17:21:25 INFO::Collecting gene weight information ...
2022-05-10 17:21:25 INFO::Flipping weights to match LD reference
2022-05-10 17:21:25 INFO::Harmonizing strand ambiguous weights using correlations with unambiguous variants
2022-05-10 17:26:49 INFO::Start gene z score imputation ...
2022-05-10 17:26:49 INFO::Using given LD matrices to impute gene z score.
2022-05-10 17:30:48 INFO::Imputation done, writing results to output...
2022-05-10 17:30:48 INFO::Imputation done: number of genes with imputed expression: 750 for chr 20
2022-05-10 17:30:49 INFO::Flipping z scores to match LD reference
2022-05-10 17:30:50 INFO::Reading weights for chromosome 21
2022-05-10 17:30:50 INFO::Number of genes with weights provided: 32670
2022-05-10 17:30:50 INFO::Collecting gene weight information ...
2022-05-10 17:30:50 INFO::Flipping weights to match LD reference
2022-05-10 17:30:50 INFO::Harmonizing strand ambiguous weights using correlations with unambiguous variants
2022-05-10 17:33:21 INFO::Start gene z score imputation ...
2022-05-10 17:33:21 INFO::Using given LD matrices to impute gene z score.
2022-05-10 17:33:59 INFO::Imputation done, writing results to output...
2022-05-10 17:33:59 INFO::Imputation done: number of genes with imputed expression: 40 for chr 21
2022-05-10 17:33:59 INFO::Flipping z scores to match LD reference
2022-05-10 17:34:00 INFO::Reading weights for chromosome 22
2022-05-10 17:34:00 INFO::Number of genes with weights provided: 32670
2022-05-10 17:34:00 INFO::Collecting gene weight information ...
2022-05-10 17:34:00 INFO::Flipping weights to match LD reference
2022-05-10 17:34:00 INFO::Harmonizing strand ambiguous weights using correlations with unambiguous variants
2022-05-10 17:40:37 INFO::Start gene z score imputation ...
2022-05-10 17:40:37 INFO::Using given LD matrices to impute gene z score.
2022-05-10 17:43:25 INFO::Imputation done, writing results to output...
2022-05-10 17:43:26 INFO::Imputation done: number of genes with imputed expression: 662 for chr 22
2022-05-10 17:43:46 INFO::ctwas started ...
2022-05-10 17:44:09 INFO::LD region file: /home/shengqian/R/x86_64-pc-linux-gnu-library/3.6/ctwas/extdata/ldetect/EUR.b38.bed
2022-05-10 17:44:18 INFO::No. LD regions: 1700
2022-05-10 17:44:24 INFO::No. regions with at least one SNP/gene for chr1: 131
2022-05-10 17:44:24 INFO::Merge regions for chr1
2022-05-10 17:44:24 INFO::No. regions with at least one SNP/gene for chr1 after merging: 130
2022-05-10 17:44:32 INFO::No. regions with at least one SNP/gene for chr2: 143
2022-05-10 17:44:32 INFO::Merge regions for chr2
2022-05-10 17:44:32 INFO::No. regions with at least one SNP/gene for chr2 after merging: 143
2022-05-10 17:44:37 INFO::No. regions with at least one SNP/gene for chr3: 122
2022-05-10 17:44:37 INFO::Merge regions for chr3
2022-05-10 17:44:37 INFO::No. regions with at least one SNP/gene for chr3 after merging: 121
2022-05-10 17:44:43 INFO::No. regions with at least one SNP/gene for chr4: 122
2022-05-10 17:44:43 INFO::Merge regions for chr4
2022-05-10 17:44:43 INFO::No. regions with at least one SNP/gene for chr4 after merging: 120
2022-05-10 17:44:47 INFO::No. regions with at least one SNP/gene for chr5: 110
2022-05-10 17:44:47 INFO::Merge regions for chr5
2022-05-10 17:44:47 INFO::No. regions with at least one SNP/gene for chr5 after merging: 109
2022-05-10 17:44:53 INFO::No. regions with at least one SNP/gene for chr6: 112
2022-05-10 17:44:53 INFO::Merge regions for chr6
2022-05-10 17:44:53 INFO::No. regions with at least one SNP/gene for chr6 after merging: 112
2022-05-10 17:44:57 INFO::No. regions with at least one SNP/gene for chr7: 99
2022-05-10 17:44:57 INFO::Merge regions for chr7
2022-05-10 17:44:57 INFO::No. regions with at least one SNP/gene for chr7 after merging: 97
2022-05-10 17:45:01 INFO::No. regions with at least one SNP/gene for chr8: 92
2022-05-10 17:45:01 INFO::Merge regions for chr8
2022-05-10 17:45:01 INFO::No. regions with at least one SNP/gene for chr8 after merging: 91
2022-05-10 17:45:04 INFO::No. regions with at least one SNP/gene for chr9: 74
2022-05-10 17:45:04 INFO::Merge regions for chr9
2022-05-10 17:45:04 INFO::No. regions with at least one SNP/gene for chr9 after merging: 74
2022-05-10 17:45:07 INFO::No. regions with at least one SNP/gene for chr10: 85
2022-05-10 17:45:07 INFO::Merge regions for chr10
2022-05-10 17:45:07 INFO::No. regions with at least one SNP/gene for chr10 after merging: 85
2022-05-10 17:45:11 INFO::No. regions with at least one SNP/gene for chr11: 84
2022-05-10 17:45:11 INFO::Merge regions for chr11
2022-05-10 17:45:11 INFO::No. regions with at least one SNP/gene for chr11 after merging: 83
2022-05-10 17:45:14 INFO::No. regions with at least one SNP/gene for chr12: 82
2022-05-10 17:45:14 INFO::Merge regions for chr12
2022-05-10 17:45:14 INFO::No. regions with at least one SNP/gene for chr12 after merging: 82
2022-05-10 17:45:16 INFO::No. regions with at least one SNP/gene for chr13: 62
2022-05-10 17:45:16 INFO::Merge regions for chr13
2022-05-10 17:45:16 INFO::No. regions with at least one SNP/gene for chr13 after merging: 62
2022-05-10 17:45:19 INFO::No. regions with at least one SNP/gene for chr14: 56
2022-05-10 17:45:19 INFO::Merge regions for chr14
2022-05-10 17:45:19 INFO::No. regions with at least one SNP/gene for chr14 after merging: 56
2022-05-10 17:45:20 INFO::No. regions with at least one SNP/gene for chr15: 50
2022-05-10 17:45:20 INFO::Merge regions for chr15
2022-05-10 17:45:20 INFO::No. regions with at least one SNP/gene for chr15 after merging: 49
2022-05-10 17:45:22 INFO::No. regions with at least one SNP/gene for chr16: 50
2022-05-10 17:45:22 INFO::Merge regions for chr16
2022-05-10 17:45:22 INFO::No. regions with at least one SNP/gene for chr16 after merging: 50
2022-05-10 17:45:25 INFO::No. regions with at least one SNP/gene for chr17: 47
2022-05-10 17:45:25 INFO::Merge regions for chr17
2022-05-10 17:45:25 INFO::No. regions with at least one SNP/gene for chr17 after merging: 46
2022-05-10 17:45:26 INFO::No. regions with at least one SNP/gene for chr18: 47
2022-05-10 17:45:26 INFO::Merge regions for chr18
2022-05-10 17:45:26 INFO::No. regions with at least one SNP/gene for chr18 after merging: 46
2022-05-10 17:45:28 INFO::No. regions with at least one SNP/gene for chr19: 39
2022-05-10 17:45:28 INFO::Merge regions for chr19
2022-05-10 17:45:28 INFO::No. regions with at least one SNP/gene for chr19 after merging: 39
2022-05-10 17:45:29 INFO::No. regions with at least one SNP/gene for chr20: 38
2022-05-10 17:45:29 INFO::Merge regions for chr20
2022-05-10 17:45:29 INFO::No. regions with at least one SNP/gene for chr20 after merging: 38
2022-05-10 17:45:31 INFO::No. regions with at least one SNP/gene for chr21: 15
2022-05-10 17:45:31 INFO::Merge regions for chr21
2022-05-10 17:45:31 INFO::No. regions with at least one SNP/gene for chr21 after merging: 15
2022-05-10 17:45:32 INFO::No. regions with at least one SNP/gene for chr22: 24
2022-05-10 17:45:32 INFO::Merge regions for chr22
2022-05-10 17:45:32 INFO::No. regions with at least one SNP/gene for chr22 after merging: 24
2022-05-10 17:45:32 INFO::Trim regions with SNPs more than Inf
2022-05-10 17:45:32 INFO::Adding R matrix info, as genotype is not given
2022-05-10 17:45:32 INFO::Adding R matrix info for chrom 1
2022-05-10 17:59:21 INFO::Adding R matrix info for chrom 2
2022-05-10 18:12:30 INFO::Adding R matrix info for chrom 3
2022-05-10 18:22:42 INFO::Adding R matrix info for chrom 4
2022-05-10 18:32:59 INFO::Adding R matrix info for chrom 5
2022-05-10 18:41:48 INFO::Adding R matrix info for chrom 6
2022-05-10 18:52:21 INFO::Adding R matrix info for chrom 7
2022-05-10 19:02:18 INFO::Adding R matrix info for chrom 8
2022-05-10 19:10:23 INFO::Adding R matrix info for chrom 9
2022-05-10 19:17:06 INFO::Adding R matrix info for chrom 10
2022-05-10 19:25:32 INFO::Adding R matrix info for chrom 11
2022-05-10 19:34:41 INFO::Adding R matrix info for chrom 12
2022-05-10 19:43:15 INFO::Adding R matrix info for chrom 13
2022-05-10 19:48:13 INFO::Adding R matrix info for chrom 14
2022-05-10 19:53:43 INFO::Adding R matrix info for chrom 15
2022-05-10 19:58:55 INFO::Adding R matrix info for chrom 16
2022-05-10 20:03:43 INFO::Adding R matrix info for chrom 17
2022-05-10 20:10:46 INFO::Adding R matrix info for chrom 18
2022-05-10 20:15:13 INFO::Adding R matrix info for chrom 19
2022-05-10 20:22:31 INFO::Adding R matrix info for chrom 20
2022-05-10 20:26:53 INFO::Adding R matrix info for chrom 21
2022-05-10 20:27:43 INFO::Adding R matrix info for chrom 22
2022-05-10 20:30:47 INFO::Run susie iteratively, getting rough estimate ...
2022-05-10 20:30:47 INFO::run iteration 1
starting worker pid=9139 on localhost:11982 at 20:30:48.208
starting worker pid=9152 on localhost:11982 at 20:30:48.698
starting worker pid=9166 on localhost:11982 at 20:30:49.158
starting worker pid=9179 on localhost:11982 at 20:30:49.606
starting worker pid=9192 on localhost:11982 at 20:30:50.062
starting worker pid=9206 on localhost:11982 at 20:30:50.519
starting worker pid=9219 on localhost:11982 at 20:30:50.971
starting worker pid=9233 on localhost:11982 at 20:30:51.421
starting worker pid=9246 on localhost:11982 at 20:30:51.867
starting worker pid=9259 on localhost:11982 at 20:30:52.317
2022-05-10 20:39:33 INFO::After iteration 1, gene prior 0.00298514710380987:, SNP prior:0.00254739807190128
2022-05-10 20:39:33 INFO::run iteration 2
starting worker pid=9804 on localhost:11982 at 20:39:34.365
starting worker pid=9817 on localhost:11982 at 20:39:34.860
starting worker pid=9831 on localhost:11982 at 20:39:35.317
starting worker pid=9844 on localhost:11982 at 20:39:35.761
starting worker pid=9858 on localhost:11982 at 20:39:36.208
starting worker pid=9871 on localhost:11982 at 20:39:36.658
starting worker pid=9884 on localhost:11982 at 20:39:37.108
starting worker pid=9898 on localhost:11982 at 20:39:37.557
starting worker pid=9911 on localhost:11982 at 20:39:38.007
starting worker pid=9924 on localhost:11982 at 20:39:38.460
2022-05-10 20:48:11 INFO::After iteration 2, gene prior 0.00294974544732698:, SNP prior:0.00224566102142001
2022-05-10 20:48:11 INFO::run iteration 3
starting worker pid=11091 on localhost:11982 at 20:48:12.175
starting worker pid=11105 on localhost:11982 at 20:48:12.630
starting worker pid=11118 on localhost:11982 at 20:48:13.091
starting worker pid=11132 on localhost:11982 at 20:48:13.542
starting worker pid=11145 on localhost:11982 at 20:48:13.993
starting worker pid=11159 on localhost:11982 at 20:48:14.441
starting worker pid=11177 on localhost:11982 at 20:48:14.894
starting worker pid=11190 on localhost:11982 at 20:48:15.353
starting worker pid=11204 on localhost:11982 at 20:48:15.802
starting worker pid=11219 on localhost:11982 at 20:48:16.247
2022-05-10 20:56:55 INFO::After iteration 3, gene prior 0.00310030997683627:, SNP prior:0.00215393885600494
2022-05-10 20:56:56 INFO::Blocks are filtered: 821 blocks left
2022-05-10 20:56:56 INFO::Run susie iteratively, getting accurate estimate ...
2022-05-10 20:56:56 INFO::run iteration 1
starting worker pid=11976 on localhost:11982 at 20:56:56.792
starting worker pid=11990 on localhost:11982 at 20:56:57.273
starting worker pid=12003 on localhost:11982 at 20:56:57.741
starting worker pid=12019 on localhost:11982 at 20:56:58.203
starting worker pid=12032 on localhost:11982 at 20:56:58.661
starting worker pid=12051 on localhost:11982 at 20:56:59.120
starting worker pid=12065 on localhost:11982 at 20:56:59.592
starting worker pid=12079 on localhost:11982 at 20:57:00.052
starting worker pid=12093 on localhost:11982 at 20:57:00.489
starting worker pid=12106 on localhost:11982 at 20:57:00.949
2022-05-10 21:01:55 INFO::After iteration 1, gene prior 0.00398040786997756:, SNP prior:0.00255129343637095
2022-05-10 21:01:55 INFO::run iteration 2
starting worker pid=12442 on localhost:11982 at 21:01:55.936
starting worker pid=12456 on localhost:11982 at 21:01:56.438
starting worker pid=12469 on localhost:11982 at 21:01:56.911
starting worker pid=12482 on localhost:11982 at 21:01:57.383
starting worker pid=12496 on localhost:11982 at 21:01:57.846
starting worker pid=12509 on localhost:11982 at 21:01:58.309
starting worker pid=12522 on localhost:11982 at 21:01:58.772
starting worker pid=12536 on localhost:11982 at 21:01:59.238
starting worker pid=12549 on localhost:11982 at 21:01:59.702
starting worker pid=12563 on localhost:11982 at 21:02:00.167
2022-05-10 21:06:53 INFO::After iteration 2, gene prior 0.00467767269027599:, SNP prior:0.00282172226703464
2022-05-10 21:06:54 INFO::run iteration 3
starting worker pid=12903 on localhost:11982 at 21:06:54.526
starting worker pid=12916 on localhost:11982 at 21:06:55.012
starting worker pid=12930 on localhost:11982 at 21:06:55.500
starting worker pid=12943 on localhost:11982 at 21:06:55.992
starting worker pid=12957 on localhost:11982 at 21:06:56.467
starting worker pid=12970 on localhost:11982 at 21:06:56.935
starting worker pid=12983 on localhost:11982 at 21:06:57.409
starting worker pid=12997 on localhost:11982 at 21:06:57.882
starting worker pid=13010 on localhost:11982 at 21:06:58.350
starting worker pid=13023 on localhost:11982 at 21:06:58.811
2022-05-10 21:11:54 INFO::After iteration 3, gene prior 0.00519178157866997:, SNP prior:0.00299100355287809
2022-05-10 21:11:55 INFO::run iteration 4
starting worker pid=13354 on localhost:11982 at 21:11:55.634
starting worker pid=13367 on localhost:11982 at 21:11:56.129
starting worker pid=13381 on localhost:11982 at 21:11:56.637
starting worker pid=13394 on localhost:11982 at 21:11:57.128
starting worker pid=13407 on localhost:11982 at 21:11:57.608
starting worker pid=13421 on localhost:11982 at 21:11:58.087
starting worker pid=13434 on localhost:11982 at 21:11:58.570
starting worker pid=13448 on localhost:11982 at 21:11:59.048
starting worker pid=13461 on localhost:11982 at 21:11:59.519
starting worker pid=13474 on localhost:11982 at 21:12:00.001
2022-05-10 21:16:57 INFO::After iteration 4, gene prior 0.00551940102043883:, SNP prior:0.00307309621729396
2022-05-10 21:16:58 INFO::run iteration 5
starting worker pid=14307 on localhost:11982 at 21:16:58.630
starting worker pid=14321 on localhost:11982 at 21:16:59.132
starting worker pid=14334 on localhost:11982 at 21:16:59.636
starting worker pid=14348 on localhost:11982 at 21:17:00.131
starting worker pid=14361 on localhost:11982 at 21:17:00.610
starting worker pid=14374 on localhost:11982 at 21:17:01.095
starting worker pid=14388 on localhost:11982 at 21:17:01.579
starting worker pid=14401 on localhost:11982 at 21:17:02.070
starting worker pid=14415 on localhost:11982 at 21:17:02.548
starting worker pid=14428 on localhost:11982 at 21:17:03.031
2022-05-10 21:21:58 INFO::After iteration 5, gene prior 0.00572515970747374:, SNP prior:0.0031062250526497
2022-05-10 21:21:58 INFO::run iteration 6
starting worker pid=14983 on localhost:11982 at 21:21:59.315
starting worker pid=14996 on localhost:11982 at 21:21:59.814
starting worker pid=15010 on localhost:11982 at 21:22:00.317
starting worker pid=15023 on localhost:11982 at 21:22:00.816
starting worker pid=15037 on localhost:11982 at 21:22:01.307
starting worker pid=15050 on localhost:11982 at 21:22:01.799
starting worker pid=15063 on localhost:11982 at 21:22:02.290
starting worker pid=15077 on localhost:11982 at 21:22:02.777
starting worker pid=15090 on localhost:11982 at 21:22:03.265
starting worker pid=15104 on localhost:11982 at 21:22:03.751
2022-05-10 21:27:02 INFO::After iteration 6, gene prior 0.0058631037278306:, SNP prior:0.00311772533925291
2022-05-10 21:27:02 INFO::run iteration 7
starting worker pid=15440 on localhost:11982 at 21:27:03.126
starting worker pid=15453 on localhost:11982 at 21:27:03.659
starting worker pid=15467 on localhost:11982 at 21:27:04.169
starting worker pid=15480 on localhost:11982 at 21:27:04.670
starting worker pid=15494 on localhost:11982 at 21:27:05.171
starting worker pid=15507 on localhost:11982 at 21:27:05.670
starting worker pid=15521 on localhost:11982 at 21:27:06.168
starting worker pid=15534 on localhost:11982 at 21:27:06.667
starting worker pid=15547 on localhost:11982 at 21:27:07.159
starting worker pid=15561 on localhost:11982 at 21:27:07.658
2022-05-10 21:32:06 INFO::After iteration 7, gene prior 0.0059618721729115:, SNP prior:0.00312068182946779
2022-05-10 21:32:06 INFO::run iteration 8
starting worker pid=15892 on localhost:11982 at 21:32:07.007
starting worker pid=15908 on localhost:11982 at 21:32:07.499
starting worker pid=15924 on localhost:11982 at 21:32:07.998
starting worker pid=15937 on localhost:11982 at 21:32:08.501
starting worker pid=15956 on localhost:11982 at 21:32:08.999
starting worker pid=15969 on localhost:11982 at 21:32:09.500
starting worker pid=15983 on localhost:11982 at 21:32:09.999
starting worker pid=15996 on localhost:11982 at 21:32:10.498
starting worker pid=16009 on localhost:11982 at 21:32:10.999
starting worker pid=16024 on localhost:11982 at 21:32:11.499
2022-05-10 21:37:09 INFO::After iteration 8, gene prior 0.00603602966173842:, SNP prior:0.00312049987037467
2022-05-10 21:37:10 INFO::run iteration 9
starting worker pid=16355 on localhost:11982 at 21:37:10.597
starting worker pid=16368 on localhost:11982 at 21:37:11.106
starting worker pid=16382 on localhost:11982 at 21:37:11.638
starting worker pid=16395 on localhost:11982 at 21:37:12.156
starting worker pid=16409 on localhost:11982 at 21:37:12.667
starting worker pid=16422 on localhost:11982 at 21:37:13.176
starting worker pid=16436 on localhost:11982 at 21:37:13.686
starting worker pid=16449 on localhost:11982 at 21:37:14.198
starting worker pid=16462 on localhost:11982 at 21:37:14.705
starting worker pid=16476 on localhost:11982 at 21:37:15.215
2022-05-10 21:42:11 INFO::After iteration 9, gene prior 0.00609336057544452:, SNP prior:0.00311933489580046
2022-05-10 21:42:11 INFO::run iteration 10
starting worker pid=16813 on localhost:11982 at 21:42:12.342
starting worker pid=16826 on localhost:11982 at 21:42:12.860
starting worker pid=16839 on localhost:11982 at 21:42:13.377
starting worker pid=16853 on localhost:11982 at 21:42:13.891
starting worker pid=16866 on localhost:11982 at 21:42:14.408
starting worker pid=16880 on localhost:11982 at 21:42:14.929
starting worker pid=16893 on localhost:11982 at 21:42:15.447
starting worker pid=16907 on localhost:11982 at 21:42:15.939
starting worker pid=16920 on localhost:11982 at 21:42:16.449
starting worker pid=16933 on localhost:11982 at 21:42:16.961
2022-05-10 21:47:17 INFO::After iteration 10, gene prior 0.00613837696406929:, SNP prior:0.00311799369003052
2022-05-10 21:47:17 INFO::run iteration 11
starting worker pid=17771 on localhost:11982 at 21:47:18.487
starting worker pid=17784 on localhost:11982 at 21:47:19.029
starting worker pid=17797 on localhost:11982 at 21:47:19.570
starting worker pid=17811 on localhost:11982 at 21:47:20.106
starting worker pid=17824 on localhost:11982 at 21:47:20.628
starting worker pid=17838 on localhost:11982 at 21:47:21.150
starting worker pid=17851 on localhost:11982 at 21:47:21.672
starting worker pid=17865 on localhost:11982 at 21:47:22.197
starting worker pid=17878 on localhost:11982 at 21:47:22.728
starting worker pid=17891 on localhost:11982 at 21:47:23.250
2022-05-10 21:52:21 INFO::After iteration 11, gene prior 0.00617400516273073:, SNP prior:0.00311675906143068
2022-05-10 21:52:21 INFO::run iteration 12
starting worker pid=18448 on localhost:11982 at 21:52:22.003
starting worker pid=18461 on localhost:11982 at 21:52:22.536
starting worker pid=18474 on localhost:11982 at 21:52:23.093
starting worker pid=18489 on localhost:11982 at 21:52:23.628
starting worker pid=18503 on localhost:11982 at 21:52:24.158
starting worker pid=18517 on localhost:11982 at 21:52:24.698
starting worker pid=18530 on localhost:11982 at 21:52:25.229
starting worker pid=18544 on localhost:11982 at 21:52:25.762
starting worker pid=18557 on localhost:11982 at 21:52:26.297
starting worker pid=18570 on localhost:11982 at 21:52:26.829
2022-05-10 21:57:25 INFO::After iteration 12, gene prior 0.00620230811038216:, SNP prior:0.00311570859166109
2022-05-10 21:57:25 INFO::run iteration 13
starting worker pid=18911 on localhost:11982 at 21:57:26.414
starting worker pid=18924 on localhost:11982 at 21:57:26.968
starting worker pid=18937 on localhost:11982 at 21:57:27.508
starting worker pid=18951 on localhost:11982 at 21:57:28.047
starting worker pid=18964 on localhost:11982 at 21:57:28.598
starting worker pid=18978 on localhost:11982 at 21:57:29.139
starting worker pid=18991 on localhost:11982 at 21:57:29.680
starting worker pid=19005 on localhost:11982 at 21:57:30.219
starting worker pid=19018 on localhost:11982 at 21:57:30.758
starting worker pid=19031 on localhost:11982 at 21:57:31.303
2022-05-10 22:02:31 INFO::After iteration 13, gene prior 0.00622482605640111:, SNP prior:0.0031148439245005
2022-05-10 22:02:31 INFO::run iteration 14
starting worker pid=19363 on localhost:11982 at 22:02:32.036
starting worker pid=19376 on localhost:11982 at 22:02:32.583
starting worker pid=19390 on localhost:11982 at 22:02:33.139
starting worker pid=19403 on localhost:11982 at 22:02:33.699
starting worker pid=19417 on localhost:11982 at 22:02:34.248
starting worker pid=19430 on localhost:11982 at 22:02:34.797
starting worker pid=19444 on localhost:11982 at 22:02:35.352
starting worker pid=19457 on localhost:11982 at 22:02:35.901
starting worker pid=19471 on localhost:11982 at 22:02:36.441
starting worker pid=19484 on localhost:11982 at 22:02:36.988
2022-05-10 22:07:34 INFO::After iteration 14, gene prior 0.00624275122258519:, SNP prior:0.00311414388695363
2022-05-10 22:07:35 INFO::run iteration 15
starting worker pid=19823 on localhost:11982 at 22:07:35.671
starting worker pid=19837 on localhost:11982 at 22:07:36.208
starting worker pid=19850 on localhost:11982 at 22:07:36.758
starting worker pid=19863 on localhost:11982 at 22:07:37.312
starting worker pid=19877 on localhost:11982 at 22:07:37.870
starting worker pid=19892 on localhost:11982 at 22:07:38.427
starting worker pid=19906 on localhost:11982 at 22:07:39.009
starting worker pid=19919 on localhost:11982 at 22:07:39.558
starting worker pid=19933 on localhost:11982 at 22:07:40.111
starting worker pid=19946 on localhost:11982 at 22:07:40.666
2022-05-10 22:12:39 INFO::After iteration 15, gene prior 0.00625702114460678:, SNP prior:0.00311358183658441
2022-05-10 22:12:39 INFO::run iteration 16
starting worker pid=20280 on localhost:11982 at 22:12:39.937
starting worker pid=20293 on localhost:11982 at 22:12:40.502
starting worker pid=20307 on localhost:11982 at 22:12:41.028
starting worker pid=20320 on localhost:11982 at 22:12:41.580
starting worker pid=20333 on localhost:11982 at 22:12:42.143
starting worker pid=20347 on localhost:11982 at 22:12:42.700
starting worker pid=20360 on localhost:11982 at 22:12:43.260
starting worker pid=20374 on localhost:11982 at 22:12:43.821
starting worker pid=20387 on localhost:11982 at 22:12:44.381
starting worker pid=20401 on localhost:11982 at 22:12:44.941
2022-05-10 22:17:43 INFO::After iteration 16, gene prior 0.00626837943867649:, SNP prior:0.00311313252112838
2022-05-10 22:17:43 INFO::run iteration 17
starting worker pid=21232 on localhost:11982 at 22:17:44.554
starting worker pid=21245 on localhost:11982 at 22:17:45.147
starting worker pid=21259 on localhost:11982 at 22:17:45.716
starting worker pid=21272 on localhost:11982 at 22:17:46.282
starting worker pid=21285 on localhost:11982 at 22:17:46.851
starting worker pid=21299 on localhost:11982 at 22:17:47.390
starting worker pid=21312 on localhost:11982 at 22:17:47.956
starting worker pid=21326 on localhost:11982 at 22:17:48.521
starting worker pid=21339 on localhost:11982 at 22:17:49.087
starting worker pid=21353 on localhost:11982 at 22:17:49.657
2022-05-10 22:22:50 INFO::After iteration 17, gene prior 0.00627741816165184:, SNP prior:0.0031127741614645
2022-05-10 22:22:50 INFO::run iteration 18
starting worker pid=21945 on localhost:11982 at 22:22:50.883
starting worker pid=21959 on localhost:11982 at 22:22:51.488
starting worker pid=21972 on localhost:11982 at 22:22:52.066
starting worker pid=21985 on localhost:11982 at 22:22:52.639
starting worker pid=21999 on localhost:11982 at 22:22:53.206
starting worker pid=22013 on localhost:11982 at 22:22:53.789
starting worker pid=22027 on localhost:11982 at 22:22:54.370
starting worker pid=22040 on localhost:11982 at 22:22:54.947
starting worker pid=22058 on localhost:11982 at 22:22:55.520
starting worker pid=22071 on localhost:11982 at 22:22:56.093
2022-05-10 22:27:55 INFO::After iteration 18, gene prior 0.00628460934922384:, SNP prior:0.00311248871528879
2022-05-10 22:27:55 INFO::run iteration 19
starting worker pid=22417 on localhost:11982 at 22:27:55.704
starting worker pid=22431 on localhost:11982 at 22:27:56.278
starting worker pid=22444 on localhost:11982 at 22:27:56.848
starting worker pid=22458 on localhost:11982 at 22:27:57.421
starting worker pid=22471 on localhost:11982 at 22:27:57.988
starting worker pid=22484 on localhost:11982 at 22:27:58.557
starting worker pid=22498 on localhost:11982 at 22:27:59.130
starting worker pid=22511 on localhost:11982 at 22:27:59.720
starting worker pid=22525 on localhost:11982 at 22:28:00.289
starting worker pid=22538 on localhost:11982 at 22:28:00.858
2022-05-10 22:33:00 INFO::After iteration 19, gene prior 0.00629032943453065:, SNP prior:0.00311226151914769
2022-05-10 22:33:00 INFO::run iteration 20
starting worker pid=22878 on localhost:11982 at 22:33:01.418
starting worker pid=22891 on localhost:11982 at 22:33:01.987
starting worker pid=22905 on localhost:11982 at 22:33:02.557
starting worker pid=22918 on localhost:11982 at 22:33:03.127
starting worker pid=22932 on localhost:11982 at 22:33:03.702
starting worker pid=22945 on localhost:11982 at 22:33:04.277
starting worker pid=22958 on localhost:11982 at 22:33:04.848
starting worker pid=22972 on localhost:11982 at 22:33:05.417
starting worker pid=22985 on localhost:11982 at 22:33:05.989
starting worker pid=23000 on localhost:11982 at 22:33:06.558
2022-05-10 22:38:08 INFO::After iteration 20, gene prior 0.00629487853392123:, SNP prior:0.00311208077008766
2022-05-10 22:38:08 INFO::run iteration 21
starting worker pid=23335 on localhost:11982 at 22:38:09.306
starting worker pid=23348 on localhost:11982 at 22:38:09.906
starting worker pid=23362 on localhost:11982 at 22:38:10.459
starting worker pid=23375 on localhost:11982 at 22:38:11.066
starting worker pid=23389 on localhost:11982 at 22:38:11.647
starting worker pid=23402 on localhost:11982 at 22:38:12.212
starting worker pid=23416 on localhost:11982 at 22:38:12.781
starting worker pid=23429 on localhost:11982 at 22:38:13.347
starting worker pid=23443 on localhost:11982 at 22:38:13.916
starting worker pid=23456 on localhost:11982 at 22:38:14.489
2022-05-10 22:43:15 INFO::After iteration 21, gene prior 0.00629849581623318:, SNP prior:0.00311193701585826
2022-05-10 22:43:15 INFO::run iteration 22
starting worker pid=23791 on localhost:11982 at 22:43:16.402
starting worker pid=23804 on localhost:11982 at 22:43:16.959
starting worker pid=23818 on localhost:11982 at 22:43:17.527
starting worker pid=23831 on localhost:11982 at 22:43:18.100
starting worker pid=23845 on localhost:11982 at 22:43:18.670
starting worker pid=23858 on localhost:11982 at 22:43:19.241
starting worker pid=23871 on localhost:11982 at 22:43:19.806
starting worker pid=23885 on localhost:11982 at 22:43:20.376
starting worker pid=23898 on localhost:11982 at 22:43:20.947
starting worker pid=23912 on localhost:11982 at 22:43:21.517
2022-05-10 22:48:20 INFO::After iteration 22, gene prior 0.00630137179266668:, SNP prior:0.00311182270792029
2022-05-10 22:48:20 INFO::run iteration 23
starting worker pid=24830 on localhost:11982 at 22:48:20.981
starting worker pid=24843 on localhost:11982 at 22:48:21.526
starting worker pid=24856 on localhost:11982 at 22:48:22.097
starting worker pid=24870 on localhost:11982 at 22:48:22.668
starting worker pid=24883 on localhost:11982 at 22:48:23.237
starting worker pid=24897 on localhost:11982 at 22:48:23.810
starting worker pid=24910 on localhost:11982 at 22:48:24.376
starting worker pid=24924 on localhost:11982 at 22:48:24.946
starting worker pid=24937 on localhost:11982 at 22:48:25.530
starting worker pid=24951 on localhost:11982 at 22:48:26.102
2022-05-10 22:53:27 INFO::After iteration 23, gene prior 0.0063036581516114:, SNP prior:0.0031117318277718
2022-05-10 22:53:27 INFO::run iteration 24
starting worker pid=25513 on localhost:11982 at 22:53:27.967
starting worker pid=25527 on localhost:11982 at 22:53:28.554
starting worker pid=25540 on localhost:11982 at 22:53:29.139
starting worker pid=25554 on localhost:11982 at 22:53:29.710
starting worker pid=25567 on localhost:11982 at 22:53:30.280
starting worker pid=25580 on localhost:11982 at 22:53:30.853
starting worker pid=25594 on localhost:11982 at 22:53:31.427
starting worker pid=25607 on localhost:11982 at 22:53:31.999
starting worker pid=25621 on localhost:11982 at 22:53:32.577
starting worker pid=25634 on localhost:11982 at 22:53:33.151
2022-05-10 22:58:35 INFO::After iteration 24, gene prior 0.00630547562566176:, SNP prior:0.0031116595815328
2022-05-10 22:58:35 INFO::run iteration 25
starting worker pid=25972 on localhost:11982 at 22:58:36.345
starting worker pid=25985 on localhost:11982 at 22:58:36.919
starting worker pid=25999 on localhost:11982 at 22:58:37.492
starting worker pid=26012 on localhost:11982 at 22:58:38.067
starting worker pid=26026 on localhost:11982 at 22:58:38.638
starting worker pid=26039 on localhost:11982 at 22:58:39.213
starting worker pid=26053 on localhost:11982 at 22:58:39.788
starting worker pid=26066 on localhost:11982 at 22:58:40.355
starting worker pid=26080 on localhost:11982 at 22:58:40.927
starting worker pid=26093 on localhost:11982 at 22:58:41.502
2022-05-10 23:03:43 INFO::After iteration 25, gene prior 0.00630692027933134:, SNP prior:0.00311160215316929
2022-05-10 23:03:43 INFO::run iteration 26
starting worker pid=26433 on localhost:11982 at 23:03:44.568
starting worker pid=26446 on localhost:11982 at 23:03:45.140
starting worker pid=26460 on localhost:11982 at 23:03:45.718
starting worker pid=26473 on localhost:11982 at 23:03:46.290
starting worker pid=26486 on localhost:11982 at 23:03:46.855
starting worker pid=26500 on localhost:11982 at 23:03:47.469
starting worker pid=26513 on localhost:11982 at 23:03:48.059
starting worker pid=26527 on localhost:11982 at 23:03:48.625
starting worker pid=26540 on localhost:11982 at 23:03:49.201
starting worker pid=26554 on localhost:11982 at 23:03:49.776
2022-05-10 23:08:50 INFO::After iteration 26, gene prior 0.00630806852990593:, SNP prior:0.00311155650632638
2022-05-10 23:08:50 INFO::run iteration 27
starting worker pid=26908 on localhost:11982 at 23:08:51.502
starting worker pid=26921 on localhost:11982 at 23:08:52.069
starting worker pid=26934 on localhost:11982 at 23:08:52.639
starting worker pid=26948 on localhost:11982 at 23:08:53.211
starting worker pid=26962 on localhost:11982 at 23:08:53.789
starting worker pid=26976 on localhost:11982 at 23:08:54.360
starting worker pid=26989 on localhost:11982 at 23:08:54.929
starting worker pid=27003 on localhost:11982 at 23:08:55.504
starting worker pid=27016 on localhost:11982 at 23:08:56.076
starting worker pid=27030 on localhost:11982 at 23:08:56.648
2022-05-10 23:13:57 INFO::After iteration 27, gene prior 0.00630898115324401:, SNP prior:0.00311152022575257
2022-05-10 23:13:57 INFO::run iteration 28
starting worker pid=27411 on localhost:11982 at 23:13:58.322
starting worker pid=27425 on localhost:11982 at 23:13:58.909
starting worker pid=27438 on localhost:11982 at 23:13:59.486
starting worker pid=27452 on localhost:11982 at 23:14:00.061
starting worker pid=27465 on localhost:11982 at 23:14:00.631
starting worker pid=27479 on localhost:11982 at 23:14:01.242
starting worker pid=27492 on localhost:11982 at 23:14:01.861
starting worker pid=27506 on localhost:11982 at 23:14:02.456
starting worker pid=27519 on localhost:11982 at 23:14:03.040
starting worker pid=27532 on localhost:11982 at 23:14:03.610
2022-05-10 23:19:05 INFO::After iteration 28, gene prior 0.00630970647734414:, SNP prior:0.00311149139067193
2022-05-10 23:19:05 INFO::run iteration 29
starting worker pid=28594 on localhost:11982 at 23:19:06.548
starting worker pid=28607 on localhost:11982 at 23:19:07.093
starting worker pid=28621 on localhost:11982 at 23:19:07.677
starting worker pid=28634 on localhost:11982 at 23:19:08.251
starting worker pid=28648 on localhost:11982 at 23:19:08.827
starting worker pid=28661 on localhost:11982 at 23:19:09.397
starting worker pid=28675 on localhost:11982 at 23:19:09.968
starting worker pid=28688 on localhost:11982 at 23:19:10.539
starting worker pid=28701 on localhost:11982 at 23:19:11.113
starting worker pid=28715 on localhost:11982 at 23:19:11.695
2022-05-10 23:24:11 INFO::After iteration 29, gene prior 0.00631028292677235:, SNP prior:0.00311146847380233
2022-05-10 23:24:11 INFO::run iteration 30
starting worker pid=29049 on localhost:11982 at 23:24:12.279
starting worker pid=29062 on localhost:11982 at 23:24:12.858
starting worker pid=29076 on localhost:11982 at 23:24:13.431
starting worker pid=29089 on localhost:11982 at 23:24:14.002
starting worker pid=29102 on localhost:11982 at 23:24:14.578
starting worker pid=29117 on localhost:11982 at 23:24:15.148
starting worker pid=29130 on localhost:11982 at 23:24:15.725
starting worker pid=29144 on localhost:11982 at 23:24:16.298
starting worker pid=29157 on localhost:11982 at 23:24:16.866
starting worker pid=29171 on localhost:11982 at 23:24:17.439
2022-05-10 23:29:17 INFO::After iteration 30, gene prior 0.00631074104885043:, SNP prior:0.00311145026089732
2022-05-10 23:29:17 INFO::Run susie for all regions.
2022-05-10 23:29:17 INFO::run iteration 1
starting worker pid=29505 on localhost:11982 at 23:29:17.954
starting worker pid=29518 on localhost:11982 at 23:29:18.531
starting worker pid=29532 on localhost:11982 at 23:29:19.103
starting worker pid=29545 on localhost:11982 at 23:29:19.679
starting worker pid=29559 on localhost:11982 at 23:29:20.249
starting worker pid=29572 on localhost:11982 at 23:29:20.821
starting worker pid=29585 on localhost:11982 at 23:29:21.391
starting worker pid=29599 on localhost:11982 at 23:29:21.967
starting worker pid=29612 on localhost:11982 at 23:29:22.537
starting worker pid=29626 on localhost:11982 at 23:29:23.119
2022-05-10 23:39:52 INFO::After iteration 1, gene prior 0.0207843508935525:, SNP prior:0.0109789268894143
2022-05-10 23:39:52 INFO::No. LD regions: 1700
2022-05-10 23:39:59 INFO::No. regions with at least one SNP/gene for chr1: 131
2022-05-10 23:39:59 INFO::Merge regions for chr1
2022-05-10 23:39:59 INFO::No. regions with at least one SNP/gene for chr1 after merging: 130
2022-05-10 23:40:06 INFO::No. regions with at least one SNP/gene for chr2: 143
2022-05-10 23:40:06 INFO::Merge regions for chr2
2022-05-10 23:40:06 INFO::No. regions with at least one SNP/gene for chr2 after merging: 143
2022-05-10 23:40:11 INFO::No. regions with at least one SNP/gene for chr3: 122
2022-05-10 23:40:11 INFO::Merge regions for chr3
2022-05-10 23:40:11 INFO::No. regions with at least one SNP/gene for chr3 after merging: 121
2022-05-10 23:40:16 INFO::No. regions with at least one SNP/gene for chr4: 122
2022-05-10 23:40:16 INFO::Merge regions for chr4
2022-05-10 23:40:16 INFO::No. regions with at least one SNP/gene for chr4 after merging: 120
2022-05-10 23:40:20 INFO::No. regions with at least one SNP/gene for chr5: 110
2022-05-10 23:40:20 INFO::Merge regions for chr5
2022-05-10 23:40:20 INFO::No. regions with at least one SNP/gene for chr5 after merging: 109
2022-05-10 23:40:25 INFO::No. regions with at least one SNP/gene for chr6: 112
2022-05-10 23:40:25 INFO::Merge regions for chr6
2022-05-10 23:40:25 INFO::No. regions with at least one SNP/gene for chr6 after merging: 112
2022-05-10 23:40:28 INFO::No. regions with at least one SNP/gene for chr7: 99
2022-05-10 23:40:28 INFO::Merge regions for chr7
2022-05-10 23:40:28 INFO::No. regions with at least one SNP/gene for chr7 after merging: 97
2022-05-10 23:40:32 INFO::No. regions with at least one SNP/gene for chr8: 92
2022-05-10 23:40:32 INFO::Merge regions for chr8
2022-05-10 23:40:32 INFO::No. regions with at least one SNP/gene for chr8 after merging: 91
2022-05-10 23:40:34 INFO::No. regions with at least one SNP/gene for chr9: 74
2022-05-10 23:40:34 INFO::Merge regions for chr9
2022-05-10 23:40:34 INFO::No. regions with at least one SNP/gene for chr9 after merging: 74
2022-05-10 23:40:38 INFO::No. regions with at least one SNP/gene for chr10: 85
2022-05-10 23:40:38 INFO::Merge regions for chr10
2022-05-10 23:40:38 INFO::No. regions with at least one SNP/gene for chr10 after merging: 85
2022-05-10 23:40:41 INFO::No. regions with at least one SNP/gene for chr11: 84
2022-05-10 23:40:41 INFO::Merge regions for chr11
2022-05-10 23:40:41 INFO::No. regions with at least one SNP/gene for chr11 after merging: 83
2022-05-10 23:40:44 INFO::No. regions with at least one SNP/gene for chr12: 82
2022-05-10 23:40:44 INFO::Merge regions for chr12
2022-05-10 23:40:44 INFO::No. regions with at least one SNP/gene for chr12 after merging: 82
2022-05-10 23:40:47 INFO::No. regions with at least one SNP/gene for chr13: 62
2022-05-10 23:40:47 INFO::Merge regions for chr13
2022-05-10 23:40:47 INFO::No. regions with at least one SNP/gene for chr13 after merging: 62
2022-05-10 23:40:48 INFO::No. regions with at least one SNP/gene for chr14: 56
2022-05-10 23:40:48 INFO::Merge regions for chr14
2022-05-10 23:40:48 INFO::No. regions with at least one SNP/gene for chr14 after merging: 56
2022-05-10 23:40:50 INFO::No. regions with at least one SNP/gene for chr15: 50
2022-05-10 23:40:50 INFO::Merge regions for chr15
2022-05-10 23:40:50 INFO::No. regions with at least one SNP/gene for chr15 after merging: 49
2022-05-10 23:40:52 INFO::No. regions with at least one SNP/gene for chr16: 50
2022-05-10 23:40:52 INFO::Merge regions for chr16
2022-05-10 23:40:52 INFO::No. regions with at least one SNP/gene for chr16 after merging: 50
2022-05-10 23:40:54 INFO::No. regions with at least one SNP/gene for chr17: 47
2022-05-10 23:40:54 INFO::Merge regions for chr17
2022-05-10 23:40:54 INFO::No. regions with at least one SNP/gene for chr17 after merging: 46
2022-05-10 23:40:56 INFO::No. regions with at least one SNP/gene for chr18: 47
2022-05-10 23:40:56 INFO::Merge regions for chr18
2022-05-10 23:40:56 INFO::No. regions with at least one SNP/gene for chr18 after merging: 46
2022-05-10 23:40:57 INFO::No. regions with at least one SNP/gene for chr19: 39
2022-05-10 23:40:57 INFO::Merge regions for chr19
2022-05-10 23:40:57 INFO::No. regions with at least one SNP/gene for chr19 after merging: 39
2022-05-10 23:40:59 INFO::No. regions with at least one SNP/gene for chr20: 38
2022-05-10 23:40:59 INFO::Merge regions for chr20
2022-05-10 23:40:59 INFO::No. regions with at least one SNP/gene for chr20 after merging: 38
2022-05-10 23:41:00 INFO::No. regions with at least one SNP/gene for chr21: 15
2022-05-10 23:41:00 INFO::Merge regions for chr21
2022-05-10 23:41:00 INFO::No. regions with at least one SNP/gene for chr21 after merging: 15
2022-05-10 23:41:01 INFO::No. regions with at least one SNP/gene for chr22: 24
2022-05-10 23:41:01 INFO::Merge regions for chr22
2022-05-10 23:41:01 INFO::No. regions with at least one SNP/gene for chr22 after merging: 24
2022-05-10 23:41:01 INFO::Trim regions with SNPs more than 20000
2022-05-10 23:41:01 INFO::Adding R matrix info, as genotype is not given
2022-05-10 23:41:01 INFO::Adding R matrix info for chrom 1
2022-05-10 23:54:05 INFO::Adding R matrix info for chrom 2
2022-05-11 00:06:59 INFO::Adding R matrix info for chrom 3
2022-05-11 00:17:29 INFO::Adding R matrix info for chrom 4
2022-05-11 00:27:49 INFO::Adding R matrix info for chrom 5
2022-05-11 00:36:29 INFO::Adding R matrix info for chrom 6
2022-05-11 00:46:55 INFO::Adding R matrix info for chrom 7
2022-05-11 00:57:05 INFO::Adding R matrix info for chrom 8
2022-05-11 01:05:13 INFO::Adding R matrix info for chrom 9
2022-05-11 01:11:55 INFO::Adding R matrix info for chrom 10
2022-05-11 01:20:16 INFO::Adding R matrix info for chrom 11
2022-05-11 01:29:31 INFO::Adding R matrix info for chrom 12
2022-05-11 01:37:51 INFO::Adding R matrix info for chrom 13
2022-05-11 01:42:41 INFO::Adding R matrix info for chrom 14
2022-05-11 01:48:26 INFO::Adding R matrix info for chrom 15
2022-05-11 01:53:42 INFO::Adding R matrix info for chrom 16
2022-05-11 01:58:31 INFO::Adding R matrix info for chrom 17
2022-05-11 02:05:44 INFO::Adding R matrix info for chrom 18
2022-05-11 02:09:57 INFO::Adding R matrix info for chrom 19
2022-05-11 02:17:19 INFO::Adding R matrix info for chrom 20
2022-05-11 02:21:41 INFO::Adding R matrix info for chrom 21
2022-05-11 02:22:30 INFO::Adding R matrix info for chrom 22
2022-05-11 02:27:22 INFO::Number of regions that contains strong gene signals: 2
2022-05-11 02:27:22 INFO::Rerun susie for regions with strong gene signals using full SNPs.
2022-05-11 02:27:22 INFO::run iteration 1
starting worker pid=45392 on localhost:11982 at 02:27:23.578
2022-05-11 02:29:02 INFO::After iteration 1, gene prior 0.017418356354197:, SNP prior:0.000762595557455676
$group_prior
[1] 0.006310741 0.000311145

$group_prior_var
[1] 10.20417 10.34075

R version 3.6.1 (2019-07-05)
Platform: x86_64-pc-linux-gnu (64-bit)
Running under: Scientific Linux 7.4 (Nitrogen)

Matrix products: default
BLAS/LAPACK: /software/openblas-0.2.19-el7-x86_64/lib/libopenblas_haswellp-r0.2.19.so

locale:
[1] C

attached base packages:
[1] stats     graphics  grDevices utils     datasets  methods   base     

other attached packages:
[1] data.table_1.14.2 ctwas_0.1.32     

loaded via a namespace (and not attached):
 [1] Rcpp_1.0.8        magrittr_2.0.2    pgenlibr_0.3.1    hms_1.1.1        
 [5] doParallel_1.0.17 bit_4.0.4         lattice_0.20-38   R6_2.5.1         
 [9] rlang_1.0.1       fastmap_1.1.0     foreach_1.5.2     fansi_1.0.2      
[13] blob_1.2.2        tools_3.6.1       parallel_3.6.1    grid_3.6.1       
[17] logging_0.10-108  utf8_1.2.2        cli_3.1.0         DBI_1.1.2        
[21] iterators_1.0.14  ellipsis_0.3.2    bit64_4.0.5       tibble_3.1.6     
[25] lifecycle_1.0.1   crayon_1.5.0      Matrix_1.2-18     tzdb_0.2.0       
[29] readr_2.1.1       vctrs_0.3.8       codetools_0.2-16  memoise_2.0.1    
[33] cachem_1.0.6      RSQLite_2.2.8     pillar_1.6.4      compiler_3.6.1   
[37] pkgconfig_2.0.3  
