[1] "/project2/xinhe/shengqian/cTWAS/cTWAS_analysis/data/scz_2018.RDS"                                           
[2] "/project2/mstephens/wcrouse/UKB_LDR_0.1"                                                                    
[3] "/project2/xinhe/shengqian/cTWAS/cTWAS_analysis/data/mashr_sqtl/sqtl/mashr/mashr_Brain_Frontal_Cortex_BA9.db"
[4] "/project2/xinhe/shengqian/cTWAS/cTWAS_analysis/code/ctwas_config.R"                                         
[5] "SCZ_Brain_Frontal_Cortex_BA9_expr"                                                                          
[6] "SCZ_Brain_Frontal_Cortex_BA9_ctwas"                                                                         
[7] "/project2/xinhe/shengqian/cTWAS/cTWAS_analysis/data/SCZ_2018_S/Brain_Frontal_Cortex_BA9"                    
2022-05-10 13:04:56 INFO::Flipping z scores to match LD reference
2022-05-10 13:04:59 INFO::Reading weights for chromosome 1
2022-05-10 13:05:00 INFO::Number of genes with weights provided: 32031
2022-05-10 13:05:00 INFO::Collecting gene weight information ...
2022-05-10 13:05:00 INFO::Flipping weights to match LD reference
2022-05-10 13:05:00 INFO::Harmonizing strand ambiguous weights using correlations with unambiguous variants
2022-05-10 13:17:59 INFO::Start gene z score imputation ...
2022-05-10 13:17:59 INFO::Using given LD matrices to impute gene z score.
2022-05-10 13:28:16 INFO::Imputation done, writing results to output...
2022-05-10 13:28:16 INFO::Imputation done: number of genes with imputed expression: 1945 for chr 1
2022-05-10 13:28:18 INFO::Flipping z scores to match LD reference
2022-05-10 13:28:19 INFO::Reading weights for chromosome 2
2022-05-10 13:28:19 INFO::Number of genes with weights provided: 32031
2022-05-10 13:28:19 INFO::Collecting gene weight information ...
2022-05-10 13:28:19 INFO::Flipping weights to match LD reference
2022-05-10 13:28:19 INFO::Harmonizing strand ambiguous weights using correlations with unambiguous variants
2022-05-10 13:37:33 INFO::Start gene z score imputation ...
2022-05-10 13:37:33 INFO::Using given LD matrices to impute gene z score.
2022-05-10 13:47:02 INFO::Imputation done, writing results to output...
2022-05-10 13:47:03 INFO::Imputation done: number of genes with imputed expression: 1489 for chr 2
2022-05-10 13:47:03 INFO::Flipping z scores to match LD reference
2022-05-10 13:47:05 INFO::Reading weights for chromosome 3
2022-05-10 13:47:06 INFO::Number of genes with weights provided: 32031
2022-05-10 13:47:06 INFO::Collecting gene weight information ...
2022-05-10 13:47:06 INFO::Flipping weights to match LD reference
2022-05-10 13:47:06 INFO::Harmonizing strand ambiguous weights using correlations with unambiguous variants
2022-05-10 13:54:28 INFO::Start gene z score imputation ...
2022-05-10 13:54:28 INFO::Using given LD matrices to impute gene z score.
2022-05-10 14:01:36 INFO::Imputation done, writing results to output...
2022-05-10 14:01:36 INFO::Imputation done: number of genes with imputed expression: 1242 for chr 3
2022-05-10 14:01:37 INFO::Flipping z scores to match LD reference
2022-05-10 14:01:39 INFO::Reading weights for chromosome 4
2022-05-10 14:01:39 INFO::Number of genes with weights provided: 32031
2022-05-10 14:01:39 INFO::Collecting gene weight information ...
2022-05-10 14:01:39 INFO::Flipping weights to match LD reference
2022-05-10 14:01:39 INFO::Harmonizing strand ambiguous weights using correlations with unambiguous variants
2022-05-10 14:07:31 INFO::Start gene z score imputation ...
2022-05-10 14:07:31 INFO::Using given LD matrices to impute gene z score.
2022-05-10 14:14:29 INFO::Imputation done, writing results to output...
2022-05-10 14:14:29 INFO::Imputation done: number of genes with imputed expression: 813 for chr 4
2022-05-10 14:14:30 INFO::Flipping z scores to match LD reference
2022-05-10 14:14:32 INFO::Reading weights for chromosome 5
2022-05-10 14:14:32 INFO::Number of genes with weights provided: 32031
2022-05-10 14:14:32 INFO::Collecting gene weight information ...
2022-05-10 14:14:32 INFO::Flipping weights to match LD reference
2022-05-10 14:14:32 INFO::Harmonizing strand ambiguous weights using correlations with unambiguous variants
2022-05-10 14:21:38 INFO::Start gene z score imputation ...
2022-05-10 14:21:38 INFO::Using given LD matrices to impute gene z score.
2022-05-10 14:27:26 INFO::Imputation done, writing results to output...
2022-05-10 14:27:26 INFO::Imputation done: number of genes with imputed expression: 857 for chr 5
2022-05-10 14:27:27 INFO::Flipping z scores to match LD reference
2022-05-10 14:27:28 INFO::Reading weights for chromosome 6
2022-05-10 14:27:28 INFO::Number of genes with weights provided: 32031
2022-05-10 14:27:28 INFO::Collecting gene weight information ...
2022-05-10 14:27:28 INFO::Flipping weights to match LD reference
2022-05-10 14:27:28 INFO::Harmonizing strand ambiguous weights using correlations with unambiguous variants
2022-05-10 14:39:02 INFO::Start gene z score imputation ...
2022-05-10 14:39:02 INFO::Using given LD matrices to impute gene z score.
2022-05-10 14:46:09 INFO::Imputation done, writing results to output...
2022-05-10 14:46:09 INFO::Imputation done: number of genes with imputed expression: 1099 for chr 6
2022-05-10 14:46:10 INFO::Flipping z scores to match LD reference
2022-05-10 14:46:11 INFO::Reading weights for chromosome 7
2022-05-10 14:46:11 INFO::Number of genes with weights provided: 32031
2022-05-10 14:46:11 INFO::Collecting gene weight information ...
2022-05-10 14:46:11 INFO::Flipping weights to match LD reference
2022-05-10 14:46:11 INFO::Harmonizing strand ambiguous weights using correlations with unambiguous variants
2022-05-10 14:56:37 INFO::Start gene z score imputation ...
2022-05-10 14:56:37 INFO::Using given LD matrices to impute gene z score.
2022-05-10 15:04:49 INFO::Imputation done, writing results to output...
2022-05-10 15:04:49 INFO::Imputation done: number of genes with imputed expression: 1218 for chr 7
2022-05-10 15:04:50 INFO::Flipping z scores to match LD reference
2022-05-10 15:04:51 INFO::Reading weights for chromosome 8
2022-05-10 15:04:51 INFO::Number of genes with weights provided: 32031
2022-05-10 15:04:51 INFO::Collecting gene weight information ...
2022-05-10 15:04:51 INFO::Flipping weights to match LD reference
2022-05-10 15:04:51 INFO::Harmonizing strand ambiguous weights using correlations with unambiguous variants
2022-05-10 15:09:04 INFO::Start gene z score imputation ...
2022-05-10 15:09:04 INFO::Using given LD matrices to impute gene z score.
2022-05-10 15:14:58 INFO::Imputation done, writing results to output...
2022-05-10 15:14:58 INFO::Imputation done: number of genes with imputed expression: 761 for chr 8
2022-05-10 15:14:59 INFO::Flipping z scores to match LD reference
2022-05-10 15:15:00 INFO::Reading weights for chromosome 9
2022-05-10 15:15:00 INFO::Number of genes with weights provided: 32031
2022-05-10 15:15:00 INFO::Collecting gene weight information ...
2022-05-10 15:15:00 INFO::Flipping weights to match LD reference
2022-05-10 15:15:00 INFO::Harmonizing strand ambiguous weights using correlations with unambiguous variants
2022-05-10 15:20:45 INFO::Start gene z score imputation ...
2022-05-10 15:20:45 INFO::Using given LD matrices to impute gene z score.
2022-05-10 15:25:40 INFO::Imputation done, writing results to output...
2022-05-10 15:25:41 INFO::Imputation done: number of genes with imputed expression: 872 for chr 9
2022-05-10 15:25:41 INFO::Flipping z scores to match LD reference
2022-05-10 15:25:43 INFO::Reading weights for chromosome 10
2022-05-10 15:25:43 INFO::Number of genes with weights provided: 32031
2022-05-10 15:25:43 INFO::Collecting gene weight information ...
2022-05-10 15:25:43 INFO::Flipping weights to match LD reference
2022-05-10 15:25:43 INFO::Harmonizing strand ambiguous weights using correlations with unambiguous variants
2022-05-10 15:34:22 INFO::Start gene z score imputation ...
2022-05-10 15:34:22 INFO::Using given LD matrices to impute gene z score.
2022-05-10 15:40:44 INFO::Imputation done, writing results to output...
2022-05-10 15:40:44 INFO::Imputation done: number of genes with imputed expression: 971 for chr 10
2022-05-10 15:40:45 INFO::Flipping z scores to match LD reference
2022-05-10 15:40:46 INFO::Reading weights for chromosome 11
2022-05-10 15:40:46 INFO::Number of genes with weights provided: 32031
2022-05-10 15:40:46 INFO::Collecting gene weight information ...
2022-05-10 15:40:46 INFO::Flipping weights to match LD reference
2022-05-10 15:40:46 INFO::Harmonizing strand ambiguous weights using correlations with unambiguous variants
2022-05-10 15:48:53 INFO::Start gene z score imputation ...
2022-05-10 15:48:53 INFO::Using given LD matrices to impute gene z score.
2022-05-10 15:55:07 INFO::Imputation done, writing results to output...
2022-05-10 15:55:08 INFO::Imputation done: number of genes with imputed expression: 1260 for chr 11
2022-05-10 15:55:08 INFO::Flipping z scores to match LD reference
2022-05-10 15:55:10 INFO::Reading weights for chromosome 12
2022-05-10 15:55:10 INFO::Number of genes with weights provided: 32031
2022-05-10 15:55:10 INFO::Collecting gene weight information ...
2022-05-10 15:55:10 INFO::Flipping weights to match LD reference
2022-05-10 15:55:10 INFO::Harmonizing strand ambiguous weights using correlations with unambiguous variants
2022-05-10 16:02:09 INFO::Start gene z score imputation ...
2022-05-10 16:02:09 INFO::Using given LD matrices to impute gene z score.
2022-05-10 16:08:55 INFO::Imputation done, writing results to output...
2022-05-10 16:08:55 INFO::Imputation done: number of genes with imputed expression: 1129 for chr 12
2022-05-10 16:08:56 INFO::Flipping z scores to match LD reference
2022-05-10 16:08:57 INFO::Reading weights for chromosome 13
2022-05-10 16:08:57 INFO::Number of genes with weights provided: 32031
2022-05-10 16:08:57 INFO::Collecting gene weight information ...
2022-05-10 16:08:57 INFO::Flipping weights to match LD reference
2022-05-10 16:08:57 INFO::Harmonizing strand ambiguous weights using correlations with unambiguous variants
2022-05-10 16:11:53 INFO::Start gene z score imputation ...
2022-05-10 16:11:53 INFO::Using given LD matrices to impute gene z score.
2022-05-10 16:15:00 INFO::Imputation done, writing results to output...
2022-05-10 16:15:01 INFO::Imputation done: number of genes with imputed expression: 427 for chr 13
2022-05-10 16:15:01 INFO::Flipping z scores to match LD reference
2022-05-10 16:15:02 INFO::Reading weights for chromosome 14
2022-05-10 16:15:02 INFO::Number of genes with weights provided: 32031
2022-05-10 16:15:02 INFO::Collecting gene weight information ...
2022-05-10 16:15:02 INFO::Flipping weights to match LD reference
2022-05-10 16:15:02 INFO::Harmonizing strand ambiguous weights using correlations with unambiguous variants
2022-05-10 16:20:36 INFO::Start gene z score imputation ...
2022-05-10 16:20:36 INFO::Using given LD matrices to impute gene z score.
2022-05-10 16:24:45 INFO::Imputation done, writing results to output...
2022-05-10 16:24:46 INFO::Imputation done: number of genes with imputed expression: 730 for chr 14
2022-05-10 16:24:46 INFO::Flipping z scores to match LD reference
2022-05-10 16:24:47 INFO::Reading weights for chromosome 15
2022-05-10 16:24:47 INFO::Number of genes with weights provided: 32031
2022-05-10 16:24:47 INFO::Collecting gene weight information ...
2022-05-10 16:24:47 INFO::Flipping weights to match LD reference
2022-05-10 16:24:47 INFO::Harmonizing strand ambiguous weights using correlations with unambiguous variants
2022-05-10 16:30:19 INFO::Start gene z score imputation ...
2022-05-10 16:30:19 INFO::Using given LD matrices to impute gene z score.
2022-05-10 16:34:13 INFO::Imputation done, writing results to output...
2022-05-10 16:34:13 INFO::Imputation done: number of genes with imputed expression: 701 for chr 15
2022-05-10 16:34:14 INFO::Flipping z scores to match LD reference
2022-05-10 16:34:15 INFO::Reading weights for chromosome 16
2022-05-10 16:34:15 INFO::Number of genes with weights provided: 32031
2022-05-10 16:34:15 INFO::Collecting gene weight information ...
2022-05-10 16:34:15 INFO::Flipping weights to match LD reference
2022-05-10 16:34:15 INFO::Harmonizing strand ambiguous weights using correlations with unambiguous variants
2022-05-10 16:41:05 INFO::Start gene z score imputation ...
2022-05-10 16:41:05 INFO::Using given LD matrices to impute gene z score.
2022-05-10 16:45:15 INFO::Imputation done, writing results to output...
2022-05-10 16:45:15 INFO::Imputation done: number of genes with imputed expression: 875 for chr 16
2022-05-10 16:45:16 INFO::Flipping z scores to match LD reference
2022-05-10 16:45:17 INFO::Reading weights for chromosome 17
2022-05-10 16:45:17 INFO::Number of genes with weights provided: 32031
2022-05-10 16:45:17 INFO::Collecting gene weight information ...
2022-05-10 16:45:17 INFO::Flipping weights to match LD reference
2022-05-10 16:45:17 INFO::Harmonizing strand ambiguous weights using correlations with unambiguous variants
2022-05-10 16:53:31 INFO::Start gene z score imputation ...
2022-05-10 16:53:31 INFO::Using given LD matrices to impute gene z score.
2022-05-10 16:58:59 INFO::Imputation done, writing results to output...
2022-05-10 16:59:00 INFO::Imputation done: number of genes with imputed expression: 1505 for chr 17
2022-05-10 16:59:01 INFO::Flipping z scores to match LD reference
2022-05-10 16:59:02 INFO::Reading weights for chromosome 18
2022-05-10 16:59:02 INFO::Number of genes with weights provided: 32031
2022-05-10 16:59:02 INFO::Collecting gene weight information ...
2022-05-10 16:59:02 INFO::Flipping weights to match LD reference
2022-05-10 16:59:02 INFO::Harmonizing strand ambiguous weights using correlations with unambiguous variants
2022-05-10 17:01:23 INFO::Start gene z score imputation ...
2022-05-10 17:01:23 INFO::Using given LD matrices to impute gene z score.
2022-05-10 17:04:29 INFO::Imputation done, writing results to output...
2022-05-10 17:04:29 INFO::Imputation done: number of genes with imputed expression: 291 for chr 18
2022-05-10 17:04:30 INFO::Flipping z scores to match LD reference
2022-05-10 17:04:31 INFO::Reading weights for chromosome 19
2022-05-10 17:04:31 INFO::Number of genes with weights provided: 32031
2022-05-10 17:04:31 INFO::Collecting gene weight information ...
2022-05-10 17:04:31 INFO::Flipping weights to match LD reference
2022-05-10 17:04:31 INFO::Harmonizing strand ambiguous weights using correlations with unambiguous variants
2022-05-10 17:14:00 INFO::Start gene z score imputation ...
2022-05-10 17:14:00 INFO::Using given LD matrices to impute gene z score.
2022-05-10 17:19:46 INFO::Imputation done, writing results to output...
2022-05-10 17:19:46 INFO::Imputation done: number of genes with imputed expression: 1506 for chr 19
2022-05-10 17:19:47 INFO::Flipping z scores to match LD reference
2022-05-10 17:19:48 INFO::Reading weights for chromosome 20
2022-05-10 17:19:48 INFO::Number of genes with weights provided: 32031
2022-05-10 17:19:48 INFO::Collecting gene weight information ...
2022-05-10 17:19:48 INFO::Flipping weights to match LD reference
2022-05-10 17:19:48 INFO::Harmonizing strand ambiguous weights using correlations with unambiguous variants
2022-05-10 17:25:46 INFO::Start gene z score imputation ...
2022-05-10 17:25:46 INFO::Using given LD matrices to impute gene z score.
2022-05-10 17:29:46 INFO::Imputation done, writing results to output...
2022-05-10 17:29:47 INFO::Imputation done: number of genes with imputed expression: 706 for chr 20
2022-05-10 17:29:47 INFO::Flipping z scores to match LD reference
2022-05-10 17:29:48 INFO::Reading weights for chromosome 21
2022-05-10 17:29:48 INFO::Number of genes with weights provided: 32031
2022-05-10 17:29:48 INFO::Collecting gene weight information ...
2022-05-10 17:29:48 INFO::Flipping weights to match LD reference
2022-05-10 17:29:48 INFO::Harmonizing strand ambiguous weights using correlations with unambiguous variants
2022-05-10 17:32:36 INFO::Start gene z score imputation ...
2022-05-10 17:32:36 INFO::Using given LD matrices to impute gene z score.
2022-05-10 17:33:08 INFO::Imputation done, writing results to output...
2022-05-10 17:33:08 INFO::Imputation done: number of genes with imputed expression: 43 for chr 21
2022-05-10 17:33:08 INFO::Flipping z scores to match LD reference
2022-05-10 17:33:09 INFO::Reading weights for chromosome 22
2022-05-10 17:33:09 INFO::Number of genes with weights provided: 32031
2022-05-10 17:33:09 INFO::Collecting gene weight information ...
2022-05-10 17:33:09 INFO::Flipping weights to match LD reference
2022-05-10 17:33:09 INFO::Harmonizing strand ambiguous weights using correlations with unambiguous variants
2022-05-10 17:38:25 INFO::Start gene z score imputation ...
2022-05-10 17:38:25 INFO::Using given LD matrices to impute gene z score.
2022-05-10 17:41:02 INFO::Imputation done, writing results to output...
2022-05-10 17:41:03 INFO::Imputation done: number of genes with imputed expression: 648 for chr 22
2022-05-10 17:41:23 INFO::ctwas started ...
2022-05-10 17:41:44 INFO::LD region file: /home/shengqian/R/x86_64-pc-linux-gnu-library/3.6/ctwas/extdata/ldetect/EUR.b38.bed
2022-05-10 17:41:56 INFO::No. LD regions: 1700
2022-05-10 17:42:01 INFO::No. regions with at least one SNP/gene for chr1: 131
2022-05-10 17:42:01 INFO::Merge regions for chr1
2022-05-10 17:42:01 INFO::No. regions with at least one SNP/gene for chr1 after merging: 130
2022-05-10 17:42:07 INFO::No. regions with at least one SNP/gene for chr2: 143
2022-05-10 17:42:07 INFO::Merge regions for chr2
2022-05-10 17:42:07 INFO::No. regions with at least one SNP/gene for chr2 after merging: 142
2022-05-10 17:42:12 INFO::No. regions with at least one SNP/gene for chr3: 122
2022-05-10 17:42:12 INFO::Merge regions for chr3
2022-05-10 17:42:12 INFO::No. regions with at least one SNP/gene for chr3 after merging: 121
2022-05-10 17:42:17 INFO::No. regions with at least one SNP/gene for chr4: 122
2022-05-10 17:42:17 INFO::Merge regions for chr4
2022-05-10 17:42:17 INFO::No. regions with at least one SNP/gene for chr4 after merging: 122
2022-05-10 17:42:21 INFO::No. regions with at least one SNP/gene for chr5: 110
2022-05-10 17:42:21 INFO::Merge regions for chr5
2022-05-10 17:42:21 INFO::No. regions with at least one SNP/gene for chr5 after merging: 110
2022-05-10 17:42:26 INFO::No. regions with at least one SNP/gene for chr6: 112
2022-05-10 17:42:26 INFO::Merge regions for chr6
2022-05-10 17:42:26 INFO::No. regions with at least one SNP/gene for chr6 after merging: 112
2022-05-10 17:42:29 INFO::No. regions with at least one SNP/gene for chr7: 99
2022-05-10 17:42:29 INFO::Merge regions for chr7
2022-05-10 17:42:29 INFO::No. regions with at least one SNP/gene for chr7 after merging: 98
2022-05-10 17:42:33 INFO::No. regions with at least one SNP/gene for chr8: 92
2022-05-10 17:42:33 INFO::Merge regions for chr8
2022-05-10 17:42:33 INFO::No. regions with at least one SNP/gene for chr8 after merging: 91
2022-05-10 17:42:35 INFO::No. regions with at least one SNP/gene for chr9: 74
2022-05-10 17:42:35 INFO::Merge regions for chr9
2022-05-10 17:42:35 INFO::No. regions with at least one SNP/gene for chr9 after merging: 73
2022-05-10 17:42:37 INFO::No. regions with at least one SNP/gene for chr10: 85
2022-05-10 17:42:37 INFO::Merge regions for chr10
2022-05-10 17:42:37 INFO::No. regions with at least one SNP/gene for chr10 after merging: 84
2022-05-10 17:42:40 INFO::No. regions with at least one SNP/gene for chr11: 84
2022-05-10 17:42:40 INFO::Merge regions for chr11
2022-05-10 17:42:40 INFO::No. regions with at least one SNP/gene for chr11 after merging: 84
2022-05-10 17:42:43 INFO::No. regions with at least one SNP/gene for chr12: 82
2022-05-10 17:42:43 INFO::Merge regions for chr12
2022-05-10 17:42:43 INFO::No. regions with at least one SNP/gene for chr12 after merging: 82
2022-05-10 17:42:46 INFO::No. regions with at least one SNP/gene for chr13: 62
2022-05-10 17:42:46 INFO::Merge regions for chr13
2022-05-10 17:42:46 INFO::No. regions with at least one SNP/gene for chr13 after merging: 62
2022-05-10 17:42:47 INFO::No. regions with at least one SNP/gene for chr14: 56
2022-05-10 17:42:47 INFO::Merge regions for chr14
2022-05-10 17:42:47 INFO::No. regions with at least one SNP/gene for chr14 after merging: 56
2022-05-10 17:42:49 INFO::No. regions with at least one SNP/gene for chr15: 50
2022-05-10 17:42:49 INFO::Merge regions for chr15
2022-05-10 17:42:49 INFO::No. regions with at least one SNP/gene for chr15 after merging: 50
2022-05-10 17:42:51 INFO::No. regions with at least one SNP/gene for chr16: 50
2022-05-10 17:42:51 INFO::Merge regions for chr16
2022-05-10 17:42:51 INFO::No. regions with at least one SNP/gene for chr16 after merging: 49
2022-05-10 17:42:53 INFO::No. regions with at least one SNP/gene for chr17: 47
2022-05-10 17:42:53 INFO::Merge regions for chr17
2022-05-10 17:42:53 INFO::No. regions with at least one SNP/gene for chr17 after merging: 47
2022-05-10 17:42:54 INFO::No. regions with at least one SNP/gene for chr18: 47
2022-05-10 17:42:54 INFO::Merge regions for chr18
2022-05-10 17:42:54 INFO::No. regions with at least one SNP/gene for chr18 after merging: 46
2022-05-10 17:42:56 INFO::No. regions with at least one SNP/gene for chr19: 39
2022-05-10 17:42:56 INFO::Merge regions for chr19
2022-05-10 17:42:56 INFO::No. regions with at least one SNP/gene for chr19 after merging: 39
2022-05-10 17:42:57 INFO::No. regions with at least one SNP/gene for chr20: 38
2022-05-10 17:42:57 INFO::Merge regions for chr20
2022-05-10 17:42:57 INFO::No. regions with at least one SNP/gene for chr20 after merging: 38
2022-05-10 17:42:58 INFO::No. regions with at least one SNP/gene for chr21: 15
2022-05-10 17:42:58 INFO::Merge regions for chr21
2022-05-10 17:42:58 INFO::No. regions with at least one SNP/gene for chr21 after merging: 15
2022-05-10 17:42:59 INFO::No. regions with at least one SNP/gene for chr22: 24
2022-05-10 17:42:59 INFO::Merge regions for chr22
2022-05-10 17:42:59 INFO::No. regions with at least one SNP/gene for chr22 after merging: 24
2022-05-10 17:42:59 INFO::Trim regions with SNPs more than Inf
2022-05-10 17:42:59 INFO::Adding R matrix info, as genotype is not given
2022-05-10 17:43:00 INFO::Adding R matrix info for chrom 1
2022-05-10 17:57:15 INFO::Adding R matrix info for chrom 2
2022-05-10 18:10:43 INFO::Adding R matrix info for chrom 3
2022-05-10 18:21:02 INFO::Adding R matrix info for chrom 4
2022-05-10 18:30:48 INFO::Adding R matrix info for chrom 5
2022-05-10 18:39:25 INFO::Adding R matrix info for chrom 6
2022-05-10 18:50:05 INFO::Adding R matrix info for chrom 7
2022-05-10 19:00:22 INFO::Adding R matrix info for chrom 8
2022-05-10 19:08:23 INFO::Adding R matrix info for chrom 9
2022-05-10 19:15:37 INFO::Adding R matrix info for chrom 10
2022-05-10 19:24:51 INFO::Adding R matrix info for chrom 11
2022-05-10 19:34:05 INFO::Adding R matrix info for chrom 12
2022-05-10 19:42:35 INFO::Adding R matrix info for chrom 13
2022-05-10 19:47:41 INFO::Adding R matrix info for chrom 14
2022-05-10 19:53:34 INFO::Adding R matrix info for chrom 15
2022-05-10 19:58:32 INFO::Adding R matrix info for chrom 16
2022-05-10 20:04:04 INFO::Adding R matrix info for chrom 17
2022-05-10 20:11:19 INFO::Adding R matrix info for chrom 18
2022-05-10 20:15:31 INFO::Adding R matrix info for chrom 19
2022-05-10 20:23:27 INFO::Adding R matrix info for chrom 20
2022-05-10 20:27:44 INFO::Adding R matrix info for chrom 21
2022-05-10 20:28:31 INFO::Adding R matrix info for chrom 22
2022-05-10 20:31:37 INFO::Run susie iteratively, getting rough estimate ...
2022-05-10 20:31:37 INFO::run iteration 1
starting worker pid=37401 on localhost:11149 at 20:31:38.391
starting worker pid=37415 on localhost:11149 at 20:31:38.815
starting worker pid=37428 on localhost:11149 at 20:31:39.218
starting worker pid=37441 on localhost:11149 at 20:31:39.632
starting worker pid=37455 on localhost:11149 at 20:31:40.040
starting worker pid=37468 on localhost:11149 at 20:31:40.434
starting worker pid=37481 on localhost:11149 at 20:31:40.843
starting worker pid=37495 on localhost:11149 at 20:31:41.235
starting worker pid=37508 on localhost:11149 at 20:31:41.651
starting worker pid=37521 on localhost:11149 at 20:31:42.064
2022-05-10 20:39:43 INFO::After iteration 1, gene prior 0.00321554842841615:, SNP prior:0.00254707329652622
2022-05-10 20:39:43 INFO::run iteration 2
starting worker pid=38083 on localhost:11149 at 20:39:44.020
starting worker pid=38096 on localhost:11149 at 20:39:44.463
starting worker pid=38110 on localhost:11149 at 20:39:44.887
starting worker pid=38123 on localhost:11149 at 20:39:45.303
starting worker pid=38136 on localhost:11149 at 20:39:45.713
starting worker pid=38150 on localhost:11149 at 20:39:46.124
starting worker pid=38163 on localhost:11149 at 20:39:46.532
starting worker pid=38176 on localhost:11149 at 20:39:46.941
starting worker pid=38190 on localhost:11149 at 20:39:47.363
starting worker pid=38203 on localhost:11149 at 20:39:47.770
2022-05-10 20:47:39 INFO::After iteration 2, gene prior 0.00336121023627724:, SNP prior:0.0022423361153868
2022-05-10 20:47:39 INFO::run iteration 3
starting worker pid=39177 on localhost:11149 at 20:47:40.497
starting worker pid=39191 on localhost:11149 at 20:47:40.931
starting worker pid=39204 on localhost:11149 at 20:47:41.343
starting worker pid=39217 on localhost:11149 at 20:47:41.751
starting worker pid=39231 on localhost:11149 at 20:47:42.161
starting worker pid=39244 on localhost:11149 at 20:47:42.581
starting worker pid=39257 on localhost:11149 at 20:47:42.989
starting worker pid=39271 on localhost:11149 at 20:47:43.396
starting worker pid=39284 on localhost:11149 at 20:47:43.805
starting worker pid=39297 on localhost:11149 at 20:47:44.206
2022-05-10 20:55:35 INFO::After iteration 3, gene prior 0.00367130251877489:, SNP prior:0.0021467416506736
2022-05-10 20:55:35 INFO::Blocks are filtered: 816 blocks left
2022-05-10 20:55:35 INFO::Run susie iteratively, getting accurate estimate ...
2022-05-10 20:55:35 INFO::run iteration 1
starting worker pid=40064 on localhost:11149 at 20:55:36.140
starting worker pid=40078 on localhost:11149 at 20:55:36.574
starting worker pid=40091 on localhost:11149 at 20:55:36.969
starting worker pid=40104 on localhost:11149 at 20:55:37.393
starting worker pid=40118 on localhost:11149 at 20:55:37.811
starting worker pid=40131 on localhost:11149 at 20:55:38.223
starting worker pid=40144 on localhost:11149 at 20:55:38.633
starting worker pid=40157 on localhost:11149 at 20:55:39.044
starting worker pid=40171 on localhost:11149 at 20:55:39.464
starting worker pid=40184 on localhost:11149 at 20:55:39.874
2022-05-10 21:00:13 INFO::After iteration 1, gene prior 0.00497203134880709:, SNP prior:0.00253978724600636
2022-05-10 21:00:13 INFO::run iteration 2
starting worker pid=40495 on localhost:11149 at 21:00:14.291
starting worker pid=40508 on localhost:11149 at 21:00:14.688
starting worker pid=40522 on localhost:11149 at 21:00:15.094
starting worker pid=40535 on localhost:11149 at 21:00:15.502
starting worker pid=40548 on localhost:11149 at 21:00:15.911
starting worker pid=40562 on localhost:11149 at 21:00:16.320
starting worker pid=40575 on localhost:11149 at 21:00:16.732
starting worker pid=40588 on localhost:11149 at 21:00:17.141
starting worker pid=40602 on localhost:11149 at 21:00:17.575
starting worker pid=40615 on localhost:11149 at 21:00:18.004
2022-05-10 21:04:51 INFO::After iteration 2, gene prior 0.00591481240381228:, SNP prior:0.00280810228659039
2022-05-10 21:04:51 INFO::run iteration 3
starting worker pid=40929 on localhost:11149 at 21:04:52.245
starting worker pid=40942 on localhost:11149 at 21:04:52.659
starting worker pid=40955 on localhost:11149 at 21:04:53.098
starting worker pid=40969 on localhost:11149 at 21:04:53.534
starting worker pid=40982 on localhost:11149 at 21:04:53.974
starting worker pid=40995 on localhost:11149 at 21:04:54.380
starting worker pid=41009 on localhost:11149 at 21:04:54.805
starting worker pid=41022 on localhost:11149 at 21:04:55.214
starting worker pid=41035 on localhost:11149 at 21:04:55.622
starting worker pid=41049 on localhost:11149 at 21:04:56.029
2022-05-10 21:09:23 INFO::After iteration 3, gene prior 0.00657507948020399:, SNP prior:0.0029737016156573
2022-05-10 21:09:23 INFO::run iteration 4
starting worker pid=41358 on localhost:11149 at 21:09:24.391
starting worker pid=41372 on localhost:11149 at 21:09:24.808
starting worker pid=41385 on localhost:11149 at 21:09:25.235
starting worker pid=41398 on localhost:11149 at 21:09:25.652
starting worker pid=41412 on localhost:11149 at 21:09:26.084
starting worker pid=41425 on localhost:11149 at 21:09:26.505
starting worker pid=41438 on localhost:11149 at 21:09:26.911
starting worker pid=41452 on localhost:11149 at 21:09:27.323
starting worker pid=41465 on localhost:11149 at 21:09:27.731
starting worker pid=41478 on localhost:11149 at 21:09:28.142
2022-05-10 21:14:05 INFO::After iteration 4, gene prior 0.00698559525390589:, SNP prior:0.00305198226474947
2022-05-10 21:14:05 INFO::run iteration 5
starting worker pid=41792 on localhost:11149 at 21:14:05.696
starting worker pid=41806 on localhost:11149 at 21:14:06.095
starting worker pid=41819 on localhost:11149 at 21:14:06.482
starting worker pid=41833 on localhost:11149 at 21:14:06.899
starting worker pid=41846 on localhost:11149 at 21:14:07.322
starting worker pid=41859 on localhost:11149 at 21:14:07.730
starting worker pid=41873 on localhost:11149 at 21:14:08.142
starting worker pid=41886 on localhost:11149 at 21:14:08.552
starting worker pid=41899 on localhost:11149 at 21:14:08.976
starting worker pid=41913 on localhost:11149 at 21:14:09.385
2022-05-10 21:18:46 INFO::After iteration 5, gene prior 0.00724091476726802:, SNP prior:0.00308269652942198
2022-05-10 21:18:46 INFO::run iteration 6
starting worker pid=42786 on localhost:11149 at 21:18:46.601
starting worker pid=42801 on localhost:11149 at 21:18:47.026
starting worker pid=42814 on localhost:11149 at 21:18:47.439
starting worker pid=42828 on localhost:11149 at 21:18:47.871
starting worker pid=42841 on localhost:11149 at 21:18:48.297
starting worker pid=42854 on localhost:11149 at 21:18:48.720
starting worker pid=42868 on localhost:11149 at 21:18:49.152
starting worker pid=42881 on localhost:11149 at 21:18:49.563
starting worker pid=42894 on localhost:11149 at 21:18:49.976
starting worker pid=42908 on localhost:11149 at 21:18:50.381
2022-05-10 21:23:25 INFO::After iteration 6, gene prior 0.00740946692329266:, SNP prior:0.00309292546120149
2022-05-10 21:23:25 INFO::run iteration 7
starting worker pid=43319 on localhost:11149 at 21:23:26.171
starting worker pid=43333 on localhost:11149 at 21:23:26.591
starting worker pid=43346 on localhost:11149 at 21:23:27.032
starting worker pid=43359 on localhost:11149 at 21:23:27.464
starting worker pid=43373 on localhost:11149 at 21:23:27.892
starting worker pid=43386 on localhost:11149 at 21:23:28.316
starting worker pid=43399 on localhost:11149 at 21:23:28.725
starting worker pid=43413 on localhost:11149 at 21:23:29.141
starting worker pid=43426 on localhost:11149 at 21:23:29.550
starting worker pid=43439 on localhost:11149 at 21:23:29.966
2022-05-10 21:28:06 INFO::After iteration 7, gene prior 0.00752784043497406:, SNP prior:0.00309521734559533
2022-05-10 21:28:06 INFO::run iteration 8
starting worker pid=43754 on localhost:11149 at 21:28:07.345
starting worker pid=43767 on localhost:11149 at 21:28:07.753
starting worker pid=43780 on localhost:11149 at 21:28:08.169
starting worker pid=43794 on localhost:11149 at 21:28:08.581
starting worker pid=43807 on localhost:11149 at 21:28:08.994
starting worker pid=43820 on localhost:11149 at 21:28:09.403
starting worker pid=43834 on localhost:11149 at 21:28:09.826
starting worker pid=43847 on localhost:11149 at 21:28:10.236
starting worker pid=43860 on localhost:11149 at 21:28:10.645
starting worker pid=43874 on localhost:11149 at 21:28:11.053
2022-05-10 21:32:46 INFO::After iteration 8, gene prior 0.00761493947668438:, SNP prior:0.00309467277282105
2022-05-10 21:32:46 INFO::run iteration 9
starting worker pid=44187 on localhost:11149 at 21:32:47.315
starting worker pid=44200 on localhost:11149 at 21:32:47.709
starting worker pid=44213 on localhost:11149 at 21:32:48.092
starting worker pid=44226 on localhost:11149 at 21:32:48.494
starting worker pid=44240 on localhost:11149 at 21:32:48.903
starting worker pid=44253 on localhost:11149 at 21:32:49.315
starting worker pid=44266 on localhost:11149 at 21:32:49.717
starting worker pid=44280 on localhost:11149 at 21:32:50.142
starting worker pid=44293 on localhost:11149 at 21:32:50.553
starting worker pid=44306 on localhost:11149 at 21:32:50.964
2022-05-10 21:37:25 INFO::After iteration 9, gene prior 0.00768109987299534:, SNP prior:0.00309330923722468
2022-05-10 21:37:26 INFO::run iteration 10
starting worker pid=44619 on localhost:11149 at 21:37:26.446
starting worker pid=44632 on localhost:11149 at 21:37:26.857
starting worker pid=44646 on localhost:11149 at 21:37:27.266
starting worker pid=44659 on localhost:11149 at 21:37:27.658
starting worker pid=44672 on localhost:11149 at 21:37:28.059
starting worker pid=44686 on localhost:11149 at 21:37:28.462
starting worker pid=44699 on localhost:11149 at 21:37:28.848
starting worker pid=44712 on localhost:11149 at 21:37:29.239
starting worker pid=44726 on localhost:11149 at 21:37:29.627
starting worker pid=44739 on localhost:11149 at 21:37:30.034
2022-05-10 21:42:03 INFO::After iteration 10, gene prior 0.00773229203086779:, SNP prior:0.0030918569034628
2022-05-10 21:42:04 INFO::run iteration 11
starting worker pid=45051 on localhost:11149 at 21:42:04.482
starting worker pid=45065 on localhost:11149 at 21:42:04.878
starting worker pid=45078 on localhost:11149 at 21:42:05.288
starting worker pid=45091 on localhost:11149 at 21:42:05.687
starting worker pid=45105 on localhost:11149 at 21:42:06.088
starting worker pid=45118 on localhost:11149 at 21:42:06.496
starting worker pid=45131 on localhost:11149 at 21:42:06.870
starting worker pid=45145 on localhost:11149 at 21:42:07.259
starting worker pid=45158 on localhost:11149 at 21:42:07.638
starting worker pid=45171 on localhost:11149 at 21:42:08.011
2022-05-10 21:46:43 INFO::After iteration 11, gene prior 0.00777230781237626:, SNP prior:0.00309055823398719
2022-05-10 21:46:43 INFO::run iteration 12
starting worker pid=45994 on localhost:11149 at 21:46:44.230
starting worker pid=46008 on localhost:11149 at 21:46:44.644
starting worker pid=46021 on localhost:11149 at 21:46:45.054
starting worker pid=46035 on localhost:11149 at 21:46:45.472
starting worker pid=46049 on localhost:11149 at 21:46:45.882
starting worker pid=46062 on localhost:11149 at 21:46:46.296
starting worker pid=46075 on localhost:11149 at 21:46:46.702
starting worker pid=46089 on localhost:11149 at 21:46:47.114
starting worker pid=46102 on localhost:11149 at 21:46:47.522
starting worker pid=46115 on localhost:11149 at 21:46:47.932
2022-05-10 21:51:23 INFO::After iteration 12, gene prior 0.00780375010447121:, SNP prior:0.00308946982461381
2022-05-10 21:51:23 INFO::run iteration 13
starting worker pid=46705 on localhost:11149 at 21:51:24.364
starting worker pid=46718 on localhost:11149 at 21:51:24.772
starting worker pid=46733 on localhost:11149 at 21:51:25.184
starting worker pid=46746 on localhost:11149 at 21:51:25.597
starting worker pid=46759 on localhost:11149 at 21:51:26.016
starting worker pid=46773 on localhost:11149 at 21:51:26.422
starting worker pid=46786 on localhost:11149 at 21:51:26.837
starting worker pid=46799 on localhost:11149 at 21:51:27.251
starting worker pid=46813 on localhost:11149 at 21:51:27.663
starting worker pid=46826 on localhost:11149 at 21:51:28.071
2022-05-10 21:56:04 INFO::After iteration 13, gene prior 0.00782852338694518:, SNP prior:0.00308858503438403
2022-05-10 21:56:04 INFO::run iteration 14
starting worker pid=47143 on localhost:11149 at 21:56:05.319
starting worker pid=47156 on localhost:11149 at 21:56:05.715
starting worker pid=47170 on localhost:11149 at 21:56:06.109
starting worker pid=47183 on localhost:11149 at 21:56:06.534
starting worker pid=47196 on localhost:11149 at 21:56:06.949
starting worker pid=47210 on localhost:11149 at 21:56:07.362
starting worker pid=47223 on localhost:11149 at 21:56:07.766
starting worker pid=47236 on localhost:11149 at 21:56:08.174
starting worker pid=47250 on localhost:11149 at 21:56:08.557
starting worker pid=47263 on localhost:11149 at 21:56:08.964
2022-05-10 22:00:43 INFO::After iteration 14, gene prior 0.00784806613808893:, SNP prior:0.00308787617425996
2022-05-10 22:00:43 INFO::run iteration 15
starting worker pid=47575 on localhost:11149 at 22:00:43.833
starting worker pid=47588 on localhost:11149 at 22:00:44.252
starting worker pid=47602 on localhost:11149 at 22:00:44.672
starting worker pid=47615 on localhost:11149 at 22:00:45.081
starting worker pid=47630 on localhost:11149 at 22:00:45.492
starting worker pid=47644 on localhost:11149 at 22:00:45.912
starting worker pid=47657 on localhost:11149 at 22:00:46.324
starting worker pid=47670 on localhost:11149 at 22:00:46.732
starting worker pid=47684 on localhost:11149 at 22:00:47.142
starting worker pid=47697 on localhost:11149 at 22:00:47.553
2022-05-10 22:05:24 INFO::After iteration 15, gene prior 0.00786348987825887:, SNP prior:0.00308731235816747
2022-05-10 22:05:24 INFO::run iteration 16
starting worker pid=48012 on localhost:11149 at 22:05:24.726
starting worker pid=48026 on localhost:11149 at 22:05:25.120
starting worker pid=48039 on localhost:11149 at 22:05:25.534
starting worker pid=48052 on localhost:11149 at 22:05:25.951
starting worker pid=48066 on localhost:11149 at 22:05:26.375
starting worker pid=48079 on localhost:11149 at 22:05:26.784
starting worker pid=48092 on localhost:11149 at 22:05:27.192
starting worker pid=48106 on localhost:11149 at 22:05:27.579
starting worker pid=48119 on localhost:11149 at 22:05:27.985
starting worker pid=48132 on localhost:11149 at 22:05:28.394
2022-05-10 22:10:04 INFO::After iteration 16, gene prior 0.00787566122698115:, SNP prior:0.00308686472496307
2022-05-10 22:10:04 INFO::run iteration 17
starting worker pid=48447 on localhost:11149 at 22:10:04.710
starting worker pid=48460 on localhost:11149 at 22:10:05.124
starting worker pid=48473 on localhost:11149 at 22:10:05.564
starting worker pid=48487 on localhost:11149 at 22:10:06.002
starting worker pid=48500 on localhost:11149 at 22:10:06.422
starting worker pid=48513 on localhost:11149 at 22:10:06.836
starting worker pid=48527 on localhost:11149 at 22:10:07.246
starting worker pid=48540 on localhost:11149 at 22:10:07.654
starting worker pid=48553 on localhost:11149 at 22:10:08.061
starting worker pid=48567 on localhost:11149 at 22:10:08.465
2022-05-10 22:14:44 INFO::After iteration 17, gene prior 0.00788526529586:, SNP prior:0.00308651008920829
2022-05-10 22:14:44 INFO::run iteration 18
starting worker pid=48881 on localhost:11149 at 22:14:45.194
starting worker pid=48895 on localhost:11149 at 22:14:45.616
starting worker pid=48908 on localhost:11149 at 22:14:46.029
starting worker pid=48921 on localhost:11149 at 22:14:46.456
starting worker pid=48935 on localhost:11149 at 22:14:46.885
starting worker pid=48948 on localhost:11149 at 22:14:47.299
starting worker pid=48961 on localhost:11149 at 22:14:47.712
starting worker pid=48975 on localhost:11149 at 22:14:48.118
starting worker pid=48988 on localhost:11149 at 22:14:48.525
starting worker pid=49001 on localhost:11149 at 22:14:48.932
2022-05-10 22:19:23 INFO::After iteration 18, gene prior 0.00789284332408515:, SNP prior:0.00308622969872433
2022-05-10 22:19:24 INFO::run iteration 19
starting worker pid=49876 on localhost:11149 at 22:19:24.500
starting worker pid=49891 on localhost:11149 at 22:19:24.925
starting worker pid=49904 on localhost:11149 at 22:19:25.355
starting worker pid=49917 on localhost:11149 at 22:19:25.788
starting worker pid=49931 on localhost:11149 at 22:19:26.212
starting worker pid=49944 on localhost:11149 at 22:19:26.625
starting worker pid=49957 on localhost:11149 at 22:19:27.044
starting worker pid=49971 on localhost:11149 at 22:19:27.457
starting worker pid=49984 on localhost:11149 at 22:19:27.873
starting worker pid=49997 on localhost:11149 at 22:19:28.282
2022-05-10 22:24:04 INFO::After iteration 19, gene prior 0.00789882217735484:, SNP prior:0.00308600759915139
2022-05-10 22:24:04 INFO::run iteration 20
starting worker pid=50481 on localhost:11149 at 22:24:05.220
starting worker pid=50494 on localhost:11149 at 22:24:05.617
starting worker pid=50508 on localhost:11149 at 22:24:06.018
starting worker pid=50521 on localhost:11149 at 22:24:06.442
starting worker pid=50534 on localhost:11149 at 22:24:06.832
starting worker pid=50548 on localhost:11149 at 22:24:07.214
starting worker pid=50561 on localhost:11149 at 22:24:07.597
starting worker pid=50574 on localhost:11149 at 22:24:07.987
starting worker pid=50589 on localhost:11149 at 22:24:08.369
starting worker pid=50602 on localhost:11149 at 22:24:08.759
2022-05-10 22:28:43 INFO::After iteration 20, gene prior 0.00790353948862754:, SNP prior:0.00308583177064674
2022-05-10 22:28:43 INFO::run iteration 21
starting worker pid=50913 on localhost:11149 at 22:28:43.962
starting worker pid=50927 on localhost:11149 at 22:28:44.390
starting worker pid=50941 on localhost:11149 at 22:28:44.824
starting worker pid=50954 on localhost:11149 at 22:28:45.241
starting worker pid=50967 on localhost:11149 at 22:28:45.638
starting worker pid=50981 on localhost:11149 at 22:28:46.038
starting worker pid=50994 on localhost:11149 at 22:28:46.438
starting worker pid=51007 on localhost:11149 at 22:28:46.838
starting worker pid=51021 on localhost:11149 at 22:28:47.238
starting worker pid=51034 on localhost:11149 at 22:28:47.628
2022-05-10 22:33:24 INFO::After iteration 21, gene prior 0.00790726158611816:, SNP prior:0.00308569280178439
2022-05-10 22:33:24 INFO::run iteration 22
starting worker pid=51279 on localhost:11149 at 22:33:24.708
starting worker pid=51292 on localhost:11149 at 22:33:25.085
starting worker pid=51305 on localhost:11149 at 22:33:25.460
starting worker pid=51319 on localhost:11149 at 22:33:25.862
starting worker pid=51332 on localhost:11149 at 22:33:26.273
starting worker pid=51345 on localhost:11149 at 22:33:26.680
starting worker pid=51359 on localhost:11149 at 22:33:27.093
starting worker pid=51372 on localhost:11149 at 22:33:27.501
starting worker pid=51385 on localhost:11149 at 22:33:27.905
starting worker pid=51399 on localhost:11149 at 22:33:28.283
2022-05-10 22:38:03 INFO::After iteration 22, gene prior 0.00791019838765205:, SNP prior:0.00308558305838542
2022-05-10 22:38:03 INFO::run iteration 23
starting worker pid=51713 on localhost:11149 at 22:38:03.786
starting worker pid=51726 on localhost:11149 at 22:38:04.194
starting worker pid=51740 on localhost:11149 at 22:38:04.601
starting worker pid=51753 on localhost:11149 at 22:38:05.011
starting worker pid=51766 on localhost:11149 at 22:38:05.422
starting worker pid=51780 on localhost:11149 at 22:38:05.832
starting worker pid=51793 on localhost:11149 at 22:38:06.243
starting worker pid=51806 on localhost:11149 at 22:38:06.651
starting worker pid=51820 on localhost:11149 at 22:38:07.061
starting worker pid=51833 on localhost:11149 at 22:38:07.474
2022-05-10 22:42:44 INFO::After iteration 23, gene prior 0.00791251549793988:, SNP prior:0.00308549643329205
2022-05-10 22:42:45 INFO::run iteration 24
starting worker pid=52147 on localhost:11149 at 22:42:45.480
starting worker pid=52160 on localhost:11149 at 22:42:45.860
starting worker pid=52173 on localhost:11149 at 22:42:46.249
starting worker pid=52187 on localhost:11149 at 22:42:46.653
starting worker pid=52200 on localhost:11149 at 22:42:47.064
starting worker pid=52213 on localhost:11149 at 22:42:47.472
starting worker pid=52227 on localhost:11149 at 22:42:47.883
starting worker pid=52240 on localhost:11149 at 22:42:48.294
starting worker pid=52253 on localhost:11149 at 22:42:48.703
starting worker pid=52267 on localhost:11149 at 22:42:49.117
2022-05-10 22:47:26 INFO::After iteration 24, gene prior 0.00791434360684008:, SNP prior:0.00308542807349903
2022-05-10 22:47:26 INFO::run iteration 25
starting worker pid=53082 on localhost:11149 at 22:47:26.617
starting worker pid=53095 on localhost:11149 at 22:47:27.030
starting worker pid=53109 on localhost:11149 at 22:47:27.442
starting worker pid=53122 on localhost:11149 at 22:47:27.852
starting worker pid=53135 on localhost:11149 at 22:47:28.264
starting worker pid=53149 on localhost:11149 at 22:47:28.682
starting worker pid=53162 on localhost:11149 at 22:47:29.090
starting worker pid=53175 on localhost:11149 at 22:47:29.498
starting worker pid=53189 on localhost:11149 at 22:47:29.911
starting worker pid=53202 on localhost:11149 at 22:47:30.320
2022-05-10 22:52:05 INFO::After iteration 25, gene prior 0.00791578585992481:, SNP prior:0.00308537413547954
2022-05-10 22:52:05 INFO::run iteration 26
starting worker pid=53746 on localhost:11149 at 22:52:06.242
starting worker pid=53759 on localhost:11149 at 22:52:06.669
starting worker pid=53773 on localhost:11149 at 22:52:07.090
starting worker pid=53786 on localhost:11149 at 22:52:07.510
starting worker pid=53799 on localhost:11149 at 22:52:07.934
starting worker pid=53813 on localhost:11149 at 22:52:08.352
starting worker pid=53826 on localhost:11149 at 22:52:08.782
starting worker pid=53839 on localhost:11149 at 22:52:09.191
starting worker pid=53853 on localhost:11149 at 22:52:09.602
starting worker pid=53866 on localhost:11149 at 22:52:10.013
2022-05-10 22:56:46 INFO::After iteration 26, gene prior 0.00791692366234459:, SNP prior:0.0030853315804455
2022-05-10 22:56:46 INFO::run iteration 27
starting worker pid=54182 on localhost:11149 at 22:56:47.087
starting worker pid=54195 on localhost:11149 at 22:56:47.504
starting worker pid=54208 on localhost:11149 at 22:56:47.908
starting worker pid=54222 on localhost:11149 at 22:56:48.308
starting worker pid=54235 on localhost:11149 at 22:56:48.719
starting worker pid=54248 on localhost:11149 at 22:56:49.136
starting worker pid=54262 on localhost:11149 at 22:56:49.551
starting worker pid=54275 on localhost:11149 at 22:56:49.971
starting worker pid=54288 on localhost:11149 at 22:56:50.383
starting worker pid=54301 on localhost:11149 at 22:56:50.791
2022-05-10 23:01:27 INFO::After iteration 27, gene prior 0.00791782125725239:, SNP prior:0.00308529800805829
2022-05-10 23:01:27 INFO::run iteration 28
starting worker pid=54629 on localhost:11149 at 23:01:28.222
starting worker pid=54642 on localhost:11149 at 23:01:28.631
starting worker pid=54656 on localhost:11149 at 23:01:29.039
starting worker pid=54670 on localhost:11149 at 23:01:29.447
starting worker pid=54683 on localhost:11149 at 23:01:29.838
starting worker pid=54696 on localhost:11149 at 23:01:30.240
starting worker pid=54711 on localhost:11149 at 23:01:30.660
starting worker pid=54724 on localhost:11149 at 23:01:31.054
starting worker pid=54737 on localhost:11149 at 23:01:31.461
starting worker pid=54751 on localhost:11149 at 23:01:31.839
2022-05-10 23:06:08 INFO::After iteration 28, gene prior 0.00791852934022193:, SNP prior:0.00308527152325159
2022-05-10 23:06:08 INFO::run iteration 29
starting worker pid=55066 on localhost:11149 at 23:06:09.198
starting worker pid=55079 on localhost:11149 at 23:06:09.608
starting worker pid=55092 on localhost:11149 at 23:06:10.022
starting worker pid=55106 on localhost:11149 at 23:06:10.442
starting worker pid=55119 on localhost:11149 at 23:06:10.863
starting worker pid=55132 on localhost:11149 at 23:06:11.284
starting worker pid=55146 on localhost:11149 at 23:06:11.690
starting worker pid=55159 on localhost:11149 at 23:06:12.126
starting worker pid=55172 on localhost:11149 at 23:06:12.535
starting worker pid=55186 on localhost:11149 at 23:06:12.942
2022-05-10 23:10:50 INFO::After iteration 29, gene prior 0.0079190879133061:, SNP prior:0.0030852506303098
2022-05-10 23:10:50 INFO::run iteration 30
starting worker pid=55501 on localhost:11149 at 23:10:50.524
starting worker pid=55514 on localhost:11149 at 23:10:50.942
starting worker pid=55527 on localhost:11149 at 23:10:51.362
starting worker pid=55541 on localhost:11149 at 23:10:51.785
starting worker pid=55554 on localhost:11149 at 23:10:52.194
starting worker pid=55567 on localhost:11149 at 23:10:52.602
starting worker pid=55581 on localhost:11149 at 23:10:53.011
starting worker pid=55594 on localhost:11149 at 23:10:53.422
starting worker pid=55607 on localhost:11149 at 23:10:53.836
starting worker pid=55621 on localhost:11149 at 23:10:54.253
2022-05-10 23:15:30 INFO::After iteration 30, gene prior 0.00791952853868208:, SNP prior:0.00308523414892276
2022-05-10 23:15:30 INFO::Run susie for all regions.
2022-05-10 23:15:30 INFO::run iteration 1
starting worker pid=55934 on localhost:11149 at 23:15:30.736
starting worker pid=55948 on localhost:11149 at 23:15:31.140
starting worker pid=55961 on localhost:11149 at 23:15:31.543
starting worker pid=55974 on localhost:11149 at 23:15:31.938
starting worker pid=55988 on localhost:11149 at 23:15:32.317
starting worker pid=56001 on localhost:11149 at 23:15:32.704
starting worker pid=56014 on localhost:11149 at 23:15:33.086
starting worker pid=56028 on localhost:11149 at 23:15:33.469
starting worker pid=56041 on localhost:11149 at 23:15:33.858
starting worker pid=56054 on localhost:11149 at 23:15:34.248
2022-05-10 23:23:44 INFO::After iteration 1, gene prior 0.0227693622770452:, SNP prior:0.0109728828701654
2022-05-10 23:23:44 INFO::No. LD regions: 1700
2022-05-10 23:23:51 INFO::No. regions with at least one SNP/gene for chr1: 131
2022-05-10 23:23:51 INFO::Merge regions for chr1
2022-05-10 23:23:51 INFO::No. regions with at least one SNP/gene for chr1 after merging: 130
2022-05-10 23:23:58 INFO::No. regions with at least one SNP/gene for chr2: 143
2022-05-10 23:23:58 INFO::Merge regions for chr2
2022-05-10 23:23:58 INFO::No. regions with at least one SNP/gene for chr2 after merging: 142
2022-05-10 23:24:03 INFO::No. regions with at least one SNP/gene for chr3: 122
2022-05-10 23:24:03 INFO::Merge regions for chr3
2022-05-10 23:24:03 INFO::No. regions with at least one SNP/gene for chr3 after merging: 121
2022-05-10 23:24:09 INFO::No. regions with at least one SNP/gene for chr4: 122
2022-05-10 23:24:09 INFO::Merge regions for chr4
2022-05-10 23:24:09 INFO::No. regions with at least one SNP/gene for chr4 after merging: 122
2022-05-10 23:24:14 INFO::No. regions with at least one SNP/gene for chr5: 110
2022-05-10 23:24:14 INFO::Merge regions for chr5
2022-05-10 23:24:14 INFO::No. regions with at least one SNP/gene for chr5 after merging: 110
2022-05-10 23:24:19 INFO::No. regions with at least one SNP/gene for chr6: 112
2022-05-10 23:24:19 INFO::Merge regions for chr6
2022-05-10 23:24:19 INFO::No. regions with at least one SNP/gene for chr6 after merging: 112
2022-05-10 23:24:23 INFO::No. regions with at least one SNP/gene for chr7: 99
2022-05-10 23:24:23 INFO::Merge regions for chr7
2022-05-10 23:24:23 INFO::No. regions with at least one SNP/gene for chr7 after merging: 98
2022-05-10 23:24:27 INFO::No. regions with at least one SNP/gene for chr8: 92
2022-05-10 23:24:27 INFO::Merge regions for chr8
2022-05-10 23:24:27 INFO::No. regions with at least one SNP/gene for chr8 after merging: 91
2022-05-10 23:24:29 INFO::No. regions with at least one SNP/gene for chr9: 74
2022-05-10 23:24:29 INFO::Merge regions for chr9
2022-05-10 23:24:29 INFO::No. regions with at least one SNP/gene for chr9 after merging: 73
2022-05-10 23:24:33 INFO::No. regions with at least one SNP/gene for chr10: 85
2022-05-10 23:24:33 INFO::Merge regions for chr10
2022-05-10 23:24:33 INFO::No. regions with at least one SNP/gene for chr10 after merging: 84
2022-05-10 23:24:36 INFO::No. regions with at least one SNP/gene for chr11: 84
2022-05-10 23:24:36 INFO::Merge regions for chr11
2022-05-10 23:24:36 INFO::No. regions with at least one SNP/gene for chr11 after merging: 84
2022-05-10 23:24:40 INFO::No. regions with at least one SNP/gene for chr12: 82
2022-05-10 23:24:40 INFO::Merge regions for chr12
2022-05-10 23:24:40 INFO::No. regions with at least one SNP/gene for chr12 after merging: 82
2022-05-10 23:24:42 INFO::No. regions with at least one SNP/gene for chr13: 62
2022-05-10 23:24:42 INFO::Merge regions for chr13
2022-05-10 23:24:42 INFO::No. regions with at least one SNP/gene for chr13 after merging: 62
2022-05-10 23:24:44 INFO::No. regions with at least one SNP/gene for chr14: 56
2022-05-10 23:24:44 INFO::Merge regions for chr14
2022-05-10 23:24:44 INFO::No. regions with at least one SNP/gene for chr14 after merging: 56
2022-05-10 23:24:46 INFO::No. regions with at least one SNP/gene for chr15: 50
2022-05-10 23:24:46 INFO::Merge regions for chr15
2022-05-10 23:24:46 INFO::No. regions with at least one SNP/gene for chr15 after merging: 50
2022-05-10 23:24:49 INFO::No. regions with at least one SNP/gene for chr16: 50
2022-05-10 23:24:49 INFO::Merge regions for chr16
2022-05-10 23:24:49 INFO::No. regions with at least one SNP/gene for chr16 after merging: 49
2022-05-10 23:24:50 INFO::No. regions with at least one SNP/gene for chr17: 47
2022-05-10 23:24:50 INFO::Merge regions for chr17
2022-05-10 23:24:50 INFO::No. regions with at least one SNP/gene for chr17 after merging: 47
2022-05-10 23:24:53 INFO::No. regions with at least one SNP/gene for chr18: 47
2022-05-10 23:24:53 INFO::Merge regions for chr18
2022-05-10 23:24:53 INFO::No. regions with at least one SNP/gene for chr18 after merging: 46
2022-05-10 23:24:54 INFO::No. regions with at least one SNP/gene for chr19: 39
2022-05-10 23:24:54 INFO::Merge regions for chr19
2022-05-10 23:24:54 INFO::No. regions with at least one SNP/gene for chr19 after merging: 39
2022-05-10 23:24:55 INFO::No. regions with at least one SNP/gene for chr20: 38
2022-05-10 23:24:55 INFO::Merge regions for chr20
2022-05-10 23:24:55 INFO::No. regions with at least one SNP/gene for chr20 after merging: 38
2022-05-10 23:24:57 INFO::No. regions with at least one SNP/gene for chr21: 15
2022-05-10 23:24:57 INFO::Merge regions for chr21
2022-05-10 23:24:57 INFO::No. regions with at least one SNP/gene for chr21 after merging: 15
2022-05-10 23:24:58 INFO::No. regions with at least one SNP/gene for chr22: 24
2022-05-10 23:24:58 INFO::Merge regions for chr22
2022-05-10 23:24:58 INFO::No. regions with at least one SNP/gene for chr22 after merging: 24
2022-05-10 23:24:58 INFO::Trim regions with SNPs more than 20000
2022-05-10 23:24:58 INFO::Adding R matrix info, as genotype is not given
2022-05-10 23:24:59 INFO::Adding R matrix info for chrom 1
2022-05-10 23:39:20 INFO::Adding R matrix info for chrom 2
2022-05-10 23:53:00 INFO::Adding R matrix info for chrom 3
2022-05-11 00:03:34 INFO::Adding R matrix info for chrom 4
2022-05-11 00:13:47 INFO::Adding R matrix info for chrom 5
2022-05-11 00:22:34 INFO::Adding R matrix info for chrom 6
2022-05-11 00:33:28 INFO::Adding R matrix info for chrom 7
2022-05-11 00:44:02 INFO::Adding R matrix info for chrom 8
2022-05-11 00:52:21 INFO::Adding R matrix info for chrom 9
2022-05-11 00:59:49 INFO::Adding R matrix info for chrom 10
2022-05-11 01:09:23 INFO::Adding R matrix info for chrom 11
2022-05-11 01:18:56 INFO::Adding R matrix info for chrom 12
2022-05-11 01:27:32 INFO::Adding R matrix info for chrom 13
2022-05-11 01:32:43 INFO::Adding R matrix info for chrom 14
2022-05-11 01:38:39 INFO::Adding R matrix info for chrom 15
2022-05-11 01:43:36 INFO::Adding R matrix info for chrom 16
2022-05-11 01:49:15 INFO::Adding R matrix info for chrom 17
2022-05-11 01:56:55 INFO::Adding R matrix info for chrom 18
2022-05-11 02:01:24 INFO::Adding R matrix info for chrom 19
2022-05-11 02:09:37 INFO::Adding R matrix info for chrom 20
2022-05-11 02:14:13 INFO::Adding R matrix info for chrom 21
2022-05-11 02:15:06 INFO::Adding R matrix info for chrom 22
2022-05-11 02:20:35 INFO::Number of regions that contains strong gene signals: 5
2022-05-11 02:20:35 INFO::Rerun susie for regions with strong gene signals using full SNPs.
2022-05-11 02:20:35 INFO::run iteration 1
starting worker pid=16318 on localhost:11149 at 02:20:36.738
2022-05-11 02:23:00 INFO::After iteration 1, gene prior 0.039189482186218:, SNP prior:0.000957168143636073
$group_prior
[1] 0.0079195285 0.0003085234

$group_prior_var
[1] 15.344834  9.981985

R version 3.6.1 (2019-07-05)
Platform: x86_64-pc-linux-gnu (64-bit)
Running under: Scientific Linux 7.4 (Nitrogen)

Matrix products: default
BLAS/LAPACK: /software/openblas-0.2.19-el7-x86_64/lib/libopenblas_haswellp-r0.2.19.so

locale:
[1] C

attached base packages:
[1] stats     graphics  grDevices utils     datasets  methods   base     

other attached packages:
[1] data.table_1.14.2 ctwas_0.1.32     

loaded via a namespace (and not attached):
 [1] Rcpp_1.0.8        magrittr_2.0.2    pgenlibr_0.3.1    hms_1.1.1        
 [5] doParallel_1.0.17 bit_4.0.4         lattice_0.20-38   R6_2.5.1         
 [9] rlang_1.0.1       fastmap_1.1.0     foreach_1.5.2     fansi_1.0.2      
[13] blob_1.2.2        tools_3.6.1       parallel_3.6.1    grid_3.6.1       
[17] logging_0.10-108  utf8_1.2.2        cli_3.1.0         DBI_1.1.2        
[21] iterators_1.0.14  ellipsis_0.3.2    bit64_4.0.5       tibble_3.1.6     
[25] lifecycle_1.0.1   crayon_1.5.0      Matrix_1.2-18     tzdb_0.2.0       
[29] readr_2.1.1       vctrs_0.3.8       codetools_0.2-16  memoise_2.0.1    
[33] cachem_1.0.6      RSQLite_2.2.8     pillar_1.6.4      compiler_3.6.1   
[37] pkgconfig_2.0.3  
