[1] "/project2/xinhe/shengqian/cTWAS/cTWAS_analysis/data/scz_2018.RDS"                                    
[2] "/project2/mstephens/wcrouse/UKB_LDR_0.1"                                                             
[3] "/project2/xinhe/shengqian/cTWAS/cTWAS_analysis/data/mashr_sqtl/sqtl/mashr/mashr_Brain_Hippocampus.db"
[4] "/project2/xinhe/shengqian/cTWAS/cTWAS_analysis/code/ctwas_config.R"                                  
[5] "SCZ_Brain_Hippocampus_expr"                                                                          
[6] "SCZ_Brain_Hippocampus_ctwas"                                                                         
[7] "/project2/xinhe/shengqian/cTWAS/cTWAS_analysis/data/SCZ_2018_S/Brain_Hippocampus"                    
2022-05-10 13:06:22 INFO::Flipping z scores to match LD reference
2022-05-10 13:06:25 INFO::Reading weights for chromosome 1
2022-05-10 13:06:26 INFO::Number of genes with weights provided: 27437
2022-05-10 13:06:26 INFO::Collecting gene weight information ...
2022-05-10 13:06:26 INFO::Flipping weights to match LD reference
2022-05-10 13:06:26 INFO::Harmonizing strand ambiguous weights using correlations with unambiguous variants
2022-05-10 13:18:38 INFO::Start gene z score imputation ...
2022-05-10 13:18:38 INFO::Using given LD matrices to impute gene z score.
2022-05-10 13:28:53 INFO::Imputation done, writing results to output...
2022-05-10 13:28:53 INFO::Imputation done: number of genes with imputed expression: 1685 for chr 1
2022-05-10 13:28:54 INFO::Flipping z scores to match LD reference
2022-05-10 13:28:57 INFO::Reading weights for chromosome 2
2022-05-10 13:28:57 INFO::Number of genes with weights provided: 27437
2022-05-10 13:28:57 INFO::Collecting gene weight information ...
2022-05-10 13:28:57 INFO::Flipping weights to match LD reference
2022-05-10 13:28:57 INFO::Harmonizing strand ambiguous weights using correlations with unambiguous variants
2022-05-10 13:37:04 INFO::Start gene z score imputation ...
2022-05-10 13:37:04 INFO::Using given LD matrices to impute gene z score.
2022-05-10 13:46:30 INFO::Imputation done, writing results to output...
2022-05-10 13:46:30 INFO::Imputation done: number of genes with imputed expression: 1258 for chr 2
2022-05-10 13:46:31 INFO::Flipping z scores to match LD reference
2022-05-10 13:46:33 INFO::Reading weights for chromosome 3
2022-05-10 13:46:33 INFO::Number of genes with weights provided: 27437
2022-05-10 13:46:33 INFO::Collecting gene weight information ...
2022-05-10 13:46:33 INFO::Flipping weights to match LD reference
2022-05-10 13:46:33 INFO::Harmonizing strand ambiguous weights using correlations with unambiguous variants
2022-05-10 13:52:16 INFO::Start gene z score imputation ...
2022-05-10 13:52:16 INFO::Using given LD matrices to impute gene z score.
2022-05-10 13:58:44 INFO::Imputation done, writing results to output...
2022-05-10 13:58:44 INFO::Imputation done: number of genes with imputed expression: 1054 for chr 3
2022-05-10 13:58:45 INFO::Flipping z scores to match LD reference
2022-05-10 13:58:48 INFO::Reading weights for chromosome 4
2022-05-10 13:58:48 INFO::Number of genes with weights provided: 27437
2022-05-10 13:58:48 INFO::Collecting gene weight information ...
2022-05-10 13:58:48 INFO::Flipping weights to match LD reference
2022-05-10 13:58:48 INFO::Harmonizing strand ambiguous weights using correlations with unambiguous variants
2022-05-10 14:03:43 INFO::Start gene z score imputation ...
2022-05-10 14:03:43 INFO::Using given LD matrices to impute gene z score.
2022-05-10 14:09:41 INFO::Imputation done, writing results to output...
2022-05-10 14:09:41 INFO::Imputation done: number of genes with imputed expression: 701 for chr 4
2022-05-10 14:09:43 INFO::Flipping z scores to match LD reference
2022-05-10 14:09:44 INFO::Reading weights for chromosome 5
2022-05-10 14:09:44 INFO::Number of genes with weights provided: 27437
2022-05-10 14:09:44 INFO::Collecting gene weight information ...
2022-05-10 14:09:44 INFO::Flipping weights to match LD reference
2022-05-10 14:09:44 INFO::Harmonizing strand ambiguous weights using correlations with unambiguous variants
2022-05-10 14:13:54 INFO::Start gene z score imputation ...
2022-05-10 14:13:54 INFO::Using given LD matrices to impute gene z score.
2022-05-10 14:19:46 INFO::Imputation done, writing results to output...
2022-05-10 14:19:47 INFO::Imputation done: number of genes with imputed expression: 707 for chr 5
2022-05-10 14:19:48 INFO::Flipping z scores to match LD reference
2022-05-10 14:19:49 INFO::Reading weights for chromosome 6
2022-05-10 14:19:49 INFO::Number of genes with weights provided: 27437
2022-05-10 14:19:49 INFO::Collecting gene weight information ...
2022-05-10 14:19:49 INFO::Flipping weights to match LD reference
2022-05-10 14:19:49 INFO::Harmonizing strand ambiguous weights using correlations with unambiguous variants
2022-05-10 14:28:26 INFO::Start gene z score imputation ...
2022-05-10 14:28:26 INFO::Using given LD matrices to impute gene z score.
2022-05-10 14:35:01 INFO::Imputation done, writing results to output...
2022-05-10 14:35:02 INFO::Imputation done: number of genes with imputed expression: 931 for chr 6
2022-05-10 14:35:03 INFO::Flipping z scores to match LD reference
2022-05-10 14:35:04 INFO::Reading weights for chromosome 7
2022-05-10 14:35:04 INFO::Number of genes with weights provided: 27437
2022-05-10 14:35:04 INFO::Collecting gene weight information ...
2022-05-10 14:35:04 INFO::Flipping weights to match LD reference
2022-05-10 14:35:04 INFO::Harmonizing strand ambiguous weights using correlations with unambiguous variants
2022-05-10 14:43:13 INFO::Start gene z score imputation ...
2022-05-10 14:43:13 INFO::Using given LD matrices to impute gene z score.
2022-05-10 14:49:57 INFO::Imputation done, writing results to output...
2022-05-10 14:49:58 INFO::Imputation done: number of genes with imputed expression: 1057 for chr 7
2022-05-10 14:49:59 INFO::Flipping z scores to match LD reference
2022-05-10 14:50:02 INFO::Reading weights for chromosome 8
2022-05-10 14:50:02 INFO::Number of genes with weights provided: 27437
2022-05-10 14:50:02 INFO::Collecting gene weight information ...
2022-05-10 14:50:02 INFO::Flipping weights to match LD reference
2022-05-10 14:50:02 INFO::Harmonizing strand ambiguous weights using correlations with unambiguous variants
2022-05-10 14:53:31 INFO::Start gene z score imputation ...
2022-05-10 14:53:31 INFO::Using given LD matrices to impute gene z score.
2022-05-10 14:58:28 INFO::Imputation done, writing results to output...
2022-05-10 14:58:29 INFO::Imputation done: number of genes with imputed expression: 622 for chr 8
2022-05-10 14:58:29 INFO::Flipping z scores to match LD reference
2022-05-10 14:58:30 INFO::Reading weights for chromosome 9
2022-05-10 14:58:30 INFO::Number of genes with weights provided: 27437
2022-05-10 14:58:30 INFO::Collecting gene weight information ...
2022-05-10 14:58:30 INFO::Flipping weights to match LD reference
2022-05-10 14:58:30 INFO::Harmonizing strand ambiguous weights using correlations with unambiguous variants
2022-05-10 15:02:53 INFO::Start gene z score imputation ...
2022-05-10 15:02:53 INFO::Using given LD matrices to impute gene z score.
2022-05-10 15:07:53 INFO::Imputation done, writing results to output...
2022-05-10 15:07:53 INFO::Imputation done: number of genes with imputed expression: 737 for chr 9
2022-05-10 15:07:54 INFO::Flipping z scores to match LD reference
2022-05-10 15:07:56 INFO::Reading weights for chromosome 10
2022-05-10 15:07:56 INFO::Number of genes with weights provided: 27437
2022-05-10 15:07:56 INFO::Collecting gene weight information ...
2022-05-10 15:07:56 INFO::Flipping weights to match LD reference
2022-05-10 15:07:56 INFO::Harmonizing strand ambiguous weights using correlations with unambiguous variants
2022-05-10 15:14:22 INFO::Start gene z score imputation ...
2022-05-10 15:14:22 INFO::Using given LD matrices to impute gene z score.
2022-05-10 15:20:14 INFO::Imputation done, writing results to output...
2022-05-10 15:20:14 INFO::Imputation done: number of genes with imputed expression: 814 for chr 10
2022-05-10 15:20:15 INFO::Flipping z scores to match LD reference
2022-05-10 15:20:16 INFO::Reading weights for chromosome 11
2022-05-10 15:20:16 INFO::Number of genes with weights provided: 27437
2022-05-10 15:20:16 INFO::Collecting gene weight information ...
2022-05-10 15:20:16 INFO::Flipping weights to match LD reference
2022-05-10 15:20:16 INFO::Harmonizing strand ambiguous weights using correlations with unambiguous variants
2022-05-10 15:26:28 INFO::Start gene z score imputation ...
2022-05-10 15:26:28 INFO::Using given LD matrices to impute gene z score.
2022-05-10 15:32:07 INFO::Imputation done, writing results to output...
2022-05-10 15:32:10 INFO::Imputation done: number of genes with imputed expression: 1072 for chr 11
2022-05-10 15:32:12 INFO::Flipping z scores to match LD reference
2022-05-10 15:32:13 INFO::Reading weights for chromosome 12
2022-05-10 15:32:13 INFO::Number of genes with weights provided: 27437
2022-05-10 15:32:13 INFO::Collecting gene weight information ...
2022-05-10 15:32:13 INFO::Flipping weights to match LD reference
2022-05-10 15:32:13 INFO::Harmonizing strand ambiguous weights using correlations with unambiguous variants
2022-05-10 15:37:31 INFO::Start gene z score imputation ...
2022-05-10 15:37:31 INFO::Using given LD matrices to impute gene z score.
2022-05-10 15:42:57 INFO::Imputation done, writing results to output...
2022-05-10 15:42:58 INFO::Imputation done: number of genes with imputed expression: 981 for chr 12
2022-05-10 15:42:58 INFO::Flipping z scores to match LD reference
2022-05-10 15:43:00 INFO::Reading weights for chromosome 13
2022-05-10 15:43:00 INFO::Number of genes with weights provided: 27437
2022-05-10 15:43:00 INFO::Collecting gene weight information ...
2022-05-10 15:43:00 INFO::Flipping weights to match LD reference
2022-05-10 15:43:00 INFO::Harmonizing strand ambiguous weights using correlations with unambiguous variants
2022-05-10 15:45:45 INFO::Start gene z score imputation ...
2022-05-10 15:45:45 INFO::Using given LD matrices to impute gene z score.
2022-05-10 15:48:20 INFO::Imputation done, writing results to output...
2022-05-10 15:48:23 INFO::Imputation done: number of genes with imputed expression: 359 for chr 13
2022-05-10 15:48:24 INFO::Flipping z scores to match LD reference
2022-05-10 15:48:25 INFO::Reading weights for chromosome 14
2022-05-10 15:48:25 INFO::Number of genes with weights provided: 27437
2022-05-10 15:48:25 INFO::Collecting gene weight information ...
2022-05-10 15:48:25 INFO::Flipping weights to match LD reference
2022-05-10 15:48:25 INFO::Harmonizing strand ambiguous weights using correlations with unambiguous variants
2022-05-10 15:52:46 INFO::Start gene z score imputation ...
2022-05-10 15:52:46 INFO::Using given LD matrices to impute gene z score.
2022-05-10 15:56:28 INFO::Imputation done, writing results to output...
2022-05-10 15:56:29 INFO::Imputation done: number of genes with imputed expression: 635 for chr 14
2022-05-10 15:56:29 INFO::Flipping z scores to match LD reference
2022-05-10 15:56:31 INFO::Reading weights for chromosome 15
2022-05-10 15:56:31 INFO::Number of genes with weights provided: 27437
2022-05-10 15:56:31 INFO::Collecting gene weight information ...
2022-05-10 15:56:31 INFO::Flipping weights to match LD reference
2022-05-10 15:56:31 INFO::Harmonizing strand ambiguous weights using correlations with unambiguous variants
2022-05-10 16:01:21 INFO::Start gene z score imputation ...
2022-05-10 16:01:21 INFO::Using given LD matrices to impute gene z score.
2022-05-10 16:04:42 INFO::Imputation done, writing results to output...
2022-05-10 16:04:44 INFO::Imputation done: number of genes with imputed expression: 616 for chr 15
2022-05-10 16:04:44 INFO::Flipping z scores to match LD reference
2022-05-10 16:04:46 INFO::Reading weights for chromosome 16
2022-05-10 16:04:46 INFO::Number of genes with weights provided: 27437
2022-05-10 16:04:46 INFO::Collecting gene weight information ...
2022-05-10 16:04:46 INFO::Flipping weights to match LD reference
2022-05-10 16:04:46 INFO::Harmonizing strand ambiguous weights using correlations with unambiguous variants
2022-05-10 16:10:13 INFO::Start gene z score imputation ...
2022-05-10 16:10:13 INFO::Using given LD matrices to impute gene z score.
2022-05-10 16:13:27 INFO::Imputation done, writing results to output...
2022-05-10 16:13:28 INFO::Imputation done: number of genes with imputed expression: 686 for chr 16
2022-05-10 16:13:29 INFO::Flipping z scores to match LD reference
2022-05-10 16:13:30 INFO::Reading weights for chromosome 17
2022-05-10 16:13:30 INFO::Number of genes with weights provided: 27437
2022-05-10 16:13:30 INFO::Collecting gene weight information ...
2022-05-10 16:13:30 INFO::Flipping weights to match LD reference
2022-05-10 16:13:30 INFO::Harmonizing strand ambiguous weights using correlations with unambiguous variants
2022-05-10 16:19:53 INFO::Start gene z score imputation ...
2022-05-10 16:19:53 INFO::Using given LD matrices to impute gene z score.
2022-05-10 16:24:48 INFO::Imputation done, writing results to output...
2022-05-10 16:24:48 INFO::Imputation done: number of genes with imputed expression: 1225 for chr 17
2022-05-10 16:24:49 INFO::Flipping z scores to match LD reference
2022-05-10 16:24:50 INFO::Reading weights for chromosome 18
2022-05-10 16:24:50 INFO::Number of genes with weights provided: 27437
2022-05-10 16:24:50 INFO::Collecting gene weight information ...
2022-05-10 16:24:50 INFO::Flipping weights to match LD reference
2022-05-10 16:24:50 INFO::Harmonizing strand ambiguous weights using correlations with unambiguous variants
2022-05-10 16:27:07 INFO::Start gene z score imputation ...
2022-05-10 16:27:07 INFO::Using given LD matrices to impute gene z score.
2022-05-10 16:29:39 INFO::Imputation done, writing results to output...
2022-05-10 16:29:47 INFO::Imputation done: number of genes with imputed expression: 243 for chr 18
2022-05-10 16:29:48 INFO::Flipping z scores to match LD reference
2022-05-10 16:29:48 INFO::Reading weights for chromosome 19
2022-05-10 16:29:49 INFO::Number of genes with weights provided: 27437
2022-05-10 16:29:49 INFO::Collecting gene weight information ...
2022-05-10 16:29:49 INFO::Flipping weights to match LD reference
2022-05-10 16:29:49 INFO::Harmonizing strand ambiguous weights using correlations with unambiguous variants
2022-05-10 16:37:02 INFO::Start gene z score imputation ...
2022-05-10 16:37:02 INFO::Using given LD matrices to impute gene z score.
2022-05-10 16:42:02 INFO::Imputation done, writing results to output...
2022-05-10 16:42:02 INFO::Imputation done: number of genes with imputed expression: 1275 for chr 19
2022-05-10 16:42:03 INFO::Flipping z scores to match LD reference
2022-05-10 16:42:04 INFO::Reading weights for chromosome 20
2022-05-10 16:42:04 INFO::Number of genes with weights provided: 27437
2022-05-10 16:42:04 INFO::Collecting gene weight information ...
2022-05-10 16:42:04 INFO::Flipping weights to match LD reference
2022-05-10 16:42:04 INFO::Harmonizing strand ambiguous weights using correlations with unambiguous variants
2022-05-10 16:46:17 INFO::Start gene z score imputation ...
2022-05-10 16:46:17 INFO::Using given LD matrices to impute gene z score.
2022-05-10 16:49:33 INFO::Imputation done, writing results to output...
2022-05-10 16:49:34 INFO::Imputation done: number of genes with imputed expression: 611 for chr 20
2022-05-10 16:49:34 INFO::Flipping z scores to match LD reference
2022-05-10 16:49:35 INFO::Reading weights for chromosome 21
2022-05-10 16:49:35 INFO::Number of genes with weights provided: 27437
2022-05-10 16:49:35 INFO::Collecting gene weight information ...
2022-05-10 16:49:35 INFO::Flipping weights to match LD reference
2022-05-10 16:49:35 INFO::Harmonizing strand ambiguous weights using correlations with unambiguous variants
2022-05-10 16:51:44 INFO::Start gene z score imputation ...
2022-05-10 16:51:44 INFO::Using given LD matrices to impute gene z score.
2022-05-10 16:52:11 INFO::Imputation done, writing results to output...
2022-05-10 16:52:11 INFO::Imputation done: number of genes with imputed expression: 30 for chr 21
2022-05-10 16:52:12 INFO::Flipping z scores to match LD reference
2022-05-10 16:52:13 INFO::Reading weights for chromosome 22
2022-05-10 16:52:13 INFO::Number of genes with weights provided: 27437
2022-05-10 16:52:13 INFO::Collecting gene weight information ...
2022-05-10 16:52:13 INFO::Flipping weights to match LD reference
2022-05-10 16:52:13 INFO::Harmonizing strand ambiguous weights using correlations with unambiguous variants
2022-05-10 16:56:10 INFO::Start gene z score imputation ...
2022-05-10 16:56:10 INFO::Using given LD matrices to impute gene z score.
2022-05-10 16:58:24 INFO::Imputation done, writing results to output...
2022-05-10 16:58:25 INFO::Imputation done: number of genes with imputed expression: 549 for chr 22
2022-05-10 16:58:45 INFO::ctwas started ...
2022-05-10 16:59:10 INFO::LD region file: /home/shengqian/R/x86_64-pc-linux-gnu-library/3.6/ctwas/extdata/ldetect/EUR.b38.bed
2022-05-10 16:59:18 INFO::No. LD regions: 1700
2022-05-10 16:59:25 INFO::No. regions with at least one SNP/gene for chr1: 131
2022-05-10 16:59:25 INFO::Merge regions for chr1
2022-05-10 16:59:25 INFO::No. regions with at least one SNP/gene for chr1 after merging: 129
2022-05-10 16:59:31 INFO::No. regions with at least one SNP/gene for chr2: 143
2022-05-10 16:59:31 INFO::Merge regions for chr2
2022-05-10 16:59:31 INFO::No. regions with at least one SNP/gene for chr2 after merging: 143
2022-05-10 16:59:36 INFO::No. regions with at least one SNP/gene for chr3: 122
2022-05-10 16:59:36 INFO::Merge regions for chr3
2022-05-10 16:59:36 INFO::No. regions with at least one SNP/gene for chr3 after merging: 122
2022-05-10 16:59:42 INFO::No. regions with at least one SNP/gene for chr4: 122
2022-05-10 16:59:42 INFO::Merge regions for chr4
2022-05-10 16:59:42 INFO::No. regions with at least one SNP/gene for chr4 after merging: 122
2022-05-10 16:59:47 INFO::No. regions with at least one SNP/gene for chr5: 110
2022-05-10 16:59:47 INFO::Merge regions for chr5
2022-05-10 16:59:47 INFO::No. regions with at least one SNP/gene for chr5 after merging: 110
2022-05-10 16:59:51 INFO::No. regions with at least one SNP/gene for chr6: 112
2022-05-10 16:59:51 INFO::Merge regions for chr6
2022-05-10 16:59:51 INFO::No. regions with at least one SNP/gene for chr6 after merging: 112
2022-05-10 16:59:55 INFO::No. regions with at least one SNP/gene for chr7: 99
2022-05-10 16:59:55 INFO::Merge regions for chr7
2022-05-10 16:59:55 INFO::No. regions with at least one SNP/gene for chr7 after merging: 98
2022-05-10 16:59:59 INFO::No. regions with at least one SNP/gene for chr8: 92
2022-05-10 16:59:59 INFO::Merge regions for chr8
2022-05-10 16:59:59 INFO::No. regions with at least one SNP/gene for chr8 after merging: 92
2022-05-10 17:00:01 INFO::No. regions with at least one SNP/gene for chr9: 74
2022-05-10 17:00:02 INFO::Merge regions for chr9
2022-05-10 17:00:02 INFO::No. regions with at least one SNP/gene for chr9 after merging: 72
2022-05-10 17:00:05 INFO::No. regions with at least one SNP/gene for chr10: 85
2022-05-10 17:00:05 INFO::Merge regions for chr10
2022-05-10 17:00:05 INFO::No. regions with at least one SNP/gene for chr10 after merging: 85
2022-05-10 17:00:08 INFO::No. regions with at least one SNP/gene for chr11: 84
2022-05-10 17:00:08 INFO::Merge regions for chr11
2022-05-10 17:00:08 INFO::No. regions with at least one SNP/gene for chr11 after merging: 83
2022-05-10 17:00:11 INFO::No. regions with at least one SNP/gene for chr12: 82
2022-05-10 17:00:11 INFO::Merge regions for chr12
2022-05-10 17:00:11 INFO::No. regions with at least one SNP/gene for chr12 after merging: 82
2022-05-10 17:00:13 INFO::No. regions with at least one SNP/gene for chr13: 62
2022-05-10 17:00:13 INFO::Merge regions for chr13
2022-05-10 17:00:13 INFO::No. regions with at least one SNP/gene for chr13 after merging: 62
2022-05-10 17:00:15 INFO::No. regions with at least one SNP/gene for chr14: 56
2022-05-10 17:00:15 INFO::Merge regions for chr14
2022-05-10 17:00:15 INFO::No. regions with at least one SNP/gene for chr14 after merging: 56
2022-05-10 17:00:17 INFO::No. regions with at least one SNP/gene for chr15: 50
2022-05-10 17:00:17 INFO::Merge regions for chr15
2022-05-10 17:00:17 INFO::No. regions with at least one SNP/gene for chr15 after merging: 50
2022-05-10 17:00:18 INFO::No. regions with at least one SNP/gene for chr16: 50
2022-05-10 17:00:18 INFO::Merge regions for chr16
2022-05-10 17:00:18 INFO::No. regions with at least one SNP/gene for chr16 after merging: 50
2022-05-10 17:00:20 INFO::No. regions with at least one SNP/gene for chr17: 47
2022-05-10 17:00:20 INFO::Merge regions for chr17
2022-05-10 17:00:20 INFO::No. regions with at least one SNP/gene for chr17 after merging: 47
2022-05-10 17:00:21 INFO::No. regions with at least one SNP/gene for chr18: 47
2022-05-10 17:00:21 INFO::Merge regions for chr18
2022-05-10 17:00:21 INFO::No. regions with at least one SNP/gene for chr18 after merging: 47
2022-05-10 17:00:23 INFO::No. regions with at least one SNP/gene for chr19: 39
2022-05-10 17:00:23 INFO::Merge regions for chr19
2022-05-10 17:00:23 INFO::No. regions with at least one SNP/gene for chr19 after merging: 39
2022-05-10 17:00:24 INFO::No. regions with at least one SNP/gene for chr20: 38
2022-05-10 17:00:24 INFO::Merge regions for chr20
2022-05-10 17:00:24 INFO::No. regions with at least one SNP/gene for chr20 after merging: 38
2022-05-10 17:00:25 INFO::No. regions with at least one SNP/gene for chr21: 15
2022-05-10 17:00:25 INFO::Merge regions for chr21
2022-05-10 17:00:25 INFO::No. regions with at least one SNP/gene for chr21 after merging: 15
2022-05-10 17:00:26 INFO::No. regions with at least one SNP/gene for chr22: 24
2022-05-10 17:00:26 INFO::Merge regions for chr22
2022-05-10 17:00:26 INFO::No. regions with at least one SNP/gene for chr22 after merging: 24
2022-05-10 17:00:26 INFO::Trim regions with SNPs more than Inf
2022-05-10 17:00:26 INFO::Adding R matrix info, as genotype is not given
2022-05-10 17:00:27 INFO::Adding R matrix info for chrom 1
2022-05-10 17:13:32 INFO::Adding R matrix info for chrom 2
2022-05-10 17:26:17 INFO::Adding R matrix info for chrom 3
2022-05-10 17:36:11 INFO::Adding R matrix info for chrom 4
2022-05-10 17:46:04 INFO::Adding R matrix info for chrom 5
2022-05-10 17:54:21 INFO::Adding R matrix info for chrom 6
2022-05-10 18:04:04 INFO::Adding R matrix info for chrom 7
2022-05-10 18:13:34 INFO::Adding R matrix info for chrom 8
2022-05-10 18:20:54 INFO::Adding R matrix info for chrom 9
2022-05-10 18:28:12 INFO::Adding R matrix info for chrom 10
2022-05-10 18:36:02 INFO::Adding R matrix info for chrom 11
2022-05-10 18:44:34 INFO::Adding R matrix info for chrom 12
2022-05-10 18:52:23 INFO::Adding R matrix info for chrom 13
2022-05-10 18:57:14 INFO::Adding R matrix info for chrom 14
2022-05-10 19:02:27 INFO::Adding R matrix info for chrom 15
2022-05-10 19:06:50 INFO::Adding R matrix info for chrom 16
2022-05-10 19:11:30 INFO::Adding R matrix info for chrom 17
2022-05-10 19:17:35 INFO::Adding R matrix info for chrom 18
2022-05-10 19:21:19 INFO::Adding R matrix info for chrom 19
2022-05-10 19:27:51 INFO::Adding R matrix info for chrom 20
2022-05-10 19:31:49 INFO::Adding R matrix info for chrom 21
2022-05-10 19:32:43 INFO::Adding R matrix info for chrom 22
2022-05-10 19:35:25 INFO::Run susie iteratively, getting rough estimate ...
2022-05-10 19:35:25 INFO::run iteration 1
starting worker pid=35911 on localhost:11907 at 19:35:26.007
starting worker pid=35925 on localhost:11907 at 19:35:26.487
starting worker pid=35938 on localhost:11907 at 19:35:26.947
starting worker pid=35952 on localhost:11907 at 19:35:27.404
starting worker pid=35965 on localhost:11907 at 19:35:27.865
starting worker pid=35978 on localhost:11907 at 19:35:28.322
starting worker pid=35992 on localhost:11907 at 19:35:28.782
starting worker pid=36005 on localhost:11907 at 19:35:29.241
starting worker pid=36018 on localhost:11907 at 19:35:29.697
starting worker pid=36032 on localhost:11907 at 19:35:30.155
2022-05-10 19:43:27 INFO::After iteration 1, gene prior 0.00329217101779936:, SNP prior:0.0025661714144713
2022-05-10 19:43:27 INFO::run iteration 2
starting worker pid=36514 on localhost:11907 at 19:43:28.121
starting worker pid=36528 on localhost:11907 at 19:43:28.617
starting worker pid=36541 on localhost:11907 at 19:43:29.086
starting worker pid=36554 on localhost:11907 at 19:43:29.546
starting worker pid=36568 on localhost:11907 at 19:43:30.015
starting worker pid=36581 on localhost:11907 at 19:43:30.475
starting worker pid=36594 on localhost:11907 at 19:43:30.934
starting worker pid=36608 on localhost:11907 at 19:43:31.393
starting worker pid=36621 on localhost:11907 at 19:43:31.856
starting worker pid=36635 on localhost:11907 at 19:43:32.316
2022-05-10 19:51:27 INFO::After iteration 2, gene prior 0.00350540755964882:, SNP prior:0.00225826711754874
2022-05-10 19:51:27 INFO::run iteration 3
starting worker pid=37915 on localhost:11907 at 19:51:28.080
starting worker pid=37929 on localhost:11907 at 19:51:28.547
starting worker pid=37942 on localhost:11907 at 19:51:28.994
starting worker pid=37956 on localhost:11907 at 19:51:29.433
starting worker pid=37969 on localhost:11907 at 19:51:29.861
starting worker pid=37982 on localhost:11907 at 19:51:30.292
starting worker pid=37996 on localhost:11907 at 19:51:30.720
starting worker pid=38009 on localhost:11907 at 19:51:31.149
starting worker pid=38022 on localhost:11907 at 19:51:31.593
starting worker pid=38036 on localhost:11907 at 19:51:32.019
2022-05-10 19:59:34 INFO::After iteration 3, gene prior 0.00389220323846523:, SNP prior:0.00216141203828954
2022-05-10 19:59:35 INFO::Blocks are filtered: 817 blocks left
2022-05-10 19:59:35 INFO::Run susie iteratively, getting accurate estimate ...
2022-05-10 19:59:35 INFO::run iteration 1
starting worker pid=38520 on localhost:11907 at 19:59:35.872
starting worker pid=38533 on localhost:11907 at 19:59:36.356
starting worker pid=38547 on localhost:11907 at 19:59:36.826
starting worker pid=38560 on localhost:11907 at 19:59:37.293
starting worker pid=38573 on localhost:11907 at 19:59:37.753
starting worker pid=38587 on localhost:11907 at 19:59:38.221
starting worker pid=38600 on localhost:11907 at 19:59:38.676
starting worker pid=38614 on localhost:11907 at 19:59:39.136
starting worker pid=38627 on localhost:11907 at 19:59:39.594
starting worker pid=38640 on localhost:11907 at 19:59:40.045
2022-05-10 20:04:18 INFO::After iteration 1, gene prior 0.00519635979646579:, SNP prior:0.00255395647552129
2022-05-10 20:04:18 INFO::run iteration 2
starting worker pid=38957 on localhost:11907 at 20:04:19.513
starting worker pid=38971 on localhost:11907 at 20:04:19.996
starting worker pid=38984 on localhost:11907 at 20:04:20.475
starting worker pid=38998 on localhost:11907 at 20:04:20.954
starting worker pid=39011 on localhost:11907 at 20:04:21.420
starting worker pid=39024 on localhost:11907 at 20:04:21.882
starting worker pid=39038 on localhost:11907 at 20:04:22.344
starting worker pid=39051 on localhost:11907 at 20:04:22.797
starting worker pid=39064 on localhost:11907 at 20:04:23.257
starting worker pid=39078 on localhost:11907 at 20:04:23.713
2022-05-10 20:09:00 INFO::After iteration 2, gene prior 0.00616113742232314:, SNP prior:0.00282413482117233
2022-05-10 20:09:00 INFO::run iteration 3
starting worker pid=39391 on localhost:11907 at 20:09:00.931
starting worker pid=39404 on localhost:11907 at 20:09:01.405
starting worker pid=39418 on localhost:11907 at 20:09:01.860
starting worker pid=39431 on localhost:11907 at 20:09:02.336
starting worker pid=39444 on localhost:11907 at 20:09:02.796
starting worker pid=39458 on localhost:11907 at 20:09:03.253
starting worker pid=39471 on localhost:11907 at 20:09:03.707
starting worker pid=39484 on localhost:11907 at 20:09:04.166
starting worker pid=39498 on localhost:11907 at 20:09:04.624
starting worker pid=39511 on localhost:11907 at 20:09:05.087
2022-05-10 20:13:45 INFO::After iteration 3, gene prior 0.00682234401239497:, SNP prior:0.00299471998880272
2022-05-10 20:13:45 INFO::run iteration 4
starting worker pid=39830 on localhost:11907 at 20:13:45.647
starting worker pid=39843 on localhost:11907 at 20:13:46.102
starting worker pid=39857 on localhost:11907 at 20:13:46.540
starting worker pid=39870 on localhost:11907 at 20:13:47.019
starting worker pid=39883 on localhost:11907 at 20:13:47.488
starting worker pid=39897 on localhost:11907 at 20:13:47.950
starting worker pid=39910 on localhost:11907 at 20:13:48.415
starting worker pid=39923 on localhost:11907 at 20:13:48.879
starting worker pid=39937 on localhost:11907 at 20:13:49.345
starting worker pid=39950 on localhost:11907 at 20:13:49.805
2022-05-10 20:18:28 INFO::After iteration 4, gene prior 0.00721609513585824:, SNP prior:0.00307787865688727
2022-05-10 20:18:29 INFO::run iteration 5
starting worker pid=40996 on localhost:11907 at 20:18:29.596
starting worker pid=41009 on localhost:11907 at 20:18:30.075
starting worker pid=41022 on localhost:11907 at 20:18:30.555
starting worker pid=41036 on localhost:11907 at 20:18:31.021
starting worker pid=41049 on localhost:11907 at 20:18:31.486
starting worker pid=41062 on localhost:11907 at 20:18:31.954
starting worker pid=41076 on localhost:11907 at 20:18:32.416
starting worker pid=41089 on localhost:11907 at 20:18:32.886
starting worker pid=41103 on localhost:11907 at 20:18:33.352
starting worker pid=41116 on localhost:11907 at 20:18:33.816
2022-05-10 20:23:13 INFO::After iteration 5, gene prior 0.00744695226571453:, SNP prior:0.00311222689806839
2022-05-10 20:23:13 INFO::run iteration 6
starting worker pid=41433 on localhost:11907 at 20:23:14.425
starting worker pid=41447 on localhost:11907 at 20:23:14.913
starting worker pid=41460 on localhost:11907 at 20:23:15.394
starting worker pid=41474 on localhost:11907 at 20:23:15.874
starting worker pid=41488 on localhost:11907 at 20:23:16.344
starting worker pid=41502 on localhost:11907 at 20:23:16.815
starting worker pid=41516 on localhost:11907 at 20:23:17.288
starting worker pid=41529 on localhost:11907 at 20:23:17.759
starting worker pid=41543 on localhost:11907 at 20:23:18.226
starting worker pid=41556 on localhost:11907 at 20:23:18.692
2022-05-10 20:27:57 INFO::After iteration 6, gene prior 0.00758945354137535:, SNP prior:0.00312483409413759
2022-05-10 20:27:57 INFO::run iteration 7
starting worker pid=41874 on localhost:11907 at 20:27:58.476
starting worker pid=41887 on localhost:11907 at 20:27:58.929
starting worker pid=41901 on localhost:11907 at 20:27:59.404
starting worker pid=41914 on localhost:11907 at 20:27:59.874
starting worker pid=41928 on localhost:11907 at 20:28:00.344
starting worker pid=41941 on localhost:11907 at 20:28:00.824
starting worker pid=41954 on localhost:11907 at 20:28:01.295
starting worker pid=41968 on localhost:11907 at 20:28:01.772
starting worker pid=41981 on localhost:11907 at 20:28:02.247
starting worker pid=41994 on localhost:11907 at 20:28:02.714
2022-05-10 20:32:42 INFO::After iteration 7, gene prior 0.00768365257693842:, SNP prior:0.00312883183773951
2022-05-10 20:32:42 INFO::run iteration 8
starting worker pid=42311 on localhost:11907 at 20:32:42.764
starting worker pid=42324 on localhost:11907 at 20:32:43.245
starting worker pid=42338 on localhost:11907 at 20:32:43.724
starting worker pid=42351 on localhost:11907 at 20:32:44.206
starting worker pid=42365 on localhost:11907 at 20:32:44.684
starting worker pid=42378 on localhost:11907 at 20:32:45.162
starting worker pid=42391 on localhost:11907 at 20:32:45.637
starting worker pid=42405 on localhost:11907 at 20:32:46.112
starting worker pid=42418 on localhost:11907 at 20:32:46.584
starting worker pid=42432 on localhost:11907 at 20:32:47.066
2022-05-10 20:37:23 INFO::After iteration 8, gene prior 0.00774928783685131:, SNP prior:0.00312956323417304
2022-05-10 20:37:23 INFO::run iteration 9
starting worker pid=42748 on localhost:11907 at 20:37:23.801
starting worker pid=42762 on localhost:11907 at 20:37:24.295
starting worker pid=42775 on localhost:11907 at 20:37:24.785
starting worker pid=42788 on localhost:11907 at 20:37:25.270
starting worker pid=42802 on localhost:11907 at 20:37:25.753
starting worker pid=42815 on localhost:11907 at 20:37:26.224
starting worker pid=42828 on localhost:11907 at 20:37:26.704
starting worker pid=42842 on localhost:11907 at 20:37:27.185
starting worker pid=42855 on localhost:11907 at 20:37:27.669
starting worker pid=42869 on localhost:11907 at 20:37:28.145
2022-05-10 20:42:06 INFO::After iteration 9, gene prior 0.00779671567134441:, SNP prior:0.00312915831455282
2022-05-10 20:42:06 INFO::run iteration 10
starting worker pid=43188 on localhost:11907 at 20:42:07.184
starting worker pid=43201 on localhost:11907 at 20:42:07.660
starting worker pid=43215 on localhost:11907 at 20:42:08.157
starting worker pid=43228 on localhost:11907 at 20:42:08.635
starting worker pid=43241 on localhost:11907 at 20:42:09.113
starting worker pid=43255 on localhost:11907 at 20:42:09.589
starting worker pid=43268 on localhost:11907 at 20:42:10.069
starting worker pid=43282 on localhost:11907 at 20:42:10.544
starting worker pid=43295 on localhost:11907 at 20:42:11.024
starting worker pid=43308 on localhost:11907 at 20:42:11.505
2022-05-10 20:46:51 INFO::After iteration 10, gene prior 0.00783188024117968:, SNP prior:0.00312846231144013
2022-05-10 20:46:51 INFO::run iteration 11
starting worker pid=44125 on localhost:11907 at 20:46:51.913
starting worker pid=44138 on localhost:11907 at 20:46:52.406
starting worker pid=44152 on localhost:11907 at 20:46:52.895
starting worker pid=44165 on localhost:11907 at 20:46:53.385
starting worker pid=44179 on localhost:11907 at 20:46:53.866
starting worker pid=44192 on localhost:11907 at 20:46:54.345
starting worker pid=44205 on localhost:11907 at 20:46:54.824
starting worker pid=44219 on localhost:11907 at 20:46:55.306
starting worker pid=44232 on localhost:11907 at 20:46:55.788
starting worker pid=44245 on localhost:11907 at 20:46:56.264
2022-05-10 20:51:35 INFO::After iteration 11, gene prior 0.00785836216589044:, SNP prior:0.00312777392903396
2022-05-10 20:51:36 INFO::run iteration 12
starting worker pid=44803 on localhost:11907 at 20:51:36.598
starting worker pid=44816 on localhost:11907 at 20:51:37.091
starting worker pid=44830 on localhost:11907 at 20:51:37.585
starting worker pid=44843 on localhost:11907 at 20:51:38.072
starting worker pid=44857 on localhost:11907 at 20:51:38.543
starting worker pid=44870 on localhost:11907 at 20:51:39.014
starting worker pid=44883 on localhost:11907 at 20:51:39.485
starting worker pid=44897 on localhost:11907 at 20:51:39.952
starting worker pid=44910 on localhost:11907 at 20:51:40.423
starting worker pid=44923 on localhost:11907 at 20:51:40.898
2022-05-10 20:56:19 INFO::After iteration 12, gene prior 0.00787848855118508:, SNP prior:0.00312718350016981
2022-05-10 20:56:20 INFO::run iteration 13
starting worker pid=45242 on localhost:11907 at 20:56:20.514
starting worker pid=45255 on localhost:11907 at 20:56:21.004
starting worker pid=45268 on localhost:11907 at 20:56:21.492
starting worker pid=45282 on localhost:11907 at 20:56:21.960
starting worker pid=45295 on localhost:11907 at 20:56:22.436
starting worker pid=45308 on localhost:11907 at 20:56:22.911
starting worker pid=45322 on localhost:11907 at 20:56:23.388
starting worker pid=45335 on localhost:11907 at 20:56:23.874
starting worker pid=45349 on localhost:11907 at 20:56:24.353
starting worker pid=45362 on localhost:11907 at 20:56:24.826
2022-05-10 21:01:03 INFO::After iteration 13, gene prior 0.00789386500346472:, SNP prior:0.00312670505459046
2022-05-10 21:01:03 INFO::run iteration 14
starting worker pid=45679 on localhost:11907 at 21:01:04.200
starting worker pid=45694 on localhost:11907 at 21:01:04.719
starting worker pid=45707 on localhost:11907 at 21:01:05.230
starting worker pid=45721 on localhost:11907 at 21:01:05.716
starting worker pid=45734 on localhost:11907 at 21:01:06.197
starting worker pid=45748 on localhost:11907 at 21:01:06.674
starting worker pid=45761 on localhost:11907 at 21:01:07.155
starting worker pid=45774 on localhost:11907 at 21:01:07.636
starting worker pid=45788 on localhost:11907 at 21:01:08.112
starting worker pid=45801 on localhost:11907 at 21:01:08.595
2022-05-10 21:05:49 INFO::After iteration 14, gene prior 0.00790564720708263:, SNP prior:0.00312632737170322
2022-05-10 21:05:49 INFO::run iteration 15
starting worker pid=46123 on localhost:11907 at 21:05:49.655
starting worker pid=46138 on localhost:11907 at 21:05:50.114
starting worker pid=46151 on localhost:11907 at 21:05:50.603
starting worker pid=46165 on localhost:11907 at 21:05:51.077
starting worker pid=46178 on localhost:11907 at 21:05:51.553
starting worker pid=46191 on localhost:11907 at 21:05:52.026
starting worker pid=46205 on localhost:11907 at 21:05:52.504
starting worker pid=46218 on localhost:11907 at 21:05:52.981
starting worker pid=46231 on localhost:11907 at 21:05:53.455
starting worker pid=46245 on localhost:11907 at 21:05:53.945
2022-05-10 21:10:34 INFO::After iteration 15, gene prior 0.0079146900256553:, SNP prior:0.00312603302684884
2022-05-10 21:10:35 INFO::run iteration 16
starting worker pid=46565 on localhost:11907 at 21:10:35.508
starting worker pid=46579 on localhost:11907 at 21:10:36.025
starting worker pid=46592 on localhost:11907 at 21:10:36.534
starting worker pid=46606 on localhost:11907 at 21:10:37.023
starting worker pid=46619 on localhost:11907 at 21:10:37.511
starting worker pid=46632 on localhost:11907 at 21:10:37.996
starting worker pid=46646 on localhost:11907 at 21:10:38.475
starting worker pid=46659 on localhost:11907 at 21:10:38.953
starting worker pid=46673 on localhost:11907 at 21:10:39.441
starting worker pid=46686 on localhost:11907 at 21:10:39.919
2022-05-10 21:15:20 INFO::After iteration 16, gene prior 0.00792163648835262:, SNP prior:0.00312580511098871
2022-05-10 21:15:20 INFO::run iteration 17
starting worker pid=47002 on localhost:11907 at 21:15:21.113
starting worker pid=47016 on localhost:11907 at 21:15:21.599
starting worker pid=47029 on localhost:11907 at 21:15:22.115
starting worker pid=47043 on localhost:11907 at 21:15:22.604
starting worker pid=47057 on localhost:11907 at 21:15:23.077
starting worker pid=47071 on localhost:11907 at 21:15:23.558
starting worker pid=47084 on localhost:11907 at 21:15:24.032
starting worker pid=47097 on localhost:11907 at 21:15:24.504
starting worker pid=47111 on localhost:11907 at 21:15:24.982
starting worker pid=47124 on localhost:11907 at 21:15:25.463
2022-05-10 21:20:01 INFO::After iteration 17, gene prior 0.00792697506034876:, SNP prior:0.00312562921909683
2022-05-10 21:20:01 INFO::run iteration 18
starting worker pid=48161 on localhost:11907 at 21:20:01.943
starting worker pid=48175 on localhost:11907 at 21:20:02.410
starting worker pid=48188 on localhost:11907 at 21:20:02.903
starting worker pid=48202 on localhost:11907 at 21:20:03.413
starting worker pid=48215 on localhost:11907 at 21:20:03.883
starting worker pid=48229 on localhost:11907 at 21:20:04.362
starting worker pid=48242 on localhost:11907 at 21:20:04.864
starting worker pid=48255 on localhost:11907 at 21:20:05.344
starting worker pid=48269 on localhost:11907 at 21:20:05.826
starting worker pid=48282 on localhost:11907 at 21:20:06.273
2022-05-10 21:24:45 INFO::After iteration 18, gene prior 0.00793107887992933:, SNP prior:0.00312549371212527
2022-05-10 21:24:46 INFO::run iteration 19
starting worker pid=48596 on localhost:11907 at 21:24:46.608
starting worker pid=48610 on localhost:11907 at 21:24:47.086
starting worker pid=48623 on localhost:11907 at 21:24:47.549
starting worker pid=48637 on localhost:11907 at 21:24:48.020
starting worker pid=48650 on localhost:11907 at 21:24:48.485
starting worker pid=48663 on localhost:11907 at 21:24:48.951
starting worker pid=48678 on localhost:11907 at 21:24:49.400
starting worker pid=48691 on localhost:11907 at 21:24:49.883
starting worker pid=48705 on localhost:11907 at 21:24:50.341
starting worker pid=48718 on localhost:11907 at 21:24:50.813
2022-05-10 21:29:29 INFO::After iteration 19, gene prior 0.00793423387858791:, SNP prior:0.00312538941382896
2022-05-10 21:29:29 INFO::run iteration 20
starting worker pid=48968 on localhost:11907 at 21:29:29.922
starting worker pid=48981 on localhost:11907 at 21:29:30.433
starting worker pid=48994 on localhost:11907 at 21:29:30.943
starting worker pid=49008 on localhost:11907 at 21:29:31.424
starting worker pid=49021 on localhost:11907 at 21:29:31.905
starting worker pid=49035 on localhost:11907 at 21:29:32.381
starting worker pid=49048 on localhost:11907 at 21:29:32.855
starting worker pid=49061 on localhost:11907 at 21:29:33.332
starting worker pid=49075 on localhost:11907 at 21:29:33.811
starting worker pid=49088 on localhost:11907 at 21:29:34.284
2022-05-10 21:34:13 INFO::After iteration 20, gene prior 0.0079366595354006:, SNP prior:0.00312530917641672
2022-05-10 21:34:13 INFO::run iteration 21
starting worker pid=49403 on localhost:11907 at 21:34:13.681
starting worker pid=49416 on localhost:11907 at 21:34:14.179
starting worker pid=49429 on localhost:11907 at 21:34:14.674
starting worker pid=49443 on localhost:11907 at 21:34:15.167
starting worker pid=49456 on localhost:11907 at 21:34:15.644
starting worker pid=49470 on localhost:11907 at 21:34:16.127
starting worker pid=49483 on localhost:11907 at 21:34:16.604
starting worker pid=49496 on localhost:11907 at 21:34:17.083
starting worker pid=49510 on localhost:11907 at 21:34:17.563
starting worker pid=49523 on localhost:11907 at 21:34:18.036
2022-05-10 21:38:56 INFO::After iteration 21, gene prior 0.00793852447306573:, SNP prior:0.00312524746615041
2022-05-10 21:38:56 INFO::run iteration 22
starting worker pid=49840 on localhost:11907 at 21:38:56.862
starting worker pid=49853 on localhost:11907 at 21:38:57.330
starting worker pid=49866 on localhost:11907 at 21:38:57.824
starting worker pid=49881 on localhost:11907 at 21:38:58.304
starting worker pid=49895 on localhost:11907 at 21:38:58.783
starting worker pid=49908 on localhost:11907 at 21:38:59.266
starting worker pid=49922 on localhost:11907 at 21:38:59.746
starting worker pid=49935 on localhost:11907 at 21:39:00.224
starting worker pid=49949 on localhost:11907 at 21:39:00.681
starting worker pid=49963 on localhost:11907 at 21:39:01.173
2022-05-10 21:43:42 INFO::After iteration 22, gene prior 0.00793995830157714:, SNP prior:0.00312520001244904
2022-05-10 21:43:42 INFO::run iteration 23
starting worker pid=50280 on localhost:11907 at 21:43:42.655
starting worker pid=50294 on localhost:11907 at 21:43:43.165
starting worker pid=50307 on localhost:11907 at 21:43:43.661
starting worker pid=50321 on localhost:11907 at 21:43:44.153
starting worker pid=50334 on localhost:11907 at 21:43:44.630
starting worker pid=50348 on localhost:11907 at 21:43:45.106
starting worker pid=50361 on localhost:11907 at 21:43:45.588
starting worker pid=50374 on localhost:11907 at 21:43:46.074
starting worker pid=50388 on localhost:11907 at 21:43:46.553
starting worker pid=50401 on localhost:11907 at 21:43:47.036
2022-05-10 21:48:26 INFO::After iteration 23, gene prior 0.0079410606660341:, SNP prior:0.00312516352506769
2022-05-10 21:48:26 INFO::run iteration 24
starting worker pid=51219 on localhost:11907 at 21:48:27.443
starting worker pid=51232 on localhost:11907 at 21:48:27.912
starting worker pid=51245 on localhost:11907 at 21:48:28.377
starting worker pid=51259 on localhost:11907 at 21:48:28.843
starting worker pid=51272 on localhost:11907 at 21:48:29.326
starting worker pid=51286 on localhost:11907 at 21:48:29.803
starting worker pid=51299 on localhost:11907 at 21:48:30.283
starting worker pid=51312 on localhost:11907 at 21:48:30.733
starting worker pid=51326 on localhost:11907 at 21:48:31.213
starting worker pid=51339 on localhost:11907 at 21:48:31.687
2022-05-10 21:53:10 INFO::After iteration 24, gene prior 0.00794190818127819:, SNP prior:0.00312513547133827
2022-05-10 21:53:10 INFO::run iteration 25
starting worker pid=51908 on localhost:11907 at 21:53:11.294
starting worker pid=51921 on localhost:11907 at 21:53:11.740
starting worker pid=51935 on localhost:11907 at 21:53:12.212
starting worker pid=51948 on localhost:11907 at 21:53:12.687
starting worker pid=51961 on localhost:11907 at 21:53:13.169
starting worker pid=51975 on localhost:11907 at 21:53:13.644
starting worker pid=51988 on localhost:11907 at 21:53:14.123
starting worker pid=52002 on localhost:11907 at 21:53:14.603
starting worker pid=52015 on localhost:11907 at 21:53:15.083
starting worker pid=52028 on localhost:11907 at 21:53:15.557
2022-05-10 21:57:54 INFO::After iteration 25, gene prior 0.00794255975622104:, SNP prior:0.00312511390270613
2022-05-10 21:57:55 INFO::run iteration 26
starting worker pid=52351 on localhost:11907 at 21:57:55.635
starting worker pid=52364 on localhost:11907 at 21:57:56.153
starting worker pid=52377 on localhost:11907 at 21:57:56.664
starting worker pid=52391 on localhost:11907 at 21:57:57.168
starting worker pid=52404 on localhost:11907 at 21:57:57.644
starting worker pid=52418 on localhost:11907 at 21:57:58.124
starting worker pid=52431 on localhost:11907 at 21:57:58.603
starting worker pid=52444 on localhost:11907 at 21:57:59.076
starting worker pid=52458 on localhost:11907 at 21:57:59.556
starting worker pid=52471 on localhost:11907 at 21:58:00.033
2022-05-10 22:02:39 INFO::After iteration 26, gene prior 0.00794306068547901:, SNP prior:0.00312509732043883
2022-05-10 22:02:39 INFO::run iteration 27
starting worker pid=52790 on localhost:11907 at 22:02:39.730
starting worker pid=52804 on localhost:11907 at 22:02:40.201
starting worker pid=52817 on localhost:11907 at 22:02:40.685
starting worker pid=52831 on localhost:11907 at 22:02:41.164
starting worker pid=52844 on localhost:11907 at 22:02:41.653
starting worker pid=52857 on localhost:11907 at 22:02:42.138
starting worker pid=52871 on localhost:11907 at 22:02:42.616
starting worker pid=52884 on localhost:11907 at 22:02:43.094
starting worker pid=52898 on localhost:11907 at 22:02:43.573
starting worker pid=52911 on localhost:11907 at 22:02:44.054
2022-05-10 22:07:24 INFO::After iteration 27, gene prior 0.00794344579507519:, SNP prior:0.00312508457197766
2022-05-10 22:07:24 INFO::run iteration 28
starting worker pid=53414 on localhost:11907 at 22:07:24.784
starting worker pid=53428 on localhost:11907 at 22:07:25.250
starting worker pid=53441 on localhost:11907 at 22:07:25.737
starting worker pid=53455 on localhost:11907 at 22:07:26.209
starting worker pid=53468 on localhost:11907 at 22:07:26.691
starting worker pid=53482 on localhost:11907 at 22:07:27.168
starting worker pid=53495 on localhost:11907 at 22:07:27.645
starting worker pid=53508 on localhost:11907 at 22:07:28.123
starting worker pid=53522 on localhost:11907 at 22:07:28.601
starting worker pid=53535 on localhost:11907 at 22:07:29.103
2022-05-10 22:12:07 INFO::After iteration 28, gene prior 0.00794374186134524:, SNP prior:0.00312507477107072
2022-05-10 22:12:07 INFO::run iteration 29
starting worker pid=53870 on localhost:11907 at 22:12:08.044
starting worker pid=53883 on localhost:11907 at 22:12:08.540
starting worker pid=53898 on localhost:11907 at 22:12:09.008
starting worker pid=53951 on localhost:11907 at 22:12:09.470
starting worker pid=53965 on localhost:11907 at 22:12:09.986
starting worker pid=53981 on localhost:11907 at 22:12:10.474
starting worker pid=53994 on localhost:11907 at 22:12:10.922
starting worker pid=54008 on localhost:11907 at 22:12:11.397
starting worker pid=54021 on localhost:11907 at 22:12:11.884
starting worker pid=54034 on localhost:11907 at 22:12:12.363
2022-05-10 22:16:52 INFO::After iteration 29, gene prior 0.00794396947107621:, SNP prior:0.00312506723628629
2022-05-10 22:16:52 INFO::run iteration 30
starting worker pid=54855 on localhost:11907 at 22:16:52.890
starting worker pid=54868 on localhost:11907 at 22:16:53.360
starting worker pid=54882 on localhost:11907 at 22:16:53.843
starting worker pid=54895 on localhost:11907 at 22:16:54.335
starting worker pid=54908 on localhost:11907 at 22:16:54.814
starting worker pid=54922 on localhost:11907 at 22:16:55.276
starting worker pid=54935 on localhost:11907 at 22:16:55.745
starting worker pid=54948 on localhost:11907 at 22:16:56.234
starting worker pid=54962 on localhost:11907 at 22:16:56.725
starting worker pid=54975 on localhost:11907 at 22:16:57.173
2022-05-10 22:21:35 INFO::After iteration 30, gene prior 0.00794414445194663:, SNP prior:0.00312506144370066
2022-05-10 22:21:35 INFO::Run susie for all regions.
2022-05-10 22:21:35 INFO::run iteration 1
starting worker pid=55522 on localhost:11907 at 22:21:35.840
starting worker pid=55536 on localhost:11907 at 22:21:36.332
starting worker pid=55549 on localhost:11907 at 22:21:36.826
starting worker pid=55563 on localhost:11907 at 22:21:37.306
starting worker pid=55576 on localhost:11907 at 22:21:37.784
starting worker pid=55589 on localhost:11907 at 22:21:38.263
starting worker pid=55604 on localhost:11907 at 22:21:38.737
starting worker pid=55617 on localhost:11907 at 22:21:39.218
starting worker pid=55631 on localhost:11907 at 22:21:39.695
starting worker pid=55644 on localhost:11907 at 22:21:40.175
2022-05-10 22:29:48 INFO::After iteration 1, gene prior 0.0239143577622346:, SNP prior:0.0110739642690435
2022-05-10 22:29:48 INFO::No. LD regions: 1700
2022-05-10 22:29:55 INFO::No. regions with at least one SNP/gene for chr1: 131
2022-05-10 22:29:55 INFO::Merge regions for chr1
2022-05-10 22:29:55 INFO::No. regions with at least one SNP/gene for chr1 after merging: 129
2022-05-10 22:30:02 INFO::No. regions with at least one SNP/gene for chr2: 143
2022-05-10 22:30:02 INFO::Merge regions for chr2
2022-05-10 22:30:02 INFO::No. regions with at least one SNP/gene for chr2 after merging: 143
2022-05-10 22:30:07 INFO::No. regions with at least one SNP/gene for chr3: 122
2022-05-10 22:30:07 INFO::Merge regions for chr3
2022-05-10 22:30:07 INFO::No. regions with at least one SNP/gene for chr3 after merging: 122
2022-05-10 22:30:13 INFO::No. regions with at least one SNP/gene for chr4: 122
2022-05-10 22:30:13 INFO::Merge regions for chr4
2022-05-10 22:30:13 INFO::No. regions with at least one SNP/gene for chr4 after merging: 122
2022-05-10 22:30:18 INFO::No. regions with at least one SNP/gene for chr5: 110
2022-05-10 22:30:18 INFO::Merge regions for chr5
2022-05-10 22:30:18 INFO::No. regions with at least one SNP/gene for chr5 after merging: 110
2022-05-10 22:30:23 INFO::No. regions with at least one SNP/gene for chr6: 112
2022-05-10 22:30:23 INFO::Merge regions for chr6
2022-05-10 22:30:23 INFO::No. regions with at least one SNP/gene for chr6 after merging: 112
2022-05-10 22:30:27 INFO::No. regions with at least one SNP/gene for chr7: 99
2022-05-10 22:30:27 INFO::Merge regions for chr7
2022-05-10 22:30:27 INFO::No. regions with at least one SNP/gene for chr7 after merging: 98
2022-05-10 22:30:30 INFO::No. regions with at least one SNP/gene for chr8: 92
2022-05-10 22:30:30 INFO::Merge regions for chr8
2022-05-10 22:30:30 INFO::No. regions with at least one SNP/gene for chr8 after merging: 92
2022-05-10 22:30:33 INFO::No. regions with at least one SNP/gene for chr9: 74
2022-05-10 22:30:33 INFO::Merge regions for chr9
2022-05-10 22:30:33 INFO::No. regions with at least one SNP/gene for chr9 after merging: 72
2022-05-10 22:30:36 INFO::No. regions with at least one SNP/gene for chr10: 85
2022-05-10 22:30:36 INFO::Merge regions for chr10
2022-05-10 22:30:36 INFO::No. regions with at least one SNP/gene for chr10 after merging: 85
2022-05-10 22:30:39 INFO::No. regions with at least one SNP/gene for chr11: 84
2022-05-10 22:30:39 INFO::Merge regions for chr11
2022-05-10 22:30:39 INFO::No. regions with at least one SNP/gene for chr11 after merging: 83
2022-05-10 22:30:42 INFO::No. regions with at least one SNP/gene for chr12: 82
2022-05-10 22:30:42 INFO::Merge regions for chr12
2022-05-10 22:30:42 INFO::No. regions with at least one SNP/gene for chr12 after merging: 82
2022-05-10 22:30:44 INFO::No. regions with at least one SNP/gene for chr13: 62
2022-05-10 22:30:44 INFO::Merge regions for chr13
2022-05-10 22:30:44 INFO::No. regions with at least one SNP/gene for chr13 after merging: 62
2022-05-10 22:30:46 INFO::No. regions with at least one SNP/gene for chr14: 56
2022-05-10 22:30:46 INFO::Merge regions for chr14
2022-05-10 22:30:46 INFO::No. regions with at least one SNP/gene for chr14 after merging: 56
2022-05-10 22:30:48 INFO::No. regions with at least one SNP/gene for chr15: 50
2022-05-10 22:30:48 INFO::Merge regions for chr15
2022-05-10 22:30:48 INFO::No. regions with at least one SNP/gene for chr15 after merging: 50
2022-05-10 22:30:50 INFO::No. regions with at least one SNP/gene for chr16: 50
2022-05-10 22:30:50 INFO::Merge regions for chr16
2022-05-10 22:30:50 INFO::No. regions with at least one SNP/gene for chr16 after merging: 50
2022-05-10 22:30:51 INFO::No. regions with at least one SNP/gene for chr17: 47
2022-05-10 22:30:51 INFO::Merge regions for chr17
2022-05-10 22:30:51 INFO::No. regions with at least one SNP/gene for chr17 after merging: 47
2022-05-10 22:30:54 INFO::No. regions with at least one SNP/gene for chr18: 47
2022-05-10 22:30:54 INFO::Merge regions for chr18
2022-05-10 22:30:54 INFO::No. regions with at least one SNP/gene for chr18 after merging: 47
2022-05-10 22:30:55 INFO::No. regions with at least one SNP/gene for chr19: 39
2022-05-10 22:30:55 INFO::Merge regions for chr19
2022-05-10 22:30:55 INFO::No. regions with at least one SNP/gene for chr19 after merging: 39
2022-05-10 22:30:56 INFO::No. regions with at least one SNP/gene for chr20: 38
2022-05-10 22:30:56 INFO::Merge regions for chr20
2022-05-10 22:30:56 INFO::No. regions with at least one SNP/gene for chr20 after merging: 38
2022-05-10 22:30:58 INFO::No. regions with at least one SNP/gene for chr21: 15
2022-05-10 22:30:58 INFO::Merge regions for chr21
2022-05-10 22:30:58 INFO::No. regions with at least one SNP/gene for chr21 after merging: 15
2022-05-10 22:30:59 INFO::No. regions with at least one SNP/gene for chr22: 24
2022-05-10 22:30:59 INFO::Merge regions for chr22
2022-05-10 22:30:59 INFO::No. regions with at least one SNP/gene for chr22 after merging: 24
2022-05-10 22:30:59 INFO::Trim regions with SNPs more than 20000
2022-05-10 22:30:59 INFO::Adding R matrix info, as genotype is not given
2022-05-10 22:31:00 INFO::Adding R matrix info for chrom 1
2022-05-10 22:43:41 INFO::Adding R matrix info for chrom 2
2022-05-10 22:55:43 INFO::Adding R matrix info for chrom 3
2022-05-10 23:04:44 INFO::Adding R matrix info for chrom 4
2022-05-10 23:13:34 INFO::Adding R matrix info for chrom 5
2022-05-10 23:21:29 INFO::Adding R matrix info for chrom 6
2022-05-10 23:31:01 INFO::Adding R matrix info for chrom 7
2022-05-10 23:40:09 INFO::Adding R matrix info for chrom 8
2022-05-10 23:47:26 INFO::Adding R matrix info for chrom 9
2022-05-10 23:54:30 INFO::Adding R matrix info for chrom 10
2022-05-11 00:02:01 INFO::Adding R matrix info for chrom 11
2022-05-11 00:10:18 INFO::Adding R matrix info for chrom 12
2022-05-11 00:17:54 INFO::Adding R matrix info for chrom 13
2022-05-11 00:22:28 INFO::Adding R matrix info for chrom 14
2022-05-11 00:27:29 INFO::Adding R matrix info for chrom 15
2022-05-11 00:31:43 INFO::Adding R matrix info for chrom 16
2022-05-11 00:36:08 INFO::Adding R matrix info for chrom 17
2022-05-11 00:42:09 INFO::Adding R matrix info for chrom 18
2022-05-11 00:45:51 INFO::Adding R matrix info for chrom 19
2022-05-11 00:52:16 INFO::Adding R matrix info for chrom 20
2022-05-11 00:56:07 INFO::Adding R matrix info for chrom 21
2022-05-11 00:56:56 INFO::Adding R matrix info for chrom 22
2022-05-11 01:01:30 INFO::Number of regions that contains strong gene signals: 6
2022-05-11 01:01:30 INFO::Rerun susie for regions with strong gene signals using full SNPs.
2022-05-11 01:01:30 INFO::run iteration 1
starting worker pid=12743 on localhost:11907 at 01:01:32.305
2022-05-11 01:02:59 INFO::After iteration 1, gene prior 0.0573824774656543:, SNP prior:0.00118171370996622
$group_prior
[1] 0.0079441445 0.0003125061

$group_prior_var
[1] 13.19940 10.19445

R version 3.6.1 (2019-07-05)
Platform: x86_64-pc-linux-gnu (64-bit)
Running under: Scientific Linux 7.4 (Nitrogen)

Matrix products: default
BLAS/LAPACK: /software/openblas-0.2.19-el7-x86_64/lib/libopenblas_haswellp-r0.2.19.so

locale:
[1] C

attached base packages:
[1] stats     graphics  grDevices utils     datasets  methods   base     

other attached packages:
[1] data.table_1.14.2 ctwas_0.1.32     

loaded via a namespace (and not attached):
 [1] Rcpp_1.0.8        magrittr_2.0.2    pgenlibr_0.3.1    hms_1.1.1        
 [5] doParallel_1.0.17 bit_4.0.4         lattice_0.20-38   R6_2.5.1         
 [9] rlang_1.0.1       fastmap_1.1.0     foreach_1.5.2     fansi_1.0.2      
[13] blob_1.2.2        tools_3.6.1       parallel_3.6.1    grid_3.6.1       
[17] logging_0.10-108  utf8_1.2.2        cli_3.1.0         DBI_1.1.2        
[21] iterators_1.0.14  ellipsis_0.3.2    bit64_4.0.5       tibble_3.1.6     
[25] lifecycle_1.0.1   crayon_1.5.0      Matrix_1.2-18     tzdb_0.2.0       
[29] readr_2.1.1       vctrs_0.3.8       codetools_0.2-16  memoise_2.0.1    
[33] cachem_1.0.6      RSQLite_2.2.8     pillar_1.6.4      compiler_3.6.1   
[37] pkgconfig_2.0.3  
