[1] "/project2/xinhe/shengqian/cTWAS/cTWAS_analysis/data/scz_2018.RDS"                                   
[2] "/project2/mstephens/wcrouse/UKB_LDR_0.1"                                                            
[3] "/project2/xinhe/shengqian/cTWAS/cTWAS_analysis/data/mashr_sqtl/sqtl/mashr/mashr_Brain_Cerebellum.db"
[4] "/project2/xinhe/shengqian/cTWAS/cTWAS_analysis/code/ctwas_config.R"                                 
[5] "SCZ_Brain_Cerebellum_expr"                                                                          
[6] "SCZ_Brain_Cerebellum_ctwas"                                                                         
[7] "/project2/xinhe/shengqian/cTWAS/cTWAS_analysis/data/SCZ_2018_S/Brain_Cerebellum"                    
2022-05-10 13:03:14 INFO::Flipping z scores to match LD reference
2022-05-10 13:03:17 INFO::Reading weights for chromosome 1
2022-05-10 13:03:19 INFO::Number of genes with weights provided: 40747
2022-05-10 13:03:19 INFO::Collecting gene weight information ...
2022-05-10 13:03:19 INFO::Flipping weights to match LD reference
2022-05-10 13:03:19 INFO::Harmonizing strand ambiguous weights using correlations with unambiguous variants
2022-05-10 13:21:15 INFO::Start gene z score imputation ...
2022-05-10 13:21:15 INFO::Using given LD matrices to impute gene z score.
2022-05-10 13:32:31 INFO::Imputation done, writing results to output...
2022-05-10 13:32:31 INFO::Imputation done: number of genes with imputed expression: 2535 for chr 1
2022-05-10 13:32:32 INFO::Flipping z scores to match LD reference
2022-05-10 13:32:33 INFO::Reading weights for chromosome 2
2022-05-10 13:32:33 INFO::Number of genes with weights provided: 40747
2022-05-10 13:32:33 INFO::Collecting gene weight information ...
2022-05-10 13:32:33 INFO::Flipping weights to match LD reference
2022-05-10 13:32:33 INFO::Harmonizing strand ambiguous weights using correlations with unambiguous variants
2022-05-10 13:45:15 INFO::Start gene z score imputation ...
2022-05-10 13:45:15 INFO::Using given LD matrices to impute gene z score.
2022-05-10 13:55:07 INFO::Imputation done, writing results to output...
2022-05-10 13:55:07 INFO::Imputation done: number of genes with imputed expression: 1830 for chr 2
2022-05-10 13:55:08 INFO::Flipping z scores to match LD reference
2022-05-10 13:55:09 INFO::Reading weights for chromosome 3
2022-05-10 13:55:09 INFO::Number of genes with weights provided: 40747
2022-05-10 13:55:09 INFO::Collecting gene weight information ...
2022-05-10 13:55:09 INFO::Flipping weights to match LD reference
2022-05-10 13:55:09 INFO::Harmonizing strand ambiguous weights using correlations with unambiguous variants
2022-05-10 14:05:55 INFO::Start gene z score imputation ...
2022-05-10 14:05:55 INFO::Using given LD matrices to impute gene z score.
2022-05-10 14:13:48 INFO::Imputation done, writing results to output...
2022-05-10 14:13:48 INFO::Imputation done: number of genes with imputed expression: 1661 for chr 3
2022-05-10 14:13:49 INFO::Flipping z scores to match LD reference
2022-05-10 14:13:50 INFO::Reading weights for chromosome 4
2022-05-10 14:13:50 INFO::Number of genes with weights provided: 40747
2022-05-10 14:13:50 INFO::Collecting gene weight information ...
2022-05-10 14:13:50 INFO::Flipping weights to match LD reference
2022-05-10 14:13:50 INFO::Harmonizing strand ambiguous weights using correlations with unambiguous variants
2022-05-10 14:21:45 INFO::Start gene z score imputation ...
2022-05-10 14:21:45 INFO::Using given LD matrices to impute gene z score.
2022-05-10 14:28:14 INFO::Imputation done, writing results to output...
2022-05-10 14:28:14 INFO::Imputation done: number of genes with imputed expression: 982 for chr 4
2022-05-10 14:28:15 INFO::Flipping z scores to match LD reference
2022-05-10 14:28:16 INFO::Reading weights for chromosome 5
2022-05-10 14:28:16 INFO::Number of genes with weights provided: 40747
2022-05-10 14:28:16 INFO::Collecting gene weight information ...
2022-05-10 14:28:16 INFO::Flipping weights to match LD reference
2022-05-10 14:28:16 INFO::Harmonizing strand ambiguous weights using correlations with unambiguous variants
2022-05-10 14:36:56 INFO::Start gene z score imputation ...
2022-05-10 14:36:56 INFO::Using given LD matrices to impute gene z score.
2022-05-10 14:43:15 INFO::Imputation done, writing results to output...
2022-05-10 14:43:15 INFO::Imputation done: number of genes with imputed expression: 1135 for chr 5
2022-05-10 14:43:16 INFO::Flipping z scores to match LD reference
2022-05-10 14:43:18 INFO::Reading weights for chromosome 6
2022-05-10 14:43:18 INFO::Number of genes with weights provided: 40747
2022-05-10 14:43:18 INFO::Collecting gene weight information ...
2022-05-10 14:43:18 INFO::Flipping weights to match LD reference
2022-05-10 14:43:18 INFO::Harmonizing strand ambiguous weights using correlations with unambiguous variants
2022-05-10 14:58:08 INFO::Start gene z score imputation ...
2022-05-10 14:58:08 INFO::Using given LD matrices to impute gene z score.
2022-05-10 15:07:33 INFO::Imputation done, writing results to output...
2022-05-10 15:07:33 INFO::Imputation done: number of genes with imputed expression: 1371 for chr 6
2022-05-10 15:07:33 INFO::Flipping z scores to match LD reference
2022-05-10 15:07:34 INFO::Reading weights for chromosome 7
2022-05-10 15:07:34 INFO::Number of genes with weights provided: 40747
2022-05-10 15:07:34 INFO::Collecting gene weight information ...
2022-05-10 15:07:34 INFO::Flipping weights to match LD reference
2022-05-10 15:07:34 INFO::Harmonizing strand ambiguous weights using correlations with unambiguous variants
2022-05-10 15:19:12 INFO::Start gene z score imputation ...
2022-05-10 15:19:12 INFO::Using given LD matrices to impute gene z score.
2022-05-10 15:27:02 INFO::Imputation done, writing results to output...
2022-05-10 15:27:03 INFO::Imputation done: number of genes with imputed expression: 1536 for chr 7
2022-05-10 15:27:04 INFO::Flipping z scores to match LD reference
2022-05-10 15:27:05 INFO::Reading weights for chromosome 8
2022-05-10 15:27:05 INFO::Number of genes with weights provided: 40747
2022-05-10 15:27:05 INFO::Collecting gene weight information ...
2022-05-10 15:27:05 INFO::Flipping weights to match LD reference
2022-05-10 15:27:05 INFO::Harmonizing strand ambiguous weights using correlations with unambiguous variants
2022-05-10 15:33:36 INFO::Start gene z score imputation ...
2022-05-10 15:33:36 INFO::Using given LD matrices to impute gene z score.
2022-05-10 15:39:30 INFO::Imputation done, writing results to output...
2022-05-10 15:39:30 INFO::Imputation done: number of genes with imputed expression: 916 for chr 8
2022-05-10 15:39:31 INFO::Flipping z scores to match LD reference
2022-05-10 15:39:33 INFO::Reading weights for chromosome 9
2022-05-10 15:39:33 INFO::Number of genes with weights provided: 40747
2022-05-10 15:39:33 INFO::Collecting gene weight information ...
2022-05-10 15:39:33 INFO::Flipping weights to match LD reference
2022-05-10 15:39:33 INFO::Harmonizing strand ambiguous weights using correlations with unambiguous variants
2022-05-10 15:48:15 INFO::Start gene z score imputation ...
2022-05-10 15:48:15 INFO::Using given LD matrices to impute gene z score.
2022-05-10 15:53:50 INFO::Imputation done, writing results to output...
2022-05-10 15:53:50 INFO::Imputation done: number of genes with imputed expression: 1175 for chr 9
2022-05-10 15:53:51 INFO::Flipping z scores to match LD reference
2022-05-10 15:53:52 INFO::Reading weights for chromosome 10
2022-05-10 15:53:52 INFO::Number of genes with weights provided: 40747
2022-05-10 15:53:52 INFO::Collecting gene weight information ...
2022-05-10 15:53:52 INFO::Flipping weights to match LD reference
2022-05-10 15:53:52 INFO::Harmonizing strand ambiguous weights using correlations with unambiguous variants
2022-05-10 16:03:37 INFO::Start gene z score imputation ...
2022-05-10 16:03:37 INFO::Using given LD matrices to impute gene z score.
2022-05-10 16:10:31 INFO::Imputation done, writing results to output...
2022-05-10 16:10:31 INFO::Imputation done: number of genes with imputed expression: 1171 for chr 10
2022-05-10 16:10:32 INFO::Flipping z scores to match LD reference
2022-05-10 16:10:34 INFO::Reading weights for chromosome 11
2022-05-10 16:10:34 INFO::Number of genes with weights provided: 40747
2022-05-10 16:10:34 INFO::Collecting gene weight information ...
2022-05-10 16:10:34 INFO::Flipping weights to match LD reference
2022-05-10 16:10:34 INFO::Harmonizing strand ambiguous weights using correlations with unambiguous variants
2022-05-10 16:21:17 INFO::Start gene z score imputation ...
2022-05-10 16:21:17 INFO::Using given LD matrices to impute gene z score.
2022-05-10 16:28:29 INFO::Imputation done, writing results to output...
2022-05-10 16:28:29 INFO::Imputation done: number of genes with imputed expression: 1678 for chr 11
2022-05-10 16:28:30 INFO::Flipping z scores to match LD reference
2022-05-10 16:28:31 INFO::Reading weights for chromosome 12
2022-05-10 16:28:31 INFO::Number of genes with weights provided: 40747
2022-05-10 16:28:31 INFO::Collecting gene weight information ...
2022-05-10 16:28:31 INFO::Flipping weights to match LD reference
2022-05-10 16:28:31 INFO::Harmonizing strand ambiguous weights using correlations with unambiguous variants
2022-05-10 16:38:22 INFO::Start gene z score imputation ...
2022-05-10 16:38:22 INFO::Using given LD matrices to impute gene z score.
2022-05-10 16:45:43 INFO::Imputation done, writing results to output...
2022-05-10 16:45:43 INFO::Imputation done: number of genes with imputed expression: 1471 for chr 12
2022-05-10 16:45:44 INFO::Flipping z scores to match LD reference
2022-05-10 16:45:45 INFO::Reading weights for chromosome 13
2022-05-10 16:45:45 INFO::Number of genes with weights provided: 40747
2022-05-10 16:45:45 INFO::Collecting gene weight information ...
2022-05-10 16:45:45 INFO::Flipping weights to match LD reference
2022-05-10 16:45:45 INFO::Harmonizing strand ambiguous weights using correlations with unambiguous variants
2022-05-10 16:50:34 INFO::Start gene z score imputation ...
2022-05-10 16:50:34 INFO::Using given LD matrices to impute gene z score.
2022-05-10 16:54:01 INFO::Imputation done, writing results to output...
2022-05-10 16:54:01 INFO::Imputation done: number of genes with imputed expression: 543 for chr 13
2022-05-10 16:54:02 INFO::Flipping z scores to match LD reference
2022-05-10 16:54:03 INFO::Reading weights for chromosome 14
2022-05-10 16:54:03 INFO::Number of genes with weights provided: 40747
2022-05-10 16:54:03 INFO::Collecting gene weight information ...
2022-05-10 16:54:03 INFO::Flipping weights to match LD reference
2022-05-10 16:54:03 INFO::Harmonizing strand ambiguous weights using correlations with unambiguous variants
2022-05-10 17:01:48 INFO::Start gene z score imputation ...
2022-05-10 17:01:48 INFO::Using given LD matrices to impute gene z score.
2022-05-10 17:06:32 INFO::Imputation done, writing results to output...
2022-05-10 17:06:32 INFO::Imputation done: number of genes with imputed expression: 971 for chr 14
2022-05-10 17:06:33 INFO::Flipping z scores to match LD reference
2022-05-10 17:06:34 INFO::Reading weights for chromosome 15
2022-05-10 17:06:34 INFO::Number of genes with weights provided: 40747
2022-05-10 17:06:34 INFO::Collecting gene weight information ...
2022-05-10 17:06:34 INFO::Flipping weights to match LD reference
2022-05-10 17:06:34 INFO::Harmonizing strand ambiguous weights using correlations with unambiguous variants
2022-05-10 17:13:32 INFO::Start gene z score imputation ...
2022-05-10 17:13:32 INFO::Using given LD matrices to impute gene z score.
2022-05-10 17:17:35 INFO::Imputation done, writing results to output...
2022-05-10 17:17:36 INFO::Imputation done: number of genes with imputed expression: 987 for chr 15
2022-05-10 17:17:36 INFO::Flipping z scores to match LD reference
2022-05-10 17:17:37 INFO::Reading weights for chromosome 16
2022-05-10 17:17:37 INFO::Number of genes with weights provided: 40747
2022-05-10 17:17:37 INFO::Collecting gene weight information ...
2022-05-10 17:17:37 INFO::Flipping weights to match LD reference
2022-05-10 17:17:37 INFO::Harmonizing strand ambiguous weights using correlations with unambiguous variants
2022-05-10 17:27:23 INFO::Start gene z score imputation ...
2022-05-10 17:27:23 INFO::Using given LD matrices to impute gene z score.
2022-05-10 17:31:57 INFO::Imputation done, writing results to output...
2022-05-10 17:31:57 INFO::Imputation done: number of genes with imputed expression: 1200 for chr 16
2022-05-10 17:31:59 INFO::Flipping z scores to match LD reference
2022-05-10 17:32:00 INFO::Reading weights for chromosome 17
2022-05-10 17:32:00 INFO::Number of genes with weights provided: 40747
2022-05-10 17:32:00 INFO::Collecting gene weight information ...
2022-05-10 17:32:00 INFO::Flipping weights to match LD reference
2022-05-10 17:32:00 INFO::Harmonizing strand ambiguous weights using correlations with unambiguous variants
2022-05-10 17:44:01 INFO::Start gene z score imputation ...
2022-05-10 17:44:01 INFO::Using given LD matrices to impute gene z score.
2022-05-10 17:51:03 INFO::Imputation done, writing results to output...
2022-05-10 17:51:04 INFO::Imputation done: number of genes with imputed expression: 1981 for chr 17
2022-05-10 17:51:04 INFO::Flipping z scores to match LD reference
2022-05-10 17:51:05 INFO::Reading weights for chromosome 18
2022-05-10 17:51:05 INFO::Number of genes with weights provided: 40747
2022-05-10 17:51:05 INFO::Collecting gene weight information ...
2022-05-10 17:51:05 INFO::Flipping weights to match LD reference
2022-05-10 17:51:05 INFO::Harmonizing strand ambiguous weights using correlations with unambiguous variants
2022-05-10 17:54:21 INFO::Start gene z score imputation ...
2022-05-10 17:54:21 INFO::Using given LD matrices to impute gene z score.
2022-05-10 17:57:36 INFO::Imputation done, writing results to output...
2022-05-10 17:57:36 INFO::Imputation done: number of genes with imputed expression: 337 for chr 18
2022-05-10 17:57:37 INFO::Flipping z scores to match LD reference
2022-05-10 17:57:38 INFO::Reading weights for chromosome 19
2022-05-10 17:57:38 INFO::Number of genes with weights provided: 40747
2022-05-10 17:57:38 INFO::Collecting gene weight information ...
2022-05-10 17:57:38 INFO::Flipping weights to match LD reference
2022-05-10 17:57:38 INFO::Harmonizing strand ambiguous weights using correlations with unambiguous variants
2022-05-10 18:11:34 INFO::Start gene z score imputation ...
2022-05-10 18:11:34 INFO::Using given LD matrices to impute gene z score.
2022-05-10 18:18:05 INFO::Imputation done, writing results to output...
2022-05-10 18:18:05 INFO::Imputation done: number of genes with imputed expression: 2002 for chr 19
2022-05-10 18:18:05 INFO::Flipping z scores to match LD reference
2022-05-10 18:18:06 INFO::Reading weights for chromosome 20
2022-05-10 18:18:06 INFO::Number of genes with weights provided: 40747
2022-05-10 18:18:06 INFO::Collecting gene weight information ...
2022-05-10 18:18:06 INFO::Flipping weights to match LD reference
2022-05-10 18:18:06 INFO::Harmonizing strand ambiguous weights using correlations with unambiguous variants
2022-05-10 18:24:18 INFO::Start gene z score imputation ...
2022-05-10 18:24:18 INFO::Using given LD matrices to impute gene z score.
2022-05-10 18:28:32 INFO::Imputation done, writing results to output...
2022-05-10 18:28:33 INFO::Imputation done: number of genes with imputed expression: 917 for chr 20
2022-05-10 18:28:33 INFO::Flipping z scores to match LD reference
2022-05-10 18:28:35 INFO::Reading weights for chromosome 21
2022-05-10 18:28:35 INFO::Number of genes with weights provided: 40747
2022-05-10 18:28:35 INFO::Collecting gene weight information ...
2022-05-10 18:28:35 INFO::Flipping weights to match LD reference
2022-05-10 18:28:35 INFO::Harmonizing strand ambiguous weights using correlations with unambiguous variants
2022-05-10 18:31:38 INFO::Start gene z score imputation ...
2022-05-10 18:31:38 INFO::Using given LD matrices to impute gene z score.
2022-05-10 18:32:08 INFO::Imputation done, writing results to output...
2022-05-10 18:32:08 INFO::Imputation done: number of genes with imputed expression: 48 for chr 21
2022-05-10 18:32:08 INFO::Flipping z scores to match LD reference
2022-05-10 18:32:10 INFO::Reading weights for chromosome 22
2022-05-10 18:32:10 INFO::Number of genes with weights provided: 40747
2022-05-10 18:32:10 INFO::Collecting gene weight information ...
2022-05-10 18:32:10 INFO::Flipping weights to match LD reference
2022-05-10 18:32:10 INFO::Harmonizing strand ambiguous weights using correlations with unambiguous variants
2022-05-10 18:39:55 INFO::Start gene z score imputation ...
2022-05-10 18:39:55 INFO::Using given LD matrices to impute gene z score.
2022-05-10 18:43:18 INFO::Imputation done, writing results to output...
2022-05-10 18:43:18 INFO::Imputation done: number of genes with imputed expression: 906 for chr 22
2022-05-10 18:43:39 INFO::ctwas started ...
2022-05-10 18:44:00 INFO::LD region file: /home/shengqian/R/x86_64-pc-linux-gnu-library/3.6/ctwas/extdata/ldetect/EUR.b38.bed
2022-05-10 18:44:13 INFO::No. LD regions: 1700
2022-05-10 18:44:19 INFO::No. regions with at least one SNP/gene for chr1: 131
2022-05-10 18:44:19 INFO::Merge regions for chr1
2022-05-10 18:44:19 INFO::No. regions with at least one SNP/gene for chr1 after merging: 128
2022-05-10 18:44:25 INFO::No. regions with at least one SNP/gene for chr2: 143
2022-05-10 18:44:25 INFO::Merge regions for chr2
2022-05-10 18:44:25 INFO::No. regions with at least one SNP/gene for chr2 after merging: 143
2022-05-10 18:44:30 INFO::No. regions with at least one SNP/gene for chr3: 122
2022-05-10 18:44:30 INFO::Merge regions for chr3
2022-05-10 18:44:30 INFO::No. regions with at least one SNP/gene for chr3 after merging: 122
2022-05-10 18:44:35 INFO::No. regions with at least one SNP/gene for chr4: 122
2022-05-10 18:44:35 INFO::Merge regions for chr4
2022-05-10 18:44:35 INFO::No. regions with at least one SNP/gene for chr4 after merging: 122
2022-05-10 18:44:40 INFO::No. regions with at least one SNP/gene for chr5: 110
2022-05-10 18:44:40 INFO::Merge regions for chr5
2022-05-10 18:44:40 INFO::No. regions with at least one SNP/gene for chr5 after merging: 110
2022-05-10 18:44:45 INFO::No. regions with at least one SNP/gene for chr6: 112
2022-05-10 18:44:45 INFO::Merge regions for chr6
2022-05-10 18:44:45 INFO::No. regions with at least one SNP/gene for chr6 after merging: 110
2022-05-10 18:44:48 INFO::No. regions with at least one SNP/gene for chr7: 99
2022-05-10 18:44:48 INFO::Merge regions for chr7
2022-05-10 18:44:48 INFO::No. regions with at least one SNP/gene for chr7 after merging: 98
2022-05-10 18:44:53 INFO::No. regions with at least one SNP/gene for chr8: 92
2022-05-10 18:44:53 INFO::Merge regions for chr8
2022-05-10 18:44:53 INFO::No. regions with at least one SNP/gene for chr8 after merging: 91
2022-05-10 18:44:55 INFO::No. regions with at least one SNP/gene for chr9: 74
2022-05-10 18:44:55 INFO::Merge regions for chr9
2022-05-10 18:44:55 INFO::No. regions with at least one SNP/gene for chr9 after merging: 74
2022-05-10 18:44:59 INFO::No. regions with at least one SNP/gene for chr10: 85
2022-05-10 18:44:59 INFO::Merge regions for chr10
2022-05-10 18:44:59 INFO::No. regions with at least one SNP/gene for chr10 after merging: 84
2022-05-10 18:45:02 INFO::No. regions with at least one SNP/gene for chr11: 84
2022-05-10 18:45:02 INFO::Merge regions for chr11
2022-05-10 18:45:02 INFO::No. regions with at least one SNP/gene for chr11 after merging: 84
2022-05-10 18:45:06 INFO::No. regions with at least one SNP/gene for chr12: 82
2022-05-10 18:45:06 INFO::Merge regions for chr12
2022-05-10 18:45:06 INFO::No. regions with at least one SNP/gene for chr12 after merging: 82
2022-05-10 18:45:08 INFO::No. regions with at least one SNP/gene for chr13: 62
2022-05-10 18:45:08 INFO::Merge regions for chr13
2022-05-10 18:45:08 INFO::No. regions with at least one SNP/gene for chr13 after merging: 62
2022-05-10 18:45:10 INFO::No. regions with at least one SNP/gene for chr14: 56
2022-05-10 18:45:10 INFO::Merge regions for chr14
2022-05-10 18:45:10 INFO::No. regions with at least one SNP/gene for chr14 after merging: 56
2022-05-10 18:45:12 INFO::No. regions with at least one SNP/gene for chr15: 50
2022-05-10 18:45:12 INFO::Merge regions for chr15
2022-05-10 18:45:12 INFO::No. regions with at least one SNP/gene for chr15 after merging: 50
2022-05-10 18:45:14 INFO::No. regions with at least one SNP/gene for chr16: 50
2022-05-10 18:45:14 INFO::Merge regions for chr16
2022-05-10 18:45:14 INFO::No. regions with at least one SNP/gene for chr16 after merging: 50
2022-05-10 18:45:16 INFO::No. regions with at least one SNP/gene for chr17: 47
2022-05-10 18:45:16 INFO::Merge regions for chr17
2022-05-10 18:45:16 INFO::No. regions with at least one SNP/gene for chr17 after merging: 46
2022-05-10 18:45:17 INFO::No. regions with at least one SNP/gene for chr18: 47
2022-05-10 18:45:17 INFO::Merge regions for chr18
2022-05-10 18:45:17 INFO::No. regions with at least one SNP/gene for chr18 after merging: 46
2022-05-10 18:45:19 INFO::No. regions with at least one SNP/gene for chr19: 39
2022-05-10 18:45:19 INFO::Merge regions for chr19
2022-05-10 18:45:19 INFO::No. regions with at least one SNP/gene for chr19 after merging: 39
2022-05-10 18:45:21 INFO::No. regions with at least one SNP/gene for chr20: 38
2022-05-10 18:45:21 INFO::Merge regions for chr20
2022-05-10 18:45:21 INFO::No. regions with at least one SNP/gene for chr20 after merging: 38
2022-05-10 18:45:22 INFO::No. regions with at least one SNP/gene for chr21: 15
2022-05-10 18:45:22 INFO::Merge regions for chr21
2022-05-10 18:45:22 INFO::No. regions with at least one SNP/gene for chr21 after merging: 15
2022-05-10 18:45:23 INFO::No. regions with at least one SNP/gene for chr22: 24
2022-05-10 18:45:23 INFO::Merge regions for chr22
2022-05-10 18:45:23 INFO::No. regions with at least one SNP/gene for chr22 after merging: 24
2022-05-10 18:45:23 INFO::Trim regions with SNPs more than Inf
2022-05-10 18:45:23 INFO::Adding R matrix info, as genotype is not given
2022-05-10 18:45:24 INFO::Adding R matrix info for chrom 1
2022-05-10 19:01:21 INFO::Adding R matrix info for chrom 2
2022-05-10 19:14:40 INFO::Adding R matrix info for chrom 3
2022-05-10 19:25:40 INFO::Adding R matrix info for chrom 4
2022-05-10 19:35:50 INFO::Adding R matrix info for chrom 5
2022-05-10 19:45:26 INFO::Adding R matrix info for chrom 6
2022-05-10 19:58:27 INFO::Adding R matrix info for chrom 7
2022-05-10 20:09:00 INFO::Adding R matrix info for chrom 8
2022-05-10 20:17:10 INFO::Adding R matrix info for chrom 9
2022-05-10 20:25:07 INFO::Adding R matrix info for chrom 10
2022-05-10 20:34:29 INFO::Adding R matrix info for chrom 11
2022-05-10 20:44:42 INFO::Adding R matrix info for chrom 12
2022-05-10 20:54:02 INFO::Adding R matrix info for chrom 13
2022-05-10 20:59:26 INFO::Adding R matrix info for chrom 14
2022-05-10 21:06:03 INFO::Adding R matrix info for chrom 15
2022-05-10 21:11:29 INFO::Adding R matrix info for chrom 16
2022-05-10 21:17:23 INFO::Adding R matrix info for chrom 17
2022-05-10 21:26:28 INFO::Adding R matrix info for chrom 18
2022-05-10 21:30:53 INFO::Adding R matrix info for chrom 19
2022-05-10 21:39:54 INFO::Adding R matrix info for chrom 20
2022-05-10 21:44:57 INFO::Adding R matrix info for chrom 21
2022-05-10 21:45:51 INFO::Adding R matrix info for chrom 22
2022-05-10 21:49:40 INFO::Run susie iteratively, getting rough estimate ...
2022-05-10 21:49:40 INFO::run iteration 1
starting worker pid=18033 on localhost:11758 at 21:49:41.017
starting worker pid=18046 on localhost:11758 at 21:49:41.457
starting worker pid=18060 on localhost:11758 at 21:49:41.880
starting worker pid=18073 on localhost:11758 at 21:49:42.297
starting worker pid=18086 on localhost:11758 at 21:49:42.706
starting worker pid=18100 on localhost:11758 at 21:49:43.103
starting worker pid=18113 on localhost:11758 at 21:49:43.504
starting worker pid=18126 on localhost:11758 at 21:49:43.903
starting worker pid=18140 on localhost:11758 at 21:49:44.306
starting worker pid=18153 on localhost:11758 at 21:49:44.708
2022-05-10 21:57:44 INFO::After iteration 1, gene prior 0.00326422366030618:, SNP prior:0.00251145205622809
2022-05-10 21:57:44 INFO::run iteration 2
starting worker pid=18870 on localhost:11758 at 21:57:45.584
starting worker pid=18904 on localhost:11758 at 21:57:45.994
starting worker pid=18917 on localhost:11758 at 21:57:46.423
starting worker pid=18931 on localhost:11758 at 21:57:46.847
starting worker pid=18944 on localhost:11758 at 21:57:47.258
starting worker pid=18957 on localhost:11758 at 21:57:47.655
starting worker pid=18971 on localhost:11758 at 21:57:48.056
starting worker pid=18984 on localhost:11758 at 21:57:48.452
starting worker pid=18997 on localhost:11758 at 21:57:48.858
starting worker pid=19011 on localhost:11758 at 21:57:49.267
2022-05-10 22:05:47 INFO::After iteration 2, gene prior 0.00349170403126472:, SNP prior:0.00219915905176078
2022-05-10 22:05:48 INFO::run iteration 3
starting worker pid=19490 on localhost:11758 at 22:05:48.651
starting worker pid=19503 on localhost:11758 at 22:05:49.056
starting worker pid=19516 on localhost:11758 at 22:05:49.464
starting worker pid=19530 on localhost:11758 at 22:05:49.879
starting worker pid=19543 on localhost:11758 at 22:05:50.297
starting worker pid=19556 on localhost:11758 at 22:05:50.704
starting worker pid=19570 on localhost:11758 at 22:05:51.105
starting worker pid=19583 on localhost:11758 at 22:05:51.507
starting worker pid=19596 on localhost:11758 at 22:05:51.906
starting worker pid=19610 on localhost:11758 at 22:05:52.306
2022-05-10 22:13:51 INFO::After iteration 3, gene prior 0.00387763019053187:, SNP prior:0.00209550766592923
2022-05-10 22:13:51 INFO::Blocks are filtered: 831 blocks left
2022-05-10 22:13:51 INFO::Run susie iteratively, getting accurate estimate ...
2022-05-10 22:13:51 INFO::run iteration 1
starting worker pid=20158 on localhost:11758 at 22:13:52.149
starting worker pid=20171 on localhost:11758 at 22:13:52.563
starting worker pid=20185 on localhost:11758 at 22:13:52.975
starting worker pid=20198 on localhost:11758 at 22:13:53.382
starting worker pid=20211 on localhost:11758 at 22:13:53.795
starting worker pid=20225 on localhost:11758 at 22:13:54.199
starting worker pid=20238 on localhost:11758 at 22:13:54.594
starting worker pid=20251 on localhost:11758 at 22:13:54.990
starting worker pid=20266 on localhost:11758 at 22:13:55.384
starting worker pid=20279 on localhost:11758 at 22:13:55.793
2022-05-10 22:18:35 INFO::After iteration 1, gene prior 0.00544785299302078:, SNP prior:0.0024620718899423
2022-05-10 22:18:35 INFO::run iteration 2
starting worker pid=21105 on localhost:11758 at 22:18:35.709
starting worker pid=21119 on localhost:11758 at 22:18:36.148
starting worker pid=21132 on localhost:11758 at 22:18:36.573
starting worker pid=21145 on localhost:11758 at 22:18:36.996
starting worker pid=21159 on localhost:11758 at 22:18:37.416
starting worker pid=21172 on localhost:11758 at 22:18:37.822
starting worker pid=21185 on localhost:11758 at 22:18:38.236
starting worker pid=21199 on localhost:11758 at 22:18:38.649
starting worker pid=21212 on localhost:11758 at 22:18:39.042
starting worker pid=21225 on localhost:11758 at 22:18:39.440
2022-05-10 22:23:15 INFO::After iteration 2, gene prior 0.00662991096392385:, SNP prior:0.00270761597113177
2022-05-10 22:23:15 INFO::run iteration 3
starting worker pid=21770 on localhost:11758 at 22:23:16.402
starting worker pid=21784 on localhost:11758 at 22:23:16.823
starting worker pid=21801 on localhost:11758 at 22:23:17.238
starting worker pid=21814 on localhost:11758 at 22:23:17.645
starting worker pid=21828 on localhost:11758 at 22:23:18.044
starting worker pid=21841 on localhost:11758 at 22:23:18.448
starting worker pid=21854 on localhost:11758 at 22:23:18.854
starting worker pid=21868 on localhost:11758 at 22:23:19.259
starting worker pid=21881 on localhost:11758 at 22:23:19.665
starting worker pid=21894 on localhost:11758 at 22:23:20.067
2022-05-10 22:27:58 INFO::After iteration 3, gene prior 0.00744652878951687:, SNP prior:0.00285978754098919
2022-05-10 22:27:58 INFO::run iteration 4
starting worker pid=22210 on localhost:11758 at 22:27:58.678
starting worker pid=22223 on localhost:11758 at 22:27:59.074
starting worker pid=22236 on localhost:11758 at 22:27:59.471
starting worker pid=22250 on localhost:11758 at 22:27:59.891
starting worker pid=22263 on localhost:11758 at 22:28:00.315
starting worker pid=22276 on localhost:11758 at 22:28:00.701
starting worker pid=22290 on localhost:11758 at 22:28:01.102
starting worker pid=22303 on localhost:11758 at 22:28:01.514
starting worker pid=22316 on localhost:11758 at 22:28:01.926
starting worker pid=22330 on localhost:11758 at 22:28:02.332
2022-05-10 22:32:38 INFO::After iteration 4, gene prior 0.0079393903348294:, SNP prior:0.00292978853460034
2022-05-10 22:32:38 INFO::run iteration 5
starting worker pid=22646 on localhost:11758 at 22:32:39.355
starting worker pid=22660 on localhost:11758 at 22:32:39.772
starting worker pid=22673 on localhost:11758 at 22:32:40.194
starting worker pid=22687 on localhost:11758 at 22:32:40.625
starting worker pid=22700 on localhost:11758 at 22:32:41.055
starting worker pid=22713 on localhost:11758 at 22:32:41.478
starting worker pid=22727 on localhost:11758 at 22:32:41.892
starting worker pid=22740 on localhost:11758 at 22:32:42.304
starting worker pid=22753 on localhost:11758 at 22:32:42.717
starting worker pid=22767 on localhost:11758 at 22:32:43.133
2022-05-10 22:37:20 INFO::After iteration 5, gene prior 0.00823644514904719:, SNP prior:0.00295702554713503
2022-05-10 22:37:20 INFO::run iteration 6
starting worker pid=23087 on localhost:11758 at 22:37:21.075
starting worker pid=23101 on localhost:11758 at 22:37:21.499
starting worker pid=23114 on localhost:11758 at 22:37:21.921
starting worker pid=23127 on localhost:11758 at 22:37:22.343
starting worker pid=23141 on localhost:11758 at 22:37:22.763
starting worker pid=23154 on localhost:11758 at 22:37:23.182
starting worker pid=23167 on localhost:11758 at 22:37:23.604
starting worker pid=23181 on localhost:11758 at 22:37:24.025
starting worker pid=23194 on localhost:11758 at 22:37:24.442
starting worker pid=23207 on localhost:11758 at 22:37:24.864
2022-05-10 22:42:02 INFO::After iteration 6, gene prior 0.0084242144587615:, SNP prior:0.0029655990168429
2022-05-10 22:42:02 INFO::run iteration 7
starting worker pid=23455 on localhost:11758 at 22:42:02.777
starting worker pid=23535 on localhost:11758 at 22:42:03.202
starting worker pid=23549 on localhost:11758 at 22:42:03.653
starting worker pid=23562 on localhost:11758 at 22:42:04.085
starting worker pid=23575 on localhost:11758 at 22:42:04.507
starting worker pid=23589 on localhost:11758 at 22:42:04.924
starting worker pid=23602 on localhost:11758 at 22:42:05.342
starting worker pid=23615 on localhost:11758 at 22:42:05.767
starting worker pid=23629 on localhost:11758 at 22:42:06.184
starting worker pid=23642 on localhost:11758 at 22:42:06.605
2022-05-10 22:46:43 INFO::After iteration 7, gene prior 0.00854843532897878:, SNP prior:0.00296678870543657
2022-05-10 22:46:43 INFO::run iteration 8
starting worker pid=24390 on localhost:11758 at 22:46:43.854
starting worker pid=24403 on localhost:11758 at 22:46:44.272
starting worker pid=24417 on localhost:11758 at 22:46:44.706
starting worker pid=24430 on localhost:11758 at 22:46:45.145
starting worker pid=24443 on localhost:11758 at 22:46:45.580
starting worker pid=24457 on localhost:11758 at 22:46:46.004
starting worker pid=24470 on localhost:11758 at 22:46:46.423
starting worker pid=24484 on localhost:11758 at 22:46:46.840
starting worker pid=24498 on localhost:11758 at 22:46:47.268
starting worker pid=24511 on localhost:11758 at 22:46:47.697
2022-05-10 22:51:26 INFO::After iteration 8, gene prior 0.00863491903776919:, SNP prior:0.002965534478666
2022-05-10 22:51:26 INFO::run iteration 9
starting worker pid=25050 on localhost:11758 at 22:51:26.962
starting worker pid=25064 on localhost:11758 at 22:51:27.396
starting worker pid=25077 on localhost:11758 at 22:51:27.831
starting worker pid=25091 on localhost:11758 at 22:51:28.266
starting worker pid=25104 on localhost:11758 at 22:51:28.699
starting worker pid=25117 on localhost:11758 at 22:51:29.125
starting worker pid=25131 on localhost:11758 at 22:51:29.544
starting worker pid=25144 on localhost:11758 at 22:51:29.965
starting worker pid=25157 on localhost:11758 at 22:51:30.387
starting worker pid=25171 on localhost:11758 at 22:51:30.816
2022-05-10 22:56:08 INFO::After iteration 9, gene prior 0.00869704558786138:, SNP prior:0.00296370534730487
2022-05-10 22:56:08 INFO::run iteration 10
starting worker pid=25575 on localhost:11758 at 22:56:08.673
starting worker pid=25588 on localhost:11758 at 22:56:09.092
starting worker pid=25602 on localhost:11758 at 22:56:09.529
starting worker pid=25617 on localhost:11758 at 22:56:09.966
starting worker pid=25630 on localhost:11758 at 22:56:10.398
starting worker pid=25644 on localhost:11758 at 22:56:10.828
starting worker pid=25657 on localhost:11758 at 22:56:11.256
starting worker pid=25670 on localhost:11758 at 22:56:11.685
starting worker pid=25684 on localhost:11758 at 22:56:12.106
starting worker pid=25697 on localhost:11758 at 22:56:12.529
2022-05-10 23:00:51 INFO::After iteration 10, gene prior 0.00874268457083923:, SNP prior:0.00296196465651385
2022-05-10 23:00:51 INFO::run iteration 11
starting worker pid=26013 on localhost:11758 at 23:00:51.802
starting worker pid=26026 on localhost:11758 at 23:00:52.237
starting worker pid=26039 on localhost:11758 at 23:00:52.680
starting worker pid=26053 on localhost:11758 at 23:00:53.122
starting worker pid=26066 on localhost:11758 at 23:00:53.558
starting worker pid=26079 on localhost:11758 at 23:00:53.979
starting worker pid=26093 on localhost:11758 at 23:00:54.407
starting worker pid=26106 on localhost:11758 at 23:00:54.824
starting worker pid=26119 on localhost:11758 at 23:00:55.245
starting worker pid=26133 on localhost:11758 at 23:00:55.663
2022-05-10 23:05:32 INFO::After iteration 11, gene prior 0.00877671036468804:, SNP prior:0.00296050250505057
2022-05-10 23:05:32 INFO::run iteration 12
starting worker pid=26450 on localhost:11758 at 23:05:33.406
starting worker pid=26463 on localhost:11758 at 23:05:33.844
starting worker pid=26477 on localhost:11758 at 23:05:34.283
starting worker pid=26490 on localhost:11758 at 23:05:34.704
starting worker pid=26503 on localhost:11758 at 23:05:35.126
starting worker pid=26517 on localhost:11758 at 23:05:35.542
starting worker pid=26530 on localhost:11758 at 23:05:35.966
starting worker pid=26543 on localhost:11758 at 23:05:36.388
starting worker pid=26557 on localhost:11758 at 23:05:36.814
starting worker pid=26570 on localhost:11758 at 23:05:37.237
2022-05-10 23:10:14 INFO::After iteration 12, gene prior 0.00880230264727416:, SNP prior:0.00295933530103284
2022-05-10 23:10:14 INFO::run iteration 13
starting worker pid=26885 on localhost:11758 at 23:10:15.160
starting worker pid=26899 on localhost:11758 at 23:10:15.576
starting worker pid=26912 on localhost:11758 at 23:10:16.006
starting worker pid=26925 on localhost:11758 at 23:10:16.446
starting worker pid=26939 on localhost:11758 at 23:10:16.888
starting worker pid=26952 on localhost:11758 at 23:10:17.322
starting worker pid=26966 on localhost:11758 at 23:10:17.759
starting worker pid=26979 on localhost:11758 at 23:10:18.197
starting worker pid=26992 on localhost:11758 at 23:10:18.637
starting worker pid=27006 on localhost:11758 at 23:10:19.073
2022-05-10 23:14:56 INFO::After iteration 13, gene prior 0.00882165232792377:, SNP prior:0.00295842506680356
2022-05-10 23:14:56 INFO::run iteration 14
starting worker pid=27319 on localhost:11758 at 23:14:56.579
starting worker pid=27332 on localhost:11758 at 23:14:57.033
starting worker pid=27346 on localhost:11758 at 23:14:57.487
starting worker pid=27359 on localhost:11758 at 23:14:57.933
starting worker pid=27372 on localhost:11758 at 23:14:58.359
starting worker pid=27386 on localhost:11758 at 23:14:58.783
starting worker pid=27399 on localhost:11758 at 23:14:59.203
starting worker pid=27412 on localhost:11758 at 23:14:59.621
starting worker pid=27426 on localhost:11758 at 23:15:00.048
starting worker pid=27439 on localhost:11758 at 23:15:00.466
2022-05-10 23:19:37 INFO::After iteration 14, gene prior 0.00883632754929319:, SNP prior:0.00295772294909269
2022-05-10 23:19:37 INFO::run iteration 15
starting worker pid=28569 on localhost:11758 at 23:19:38.011
starting worker pid=28583 on localhost:11758 at 23:19:38.441
starting worker pid=28603 on localhost:11758 at 23:19:38.897
starting worker pid=28617 on localhost:11758 at 23:19:39.333
starting worker pid=28630 on localhost:11758 at 23:19:39.766
starting worker pid=28644 on localhost:11758 at 23:19:40.185
starting worker pid=28658 on localhost:11758 at 23:19:40.604
starting worker pid=28672 on localhost:11758 at 23:19:41.024
starting worker pid=28685 on localhost:11758 at 23:19:41.443
starting worker pid=28699 on localhost:11758 at 23:19:41.867
2022-05-10 23:24:18 INFO::After iteration 15, gene prior 0.00884747852452915:, SNP prior:0.00295718395988399
2022-05-10 23:24:19 INFO::run iteration 16
starting worker pid=29013 on localhost:11758 at 23:24:19.541
starting worker pid=29026 on localhost:11758 at 23:24:19.961
starting worker pid=29040 on localhost:11758 at 23:24:20.382
starting worker pid=29053 on localhost:11758 at 23:24:20.823
starting worker pid=29066 on localhost:11758 at 23:24:21.260
starting worker pid=29080 on localhost:11758 at 23:24:21.685
starting worker pid=29093 on localhost:11758 at 23:24:22.104
starting worker pid=29106 on localhost:11758 at 23:24:22.524
starting worker pid=29120 on localhost:11758 at 23:24:22.945
starting worker pid=29134 on localhost:11758 at 23:24:23.363
2022-05-10 23:29:00 INFO::After iteration 16, gene prior 0.00885596191085034:, SNP prior:0.0029567717024086
2022-05-10 23:29:00 INFO::run iteration 17
starting worker pid=29449 on localhost:11758 at 23:29:00.755
starting worker pid=29462 on localhost:11758 at 23:29:01.207
starting worker pid=29476 on localhost:11758 at 23:29:01.644
starting worker pid=29489 on localhost:11758 at 23:29:02.079
starting worker pid=29503 on localhost:11758 at 23:29:02.514
starting worker pid=29516 on localhost:11758 at 23:29:02.946
starting worker pid=29529 on localhost:11758 at 23:29:03.365
starting worker pid=29543 on localhost:11758 at 23:29:03.782
starting worker pid=29556 on localhost:11758 at 23:29:04.208
starting worker pid=29569 on localhost:11758 at 23:29:04.638
2022-05-10 23:33:41 INFO::After iteration 17, gene prior 0.00886242052059997:, SNP prior:0.00295645695063596
2022-05-10 23:33:41 INFO::run iteration 18
starting worker pid=29882 on localhost:11758 at 23:33:41.821
starting worker pid=29896 on localhost:11758 at 23:33:42.230
starting worker pid=29909 on localhost:11758 at 23:33:42.639
starting worker pid=29922 on localhost:11758 at 23:33:43.051
starting worker pid=29936 on localhost:11758 at 23:33:43.483
starting worker pid=29949 on localhost:11758 at 23:33:43.914
starting worker pid=29962 on localhost:11758 at 23:33:44.344
starting worker pid=29976 on localhost:11758 at 23:33:44.750
starting worker pid=29989 on localhost:11758 at 23:33:45.140
starting worker pid=30002 on localhost:11758 at 23:33:45.564
2022-05-10 23:38:23 INFO::After iteration 18, gene prior 0.0088673397632041:, SNP prior:0.00295621685854811
2022-05-10 23:38:23 INFO::run iteration 19
starting worker pid=30316 on localhost:11758 at 23:38:23.987
starting worker pid=30330 on localhost:11758 at 23:38:24.404
starting worker pid=30343 on localhost:11758 at 23:38:24.832
starting worker pid=30357 on localhost:11758 at 23:38:25.265
starting worker pid=30370 on localhost:11758 at 23:38:25.706
starting worker pid=30383 on localhost:11758 at 23:38:26.128
starting worker pid=30397 on localhost:11758 at 23:38:26.558
starting worker pid=30410 on localhost:11758 at 23:38:26.973
starting worker pid=30423 on localhost:11758 at 23:38:27.393
starting worker pid=30438 on localhost:11758 at 23:38:27.813
2022-05-10 23:43:04 INFO::After iteration 19, gene prior 0.00887108754179394:, SNP prior:0.00295603379640533
2022-05-10 23:43:04 INFO::run iteration 20
starting worker pid=30753 on localhost:11758 at 23:43:05.048
starting worker pid=30767 on localhost:11758 at 23:43:05.482
starting worker pid=30780 on localhost:11758 at 23:43:05.936
starting worker pid=30794 on localhost:11758 at 23:43:06.366
starting worker pid=30807 on localhost:11758 at 23:43:06.796
starting worker pid=30820 on localhost:11758 at 23:43:07.210
starting worker pid=30834 on localhost:11758 at 23:43:07.626
starting worker pid=30847 on localhost:11758 at 23:43:08.045
starting worker pid=30860 on localhost:11758 at 23:43:08.467
starting worker pid=30874 on localhost:11758 at 23:43:08.886
2022-05-10 23:47:46 INFO::After iteration 20, gene prior 0.00887394330732705:, SNP prior:0.00295589424607893
2022-05-10 23:47:46 INFO::run iteration 21
starting worker pid=31910 on localhost:11758 at 23:47:46.624
starting worker pid=31923 on localhost:11758 at 23:47:47.065
starting worker pid=31937 on localhost:11758 at 23:47:47.504
starting worker pid=31950 on localhost:11758 at 23:47:47.936
starting worker pid=31963 on localhost:11758 at 23:47:48.360
starting worker pid=31977 on localhost:11758 at 23:47:48.788
starting worker pid=31990 on localhost:11758 at 23:47:49.218
starting worker pid=32003 on localhost:11758 at 23:47:49.644
starting worker pid=32017 on localhost:11758 at 23:47:50.073
starting worker pid=32030 on localhost:11758 at 23:47:50.497
2022-05-10 23:52:27 INFO::After iteration 21, gene prior 0.00887611960194229:, SNP prior:0.00295578787480353
2022-05-10 23:52:27 INFO::run iteration 22
starting worker pid=32347 on localhost:11758 at 23:52:27.986
starting worker pid=32361 on localhost:11758 at 23:52:28.400
starting worker pid=32374 on localhost:11758 at 23:52:28.837
starting worker pid=32388 on localhost:11758 at 23:52:29.263
starting worker pid=32401 on localhost:11758 at 23:52:29.683
starting worker pid=32414 on localhost:11758 at 23:52:30.107
starting worker pid=32428 on localhost:11758 at 23:52:30.549
starting worker pid=32441 on localhost:11758 at 23:52:30.968
starting worker pid=32454 on localhost:11758 at 23:52:31.384
starting worker pid=32468 on localhost:11758 at 23:52:31.802
2022-05-10 23:57:08 INFO::After iteration 22, gene prior 0.00887777820726964:, SNP prior:0.0029557067968313
2022-05-10 23:57:08 INFO::run iteration 23
starting worker pid=32781 on localhost:11758 at 23:57:09.328
starting worker pid=32794 on localhost:11758 at 23:57:09.761
starting worker pid=32808 on localhost:11758 at 23:57:10.194
starting worker pid=32821 on localhost:11758 at 23:57:10.637
starting worker pid=32834 on localhost:11758 at 23:57:11.073
starting worker pid=32848 on localhost:11758 at 23:57:11.495
starting worker pid=32861 on localhost:11758 at 23:57:11.916
starting worker pid=32874 on localhost:11758 at 23:57:12.335
starting worker pid=32888 on localhost:11758 at 23:57:12.755
starting worker pid=32901 on localhost:11758 at 23:57:13.174
2022-05-11 00:01:51 INFO::After iteration 23, gene prior 0.00887904232766022:, SNP prior:0.00295564499841512
2022-05-11 00:01:51 INFO::run iteration 24
starting worker pid=33164 on localhost:11758 at 00:01:51.590
starting worker pid=33177 on localhost:11758 at 00:01:52.032
starting worker pid=33191 on localhost:11758 at 00:01:52.468
starting worker pid=33204 on localhost:11758 at 00:01:52.891
starting worker pid=33217 on localhost:11758 at 00:01:53.319
starting worker pid=33231 on localhost:11758 at 00:01:53.747
starting worker pid=33244 on localhost:11758 at 00:01:54.170
starting worker pid=33257 on localhost:11758 at 00:01:54.594
starting worker pid=33271 on localhost:11758 at 00:01:55.017
starting worker pid=33284 on localhost:11758 at 00:01:55.434
2022-05-11 00:06:32 INFO::After iteration 24, gene prior 0.00888000581787157:, SNP prior:0.00295559789499633
2022-05-11 00:06:32 INFO::run iteration 25
starting worker pid=33600 on localhost:11758 at 00:06:33.233
starting worker pid=33614 on localhost:11758 at 00:06:33.659
starting worker pid=33627 on localhost:11758 at 00:06:34.086
starting worker pid=33641 on localhost:11758 at 00:06:34.505
starting worker pid=33654 on localhost:11758 at 00:06:34.928
starting worker pid=33667 on localhost:11758 at 00:06:35.349
starting worker pid=33681 on localhost:11758 at 00:06:35.767
starting worker pid=33694 on localhost:11758 at 00:06:36.190
starting worker pid=33707 on localhost:11758 at 00:06:36.608
starting worker pid=33721 on localhost:11758 at 00:06:37.026
2022-05-11 00:11:14 INFO::After iteration 25, gene prior 0.00888074018871433:, SNP prior:0.00295556199207277
2022-05-11 00:11:14 INFO::run iteration 26
starting worker pid=34036 on localhost:11758 at 00:11:14.562
starting worker pid=34049 on localhost:11758 at 00:11:15.012
starting worker pid=34062 on localhost:11758 at 00:11:15.463
starting worker pid=34076 on localhost:11758 at 00:11:15.880
starting worker pid=34089 on localhost:11758 at 00:11:16.314
starting worker pid=34102 on localhost:11758 at 00:11:16.747
starting worker pid=34116 on localhost:11758 at 00:11:17.196
starting worker pid=34129 on localhost:11758 at 00:11:17.627
starting worker pid=34142 on localhost:11758 at 00:11:18.050
starting worker pid=34156 on localhost:11758 at 00:11:18.477
2022-05-11 00:15:55 INFO::After iteration 26, gene prior 0.00888129993340787:, SNP prior:0.00295553462616629
2022-05-11 00:15:55 INFO::run iteration 27
starting worker pid=34470 on localhost:11758 at 00:15:56.035
starting worker pid=34483 on localhost:11758 at 00:15:56.440
starting worker pid=34497 on localhost:11758 at 00:15:56.841
starting worker pid=34510 on localhost:11758 at 00:15:57.276
starting worker pid=34524 on localhost:11758 at 00:15:57.705
starting worker pid=34538 on localhost:11758 at 00:15:58.101
starting worker pid=34551 on localhost:11758 at 00:15:58.557
starting worker pid=34565 on localhost:11758 at 00:15:58.995
starting worker pid=34578 on localhost:11758 at 00:15:59.414
starting worker pid=34591 on localhost:11758 at 00:15:59.838
2022-05-11 00:20:37 INFO::After iteration 27, gene prior 0.00888172658079872:, SNP prior:0.00295551376722361
2022-05-11 00:20:37 INFO::run iteration 28
starting worker pid=35630 on localhost:11758 at 00:20:37.613
starting worker pid=35643 on localhost:11758 at 00:20:38.063
starting worker pid=35657 on localhost:11758 at 00:20:38.514
starting worker pid=35670 on localhost:11758 at 00:20:38.947
starting worker pid=35683 on localhost:11758 at 00:20:39.374
starting worker pid=35697 on localhost:11758 at 00:20:39.795
starting worker pid=35710 on localhost:11758 at 00:20:40.218
starting worker pid=35723 on localhost:11758 at 00:20:40.635
starting worker pid=35737 on localhost:11758 at 00:20:41.057
starting worker pid=35750 on localhost:11758 at 00:20:41.475
2022-05-11 00:25:18 INFO::After iteration 28, gene prior 0.00888205178148725:, SNP prior:0.00295549786796833
2022-05-11 00:25:18 INFO::run iteration 29
starting worker pid=36066 on localhost:11758 at 00:25:19.087
starting worker pid=36079 on localhost:11758 at 00:25:19.501
starting worker pid=36092 on localhost:11758 at 00:25:19.913
starting worker pid=36106 on localhost:11758 at 00:25:20.346
starting worker pid=36119 on localhost:11758 at 00:25:20.784
starting worker pid=36132 on localhost:11758 at 00:25:21.215
starting worker pid=36146 on localhost:11758 at 00:25:21.634
starting worker pid=36159 on localhost:11758 at 00:25:22.071
starting worker pid=36172 on localhost:11758 at 00:25:22.499
starting worker pid=36186 on localhost:11758 at 00:25:22.925
2022-05-11 00:30:00 INFO::After iteration 29, gene prior 0.00888229965845259:, SNP prior:0.00295548574907652
2022-05-11 00:30:00 INFO::run iteration 30
starting worker pid=36501 on localhost:11758 at 00:30:00.796
starting worker pid=36515 on localhost:11758 at 00:30:01.221
starting worker pid=36528 on localhost:11758 at 00:30:01.631
starting worker pid=36542 on localhost:11758 at 00:30:02.066
starting worker pid=36555 on localhost:11758 at 00:30:02.494
starting worker pid=36568 on localhost:11758 at 00:30:02.918
starting worker pid=36582 on localhost:11758 at 00:30:03.349
starting worker pid=36595 on localhost:11758 at 00:30:03.774
starting worker pid=36608 on localhost:11758 at 00:30:04.196
starting worker pid=36622 on localhost:11758 at 00:30:04.613
2022-05-11 00:34:40 INFO::After iteration 30, gene prior 0.00888248859788247:, SNP prior:0.00295547651166465
2022-05-11 00:34:40 INFO::Run susie for all regions.
2022-05-11 00:34:40 INFO::run iteration 1
starting worker pid=36935 on localhost:11758 at 00:34:41.061
starting worker pid=36948 on localhost:11758 at 00:34:41.475
starting worker pid=36962 on localhost:11758 at 00:34:41.880
starting worker pid=36975 on localhost:11758 at 00:34:42.324
starting worker pid=36988 on localhost:11758 at 00:34:42.758
starting worker pid=37002 on localhost:11758 at 00:34:43.195
starting worker pid=37015 on localhost:11758 at 00:34:43.633
starting worker pid=37028 on localhost:11758 at 00:34:44.066
starting worker pid=37042 on localhost:11758 at 00:34:44.488
starting worker pid=37055 on localhost:11758 at 00:34:44.917
2022-05-11 00:42:53 INFO::After iteration 1, gene prior 0.0255195274186202:, SNP prior:0.0105685021976593
2022-05-11 00:42:54 INFO::No. LD regions: 1700
2022-05-11 00:43:00 INFO::No. regions with at least one SNP/gene for chr1: 131
2022-05-11 00:43:00 INFO::Merge regions for chr1
2022-05-11 00:43:00 INFO::No. regions with at least one SNP/gene for chr1 after merging: 128
2022-05-11 00:43:07 INFO::No. regions with at least one SNP/gene for chr2: 143
2022-05-11 00:43:07 INFO::Merge regions for chr2
2022-05-11 00:43:07 INFO::No. regions with at least one SNP/gene for chr2 after merging: 143
2022-05-11 00:43:13 INFO::No. regions with at least one SNP/gene for chr3: 122
2022-05-11 00:43:13 INFO::Merge regions for chr3
2022-05-11 00:43:13 INFO::No. regions with at least one SNP/gene for chr3 after merging: 122
2022-05-11 00:43:19 INFO::No. regions with at least one SNP/gene for chr4: 122
2022-05-11 00:43:19 INFO::Merge regions for chr4
2022-05-11 00:43:19 INFO::No. regions with at least one SNP/gene for chr4 after merging: 122
2022-05-11 00:43:24 INFO::No. regions with at least one SNP/gene for chr5: 110
2022-05-11 00:43:24 INFO::Merge regions for chr5
2022-05-11 00:43:24 INFO::No. regions with at least one SNP/gene for chr5 after merging: 110
2022-05-11 00:43:29 INFO::No. regions with at least one SNP/gene for chr6: 112
2022-05-11 00:43:29 INFO::Merge regions for chr6
2022-05-11 00:43:29 INFO::No. regions with at least one SNP/gene for chr6 after merging: 110
2022-05-11 00:43:33 INFO::No. regions with at least one SNP/gene for chr7: 99
2022-05-11 00:43:33 INFO::Merge regions for chr7
2022-05-11 00:43:33 INFO::No. regions with at least one SNP/gene for chr7 after merging: 98
2022-05-11 00:43:37 INFO::No. regions with at least one SNP/gene for chr8: 92
2022-05-11 00:43:37 INFO::Merge regions for chr8
2022-05-11 00:43:37 INFO::No. regions with at least one SNP/gene for chr8 after merging: 91
2022-05-11 00:43:39 INFO::No. regions with at least one SNP/gene for chr9: 74
2022-05-11 00:43:39 INFO::Merge regions for chr9
2022-05-11 00:43:39 INFO::No. regions with at least one SNP/gene for chr9 after merging: 74
2022-05-11 00:43:43 INFO::No. regions with at least one SNP/gene for chr10: 85
2022-05-11 00:43:43 INFO::Merge regions for chr10
2022-05-11 00:43:43 INFO::No. regions with at least one SNP/gene for chr10 after merging: 84
2022-05-11 00:43:47 INFO::No. regions with at least one SNP/gene for chr11: 84
2022-05-11 00:43:47 INFO::Merge regions for chr11
2022-05-11 00:43:47 INFO::No. regions with at least one SNP/gene for chr11 after merging: 84
2022-05-11 00:43:50 INFO::No. regions with at least one SNP/gene for chr12: 82
2022-05-11 00:43:50 INFO::Merge regions for chr12
2022-05-11 00:43:50 INFO::No. regions with at least one SNP/gene for chr12 after merging: 82
2022-05-11 00:43:53 INFO::No. regions with at least one SNP/gene for chr13: 62
2022-05-11 00:43:53 INFO::Merge regions for chr13
2022-05-11 00:43:53 INFO::No. regions with at least one SNP/gene for chr13 after merging: 62
2022-05-11 00:43:55 INFO::No. regions with at least one SNP/gene for chr14: 56
2022-05-11 00:43:55 INFO::Merge regions for chr14
2022-05-11 00:43:55 INFO::No. regions with at least one SNP/gene for chr14 after merging: 56
2022-05-11 00:43:56 INFO::No. regions with at least one SNP/gene for chr15: 50
2022-05-11 00:43:56 INFO::Merge regions for chr15
2022-05-11 00:43:56 INFO::No. regions with at least one SNP/gene for chr15 after merging: 50
2022-05-11 00:43:59 INFO::No. regions with at least one SNP/gene for chr16: 50
2022-05-11 00:43:59 INFO::Merge regions for chr16
2022-05-11 00:43:59 INFO::No. regions with at least one SNP/gene for chr16 after merging: 50
2022-05-11 00:44:00 INFO::No. regions with at least one SNP/gene for chr17: 47
2022-05-11 00:44:00 INFO::Merge regions for chr17
2022-05-11 00:44:00 INFO::No. regions with at least one SNP/gene for chr17 after merging: 46
2022-05-11 00:44:03 INFO::No. regions with at least one SNP/gene for chr18: 47
2022-05-11 00:44:03 INFO::Merge regions for chr18
2022-05-11 00:44:03 INFO::No. regions with at least one SNP/gene for chr18 after merging: 46
2022-05-11 00:44:04 INFO::No. regions with at least one SNP/gene for chr19: 39
2022-05-11 00:44:04 INFO::Merge regions for chr19
2022-05-11 00:44:04 INFO::No. regions with at least one SNP/gene for chr19 after merging: 39
2022-05-11 00:44:05 INFO::No. regions with at least one SNP/gene for chr20: 38
2022-05-11 00:44:05 INFO::Merge regions for chr20
2022-05-11 00:44:05 INFO::No. regions with at least one SNP/gene for chr20 after merging: 38
2022-05-11 00:44:08 INFO::No. regions with at least one SNP/gene for chr21: 15
2022-05-11 00:44:08 INFO::Merge regions for chr21
2022-05-11 00:44:08 INFO::No. regions with at least one SNP/gene for chr21 after merging: 15
2022-05-11 00:44:09 INFO::No. regions with at least one SNP/gene for chr22: 24
2022-05-11 00:44:09 INFO::Merge regions for chr22
2022-05-11 00:44:09 INFO::No. regions with at least one SNP/gene for chr22 after merging: 24
2022-05-11 00:44:09 INFO::Trim regions with SNPs more than 20000
2022-05-11 00:44:09 INFO::Adding R matrix info, as genotype is not given
2022-05-11 00:44:09 INFO::Adding R matrix info for chrom 1
2022-05-11 01:00:08 INFO::Adding R matrix info for chrom 2
2022-05-11 01:13:37 INFO::Adding R matrix info for chrom 3
2022-05-11 01:24:49 INFO::Adding R matrix info for chrom 4
2022-05-11 01:34:40 INFO::Adding R matrix info for chrom 5
2022-05-11 01:44:07 INFO::Adding R matrix info for chrom 6
2022-05-11 01:57:17 INFO::Adding R matrix info for chrom 7
2022-05-11 02:07:49 INFO::Adding R matrix info for chrom 8
2022-05-11 02:15:49 INFO::Adding R matrix info for chrom 9
2022-05-11 02:23:27 INFO::Adding R matrix info for chrom 10
2022-05-11 02:32:26 INFO::Adding R matrix info for chrom 11
2022-05-11 02:42:37 INFO::Adding R matrix info for chrom 12
2022-05-11 02:51:55 INFO::Adding R matrix info for chrom 13
2022-05-11 02:57:19 INFO::Adding R matrix info for chrom 14
2022-05-11 03:03:39 INFO::Adding R matrix info for chrom 15
2022-05-11 03:09:01 INFO::Adding R matrix info for chrom 16
2022-05-11 03:14:59 INFO::Adding R matrix info for chrom 17
2022-05-11 03:24:04 INFO::Adding R matrix info for chrom 18
2022-05-11 03:28:33 INFO::Adding R matrix info for chrom 19
2022-05-11 03:37:30 INFO::Adding R matrix info for chrom 20
2022-05-11 03:42:20 INFO::Adding R matrix info for chrom 21
2022-05-11 03:43:13 INFO::Adding R matrix info for chrom 22
2022-05-11 03:49:04 INFO::Number of regions that contains strong gene signals: 8
2022-05-11 03:49:04 INFO::Rerun susie for regions with strong gene signals using full SNPs.
2022-05-11 03:49:04 INFO::run iteration 1
starting worker pid=54334 on localhost:11758 at 03:49:05.641
2022-05-11 03:51:43 INFO::After iteration 1, gene prior 0.0297679780427102:, SNP prior:0.000899555141444412
$group_prior
[1] 0.0088824886 0.0002955477

$group_prior_var
[1] 12.43031 10.03663

R version 3.6.1 (2019-07-05)
Platform: x86_64-pc-linux-gnu (64-bit)
Running under: Scientific Linux 7.4 (Nitrogen)

Matrix products: default
BLAS/LAPACK: /software/openblas-0.2.19-el7-x86_64/lib/libopenblas_haswellp-r0.2.19.so

locale:
[1] C

attached base packages:
[1] stats     graphics  grDevices utils     datasets  methods   base     

other attached packages:
[1] data.table_1.14.2 ctwas_0.1.32     

loaded via a namespace (and not attached):
 [1] Rcpp_1.0.8        magrittr_2.0.2    pgenlibr_0.3.1    hms_1.1.1        
 [5] doParallel_1.0.17 bit_4.0.4         lattice_0.20-38   R6_2.5.1         
 [9] rlang_1.0.1       fastmap_1.1.0     foreach_1.5.2     fansi_1.0.2      
[13] blob_1.2.2        tools_3.6.1       parallel_3.6.1    grid_3.6.1       
[17] logging_0.10-108  utf8_1.2.2        cli_3.1.0         DBI_1.1.2        
[21] iterators_1.0.14  ellipsis_0.3.2    bit64_4.0.5       tibble_3.1.6     
[25] lifecycle_1.0.1   crayon_1.5.0      Matrix_1.2-18     tzdb_0.2.0       
[29] readr_2.1.1       vctrs_0.3.8       codetools_0.2-16  memoise_2.0.1    
[33] cachem_1.0.6      RSQLite_2.2.8     pillar_1.6.4      compiler_3.6.1   
[37] pkgconfig_2.0.3  
