[1] "/project2/xinhe/shengqian/cTWAS/cTWAS_analysis/data/UKBB/ieu-a-22.vcf.gz"           
[2] "/project2/mstephens/wcrouse/UKB_LDR_0.1"                                            
[3] "/project2/compbio/predictdb/mashr_models/mashr_Brain_Caudate_basal_ganglia.db"      
[4] "/project2/mstephens/wcrouse/UKB_analysis_allweights/ctwas_config.R"                 
[5] "SCZ_Brain_Caudate_basal_ganglia_expr"                                               
[6] "SCZ_Brain_Caudate_basal_ganglia_ctwas"                                              
[7] "/project2/xinhe/shengqian/cTWAS/cTWAS_analysis/data/SCZ/Brain_Caudate_basal_ganglia"
2022-10-05 22:37:54 INFO::Flipping z scores to match LD reference
2022-10-05 22:37:59 INFO::Harmonizing strand-ambiguous z scores using imputation by region
2022-10-05 22:56:58 INFO::Reading weights for chromosome 1
2022-10-05 22:56:59 INFO::Number of genes with weights provided: 14118
2022-10-05 22:56:59 INFO::Collecting gene weight information ...
2022-10-05 22:56:59 INFO::Flipping weights to match LD reference
2022-10-05 22:56:59 INFO::Harmonizing strand ambiguous weights using correlations with unambiguous variants
2022-10-05 23:12:35 INFO::Start gene z score imputation ...
2022-10-05 23:12:35 INFO::Using given LD matrices to impute gene z score.
2022-10-05 23:25:20 INFO::Imputation done, writing results to output...
2022-10-05 23:25:20 INFO::Imputation done: number of genes with imputed expression: 1115 for chr 1
2022-10-05 23:25:21 INFO::Flipping z scores to match LD reference
2022-10-05 23:25:23 INFO::Harmonizing strand-ambiguous z scores using imputation by region
2022-10-05 23:46:54 INFO::Reading weights for chromosome 2
2022-10-05 23:46:54 INFO::Number of genes with weights provided: 14118
2022-10-05 23:46:54 INFO::Collecting gene weight information ...
2022-10-05 23:46:54 INFO::Flipping weights to match LD reference
2022-10-05 23:46:54 INFO::Harmonizing strand ambiguous weights using correlations with unambiguous variants
2022-10-05 23:59:02 INFO::Start gene z score imputation ...
2022-10-05 23:59:02 INFO::Using given LD matrices to impute gene z score.
2022-10-06 00:11:16 INFO::Imputation done, writing results to output...
2022-10-06 00:11:16 INFO::Imputation done: number of genes with imputed expression: 851 for chr 2
2022-10-06 00:11:17 INFO::Flipping z scores to match LD reference
2022-10-06 00:11:19 INFO::Harmonizing strand-ambiguous z scores using imputation by region
2022-10-06 00:27:07 INFO::Reading weights for chromosome 3
2022-10-06 00:27:07 INFO::Number of genes with weights provided: 14118
2022-10-06 00:27:07 INFO::Collecting gene weight information ...
2022-10-06 00:27:07 INFO::Flipping weights to match LD reference
2022-10-06 00:27:07 INFO::Harmonizing strand ambiguous weights using correlations with unambiguous variants
2022-10-06 00:36:04 INFO::Start gene z score imputation ...
2022-10-06 00:36:04 INFO::Using given LD matrices to impute gene z score.
2022-10-06 00:45:07 INFO::Imputation done, writing results to output...
2022-10-06 00:45:07 INFO::Imputation done: number of genes with imputed expression: 695 for chr 3
2022-10-06 00:45:08 INFO::Flipping z scores to match LD reference
2022-10-06 00:45:10 INFO::Harmonizing strand-ambiguous z scores using imputation by region
2022-10-06 01:02:53 INFO::Reading weights for chromosome 4
2022-10-06 01:02:53 INFO::Number of genes with weights provided: 14118
2022-10-06 01:02:53 INFO::Collecting gene weight information ...
2022-10-06 01:02:53 INFO::Flipping weights to match LD reference
2022-10-06 01:02:53 INFO::Harmonizing strand ambiguous weights using correlations with unambiguous variants
2022-10-06 01:08:37 INFO::Start gene z score imputation ...
2022-10-06 01:08:37 INFO::Using given LD matrices to impute gene z score.
2022-10-06 01:17:28 INFO::Imputation done, writing results to output...
2022-10-06 01:17:28 INFO::Imputation done: number of genes with imputed expression: 452 for chr 4
2022-10-06 01:17:29 INFO::Flipping z scores to match LD reference
2022-10-06 01:17:31 INFO::Harmonizing strand-ambiguous z scores using imputation by region
2022-10-06 01:32:02 INFO::Reading weights for chromosome 5
2022-10-06 01:32:02 INFO::Number of genes with weights provided: 14118
2022-10-06 01:32:02 INFO::Collecting gene weight information ...
2022-10-06 01:32:02 INFO::Flipping weights to match LD reference
2022-10-06 01:32:02 INFO::Harmonizing strand ambiguous weights using correlations with unambiguous variants
2022-10-06 01:39:30 INFO::Start gene z score imputation ...
2022-10-06 01:39:30 INFO::Using given LD matrices to impute gene z score.
2022-10-06 01:47:38 INFO::Imputation done, writing results to output...
2022-10-06 01:47:38 INFO::Imputation done: number of genes with imputed expression: 579 for chr 5
2022-10-06 01:47:40 INFO::Flipping z scores to match LD reference
2022-10-06 01:47:41 INFO::Harmonizing strand-ambiguous z scores using imputation by region
2022-10-06 02:02:34 INFO::Reading weights for chromosome 6
2022-10-06 02:02:34 INFO::Number of genes with weights provided: 14118
2022-10-06 02:02:34 INFO::Collecting gene weight information ...
2022-10-06 02:02:34 INFO::Flipping weights to match LD reference
2022-10-06 02:02:34 INFO::Harmonizing strand ambiguous weights using correlations with unambiguous variants
2022-10-06 02:15:12 INFO::Start gene z score imputation ...
2022-10-06 02:15:12 INFO::Using given LD matrices to impute gene z score.
2022-10-06 02:24:06 INFO::Imputation done, writing results to output...
2022-10-06 02:24:06 INFO::Imputation done: number of genes with imputed expression: 584 for chr 6
2022-10-06 02:24:08 INFO::Flipping z scores to match LD reference
2022-10-06 02:24:10 INFO::Harmonizing strand-ambiguous z scores using imputation by region
2022-10-06 02:39:12 INFO::Reading weights for chromosome 7
2022-10-06 02:39:12 INFO::Number of genes with weights provided: 14118
2022-10-06 02:39:12 INFO::Collecting gene weight information ...
2022-10-06 02:39:12 INFO::Flipping weights to match LD reference
2022-10-06 02:39:12 INFO::Harmonizing strand ambiguous weights using correlations with unambiguous variants
2022-10-06 02:46:47 INFO::Start gene z score imputation ...
2022-10-06 02:46:47 INFO::Using given LD matrices to impute gene z score.
2022-10-06 02:54:53 INFO::Imputation done, writing results to output...
2022-10-06 02:54:53 INFO::Imputation done: number of genes with imputed expression: 548 for chr 7
2022-10-06 02:54:54 INFO::Flipping z scores to match LD reference
2022-10-06 02:54:56 INFO::Harmonizing strand-ambiguous z scores using imputation by region
2022-10-06 03:09:53 INFO::Reading weights for chromosome 8
2022-10-06 03:09:53 INFO::Number of genes with weights provided: 14118
2022-10-06 03:09:53 INFO::Collecting gene weight information ...
2022-10-06 03:09:53 INFO::Flipping weights to match LD reference
2022-10-06 03:09:53 INFO::Harmonizing strand ambiguous weights using correlations with unambiguous variants
2022-10-06 03:16:08 INFO::Start gene z score imputation ...
2022-10-06 03:16:08 INFO::Using given LD matrices to impute gene z score.
2022-10-06 03:24:02 INFO::Imputation done, writing results to output...
2022-10-06 03:24:02 INFO::Imputation done: number of genes with imputed expression: 433 for chr 8
2022-10-06 03:24:03 INFO::Flipping z scores to match LD reference
2022-10-06 03:24:05 INFO::Harmonizing strand-ambiguous z scores using imputation by region
2022-10-06 03:35:10 INFO::Reading weights for chromosome 9
2022-10-06 03:35:10 INFO::Number of genes with weights provided: 14118
2022-10-06 03:35:10 INFO::Collecting gene weight information ...
2022-10-06 03:35:10 INFO::Flipping weights to match LD reference
2022-10-06 03:35:10 INFO::Harmonizing strand ambiguous weights using correlations with unambiguous variants
2022-10-06 03:42:46 INFO::Start gene z score imputation ...
2022-10-06 03:42:46 INFO::Using given LD matrices to impute gene z score.
2022-10-06 03:48:45 INFO::Imputation done, writing results to output...
2022-10-06 03:48:46 INFO::Imputation done: number of genes with imputed expression: 433 for chr 9
2022-10-06 03:48:49 INFO::Flipping z scores to match LD reference
2022-10-06 03:48:50 INFO::Harmonizing strand-ambiguous z scores using imputation by region
2022-10-06 04:02:28 INFO::Reading weights for chromosome 10
2022-10-06 04:02:28 INFO::Number of genes with weights provided: 14118
2022-10-06 04:02:28 INFO::Collecting gene weight information ...
2022-10-06 04:02:28 INFO::Flipping weights to match LD reference
2022-10-06 04:02:28 INFO::Harmonizing strand ambiguous weights using correlations with unambiguous variants
2022-10-06 04:10:30 INFO::Start gene z score imputation ...
2022-10-06 04:10:30 INFO::Using given LD matrices to impute gene z score.
2022-10-06 04:17:39 INFO::Imputation done, writing results to output...
2022-10-06 04:17:39 INFO::Imputation done: number of genes with imputed expression: 450 for chr 10
2022-10-06 04:17:40 INFO::Flipping z scores to match LD reference
2022-10-06 04:17:42 INFO::Harmonizing strand-ambiguous z scores using imputation by region
2022-10-06 04:31:49 INFO::Reading weights for chromosome 11
2022-10-06 04:31:49 INFO::Number of genes with weights provided: 14118
2022-10-06 04:31:49 INFO::Collecting gene weight information ...
2022-10-06 04:31:49 INFO::Flipping weights to match LD reference
2022-10-06 04:31:49 INFO::Harmonizing strand ambiguous weights using correlations with unambiguous variants
2022-10-06 04:42:06 INFO::Start gene z score imputation ...
2022-10-06 04:42:06 INFO::Using given LD matrices to impute gene z score.
2022-10-06 04:50:17 INFO::Imputation done, writing results to output...
2022-10-06 04:50:17 INFO::Imputation done: number of genes with imputed expression: 693 for chr 11
2022-10-06 04:50:18 INFO::Flipping z scores to match LD reference
2022-10-06 04:50:20 INFO::Harmonizing strand-ambiguous z scores using imputation by region
2022-10-06 05:02:46 INFO::Reading weights for chromosome 12
2022-10-06 05:02:47 INFO::Number of genes with weights provided: 14118
2022-10-06 05:02:47 INFO::Collecting gene weight information ...
2022-10-06 05:02:47 INFO::Flipping weights to match LD reference
2022-10-06 05:02:47 INFO::Harmonizing strand ambiguous weights using correlations with unambiguous variants
2022-10-06 05:12:29 INFO::Start gene z score imputation ...
2022-10-06 05:12:29 INFO::Using given LD matrices to impute gene z score.
2022-10-06 05:21:01 INFO::Imputation done, writing results to output...
2022-10-06 05:21:02 INFO::Imputation done: number of genes with imputed expression: 657 for chr 12
2022-10-06 05:21:03 INFO::Flipping z scores to match LD reference
2022-10-06 05:21:04 INFO::Harmonizing strand-ambiguous z scores using imputation by region
2022-10-06 05:30:57 INFO::Reading weights for chromosome 13
2022-10-06 05:30:57 INFO::Number of genes with weights provided: 14118
2022-10-06 05:30:57 INFO::Collecting gene weight information ...
2022-10-06 05:30:57 INFO::Flipping weights to match LD reference
2022-10-06 05:30:57 INFO::Harmonizing strand ambiguous weights using correlations with unambiguous variants
2022-10-06 05:34:02 INFO::Start gene z score imputation ...
2022-10-06 05:34:02 INFO::Using given LD matrices to impute gene z score.
2022-10-06 05:38:33 INFO::Imputation done, writing results to output...
2022-10-06 05:38:34 INFO::Imputation done: number of genes with imputed expression: 241 for chr 13
2022-10-06 05:38:35 INFO::Flipping z scores to match LD reference
2022-10-06 05:38:37 INFO::Harmonizing strand-ambiguous z scores using imputation by region
2022-10-06 05:46:34 INFO::Reading weights for chromosome 14
2022-10-06 05:46:34 INFO::Number of genes with weights provided: 14118
2022-10-06 05:46:34 INFO::Collecting gene weight information ...
2022-10-06 05:46:34 INFO::Flipping weights to match LD reference
2022-10-06 05:46:34 INFO::Harmonizing strand ambiguous weights using correlations with unambiguous variants
2022-10-06 05:52:43 INFO::Start gene z score imputation ...
2022-10-06 05:52:43 INFO::Using given LD matrices to impute gene z score.
2022-10-06 05:57:31 INFO::Imputation done, writing results to output...
2022-10-06 05:57:31 INFO::Imputation done: number of genes with imputed expression: 393 for chr 14
2022-10-06 05:57:32 INFO::Flipping z scores to match LD reference
2022-10-06 05:57:34 INFO::Harmonizing strand-ambiguous z scores using imputation by region
2022-10-06 06:03:53 INFO::Reading weights for chromosome 15
2022-10-06 06:03:53 INFO::Number of genes with weights provided: 14118
2022-10-06 06:03:53 INFO::Collecting gene weight information ...
2022-10-06 06:03:53 INFO::Flipping weights to match LD reference
2022-10-06 06:03:53 INFO::Harmonizing strand ambiguous weights using correlations with unambiguous variants
2022-10-06 06:09:23 INFO::Start gene z score imputation ...
2022-10-06 06:09:23 INFO::Using given LD matrices to impute gene z score.
2022-10-06 06:14:05 INFO::Imputation done, writing results to output...
2022-10-06 06:14:05 INFO::Imputation done: number of genes with imputed expression: 396 for chr 15
2022-10-06 06:14:06 INFO::Flipping z scores to match LD reference
2022-10-06 06:14:08 INFO::Harmonizing strand-ambiguous z scores using imputation by region
2022-10-06 06:20:25 INFO::Reading weights for chromosome 16
2022-10-06 06:20:25 INFO::Number of genes with weights provided: 14118
2022-10-06 06:20:25 INFO::Collecting gene weight information ...
2022-10-06 06:20:25 INFO::Flipping weights to match LD reference
2022-10-06 06:20:25 INFO::Harmonizing strand ambiguous weights using correlations with unambiguous variants
2022-10-06 06:27:48 INFO::Start gene z score imputation ...
2022-10-06 06:27:48 INFO::Using given LD matrices to impute gene z score.
2022-10-06 06:32:53 INFO::Imputation done, writing results to output...
2022-10-06 06:32:53 INFO::Imputation done: number of genes with imputed expression: 529 for chr 16
2022-10-06 06:32:54 INFO::Flipping z scores to match LD reference
2022-10-06 06:32:55 INFO::Harmonizing strand-ambiguous z scores using imputation by region
2022-10-06 06:38:45 INFO::Reading weights for chromosome 17
2022-10-06 06:38:45 INFO::Number of genes with weights provided: 14118
2022-10-06 06:38:45 INFO::Collecting gene weight information ...
2022-10-06 06:38:45 INFO::Flipping weights to match LD reference
2022-10-06 06:38:45 INFO::Harmonizing strand ambiguous weights using correlations with unambiguous variants
2022-10-06 06:48:48 INFO::Start gene z score imputation ...
2022-10-06 06:48:48 INFO::Using given LD matrices to impute gene z score.
2022-10-06 06:55:46 INFO::Imputation done, writing results to output...
2022-10-06 06:55:47 INFO::Imputation done: number of genes with imputed expression: 713 for chr 17
2022-10-06 06:55:48 INFO::Flipping z scores to match LD reference
2022-10-06 06:55:49 INFO::Harmonizing strand-ambiguous z scores using imputation by region
2022-10-06 07:03:28 INFO::Reading weights for chromosome 18
2022-10-06 07:03:28 INFO::Number of genes with weights provided: 14118
2022-10-06 07:03:28 INFO::Collecting gene weight information ...
2022-10-06 07:03:28 INFO::Flipping weights to match LD reference
2022-10-06 07:03:28 INFO::Harmonizing strand ambiguous weights using correlations with unambiguous variants
2022-10-06 07:07:49 INFO::Start gene z score imputation ...
2022-10-06 07:07:49 INFO::Using given LD matrices to impute gene z score.
2022-10-06 07:12:00 INFO::Imputation done, writing results to output...
2022-10-06 07:12:01 INFO::Imputation done: number of genes with imputed expression: 185 for chr 18
2022-10-06 07:12:01 INFO::Flipping z scores to match LD reference
2022-10-06 07:12:03 INFO::Harmonizing strand-ambiguous z scores using imputation by region
2022-10-06 07:17:04 INFO::Reading weights for chromosome 19
2022-10-06 07:17:04 INFO::Number of genes with weights provided: 14118
2022-10-06 07:17:04 INFO::Collecting gene weight information ...
2022-10-06 07:17:04 INFO::Flipping weights to match LD reference
2022-10-06 07:17:04 INFO::Harmonizing strand ambiguous weights using correlations with unambiguous variants
2022-10-06 07:31:02 INFO::Start gene z score imputation ...
2022-10-06 07:31:02 INFO::Using given LD matrices to impute gene z score.
2022-10-06 07:40:02 INFO::Imputation done, writing results to output...
2022-10-06 07:40:02 INFO::Imputation done: number of genes with imputed expression: 887 for chr 19
2022-10-06 07:40:03 INFO::Flipping z scores to match LD reference
2022-10-06 07:40:04 INFO::Harmonizing strand-ambiguous z scores using imputation by region
2022-10-06 07:45:51 INFO::Reading weights for chromosome 20
2022-10-06 07:45:51 INFO::Number of genes with weights provided: 14118
2022-10-06 07:45:51 INFO::Collecting gene weight information ...
2022-10-06 07:45:51 INFO::Flipping weights to match LD reference
2022-10-06 07:45:51 INFO::Harmonizing strand ambiguous weights using correlations with unambiguous variants
2022-10-06 07:51:01 INFO::Start gene z score imputation ...
2022-10-06 07:51:01 INFO::Using given LD matrices to impute gene z score.
2022-10-06 07:55:29 INFO::Imputation done, writing results to output...
2022-10-06 07:55:29 INFO::Imputation done: number of genes with imputed expression: 340 for chr 20
2022-10-06 07:55:30 INFO::Flipping z scores to match LD reference
2022-10-06 07:55:32 INFO::Harmonizing strand-ambiguous z scores using imputation by region
2022-10-06 07:58:34 INFO::Reading weights for chromosome 21
2022-10-06 07:58:34 INFO::Number of genes with weights provided: 14118
2022-10-06 07:58:34 INFO::Collecting gene weight information ...
2022-10-06 07:58:34 INFO::Flipping weights to match LD reference
2022-10-06 07:58:34 INFO::Harmonizing strand ambiguous weights using correlations with unambiguous variants
2022-10-06 08:00:50 INFO::Start gene z score imputation ...
2022-10-06 08:00:50 INFO::Using given LD matrices to impute gene z score.
2022-10-06 08:02:52 INFO::Imputation done, writing results to output...
2022-10-06 08:02:52 INFO::Imputation done: number of genes with imputed expression: 130 for chr 21
2022-10-06 08:02:53 INFO::Flipping z scores to match LD reference
2022-10-06 08:02:54 INFO::Harmonizing strand-ambiguous z scores using imputation by region
2022-10-06 08:05:41 INFO::Reading weights for chromosome 22
2022-10-06 08:05:41 INFO::Number of genes with weights provided: 14118
2022-10-06 08:05:41 INFO::Collecting gene weight information ...
2022-10-06 08:05:41 INFO::Flipping weights to match LD reference
2022-10-06 08:05:41 INFO::Harmonizing strand ambiguous weights using correlations with unambiguous variants
2022-10-06 08:09:33 INFO::Start gene z score imputation ...
2022-10-06 08:09:33 INFO::Using given LD matrices to impute gene z score.
2022-10-06 08:12:32 INFO::Imputation done, writing results to output...
2022-10-06 08:12:32 INFO::Imputation done: number of genes with imputed expression: 286 for chr 22
2022-10-06 08:12:56 INFO::ctwas started ...
2022-10-06 08:13:21 INFO::LD region file: /home/shengqian/R/x86_64-pc-linux-gnu-library/4.1/ctwas/extdata/ldetect/EUR.b38.bed
2022-10-06 08:13:32 INFO::No. LD regions: 1700
2022-10-06 08:13:37 INFO::No. regions with at least one SNP/gene for chr1: 131
2022-10-06 08:13:37 INFO::Merge regions for chr1
2022-10-06 08:13:37 INFO::No. regions with at least one SNP/gene for chr1 after merging: 127
2022-10-06 08:13:42 INFO::No. regions with at least one SNP/gene for chr2: 144
2022-10-06 08:13:42 INFO::Merge regions for chr2
2022-10-06 08:13:43 INFO::No. regions with at least one SNP/gene for chr2 after merging: 142
2022-10-06 08:13:48 INFO::No. regions with at least one SNP/gene for chr3: 122
2022-10-06 08:13:48 INFO::Merge regions for chr3
2022-10-06 08:13:48 INFO::No. regions with at least one SNP/gene for chr3 after merging: 121
2022-10-06 08:13:52 INFO::No. regions with at least one SNP/gene for chr4: 122
2022-10-06 08:13:52 INFO::Merge regions for chr4
2022-10-06 08:13:52 INFO::No. regions with at least one SNP/gene for chr4 after merging: 119
2022-10-06 08:13:56 INFO::No. regions with at least one SNP/gene for chr5: 110
2022-10-06 08:13:56 INFO::Merge regions for chr5
2022-10-06 08:13:56 INFO::No. regions with at least one SNP/gene for chr5 after merging: 109
2022-10-06 08:14:00 INFO::No. regions with at least one SNP/gene for chr6: 112
2022-10-06 08:14:00 INFO::Merge regions for chr6
2022-10-06 08:14:00 INFO::No. regions with at least one SNP/gene for chr6 after merging: 111
2022-10-06 08:14:03 INFO::No. regions with at least one SNP/gene for chr7: 99
2022-10-06 08:14:03 INFO::Merge regions for chr7
2022-10-06 08:14:03 INFO::No. regions with at least one SNP/gene for chr7 after merging: 98
2022-10-06 08:14:06 INFO::No. regions with at least one SNP/gene for chr8: 94
2022-10-06 08:14:06 INFO::Merge regions for chr8
2022-10-06 08:14:06 INFO::No. regions with at least one SNP/gene for chr8 after merging: 90
2022-10-06 08:14:09 INFO::No. regions with at least one SNP/gene for chr9: 74
2022-10-06 08:14:09 INFO::Merge regions for chr9
2022-10-06 08:14:09 INFO::No. regions with at least one SNP/gene for chr9 after merging: 73
2022-10-06 08:14:12 INFO::No. regions with at least one SNP/gene for chr10: 85
2022-10-06 08:14:12 INFO::Merge regions for chr10
2022-10-06 08:14:12 INFO::No. regions with at least one SNP/gene for chr10 after merging: 84
2022-10-06 08:14:15 INFO::No. regions with at least one SNP/gene for chr11: 84
2022-10-06 08:14:15 INFO::Merge regions for chr11
2022-10-06 08:14:15 INFO::No. regions with at least one SNP/gene for chr11 after merging: 83
2022-10-06 08:14:18 INFO::No. regions with at least one SNP/gene for chr12: 82
2022-10-06 08:14:18 INFO::Merge regions for chr12
2022-10-06 08:14:18 INFO::No. regions with at least one SNP/gene for chr12 after merging: 80
2022-10-06 08:14:20 INFO::No. regions with at least one SNP/gene for chr13: 62
2022-10-06 08:14:20 INFO::Merge regions for chr13
2022-10-06 08:14:20 INFO::No. regions with at least one SNP/gene for chr13 after merging: 61
2022-10-06 08:14:23 INFO::No. regions with at least one SNP/gene for chr14: 56
2022-10-06 08:14:23 INFO::Merge regions for chr14
2022-10-06 08:14:23 INFO::No. regions with at least one SNP/gene for chr14 after merging: 56
2022-10-06 08:14:25 INFO::No. regions with at least one SNP/gene for chr15: 49
2022-10-06 08:14:25 INFO::Merge regions for chr15
2022-10-06 08:14:25 INFO::No. regions with at least one SNP/gene for chr15 after merging: 47
2022-10-06 08:14:27 INFO::No. regions with at least one SNP/gene for chr16: 54
2022-10-06 08:14:27 INFO::Merge regions for chr16
2022-10-06 08:14:27 INFO::No. regions with at least one SNP/gene for chr16 after merging: 53
2022-10-06 08:14:29 INFO::No. regions with at least one SNP/gene for chr17: 47
2022-10-06 08:14:29 INFO::Merge regions for chr17
2022-10-06 08:14:29 INFO::No. regions with at least one SNP/gene for chr17 after merging: 46
2022-10-06 08:14:31 INFO::No. regions with at least one SNP/gene for chr18: 47
2022-10-06 08:14:31 INFO::Merge regions for chr18
2022-10-06 08:14:31 INFO::No. regions with at least one SNP/gene for chr18 after merging: 46
2022-10-06 08:14:32 INFO::No. regions with at least one SNP/gene for chr19: 39
2022-10-06 08:14:32 INFO::Merge regions for chr19
2022-10-06 08:14:32 INFO::No. regions with at least one SNP/gene for chr19 after merging: 34
2022-10-06 08:14:35 INFO::No. regions with at least one SNP/gene for chr20: 38
2022-10-06 08:14:35 INFO::Merge regions for chr20
2022-10-06 08:14:35 INFO::No. regions with at least one SNP/gene for chr20 after merging: 37
2022-10-06 08:14:36 INFO::No. regions with at least one SNP/gene for chr21: 24
2022-10-06 08:14:36 INFO::Merge regions for chr21
2022-10-06 08:14:36 INFO::No. regions with at least one SNP/gene for chr21 after merging: 23
2022-10-06 08:14:37 INFO::No. regions with at least one SNP/gene for chr22: 24
2022-10-06 08:14:37 INFO::Merge regions for chr22
2022-10-06 08:14:37 INFO::No. regions with at least one SNP/gene for chr22 after merging: 23
2022-10-06 08:14:37 INFO::Trim regions with SNPs more than Inf
2022-10-06 08:14:37 INFO::Adding R matrix info, as genotype is not given
2022-10-06 08:14:38 INFO::Adding R matrix info for chrom 1
2022-10-06 08:24:46 INFO::Adding R matrix info for chrom 2
2022-10-06 08:35:30 INFO::Adding R matrix info for chrom 3
2022-10-06 08:43:20 INFO::Adding R matrix info for chrom 4
2022-10-06 08:52:14 INFO::Adding R matrix info for chrom 5
2022-10-06 08:59:44 INFO::Adding R matrix info for chrom 6
2022-10-06 09:07:51 INFO::Adding R matrix info for chrom 7
2022-10-06 09:14:56 INFO::Adding R matrix info for chrom 8
2022-10-06 09:22:14 INFO::Adding R matrix info for chrom 9
2022-10-06 09:27:33 INFO::Adding R matrix info for chrom 10
2022-10-06 09:33:45 INFO::Adding R matrix info for chrom 11
2022-10-06 09:40:22 INFO::Adding R matrix info for chrom 12
2022-10-06 09:46:30 INFO::Adding R matrix info for chrom 13
2022-10-06 09:51:08 INFO::Adding R matrix info for chrom 14
2022-10-06 09:55:01 INFO::Adding R matrix info for chrom 15
2022-10-06 09:58:50 INFO::Adding R matrix info for chrom 16
2022-10-06 10:02:47 INFO::Adding R matrix info for chrom 17
2022-10-06 10:06:59 INFO::Adding R matrix info for chrom 18
2022-10-06 10:10:41 INFO::Adding R matrix info for chrom 19
2022-10-06 10:16:46 INFO::Adding R matrix info for chrom 20
2022-10-06 10:19:42 INFO::Adding R matrix info for chrom 21
2022-10-06 10:21:14 INFO::Adding R matrix info for chrom 22
2022-10-06 10:22:59 INFO::Run susie iteratively, getting rough estimate ...
2022-10-06 10:22:59 INFO::run iteration 1
starting worker pid=50882 on localhost:11422 at 10:23:00.524
starting worker pid=50880 on localhost:11422 at 10:23:00.525
starting worker pid=50885 on localhost:11422 at 10:23:00.525
starting worker pid=50888 on localhost:11422 at 10:23:00.525
starting worker pid=50886 on localhost:11422 at 10:23:00.525
starting worker pid=50883 on localhost:11422 at 10:23:00.525
starting worker pid=50884 on localhost:11422 at 10:23:00.525
starting worker pid=50889 on localhost:11422 at 10:23:00.525
starting worker pid=50887 on localhost:11422 at 10:23:00.526
starting worker pid=50881 on localhost:11422 at 10:23:00.526
2022-10-06 10:36:09 INFO::After iteration 1, gene prior 0.00310432150694153:, SNP prior:0.00214819717969834
2022-10-06 10:36:09 INFO::run iteration 2
starting worker pid=51787 on localhost:11422 at 10:36:10.430
starting worker pid=51785 on localhost:11422 at 10:36:10.430
starting worker pid=51786 on localhost:11422 at 10:36:10.430
starting worker pid=51790 on localhost:11422 at 10:36:10.430
starting worker pid=51794 on localhost:11422 at 10:36:10.430
starting worker pid=51792 on localhost:11422 at 10:36:10.430
starting worker pid=51788 on localhost:11422 at 10:36:10.430
starting worker pid=51791 on localhost:11422 at 10:36:10.430
starting worker pid=51789 on localhost:11422 at 10:36:10.431
starting worker pid=51793 on localhost:11422 at 10:36:10.431
2022-10-06 10:49:23 INFO::After iteration 2, gene prior 0.00358433032936287:, SNP prior:0.0018730826175215
2022-10-06 10:49:24 INFO::run iteration 3
starting worker pid=53176 on localhost:11422 at 10:49:24.896
starting worker pid=53173 on localhost:11422 at 10:49:24.896
starting worker pid=53178 on localhost:11422 at 10:49:24.896
starting worker pid=53172 on localhost:11422 at 10:49:24.896
starting worker pid=53175 on localhost:11422 at 10:49:24.896
starting worker pid=53170 on localhost:11422 at 10:49:24.897
starting worker pid=53177 on localhost:11422 at 10:49:24.897
starting worker pid=53179 on localhost:11422 at 10:49:24.897
starting worker pid=53174 on localhost:11422 at 10:49:24.897
starting worker pid=53171 on localhost:11422 at 10:49:24.898
2022-10-06 11:02:38 INFO::After iteration 3, gene prior 0.00429651213208555:, SNP prior:0.00177785801722906
2022-10-06 11:02:39 INFO::Blocks are filtered: 856 blocks left
2022-10-06 11:02:39 INFO::Run susie iteratively, getting accurate estimate ...
2022-10-06 11:02:39 INFO::run iteration 1
starting worker pid=54203 on localhost:11422 at 11:02:39.980
starting worker pid=54204 on localhost:11422 at 11:02:39.980
starting worker pid=54208 on localhost:11422 at 11:02:39.980
starting worker pid=54209 on localhost:11422 at 11:02:39.980
starting worker pid=54205 on localhost:11422 at 11:02:39.980
starting worker pid=54200 on localhost:11422 at 11:02:39.980
starting worker pid=54202 on localhost:11422 at 11:02:39.980
starting worker pid=54207 on localhost:11422 at 11:02:39.980
starting worker pid=54201 on localhost:11422 at 11:02:39.980
starting worker pid=54206 on localhost:11422 at 11:02:39.980
2022-10-06 11:09:01 INFO::After iteration 1, gene prior 0.0058254438619112:, SNP prior:0.0020521595329294
2022-10-06 11:09:02 INFO::run iteration 2
starting worker pid=54778 on localhost:11422 at 11:09:02.796
starting worker pid=54786 on localhost:11422 at 11:09:02.796
starting worker pid=54782 on localhost:11422 at 11:09:02.796
starting worker pid=54780 on localhost:11422 at 11:09:02.796
starting worker pid=54784 on localhost:11422 at 11:09:02.796
starting worker pid=54785 on localhost:11422 at 11:09:02.797
starting worker pid=54781 on localhost:11422 at 11:09:02.797
starting worker pid=54783 on localhost:11422 at 11:09:02.797
starting worker pid=54779 on localhost:11422 at 11:09:02.797
starting worker pid=54777 on localhost:11422 at 11:09:02.797
2022-10-06 11:15:24 INFO::After iteration 2, gene prior 0.00707469678285486:, SNP prior:0.0022508236862372
2022-10-06 11:15:24 INFO::run iteration 3
starting worker pid=55289 on localhost:11422 at 11:15:25.273
starting worker pid=55291 on localhost:11422 at 11:15:25.274
starting worker pid=55296 on localhost:11422 at 11:15:25.274
starting worker pid=55290 on localhost:11422 at 11:15:25.274
starting worker pid=55287 on localhost:11422 at 11:15:25.275
starting worker pid=55288 on localhost:11422 at 11:15:25.275
starting worker pid=55295 on localhost:11422 at 11:15:25.276
starting worker pid=55293 on localhost:11422 at 11:15:25.276
starting worker pid=55292 on localhost:11422 at 11:15:25.276
starting worker pid=55294 on localhost:11422 at 11:15:25.276
2022-10-06 11:21:47 INFO::After iteration 3, gene prior 0.00807527573135994:, SNP prior:0.00239274980124537
2022-10-06 11:21:47 INFO::run iteration 4
starting worker pid=56316 on localhost:11422 at 11:21:48.277
starting worker pid=56317 on localhost:11422 at 11:21:48.278
starting worker pid=56319 on localhost:11422 at 11:21:48.279
starting worker pid=56318 on localhost:11422 at 11:21:48.280
starting worker pid=56311 on localhost:11422 at 11:21:48.283
starting worker pid=56313 on localhost:11422 at 11:21:48.286
starting worker pid=56314 on localhost:11422 at 11:21:48.290
starting worker pid=56315 on localhost:11422 at 11:21:48.291
starting worker pid=56312 on localhost:11422 at 11:21:48.292
starting worker pid=56310 on localhost:11422 at 11:21:48.294
2022-10-06 11:28:12 INFO::After iteration 4, gene prior 0.00881393555453617:, SNP prior:0.00247643615423826
2022-10-06 11:28:12 INFO::run iteration 5
starting worker pid=56948 on localhost:11422 at 11:28:13.383
starting worker pid=56956 on localhost:11422 at 11:28:13.387
starting worker pid=56951 on localhost:11422 at 11:28:13.390
starting worker pid=56954 on localhost:11422 at 11:28:13.392
starting worker pid=56949 on localhost:11422 at 11:28:13.397
starting worker pid=56950 on localhost:11422 at 11:28:13.399
starting worker pid=56953 on localhost:11422 at 11:28:13.406
starting worker pid=56947 on localhost:11422 at 11:28:13.416
starting worker pid=56955 on localhost:11422 at 11:28:13.419
starting worker pid=56952 on localhost:11422 at 11:28:13.420
2022-10-06 11:34:34 INFO::After iteration 5, gene prior 0.00933602225329199:, SNP prior:0.00251714790688793
2022-10-06 11:34:35 INFO::run iteration 6
starting worker pid=460 on localhost:11422 at 11:34:35.708
starting worker pid=455 on localhost:11422 at 11:34:35.708
starting worker pid=456 on localhost:11422 at 11:34:35.709
starting worker pid=458 on localhost:11422 at 11:34:35.711
starting worker pid=457 on localhost:11422 at 11:34:35.725
starting worker pid=454 on localhost:11422 at 11:34:35.739
starting worker pid=453 on localhost:11422 at 11:34:35.739
starting worker pid=452 on localhost:11422 at 11:34:35.743
starting worker pid=459 on localhost:11422 at 11:34:35.753
starting worker pid=461 on localhost:11422 at 11:34:35.754
2022-10-06 11:40:40 INFO::After iteration 6, gene prior 0.00970779441486233:, SNP prior:0.00253328490335182
2022-10-06 11:40:40 INFO::run iteration 7
starting worker pid=956 on localhost:11422 at 11:40:41.215
starting worker pid=953 on localhost:11422 at 11:40:41.224
starting worker pid=955 on localhost:11422 at 11:40:41.227
starting worker pid=951 on localhost:11422 at 11:40:41.230
starting worker pid=954 on localhost:11422 at 11:40:41.231
starting worker pid=957 on localhost:11422 at 11:40:41.237
starting worker pid=950 on localhost:11422 at 11:40:41.254
starting worker pid=952 on localhost:11422 at 11:40:41.255
starting worker pid=959 on localhost:11422 at 11:40:41.271
starting worker pid=958 on localhost:11422 at 11:40:41.273
2022-10-06 11:47:05 INFO::After iteration 7, gene prior 0.00998560152309992:, SNP prior:0.0025382053860163
2022-10-06 11:47:05 INFO::run iteration 8
starting worker pid=1885 on localhost:11422 at 11:47:06.055
starting worker pid=1883 on localhost:11422 at 11:47:06.056
starting worker pid=1884 on localhost:11422 at 11:47:06.056
starting worker pid=1879 on localhost:11422 at 11:47:06.056
starting worker pid=1876 on localhost:11422 at 11:47:06.056
starting worker pid=1882 on localhost:11422 at 11:47:06.056
starting worker pid=1880 on localhost:11422 at 11:47:06.056
starting worker pid=1881 on localhost:11422 at 11:47:06.056
starting worker pid=1878 on localhost:11422 at 11:47:06.056
starting worker pid=1877 on localhost:11422 at 11:47:06.057
2022-10-06 11:53:29 INFO::After iteration 8, gene prior 0.0102021184095409:, SNP prior:0.00253850110314022
2022-10-06 11:53:29 INFO::run iteration 9
starting worker pid=2632 on localhost:11422 at 11:53:30.271
starting worker pid=2628 on localhost:11422 at 11:53:30.279
starting worker pid=2630 on localhost:11422 at 11:53:30.289
starting worker pid=2633 on localhost:11422 at 11:53:30.290
starting worker pid=2635 on localhost:11422 at 11:53:30.291
starting worker pid=2631 on localhost:11422 at 11:53:30.296
starting worker pid=2637 on localhost:11422 at 11:53:30.300
starting worker pid=2629 on localhost:11422 at 11:53:30.305
starting worker pid=2634 on localhost:11422 at 11:53:30.322
starting worker pid=2636 on localhost:11422 at 11:53:30.328
2022-10-06 11:59:53 INFO::After iteration 9, gene prior 0.0103754750478976:, SNP prior:0.00253709003132207
2022-10-06 11:59:53 INFO::run iteration 10
starting worker pid=3142 on localhost:11422 at 11:59:53.899
starting worker pid=3144 on localhost:11422 at 11:59:53.908
starting worker pid=3140 on localhost:11422 at 11:59:53.909
starting worker pid=3139 on localhost:11422 at 11:59:53.913
starting worker pid=3147 on localhost:11422 at 11:59:53.917
starting worker pid=3141 on localhost:11422 at 11:59:53.925
starting worker pid=3145 on localhost:11422 at 11:59:53.932
starting worker pid=3143 on localhost:11422 at 11:59:53.934
starting worker pid=3148 on localhost:11422 at 11:59:53.934
starting worker pid=3146 on localhost:11422 at 11:59:53.940
2022-10-06 12:06:17 INFO::After iteration 10, gene prior 0.0105164640118952:, SNP prior:0.00253520418436224
2022-10-06 12:06:17 INFO::run iteration 11
starting worker pid=3653 on localhost:11422 at 12:06:18.136
starting worker pid=3654 on localhost:11422 at 12:06:18.145
starting worker pid=3652 on localhost:11422 at 12:06:18.148
starting worker pid=3649 on localhost:11422 at 12:06:18.153
starting worker pid=3650 on localhost:11422 at 12:06:18.154
starting worker pid=3647 on localhost:11422 at 12:06:18.158
starting worker pid=3648 on localhost:11422 at 12:06:18.163
starting worker pid=3656 on localhost:11422 at 12:06:18.163
starting worker pid=3651 on localhost:11422 at 12:06:18.172
starting worker pid=3655 on localhost:11422 at 12:06:18.179
2022-10-06 12:12:47 INFO::After iteration 11, gene prior 0.0106320538128208:, SNP prior:0.00253333019054184
2022-10-06 12:12:47 INFO::run iteration 12
starting worker pid=4164 on localhost:11422 at 12:12:48.165
starting worker pid=4165 on localhost:11422 at 12:12:48.165
starting worker pid=4166 on localhost:11422 at 12:12:48.167
starting worker pid=4167 on localhost:11422 at 12:12:48.184
starting worker pid=4168 on localhost:11422 at 12:12:48.192
starting worker pid=4163 on localhost:11422 at 12:12:48.195
starting worker pid=4169 on localhost:11422 at 12:12:48.198
starting worker pid=4170 on localhost:11422 at 12:12:48.204
starting worker pid=4162 on localhost:11422 at 12:12:48.206
starting worker pid=4171 on localhost:11422 at 12:12:48.210
2022-10-06 12:19:12 INFO::After iteration 12, gene prior 0.0107271823548373:, SNP prior:0.00253164321961051
2022-10-06 12:19:13 INFO::run iteration 13
starting worker pid=5156 on localhost:11422 at 12:19:13.765
starting worker pid=5148 on localhost:11422 at 12:19:13.768
starting worker pid=5149 on localhost:11422 at 12:19:13.775
starting worker pid=5155 on localhost:11422 at 12:19:13.780
starting worker pid=5153 on localhost:11422 at 12:19:13.784
starting worker pid=5154 on localhost:11422 at 12:19:13.788
starting worker pid=5152 on localhost:11422 at 12:19:13.794
starting worker pid=5150 on localhost:11422 at 12:19:13.794
starting worker pid=5147 on localhost:11422 at 12:19:13.800
starting worker pid=5151 on localhost:11422 at 12:19:13.816
2022-10-06 12:25:37 INFO::After iteration 13, gene prior 0.0108055947813204:, SNP prior:0.00253018956325712
2022-10-06 12:25:38 INFO::run iteration 14
starting worker pid=5912 on localhost:11422 at 12:25:38.592
starting worker pid=5910 on localhost:11422 at 12:25:38.595
starting worker pid=5917 on localhost:11422 at 12:25:38.606
starting worker pid=5914 on localhost:11422 at 12:25:38.610
starting worker pid=5919 on localhost:11422 at 12:25:38.610
starting worker pid=5911 on localhost:11422 at 12:25:38.619
starting worker pid=5913 on localhost:11422 at 12:25:38.625
starting worker pid=5916 on localhost:11422 at 12:25:38.635
starting worker pid=5915 on localhost:11422 at 12:25:38.639
starting worker pid=5918 on localhost:11422 at 12:25:38.651
2022-10-06 12:32:09 INFO::After iteration 14, gene prior 0.0108702535467304:, SNP prior:0.00252896332416429
2022-10-06 12:32:09 INFO::run iteration 15
starting worker pid=6437 on localhost:11422 at 12:32:10.167
starting worker pid=6440 on localhost:11422 at 12:32:10.173
starting worker pid=6441 on localhost:11422 at 12:32:10.174
starting worker pid=6436 on localhost:11422 at 12:32:10.179
starting worker pid=6442 on localhost:11422 at 12:32:10.179
starting worker pid=6439 on localhost:11422 at 12:32:10.181
starting worker pid=6444 on localhost:11422 at 12:32:10.193
starting worker pid=6443 on localhost:11422 at 12:32:10.199
starting worker pid=6438 on localhost:11422 at 12:32:10.201
starting worker pid=6435 on localhost:11422 at 12:32:10.214
2022-10-06 12:38:40 INFO::After iteration 15, gene prior 0.010923561977281:, SNP prior:0.00252794027228612
2022-10-06 12:38:40 INFO::run iteration 16
starting worker pid=7026 on localhost:11422 at 12:38:41.350
starting worker pid=7028 on localhost:11422 at 12:38:41.354
starting worker pid=7029 on localhost:11422 at 12:38:41.363
starting worker pid=7031 on localhost:11422 at 12:38:41.366
starting worker pid=7030 on localhost:11422 at 12:38:41.366
starting worker pid=7024 on localhost:11422 at 12:38:41.369
starting worker pid=7032 on localhost:11422 at 12:38:41.377
starting worker pid=7027 on localhost:11422 at 12:38:41.388
starting worker pid=7025 on localhost:11422 at 12:38:41.394
starting worker pid=7023 on localhost:11422 at 12:38:41.410
2022-10-06 12:45:02 INFO::After iteration 16, gene prior 0.0109674935138813:, SNP prior:0.00252709178306907
2022-10-06 12:45:02 INFO::run iteration 17
starting worker pid=7537 on localhost:11422 at 12:45:03.411
starting worker pid=7540 on localhost:11422 at 12:45:03.411
starting worker pid=7538 on localhost:11422 at 12:45:03.412
starting worker pid=7542 on localhost:11422 at 12:45:03.414
starting worker pid=7539 on localhost:11422 at 12:45:03.426
starting worker pid=7536 on localhost:11422 at 12:45:03.445
starting worker pid=7544 on localhost:11422 at 12:45:03.455
starting worker pid=7541 on localhost:11422 at 12:45:03.460
starting worker pid=7543 on localhost:11422 at 12:45:03.470
starting worker pid=7545 on localhost:11422 at 12:45:03.471
2022-10-06 12:51:29 INFO::After iteration 17, gene prior 0.0110036460097402:, SNP prior:0.00252638925487619
2022-10-06 12:51:29 INFO::run iteration 18
starting worker pid=8608 on localhost:11422 at 12:51:30.288
starting worker pid=8612 on localhost:11422 at 12:51:30.297
starting worker pid=8604 on localhost:11422 at 12:51:30.300
starting worker pid=8607 on localhost:11422 at 12:51:30.309
starting worker pid=8610 on localhost:11422 at 12:51:30.310
starting worker pid=8606 on localhost:11422 at 12:51:30.315
starting worker pid=8605 on localhost:11422 at 12:51:30.315
starting worker pid=8611 on localhost:11422 at 12:51:30.321
starting worker pid=8609 on localhost:11422 at 12:51:30.335
starting worker pid=8603 on localhost:11422 at 12:51:30.345
2022-10-06 12:57:56 INFO::After iteration 18, gene prior 0.0110333871224455:, SNP prior:0.00252580946026446
2022-10-06 12:57:56 INFO::run iteration 19
starting worker pid=9116 on localhost:11422 at 12:57:56.965
starting worker pid=9119 on localhost:11422 at 12:57:56.972
starting worker pid=9125 on localhost:11422 at 12:57:56.973
starting worker pid=9124 on localhost:11422 at 12:57:56.973
starting worker pid=9117 on localhost:11422 at 12:57:56.973
starting worker pid=9122 on localhost:11422 at 12:57:56.981
starting worker pid=9118 on localhost:11422 at 12:57:56.984
starting worker pid=9120 on localhost:11422 at 12:57:56.985
starting worker pid=9121 on localhost:11422 at 12:57:56.999
starting worker pid=9123 on localhost:11422 at 12:57:57.011
2022-10-06 13:04:21 INFO::After iteration 19, gene prior 0.0110578451330092:, SNP prior:0.00252533183666527
2022-10-06 13:04:21 INFO::run iteration 20
starting worker pid=9701 on localhost:11422 at 13:04:22.020
starting worker pid=9696 on localhost:11422 at 13:04:22.037
starting worker pid=9702 on localhost:11422 at 13:04:22.040
starting worker pid=9699 on localhost:11422 at 13:04:22.045
starting worker pid=9698 on localhost:11422 at 13:04:22.047
starting worker pid=9700 on localhost:11422 at 13:04:22.048
starting worker pid=9694 on localhost:11422 at 13:04:22.053
starting worker pid=9703 on localhost:11422 at 13:04:22.072
starting worker pid=9697 on localhost:11422 at 13:04:22.074
starting worker pid=9695 on localhost:11422 at 13:04:22.079
2022-10-06 13:10:49 INFO::After iteration 20, gene prior 0.0110779518002012:, SNP prior:0.00252493881477177
2022-10-06 13:10:49 INFO::run iteration 21
starting worker pid=10208 on localhost:11422 at 13:10:50.024
starting worker pid=10211 on localhost:11422 at 13:10:50.046
starting worker pid=10209 on localhost:11422 at 13:10:50.046
starting worker pid=10214 on localhost:11422 at 13:10:50.049
starting worker pid=10207 on localhost:11422 at 13:10:50.050
starting worker pid=10210 on localhost:11422 at 13:10:50.052
starting worker pid=10212 on localhost:11422 at 13:10:50.052
starting worker pid=10206 on localhost:11422 at 13:10:50.057
starting worker pid=10205 on localhost:11422 at 13:10:50.059
starting worker pid=10213 on localhost:11422 at 13:10:50.078
2022-10-06 13:17:19 INFO::After iteration 21, gene prior 0.0110944764136605:, SNP prior:0.00252461563683224
2022-10-06 13:17:19 INFO::run iteration 22
starting worker pid=11077 on localhost:11422 at 13:17:20.082
starting worker pid=11078 on localhost:11422 at 13:17:20.084
starting worker pid=11080 on localhost:11422 at 13:17:20.084
starting worker pid=11075 on localhost:11422 at 13:17:20.088
starting worker pid=11082 on localhost:11422 at 13:17:20.093
starting worker pid=11079 on localhost:11422 at 13:17:20.099
starting worker pid=11076 on localhost:11422 at 13:17:20.112
starting worker pid=11081 on localhost:11422 at 13:17:20.113
starting worker pid=11074 on localhost:11422 at 13:17:20.115
starting worker pid=11083 on localhost:11422 at 13:17:20.132
2022-10-06 13:23:44 INFO::After iteration 22, gene prior 0.0111080537076065:, SNP prior:0.00252435001668414
2022-10-06 13:23:44 INFO::run iteration 23
starting worker pid=11823 on localhost:11422 at 13:23:44.979
starting worker pid=11814 on localhost:11422 at 13:23:44.982
starting worker pid=11815 on localhost:11422 at 13:23:44.996
starting worker pid=11817 on localhost:11422 at 13:23:44.997
starting worker pid=11818 on localhost:11422 at 13:23:45.008
starting worker pid=11820 on localhost:11422 at 13:23:45.008
starting worker pid=11816 on localhost:11422 at 13:23:45.010
starting worker pid=11819 on localhost:11422 at 13:23:45.019
starting worker pid=11821 on localhost:11422 at 13:23:45.022
starting worker pid=11822 on localhost:11422 at 13:23:45.036
2022-10-06 13:30:10 INFO::After iteration 23, gene prior 0.0111192070006013:, SNP prior:0.00252413177628035
2022-10-06 13:30:10 INFO::run iteration 24
starting worker pid=12327 on localhost:11422 at 13:30:11.482
starting worker pid=12328 on localhost:11422 at 13:30:11.491
starting worker pid=12325 on localhost:11422 at 13:30:11.492
starting worker pid=12332 on localhost:11422 at 13:30:11.494
starting worker pid=12324 on localhost:11422 at 13:30:11.508
starting worker pid=12329 on localhost:11422 at 13:30:11.509
starting worker pid=12330 on localhost:11422 at 13:30:11.517
starting worker pid=12331 on localhost:11422 at 13:30:11.518
starting worker pid=12326 on localhost:11422 at 13:30:11.521
starting worker pid=12333 on localhost:11422 at 13:30:11.523
2022-10-06 13:36:39 INFO::After iteration 24, gene prior 0.0111283674394471:, SNP prior:0.00252395250839242
2022-10-06 13:36:39 INFO::run iteration 25
starting worker pid=12842 on localhost:11422 at 13:36:40.405
starting worker pid=12844 on localhost:11422 at 13:36:40.406
starting worker pid=12847 on localhost:11422 at 13:36:40.422
starting worker pid=12843 on localhost:11422 at 13:36:40.423
starting worker pid=12846 on localhost:11422 at 13:36:40.426
starting worker pid=12845 on localhost:11422 at 13:36:40.432
starting worker pid=12848 on localhost:11422 at 13:36:40.439
starting worker pid=12840 on localhost:11422 at 13:36:40.441
starting worker pid=12849 on localhost:11422 at 13:36:40.446
starting worker pid=12841 on localhost:11422 at 13:36:40.456
2022-10-06 13:43:03 INFO::After iteration 25, gene prior 0.0111358900028773:, SNP prior:0.00252380528098255
2022-10-06 13:43:03 INFO::run iteration 26
starting worker pid=13428 on localhost:11422 at 13:43:04.183
starting worker pid=13434 on localhost:11422 at 13:43:04.186
starting worker pid=13431 on localhost:11422 at 13:43:04.192
starting worker pid=13435 on localhost:11422 at 13:43:04.194
starting worker pid=13430 on localhost:11422 at 13:43:04.198
starting worker pid=13432 on localhost:11422 at 13:43:04.207
starting worker pid=13426 on localhost:11422 at 13:43:04.209
starting worker pid=13427 on localhost:11422 at 13:43:04.210
starting worker pid=13429 on localhost:11422 at 13:43:04.210
starting worker pid=13433 on localhost:11422 at 13:43:04.224
2022-10-06 13:49:27 INFO::After iteration 26, gene prior 0.0111420667941474:, SNP prior:0.00252368438506791
2022-10-06 13:49:27 INFO::run iteration 27
starting worker pid=14493 on localhost:11422 at 13:49:27.990
starting worker pid=14490 on localhost:11422 at 13:49:28.001
starting worker pid=14491 on localhost:11422 at 13:49:28.008
starting worker pid=14494 on localhost:11422 at 13:49:28.010
starting worker pid=14492 on localhost:11422 at 13:49:28.011
starting worker pid=14495 on localhost:11422 at 13:49:28.020
starting worker pid=14496 on localhost:11422 at 13:49:28.025
starting worker pid=14499 on localhost:11422 at 13:49:28.028
starting worker pid=14498 on localhost:11422 at 13:49:28.047
starting worker pid=14497 on localhost:11422 at 13:49:28.049
2022-10-06 13:55:52 INFO::After iteration 27, gene prior 0.0111471380492863:, SNP prior:0.00252358510844403
2022-10-06 13:55:52 INFO::run iteration 28
starting worker pid=15032 on localhost:11422 at 13:55:53.006
starting worker pid=15035 on localhost:11422 at 13:55:53.008
starting worker pid=15027 on localhost:11422 at 13:55:53.008
starting worker pid=15033 on localhost:11422 at 13:55:53.015
starting worker pid=15026 on localhost:11422 at 13:55:53.022
starting worker pid=15030 on localhost:11422 at 13:55:53.025
starting worker pid=15028 on localhost:11422 at 13:55:53.030
starting worker pid=15029 on localhost:11422 at 13:55:53.031
starting worker pid=15034 on localhost:11422 at 13:55:53.034
starting worker pid=15031 on localhost:11422 at 13:55:53.045
2022-10-06 14:02:17 INFO::After iteration 28, gene prior 0.0111513012112948:, SNP prior:0.00252350348801332
2022-10-06 14:02:17 INFO::run iteration 29
starting worker pid=15543 on localhost:11422 at 14:02:17.787
starting worker pid=15547 on localhost:11422 at 14:02:17.790
starting worker pid=15544 on localhost:11422 at 14:02:17.807
starting worker pid=15551 on localhost:11422 at 14:02:17.812
starting worker pid=15549 on localhost:11422 at 14:02:17.815
starting worker pid=15548 on localhost:11422 at 14:02:17.816
starting worker pid=15550 on localhost:11422 at 14:02:17.824
starting worker pid=15546 on localhost:11422 at 14:02:17.826
starting worker pid=15545 on localhost:11422 at 14:02:17.829
starting worker pid=15542 on localhost:11422 at 14:02:17.838
2022-10-06 14:08:42 INFO::After iteration 29, gene prior 0.0111547188769503:, SNP prior:0.00252343643159668
2022-10-06 14:08:42 INFO::run iteration 30
starting worker pid=16132 on localhost:11422 at 14:08:43.034
starting worker pid=16128 on localhost:11422 at 14:08:43.036
starting worker pid=16123 on localhost:11422 at 14:08:43.040
starting worker pid=16126 on localhost:11422 at 14:08:43.042
starting worker pid=16131 on localhost:11422 at 14:08:43.046
starting worker pid=16127 on localhost:11422 at 14:08:43.049
starting worker pid=16130 on localhost:11422 at 14:08:43.053
starting worker pid=16129 on localhost:11422 at 14:08:43.058
starting worker pid=16124 on localhost:11422 at 14:08:43.061
starting worker pid=16125 on localhost:11422 at 14:08:43.063
2022-10-06 14:15:07 INFO::After iteration 30, gene prior 0.0111575244762805:, SNP prior:0.00252338136171375
2022-10-06 14:15:07 INFO::Run susie for all regions.
2022-10-06 14:15:07 INFO::run iteration 1
starting worker pid=16643 on localhost:11422 at 14:15:07.835
starting worker pid=16638 on localhost:11422 at 14:15:07.835
starting worker pid=16641 on localhost:11422 at 14:15:07.842
starting worker pid=16642 on localhost:11422 at 14:15:07.842
starting worker pid=16635 on localhost:11422 at 14:15:07.851
starting worker pid=16634 on localhost:11422 at 14:15:07.854
starting worker pid=16637 on localhost:11422 at 14:15:07.854
starting worker pid=16640 on localhost:11422 at 14:15:07.863
starting worker pid=16636 on localhost:11422 at 14:15:07.866
starting worker pid=16639 on localhost:11422 at 14:15:07.876
2022-10-06 14:28:36 INFO::After iteration 1, gene prior 0.0361537272709876:, SNP prior:0.00909906203415943
2022-10-06 14:28:36 INFO::No. LD regions: 1700
2022-10-06 14:28:43 INFO::No. regions with at least one SNP/gene for chr1: 131
2022-10-06 14:28:43 INFO::Merge regions for chr1
2022-10-06 14:28:43 INFO::No. regions with at least one SNP/gene for chr1 after merging: 127
2022-10-06 14:28:50 INFO::No. regions with at least one SNP/gene for chr2: 144
2022-10-06 14:28:50 INFO::Merge regions for chr2
2022-10-06 14:28:50 INFO::No. regions with at least one SNP/gene for chr2 after merging: 142
2022-10-06 14:28:55 INFO::No. regions with at least one SNP/gene for chr3: 122
2022-10-06 14:28:55 INFO::Merge regions for chr3
2022-10-06 14:28:55 INFO::No. regions with at least one SNP/gene for chr3 after merging: 121
2022-10-06 14:29:00 INFO::No. regions with at least one SNP/gene for chr4: 122
2022-10-06 14:29:00 INFO::Merge regions for chr4
2022-10-06 14:29:00 INFO::No. regions with at least one SNP/gene for chr4 after merging: 119
2022-10-06 14:29:05 INFO::No. regions with at least one SNP/gene for chr5: 110
2022-10-06 14:29:05 INFO::Merge regions for chr5
2022-10-06 14:29:05 INFO::No. regions with at least one SNP/gene for chr5 after merging: 109
2022-10-06 14:29:10 INFO::No. regions with at least one SNP/gene for chr6: 112
2022-10-06 14:29:10 INFO::Merge regions for chr6
2022-10-06 14:29:10 INFO::No. regions with at least one SNP/gene for chr6 after merging: 111
2022-10-06 14:29:14 INFO::No. regions with at least one SNP/gene for chr7: 99
2022-10-06 14:29:14 INFO::Merge regions for chr7
2022-10-06 14:29:14 INFO::No. regions with at least one SNP/gene for chr7 after merging: 98
2022-10-06 14:29:17 INFO::No. regions with at least one SNP/gene for chr8: 94
2022-10-06 14:29:17 INFO::Merge regions for chr8
2022-10-06 14:29:17 INFO::No. regions with at least one SNP/gene for chr8 after merging: 90
2022-10-06 14:29:20 INFO::No. regions with at least one SNP/gene for chr9: 74
2022-10-06 14:29:20 INFO::Merge regions for chr9
2022-10-06 14:29:20 INFO::No. regions with at least one SNP/gene for chr9 after merging: 73
2022-10-06 14:29:24 INFO::No. regions with at least one SNP/gene for chr10: 85
2022-10-06 14:29:24 INFO::Merge regions for chr10
2022-10-06 14:29:24 INFO::No. regions with at least one SNP/gene for chr10 after merging: 84
2022-10-06 14:29:27 INFO::No. regions with at least one SNP/gene for chr11: 84
2022-10-06 14:29:27 INFO::Merge regions for chr11
2022-10-06 14:29:27 INFO::No. regions with at least one SNP/gene for chr11 after merging: 83
2022-10-06 14:29:30 INFO::No. regions with at least one SNP/gene for chr12: 82
2022-10-06 14:29:30 INFO::Merge regions for chr12
2022-10-06 14:29:30 INFO::No. regions with at least one SNP/gene for chr12 after merging: 80
2022-10-06 14:29:32 INFO::No. regions with at least one SNP/gene for chr13: 62
2022-10-06 14:29:32 INFO::Merge regions for chr13
2022-10-06 14:29:32 INFO::No. regions with at least one SNP/gene for chr13 after merging: 61
2022-10-06 14:29:34 INFO::No. regions with at least one SNP/gene for chr14: 56
2022-10-06 14:29:34 INFO::Merge regions for chr14
2022-10-06 14:29:34 INFO::No. regions with at least one SNP/gene for chr14 after merging: 56
2022-10-06 14:29:37 INFO::No. regions with at least one SNP/gene for chr15: 49
2022-10-06 14:29:37 INFO::Merge regions for chr15
2022-10-06 14:29:37 INFO::No. regions with at least one SNP/gene for chr15 after merging: 47
2022-10-06 14:29:39 INFO::No. regions with at least one SNP/gene for chr16: 54
2022-10-06 14:29:39 INFO::Merge regions for chr16
2022-10-06 14:29:39 INFO::No. regions with at least one SNP/gene for chr16 after merging: 53
2022-10-06 14:29:41 INFO::No. regions with at least one SNP/gene for chr17: 47
2022-10-06 14:29:41 INFO::Merge regions for chr17
2022-10-06 14:29:41 INFO::No. regions with at least one SNP/gene for chr17 after merging: 46
2022-10-06 14:29:43 INFO::No. regions with at least one SNP/gene for chr18: 47
2022-10-06 14:29:43 INFO::Merge regions for chr18
2022-10-06 14:29:43 INFO::No. regions with at least one SNP/gene for chr18 after merging: 46
2022-10-06 14:29:44 INFO::No. regions with at least one SNP/gene for chr19: 39
2022-10-06 14:29:44 INFO::Merge regions for chr19
2022-10-06 14:29:44 INFO::No. regions with at least one SNP/gene for chr19 after merging: 34
2022-10-06 14:29:46 INFO::No. regions with at least one SNP/gene for chr20: 38
2022-10-06 14:29:46 INFO::Merge regions for chr20
2022-10-06 14:29:46 INFO::No. regions with at least one SNP/gene for chr20 after merging: 37
2022-10-06 14:29:47 INFO::No. regions with at least one SNP/gene for chr21: 24
2022-10-06 14:29:47 INFO::Merge regions for chr21
2022-10-06 14:29:47 INFO::No. regions with at least one SNP/gene for chr21 after merging: 23
2022-10-06 14:29:48 INFO::No. regions with at least one SNP/gene for chr22: 24
2022-10-06 14:29:48 INFO::Merge regions for chr22
2022-10-06 14:29:48 INFO::No. regions with at least one SNP/gene for chr22 after merging: 23
2022-10-06 14:29:48 INFO::Trim regions with SNPs more than 20000
2022-10-06 14:29:48 INFO::Adding R matrix info, as genotype is not given
2022-10-06 14:29:49 INFO::Adding R matrix info for chrom 1
2022-10-06 14:38:40 INFO::Adding R matrix info for chrom 2
2022-10-06 14:48:04 INFO::Adding R matrix info for chrom 3
2022-10-06 14:55:08 INFO::Adding R matrix info for chrom 4
2022-10-06 15:03:00 INFO::Adding R matrix info for chrom 5
2022-10-06 15:09:19 INFO::Adding R matrix info for chrom 6
2022-10-06 15:16:24 INFO::Adding R matrix info for chrom 7
2022-10-06 15:22:35 INFO::Adding R matrix info for chrom 8
2022-10-06 15:29:14 INFO::Adding R matrix info for chrom 9
2022-10-06 15:34:01 INFO::Adding R matrix info for chrom 10
2022-10-06 15:39:41 INFO::Adding R matrix info for chrom 11
2022-10-06 15:45:53 INFO::Adding R matrix info for chrom 12
2022-10-06 15:51:42 INFO::Adding R matrix info for chrom 13
2022-10-06 15:55:35 INFO::Adding R matrix info for chrom 14
2022-10-06 15:59:07 INFO::Adding R matrix info for chrom 15
2022-10-06 16:02:30 INFO::Adding R matrix info for chrom 16
2022-10-06 16:05:47 INFO::Adding R matrix info for chrom 17
2022-10-06 16:09:46 INFO::Adding R matrix info for chrom 18
2022-10-06 16:13:00 INFO::Adding R matrix info for chrom 19
2022-10-06 16:19:01 INFO::Adding R matrix info for chrom 20
2022-10-06 16:21:44 INFO::Adding R matrix info for chrom 21
2022-10-06 16:23:07 INFO::Adding R matrix info for chrom 22
2022-10-06 16:27:00 INFO::Number of regions that contain strong gene signals: 10
2022-10-06 16:27:00 INFO::Rerun susie for regions with strong gene signals using full SNPs.
2022-10-06 16:27:00 INFO::run iteration 1
starting worker pid=27586 on localhost:11422 at 16:27:01.770
2022-10-06 16:32:19 INFO::After iteration 1, gene prior 0.0415045843504455:, SNP prior:0.000688082646706194
$group_prior
[1] 0.0111575245 0.0002523381

$group_prior_var
[1] 10.191177  8.698964

R version 4.1.0 (2021-05-18)
Platform: x86_64-pc-linux-gnu (64-bit)
Running under: Scientific Linux 7.4 (Nitrogen)

Matrix products: default
BLAS/LAPACK: /software/openblas-0.3.13-el7-x86_64/lib/libopenblas_haswellp-r0.3.13.so

locale:
[1] C

attached base packages:
[1] stats     graphics  grDevices utils     datasets  methods   base     

other attached packages:
[1] data.table_1.14.2 ctwas_0.1.34     

loaded via a namespace (and not attached):
 [1] Rcpp_1.0.9        compiler_4.1.0    pillar_1.7.0      iterators_1.0.14 
 [5] tools_4.1.0       bit_4.0.4         RSQLite_2.2.14    memoise_2.0.1    
 [9] lifecycle_1.0.1   tibble_3.1.7      lattice_0.20-44   pkgconfig_2.0.3  
[13] rlang_1.0.4       Matrix_1.3-3      foreach_1.5.2     DBI_1.1.2        
[17] cli_3.3.0         parallel_4.1.0    fastmap_1.1.0     pgenlibr_0.3.2   
[21] vctrs_0.4.1       hms_1.1.1         bit64_4.0.5       grid_4.1.0       
[25] glue_1.6.2        R6_2.5.1          fansi_1.0.3       readr_2.1.2      
[29] tzdb_0.3.0        blob_1.2.3        magrittr_2.0.3    codetools_0.2-18 
[33] ellipsis_0.3.2    logging_0.10-108  utf8_1.2.2        doParallel_1.0.17
[37] cachem_1.0.6      crayon_1.5.1     
