[1] "/project2/xinhe/shengqian/cTWAS/cTWAS_analysis/data/UKBB/ieu-a-22.vcf.gz"
[2] "/project2/mstephens/wcrouse/UKB_LDR_0.1"                                 
[3] "/project2/compbio/predictdb/mashr_models/mashr_Brain_Cerebellum.db"      
[4] "/project2/xinhe/shengqian/cTWAS/cTWAS_analysis/code/ctwas_config.R"      
[5] "SCZ_Brain_Cerebellum_expr"                                               
[6] "SCZ_Brain_Cerebellum_ctwas"                                              
[7] "/project2/xinhe/shengqian/cTWAS/cTWAS_analysis/data/SCZ/Brain_Cerebellum"
2022-02-26 15:43:54 INFO::Flipping z scores to match LD reference
2022-02-26 15:43:56 INFO::Harmonizing strand-ambiguous z scores using imputation by region
2022-02-26 16:05:27 INFO::Reading weights for chromosome 1
2022-02-26 16:05:27 INFO::Number of genes with weights provided: 13992
2022-02-26 16:05:27 INFO::Collecting gene weight information ...
2022-02-26 16:05:27 INFO::Flipping weights to match LD reference
2022-02-26 16:05:27 INFO::Harmonizing strand ambiguous weights using correlations with unambiguous variants
2022-02-26 16:19:17 INFO::Start gene z score imputation ...
2022-02-26 16:19:17 INFO::Using given LD matrices to impute gene z score.
2022-02-26 16:29:25 INFO::Imputation done, writing results to output...
2022-02-26 16:29:25 INFO::Imputation done: number of genes with imputed expression: 1112 for chr 1
2022-02-26 16:29:26 INFO::Flipping z scores to match LD reference
2022-02-26 16:29:28 INFO::Harmonizing strand-ambiguous z scores using imputation by region
2022-02-26 16:54:25 INFO::Reading weights for chromosome 2
2022-02-26 16:54:25 INFO::Number of genes with weights provided: 13992
2022-02-26 16:54:25 INFO::Collecting gene weight information ...
2022-02-26 16:54:25 INFO::Flipping weights to match LD reference
2022-02-26 16:54:25 INFO::Harmonizing strand ambiguous weights using correlations with unambiguous variants
2022-02-26 17:05:09 INFO::Start gene z score imputation ...
2022-02-26 17:05:09 INFO::Using given LD matrices to impute gene z score.
2022-02-26 17:13:58 INFO::Imputation done, writing results to output...
2022-02-26 17:13:59 INFO::Imputation done: number of genes with imputed expression: 817 for chr 2
2022-02-26 17:13:59 INFO::Flipping z scores to match LD reference
2022-02-26 17:14:01 INFO::Harmonizing strand-ambiguous z scores using imputation by region
2022-02-26 17:32:05 INFO::Reading weights for chromosome 3
2022-02-26 17:32:05 INFO::Number of genes with weights provided: 13992
2022-02-26 17:32:05 INFO::Collecting gene weight information ...
2022-02-26 17:32:05 INFO::Flipping weights to match LD reference
2022-02-26 17:32:05 INFO::Harmonizing strand ambiguous weights using correlations with unambiguous variants
2022-02-26 17:39:52 INFO::Start gene z score imputation ...
2022-02-26 17:39:52 INFO::Using given LD matrices to impute gene z score.
2022-02-26 17:47:36 INFO::Imputation done, writing results to output...
2022-02-26 17:47:36 INFO::Imputation done: number of genes with imputed expression: 667 for chr 3
2022-02-26 17:47:37 INFO::Flipping z scores to match LD reference
2022-02-26 17:47:39 INFO::Harmonizing strand-ambiguous z scores using imputation by region
2022-02-26 18:07:43 INFO::Reading weights for chromosome 4
2022-02-26 18:07:44 INFO::Number of genes with weights provided: 13992
2022-02-26 18:07:44 INFO::Collecting gene weight information ...
2022-02-26 18:07:44 INFO::Flipping weights to match LD reference
2022-02-26 18:07:44 INFO::Harmonizing strand ambiguous weights using correlations with unambiguous variants
2022-02-26 18:13:35 INFO::Start gene z score imputation ...
2022-02-26 18:13:35 INFO::Using given LD matrices to impute gene z score.
2022-02-26 18:20:19 INFO::Imputation done, writing results to output...
2022-02-26 18:20:19 INFO::Imputation done: number of genes with imputed expression: 419 for chr 4
2022-02-26 18:20:20 INFO::Flipping z scores to match LD reference
2022-02-26 18:20:22 INFO::Harmonizing strand-ambiguous z scores using imputation by region
2022-02-26 18:36:47 INFO::Reading weights for chromosome 5
2022-02-26 18:36:47 INFO::Number of genes with weights provided: 13992
2022-02-26 18:36:47 INFO::Collecting gene weight information ...
2022-02-26 18:36:47 INFO::Flipping weights to match LD reference
2022-02-26 18:36:47 INFO::Harmonizing strand ambiguous weights using correlations with unambiguous variants
2022-02-26 18:42:52 INFO::Start gene z score imputation ...
2022-02-26 18:42:52 INFO::Using given LD matrices to impute gene z score.
2022-02-26 18:49:00 INFO::Imputation done, writing results to output...
2022-02-26 18:49:00 INFO::Imputation done: number of genes with imputed expression: 566 for chr 5
2022-02-26 18:49:01 INFO::Flipping z scores to match LD reference
2022-02-26 18:49:03 INFO::Harmonizing strand-ambiguous z scores using imputation by region
2022-02-26 19:06:07 INFO::Reading weights for chromosome 6
2022-02-26 19:06:07 INFO::Number of genes with weights provided: 13992
2022-02-26 19:06:07 INFO::Collecting gene weight information ...
2022-02-26 19:06:07 INFO::Flipping weights to match LD reference
2022-02-26 19:06:07 INFO::Harmonizing strand ambiguous weights using correlations with unambiguous variants
2022-02-26 19:18:56 INFO::Start gene z score imputation ...
2022-02-26 19:18:56 INFO::Using given LD matrices to impute gene z score.
2022-02-26 19:26:01 INFO::Imputation done, writing results to output...
2022-02-26 19:26:01 INFO::Imputation done: number of genes with imputed expression: 572 for chr 6
2022-02-26 19:26:02 INFO::Flipping z scores to match LD reference
2022-02-26 19:26:04 INFO::Harmonizing strand-ambiguous z scores using imputation by region
2022-02-26 19:43:37 INFO::Reading weights for chromosome 7
2022-02-26 19:43:37 INFO::Number of genes with weights provided: 13992
2022-02-26 19:43:37 INFO::Collecting gene weight information ...
2022-02-26 19:43:37 INFO::Flipping weights to match LD reference
2022-02-26 19:43:37 INFO::Harmonizing strand ambiguous weights using correlations with unambiguous variants
2022-02-26 19:51:51 INFO::Start gene z score imputation ...
2022-02-26 19:51:51 INFO::Using given LD matrices to impute gene z score.
2022-02-26 19:58:54 INFO::Imputation done, writing results to output...
2022-02-26 19:58:55 INFO::Imputation done: number of genes with imputed expression: 571 for chr 7
2022-02-26 19:58:55 INFO::Flipping z scores to match LD reference
2022-02-26 19:58:57 INFO::Harmonizing strand-ambiguous z scores using imputation by region
2022-02-26 20:16:10 INFO::Reading weights for chromosome 8
2022-02-26 20:16:10 INFO::Number of genes with weights provided: 13992
2022-02-26 20:16:10 INFO::Collecting gene weight information ...
2022-02-26 20:16:10 INFO::Flipping weights to match LD reference
2022-02-26 20:16:10 INFO::Harmonizing strand ambiguous weights using correlations with unambiguous variants
2022-02-26 20:21:57 INFO::Start gene z score imputation ...
2022-02-26 20:21:57 INFO::Using given LD matrices to impute gene z score.
2022-02-26 20:28:54 INFO::Imputation done, writing results to output...
2022-02-26 20:28:54 INFO::Imputation done: number of genes with imputed expression: 434 for chr 8
2022-02-26 20:28:55 INFO::Flipping z scores to match LD reference
2022-02-26 20:28:56 INFO::Harmonizing strand-ambiguous z scores using imputation by region
2022-02-26 20:41:19 INFO::Reading weights for chromosome 9
2022-02-26 20:41:19 INFO::Number of genes with weights provided: 13992
2022-02-26 20:41:19 INFO::Collecting gene weight information ...
2022-02-26 20:41:19 INFO::Flipping weights to match LD reference
2022-02-26 20:41:19 INFO::Harmonizing strand ambiguous weights using correlations with unambiguous variants
2022-02-26 20:47:20 INFO::Start gene z score imputation ...
2022-02-26 20:47:20 INFO::Using given LD matrices to impute gene z score.
2022-02-26 20:53:38 INFO::Imputation done, writing results to output...
2022-02-26 20:53:39 INFO::Imputation done: number of genes with imputed expression: 457 for chr 9
2022-02-26 20:53:40 INFO::Flipping z scores to match LD reference
2022-02-26 20:53:45 INFO::Harmonizing strand-ambiguous z scores using imputation by region
2022-02-26 21:09:15 INFO::Reading weights for chromosome 10
2022-02-26 21:09:15 INFO::Number of genes with weights provided: 13992
2022-02-26 21:09:15 INFO::Collecting gene weight information ...
2022-02-26 21:09:15 INFO::Flipping weights to match LD reference
2022-02-26 21:09:15 INFO::Harmonizing strand ambiguous weights using correlations with unambiguous variants
2022-02-26 21:15:55 INFO::Start gene z score imputation ...
2022-02-26 21:15:55 INFO::Using given LD matrices to impute gene z score.
2022-02-26 21:21:05 INFO::Imputation done, writing results to output...
2022-02-26 21:21:05 INFO::Imputation done: number of genes with imputed expression: 464 for chr 10
2022-02-26 21:21:06 INFO::Flipping z scores to match LD reference
2022-02-26 21:21:08 INFO::Harmonizing strand-ambiguous z scores using imputation by region
2022-02-26 21:37:08 INFO::Reading weights for chromosome 11
2022-02-26 21:37:08 INFO::Number of genes with weights provided: 13992
2022-02-26 21:37:08 INFO::Collecting gene weight information ...
2022-02-26 21:37:08 INFO::Flipping weights to match LD reference
2022-02-26 21:37:08 INFO::Harmonizing strand ambiguous weights using correlations with unambiguous variants
2022-02-26 21:45:23 INFO::Start gene z score imputation ...
2022-02-26 21:45:23 INFO::Using given LD matrices to impute gene z score.
2022-02-26 21:52:54 INFO::Imputation done, writing results to output...
2022-02-26 21:52:54 INFO::Imputation done: number of genes with imputed expression: 693 for chr 11
2022-02-26 21:52:55 INFO::Flipping z scores to match LD reference
2022-02-26 21:52:57 INFO::Harmonizing strand-ambiguous z scores using imputation by region
2022-02-26 22:07:00 INFO::Reading weights for chromosome 12
2022-02-26 22:07:00 INFO::Number of genes with weights provided: 13992
2022-02-26 22:07:00 INFO::Collecting gene weight information ...
2022-02-26 22:07:00 INFO::Flipping weights to match LD reference
2022-02-26 22:07:00 INFO::Harmonizing strand ambiguous weights using correlations with unambiguous variants
2022-02-26 22:15:50 INFO::Start gene z score imputation ...
2022-02-26 22:15:50 INFO::Using given LD matrices to impute gene z score.
2022-02-26 22:22:37 INFO::Imputation done, writing results to output...
2022-02-26 22:22:39 INFO::Imputation done: number of genes with imputed expression: 659 for chr 12
2022-02-26 22:22:40 INFO::Flipping z scores to match LD reference
2022-02-26 22:22:41 INFO::Harmonizing strand-ambiguous z scores using imputation by region
2022-02-26 22:33:38 INFO::Reading weights for chromosome 13
2022-02-26 22:33:38 INFO::Number of genes with weights provided: 13992
2022-02-26 22:33:38 INFO::Collecting gene weight information ...
2022-02-26 22:33:38 INFO::Flipping weights to match LD reference
2022-02-26 22:33:38 INFO::Harmonizing strand ambiguous weights using correlations with unambiguous variants
2022-02-26 22:36:17 INFO::Start gene z score imputation ...
2022-02-26 22:36:17 INFO::Using given LD matrices to impute gene z score.
2022-02-26 22:40:07 INFO::Imputation done, writing results to output...
2022-02-26 22:40:07 INFO::Imputation done: number of genes with imputed expression: 232 for chr 13
2022-02-26 22:40:08 INFO::Flipping z scores to match LD reference
2022-02-26 22:40:10 INFO::Harmonizing strand-ambiguous z scores using imputation by region
2022-02-26 22:49:08 INFO::Reading weights for chromosome 14
2022-02-26 22:49:08 INFO::Number of genes with weights provided: 13992
2022-02-26 22:49:08 INFO::Collecting gene weight information ...
2022-02-26 22:49:08 INFO::Flipping weights to match LD reference
2022-02-26 22:49:08 INFO::Harmonizing strand ambiguous weights using correlations with unambiguous variants
2022-02-26 22:54:37 INFO::Start gene z score imputation ...
2022-02-26 22:54:37 INFO::Using given LD matrices to impute gene z score.
2022-02-26 22:58:53 INFO::Imputation done, writing results to output...
2022-02-26 22:58:54 INFO::Imputation done: number of genes with imputed expression: 385 for chr 14
2022-02-26 22:58:55 INFO::Flipping z scores to match LD reference
2022-02-26 22:58:56 INFO::Harmonizing strand-ambiguous z scores using imputation by region
2022-02-26 23:05:51 INFO::Reading weights for chromosome 15
2022-02-26 23:05:51 INFO::Number of genes with weights provided: 13992
2022-02-26 23:05:51 INFO::Collecting gene weight information ...
2022-02-26 23:05:51 INFO::Flipping weights to match LD reference
2022-02-26 23:05:51 INFO::Harmonizing strand ambiguous weights using correlations with unambiguous variants
2022-02-26 23:10:25 INFO::Start gene z score imputation ...
2022-02-26 23:10:25 INFO::Using given LD matrices to impute gene z score.
2022-02-26 23:14:16 INFO::Imputation done, writing results to output...
2022-02-26 23:14:17 INFO::Imputation done: number of genes with imputed expression: 381 for chr 15
2022-02-26 23:14:17 INFO::Flipping z scores to match LD reference
2022-02-26 23:14:19 INFO::Harmonizing strand-ambiguous z scores using imputation by region
2022-02-26 23:21:30 INFO::Reading weights for chromosome 16
2022-02-26 23:21:30 INFO::Number of genes with weights provided: 13992
2022-02-26 23:21:30 INFO::Collecting gene weight information ...
2022-02-26 23:21:30 INFO::Flipping weights to match LD reference
2022-02-26 23:21:30 INFO::Harmonizing strand ambiguous weights using correlations with unambiguous variants
2022-02-26 23:27:55 INFO::Start gene z score imputation ...
2022-02-26 23:27:55 INFO::Using given LD matrices to impute gene z score.
2022-02-26 23:32:04 INFO::Imputation done, writing results to output...
2022-02-26 23:32:05 INFO::Imputation done: number of genes with imputed expression: 551 for chr 16
2022-02-26 23:32:05 INFO::Flipping z scores to match LD reference
2022-02-26 23:32:07 INFO::Harmonizing strand-ambiguous z scores using imputation by region
2022-02-26 23:38:37 INFO::Reading weights for chromosome 17
2022-02-26 23:38:37 INFO::Number of genes with weights provided: 13992
2022-02-26 23:38:37 INFO::Collecting gene weight information ...
2022-02-26 23:38:37 INFO::Flipping weights to match LD reference
2022-02-26 23:38:37 INFO::Harmonizing strand ambiguous weights using correlations with unambiguous variants
2022-02-26 23:46:18 INFO::Start gene z score imputation ...
2022-02-26 23:46:18 INFO::Using given LD matrices to impute gene z score.
2022-02-26 23:51:57 INFO::Imputation done, writing results to output...
2022-02-26 23:51:58 INFO::Imputation done: number of genes with imputed expression: 700 for chr 17
2022-02-26 23:51:58 INFO::Flipping z scores to match LD reference
2022-02-26 23:52:00 INFO::Harmonizing strand-ambiguous z scores using imputation by region
2022-02-27 00:00:58 INFO::Reading weights for chromosome 18
2022-02-27 00:00:58 INFO::Number of genes with weights provided: 13992
2022-02-27 00:00:58 INFO::Collecting gene weight information ...
2022-02-27 00:00:58 INFO::Flipping weights to match LD reference
2022-02-27 00:00:58 INFO::Harmonizing strand ambiguous weights using correlations with unambiguous variants
2022-02-27 00:04:14 INFO::Start gene z score imputation ...
2022-02-27 00:04:14 INFO::Using given LD matrices to impute gene z score.
2022-02-27 00:07:36 INFO::Imputation done, writing results to output...
2022-02-27 00:07:36 INFO::Imputation done: number of genes with imputed expression: 174 for chr 18
2022-02-27 00:07:37 INFO::Flipping z scores to match LD reference
2022-02-27 00:07:38 INFO::Harmonizing strand-ambiguous z scores using imputation by region
2022-02-27 00:13:15 INFO::Reading weights for chromosome 19
2022-02-27 00:13:15 INFO::Number of genes with weights provided: 13992
2022-02-27 00:13:15 INFO::Collecting gene weight information ...
2022-02-27 00:13:15 INFO::Flipping weights to match LD reference
2022-02-27 00:13:15 INFO::Harmonizing strand ambiguous weights using correlations with unambiguous variants
2022-02-27 00:25:07 INFO::Start gene z score imputation ...
2022-02-27 00:25:07 INFO::Using given LD matrices to impute gene z score.
2022-02-27 00:32:11 INFO::Imputation done, writing results to output...
2022-02-27 00:32:12 INFO::Imputation done: number of genes with imputed expression: 910 for chr 19
2022-02-27 00:32:12 INFO::Flipping z scores to match LD reference
2022-02-27 00:32:14 INFO::Harmonizing strand-ambiguous z scores using imputation by region
2022-02-27 00:39:03 INFO::Reading weights for chromosome 20
2022-02-27 00:39:03 INFO::Number of genes with weights provided: 13992
2022-02-27 00:39:03 INFO::Collecting gene weight information ...
2022-02-27 00:39:03 INFO::Flipping weights to match LD reference
2022-02-27 00:39:03 INFO::Harmonizing strand ambiguous weights using correlations with unambiguous variants
2022-02-27 00:43:44 INFO::Start gene z score imputation ...
2022-02-27 00:43:44 INFO::Using given LD matrices to impute gene z score.
2022-02-27 00:48:18 INFO::Imputation done, writing results to output...
2022-02-27 00:48:18 INFO::Imputation done: number of genes with imputed expression: 343 for chr 20
2022-02-27 00:48:18 INFO::Flipping z scores to match LD reference
2022-02-27 00:48:20 INFO::Harmonizing strand-ambiguous z scores using imputation by region
2022-02-27 00:51:52 INFO::Reading weights for chromosome 21
2022-02-27 00:51:52 INFO::Number of genes with weights provided: 13992
2022-02-27 00:51:52 INFO::Collecting gene weight information ...
2022-02-27 00:51:52 INFO::Flipping weights to match LD reference
2022-02-27 00:51:52 INFO::Harmonizing strand ambiguous weights using correlations with unambiguous variants
2022-02-27 00:53:45 INFO::Start gene z score imputation ...
2022-02-27 00:53:45 INFO::Using given LD matrices to impute gene z score.
2022-02-27 00:55:27 INFO::Imputation done, writing results to output...
2022-02-27 00:55:27 INFO::Imputation done: number of genes with imputed expression: 128 for chr 21
2022-02-27 00:55:27 INFO::Flipping z scores to match LD reference
2022-02-27 00:55:29 INFO::Harmonizing strand-ambiguous z scores using imputation by region
2022-02-27 00:58:31 INFO::Reading weights for chromosome 22
2022-02-27 00:58:31 INFO::Number of genes with weights provided: 13992
2022-02-27 00:58:31 INFO::Collecting gene weight information ...
2022-02-27 00:58:31 INFO::Flipping weights to match LD reference
2022-02-27 00:58:31 INFO::Harmonizing strand ambiguous weights using correlations with unambiguous variants
2022-02-27 01:01:51 INFO::Start gene z score imputation ...
2022-02-27 01:01:51 INFO::Using given LD matrices to impute gene z score.
2022-02-27 01:04:33 INFO::Imputation done, writing results to output...
2022-02-27 01:04:33 INFO::Imputation done: number of genes with imputed expression: 305 for chr 22
2022-02-27 01:04:57 INFO::ctwas started ...
2022-02-27 01:05:18 INFO::LD region file: /home/shengqian/R/x86_64-pc-linux-gnu-library/3.6/ctwas/extdata/ldetect/EUR.b38.bed
2022-02-27 01:05:28 INFO::No. LD regions: 1700
2022-02-27 01:05:33 INFO::No. regions with at least one SNP/gene for chr1: 131
2022-02-27 01:05:33 INFO::Merge regions for chr1
2022-02-27 01:05:33 INFO::No. regions with at least one SNP/gene for chr1 after merging: 127
2022-02-27 01:05:39 INFO::No. regions with at least one SNP/gene for chr2: 144
2022-02-27 01:05:39 INFO::Merge regions for chr2
2022-02-27 01:05:39 INFO::No. regions with at least one SNP/gene for chr2 after merging: 140
2022-02-27 01:05:43 INFO::No. regions with at least one SNP/gene for chr3: 122
2022-02-27 01:05:43 INFO::Merge regions for chr3
2022-02-27 01:05:43 INFO::No. regions with at least one SNP/gene for chr3 after merging: 119
2022-02-27 01:05:48 INFO::No. regions with at least one SNP/gene for chr4: 122
2022-02-27 01:05:48 INFO::Merge regions for chr4
2022-02-27 01:05:48 INFO::No. regions with at least one SNP/gene for chr4 after merging: 120
2022-02-27 01:05:52 INFO::No. regions with at least one SNP/gene for chr5: 110
2022-02-27 01:05:52 INFO::Merge regions for chr5
2022-02-27 01:05:52 INFO::No. regions with at least one SNP/gene for chr5 after merging: 109
2022-02-27 01:05:56 INFO::No. regions with at least one SNP/gene for chr6: 112
2022-02-27 01:05:56 INFO::Merge regions for chr6
2022-02-27 01:05:56 INFO::No. regions with at least one SNP/gene for chr6 after merging: 111
2022-02-27 01:05:59 INFO::No. regions with at least one SNP/gene for chr7: 99
2022-02-27 01:05:59 INFO::Merge regions for chr7
2022-02-27 01:05:59 INFO::No. regions with at least one SNP/gene for chr7 after merging: 97
2022-02-27 01:06:02 INFO::No. regions with at least one SNP/gene for chr8: 94
2022-02-27 01:06:02 INFO::Merge regions for chr8
2022-02-27 01:06:02 INFO::No. regions with at least one SNP/gene for chr8 after merging: 91
2022-02-27 01:06:05 INFO::No. regions with at least one SNP/gene for chr9: 74
2022-02-27 01:06:05 INFO::Merge regions for chr9
2022-02-27 01:06:05 INFO::No. regions with at least one SNP/gene for chr9 after merging: 70
2022-02-27 01:06:09 INFO::No. regions with at least one SNP/gene for chr10: 85
2022-02-27 01:06:09 INFO::Merge regions for chr10
2022-02-27 01:06:09 INFO::No. regions with at least one SNP/gene for chr10 after merging: 84
2022-02-27 01:06:11 INFO::No. regions with at least one SNP/gene for chr11: 84
2022-02-27 01:06:11 INFO::Merge regions for chr11
2022-02-27 01:06:11 INFO::No. regions with at least one SNP/gene for chr11 after merging: 79
2022-02-27 01:06:14 INFO::No. regions with at least one SNP/gene for chr12: 82
2022-02-27 01:06:14 INFO::Merge regions for chr12
2022-02-27 01:06:14 INFO::No. regions with at least one SNP/gene for chr12 after merging: 77
2022-02-27 01:06:16 INFO::No. regions with at least one SNP/gene for chr13: 62
2022-02-27 01:06:16 INFO::Merge regions for chr13
2022-02-27 01:06:16 INFO::No. regions with at least one SNP/gene for chr13 after merging: 60
2022-02-27 01:06:18 INFO::No. regions with at least one SNP/gene for chr14: 56
2022-02-27 01:06:18 INFO::Merge regions for chr14
2022-02-27 01:06:18 INFO::No. regions with at least one SNP/gene for chr14 after merging: 53
2022-02-27 01:06:20 INFO::No. regions with at least one SNP/gene for chr15: 49
2022-02-27 01:06:20 INFO::Merge regions for chr15
2022-02-27 01:06:20 INFO::No. regions with at least one SNP/gene for chr15 after merging: 47
2022-02-27 01:06:22 INFO::No. regions with at least one SNP/gene for chr16: 54
2022-02-27 01:06:22 INFO::Merge regions for chr16
2022-02-27 01:06:22 INFO::No. regions with at least one SNP/gene for chr16 after merging: 54
2022-02-27 01:06:23 INFO::No. regions with at least one SNP/gene for chr17: 47
2022-02-27 01:06:23 INFO::Merge regions for chr17
2022-02-27 01:06:23 INFO::No. regions with at least one SNP/gene for chr17 after merging: 45
2022-02-27 01:06:25 INFO::No. regions with at least one SNP/gene for chr18: 47
2022-02-27 01:06:25 INFO::Merge regions for chr18
2022-02-27 01:06:25 INFO::No. regions with at least one SNP/gene for chr18 after merging: 45
2022-02-27 01:06:26 INFO::No. regions with at least one SNP/gene for chr19: 39
2022-02-27 01:06:26 INFO::Merge regions for chr19
2022-02-27 01:06:26 INFO::No. regions with at least one SNP/gene for chr19 after merging: 36
2022-02-27 01:06:27 INFO::No. regions with at least one SNP/gene for chr20: 38
2022-02-27 01:06:27 INFO::Merge regions for chr20
2022-02-27 01:06:27 INFO::No. regions with at least one SNP/gene for chr20 after merging: 34
2022-02-27 01:06:29 INFO::No. regions with at least one SNP/gene for chr21: 24
2022-02-27 01:06:29 INFO::Merge regions for chr21
2022-02-27 01:06:29 INFO::No. regions with at least one SNP/gene for chr21 after merging: 23
2022-02-27 01:06:30 INFO::No. regions with at least one SNP/gene for chr22: 24
2022-02-27 01:06:30 INFO::Merge regions for chr22
2022-02-27 01:06:31 INFO::No. regions with at least one SNP/gene for chr22 after merging: 22
2022-02-27 01:06:31 INFO::Trim regions with SNPs more than Inf
2022-02-27 01:06:31 INFO::Adding R matrix info, as genotype is not given
2022-02-27 01:06:31 INFO::Adding R matrix info for chrom 1
2022-02-27 01:16:45 INFO::Adding R matrix info for chrom 2
2022-02-27 01:26:31 INFO::Adding R matrix info for chrom 3
2022-02-27 01:34:03 INFO::Adding R matrix info for chrom 4
2022-02-27 01:41:39 INFO::Adding R matrix info for chrom 5
2022-02-27 01:47:49 INFO::Adding R matrix info for chrom 6
2022-02-27 01:54:56 INFO::Adding R matrix info for chrom 7
2022-02-27 02:01:43 INFO::Adding R matrix info for chrom 8
2022-02-27 02:08:22 INFO::Adding R matrix info for chrom 9
2022-02-27 02:14:11 INFO::Adding R matrix info for chrom 10
2022-02-27 02:19:36 INFO::Adding R matrix info for chrom 11
2022-02-27 02:27:13 INFO::Adding R matrix info for chrom 12
2022-02-27 02:34:19 INFO::Adding R matrix info for chrom 13
2022-02-27 02:38:14 INFO::Adding R matrix info for chrom 14
2022-02-27 02:42:38 INFO::Adding R matrix info for chrom 15
2022-02-27 02:46:06 INFO::Adding R matrix info for chrom 16
2022-02-27 02:49:57 INFO::Adding R matrix info for chrom 17
2022-02-27 02:54:44 INFO::Adding R matrix info for chrom 18
2022-02-27 02:58:09 INFO::Adding R matrix info for chrom 19
2022-02-27 03:03:38 INFO::Adding R matrix info for chrom 20
2022-02-27 03:07:33 INFO::Adding R matrix info for chrom 21
2022-02-27 03:09:00 INFO::Adding R matrix info for chrom 22
2022-02-27 03:11:21 INFO::Run susie iteratively, getting rough estimate ...
2022-02-27 03:11:21 INFO::run iteration 1
starting worker pid=55580 on localhost:11560 at 03:11:22.237
starting worker pid=55594 on localhost:11560 at 03:11:22.836
starting worker pid=55608 on localhost:11560 at 03:11:23.405
starting worker pid=55621 on localhost:11560 at 03:11:23.938
starting worker pid=55635 on localhost:11560 at 03:11:24.469
starting worker pid=55648 on localhost:11560 at 03:11:24.998
starting worker pid=55661 on localhost:11560 at 03:11:25.530
starting worker pid=55675 on localhost:11560 at 03:11:26.060
starting worker pid=55688 on localhost:11560 at 03:11:26.590
starting worker pid=55702 on localhost:11560 at 03:11:27.130
2022-02-27 03:26:23 INFO::After iteration 1, gene prior 0.0033823453073704:, SNP prior:0.00211775948046901
2022-02-27 03:26:24 INFO::run iteration 2
starting worker pid=56659 on localhost:11560 at 03:26:25.297
starting worker pid=56673 on localhost:11560 at 03:26:25.917
starting worker pid=56686 on localhost:11560 at 03:26:26.500
starting worker pid=56700 on localhost:11560 at 03:26:27.046
starting worker pid=56713 on localhost:11560 at 03:26:27.578
starting worker pid=56727 on localhost:11560 at 03:26:28.110
starting worker pid=56740 on localhost:11560 at 03:26:28.644
starting worker pid=56753 on localhost:11560 at 03:26:29.185
starting worker pid=56767 on localhost:11560 at 03:26:29.719
starting worker pid=56780 on localhost:11560 at 03:26:30.259
2022-02-27 03:41:08 INFO::After iteration 2, gene prior 0.00409195691555626:, SNP prior:0.00184056935565943
2022-02-27 03:41:08 INFO::run iteration 3
starting worker pid=719 on localhost:11560 at 03:41:09.596
starting worker pid=733 on localhost:11560 at 03:41:10.180
starting worker pid=749 on localhost:11560 at 03:41:10.728
starting worker pid=763 on localhost:11560 at 03:41:11.260
starting worker pid=776 on localhost:11560 at 03:41:11.798
starting worker pid=789 on localhost:11560 at 03:41:12.328
starting worker pid=805 on localhost:11560 at 03:41:12.857
starting worker pid=818 on localhost:11560 at 03:41:13.394
starting worker pid=833 on localhost:11560 at 03:41:13.932
starting worker pid=846 on localhost:11560 at 03:41:14.469
2022-02-27 03:55:42 INFO::After iteration 3, gene prior 0.00501135521105871:, SNP prior:0.00174293377711993
2022-02-27 03:55:42 INFO::Blocks are filtered: 855 blocks left
2022-02-27 03:55:42 INFO::Run susie iteratively, getting accurate estimate ...
2022-02-27 03:55:42 INFO::run iteration 1
starting worker pid=1826 on localhost:11560 at 03:55:43.658
starting worker pid=1840 on localhost:11560 at 03:55:44.258
starting worker pid=1861 on localhost:11560 at 03:55:44.827
starting worker pid=1874 on localhost:11560 at 03:55:45.363
starting worker pid=1887 on localhost:11560 at 03:55:45.900
starting worker pid=1901 on localhost:11560 at 03:55:46.429
starting worker pid=1914 on localhost:11560 at 03:55:46.963
starting worker pid=1928 on localhost:11560 at 03:55:47.497
starting worker pid=1941 on localhost:11560 at 03:55:48.033
starting worker pid=1955 on localhost:11560 at 03:55:48.570
2022-02-27 04:03:51 INFO::After iteration 1, gene prior 0.00698667794088132:, SNP prior:0.0020121761015246
2022-02-27 04:03:51 INFO::run iteration 2
starting worker pid=2504 on localhost:11560 at 04:03:52.298
starting worker pid=2517 on localhost:11560 at 04:03:52.881
starting worker pid=2531 on localhost:11560 at 04:03:53.450
starting worker pid=2544 on localhost:11560 at 04:03:53.985
starting worker pid=2558 on localhost:11560 at 04:03:54.519
starting worker pid=2571 on localhost:11560 at 04:03:55.060
starting worker pid=2584 on localhost:11560 at 04:03:55.595
starting worker pid=2599 on localhost:11560 at 04:03:56.139
starting worker pid=2612 on localhost:11560 at 04:03:56.678
starting worker pid=2626 on localhost:11560 at 04:03:57.218
2022-02-27 04:11:56 INFO::After iteration 2, gene prior 0.00876701078999957:, SNP prior:0.00220615939370388
2022-02-27 04:11:57 INFO::run iteration 3
starting worker pid=3105 on localhost:11560 at 04:11:57.739
starting worker pid=3119 on localhost:11560 at 04:11:58.296
starting worker pid=3132 on localhost:11560 at 04:11:58.839
starting worker pid=3146 on localhost:11560 at 04:11:59.370
starting worker pid=3159 on localhost:11560 at 04:11:59.906
starting worker pid=3172 on localhost:11560 at 04:12:00.439
starting worker pid=3186 on localhost:11560 at 04:12:00.978
starting worker pid=3199 on localhost:11560 at 04:12:01.509
starting worker pid=3213 on localhost:11560 at 04:12:02.039
starting worker pid=3226 on localhost:11560 at 04:12:02.579
2022-02-27 04:20:02 INFO::After iteration 3, gene prior 0.0102659901313544:, SNP prior:0.00234189486666234
2022-02-27 04:20:03 INFO::run iteration 4
starting worker pid=3776 on localhost:11560 at 04:20:03.728
starting worker pid=3790 on localhost:11560 at 04:20:04.360
starting worker pid=3803 on localhost:11560 at 04:20:04.928
starting worker pid=3817 on localhost:11560 at 04:20:05.456
starting worker pid=3830 on localhost:11560 at 04:20:05.988
starting worker pid=3843 on localhost:11560 at 04:20:06.518
starting worker pid=3857 on localhost:11560 at 04:20:07.047
starting worker pid=3870 on localhost:11560 at 04:20:07.585
starting worker pid=3884 on localhost:11560 at 04:20:08.121
starting worker pid=3897 on localhost:11560 at 04:20:08.656
2022-02-27 04:28:15 INFO::After iteration 4, gene prior 0.0113876810574374:, SNP prior:0.00241780257896103
2022-02-27 04:28:15 INFO::run iteration 5
starting worker pid=4449 on localhost:11560 at 04:28:15.815
starting worker pid=4462 on localhost:11560 at 04:28:16.330
starting worker pid=4478 on localhost:11560 at 04:28:16.866
starting worker pid=4491 on localhost:11560 at 04:28:17.399
starting worker pid=4505 on localhost:11560 at 04:28:17.939
starting worker pid=4518 on localhost:11560 at 04:28:18.473
starting worker pid=4532 on localhost:11560 at 04:28:19.006
starting worker pid=4545 on localhost:11560 at 04:28:19.541
starting worker pid=4558 on localhost:11560 at 04:28:20.078
starting worker pid=4572 on localhost:11560 at 04:28:20.617
2022-02-27 04:36:56 INFO::After iteration 5, gene prior 0.0121858487134049:, SNP prior:0.00245236615124682
2022-02-27 04:36:56 INFO::run iteration 6
starting worker pid=5095 on localhost:11560 at 04:36:56.968
starting worker pid=5109 on localhost:11560 at 04:36:57.529
starting worker pid=5122 on localhost:11560 at 04:36:58.064
starting worker pid=5135 on localhost:11560 at 04:36:58.600
starting worker pid=5149 on localhost:11560 at 04:36:59.131
starting worker pid=5162 on localhost:11560 at 04:36:59.666
starting worker pid=5176 on localhost:11560 at 04:37:00.206
starting worker pid=5189 on localhost:11560 at 04:37:00.741
starting worker pid=5203 on localhost:11560 at 04:37:01.280
starting worker pid=5216 on localhost:11560 at 04:37:01.813
2022-02-27 04:46:00 INFO::After iteration 6, gene prior 0.0127593197610894:, SNP prior:0.00246469461117557
2022-02-27 04:46:00 INFO::run iteration 7
starting worker pid=5819 on localhost:11560 at 04:46:01.038
starting worker pid=5832 on localhost:11560 at 04:46:01.579
starting worker pid=5845 on localhost:11560 at 04:46:02.109
starting worker pid=5859 on localhost:11560 at 04:46:02.640
starting worker pid=5872 on localhost:11560 at 04:46:03.175
starting worker pid=5886 on localhost:11560 at 04:46:03.710
starting worker pid=5899 on localhost:11560 at 04:46:04.241
starting worker pid=5913 on localhost:11560 at 04:46:04.774
starting worker pid=5926 on localhost:11560 at 04:46:05.309
starting worker pid=5939 on localhost:11560 at 04:46:05.846
2022-02-27 04:54:17 INFO::After iteration 7, gene prior 0.0131816753372077:, SNP prior:0.00246680983849803
2022-02-27 04:54:17 INFO::run iteration 8
starting worker pid=6754 on localhost:11560 at 04:54:18.246
starting worker pid=6767 on localhost:11560 at 04:54:18.815
starting worker pid=6781 on localhost:11560 at 04:54:19.351
starting worker pid=6794 on localhost:11560 at 04:54:19.886
starting worker pid=6807 on localhost:11560 at 04:54:20.416
starting worker pid=6821 on localhost:11560 at 04:54:20.948
starting worker pid=6834 on localhost:11560 at 04:54:21.480
starting worker pid=6848 on localhost:11560 at 04:54:22.016
starting worker pid=6861 on localhost:11560 at 04:54:22.550
starting worker pid=6875 on localhost:11560 at 04:54:23.085
2022-02-27 05:02:33 INFO::After iteration 8, gene prior 0.0135026191024564:, SNP prior:0.00246506424125102
2022-02-27 05:02:33 INFO::run iteration 9
starting worker pid=7367 on localhost:11560 at 05:02:34.169
starting worker pid=7380 on localhost:11560 at 05:02:34.708
starting worker pid=7394 on localhost:11560 at 05:02:35.241
starting worker pid=7407 on localhost:11560 at 05:02:35.776
starting worker pid=7421 on localhost:11560 at 05:02:36.307
starting worker pid=7434 on localhost:11560 at 05:02:36.838
starting worker pid=7447 on localhost:11560 at 05:02:37.370
starting worker pid=7461 on localhost:11560 at 05:02:37.903
starting worker pid=7474 on localhost:11560 at 05:02:38.440
starting worker pid=7488 on localhost:11560 at 05:02:38.969
2022-02-27 05:10:48 INFO::After iteration 9, gene prior 0.0137521698959007:, SNP prior:0.00246217881323149
2022-02-27 05:10:48 INFO::run iteration 10
starting worker pid=8042 on localhost:11560 at 05:10:49.576
starting worker pid=8056 on localhost:11560 at 05:10:50.118
starting worker pid=8069 on localhost:11560 at 05:10:50.649
starting worker pid=8082 on localhost:11560 at 05:10:51.188
starting worker pid=8096 on localhost:11560 at 05:10:51.726
starting worker pid=8109 on localhost:11560 at 05:10:52.256
starting worker pid=8123 on localhost:11560 at 05:10:52.789
starting worker pid=8136 on localhost:11560 at 05:10:53.320
starting worker pid=8150 on localhost:11560 at 05:10:53.850
starting worker pid=8163 on localhost:11560 at 05:10:54.384
2022-02-27 05:19:07 INFO::After iteration 10, gene prior 0.0139486599651487:, SNP prior:0.00245921541216681
2022-02-27 05:19:07 INFO::run iteration 11
starting worker pid=8724 on localhost:11560 at 05:19:07.867
starting worker pid=8737 on localhost:11560 at 05:19:08.408
starting worker pid=8751 on localhost:11560 at 05:19:08.940
starting worker pid=8764 on localhost:11560 at 05:19:09.469
starting worker pid=8778 on localhost:11560 at 05:19:10.009
starting worker pid=8791 on localhost:11560 at 05:19:10.537
starting worker pid=8806 on localhost:11560 at 05:19:11.071
starting worker pid=8820 on localhost:11560 at 05:19:11.609
starting worker pid=8833 on localhost:11560 at 05:19:12.148
starting worker pid=8847 on localhost:11560 at 05:19:12.676
2022-02-27 05:27:21 INFO::After iteration 11, gene prior 0.014104386107152:, SNP prior:0.00245655543571052
2022-02-27 05:27:21 INFO::run iteration 12
starting worker pid=9333 on localhost:11560 at 05:27:22.407
starting worker pid=9346 on localhost:11560 at 05:27:23.009
starting worker pid=9360 on localhost:11560 at 05:27:23.547
starting worker pid=9373 on localhost:11560 at 05:27:24.076
starting worker pid=9386 on localhost:11560 at 05:27:24.605
starting worker pid=9400 on localhost:11560 at 05:27:25.134
starting worker pid=9413 on localhost:11560 at 05:27:25.668
starting worker pid=9427 on localhost:11560 at 05:27:26.199
starting worker pid=9440 on localhost:11560 at 05:27:26.726
starting worker pid=9454 on localhost:11560 at 05:27:27.260
2022-02-27 05:36:21 INFO::After iteration 12, gene prior 0.0142282188935814:, SNP prior:0.00245430369035888
2022-02-27 05:36:21 INFO::run iteration 13
starting worker pid=10046 on localhost:11560 at 05:36:22.131
starting worker pid=10059 on localhost:11560 at 05:36:22.716
starting worker pid=10073 on localhost:11560 at 05:36:23.264
starting worker pid=10086 on localhost:11560 at 05:36:23.800
starting worker pid=10099 on localhost:11560 at 05:36:24.329
starting worker pid=10113 on localhost:11560 at 05:36:24.868
starting worker pid=10126 on localhost:11560 at 05:36:25.405
starting worker pid=10140 on localhost:11560 at 05:36:25.939
starting worker pid=10153 on localhost:11560 at 05:36:26.467
starting worker pid=10167 on localhost:11560 at 05:36:26.999
2022-02-27 05:45:23 INFO::After iteration 13, gene prior 0.014326817870947:, SNP prior:0.00245244914717125
2022-02-27 05:45:23 INFO::run iteration 14
starting worker pid=10763 on localhost:11560 at 05:45:23.759
starting worker pid=10776 on localhost:11560 at 05:45:24.267
starting worker pid=10790 on localhost:11560 at 05:45:24.796
starting worker pid=10803 on localhost:11560 at 05:45:25.327
starting worker pid=10817 on localhost:11560 at 05:45:25.861
starting worker pid=10830 on localhost:11560 at 05:45:26.400
starting worker pid=10843 on localhost:11560 at 05:45:26.929
starting worker pid=10857 on localhost:11560 at 05:45:27.454
starting worker pid=10870 on localhost:11560 at 05:45:27.989
starting worker pid=10884 on localhost:11560 at 05:45:28.523
2022-02-27 05:54:29 INFO::After iteration 14, gene prior 0.0144053444847809:, SNP prior:0.0024509445617634
2022-02-27 05:54:29 INFO::run iteration 15
starting worker pid=11485 on localhost:11560 at 05:54:29.731
starting worker pid=11498 on localhost:11560 at 05:54:30.285
starting worker pid=11512 on localhost:11560 at 05:54:30.820
starting worker pid=11526 on localhost:11560 at 05:54:31.357
starting worker pid=11539 on localhost:11560 at 05:54:31.888
starting worker pid=11553 on localhost:11560 at 05:54:32.422
starting worker pid=11567 on localhost:11560 at 05:54:32.955
starting worker pid=11581 on localhost:11560 at 05:54:33.488
starting worker pid=11594 on localhost:11560 at 05:54:34.020
starting worker pid=11608 on localhost:11560 at 05:54:34.559
2022-02-27 06:03:02 INFO::After iteration 15, gene prior 0.0144678406313384:, SNP prior:0.00244973205741319
2022-02-27 06:03:02 INFO::run iteration 16
starting worker pid=12145 on localhost:11560 at 06:03:02.716
starting worker pid=12159 on localhost:11560 at 06:03:03.222
starting worker pid=12172 on localhost:11560 at 06:03:03.758
starting worker pid=12186 on localhost:11560 at 06:03:04.289
starting worker pid=12199 on localhost:11560 at 06:03:04.819
starting worker pid=12213 on localhost:11560 at 06:03:05.347
starting worker pid=12226 on localhost:11560 at 06:03:05.881
starting worker pid=12239 on localhost:11560 at 06:03:06.416
starting worker pid=12253 on localhost:11560 at 06:03:06.947
starting worker pid=12266 on localhost:11560 at 06:03:07.478
2022-02-27 06:11:16 INFO::After iteration 16, gene prior 0.0145175677806419:, SNP prior:0.00244875587769075
2022-02-27 06:11:16 INFO::run iteration 17
starting worker pid=12826 on localhost:11560 at 06:11:17.013
starting worker pid=12839 on localhost:11560 at 06:11:17.548
starting worker pid=12852 on localhost:11560 at 06:11:18.081
starting worker pid=12866 on localhost:11560 at 06:11:18.621
starting worker pid=12884 on localhost:11560 at 06:11:19.158
starting worker pid=12898 on localhost:11560 at 06:11:19.699
starting worker pid=12911 on localhost:11560 at 06:11:20.229
starting worker pid=12928 on localhost:11560 at 06:11:20.763
starting worker pid=12941 on localhost:11560 at 06:11:21.297
starting worker pid=12955 on localhost:11560 at 06:11:21.829
2022-02-27 06:19:32 INFO::After iteration 17, gene prior 0.0145571331627836:, SNP prior:0.0024479742016599
2022-02-27 06:19:32 INFO::run iteration 18
starting worker pid=13536 on localhost:11560 at 06:19:33.553
starting worker pid=13559 on localhost:11560 at 06:19:34.082
starting worker pid=13576 on localhost:11560 at 06:19:34.617
starting worker pid=13597 on localhost:11560 at 06:19:35.151
starting worker pid=13611 on localhost:11560 at 06:19:35.685
starting worker pid=13629 on localhost:11560 at 06:19:36.215
starting worker pid=13643 on localhost:11560 at 06:19:36.745
starting worker pid=13661 on localhost:11560 at 06:19:37.277
starting worker pid=13682 on localhost:11560 at 06:19:37.810
starting worker pid=13696 on localhost:11560 at 06:19:38.338
2022-02-27 06:27:48 INFO::After iteration 18, gene prior 0.0145886068921444:, SNP prior:0.00244735017420317
2022-02-27 06:27:48 INFO::run iteration 19
starting worker pid=14209 on localhost:11560 at 06:27:49.038
starting worker pid=14222 on localhost:11560 at 06:27:49.597
starting worker pid=14235 on localhost:11560 at 06:27:50.129
starting worker pid=14249 on localhost:11560 at 06:27:50.665
starting worker pid=14262 on localhost:11560 at 06:27:51.205
starting worker pid=14276 on localhost:11560 at 06:27:51.739
starting worker pid=14289 on localhost:11560 at 06:27:52.270
starting worker pid=14304 on localhost:11560 at 06:27:52.799
starting worker pid=14317 on localhost:11560 at 06:27:53.331
starting worker pid=14330 on localhost:11560 at 06:27:53.872
2022-02-27 06:36:10 INFO::After iteration 19, gene prior 0.0146136375233207:, SNP prior:0.00244685288878736
2022-02-27 06:36:10 INFO::run iteration 20
starting worker pid=14901 on localhost:11560 at 06:36:11.467
starting worker pid=14914 on localhost:11560 at 06:36:12.003
starting worker pid=14928 on localhost:11560 at 06:36:12.540
starting worker pid=14941 on localhost:11560 at 06:36:13.071
starting worker pid=14955 on localhost:11560 at 06:36:13.599
starting worker pid=14968 on localhost:11560 at 06:36:14.130
starting worker pid=14981 on localhost:11560 at 06:36:14.658
starting worker pid=14995 on localhost:11560 at 06:36:15.192
starting worker pid=15008 on localhost:11560 at 06:36:15.731
starting worker pid=15022 on localhost:11560 at 06:36:16.267
2022-02-27 06:44:24 INFO::After iteration 20, gene prior 0.0146335391307417:, SNP prior:0.00244645703571569
2022-02-27 06:44:24 INFO::run iteration 21
starting worker pid=15574 on localhost:11560 at 06:44:25.088
starting worker pid=15587 on localhost:11560 at 06:44:25.643
starting worker pid=15601 on localhost:11560 at 06:44:26.219
starting worker pid=15614 on localhost:11560 at 06:44:26.770
starting worker pid=15628 on localhost:11560 at 06:44:27.307
starting worker pid=15641 on localhost:11560 at 06:44:27.839
starting worker pid=15654 on localhost:11560 at 06:44:28.368
starting worker pid=15668 on localhost:11560 at 06:44:28.894
starting worker pid=15681 on localhost:11560 at 06:44:29.430
starting worker pid=15695 on localhost:11560 at 06:44:29.959
2022-02-27 06:52:39 INFO::After iteration 21, gene prior 0.0146493591989683:, SNP prior:0.00244614214422518
2022-02-27 06:52:39 INFO::run iteration 22
starting worker pid=16183 on localhost:11560 at 06:52:40.225
starting worker pid=16197 on localhost:11560 at 06:52:40.760
starting worker pid=16210 on localhost:11560 at 06:52:41.291
starting worker pid=16223 on localhost:11560 at 06:52:41.826
starting worker pid=16237 on localhost:11560 at 06:52:42.357
starting worker pid=16250 on localhost:11560 at 06:52:42.889
starting worker pid=16264 on localhost:11560 at 06:52:43.419
starting worker pid=16277 on localhost:11560 at 06:52:43.947
starting worker pid=16291 on localhost:11560 at 06:52:44.476
starting worker pid=16304 on localhost:11560 at 06:52:45.004
2022-02-27 07:00:54 INFO::After iteration 22, gene prior 0.0146619324114138:, SNP prior:0.00244589177066496
2022-02-27 07:00:54 INFO::run iteration 23
starting worker pid=16860 on localhost:11560 at 07:00:55.025
starting worker pid=16873 on localhost:11560 at 07:00:55.598
starting worker pid=16887 on localhost:11560 at 07:00:56.137
starting worker pid=16900 on localhost:11560 at 07:00:56.675
starting worker pid=16914 on localhost:11560 at 07:00:57.207
starting worker pid=16927 on localhost:11560 at 07:00:57.741
starting worker pid=16941 on localhost:11560 at 07:00:58.275
starting worker pid=16954 on localhost:11560 at 07:00:58.807
starting worker pid=16967 on localhost:11560 at 07:00:59.348
starting worker pid=16981 on localhost:11560 at 07:00:59.885
2022-02-27 07:09:08 INFO::After iteration 23, gene prior 0.014671923563972:, SNP prior:0.002445692758696
2022-02-27 07:09:08 INFO::run iteration 24
starting worker pid=17546 on localhost:11560 at 07:09:09.336
starting worker pid=17559 on localhost:11560 at 07:09:09.915
starting worker pid=17573 on localhost:11560 at 07:09:10.476
starting worker pid=17586 on localhost:11560 at 07:09:11.008
starting worker pid=17600 on localhost:11560 at 07:09:11.541
starting worker pid=17613 on localhost:11560 at 07:09:12.076
starting worker pid=17626 on localhost:11560 at 07:09:12.618
starting worker pid=17640 on localhost:11560 at 07:09:13.146
starting worker pid=17653 on localhost:11560 at 07:09:13.675
starting worker pid=17667 on localhost:11560 at 07:09:14.208
2022-02-27 07:17:24 INFO::After iteration 24, gene prior 0.0146798618864561:, SNP prior:0.002445534607344
2022-02-27 07:17:24 INFO::run iteration 25
starting worker pid=18154 on localhost:11560 at 07:17:24.866
starting worker pid=18167 on localhost:11560 at 07:17:25.407
starting worker pid=18180 on localhost:11560 at 07:17:25.939
starting worker pid=18194 on localhost:11560 at 07:17:26.469
starting worker pid=18207 on localhost:11560 at 07:17:27.007
starting worker pid=18221 on localhost:11560 at 07:17:27.540
starting worker pid=18234 on localhost:11560 at 07:17:28.078
starting worker pid=18248 on localhost:11560 at 07:17:28.610
starting worker pid=18261 on localhost:11560 at 07:17:29.139
starting worker pid=18274 on localhost:11560 at 07:17:29.669
2022-02-27 07:25:41 INFO::After iteration 25, gene prior 0.0146861685014677:, SNP prior:0.0024454089476861
2022-02-27 07:25:41 INFO::run iteration 26
starting worker pid=18833 on localhost:11560 at 07:25:42.050
starting worker pid=18846 on localhost:11560 at 07:25:42.595
starting worker pid=18859 on localhost:11560 at 07:25:43.128
starting worker pid=18873 on localhost:11560 at 07:25:43.658
starting worker pid=18886 on localhost:11560 at 07:25:44.190
starting worker pid=18900 on localhost:11560 at 07:25:44.725
starting worker pid=18913 on localhost:11560 at 07:25:45.256
starting worker pid=18927 on localhost:11560 at 07:25:45.788
starting worker pid=18940 on localhost:11560 at 07:25:46.320
starting worker pid=18953 on localhost:11560 at 07:25:46.850
2022-02-27 07:33:56 INFO::After iteration 26, gene prior 0.0146911783801366:, SNP prior:0.00244530911653683
2022-02-27 07:33:56 INFO::run iteration 27
starting worker pid=19507 on localhost:11560 at 07:33:57.068
starting worker pid=19520 on localhost:11560 at 07:33:57.651
starting worker pid=19534 on localhost:11560 at 07:33:58.219
starting worker pid=19547 on localhost:11560 at 07:33:58.757
starting worker pid=19561 on localhost:11560 at 07:33:59.286
starting worker pid=19574 on localhost:11560 at 07:33:59.819
starting worker pid=19587 on localhost:11560 at 07:34:00.348
starting worker pid=19601 on localhost:11560 at 07:34:00.878
starting worker pid=19614 on localhost:11560 at 07:34:01.411
starting worker pid=19628 on localhost:11560 at 07:34:01.951
2022-02-27 07:42:16 INFO::After iteration 27, gene prior 0.0146951578816959:, SNP prior:0.00244522981233083
2022-02-27 07:42:16 INFO::run iteration 28
starting worker pid=20120 on localhost:11560 at 07:42:17.128
starting worker pid=20133 on localhost:11560 at 07:42:17.686
starting worker pid=20147 on localhost:11560 at 07:42:18.266
starting worker pid=20160 on localhost:11560 at 07:42:18.829
starting worker pid=20174 on localhost:11560 at 07:42:19.359
starting worker pid=20187 on localhost:11560 at 07:42:19.888
starting worker pid=20200 on localhost:11560 at 07:42:20.423
starting worker pid=20216 on localhost:11560 at 07:42:20.955
starting worker pid=20229 on localhost:11560 at 07:42:21.489
starting worker pid=20243 on localhost:11560 at 07:42:22.021
2022-02-27 07:50:28 INFO::After iteration 28, gene prior 0.0146983187517369:, SNP prior:0.00244516681885416
2022-02-27 07:50:28 INFO::run iteration 29
starting worker pid=20796 on localhost:11560 at 07:50:29.013
starting worker pid=20809 on localhost:11560 at 07:50:29.564
starting worker pid=20823 on localhost:11560 at 07:50:30.099
starting worker pid=20837 on localhost:11560 at 07:50:30.629
starting worker pid=20850 on localhost:11560 at 07:50:31.161
starting worker pid=20864 on localhost:11560 at 07:50:31.698
starting worker pid=20877 on localhost:11560 at 07:50:32.234
starting worker pid=20891 on localhost:11560 at 07:50:32.767
starting worker pid=20904 on localhost:11560 at 07:50:33.306
starting worker pid=20918 on localhost:11560 at 07:50:33.838
2022-02-27 07:58:43 INFO::After iteration 29, gene prior 0.0147008292842518:, SNP prior:0.00244511678418532
2022-02-27 07:58:43 INFO::run iteration 30
starting worker pid=21472 on localhost:11560 at 07:58:43.927
starting worker pid=21485 on localhost:11560 at 07:58:44.505
starting worker pid=21499 on localhost:11560 at 07:58:45.054
starting worker pid=21512 on localhost:11560 at 07:58:45.589
starting worker pid=21525 on localhost:11560 at 07:58:46.125
starting worker pid=21539 on localhost:11560 at 07:58:46.659
starting worker pid=21552 on localhost:11560 at 07:58:47.222
starting worker pid=21566 on localhost:11560 at 07:58:47.780
starting worker pid=21579 on localhost:11560 at 07:58:48.308
starting worker pid=21593 on localhost:11560 at 07:58:48.836
2022-02-27 08:06:59 INFO::After iteration 30, gene prior 0.0147028232152573:, SNP prior:0.00244507704419145
2022-02-27 08:06:59 INFO::Run susie for all regions.
2022-02-27 08:06:59 INFO::run iteration 1
starting worker pid=22081 on localhost:11560 at 08:07:00.258
starting worker pid=22094 on localhost:11560 at 08:07:00.831
starting worker pid=22108 on localhost:11560 at 08:07:01.367
starting worker pid=22121 on localhost:11560 at 08:07:01.897
starting worker pid=22135 on localhost:11560 at 08:07:02.437
starting worker pid=22148 on localhost:11560 at 08:07:02.971
starting worker pid=22162 on localhost:11560 at 08:07:03.507
starting worker pid=22175 on localhost:11560 at 08:07:04.045
starting worker pid=22188 on localhost:11560 at 08:07:04.579
starting worker pid=22202 on localhost:11560 at 08:07:05.112
2022-02-27 08:22:02 INFO::After iteration 1, gene prior 0.0471311158021522:, SNP prior:0.00878963282728754
2022-02-27 08:22:02 INFO::No. LD regions: 1700
2022-02-27 08:22:09 INFO::No. regions with at least one SNP/gene for chr1: 131
2022-02-27 08:22:09 INFO::Merge regions for chr1
2022-02-27 08:22:09 INFO::No. regions with at least one SNP/gene for chr1 after merging: 127
2022-02-27 08:22:15 INFO::No. regions with at least one SNP/gene for chr2: 144
2022-02-27 08:22:15 INFO::Merge regions for chr2
2022-02-27 08:22:15 INFO::No. regions with at least one SNP/gene for chr2 after merging: 140
2022-02-27 08:22:21 INFO::No. regions with at least one SNP/gene for chr3: 122
2022-02-27 08:22:21 INFO::Merge regions for chr3
2022-02-27 08:22:21 INFO::No. regions with at least one SNP/gene for chr3 after merging: 119
2022-02-27 08:22:27 INFO::No. regions with at least one SNP/gene for chr4: 122
2022-02-27 08:22:27 INFO::Merge regions for chr4
2022-02-27 08:22:27 INFO::No. regions with at least one SNP/gene for chr4 after merging: 120
2022-02-27 08:22:32 INFO::No. regions with at least one SNP/gene for chr5: 110
2022-02-27 08:22:32 INFO::Merge regions for chr5
2022-02-27 08:22:32 INFO::No. regions with at least one SNP/gene for chr5 after merging: 109
2022-02-27 08:22:38 INFO::No. regions with at least one SNP/gene for chr6: 112
2022-02-27 08:22:38 INFO::Merge regions for chr6
2022-02-27 08:22:38 INFO::No. regions with at least one SNP/gene for chr6 after merging: 111
2022-02-27 08:22:41 INFO::No. regions with at least one SNP/gene for chr7: 99
2022-02-27 08:22:41 INFO::Merge regions for chr7
2022-02-27 08:22:41 INFO::No. regions with at least one SNP/gene for chr7 after merging: 97
2022-02-27 08:22:45 INFO::No. regions with at least one SNP/gene for chr8: 94
2022-02-27 08:22:45 INFO::Merge regions for chr8
2022-02-27 08:22:45 INFO::No. regions with at least one SNP/gene for chr8 after merging: 91
2022-02-27 08:22:48 INFO::No. regions with at least one SNP/gene for chr9: 74
2022-02-27 08:22:48 INFO::Merge regions for chr9
2022-02-27 08:22:48 INFO::No. regions with at least one SNP/gene for chr9 after merging: 70
2022-02-27 08:22:51 INFO::No. regions with at least one SNP/gene for chr10: 85
2022-02-27 08:22:51 INFO::Merge regions for chr10
2022-02-27 08:22:51 INFO::No. regions with at least one SNP/gene for chr10 after merging: 84
2022-02-27 08:22:54 INFO::No. regions with at least one SNP/gene for chr11: 84
2022-02-27 08:22:54 INFO::Merge regions for chr11
2022-02-27 08:22:54 INFO::No. regions with at least one SNP/gene for chr11 after merging: 79
2022-02-27 08:22:57 INFO::No. regions with at least one SNP/gene for chr12: 82
2022-02-27 08:22:57 INFO::Merge regions for chr12
2022-02-27 08:22:57 INFO::No. regions with at least one SNP/gene for chr12 after merging: 77
2022-02-27 08:23:00 INFO::No. regions with at least one SNP/gene for chr13: 62
2022-02-27 08:23:00 INFO::Merge regions for chr13
2022-02-27 08:23:00 INFO::No. regions with at least one SNP/gene for chr13 after merging: 60
2022-02-27 08:23:02 INFO::No. regions with at least one SNP/gene for chr14: 56
2022-02-27 08:23:02 INFO::Merge regions for chr14
2022-02-27 08:23:02 INFO::No. regions with at least one SNP/gene for chr14 after merging: 53
2022-02-27 08:23:04 INFO::No. regions with at least one SNP/gene for chr15: 49
2022-02-27 08:23:04 INFO::Merge regions for chr15
2022-02-27 08:23:04 INFO::No. regions with at least one SNP/gene for chr15 after merging: 47
2022-02-27 08:23:06 INFO::No. regions with at least one SNP/gene for chr16: 54
2022-02-27 08:23:06 INFO::Merge regions for chr16
2022-02-27 08:23:06 INFO::No. regions with at least one SNP/gene for chr16 after merging: 54
2022-02-27 08:23:07 INFO::No. regions with at least one SNP/gene for chr17: 47
2022-02-27 08:23:07 INFO::Merge regions for chr17
2022-02-27 08:23:07 INFO::No. regions with at least one SNP/gene for chr17 after merging: 45
2022-02-27 08:23:09 INFO::No. regions with at least one SNP/gene for chr18: 47
2022-02-27 08:23:09 INFO::Merge regions for chr18
2022-02-27 08:23:09 INFO::No. regions with at least one SNP/gene for chr18 after merging: 45
2022-02-27 08:23:12 INFO::No. regions with at least one SNP/gene for chr19: 39
2022-02-27 08:23:12 INFO::Merge regions for chr19
2022-02-27 08:23:12 INFO::No. regions with at least one SNP/gene for chr19 after merging: 36
2022-02-27 08:23:13 INFO::No. regions with at least one SNP/gene for chr20: 38
2022-02-27 08:23:13 INFO::Merge regions for chr20
2022-02-27 08:23:13 INFO::No. regions with at least one SNP/gene for chr20 after merging: 34
2022-02-27 08:23:14 INFO::No. regions with at least one SNP/gene for chr21: 24
2022-02-27 08:23:14 INFO::Merge regions for chr21
2022-02-27 08:23:14 INFO::No. regions with at least one SNP/gene for chr21 after merging: 23
2022-02-27 08:23:15 INFO::No. regions with at least one SNP/gene for chr22: 24
2022-02-27 08:23:15 INFO::Merge regions for chr22
2022-02-27 08:23:15 INFO::No. regions with at least one SNP/gene for chr22 after merging: 22
2022-02-27 08:23:15 INFO::Trim regions with SNPs more than 20000
2022-02-27 08:23:15 INFO::Adding R matrix info, as genotype is not given
2022-02-27 08:23:16 INFO::Adding R matrix info for chrom 1
2022-02-27 08:32:45 INFO::Adding R matrix info for chrom 2
2022-02-27 08:41:51 INFO::Adding R matrix info for chrom 3
2022-02-27 08:49:03 INFO::Adding R matrix info for chrom 4
2022-02-27 08:56:43 INFO::Adding R matrix info for chrom 5
2022-02-27 09:02:52 INFO::Adding R matrix info for chrom 6
2022-02-27 09:10:02 INFO::Adding R matrix info for chrom 7
2022-02-27 09:16:31 INFO::Adding R matrix info for chrom 8
2022-02-27 09:22:58 INFO::Adding R matrix info for chrom 9
2022-02-27 09:28:47 INFO::Adding R matrix info for chrom 10
2022-02-27 09:34:07 INFO::Adding R matrix info for chrom 11
2022-02-27 09:41:32 INFO::Adding R matrix info for chrom 12
2022-02-27 09:48:16 INFO::Adding R matrix info for chrom 13
2022-02-27 09:51:55 INFO::Adding R matrix info for chrom 14
2022-02-27 09:56:07 INFO::Adding R matrix info for chrom 15
2022-02-27 09:59:39 INFO::Adding R matrix info for chrom 16
2022-02-27 10:03:15 INFO::Adding R matrix info for chrom 17
2022-02-27 10:07:58 INFO::Adding R matrix info for chrom 18
2022-02-27 10:11:24 INFO::Adding R matrix info for chrom 19
2022-02-27 10:16:41 INFO::Adding R matrix info for chrom 20
2022-02-27 10:20:30 INFO::Adding R matrix info for chrom 21
2022-02-27 10:22:01 INFO::Adding R matrix info for chrom 22
2022-02-27 10:26:30 INFO::Number of regions that contains strong gene signals: 12
2022-02-27 10:26:30 INFO::Rerun susie for regions with strong gene signals using full SNPs.
2022-02-27 10:26:30 INFO::run iteration 1
starting worker pid=30992 on localhost:11560 at 10:26:31.181
2022-02-27 10:30:34 INFO::After iteration 1, gene prior 0.0644418445846799:, SNP prior:0.000779872269801107
$group_prior
[1] 0.0147028232 0.0002445077

$group_prior_var
[1] 8.286262 8.848941

R version 3.6.1 (2019-07-05)
Platform: x86_64-pc-linux-gnu (64-bit)
Running under: Scientific Linux 7.4 (Nitrogen)

Matrix products: default
BLAS/LAPACK: /software/openblas-0.2.19-el7-x86_64/lib/libopenblas_haswellp-r0.2.19.so

locale:
[1] C

attached base packages:
[1] stats     graphics  grDevices utils     datasets  methods   base     

other attached packages:
[1] data.table_1.14.2 ctwas_0.1.32     

loaded via a namespace (and not attached):
 [1] Rcpp_1.0.8                  lattice_0.20-38            
 [3] gwasvcf_0.1.0               prettyunits_1.1.1          
 [5] Rsamtools_2.0.0             Biostrings_2.52.0          
 [7] assertthat_0.2.1            foreach_1.5.2              
 [9] utf8_1.2.2                  R6_2.5.1                   
[11] GenomeInfoDb_1.20.0         stats4_3.6.1               
[13] RSQLite_2.2.8               httr_1.4.2                 
[15] pillar_1.6.4                zlibbioc_1.30.0            
[17] rlang_1.0.1                 GenomicFeatures_1.36.3     
[19] progress_1.2.2              blob_1.2.2                 
[21] S4Vectors_0.22.1            Matrix_1.2-18              
[23] BiocParallel_1.18.0         readr_2.1.1                
[25] stringr_1.4.0               RCurl_1.98-1.5             
[27] bit_4.0.4                   biomaRt_2.40.1             
[29] DelayedArray_0.10.0         compiler_3.6.1             
[31] rtracklayer_1.44.4          pkgconfig_2.0.3            
[33] BiocGenerics_0.30.0         tidyselect_1.1.1           
[35] SummarizedExperiment_1.14.1 tibble_3.1.6               
[37] GenomeInfoDbData_1.2.1      logging_0.10-108           
[39] IRanges_2.18.1              codetools_0.2-16           
[41] matrixStats_0.57.0          XML_3.99-0.3               
[43] fansi_1.0.2                 tzdb_0.2.0                 
[45] crayon_1.5.0                dplyr_1.0.7                
[47] GenomicAlignments_1.20.1    bitops_1.0-7               
[49] grid_3.6.1                  lifecycle_1.0.1            
[51] DBI_1.1.2                   magrittr_2.0.2             
[53] cli_3.1.0                   stringi_1.7.6              
[55] cachem_1.0.6                XVector_0.24.0             
[57] doParallel_1.0.17           pgenlibr_0.3.1             
[59] ellipsis_0.3.2              vctrs_0.3.8                
[61] generics_0.1.1              iterators_1.0.14           
[63] tools_3.6.1                 bit64_4.0.5                
[65] BSgenome_1.52.0             Biobase_2.44.0             
[67] glue_1.6.2                  purrr_0.3.4                
[69] hms_1.1.1                   parallel_3.6.1             
[71] fastmap_1.1.0               AnnotationDbi_1.46.0       
[73] GenomicRanges_1.36.1        memoise_2.0.1              
[75] VariantAnnotation_1.30.1   
