[1] "/project2/xinhe/shengqian/cTWAS/cTWAS_analysis/data/UKBB/ieu-a-22.vcf.gz"                     
[2] "/project2/mstephens/wcrouse/UKB_LDR_0.1"                                                      
[3] "/project2/compbio/predictdb/mashr_models/mashr_Brain_Nucleus_accumbens_basal_ganglia.db"      
[4] "/project2/mstephens/wcrouse/UKB_analysis_allweights/ctwas_config.R"                           
[5] "SCZ_Brain_Nucleus_accumbens_basal_ganglia_expr"                                               
[6] "SCZ_Brain_Nucleus_accumbens_basal_ganglia_ctwas"                                              
[7] "/project2/xinhe/shengqian/cTWAS/cTWAS_analysis/data/SCZ/Brain_Nucleus_accumbens_basal_ganglia"
2022-10-05 22:37:37 INFO::Flipping z scores to match LD reference
2022-10-05 22:37:42 INFO::Harmonizing strand-ambiguous z scores using imputation by region
2022-10-05 22:56:39 INFO::Reading weights for chromosome 1
2022-10-05 22:56:40 INFO::Number of genes with weights provided: 14062
2022-10-05 22:56:40 INFO::Collecting gene weight information ...
2022-10-05 22:56:40 INFO::Flipping weights to match LD reference
2022-10-05 22:56:40 INFO::Harmonizing strand ambiguous weights using correlations with unambiguous variants
2022-10-05 23:13:44 INFO::Start gene z score imputation ...
2022-10-05 23:13:44 INFO::Using given LD matrices to impute gene z score.
2022-10-05 23:26:56 INFO::Imputation done, writing results to output...
2022-10-05 23:26:56 INFO::Imputation done: number of genes with imputed expression: 1135 for chr 1
2022-10-05 23:26:57 INFO::Flipping z scores to match LD reference
2022-10-05 23:26:59 INFO::Harmonizing strand-ambiguous z scores using imputation by region
2022-10-05 23:48:24 INFO::Reading weights for chromosome 2
2022-10-05 23:48:24 INFO::Number of genes with weights provided: 14062
2022-10-05 23:48:24 INFO::Collecting gene weight information ...
2022-10-05 23:48:24 INFO::Flipping weights to match LD reference
2022-10-05 23:48:24 INFO::Harmonizing strand ambiguous weights using correlations with unambiguous variants
2022-10-06 00:00:57 INFO::Start gene z score imputation ...
2022-10-06 00:00:57 INFO::Using given LD matrices to impute gene z score.
2022-10-06 00:13:49 INFO::Imputation done, writing results to output...
2022-10-06 00:13:49 INFO::Imputation done: number of genes with imputed expression: 816 for chr 2
2022-10-06 00:13:50 INFO::Flipping z scores to match LD reference
2022-10-06 00:13:52 INFO::Harmonizing strand-ambiguous z scores using imputation by region
2022-10-06 00:29:29 INFO::Reading weights for chromosome 3
2022-10-06 00:29:29 INFO::Number of genes with weights provided: 14062
2022-10-06 00:29:29 INFO::Collecting gene weight information ...
2022-10-06 00:29:29 INFO::Flipping weights to match LD reference
2022-10-06 00:29:29 INFO::Harmonizing strand ambiguous weights using correlations with unambiguous variants
2022-10-06 00:37:44 INFO::Start gene z score imputation ...
2022-10-06 00:37:44 INFO::Using given LD matrices to impute gene z score.
2022-10-06 00:46:52 INFO::Imputation done, writing results to output...
2022-10-06 00:46:52 INFO::Imputation done: number of genes with imputed expression: 688 for chr 3
2022-10-06 00:46:53 INFO::Flipping z scores to match LD reference
2022-10-06 00:46:55 INFO::Harmonizing strand-ambiguous z scores using imputation by region
2022-10-06 01:04:41 INFO::Reading weights for chromosome 4
2022-10-06 01:04:41 INFO::Number of genes with weights provided: 14062
2022-10-06 01:04:41 INFO::Collecting gene weight information ...
2022-10-06 01:04:41 INFO::Flipping weights to match LD reference
2022-10-06 01:04:41 INFO::Harmonizing strand ambiguous weights using correlations with unambiguous variants
2022-10-06 01:11:34 INFO::Start gene z score imputation ...
2022-10-06 01:11:34 INFO::Using given LD matrices to impute gene z score.
2022-10-06 01:20:14 INFO::Imputation done, writing results to output...
2022-10-06 01:20:14 INFO::Imputation done: number of genes with imputed expression: 449 for chr 4
2022-10-06 01:20:15 INFO::Flipping z scores to match LD reference
2022-10-06 01:20:17 INFO::Harmonizing strand-ambiguous z scores using imputation by region
2022-10-06 01:34:44 INFO::Reading weights for chromosome 5
2022-10-06 01:34:44 INFO::Number of genes with weights provided: 14062
2022-10-06 01:34:44 INFO::Collecting gene weight information ...
2022-10-06 01:34:44 INFO::Flipping weights to match LD reference
2022-10-06 01:34:44 INFO::Harmonizing strand ambiguous weights using correlations with unambiguous variants
2022-10-06 01:42:07 INFO::Start gene z score imputation ...
2022-10-06 01:42:07 INFO::Using given LD matrices to impute gene z score.
2022-10-06 01:50:46 INFO::Imputation done, writing results to output...
2022-10-06 01:50:46 INFO::Imputation done: number of genes with imputed expression: 575 for chr 5
2022-10-06 01:50:47 INFO::Flipping z scores to match LD reference
2022-10-06 01:50:49 INFO::Harmonizing strand-ambiguous z scores using imputation by region
2022-10-06 02:05:26 INFO::Reading weights for chromosome 6
2022-10-06 02:05:26 INFO::Number of genes with weights provided: 14062
2022-10-06 02:05:26 INFO::Collecting gene weight information ...
2022-10-06 02:05:26 INFO::Flipping weights to match LD reference
2022-10-06 02:05:26 INFO::Harmonizing strand ambiguous weights using correlations with unambiguous variants
2022-10-06 02:19:06 INFO::Start gene z score imputation ...
2022-10-06 02:19:06 INFO::Using given LD matrices to impute gene z score.
2022-10-06 02:27:50 INFO::Imputation done, writing results to output...
2022-10-06 02:27:50 INFO::Imputation done: number of genes with imputed expression: 581 for chr 6
2022-10-06 02:27:51 INFO::Flipping z scores to match LD reference
2022-10-06 02:27:53 INFO::Harmonizing strand-ambiguous z scores using imputation by region
2022-10-06 02:43:03 INFO::Reading weights for chromosome 7
2022-10-06 02:43:03 INFO::Number of genes with weights provided: 14062
2022-10-06 02:43:03 INFO::Collecting gene weight information ...
2022-10-06 02:43:03 INFO::Flipping weights to match LD reference
2022-10-06 02:43:03 INFO::Harmonizing strand ambiguous weights using correlations with unambiguous variants
2022-10-06 02:51:54 INFO::Start gene z score imputation ...
2022-10-06 02:51:54 INFO::Using given LD matrices to impute gene z score.
2022-10-06 03:01:19 INFO::Imputation done, writing results to output...
2022-10-06 03:01:19 INFO::Imputation done: number of genes with imputed expression: 558 for chr 7
2022-10-06 03:01:20 INFO::Flipping z scores to match LD reference
2022-10-06 03:01:23 INFO::Harmonizing strand-ambiguous z scores using imputation by region
2022-10-06 03:16:05 INFO::Reading weights for chromosome 8
2022-10-06 03:16:05 INFO::Number of genes with weights provided: 14062
2022-10-06 03:16:05 INFO::Collecting gene weight information ...
2022-10-06 03:16:05 INFO::Flipping weights to match LD reference
2022-10-06 03:16:05 INFO::Harmonizing strand ambiguous weights using correlations with unambiguous variants
2022-10-06 03:21:28 INFO::Start gene z score imputation ...
2022-10-06 03:21:28 INFO::Using given LD matrices to impute gene z score.
2022-10-06 03:28:24 INFO::Imputation done, writing results to output...
2022-10-06 03:28:24 INFO::Imputation done: number of genes with imputed expression: 432 for chr 8
2022-10-06 03:28:25 INFO::Flipping z scores to match LD reference
2022-10-06 03:28:27 INFO::Harmonizing strand-ambiguous z scores using imputation by region
2022-10-06 03:39:28 INFO::Reading weights for chromosome 9
2022-10-06 03:39:28 INFO::Number of genes with weights provided: 14062
2022-10-06 03:39:28 INFO::Collecting gene weight information ...
2022-10-06 03:39:28 INFO::Flipping weights to match LD reference
2022-10-06 03:39:28 INFO::Harmonizing strand ambiguous weights using correlations with unambiguous variants
2022-10-06 03:47:01 INFO::Start gene z score imputation ...
2022-10-06 03:47:01 INFO::Using given LD matrices to impute gene z score.
2022-10-06 03:53:11 INFO::Imputation done, writing results to output...
2022-10-06 03:53:11 INFO::Imputation done: number of genes with imputed expression: 426 for chr 9
2022-10-06 03:53:12 INFO::Flipping z scores to match LD reference
2022-10-06 03:53:14 INFO::Harmonizing strand-ambiguous z scores using imputation by region
2022-10-06 04:06:34 INFO::Reading weights for chromosome 10
2022-10-06 04:06:34 INFO::Number of genes with weights provided: 14062
2022-10-06 04:06:34 INFO::Collecting gene weight information ...
2022-10-06 04:06:34 INFO::Flipping weights to match LD reference
2022-10-06 04:06:34 INFO::Harmonizing strand ambiguous weights using correlations with unambiguous variants
2022-10-06 04:12:15 INFO::Start gene z score imputation ...
2022-10-06 04:12:15 INFO::Using given LD matrices to impute gene z score.
2022-10-06 04:19:05 INFO::Imputation done, writing results to output...
2022-10-06 04:19:05 INFO::Imputation done: number of genes with imputed expression: 464 for chr 10
2022-10-06 04:19:06 INFO::Flipping z scores to match LD reference
2022-10-06 04:19:08 INFO::Harmonizing strand-ambiguous z scores using imputation by region
2022-10-06 04:32:54 INFO::Reading weights for chromosome 11
2022-10-06 04:32:54 INFO::Number of genes with weights provided: 14062
2022-10-06 04:32:54 INFO::Collecting gene weight information ...
2022-10-06 04:32:54 INFO::Flipping weights to match LD reference
2022-10-06 04:32:54 INFO::Harmonizing strand ambiguous weights using correlations with unambiguous variants
2022-10-06 04:42:31 INFO::Start gene z score imputation ...
2022-10-06 04:42:31 INFO::Using given LD matrices to impute gene z score.
2022-10-06 04:50:12 INFO::Imputation done, writing results to output...
2022-10-06 04:50:12 INFO::Imputation done: number of genes with imputed expression: 694 for chr 11
2022-10-06 04:50:13 INFO::Flipping z scores to match LD reference
2022-10-06 04:50:15 INFO::Harmonizing strand-ambiguous z scores using imputation by region
2022-10-06 05:02:33 INFO::Reading weights for chromosome 12
2022-10-06 05:02:33 INFO::Number of genes with weights provided: 14062
2022-10-06 05:02:33 INFO::Collecting gene weight information ...
2022-10-06 05:02:33 INFO::Flipping weights to match LD reference
2022-10-06 05:02:33 INFO::Harmonizing strand ambiguous weights using correlations with unambiguous variants
2022-10-06 05:09:58 INFO::Start gene z score imputation ...
2022-10-06 05:09:58 INFO::Using given LD matrices to impute gene z score.
2022-10-06 05:18:24 INFO::Imputation done, writing results to output...
2022-10-06 05:18:25 INFO::Imputation done: number of genes with imputed expression: 651 for chr 12
2022-10-06 05:18:26 INFO::Flipping z scores to match LD reference
2022-10-06 05:18:27 INFO::Harmonizing strand-ambiguous z scores using imputation by region
2022-10-06 05:28:13 INFO::Reading weights for chromosome 13
2022-10-06 05:28:13 INFO::Number of genes with weights provided: 14062
2022-10-06 05:28:13 INFO::Collecting gene weight information ...
2022-10-06 05:28:13 INFO::Flipping weights to match LD reference
2022-10-06 05:28:13 INFO::Harmonizing strand ambiguous weights using correlations with unambiguous variants
2022-10-06 05:31:04 INFO::Start gene z score imputation ...
2022-10-06 05:31:04 INFO::Using given LD matrices to impute gene z score.
2022-10-06 05:35:41 INFO::Imputation done, writing results to output...
2022-10-06 05:35:42 INFO::Imputation done: number of genes with imputed expression: 223 for chr 13
2022-10-06 05:35:43 INFO::Flipping z scores to match LD reference
2022-10-06 05:35:44 INFO::Harmonizing strand-ambiguous z scores using imputation by region
2022-10-06 05:43:38 INFO::Reading weights for chromosome 14
2022-10-06 05:43:38 INFO::Number of genes with weights provided: 14062
2022-10-06 05:43:38 INFO::Collecting gene weight information ...
2022-10-06 05:43:38 INFO::Flipping weights to match LD reference
2022-10-06 05:43:38 INFO::Harmonizing strand ambiguous weights using correlations with unambiguous variants
2022-10-06 05:49:19 INFO::Start gene z score imputation ...
2022-10-06 05:49:19 INFO::Using given LD matrices to impute gene z score.
2022-10-06 05:53:47 INFO::Imputation done, writing results to output...
2022-10-06 05:53:47 INFO::Imputation done: number of genes with imputed expression: 386 for chr 14
2022-10-06 05:53:48 INFO::Flipping z scores to match LD reference
2022-10-06 05:53:50 INFO::Harmonizing strand-ambiguous z scores using imputation by region
2022-10-06 05:59:59 INFO::Reading weights for chromosome 15
2022-10-06 05:59:59 INFO::Number of genes with weights provided: 14062
2022-10-06 05:59:59 INFO::Collecting gene weight information ...
2022-10-06 05:59:59 INFO::Flipping weights to match LD reference
2022-10-06 05:59:59 INFO::Harmonizing strand ambiguous weights using correlations with unambiguous variants
2022-10-06 06:05:22 INFO::Start gene z score imputation ...
2022-10-06 06:05:22 INFO::Using given LD matrices to impute gene z score.
2022-10-06 06:10:28 INFO::Imputation done, writing results to output...
2022-10-06 06:10:28 INFO::Imputation done: number of genes with imputed expression: 374 for chr 15
2022-10-06 06:10:29 INFO::Flipping z scores to match LD reference
2022-10-06 06:10:30 INFO::Harmonizing strand-ambiguous z scores using imputation by region
2022-10-06 06:16:38 INFO::Reading weights for chromosome 16
2022-10-06 06:16:38 INFO::Number of genes with weights provided: 14062
2022-10-06 06:16:38 INFO::Collecting gene weight information ...
2022-10-06 06:16:38 INFO::Flipping weights to match LD reference
2022-10-06 06:16:38 INFO::Harmonizing strand ambiguous weights using correlations with unambiguous variants
2022-10-06 06:22:43 INFO::Start gene z score imputation ...
2022-10-06 06:22:43 INFO::Using given LD matrices to impute gene z score.
2022-10-06 06:27:35 INFO::Imputation done, writing results to output...
2022-10-06 06:27:35 INFO::Imputation done: number of genes with imputed expression: 531 for chr 16
2022-10-06 06:27:36 INFO::Flipping z scores to match LD reference
2022-10-06 06:27:38 INFO::Harmonizing strand-ambiguous z scores using imputation by region
2022-10-06 06:33:22 INFO::Reading weights for chromosome 17
2022-10-06 06:33:22 INFO::Number of genes with weights provided: 14062
2022-10-06 06:33:22 INFO::Collecting gene weight information ...
2022-10-06 06:33:22 INFO::Flipping weights to match LD reference
2022-10-06 06:33:22 INFO::Harmonizing strand ambiguous weights using correlations with unambiguous variants
2022-10-06 06:43:01 INFO::Start gene z score imputation ...
2022-10-06 06:43:01 INFO::Using given LD matrices to impute gene z score.
2022-10-06 06:48:49 INFO::Imputation done, writing results to output...
2022-10-06 06:48:49 INFO::Imputation done: number of genes with imputed expression: 679 for chr 17
2022-10-06 06:48:50 INFO::Flipping z scores to match LD reference
2022-10-06 06:48:52 INFO::Harmonizing strand-ambiguous z scores using imputation by region
2022-10-06 06:56:39 INFO::Reading weights for chromosome 18
2022-10-06 06:56:39 INFO::Number of genes with weights provided: 14062
2022-10-06 06:56:39 INFO::Collecting gene weight information ...
2022-10-06 06:56:39 INFO::Flipping weights to match LD reference
2022-10-06 06:56:39 INFO::Harmonizing strand ambiguous weights using correlations with unambiguous variants
2022-10-06 07:00:16 INFO::Start gene z score imputation ...
2022-10-06 07:00:16 INFO::Using given LD matrices to impute gene z score.
2022-10-06 07:03:58 INFO::Imputation done, writing results to output...
2022-10-06 07:03:58 INFO::Imputation done: number of genes with imputed expression: 185 for chr 18
2022-10-06 07:03:59 INFO::Flipping z scores to match LD reference
2022-10-06 07:04:00 INFO::Harmonizing strand-ambiguous z scores using imputation by region
2022-10-06 07:09:03 INFO::Reading weights for chromosome 19
2022-10-06 07:09:03 INFO::Number of genes with weights provided: 14062
2022-10-06 07:09:03 INFO::Collecting gene weight information ...
2022-10-06 07:09:03 INFO::Flipping weights to match LD reference
2022-10-06 07:09:03 INFO::Harmonizing strand ambiguous weights using correlations with unambiguous variants
2022-10-06 07:22:42 INFO::Start gene z score imputation ...
2022-10-06 07:22:42 INFO::Using given LD matrices to impute gene z score.
2022-10-06 07:30:40 INFO::Imputation done, writing results to output...
2022-10-06 07:30:40 INFO::Imputation done: number of genes with imputed expression: 885 for chr 19
2022-10-06 07:30:42 INFO::Flipping z scores to match LD reference
2022-10-06 07:30:43 INFO::Harmonizing strand-ambiguous z scores using imputation by region
2022-10-06 07:36:28 INFO::Reading weights for chromosome 20
2022-10-06 07:36:28 INFO::Number of genes with weights provided: 14062
2022-10-06 07:36:28 INFO::Collecting gene weight information ...
2022-10-06 07:36:28 INFO::Flipping weights to match LD reference
2022-10-06 07:36:28 INFO::Harmonizing strand ambiguous weights using correlations with unambiguous variants
2022-10-06 07:41:23 INFO::Start gene z score imputation ...
2022-10-06 07:41:23 INFO::Using given LD matrices to impute gene z score.
2022-10-06 07:45:26 INFO::Imputation done, writing results to output...
2022-10-06 07:45:26 INFO::Imputation done: number of genes with imputed expression: 358 for chr 20
2022-10-06 07:45:27 INFO::Flipping z scores to match LD reference
2022-10-06 07:45:28 INFO::Harmonizing strand-ambiguous z scores using imputation by region
2022-10-06 07:48:28 INFO::Reading weights for chromosome 21
2022-10-06 07:48:28 INFO::Number of genes with weights provided: 14062
2022-10-06 07:48:28 INFO::Collecting gene weight information ...
2022-10-06 07:48:28 INFO::Flipping weights to match LD reference
2022-10-06 07:48:28 INFO::Harmonizing strand ambiguous weights using correlations with unambiguous variants
2022-10-06 07:50:39 INFO::Start gene z score imputation ...
2022-10-06 07:50:39 INFO::Using given LD matrices to impute gene z score.
2022-10-06 07:52:49 INFO::Imputation done, writing results to output...
2022-10-06 07:52:49 INFO::Imputation done: number of genes with imputed expression: 134 for chr 21
2022-10-06 07:52:50 INFO::Flipping z scores to match LD reference
2022-10-06 07:52:51 INFO::Harmonizing strand-ambiguous z scores using imputation by region
2022-10-06 07:55:30 INFO::Reading weights for chromosome 22
2022-10-06 07:55:30 INFO::Number of genes with weights provided: 14062
2022-10-06 07:55:30 INFO::Collecting gene weight information ...
2022-10-06 07:55:30 INFO::Flipping weights to match LD reference
2022-10-06 07:55:30 INFO::Harmonizing strand ambiguous weights using correlations with unambiguous variants
2022-10-06 07:59:08 INFO::Start gene z score imputation ...
2022-10-06 07:59:08 INFO::Using given LD matrices to impute gene z score.
2022-10-06 08:01:44 INFO::Imputation done, writing results to output...
2022-10-06 08:01:44 INFO::Imputation done: number of genes with imputed expression: 294 for chr 22
2022-10-06 08:02:08 INFO::ctwas started ...
2022-10-06 08:02:32 INFO::LD region file: /home/shengqian/R/x86_64-pc-linux-gnu-library/4.1/ctwas/extdata/ldetect/EUR.b38.bed
2022-10-06 08:02:42 INFO::No. LD regions: 1700
2022-10-06 08:02:48 INFO::No. regions with at least one SNP/gene for chr1: 131
2022-10-06 08:02:48 INFO::Merge regions for chr1
2022-10-06 08:02:48 INFO::No. regions with at least one SNP/gene for chr1 after merging: 127
2022-10-06 08:02:54 INFO::No. regions with at least one SNP/gene for chr2: 144
2022-10-06 08:02:54 INFO::Merge regions for chr2
2022-10-06 08:02:54 INFO::No. regions with at least one SNP/gene for chr2 after merging: 141
2022-10-06 08:02:58 INFO::No. regions with at least one SNP/gene for chr3: 122
2022-10-06 08:02:58 INFO::Merge regions for chr3
2022-10-06 08:02:58 INFO::No. regions with at least one SNP/gene for chr3 after merging: 119
2022-10-06 08:03:02 INFO::No. regions with at least one SNP/gene for chr4: 122
2022-10-06 08:03:02 INFO::Merge regions for chr4
2022-10-06 08:03:02 INFO::No. regions with at least one SNP/gene for chr4 after merging: 120
2022-10-06 08:03:06 INFO::No. regions with at least one SNP/gene for chr5: 110
2022-10-06 08:03:06 INFO::Merge regions for chr5
2022-10-06 08:03:06 INFO::No. regions with at least one SNP/gene for chr5 after merging: 106
2022-10-06 08:03:10 INFO::No. regions with at least one SNP/gene for chr6: 112
2022-10-06 08:03:10 INFO::Merge regions for chr6
2022-10-06 08:03:10 INFO::No. regions with at least one SNP/gene for chr6 after merging: 111
2022-10-06 08:03:14 INFO::No. regions with at least one SNP/gene for chr7: 99
2022-10-06 08:03:14 INFO::Merge regions for chr7
2022-10-06 08:03:14 INFO::No. regions with at least one SNP/gene for chr7 after merging: 95
2022-10-06 08:03:17 INFO::No. regions with at least one SNP/gene for chr8: 94
2022-10-06 08:03:17 INFO::Merge regions for chr8
2022-10-06 08:03:17 INFO::No. regions with at least one SNP/gene for chr8 after merging: 93
2022-10-06 08:03:21 INFO::No. regions with at least one SNP/gene for chr9: 74
2022-10-06 08:03:21 INFO::Merge regions for chr9
2022-10-06 08:03:21 INFO::No. regions with at least one SNP/gene for chr9 after merging: 73
2022-10-06 08:03:23 INFO::No. regions with at least one SNP/gene for chr10: 85
2022-10-06 08:03:23 INFO::Merge regions for chr10
2022-10-06 08:03:23 INFO::No. regions with at least one SNP/gene for chr10 after merging: 84
2022-10-06 08:03:27 INFO::No. regions with at least one SNP/gene for chr11: 84
2022-10-06 08:03:27 INFO::Merge regions for chr11
2022-10-06 08:03:27 INFO::No. regions with at least one SNP/gene for chr11 after merging: 84
2022-10-06 08:03:30 INFO::No. regions with at least one SNP/gene for chr12: 82
2022-10-06 08:03:30 INFO::Merge regions for chr12
2022-10-06 08:03:30 INFO::No. regions with at least one SNP/gene for chr12 after merging: 80
2022-10-06 08:03:32 INFO::No. regions with at least one SNP/gene for chr13: 62
2022-10-06 08:03:32 INFO::Merge regions for chr13
2022-10-06 08:03:32 INFO::No. regions with at least one SNP/gene for chr13 after merging: 60
2022-10-06 08:03:34 INFO::No. regions with at least one SNP/gene for chr14: 56
2022-10-06 08:03:34 INFO::Merge regions for chr14
2022-10-06 08:03:34 INFO::No. regions with at least one SNP/gene for chr14 after merging: 56
2022-10-06 08:03:37 INFO::No. regions with at least one SNP/gene for chr15: 49
2022-10-06 08:03:37 INFO::Merge regions for chr15
2022-10-06 08:03:37 INFO::No. regions with at least one SNP/gene for chr15 after merging: 48
2022-10-06 08:03:39 INFO::No. regions with at least one SNP/gene for chr16: 54
2022-10-06 08:03:39 INFO::Merge regions for chr16
2022-10-06 08:03:39 INFO::No. regions with at least one SNP/gene for chr16 after merging: 54
2022-10-06 08:03:41 INFO::No. regions with at least one SNP/gene for chr17: 47
2022-10-06 08:03:41 INFO::Merge regions for chr17
2022-10-06 08:03:41 INFO::No. regions with at least one SNP/gene for chr17 after merging: 47
2022-10-06 08:03:43 INFO::No. regions with at least one SNP/gene for chr18: 47
2022-10-06 08:03:43 INFO::Merge regions for chr18
2022-10-06 08:03:43 INFO::No. regions with at least one SNP/gene for chr18 after merging: 47
2022-10-06 08:03:45 INFO::No. regions with at least one SNP/gene for chr19: 39
2022-10-06 08:03:45 INFO::Merge regions for chr19
2022-10-06 08:03:45 INFO::No. regions with at least one SNP/gene for chr19 after merging: 36
2022-10-06 08:03:47 INFO::No. regions with at least one SNP/gene for chr20: 38
2022-10-06 08:03:47 INFO::Merge regions for chr20
2022-10-06 08:03:47 INFO::No. regions with at least one SNP/gene for chr20 after merging: 37
2022-10-06 08:03:48 INFO::No. regions with at least one SNP/gene for chr21: 24
2022-10-06 08:03:48 INFO::Merge regions for chr21
2022-10-06 08:03:48 INFO::No. regions with at least one SNP/gene for chr21 after merging: 23
2022-10-06 08:03:49 INFO::No. regions with at least one SNP/gene for chr22: 24
2022-10-06 08:03:49 INFO::Merge regions for chr22
2022-10-06 08:03:49 INFO::No. regions with at least one SNP/gene for chr22 after merging: 24
2022-10-06 08:03:49 INFO::Trim regions with SNPs more than Inf
2022-10-06 08:03:49 INFO::Adding R matrix info, as genotype is not given
2022-10-06 08:03:49 INFO::Adding R matrix info for chrom 1
2022-10-06 08:13:54 INFO::Adding R matrix info for chrom 2
2022-10-06 08:24:30 INFO::Adding R matrix info for chrom 3
2022-10-06 08:32:29 INFO::Adding R matrix info for chrom 4
2022-10-06 08:41:09 INFO::Adding R matrix info for chrom 5
2022-10-06 08:49:08 INFO::Adding R matrix info for chrom 6
2022-10-06 08:57:10 INFO::Adding R matrix info for chrom 7
2022-10-06 09:04:51 INFO::Adding R matrix info for chrom 8
2022-10-06 09:11:21 INFO::Adding R matrix info for chrom 9
2022-10-06 09:16:31 INFO::Adding R matrix info for chrom 10
2022-10-06 09:22:51 INFO::Adding R matrix info for chrom 11
2022-10-06 09:29:03 INFO::Adding R matrix info for chrom 12
2022-10-06 09:35:35 INFO::Adding R matrix info for chrom 13
2022-10-06 09:40:10 INFO::Adding R matrix info for chrom 14
2022-10-06 09:43:54 INFO::Adding R matrix info for chrom 15
2022-10-06 09:47:32 INFO::Adding R matrix info for chrom 16
2022-10-06 09:50:55 INFO::Adding R matrix info for chrom 17
2022-10-06 09:54:22 INFO::Adding R matrix info for chrom 18
2022-10-06 09:57:39 INFO::Adding R matrix info for chrom 19
2022-10-06 10:02:40 INFO::Adding R matrix info for chrom 20
2022-10-06 10:05:45 INFO::Adding R matrix info for chrom 21
2022-10-06 10:07:40 INFO::Adding R matrix info for chrom 22
2022-10-06 10:09:16 INFO::Run susie iteratively, getting rough estimate ...
2022-10-06 10:09:16 INFO::run iteration 1
starting worker pid=12475 on localhost:11680 at 10:09:17.702
starting worker pid=12474 on localhost:11680 at 10:09:17.702
starting worker pid=12466 on localhost:11680 at 10:09:17.702
starting worker pid=12468 on localhost:11680 at 10:09:17.702
starting worker pid=12469 on localhost:11680 at 10:09:17.702
starting worker pid=12473 on localhost:11680 at 10:09:17.703
starting worker pid=12472 on localhost:11680 at 10:09:17.703
starting worker pid=12470 on localhost:11680 at 10:09:17.703
starting worker pid=12471 on localhost:11680 at 10:09:17.704
starting worker pid=12467 on localhost:11680 at 10:09:17.704
2022-10-06 10:18:33 INFO::After iteration 1, gene prior 0.00333015508275001:, SNP prior:0.00214769857201106
2022-10-06 10:18:33 INFO::run iteration 2
starting worker pid=13579 on localhost:11680 at 10:18:34.708
starting worker pid=13572 on localhost:11680 at 10:18:34.708
starting worker pid=13581 on localhost:11680 at 10:18:34.708
starting worker pid=13573 on localhost:11680 at 10:18:34.708
starting worker pid=13578 on localhost:11680 at 10:18:34.708
starting worker pid=13576 on localhost:11680 at 10:18:34.708
starting worker pid=13575 on localhost:11680 at 10:18:34.708
starting worker pid=13577 on localhost:11680 at 10:18:34.708
starting worker pid=13580 on localhost:11680 at 10:18:34.708
starting worker pid=13574 on localhost:11680 at 10:18:34.708
2022-10-06 10:27:51 INFO::After iteration 2, gene prior 0.00401265690463435:, SNP prior:0.0018675092841351
2022-10-06 10:27:52 INFO::run iteration 3
starting worker pid=14422 on localhost:11680 at 10:27:52.977
starting worker pid=14431 on localhost:11680 at 10:27:52.977
starting worker pid=14428 on localhost:11680 at 10:27:52.977
starting worker pid=14429 on localhost:11680 at 10:27:52.977
starting worker pid=14430 on localhost:11680 at 10:27:52.977
starting worker pid=14425 on localhost:11680 at 10:27:52.977
starting worker pid=14427 on localhost:11680 at 10:27:52.977
starting worker pid=14424 on localhost:11680 at 10:27:52.977
starting worker pid=14426 on localhost:11680 at 10:27:52.977
starting worker pid=14423 on localhost:11680 at 10:27:52.977
2022-10-06 10:37:04 INFO::After iteration 3, gene prior 0.00495185742118215:, SNP prior:0.00176771876148616
2022-10-06 10:37:04 INFO::Blocks are filtered: 868 blocks left
2022-10-06 10:37:04 INFO::Run susie iteratively, getting accurate estimate ...
2022-10-06 10:37:04 INFO::run iteration 1
starting worker pid=15143 on localhost:11680 at 10:37:05.491
starting worker pid=15139 on localhost:11680 at 10:37:05.491
starting worker pid=15140 on localhost:11680 at 10:37:05.491
starting worker pid=15144 on localhost:11680 at 10:37:05.491
starting worker pid=15137 on localhost:11680 at 10:37:05.491
starting worker pid=15142 on localhost:11680 at 10:37:05.491
starting worker pid=15138 on localhost:11680 at 10:37:05.491
starting worker pid=15141 on localhost:11680 at 10:37:05.491
starting worker pid=15136 on localhost:11680 at 10:37:05.491
starting worker pid=15135 on localhost:11680 at 10:37:05.491
2022-10-06 10:42:34 INFO::After iteration 1, gene prior 0.00676726526377379:, SNP prior:0.00203528604455678
2022-10-06 10:42:34 INFO::run iteration 2
starting worker pid=15607 on localhost:11680 at 10:42:35.214
starting worker pid=15604 on localhost:11680 at 10:42:35.217
starting worker pid=15603 on localhost:11680 at 10:42:35.217
starting worker pid=15605 on localhost:11680 at 10:42:35.217
starting worker pid=15602 on localhost:11680 at 10:42:35.218
starting worker pid=15606 on localhost:11680 at 10:42:35.218
starting worker pid=15609 on localhost:11680 at 10:42:35.232
starting worker pid=15608 on localhost:11680 at 10:42:35.238
starting worker pid=15601 on localhost:11680 at 10:42:35.242
starting worker pid=15610 on localhost:11680 at 10:42:35.248
2022-10-06 10:48:03 INFO::After iteration 2, gene prior 0.00834336941331558:, SNP prior:0.00222766001909214
2022-10-06 10:48:03 INFO::run iteration 3
starting worker pid=16488 on localhost:11680 at 10:48:03.868
starting worker pid=16483 on localhost:11680 at 10:48:03.868
starting worker pid=16491 on localhost:11680 at 10:48:03.868
starting worker pid=16487 on localhost:11680 at 10:48:03.868
starting worker pid=16489 on localhost:11680 at 10:48:03.868
starting worker pid=16484 on localhost:11680 at 10:48:03.869
starting worker pid=16492 on localhost:11680 at 10:48:03.870
starting worker pid=16485 on localhost:11680 at 10:48:03.877
starting worker pid=16486 on localhost:11680 at 10:48:03.881
starting worker pid=16490 on localhost:11680 at 10:48:03.918
2022-10-06 10:53:28 INFO::After iteration 3, gene prior 0.00966222368415346:, SNP prior:0.00236388835176872
2022-10-06 10:53:29 INFO::run iteration 4
starting worker pid=17160 on localhost:11680 at 10:53:29.772
starting worker pid=17161 on localhost:11680 at 10:53:29.772
starting worker pid=17153 on localhost:11680 at 10:53:29.773
starting worker pid=17155 on localhost:11680 at 10:53:29.773
starting worker pid=17157 on localhost:11680 at 10:53:29.773
starting worker pid=17152 on localhost:11680 at 10:53:29.776
starting worker pid=17154 on localhost:11680 at 10:53:29.776
starting worker pid=17159 on localhost:11680 at 10:53:29.778
starting worker pid=17158 on localhost:11680 at 10:53:29.778
starting worker pid=17156 on localhost:11680 at 10:53:29.801
2022-10-06 10:58:55 INFO::After iteration 4, gene prior 0.0106651018163182:, SNP prior:0.00244245712532348
2022-10-06 10:58:55 INFO::run iteration 5
starting worker pid=17681 on localhost:11680 at 10:58:55.887
starting worker pid=17682 on localhost:11680 at 10:58:55.934
starting worker pid=17689 on localhost:11680 at 10:58:55.940
starting worker pid=17690 on localhost:11680 at 10:58:55.946
starting worker pid=17683 on localhost:11680 at 10:58:55.948
starting worker pid=17685 on localhost:11680 at 10:58:55.953
starting worker pid=17684 on localhost:11680 at 10:58:55.970
starting worker pid=17687 on localhost:11680 at 10:58:55.977
starting worker pid=17686 on localhost:11680 at 10:58:56.012
starting worker pid=17688 on localhost:11680 at 10:58:56.015
2022-10-06 11:04:17 INFO::After iteration 5, gene prior 0.011395832497929:, SNP prior:0.00247943404092908
2022-10-06 11:04:18 INFO::run iteration 6
starting worker pid=18140 on localhost:11680 at 11:04:18.666
starting worker pid=18141 on localhost:11680 at 11:04:18.666
starting worker pid=18144 on localhost:11680 at 11:04:18.666
starting worker pid=18147 on localhost:11680 at 11:04:18.667
starting worker pid=18145 on localhost:11680 at 11:04:18.667
starting worker pid=18142 on localhost:11680 at 11:04:18.674
starting worker pid=18148 on localhost:11680 at 11:04:18.705
starting worker pid=18143 on localhost:11680 at 11:04:18.706
starting worker pid=18149 on localhost:11680 at 11:04:18.731
starting worker pid=18146 on localhost:11680 at 11:04:18.738
2022-10-06 11:09:38 INFO::After iteration 6, gene prior 0.0119314653408065:, SNP prior:0.00249290325097239
2022-10-06 11:09:38 INFO::run iteration 7
starting worker pid=18612 on localhost:11680 at 11:09:39.141
starting worker pid=18604 on localhost:11680 at 11:09:39.141
starting worker pid=18603 on localhost:11680 at 11:09:39.141
starting worker pid=18608 on localhost:11680 at 11:09:39.142
starting worker pid=18606 on localhost:11680 at 11:09:39.145
starting worker pid=18611 on localhost:11680 at 11:09:39.164
starting worker pid=18605 on localhost:11680 at 11:09:39.182
starting worker pid=18610 on localhost:11680 at 11:09:39.184
starting worker pid=18609 on localhost:11680 at 11:09:39.186
starting worker pid=18607 on localhost:11680 at 11:09:39.206
2022-10-06 11:14:59 INFO::After iteration 7, gene prior 0.0123371128052885:, SNP prior:0.00249570163795258
2022-10-06 11:14:59 INFO::run iteration 8
starting worker pid=19067 on localhost:11680 at 11:15:00.366
starting worker pid=19064 on localhost:11680 at 11:15:00.368
starting worker pid=19065 on localhost:11680 at 11:15:00.382
starting worker pid=19066 on localhost:11680 at 11:15:00.382
starting worker pid=19071 on localhost:11680 at 11:15:00.388
starting worker pid=19070 on localhost:11680 at 11:15:00.389
starting worker pid=19075 on localhost:11680 at 11:15:00.396
starting worker pid=19068 on localhost:11680 at 11:15:00.399
starting worker pid=19073 on localhost:11680 at 11:15:00.420
starting worker pid=19072 on localhost:11680 at 11:15:00.425
2022-10-06 11:20:20 INFO::After iteration 8, gene prior 0.0126545101127503:, SNP prior:0.00249429206615901
2022-10-06 11:20:20 INFO::run iteration 9
starting worker pid=20052 on localhost:11680 at 11:20:21.404
starting worker pid=20048 on localhost:11680 at 11:20:21.404
starting worker pid=20047 on localhost:11680 at 11:20:21.404
starting worker pid=20050 on localhost:11680 at 11:20:21.404
starting worker pid=20051 on localhost:11680 at 11:20:21.404
starting worker pid=20049 on localhost:11680 at 11:20:21.405
starting worker pid=20053 on localhost:11680 at 11:20:21.405
starting worker pid=20054 on localhost:11680 at 11:20:21.417
starting worker pid=20046 on localhost:11680 at 11:20:21.422
starting worker pid=20055 on localhost:11680 at 11:20:21.431
2022-10-06 11:25:43 INFO::After iteration 9, gene prior 0.0129069706190822:, SNP prior:0.00249147105098388
2022-10-06 11:25:44 INFO::run iteration 10
starting worker pid=20507 on localhost:11680 at 11:25:44.660
starting worker pid=20513 on localhost:11680 at 11:25:44.676
starting worker pid=20510 on localhost:11680 at 11:25:44.682
starting worker pid=20508 on localhost:11680 at 11:25:44.695
starting worker pid=20516 on localhost:11680 at 11:25:44.712
starting worker pid=20511 on localhost:11680 at 11:25:44.737
starting worker pid=20514 on localhost:11680 at 11:25:44.741
starting worker pid=20515 on localhost:11680 at 11:25:44.744
starting worker pid=20509 on localhost:11680 at 11:25:44.748
starting worker pid=20512 on localhost:11680 at 11:25:44.751
2022-10-06 11:31:05 INFO::After iteration 10, gene prior 0.0131096415586283:, SNP prior:0.00248841214215804
2022-10-06 11:31:05 INFO::run iteration 11
starting worker pid=20964 on localhost:11680 at 11:31:06.268
starting worker pid=20965 on localhost:11680 at 11:31:06.314
starting worker pid=20969 on localhost:11680 at 11:31:06.314
starting worker pid=20972 on localhost:11680 at 11:31:06.326
starting worker pid=20966 on localhost:11680 at 11:31:06.328
starting worker pid=20973 on localhost:11680 at 11:31:06.330
starting worker pid=20968 on localhost:11680 at 11:31:06.332
starting worker pid=20970 on localhost:11680 at 11:31:06.360
starting worker pid=20971 on localhost:11680 at 11:31:06.367
starting worker pid=20967 on localhost:11680 at 11:31:06.368
2022-10-06 11:36:27 INFO::After iteration 11, gene prior 0.0132733610148076:, SNP prior:0.00248558193683699
2022-10-06 11:36:27 INFO::run iteration 12
starting worker pid=21427 on localhost:11680 at 11:36:27.896
starting worker pid=21422 on localhost:11680 at 11:36:27.922
starting worker pid=21428 on localhost:11680 at 11:36:27.926
starting worker pid=21424 on localhost:11680 at 11:36:27.932
starting worker pid=21430 on localhost:11680 at 11:36:27.959
starting worker pid=21423 on localhost:11680 at 11:36:27.995
starting worker pid=21426 on localhost:11680 at 11:36:28.002
starting worker pid=21431 on localhost:11680 at 11:36:28.006
starting worker pid=21425 on localhost:11680 at 11:36:28.007
starting worker pid=21429 on localhost:11680 at 11:36:28.019
2022-10-06 11:41:48 INFO::After iteration 12, gene prior 0.0134059665941734:, SNP prior:0.00248312649464046
2022-10-06 11:41:48 INFO::run iteration 13
starting worker pid=21884 on localhost:11680 at 11:41:49.268
starting worker pid=21881 on localhost:11680 at 11:41:49.298
starting worker pid=21885 on localhost:11680 at 11:41:49.317
starting worker pid=21890 on localhost:11680 at 11:41:49.317
starting worker pid=21888 on localhost:11680 at 11:41:49.343
starting worker pid=21883 on localhost:11680 at 11:41:49.346
starting worker pid=21887 on localhost:11680 at 11:41:49.356
starting worker pid=21886 on localhost:11680 at 11:41:49.365
starting worker pid=21889 on localhost:11680 at 11:41:49.374
starting worker pid=21882 on localhost:11680 at 11:41:49.380
2022-10-06 11:47:10 INFO::After iteration 13, gene prior 0.0135134861709969:, SNP prior:0.00248106183176929
2022-10-06 11:47:10 INFO::run iteration 14
starting worker pid=22702 on localhost:11680 at 11:47:11.205
starting worker pid=22701 on localhost:11680 at 11:47:11.247
starting worker pid=22699 on localhost:11680 at 11:47:11.258
starting worker pid=22705 on localhost:11680 at 11:47:11.279
starting worker pid=22703 on localhost:11680 at 11:47:11.284
starting worker pid=22697 on localhost:11680 at 11:47:11.286
starting worker pid=22700 on localhost:11680 at 11:47:11.294
starting worker pid=22696 on localhost:11680 at 11:47:11.308
starting worker pid=22698 on localhost:11680 at 11:47:11.321
starting worker pid=22704 on localhost:11680 at 11:47:11.350
2022-10-06 11:52:30 INFO::After iteration 14, gene prior 0.0136006659175211:, SNP prior:0.0024793532294951
2022-10-06 11:52:31 INFO::run iteration 15
starting worker pid=23383 on localhost:11680 at 11:52:31.649
starting worker pid=23376 on localhost:11680 at 11:52:31.687
starting worker pid=23377 on localhost:11680 at 11:52:31.690
starting worker pid=23378 on localhost:11680 at 11:52:31.701
starting worker pid=23380 on localhost:11680 at 11:52:31.710
starting worker pid=23375 on localhost:11680 at 11:52:31.732
starting worker pid=23382 on localhost:11680 at 11:52:31.735
starting worker pid=23379 on localhost:11680 at 11:52:31.742
starting worker pid=23374 on localhost:11680 at 11:52:31.743
starting worker pid=23381 on localhost:11680 at 11:52:31.758
2022-10-06 11:57:51 INFO::After iteration 15, gene prior 0.0136713143254545:, SNP prior:0.00247794986363324
2022-10-06 11:57:52 INFO::run iteration 16
starting worker pid=23838 on localhost:11680 at 11:57:52.579
starting worker pid=23837 on localhost:11680 at 11:57:52.642
starting worker pid=23831 on localhost:11680 at 11:57:52.646
starting worker pid=23832 on localhost:11680 at 11:57:52.667
starting worker pid=23834 on localhost:11680 at 11:57:52.668
starting worker pid=23833 on localhost:11680 at 11:57:52.672
starting worker pid=23840 on localhost:11680 at 11:57:52.698
starting worker pid=23835 on localhost:11680 at 11:57:52.703
starting worker pid=23839 on localhost:11680 at 11:57:52.713
starting worker pid=23836 on localhost:11680 at 11:57:52.713
2022-10-06 12:03:12 INFO::After iteration 16, gene prior 0.0137285425344426:, SNP prior:0.00247680453447878
2022-10-06 12:03:12 INFO::run iteration 17
starting worker pid=24293 on localhost:11680 at 12:03:13.228
starting worker pid=24298 on localhost:11680 at 12:03:13.231
starting worker pid=24295 on localhost:11680 at 12:03:13.279
starting worker pid=24294 on localhost:11680 at 12:03:13.288
starting worker pid=24291 on localhost:11680 at 12:03:13.296
starting worker pid=24290 on localhost:11680 at 12:03:13.317
starting worker pid=24297 on localhost:11680 at 12:03:13.317
starting worker pid=24299 on localhost:11680 at 12:03:13.321
starting worker pid=24292 on localhost:11680 at 12:03:13.329
starting worker pid=24296 on localhost:11680 at 12:03:13.331
2022-10-06 12:08:35 INFO::After iteration 17, gene prior 0.0137748762593675:, SNP prior:0.0024758731395827
2022-10-06 12:08:35 INFO::run iteration 18
starting worker pid=24757 on localhost:11680 at 12:08:35.841
starting worker pid=24752 on localhost:11680 at 12:08:35.855
starting worker pid=24758 on localhost:11680 at 12:08:35.867
starting worker pid=24749 on localhost:11680 at 12:08:35.870
starting worker pid=24755 on localhost:11680 at 12:08:35.886
starting worker pid=24751 on localhost:11680 at 12:08:35.909
starting worker pid=24750 on localhost:11680 at 12:08:35.917
starting worker pid=24756 on localhost:11680 at 12:08:35.921
starting worker pid=24754 on localhost:11680 at 12:08:35.935
starting worker pid=24753 on localhost:11680 at 12:08:35.950
2022-10-06 12:13:59 INFO::After iteration 18, gene prior 0.0138123708675796:, SNP prior:0.00247511750118471
2022-10-06 12:13:59 INFO::run iteration 19
starting worker pid=25292 on localhost:11680 at 12:14:00.425
starting worker pid=25288 on localhost:11680 at 12:14:00.468
starting worker pid=25286 on localhost:11680 at 12:14:00.476
starting worker pid=25290 on localhost:11680 at 12:14:00.482
starting worker pid=25294 on localhost:11680 at 12:14:00.483
starting worker pid=25295 on localhost:11680 at 12:14:00.490
starting worker pid=25291 on localhost:11680 at 12:14:00.500
starting worker pid=25289 on localhost:11680 at 12:14:00.505
starting worker pid=25293 on localhost:11680 at 12:14:00.507
starting worker pid=25287 on localhost:11680 at 12:14:00.510
2022-10-06 12:19:25 INFO::After iteration 19, gene prior 0.0138426988035765:, SNP prior:0.00247450536358422
2022-10-06 12:19:25 INFO::run iteration 20
starting worker pid=26152 on localhost:11680 at 12:19:26.192
starting worker pid=26153 on localhost:11680 at 12:19:26.201
starting worker pid=26156 on localhost:11680 at 12:19:26.206
starting worker pid=26155 on localhost:11680 at 12:19:26.260
starting worker pid=26159 on localhost:11680 at 12:19:26.266
starting worker pid=26158 on localhost:11680 at 12:19:26.291
starting worker pid=26157 on localhost:11680 at 12:19:26.291
starting worker pid=26150 on localhost:11680 at 12:19:26.295
starting worker pid=26151 on localhost:11680 at 12:19:26.309
starting worker pid=26154 on localhost:11680 at 12:19:26.311
2022-10-06 12:24:51 INFO::After iteration 20, gene prior 0.013867220173113:, SNP prior:0.00247400996042004
2022-10-06 12:24:51 INFO::run iteration 21
starting worker pid=26749 on localhost:11680 at 12:24:51.834
starting worker pid=26752 on localhost:11680 at 12:24:51.836
starting worker pid=26746 on localhost:11680 at 12:24:51.839
starting worker pid=26745 on localhost:11680 at 12:24:51.847
starting worker pid=26748 on localhost:11680 at 12:24:51.884
starting worker pid=26750 on localhost:11680 at 12:24:51.886
starting worker pid=26747 on localhost:11680 at 12:24:51.886
starting worker pid=26753 on localhost:11680 at 12:24:51.888
starting worker pid=26751 on localhost:11680 at 12:24:51.889
starting worker pid=26754 on localhost:11680 at 12:24:51.924
2022-10-06 12:30:21 INFO::After iteration 21, gene prior 0.013887040040849:, SNP prior:0.00247360930028927
2022-10-06 12:30:21 INFO::run iteration 22
starting worker pid=27212 on localhost:11680 at 12:30:21.728
starting worker pid=27220 on localhost:11680 at 12:30:21.750
starting worker pid=27221 on localhost:11680 at 12:30:21.791
starting worker pid=27216 on localhost:11680 at 12:30:21.813
starting worker pid=27219 on localhost:11680 at 12:30:21.825
starting worker pid=27214 on localhost:11680 at 12:30:21.833
starting worker pid=27213 on localhost:11680 at 12:30:21.840
starting worker pid=27217 on localhost:11680 at 12:30:21.850
starting worker pid=27218 on localhost:11680 at 12:30:21.856
starting worker pid=27215 on localhost:11680 at 12:30:21.859
2022-10-06 12:35:47 INFO::After iteration 22, gene prior 0.0139030553504626:, SNP prior:0.00247328541972572
2022-10-06 12:35:47 INFO::run iteration 23
starting worker pid=27686 on localhost:11680 at 12:35:48.185
starting worker pid=27683 on localhost:11680 at 12:35:48.259
starting worker pid=27688 on localhost:11680 at 12:35:48.259
starting worker pid=27689 on localhost:11680 at 12:35:48.280
starting worker pid=27682 on localhost:11680 at 12:35:48.297
starting worker pid=27685 on localhost:11680 at 12:35:48.301
starting worker pid=27687 on localhost:11680 at 12:35:48.303
starting worker pid=27691 on localhost:11680 at 12:35:48.308
starting worker pid=27684 on localhost:11680 at 12:35:48.309
starting worker pid=27690 on localhost:11680 at 12:35:48.338
2022-10-06 12:41:16 INFO::After iteration 23, gene prior 0.0139159934318583:, SNP prior:0.00247302369782023
2022-10-06 12:41:16 INFO::run iteration 24
starting worker pid=28146 on localhost:11680 at 12:41:16.939
starting worker pid=28154 on localhost:11680 at 12:41:16.994
starting worker pid=28151 on localhost:11680 at 12:41:16.998
starting worker pid=28147 on localhost:11680 at 12:41:17.012
starting worker pid=28152 on localhost:11680 at 12:41:17.012
starting worker pid=28153 on localhost:11680 at 12:41:17.030
starting worker pid=28148 on localhost:11680 at 12:41:17.048
starting worker pid=28150 on localhost:11680 at 12:41:17.053
starting worker pid=28145 on localhost:11680 at 12:41:17.115
starting worker pid=28149 on localhost:11680 at 12:41:17.131
2022-10-06 12:46:41 INFO::After iteration 24, gene prior 0.0139264435829417:, SNP prior:0.00247281226163099
2022-10-06 12:46:41 INFO::run iteration 25
starting worker pid=28976 on localhost:11680 at 12:46:42.070
starting worker pid=28974 on localhost:11680 at 12:46:42.107
starting worker pid=28968 on localhost:11680 at 12:46:42.115
starting worker pid=28972 on localhost:11680 at 12:46:42.117
starting worker pid=28970 on localhost:11680 at 12:46:42.155
starting worker pid=28967 on localhost:11680 at 12:46:42.162
starting worker pid=28969 on localhost:11680 at 12:46:42.168
starting worker pid=28973 on localhost:11680 at 12:46:42.169
starting worker pid=28971 on localhost:11680 at 12:46:42.173
starting worker pid=28975 on localhost:11680 at 12:46:42.186
2022-10-06 12:52:09 INFO::After iteration 25, gene prior 0.0139348829252428:, SNP prior:0.00247264148464502
2022-10-06 12:52:09 INFO::run iteration 26
starting worker pid=29594 on localhost:11680 at 12:52:09.729
starting worker pid=29591 on localhost:11680 at 12:52:09.741
starting worker pid=29595 on localhost:11680 at 12:52:09.747
starting worker pid=29599 on localhost:11680 at 12:52:09.773
starting worker pid=29593 on localhost:11680 at 12:52:09.778
starting worker pid=29592 on localhost:11680 at 12:52:09.783
starting worker pid=29597 on localhost:11680 at 12:52:09.796
starting worker pid=29596 on localhost:11680 at 12:52:09.808
starting worker pid=29598 on localhost:11680 at 12:52:09.812
starting worker pid=29590 on localhost:11680 at 12:52:09.817
2022-10-06 12:57:36 INFO::After iteration 26, gene prior 0.0139416975275266:, SNP prior:0.00247250357021398
2022-10-06 12:57:37 INFO::run iteration 27
starting worker pid=30079 on localhost:11680 at 12:57:37.621
starting worker pid=30075 on localhost:11680 at 12:57:37.643
starting worker pid=30076 on localhost:11680 at 12:57:37.677
starting worker pid=30078 on localhost:11680 at 12:57:37.684
starting worker pid=30072 on localhost:11680 at 12:57:37.715
starting worker pid=30074 on localhost:11680 at 12:57:37.728
starting worker pid=30073 on localhost:11680 at 12:57:37.741
starting worker pid=30080 on localhost:11680 at 12:57:37.760
starting worker pid=30077 on localhost:11680 at 12:57:37.762
starting worker pid=30081 on localhost:11680 at 12:57:37.768
2022-10-06 13:03:04 INFO::After iteration 27, gene prior 0.0139471996287121:, SNP prior:0.0024723922086949
2022-10-06 13:03:05 INFO::run iteration 28
starting worker pid=30538 on localhost:11680 at 13:03:05.534
starting worker pid=30537 on localhost:11680 at 13:03:05.635
starting worker pid=30539 on localhost:11680 at 13:03:05.654
starting worker pid=30534 on localhost:11680 at 13:03:05.654
starting worker pid=30543 on localhost:11680 at 13:03:05.669
starting worker pid=30540 on localhost:11680 at 13:03:05.677
starting worker pid=30541 on localhost:11680 at 13:03:05.681
starting worker pid=30536 on localhost:11680 at 13:03:05.685
starting worker pid=30535 on localhost:11680 at 13:03:05.705
starting worker pid=30542 on localhost:11680 at 13:03:05.716
2022-10-06 13:08:36 INFO::After iteration 28, gene prior 0.0139516416552099:, SNP prior:0.00247230229684282
2022-10-06 13:08:36 INFO::run iteration 29
starting worker pid=31005 on localhost:11680 at 13:08:37.099
starting worker pid=31006 on localhost:11680 at 13:08:37.117
starting worker pid=31002 on localhost:11680 at 13:08:37.117
starting worker pid=31000 on localhost:11680 at 13:08:37.131
starting worker pid=31008 on localhost:11680 at 13:08:37.136
starting worker pid=31003 on localhost:11680 at 13:08:37.143
starting worker pid=31001 on localhost:11680 at 13:08:37.152
starting worker pid=31004 on localhost:11680 at 13:08:37.154
starting worker pid=31007 on localhost:11680 at 13:08:37.158
starting worker pid=31009 on localhost:11680 at 13:08:37.198
2022-10-06 13:14:03 INFO::After iteration 29, gene prior 0.013955227611791:, SNP prior:0.00247222970899793
2022-10-06 13:14:03 INFO::run iteration 30
starting worker pid=31536 on localhost:11680 at 13:14:04.203
starting worker pid=31534 on localhost:11680 at 13:14:04.245
starting worker pid=31535 on localhost:11680 at 13:14:04.250
starting worker pid=31537 on localhost:11680 at 13:14:04.259
starting worker pid=31538 on localhost:11680 at 13:14:04.266
starting worker pid=31539 on localhost:11680 at 13:14:04.272
starting worker pid=31533 on localhost:11680 at 13:14:04.295
starting worker pid=31542 on localhost:11680 at 13:14:04.327
starting worker pid=31541 on localhost:11680 at 13:14:04.336
starting worker pid=31540 on localhost:11680 at 13:14:04.337
2022-10-06 13:19:31 INFO::After iteration 30, gene prior 0.0139581223262296:, SNP prior:0.00247217111097665
2022-10-06 13:19:31 INFO::Run susie for all regions.
2022-10-06 13:19:31 INFO::run iteration 1
starting worker pid=32524 on localhost:11680 at 13:19:32.296
starting worker pid=32519 on localhost:11680 at 13:19:32.317
starting worker pid=32517 on localhost:11680 at 13:19:32.335
starting worker pid=32518 on localhost:11680 at 13:19:32.337
starting worker pid=32515 on localhost:11680 at 13:19:32.338
starting worker pid=32516 on localhost:11680 at 13:19:32.342
starting worker pid=32522 on localhost:11680 at 13:19:32.357
starting worker pid=32523 on localhost:11680 at 13:19:32.359
starting worker pid=32520 on localhost:11680 at 13:19:32.375
starting worker pid=32521 on localhost:11680 at 13:19:32.394
2022-10-06 13:29:05 INFO::After iteration 1, gene prior 0.0452474576524596:, SNP prior:0.00894372712012105
2022-10-06 13:29:06 INFO::No. LD regions: 1700
2022-10-06 13:29:12 INFO::No. regions with at least one SNP/gene for chr1: 131
2022-10-06 13:29:12 INFO::Merge regions for chr1
2022-10-06 13:29:12 INFO::No. regions with at least one SNP/gene for chr1 after merging: 127
2022-10-06 13:29:19 INFO::No. regions with at least one SNP/gene for chr2: 144
2022-10-06 13:29:19 INFO::Merge regions for chr2
2022-10-06 13:29:19 INFO::No. regions with at least one SNP/gene for chr2 after merging: 141
2022-10-06 13:29:24 INFO::No. regions with at least one SNP/gene for chr3: 122
2022-10-06 13:29:24 INFO::Merge regions for chr3
2022-10-06 13:29:24 INFO::No. regions with at least one SNP/gene for chr3 after merging: 119
2022-10-06 13:29:29 INFO::No. regions with at least one SNP/gene for chr4: 122
2022-10-06 13:29:29 INFO::Merge regions for chr4
2022-10-06 13:29:29 INFO::No. regions with at least one SNP/gene for chr4 after merging: 120
2022-10-06 13:29:34 INFO::No. regions with at least one SNP/gene for chr5: 110
2022-10-06 13:29:34 INFO::Merge regions for chr5
2022-10-06 13:29:34 INFO::No. regions with at least one SNP/gene for chr5 after merging: 106
2022-10-06 13:29:39 INFO::No. regions with at least one SNP/gene for chr6: 112
2022-10-06 13:29:39 INFO::Merge regions for chr6
2022-10-06 13:29:39 INFO::No. regions with at least one SNP/gene for chr6 after merging: 111
2022-10-06 13:29:43 INFO::No. regions with at least one SNP/gene for chr7: 99
2022-10-06 13:29:43 INFO::Merge regions for chr7
2022-10-06 13:29:43 INFO::No. regions with at least one SNP/gene for chr7 after merging: 95
2022-10-06 13:29:46 INFO::No. regions with at least one SNP/gene for chr8: 94
2022-10-06 13:29:46 INFO::Merge regions for chr8
2022-10-06 13:29:46 INFO::No. regions with at least one SNP/gene for chr8 after merging: 93
2022-10-06 13:29:50 INFO::No. regions with at least one SNP/gene for chr9: 74
2022-10-06 13:29:50 INFO::Merge regions for chr9
2022-10-06 13:29:50 INFO::No. regions with at least one SNP/gene for chr9 after merging: 73
2022-10-06 13:29:54 INFO::No. regions with at least one SNP/gene for chr10: 85
2022-10-06 13:29:54 INFO::Merge regions for chr10
2022-10-06 13:29:54 INFO::No. regions with at least one SNP/gene for chr10 after merging: 84
2022-10-06 13:29:57 INFO::No. regions with at least one SNP/gene for chr11: 84
2022-10-06 13:29:57 INFO::Merge regions for chr11
2022-10-06 13:29:57 INFO::No. regions with at least one SNP/gene for chr11 after merging: 84
2022-10-06 13:30:02 INFO::No. regions with at least one SNP/gene for chr12: 82
2022-10-06 13:30:02 INFO::Merge regions for chr12
2022-10-06 13:30:02 INFO::No. regions with at least one SNP/gene for chr12 after merging: 80
2022-10-06 13:30:04 INFO::No. regions with at least one SNP/gene for chr13: 62
2022-10-06 13:30:04 INFO::Merge regions for chr13
2022-10-06 13:30:04 INFO::No. regions with at least one SNP/gene for chr13 after merging: 60
2022-10-06 13:30:07 INFO::No. regions with at least one SNP/gene for chr14: 56
2022-10-06 13:30:07 INFO::Merge regions for chr14
2022-10-06 13:30:07 INFO::No. regions with at least one SNP/gene for chr14 after merging: 56
2022-10-06 13:30:08 INFO::No. regions with at least one SNP/gene for chr15: 49
2022-10-06 13:30:08 INFO::Merge regions for chr15
2022-10-06 13:30:08 INFO::No. regions with at least one SNP/gene for chr15 after merging: 48
2022-10-06 13:30:11 INFO::No. regions with at least one SNP/gene for chr16: 54
2022-10-06 13:30:11 INFO::Merge regions for chr16
2022-10-06 13:30:11 INFO::No. regions with at least one SNP/gene for chr16 after merging: 54
2022-10-06 13:30:13 INFO::No. regions with at least one SNP/gene for chr17: 47
2022-10-06 13:30:13 INFO::Merge regions for chr17
2022-10-06 13:30:13 INFO::No. regions with at least one SNP/gene for chr17 after merging: 47
2022-10-06 13:30:15 INFO::No. regions with at least one SNP/gene for chr18: 47
2022-10-06 13:30:15 INFO::Merge regions for chr18
2022-10-06 13:30:15 INFO::No. regions with at least one SNP/gene for chr18 after merging: 47
2022-10-06 13:30:17 INFO::No. regions with at least one SNP/gene for chr19: 39
2022-10-06 13:30:17 INFO::Merge regions for chr19
2022-10-06 13:30:17 INFO::No. regions with at least one SNP/gene for chr19 after merging: 36
2022-10-06 13:30:19 INFO::No. regions with at least one SNP/gene for chr20: 38
2022-10-06 13:30:19 INFO::Merge regions for chr20
2022-10-06 13:30:19 INFO::No. regions with at least one SNP/gene for chr20 after merging: 37
2022-10-06 13:30:20 INFO::No. regions with at least one SNP/gene for chr21: 24
2022-10-06 13:30:20 INFO::Merge regions for chr21
2022-10-06 13:30:20 INFO::No. regions with at least one SNP/gene for chr21 after merging: 23
2022-10-06 13:30:21 INFO::No. regions with at least one SNP/gene for chr22: 24
2022-10-06 13:30:21 INFO::Merge regions for chr22
2022-10-06 13:30:21 INFO::No. regions with at least one SNP/gene for chr22 after merging: 24
2022-10-06 13:30:21 INFO::Trim regions with SNPs more than 20000
2022-10-06 13:30:21 INFO::Adding R matrix info, as genotype is not given
2022-10-06 13:30:22 INFO::Adding R matrix info for chrom 1
2022-10-06 13:40:53 INFO::Adding R matrix info for chrom 2
2022-10-06 13:51:57 INFO::Adding R matrix info for chrom 3
2022-10-06 14:00:19 INFO::Adding R matrix info for chrom 4
2022-10-06 14:09:12 INFO::Adding R matrix info for chrom 5
2022-10-06 14:17:26 INFO::Adding R matrix info for chrom 6
2022-10-06 14:25:47 INFO::Adding R matrix info for chrom 7
2022-10-06 14:33:40 INFO::Adding R matrix info for chrom 8
2022-10-06 14:40:20 INFO::Adding R matrix info for chrom 9
2022-10-06 14:45:44 INFO::Adding R matrix info for chrom 10
2022-10-06 14:52:08 INFO::Adding R matrix info for chrom 11
2022-10-06 14:58:26 INFO::Adding R matrix info for chrom 12
2022-10-06 15:05:02 INFO::Adding R matrix info for chrom 13
2022-10-06 15:09:37 INFO::Adding R matrix info for chrom 14
2022-10-06 15:13:25 INFO::Adding R matrix info for chrom 15
2022-10-06 15:17:10 INFO::Adding R matrix info for chrom 16
2022-10-06 15:20:34 INFO::Adding R matrix info for chrom 17
2022-10-06 15:24:09 INFO::Adding R matrix info for chrom 18
2022-10-06 15:27:34 INFO::Adding R matrix info for chrom 19
2022-10-06 15:32:41 INFO::Adding R matrix info for chrom 20
2022-10-06 15:35:41 INFO::Adding R matrix info for chrom 21
2022-10-06 15:37:31 INFO::Adding R matrix info for chrom 22
2022-10-06 15:41:45 INFO::Number of regions that contain strong gene signals: 15
2022-10-06 15:41:45 INFO::Rerun susie for regions with strong gene signals using full SNPs.
2022-10-06 15:41:45 INFO::run iteration 1
starting worker pid=43588 on localhost:11680 at 15:41:46.414
2022-10-06 15:46:13 INFO::After iteration 1, gene prior 0.0725683143249854:, SNP prior:0.000766874748116337
$group_prior
[1] 0.0139581223 0.0002472171

$group_prior_var
[1] 9.107843 8.780582

R version 4.1.0 (2021-05-18)
Platform: x86_64-pc-linux-gnu (64-bit)
Running under: Scientific Linux 7.4 (Nitrogen)

Matrix products: default
BLAS/LAPACK: /software/openblas-0.3.13-el7-x86_64/lib/libopenblas_haswellp-r0.3.13.so

locale:
[1] C

attached base packages:
[1] stats     graphics  grDevices utils     datasets  methods   base     

other attached packages:
[1] data.table_1.14.2 ctwas_0.1.34     

loaded via a namespace (and not attached):
 [1] Rcpp_1.0.9        compiler_4.1.0    pillar_1.7.0      iterators_1.0.14 
 [5] tools_4.1.0       bit_4.0.4         RSQLite_2.2.14    memoise_2.0.1    
 [9] lifecycle_1.0.1   tibble_3.1.7      lattice_0.20-44   pkgconfig_2.0.3  
[13] rlang_1.0.4       Matrix_1.3-3      foreach_1.5.2     DBI_1.1.2        
[17] cli_3.3.0         parallel_4.1.0    fastmap_1.1.0     pgenlibr_0.3.2   
[21] vctrs_0.4.1       hms_1.1.1         bit64_4.0.5       grid_4.1.0       
[25] glue_1.6.2        R6_2.5.1          fansi_1.0.3       readr_2.1.2      
[29] tzdb_0.3.0        blob_1.2.3        magrittr_2.0.3    codetools_0.2-18 
[33] ellipsis_0.3.2    logging_0.10-108  utf8_1.2.2        doParallel_1.0.17
[37] cachem_1.0.6      crayon_1.5.1     
