[1] "/project2/xinhe/shengqian/cTWAS/cTWAS_analysis/data/UKBB/ukb-d-30000_irnt.vcf.gz"        
[2] "/project2/mstephens/wcrouse/UKB_LDR_0.1"                                                 
[3] "/project2/xinhe/shengqian/cTWAS/cTWAS_analysis/data/mqtl/GTEx_Whole_Blood_Methylation.db"
[4] "/project2/xinhe/shengqian/cTWAS/cTWAS_analysis/code/ctwas_config_b38.R"                  
[5] "WhiteBlood_WholeBlood_expr"                                                              
[6] "WhiteBlood_WholeBlood_ctwas"                                                             
[7] "/project2/xinhe/shengqian/cTWAS/cTWAS_analysis/data/WhiteBlood_M/WholeBlood"             
R version 4.1.0 (2021-05-18)
Platform: x86_64-pc-linux-gnu (64-bit)
Running under: CentOS Linux 7 (Core)

Matrix products: default
BLAS/LAPACK: /software/openblas-0.3.13-el7-x86_64/lib/libopenblas_haswellp-r0.3.13.so

locale:
[1] C

attached base packages:
[1] stats     graphics  grDevices utils     datasets  methods   base     

other attached packages:
[1] data.table_1.14.6 ctwas_0.1.35     

loaded via a namespace (and not attached):
 [1] compiler_4.1.0   Matrix_1.3-3     tools_4.1.0      pgenlibr_0.3.2  
 [5] Rcpp_1.0.9       logging_0.10-108 codetools_0.2-18 grid_4.1.0      
 [9] iterators_1.0.14 foreach_1.5.2    lattice_0.20-44 
                   id         z type
cg00447632 cg00447632  1.968378     
cg07412545 cg07412545 -3.556004     
cg06223162 cg06223162 -3.556004     
cg09408571 cg09408571 -3.556004     
cg16556008 cg16556008 -5.563387     
cg00063077 cg00063077 -4.513981     
2023-02-07 00:49:05 INFO::ctwas started ...
2023-02-07 00:49:40 INFO::LD region file: /home/shengqian/R/x86_64-pc-linux-gnu-library/4.1/ctwas/extdata/ldetect/EUR.b38.bed
2023-02-07 00:49:55 INFO::No. LD regions: 1700
2023-02-07 00:50:04 INFO::No. regions with at least one SNP/gene for chr1: 131
2023-02-07 00:50:04 INFO::Merge regions for chr1
2023-02-07 00:50:04 INFO::No. regions with at least one SNP/gene for chr1 after merging: 131
2023-02-07 00:50:12 INFO::No. regions with at least one SNP/gene for chr2: 144
2023-02-07 00:50:12 INFO::Merge regions for chr2
2023-02-07 00:50:12 INFO::No. regions with at least one SNP/gene for chr2 after merging: 144
2023-02-07 00:50:18 INFO::No. regions with at least one SNP/gene for chr3: 122
2023-02-07 00:50:18 INFO::Merge regions for chr3
2023-02-07 00:50:18 INFO::No. regions with at least one SNP/gene for chr3 after merging: 122
2023-02-07 00:50:25 INFO::No. regions with at least one SNP/gene for chr4: 122
2023-02-07 00:50:25 INFO::Merge regions for chr4
2023-02-07 00:50:25 INFO::No. regions with at least one SNP/gene for chr4 after merging: 122
2023-02-07 00:50:31 INFO::No. regions with at least one SNP/gene for chr5: 110
2023-02-07 00:50:31 INFO::Merge regions for chr5
2023-02-07 00:50:31 INFO::No. regions with at least one SNP/gene for chr5 after merging: 110
2023-02-07 00:50:37 INFO::No. regions with at least one SNP/gene for chr6: 112
2023-02-07 00:50:37 INFO::Merge regions for chr6
2023-02-07 00:50:37 INFO::No. regions with at least one SNP/gene for chr6 after merging: 112
2023-02-07 00:50:42 INFO::No. regions with at least one SNP/gene for chr7: 99
2023-02-07 00:50:42 INFO::Merge regions for chr7
2023-02-07 00:50:42 INFO::No. regions with at least one SNP/gene for chr7 after merging: 99
2023-02-07 00:50:48 INFO::No. regions with at least one SNP/gene for chr8: 94
2023-02-07 00:50:48 INFO::Merge regions for chr8
2023-02-07 00:50:48 INFO::No. regions with at least one SNP/gene for chr8 after merging: 94
2023-02-07 00:50:52 INFO::No. regions with at least one SNP/gene for chr9: 74
2023-02-07 00:50:52 INFO::Merge regions for chr9
2023-02-07 00:50:52 INFO::No. regions with at least one SNP/gene for chr9 after merging: 74
2023-02-07 00:50:56 INFO::No. regions with at least one SNP/gene for chr10: 85
2023-02-07 00:50:56 INFO::Merge regions for chr10
2023-02-07 00:50:56 INFO::No. regions with at least one SNP/gene for chr10 after merging: 85
2023-02-07 00:51:01 INFO::No. regions with at least one SNP/gene for chr11: 84
2023-02-07 00:51:01 INFO::Merge regions for chr11
2023-02-07 00:51:01 INFO::No. regions with at least one SNP/gene for chr11 after merging: 84
2023-02-07 00:51:05 INFO::No. regions with at least one SNP/gene for chr12: 82
2023-02-07 00:51:05 INFO::Merge regions for chr12
2023-02-07 00:51:05 INFO::No. regions with at least one SNP/gene for chr12 after merging: 82
2023-02-07 00:51:08 INFO::No. regions with at least one SNP/gene for chr13: 62
2023-02-07 00:51:08 INFO::Merge regions for chr13
2023-02-07 00:51:08 INFO::No. regions with at least one SNP/gene for chr13 after merging: 62
2023-02-07 00:51:12 INFO::No. regions with at least one SNP/gene for chr14: 56
2023-02-07 00:51:12 INFO::Merge regions for chr14
2023-02-07 00:51:12 INFO::No. regions with at least one SNP/gene for chr14 after merging: 56
2023-02-07 00:51:14 INFO::No. regions with at least one SNP/gene for chr15: 50
2023-02-07 00:51:14 INFO::Merge regions for chr15
2023-02-07 00:51:14 INFO::No. regions with at least one SNP/gene for chr15 after merging: 50
2023-02-07 00:51:17 INFO::No. regions with at least one SNP/gene for chr16: 54
2023-02-07 00:51:17 INFO::Merge regions for chr16
2023-02-07 00:51:17 INFO::No. regions with at least one SNP/gene for chr16 after merging: 54
2023-02-07 00:51:20 INFO::No. regions with at least one SNP/gene for chr17: 47
2023-02-07 00:51:20 INFO::Merge regions for chr17
2023-02-07 00:51:20 INFO::No. regions with at least one SNP/gene for chr17 after merging: 47
2023-02-07 00:51:23 INFO::No. regions with at least one SNP/gene for chr18: 47
2023-02-07 00:51:23 INFO::Merge regions for chr18
2023-02-07 00:51:23 INFO::No. regions with at least one SNP/gene for chr18 after merging: 47
2023-02-07 00:51:25 INFO::No. regions with at least one SNP/gene for chr19: 39
2023-02-07 00:51:25 INFO::Merge regions for chr19
2023-02-07 00:51:25 INFO::No. regions with at least one SNP/gene for chr19 after merging: 39
2023-02-07 00:51:27 INFO::No. regions with at least one SNP/gene for chr20: 38
2023-02-07 00:51:27 INFO::Merge regions for chr20
2023-02-07 00:51:27 INFO::No. regions with at least one SNP/gene for chr20 after merging: 38
2023-02-07 00:51:29 INFO::No. regions with at least one SNP/gene for chr21: 24
2023-02-07 00:51:29 INFO::Merge regions for chr21
2023-02-07 00:51:29 INFO::No. regions with at least one SNP/gene for chr21 after merging: 24
2023-02-07 00:51:31 INFO::No. regions with at least one SNP/gene for chr22: 24
2023-02-07 00:51:31 INFO::Merge regions for chr22
2023-02-07 00:51:31 INFO::No. regions with at least one SNP/gene for chr22 after merging: 24
2023-02-07 00:51:31 INFO::Trim regions with SNPs more than Inf
2023-02-07 00:51:31 INFO::Adding R matrix info, as genotype is not given
2023-02-07 00:51:32 INFO::Adding R matrix info for chrom 1
2023-02-07 01:00:31 INFO::Adding R matrix info for chrom 2
2023-02-07 01:09:35 INFO::Adding R matrix info for chrom 3
2023-02-07 01:16:39 INFO::Adding R matrix info for chrom 4
2023-02-07 01:23:49 INFO::Adding R matrix info for chrom 5
2023-02-07 01:30:22 INFO::Adding R matrix info for chrom 6
2023-02-07 01:38:07 INFO::Adding R matrix info for chrom 7
2023-02-07 01:44:44 INFO::Adding R matrix info for chrom 8
2023-02-07 01:50:32 INFO::Adding R matrix info for chrom 9
2023-02-07 01:54:58 INFO::Adding R matrix info for chrom 10
2023-02-07 02:00:28 INFO::Adding R matrix info for chrom 11
2023-02-07 02:06:23 INFO::Adding R matrix info for chrom 12
2023-02-07 02:11:29 INFO::Adding R matrix info for chrom 13
2023-02-07 02:15:19 INFO::Adding R matrix info for chrom 14
2023-02-07 02:18:42 INFO::Adding R matrix info for chrom 15
2023-02-07 02:21:38 INFO::Adding R matrix info for chrom 16
2023-02-07 02:24:48 INFO::Adding R matrix info for chrom 17
2023-02-07 02:28:17 INFO::Adding R matrix info for chrom 18
2023-02-07 02:31:11 INFO::Adding R matrix info for chrom 19
2023-02-07 02:34:05 INFO::Adding R matrix info for chrom 20
2023-02-07 02:36:29 INFO::Adding R matrix info for chrom 21
2023-02-07 02:37:51 INFO::Adding R matrix info for chrom 22
2023-02-07 02:39:18 INFO::Run susie iteratively, getting rough estimate ...
2023-02-07 02:39:19 INFO::run iteration 1
starting worker pid=286882 on localhost:11688 at 02:39:20.702
starting worker pid=286881 on localhost:11688 at 02:39:20.702
starting worker pid=286873 on localhost:11688 at 02:39:20.703
starting worker pid=286880 on localhost:11688 at 02:39:20.704
starting worker pid=286878 on localhost:11688 at 02:39:20.704
starting worker pid=286877 on localhost:11688 at 02:39:20.704
starting worker pid=286876 on localhost:11688 at 02:39:20.704
starting worker pid=286875 on localhost:11688 at 02:39:20.704
starting worker pid=286879 on localhost:11688 at 02:39:20.704
starting worker pid=286874 on localhost:11688 at 02:39:20.704
