[1] "/project2/xinhe/shengqian/cTWAS/cTWAS_analysis/data/UKBB/ieu-a-22.vcf.gz"                           
[2] "/project2/mstephens/wcrouse/UKB_LDR_0.1"                                                            
[3] "/project2/xinhe/shengqian/cTWAS/cTWAS_analysis/data/mashr_sqtl/sqtl/mashr/mashr_Brain_Cerebellum.db"
[4] "/project2/xinhe/shengqian/cTWAS/cTWAS_analysis/code/ctwas_config.R"                                 
[5] "SCZ_Brain_Cerebellum_expr"                                                                          
[6] "SCZ_Brain_Cerebellum_ctwas"                                                                         
[7] "/project2/xinhe/shengqian/cTWAS/cTWAS_analysis/data/SCZ_S/Brain_Cerebellum"                         
2022-02-28 23:18:39 INFO::Flipping z scores to match LD reference
2022-02-28 23:18:42 INFO::Harmonizing strand-ambiguous z scores using imputation by region
2022-02-28 23:40:24 INFO::Reading weights for chromosome 1
2022-02-28 23:40:25 INFO::Number of genes with weights provided: 40747
2022-02-28 23:40:25 INFO::Collecting gene weight information ...
2022-02-28 23:40:25 INFO::Flipping weights to match LD reference
2022-02-28 23:40:25 INFO::Harmonizing strand ambiguous weights using correlations with unambiguous variants
2022-02-28 23:55:28 INFO::Start gene z score imputation ...
2022-02-28 23:55:28 INFO::Using given LD matrices to impute gene z score.
2022-03-01 00:06:31 INFO::Imputation done, writing results to output...
2022-03-01 00:06:32 INFO::Imputation done: number of genes with imputed expression: 2949 for chr 1
2022-03-01 00:06:32 INFO::Flipping z scores to match LD reference
2022-03-01 00:06:34 INFO::Harmonizing strand-ambiguous z scores using imputation by region
2022-03-01 00:31:19 INFO::Reading weights for chromosome 2
2022-03-01 00:31:19 INFO::Number of genes with weights provided: 40747
2022-03-01 00:31:19 INFO::Collecting gene weight information ...
2022-03-01 00:31:19 INFO::Flipping weights to match LD reference
2022-03-01 00:31:19 INFO::Harmonizing strand ambiguous weights using correlations with unambiguous variants
2022-03-01 00:43:08 INFO::Start gene z score imputation ...
2022-03-01 00:43:08 INFO::Using given LD matrices to impute gene z score.
2022-03-01 00:53:00 INFO::Imputation done, writing results to output...
2022-03-01 00:53:00 INFO::Imputation done: number of genes with imputed expression: 2110 for chr 2
2022-03-01 00:53:01 INFO::Flipping z scores to match LD reference
2022-03-01 00:53:03 INFO::Harmonizing strand-ambiguous z scores using imputation by region
2022-03-01 01:11:06 INFO::Reading weights for chromosome 3
2022-03-01 01:11:06 INFO::Number of genes with weights provided: 40747
2022-03-01 01:11:06 INFO::Collecting gene weight information ...
2022-03-01 01:11:06 INFO::Flipping weights to match LD reference
2022-03-01 01:11:06 INFO::Harmonizing strand ambiguous weights using correlations with unambiguous variants
2022-03-01 01:20:57 INFO::Start gene z score imputation ...
2022-03-01 01:20:57 INFO::Using given LD matrices to impute gene z score.
2022-03-01 01:29:08 INFO::Imputation done, writing results to output...
2022-03-01 01:29:08 INFO::Imputation done: number of genes with imputed expression: 1909 for chr 3
2022-03-01 01:29:09 INFO::Flipping z scores to match LD reference
2022-03-01 01:29:11 INFO::Harmonizing strand-ambiguous z scores using imputation by region
2022-03-01 01:49:32 INFO::Reading weights for chromosome 4
2022-03-01 01:49:32 INFO::Number of genes with weights provided: 40747
2022-03-01 01:49:32 INFO::Collecting gene weight information ...
2022-03-01 01:49:32 INFO::Flipping weights to match LD reference
2022-03-01 01:49:32 INFO::Harmonizing strand ambiguous weights using correlations with unambiguous variants
2022-03-01 01:56:25 INFO::Start gene z score imputation ...
2022-03-01 01:56:25 INFO::Using given LD matrices to impute gene z score.
2022-03-01 02:03:25 INFO::Imputation done, writing results to output...
2022-03-01 02:03:28 INFO::Imputation done: number of genes with imputed expression: 1116 for chr 4
2022-03-01 02:03:29 INFO::Flipping z scores to match LD reference
2022-03-01 02:03:31 INFO::Harmonizing strand-ambiguous z scores using imputation by region
2022-03-01 02:20:55 INFO::Reading weights for chromosome 5
2022-03-01 02:20:55 INFO::Number of genes with weights provided: 40747
2022-03-01 02:20:55 INFO::Collecting gene weight information ...
2022-03-01 02:20:55 INFO::Flipping weights to match LD reference
2022-03-01 02:20:55 INFO::Harmonizing strand ambiguous weights using correlations with unambiguous variants
2022-03-01 02:29:04 INFO::Start gene z score imputation ...
2022-03-01 02:29:04 INFO::Using given LD matrices to impute gene z score.
2022-03-01 02:36:04 INFO::Imputation done, writing results to output...
2022-03-01 02:36:05 INFO::Imputation done: number of genes with imputed expression: 1306 for chr 5
2022-03-01 02:36:05 INFO::Flipping z scores to match LD reference
2022-03-01 02:36:07 INFO::Harmonizing strand-ambiguous z scores using imputation by region
2022-03-01 02:53:08 INFO::Reading weights for chromosome 6
2022-03-01 02:53:08 INFO::Number of genes with weights provided: 40747
2022-03-01 02:53:08 INFO::Collecting gene weight information ...
2022-03-01 02:53:08 INFO::Flipping weights to match LD reference
2022-03-01 02:53:08 INFO::Harmonizing strand ambiguous weights using correlations with unambiguous variants
2022-03-01 03:07:21 INFO::Start gene z score imputation ...
2022-03-01 03:07:21 INFO::Using given LD matrices to impute gene z score.
2022-03-01 03:14:56 INFO::Imputation done, writing results to output...
2022-03-01 03:14:56 INFO::Imputation done: number of genes with imputed expression: 1374 for chr 6
2022-03-01 03:14:57 INFO::Flipping z scores to match LD reference
2022-03-01 03:14:59 INFO::Harmonizing strand-ambiguous z scores using imputation by region
2022-03-01 03:32:36 INFO::Reading weights for chromosome 7
2022-03-01 03:32:36 INFO::Number of genes with weights provided: 40747
2022-03-01 03:32:36 INFO::Collecting gene weight information ...
2022-03-01 03:32:36 INFO::Flipping weights to match LD reference
2022-03-01 03:32:36 INFO::Harmonizing strand ambiguous weights using correlations with unambiguous variants
2022-03-01 03:44:09 INFO::Start gene z score imputation ...
2022-03-01 03:44:09 INFO::Using given LD matrices to impute gene z score.
2022-03-01 03:52:58 INFO::Imputation done, writing results to output...
2022-03-01 03:52:58 INFO::Imputation done: number of genes with imputed expression: 1747 for chr 7
2022-03-01 03:52:59 INFO::Flipping z scores to match LD reference
2022-03-01 03:53:01 INFO::Harmonizing strand-ambiguous z scores using imputation by region
2022-03-01 04:10:28 INFO::Reading weights for chromosome 8
2022-03-01 04:10:28 INFO::Number of genes with weights provided: 40747
2022-03-01 04:10:28 INFO::Collecting gene weight information ...
2022-03-01 04:10:28 INFO::Flipping weights to match LD reference
2022-03-01 04:10:28 INFO::Harmonizing strand ambiguous weights using correlations with unambiguous variants
2022-03-01 04:16:59 INFO::Start gene z score imputation ...
2022-03-01 04:16:59 INFO::Using given LD matrices to impute gene z score.
2022-03-01 04:23:38 INFO::Imputation done, writing results to output...
2022-03-01 04:23:38 INFO::Imputation done: number of genes with imputed expression: 1105 for chr 8
2022-03-01 04:23:40 INFO::Flipping z scores to match LD reference
2022-03-01 04:23:41 INFO::Harmonizing strand-ambiguous z scores using imputation by region
2022-03-01 04:36:46 INFO::Reading weights for chromosome 9
2022-03-01 04:36:46 INFO::Number of genes with weights provided: 40747
2022-03-01 04:36:46 INFO::Collecting gene weight information ...
2022-03-01 04:36:46 INFO::Flipping weights to match LD reference
2022-03-01 04:36:46 INFO::Harmonizing strand ambiguous weights using correlations with unambiguous variants
2022-03-01 04:45:21 INFO::Start gene z score imputation ...
2022-03-01 04:45:21 INFO::Using given LD matrices to impute gene z score.
2022-03-01 04:51:45 INFO::Imputation done, writing results to output...
2022-03-01 04:51:45 INFO::Imputation done: number of genes with imputed expression: 1302 for chr 9
2022-03-01 04:51:46 INFO::Flipping z scores to match LD reference
2022-03-01 04:51:49 INFO::Harmonizing strand-ambiguous z scores using imputation by region
2022-03-01 05:07:37 INFO::Reading weights for chromosome 10
2022-03-01 05:07:37 INFO::Number of genes with weights provided: 40747
2022-03-01 05:07:37 INFO::Collecting gene weight information ...
2022-03-01 05:07:37 INFO::Flipping weights to match LD reference
2022-03-01 05:07:37 INFO::Harmonizing strand ambiguous weights using correlations with unambiguous variants
2022-03-01 05:16:30 INFO::Start gene z score imputation ...
2022-03-01 05:16:30 INFO::Using given LD matrices to impute gene z score.
2022-03-01 05:23:49 INFO::Imputation done, writing results to output...
2022-03-01 05:23:49 INFO::Imputation done: number of genes with imputed expression: 1325 for chr 10
2022-03-01 05:23:50 INFO::Flipping z scores to match LD reference
2022-03-01 05:23:52 INFO::Harmonizing strand-ambiguous z scores using imputation by region
2022-03-01 05:41:19 INFO::Reading weights for chromosome 11
2022-03-01 05:41:19 INFO::Number of genes with weights provided: 40747
2022-03-01 05:41:19 INFO::Collecting gene weight information ...
2022-03-01 05:41:19 INFO::Flipping weights to match LD reference
2022-03-01 05:41:19 INFO::Harmonizing strand ambiguous weights using correlations with unambiguous variants
2022-03-01 05:52:18 INFO::Start gene z score imputation ...
2022-03-01 05:52:18 INFO::Using given LD matrices to impute gene z score.
2022-03-01 06:00:19 INFO::Imputation done, writing results to output...
2022-03-01 06:00:19 INFO::Imputation done: number of genes with imputed expression: 1901 for chr 11
2022-03-01 06:00:20 INFO::Flipping z scores to match LD reference
2022-03-01 06:00:22 INFO::Harmonizing strand-ambiguous z scores using imputation by region
2022-03-01 06:14:41 INFO::Reading weights for chromosome 12
2022-03-01 06:14:41 INFO::Number of genes with weights provided: 40747
2022-03-01 06:14:41 INFO::Collecting gene weight information ...
2022-03-01 06:14:41 INFO::Flipping weights to match LD reference
2022-03-01 06:14:41 INFO::Harmonizing strand ambiguous weights using correlations with unambiguous variants
2022-03-01 06:24:12 INFO::Start gene z score imputation ...
2022-03-01 06:24:12 INFO::Using given LD matrices to impute gene z score.
2022-03-01 06:32:20 INFO::Imputation done, writing results to output...
2022-03-01 06:32:21 INFO::Imputation done: number of genes with imputed expression: 1686 for chr 12
2022-03-01 06:32:22 INFO::Flipping z scores to match LD reference
2022-03-01 06:32:23 INFO::Harmonizing strand-ambiguous z scores using imputation by region
2022-03-01 06:43:36 INFO::Reading weights for chromosome 13
2022-03-01 06:43:36 INFO::Number of genes with weights provided: 40747
2022-03-01 06:43:36 INFO::Collecting gene weight information ...
2022-03-01 06:43:36 INFO::Flipping weights to match LD reference
2022-03-01 06:43:36 INFO::Harmonizing strand ambiguous weights using correlations with unambiguous variants
2022-03-01 06:48:01 INFO::Start gene z score imputation ...
2022-03-01 06:48:01 INFO::Using given LD matrices to impute gene z score.
2022-03-01 06:51:32 INFO::Imputation done, writing results to output...
2022-03-01 06:51:33 INFO::Imputation done: number of genes with imputed expression: 587 for chr 13
2022-03-01 06:51:33 INFO::Flipping z scores to match LD reference
2022-03-01 06:51:35 INFO::Harmonizing strand-ambiguous z scores using imputation by region
2022-03-01 07:00:53 INFO::Reading weights for chromosome 14
2022-03-01 07:00:53 INFO::Number of genes with weights provided: 40747
2022-03-01 07:00:53 INFO::Collecting gene weight information ...
2022-03-01 07:00:53 INFO::Flipping weights to match LD reference
2022-03-01 07:00:53 INFO::Harmonizing strand ambiguous weights using correlations with unambiguous variants
2022-03-01 07:08:20 INFO::Start gene z score imputation ...
2022-03-01 07:08:20 INFO::Using given LD matrices to impute gene z score.
2022-03-01 07:13:32 INFO::Imputation done, writing results to output...
2022-03-01 07:13:33 INFO::Imputation done: number of genes with imputed expression: 1093 for chr 14
2022-03-01 07:13:33 INFO::Flipping z scores to match LD reference
2022-03-01 07:13:35 INFO::Harmonizing strand-ambiguous z scores using imputation by region
2022-03-01 07:20:41 INFO::Reading weights for chromosome 15
2022-03-01 07:20:41 INFO::Number of genes with weights provided: 40747
2022-03-01 07:20:41 INFO::Collecting gene weight information ...
2022-03-01 07:20:41 INFO::Flipping weights to match LD reference
2022-03-01 07:20:41 INFO::Harmonizing strand ambiguous weights using correlations with unambiguous variants
2022-03-01 07:27:19 INFO::Start gene z score imputation ...
2022-03-01 07:27:19 INFO::Using given LD matrices to impute gene z score.
2022-03-01 07:31:55 INFO::Imputation done, writing results to output...
2022-03-01 07:31:55 INFO::Imputation done: number of genes with imputed expression: 1113 for chr 15
2022-03-01 07:31:56 INFO::Flipping z scores to match LD reference
2022-03-01 07:31:58 INFO::Harmonizing strand-ambiguous z scores using imputation by region
2022-03-01 07:39:18 INFO::Reading weights for chromosome 16
2022-03-01 07:39:18 INFO::Number of genes with weights provided: 40747
2022-03-01 07:39:18 INFO::Collecting gene weight information ...
2022-03-01 07:39:18 INFO::Flipping weights to match LD reference
2022-03-01 07:39:18 INFO::Harmonizing strand ambiguous weights using correlations with unambiguous variants
2022-03-01 07:48:44 INFO::Start gene z score imputation ...
2022-03-01 07:48:44 INFO::Using given LD matrices to impute gene z score.
2022-03-01 07:55:21 INFO::Imputation done, writing results to output...
2022-03-01 07:55:21 INFO::Imputation done: number of genes with imputed expression: 1580 for chr 16
2022-03-01 07:55:22 INFO::Flipping z scores to match LD reference
2022-03-01 07:55:24 INFO::Harmonizing strand-ambiguous z scores using imputation by region
2022-03-01 08:02:08 INFO::Reading weights for chromosome 17
2022-03-01 08:02:08 INFO::Number of genes with weights provided: 40747
2022-03-01 08:02:08 INFO::Collecting gene weight information ...
2022-03-01 08:02:08 INFO::Flipping weights to match LD reference
2022-03-01 08:02:08 INFO::Harmonizing strand ambiguous weights using correlations with unambiguous variants
2022-03-01 08:13:34 INFO::Start gene z score imputation ...
2022-03-01 08:13:34 INFO::Using given LD matrices to impute gene z score.
2022-03-01 08:21:49 INFO::Imputation done, writing results to output...
2022-03-01 08:21:49 INFO::Imputation done: number of genes with imputed expression: 2203 for chr 17
2022-03-01 08:21:51 INFO::Flipping z scores to match LD reference
2022-03-01 08:21:52 INFO::Harmonizing strand-ambiguous z scores using imputation by region
2022-03-01 08:31:04 INFO::Reading weights for chromosome 18
2022-03-01 08:31:04 INFO::Number of genes with weights provided: 40747
2022-03-01 08:31:04 INFO::Collecting gene weight information ...
2022-03-01 08:31:04 INFO::Flipping weights to match LD reference
2022-03-01 08:31:04 INFO::Harmonizing strand ambiguous weights using correlations with unambiguous variants
2022-03-01 08:34:13 INFO::Start gene z score imputation ...
2022-03-01 08:34:13 INFO::Using given LD matrices to impute gene z score.
2022-03-01 08:37:21 INFO::Imputation done, writing results to output...
2022-03-01 08:37:21 INFO::Imputation done: number of genes with imputed expression: 399 for chr 18
2022-03-01 08:37:22 INFO::Flipping z scores to match LD reference
2022-03-01 08:37:24 INFO::Harmonizing strand-ambiguous z scores using imputation by region
2022-03-01 08:43:12 INFO::Reading weights for chromosome 19
2022-03-01 08:43:12 INFO::Number of genes with weights provided: 40747
2022-03-01 08:43:12 INFO::Collecting gene weight information ...
2022-03-01 08:43:12 INFO::Flipping weights to match LD reference
2022-03-01 08:43:12 INFO::Harmonizing strand ambiguous weights using correlations with unambiguous variants
2022-03-01 08:57:39 INFO::Start gene z score imputation ...
2022-03-01 08:57:39 INFO::Using given LD matrices to impute gene z score.
2022-03-01 09:05:42 INFO::Imputation done, writing results to output...
2022-03-01 09:05:42 INFO::Imputation done: number of genes with imputed expression: 2251 for chr 19
2022-03-01 09:05:42 INFO::Flipping z scores to match LD reference
2022-03-01 09:05:44 INFO::Harmonizing strand-ambiguous z scores using imputation by region
2022-03-01 09:12:40 INFO::Reading weights for chromosome 20
2022-03-01 09:12:40 INFO::Number of genes with weights provided: 40747
2022-03-01 09:12:40 INFO::Collecting gene weight information ...
2022-03-01 09:12:40 INFO::Flipping weights to match LD reference
2022-03-01 09:12:40 INFO::Harmonizing strand ambiguous weights using correlations with unambiguous variants
2022-03-01 09:18:39 INFO::Start gene z score imputation ...
2022-03-01 09:18:39 INFO::Using given LD matrices to impute gene z score.
2022-03-01 09:23:39 INFO::Imputation done, writing results to output...
2022-03-01 09:23:39 INFO::Imputation done: number of genes with imputed expression: 1027 for chr 20
2022-03-01 09:23:40 INFO::Flipping z scores to match LD reference
2022-03-01 09:23:41 INFO::Harmonizing strand-ambiguous z scores using imputation by region
2022-03-01 09:27:20 INFO::Reading weights for chromosome 21
2022-03-01 09:27:20 INFO::Number of genes with weights provided: 40747
2022-03-01 09:27:20 INFO::Collecting gene weight information ...
2022-03-01 09:27:20 INFO::Flipping weights to match LD reference
2022-03-01 09:27:20 INFO::Harmonizing strand ambiguous weights using correlations with unambiguous variants
2022-03-01 09:30:17 INFO::Start gene z score imputation ...
2022-03-01 09:30:17 INFO::Using given LD matrices to impute gene z score.
2022-03-01 09:32:23 INFO::Imputation done, writing results to output...
2022-03-01 09:32:23 INFO::Imputation done: number of genes with imputed expression: 412 for chr 21
2022-03-01 09:32:23 INFO::Flipping z scores to match LD reference
2022-03-01 09:32:25 INFO::Harmonizing strand-ambiguous z scores using imputation by region
2022-03-01 09:35:37 INFO::Reading weights for chromosome 22
2022-03-01 09:35:37 INFO::Number of genes with weights provided: 40747
2022-03-01 09:35:37 INFO::Collecting gene weight information ...
2022-03-01 09:35:37 INFO::Flipping weights to match LD reference
2022-03-01 09:35:37 INFO::Harmonizing strand ambiguous weights using correlations with unambiguous variants
2022-03-01 09:42:46 INFO::Start gene z score imputation ...
2022-03-01 09:42:46 INFO::Using given LD matrices to impute gene z score.
2022-03-01 09:46:50 INFO::Imputation done, writing results to output...
2022-03-01 09:46:51 INFO::Imputation done: number of genes with imputed expression: 1047 for chr 22
2022-03-01 09:47:14 INFO::ctwas started ...
2022-03-01 09:47:38 INFO::LD region file: /home/shengqian/R/x86_64-pc-linux-gnu-library/3.6/ctwas/extdata/ldetect/EUR.b38.bed
2022-03-01 09:47:44 INFO::No. LD regions: 1700
2022-03-01 09:47:51 INFO::No. regions with at least one SNP/gene for chr1: 131
2022-03-01 09:47:51 INFO::Merge regions for chr1
2022-03-01 09:47:51 INFO::No. regions with at least one SNP/gene for chr1 after merging: 128
2022-03-01 09:47:59 INFO::No. regions with at least one SNP/gene for chr2: 144
2022-03-01 09:47:59 INFO::Merge regions for chr2
2022-03-01 09:47:59 INFO::No. regions with at least one SNP/gene for chr2 after merging: 144
2022-03-01 09:48:06 INFO::No. regions with at least one SNP/gene for chr3: 122
2022-03-01 09:48:06 INFO::Merge regions for chr3
2022-03-01 09:48:06 INFO::No. regions with at least one SNP/gene for chr3 after merging: 122
2022-03-01 09:48:11 INFO::No. regions with at least one SNP/gene for chr4: 122
2022-03-01 09:48:11 INFO::Merge regions for chr4
2022-03-01 09:48:11 INFO::No. regions with at least one SNP/gene for chr4 after merging: 122
2022-03-01 09:48:17 INFO::No. regions with at least one SNP/gene for chr5: 110
2022-03-01 09:48:17 INFO::Merge regions for chr5
2022-03-01 09:48:17 INFO::No. regions with at least one SNP/gene for chr5 after merging: 110
2022-03-01 09:48:23 INFO::No. regions with at least one SNP/gene for chr6: 112
2022-03-01 09:48:23 INFO::Merge regions for chr6
2022-03-01 09:48:23 INFO::No. regions with at least one SNP/gene for chr6 after merging: 111
2022-03-01 09:48:27 INFO::No. regions with at least one SNP/gene for chr7: 99
2022-03-01 09:48:27 INFO::Merge regions for chr7
2022-03-01 09:48:27 INFO::No. regions with at least one SNP/gene for chr7 after merging: 98
2022-03-01 09:48:32 INFO::No. regions with at least one SNP/gene for chr8: 94
2022-03-01 09:48:32 INFO::Merge regions for chr8
2022-03-01 09:48:32 INFO::No. regions with at least one SNP/gene for chr8 after merging: 93
2022-03-01 09:48:34 INFO::No. regions with at least one SNP/gene for chr9: 74
2022-03-01 09:48:34 INFO::Merge regions for chr9
2022-03-01 09:48:34 INFO::No. regions with at least one SNP/gene for chr9 after merging: 74
2022-03-01 09:48:38 INFO::No. regions with at least one SNP/gene for chr10: 85
2022-03-01 09:48:38 INFO::Merge regions for chr10
2022-03-01 09:48:38 INFO::No. regions with at least one SNP/gene for chr10 after merging: 84
2022-03-01 09:48:42 INFO::No. regions with at least one SNP/gene for chr11: 84
2022-03-01 09:48:42 INFO::Merge regions for chr11
2022-03-01 09:48:42 INFO::No. regions with at least one SNP/gene for chr11 after merging: 84
2022-03-01 09:48:45 INFO::No. regions with at least one SNP/gene for chr12: 82
2022-03-01 09:48:45 INFO::Merge regions for chr12
2022-03-01 09:48:45 INFO::No. regions with at least one SNP/gene for chr12 after merging: 82
2022-03-01 09:48:48 INFO::No. regions with at least one SNP/gene for chr13: 62
2022-03-01 09:48:48 INFO::Merge regions for chr13
2022-03-01 09:48:48 INFO::No. regions with at least one SNP/gene for chr13 after merging: 62
2022-03-01 09:48:49 INFO::No. regions with at least one SNP/gene for chr14: 56
2022-03-01 09:48:49 INFO::Merge regions for chr14
2022-03-01 09:48:49 INFO::No. regions with at least one SNP/gene for chr14 after merging: 56
2022-03-01 09:48:52 INFO::No. regions with at least one SNP/gene for chr15: 49
2022-03-01 09:48:52 INFO::Merge regions for chr15
2022-03-01 09:48:52 INFO::No. regions with at least one SNP/gene for chr15 after merging: 49
2022-03-01 09:48:53 INFO::No. regions with at least one SNP/gene for chr16: 54
2022-03-01 09:48:53 INFO::Merge regions for chr16
2022-03-01 09:48:53 INFO::No. regions with at least one SNP/gene for chr16 after merging: 54
2022-03-01 09:48:56 INFO::No. regions with at least one SNP/gene for chr17: 47
2022-03-01 09:48:56 INFO::Merge regions for chr17
2022-03-01 09:48:56 INFO::No. regions with at least one SNP/gene for chr17 after merging: 46
2022-03-01 09:48:57 INFO::No. regions with at least one SNP/gene for chr18: 47
2022-03-01 09:48:57 INFO::Merge regions for chr18
2022-03-01 09:48:57 INFO::No. regions with at least one SNP/gene for chr18 after merging: 46
2022-03-01 09:49:00 INFO::No. regions with at least one SNP/gene for chr19: 39
2022-03-01 09:49:00 INFO::Merge regions for chr19
2022-03-01 09:49:00 INFO::No. regions with at least one SNP/gene for chr19 after merging: 39
2022-03-01 09:49:01 INFO::No. regions with at least one SNP/gene for chr20: 38
2022-03-01 09:49:01 INFO::Merge regions for chr20
2022-03-01 09:49:01 INFO::No. regions with at least one SNP/gene for chr20 after merging: 38
2022-03-01 09:49:02 INFO::No. regions with at least one SNP/gene for chr21: 24
2022-03-01 09:49:02 INFO::Merge regions for chr21
2022-03-01 09:49:02 INFO::No. regions with at least one SNP/gene for chr21 after merging: 24
2022-03-01 09:49:04 INFO::No. regions with at least one SNP/gene for chr22: 24
2022-03-01 09:49:04 INFO::Merge regions for chr22
2022-03-01 09:49:04 INFO::No. regions with at least one SNP/gene for chr22 after merging: 24
2022-03-01 09:49:04 INFO::Trim regions with SNPs more than Inf
2022-03-01 09:49:04 INFO::Adding R matrix info, as genotype is not given
2022-03-01 09:49:05 INFO::Adding R matrix info for chrom 1
2022-03-01 10:04:55 INFO::Adding R matrix info for chrom 2
2022-03-01 10:17:48 INFO::Adding R matrix info for chrom 3
2022-03-01 10:28:25 INFO::Adding R matrix info for chrom 4
2022-03-01 10:37:44 INFO::Adding R matrix info for chrom 5
2022-03-01 10:46:32 INFO::Adding R matrix info for chrom 6
2022-03-01 10:56:43 INFO::Adding R matrix info for chrom 7
2022-03-01 11:07:17 INFO::Adding R matrix info for chrom 8
2022-03-01 11:15:18 INFO::Adding R matrix info for chrom 9
2022-03-01 11:22:38 INFO::Adding R matrix info for chrom 10
2022-03-01 11:31:27 INFO::Adding R matrix info for chrom 11
2022-03-01 11:41:32 INFO::Adding R matrix info for chrom 12
2022-03-01 11:50:51 INFO::Adding R matrix info for chrom 13
2022-03-01 11:55:39 INFO::Adding R matrix info for chrom 14
2022-03-01 12:01:58 INFO::Adding R matrix info for chrom 15
2022-03-01 12:07:08 INFO::Adding R matrix info for chrom 16
2022-03-01 12:13:49 INFO::Adding R matrix info for chrom 17
2022-03-01 12:23:01 INFO::Adding R matrix info for chrom 18
2022-03-01 12:27:17 INFO::Adding R matrix info for chrom 19
2022-03-01 12:36:28 INFO::Adding R matrix info for chrom 20
2022-03-01 12:41:18 INFO::Adding R matrix info for chrom 21
2022-03-01 12:43:18 INFO::Adding R matrix info for chrom 22
2022-03-01 12:47:14 INFO::Run susie iteratively, getting rough estimate ...
2022-03-01 12:47:14 INFO::run iteration 1
starting worker pid=53066 on localhost:11339 at 12:47:15.715
starting worker pid=53080 on localhost:11339 at 12:47:16.250
starting worker pid=53093 on localhost:11339 at 12:47:16.765
starting worker pid=53106 on localhost:11339 at 12:47:17.289
starting worker pid=53120 on localhost:11339 at 12:47:17.802
starting worker pid=53133 on localhost:11339 at 12:47:18.313
starting worker pid=53147 on localhost:11339 at 12:47:18.823
starting worker pid=53160 on localhost:11339 at 12:47:19.343
starting worker pid=53173 on localhost:11339 at 12:47:19.864
starting worker pid=53187 on localhost:11339 at 12:47:20.377
2022-03-01 12:57:55 INFO::After iteration 1, gene prior 0.00272782802405792:, SNP prior:0.00211774774714864
2022-03-01 12:57:55 INFO::run iteration 2
starting worker pid=54097 on localhost:11339 at 12:57:56.036
starting worker pid=54111 on localhost:11339 at 12:57:56.555
starting worker pid=54124 on localhost:11339 at 12:57:57.073
starting worker pid=54138 on localhost:11339 at 12:57:57.590
starting worker pid=54151 on localhost:11339 at 12:57:58.104
starting worker pid=54165 on localhost:11339 at 12:57:58.619
starting worker pid=54178 on localhost:11339 at 12:57:59.133
starting worker pid=54191 on localhost:11339 at 12:57:59.654
starting worker pid=54205 on localhost:11339 at 12:58:00.175
starting worker pid=54218 on localhost:11339 at 12:58:00.697
2022-03-01 13:08:30 INFO::After iteration 2, gene prior 0.00290188011228732:, SNP prior:0.00184673950812803
2022-03-01 13:08:30 INFO::run iteration 3
starting worker pid=54887 on localhost:11339 at 13:08:31.136
starting worker pid=54900 on localhost:11339 at 13:08:31.740
starting worker pid=54914 on localhost:11339 at 13:08:32.276
starting worker pid=54927 on localhost:11339 at 13:08:32.843
starting worker pid=54941 on localhost:11339 at 13:08:33.382
starting worker pid=54954 on localhost:11339 at 13:08:33.922
starting worker pid=54968 on localhost:11339 at 13:08:34.439
starting worker pid=54982 on localhost:11339 at 13:08:34.949
starting worker pid=54995 on localhost:11339 at 13:08:35.465
starting worker pid=55009 on localhost:11339 at 13:08:35.955
2022-03-01 13:19:05 INFO::After iteration 3, gene prior 0.00323536008429475:, SNP prior:0.00175048737626784
2022-03-01 13:19:06 INFO::Blocks are filtered: 842 blocks left
2022-03-01 13:19:06 INFO::Run susie iteratively, getting accurate estimate ...
2022-03-01 13:19:06 INFO::run iteration 1
starting worker pid=56403 on localhost:11339 at 13:19:06.945
starting worker pid=56417 on localhost:11339 at 13:19:07.515
starting worker pid=56431 on localhost:11339 at 13:19:08.104
starting worker pid=56444 on localhost:11339 at 13:19:08.641
starting worker pid=56457 on localhost:11339 at 13:19:09.152
starting worker pid=56471 on localhost:11339 at 13:19:09.661
starting worker pid=56484 on localhost:11339 at 13:19:10.169
starting worker pid=56498 on localhost:11339 at 13:19:10.683
starting worker pid=56511 on localhost:11339 at 13:19:11.194
starting worker pid=56525 on localhost:11339 at 13:19:11.708
2022-03-01 13:25:04 INFO::After iteration 1, gene prior 0.00439217343425832:, SNP prior:0.00199941518133263
2022-03-01 13:25:05 INFO::run iteration 2
starting worker pid=56903 on localhost:11339 at 13:25:06.164
starting worker pid=56917 on localhost:11339 at 13:25:06.694
starting worker pid=56930 on localhost:11339 at 13:25:07.249
starting worker pid=56944 on localhost:11339 at 13:25:07.771
starting worker pid=56957 on localhost:11339 at 13:25:08.308
starting worker pid=56970 on localhost:11339 at 13:25:08.818
starting worker pid=56984 on localhost:11339 at 13:25:09.338
starting worker pid=56997 on localhost:11339 at 13:25:09.848
starting worker pid=57011 on localhost:11339 at 13:25:10.362
starting worker pid=57024 on localhost:11339 at 13:25:10.883
2022-03-01 13:31:01 INFO::After iteration 2, gene prior 0.00535093478126272:, SNP prior:0.00218316164808571
2022-03-01 13:31:01 INFO::run iteration 3
starting worker pid=461 on localhost:11339 at 13:31:02.330
starting worker pid=476 on localhost:11339 at 13:31:02.885
starting worker pid=489 on localhost:11339 at 13:31:03.440
starting worker pid=503 on localhost:11339 at 13:31:03.964
starting worker pid=516 on localhost:11339 at 13:31:04.484
starting worker pid=532 on localhost:11339 at 13:31:04.998
starting worker pid=545 on localhost:11339 at 13:31:05.510
starting worker pid=559 on localhost:11339 at 13:31:06.023
starting worker pid=572 on localhost:11339 at 13:31:06.531
starting worker pid=585 on localhost:11339 at 13:31:07.042
2022-03-01 13:36:51 INFO::After iteration 3, gene prior 0.00611161112987133:, SNP prior:0.00231444988346722
2022-03-01 13:36:52 INFO::run iteration 4
starting worker pid=960 on localhost:11339 at 13:36:52.610
starting worker pid=973 on localhost:11339 at 13:36:53.159
starting worker pid=987 on localhost:11339 at 13:36:53.690
starting worker pid=1000 on localhost:11339 at 13:36:54.199
starting worker pid=1014 on localhost:11339 at 13:36:54.720
starting worker pid=1027 on localhost:11339 at 13:36:55.231
starting worker pid=1040 on localhost:11339 at 13:36:55.747
starting worker pid=1054 on localhost:11339 at 13:36:56.260
starting worker pid=1067 on localhost:11339 at 13:36:56.775
starting worker pid=1081 on localhost:11339 at 13:36:57.287
2022-03-01 13:42:41 INFO::After iteration 4, gene prior 0.00664025285375318:, SNP prior:0.00238880559936553
2022-03-01 13:42:41 INFO::run iteration 5
starting worker pid=1468 on localhost:11339 at 13:42:42.059
starting worker pid=1491 on localhost:11339 at 13:42:42.642
starting worker pid=1504 on localhost:11339 at 13:42:43.163
starting worker pid=1518 on localhost:11339 at 13:42:43.722
starting worker pid=1531 on localhost:11339 at 13:42:44.232
starting worker pid=1545 on localhost:11339 at 13:42:44.751
starting worker pid=1558 on localhost:11339 at 13:42:45.267
starting worker pid=1572 on localhost:11339 at 13:42:45.789
starting worker pid=1585 on localhost:11339 at 13:42:46.301
starting worker pid=1598 on localhost:11339 at 13:42:46.809
2022-03-01 13:48:36 INFO::After iteration 5, gene prior 0.00699029839237257:, SNP prior:0.00242336310032323
2022-03-01 13:48:36 INFO::run iteration 6
starting worker pid=2769 on localhost:11339 at 13:48:37.467
starting worker pid=2782 on localhost:11339 at 13:48:37.996
starting worker pid=2796 on localhost:11339 at 13:48:38.535
starting worker pid=2809 on localhost:11339 at 13:48:39.054
starting worker pid=2823 on localhost:11339 at 13:48:39.569
starting worker pid=2836 on localhost:11339 at 13:48:40.090
starting worker pid=2849 on localhost:11339 at 13:48:40.603
starting worker pid=2863 on localhost:11339 at 13:48:41.112
starting worker pid=2876 on localhost:11339 at 13:48:41.623
starting worker pid=2890 on localhost:11339 at 13:48:42.134
2022-03-01 13:54:33 INFO::After iteration 6, gene prior 0.00722507989799946:, SNP prior:0.00243641910558212
2022-03-01 13:54:33 INFO::run iteration 7
starting worker pid=3267 on localhost:11339 at 13:54:34.229
starting worker pid=3281 on localhost:11339 at 13:54:34.757
starting worker pid=3294 on localhost:11339 at 13:54:35.284
starting worker pid=3308 on localhost:11339 at 13:54:35.804
starting worker pid=3321 on localhost:11339 at 13:54:36.320
starting worker pid=3335 on localhost:11339 at 13:54:36.830
starting worker pid=3348 on localhost:11339 at 13:54:37.342
starting worker pid=3361 on localhost:11339 at 13:54:37.851
starting worker pid=3375 on localhost:11339 at 13:54:38.360
starting worker pid=3388 on localhost:11339 at 13:54:38.874
2022-03-01 14:00:31 INFO::After iteration 7, gene prior 0.00738838425772374:, SNP prior:0.00243951895747179
2022-03-01 14:00:32 INFO::run iteration 8
starting worker pid=3764 on localhost:11339 at 14:00:32.556
starting worker pid=3844 on localhost:11339 at 14:00:33.099
starting worker pid=3857 on localhost:11339 at 14:00:33.648
starting worker pid=3871 on localhost:11339 at 14:00:34.180
starting worker pid=3884 on localhost:11339 at 14:00:34.690
starting worker pid=3898 on localhost:11339 at 14:00:35.200
starting worker pid=3911 on localhost:11339 at 14:00:35.714
starting worker pid=3929 on localhost:11339 at 14:00:36.228
starting worker pid=3946 on localhost:11339 at 14:00:36.742
starting worker pid=3959 on localhost:11339 at 14:00:37.251
2022-03-01 14:06:30 INFO::After iteration 8, gene prior 0.00750724719073353:, SNP prior:0.00243862543479107
2022-03-01 14:06:30 INFO::run iteration 9
starting worker pid=4337 on localhost:11339 at 14:06:31.467
starting worker pid=4350 on localhost:11339 at 14:06:31.996
starting worker pid=4364 on localhost:11339 at 14:06:32.543
starting worker pid=4377 on localhost:11339 at 14:06:33.059
starting worker pid=4390 on localhost:11339 at 14:06:33.572
starting worker pid=4404 on localhost:11339 at 14:06:34.082
starting worker pid=4417 on localhost:11339 at 14:06:34.603
starting worker pid=4431 on localhost:11339 at 14:06:35.121
starting worker pid=4444 on localhost:11339 at 14:06:35.635
starting worker pid=4457 on localhost:11339 at 14:06:36.154
2022-03-01 14:12:27 INFO::After iteration 9, gene prior 0.00759663938584522:, SNP prior:0.00243636388880912
2022-03-01 14:12:27 INFO::run iteration 10
starting worker pid=4830 on localhost:11339 at 14:12:28.257
starting worker pid=4844 on localhost:11339 at 14:12:28.812
starting worker pid=4857 on localhost:11339 at 14:12:29.347
starting worker pid=4870 on localhost:11339 at 14:12:29.873
starting worker pid=4884 on localhost:11339 at 14:12:30.389
starting worker pid=4897 on localhost:11339 at 14:12:30.907
starting worker pid=4911 on localhost:11339 at 14:12:31.420
starting worker pid=4924 on localhost:11339 at 14:12:31.935
starting worker pid=4938 on localhost:11339 at 14:12:32.456
starting worker pid=4951 on localhost:11339 at 14:12:32.972
2022-03-01 14:18:26 INFO::After iteration 10, gene prior 0.00766561460842446:, SNP prior:0.00243386270232327
2022-03-01 14:18:27 INFO::run iteration 11
starting worker pid=5894 on localhost:11339 at 14:18:27.940
starting worker pid=5929 on localhost:11339 at 14:18:28.532
starting worker pid=5943 on localhost:11339 at 14:18:29.050
starting worker pid=5956 on localhost:11339 at 14:18:29.560
starting worker pid=5970 on localhost:11339 at 14:18:30.078
starting worker pid=5983 on localhost:11339 at 14:18:30.593
starting worker pid=5996 on localhost:11339 at 14:18:31.109
starting worker pid=6017 on localhost:11339 at 14:18:31.622
starting worker pid=6030 on localhost:11339 at 14:18:32.140
starting worker pid=6044 on localhost:11339 at 14:18:32.652
2022-03-01 14:24:26 INFO::After iteration 11, gene prior 0.00771970204596783:, SNP prior:0.00243155033523883
2022-03-01 14:24:26 INFO::run iteration 12
starting worker pid=6696 on localhost:11339 at 14:24:26.779
starting worker pid=6709 on localhost:11339 at 14:24:27.370
starting worker pid=6723 on localhost:11339 at 14:24:27.893
starting worker pid=6736 on localhost:11339 at 14:24:28.403
starting worker pid=6750 on localhost:11339 at 14:24:28.922
starting worker pid=6763 on localhost:11339 at 14:24:29.433
starting worker pid=6777 on localhost:11339 at 14:24:29.951
starting worker pid=6791 on localhost:11339 at 14:24:30.473
starting worker pid=6834 on localhost:11339 at 14:24:30.984
starting worker pid=6849 on localhost:11339 at 14:24:31.500
2022-03-01 14:30:23 INFO::After iteration 12, gene prior 0.00776252599759368:, SNP prior:0.00242955776611402
2022-03-01 14:30:23 INFO::run iteration 13
starting worker pid=7225 on localhost:11339 at 14:30:24.175
starting worker pid=7238 on localhost:11339 at 14:30:24.736
starting worker pid=7252 on localhost:11339 at 14:30:25.275
starting worker pid=7265 on localhost:11339 at 14:30:25.787
starting worker pid=7279 on localhost:11339 at 14:30:26.300
starting worker pid=7292 on localhost:11339 at 14:30:26.813
starting worker pid=7305 on localhost:11339 at 14:30:27.328
starting worker pid=7319 on localhost:11339 at 14:30:27.842
starting worker pid=7332 on localhost:11339 at 14:30:28.363
starting worker pid=7346 on localhost:11339 at 14:30:28.869
2022-03-01 14:36:21 INFO::After iteration 13, gene prior 0.00779662109402339:, SNP prior:0.00242789537298309
2022-03-01 14:36:21 INFO::run iteration 14
starting worker pid=7789 on localhost:11339 at 14:36:22.327
starting worker pid=7802 on localhost:11339 at 14:36:22.842
starting worker pid=7815 on localhost:11339 at 14:36:23.355
starting worker pid=7829 on localhost:11339 at 14:36:23.871
starting worker pid=7842 on localhost:11339 at 14:36:24.384
starting worker pid=7856 on localhost:11339 at 14:36:24.898
starting worker pid=7869 on localhost:11339 at 14:36:25.411
starting worker pid=7882 on localhost:11339 at 14:36:25.923
starting worker pid=7896 on localhost:11339 at 14:36:26.442
starting worker pid=7910 on localhost:11339 at 14:36:26.960
2022-03-01 14:42:21 INFO::After iteration 14, gene prior 0.00782385294072731:, SNP prior:0.00242653310667454
2022-03-01 14:42:21 INFO::run iteration 15
starting worker pid=8287 on localhost:11339 at 14:42:22.440
starting worker pid=8300 on localhost:11339 at 14:42:23.034
starting worker pid=8314 on localhost:11339 at 14:42:23.588
starting worker pid=8327 on localhost:11339 at 14:42:24.104
starting worker pid=8340 on localhost:11339 at 14:42:24.620
starting worker pid=8354 on localhost:11339 at 14:42:25.133
starting worker pid=8367 on localhost:11339 at 14:42:25.649
starting worker pid=8381 on localhost:11339 at 14:42:26.163
starting worker pid=8395 on localhost:11339 at 14:42:26.684
starting worker pid=8413 on localhost:11339 at 14:42:27.203
2022-03-01 14:48:20 INFO::After iteration 15, gene prior 0.00784563945639683:, SNP prior:0.00242542754026288
2022-03-01 14:48:20 INFO::run iteration 16
starting worker pid=9360 on localhost:11339 at 14:48:20.748
starting worker pid=9373 on localhost:11339 at 14:48:21.233
starting worker pid=9386 on localhost:11339 at 14:48:21.749
starting worker pid=9400 on localhost:11339 at 14:48:22.259
starting worker pid=9413 on localhost:11339 at 14:48:22.770
starting worker pid=9427 on localhost:11339 at 14:48:23.284
starting worker pid=9440 on localhost:11339 at 14:48:23.798
starting worker pid=9453 on localhost:11339 at 14:48:24.311
starting worker pid=9467 on localhost:11339 at 14:48:24.830
starting worker pid=9480 on localhost:11339 at 14:48:25.343
2022-03-01 14:54:16 INFO::After iteration 16, gene prior 0.00786308380462566:, SNP prior:0.00242453513917551
2022-03-01 14:54:16 INFO::run iteration 17
starting worker pid=10083 on localhost:11339 at 14:54:17.075
starting worker pid=10096 on localhost:11339 at 14:54:17.565
starting worker pid=10109 on localhost:11339 at 14:54:18.077
starting worker pid=10123 on localhost:11339 at 14:54:18.595
starting worker pid=10136 on localhost:11339 at 14:54:19.114
starting worker pid=10150 on localhost:11339 at 14:54:19.631
starting worker pid=10163 on localhost:11339 at 14:54:20.145
starting worker pid=10177 on localhost:11339 at 14:54:20.651
starting worker pid=10191 on localhost:11339 at 14:54:21.159
starting worker pid=10204 on localhost:11339 at 14:54:21.669
2022-03-01 15:00:15 INFO::After iteration 17, gene prior 0.00787705634867954:, SNP prior:0.00242381703441298
2022-03-01 15:00:15 INFO::run iteration 18
starting worker pid=10590 on localhost:11339 at 15:00:16.556
starting worker pid=10604 on localhost:11339 at 15:00:17.060
starting worker pid=10617 on localhost:11339 at 15:00:17.573
starting worker pid=10630 on localhost:11339 at 15:00:18.090
starting worker pid=10644 on localhost:11339 at 15:00:18.598
starting worker pid=10657 on localhost:11339 at 15:00:19.106
starting worker pid=10671 on localhost:11339 at 15:00:19.621
starting worker pid=10684 on localhost:11339 at 15:00:20.129
starting worker pid=10697 on localhost:11339 at 15:00:20.639
starting worker pid=10711 on localhost:11339 at 15:00:21.147
2022-03-01 15:06:14 INFO::After iteration 18, gene prior 0.00788823175427362:, SNP prior:0.00242323889807862
2022-03-01 15:06:14 INFO::run iteration 19
starting worker pid=11154 on localhost:11339 at 15:06:15.394
starting worker pid=11168 on localhost:11339 at 15:06:15.941
starting worker pid=11181 on localhost:11339 at 15:06:16.463
starting worker pid=11195 on localhost:11339 at 15:06:16.982
starting worker pid=11208 on localhost:11339 at 15:06:17.500
starting worker pid=11222 on localhost:11339 at 15:06:18.012
starting worker pid=11235 on localhost:11339 at 15:06:18.523
starting worker pid=11248 on localhost:11339 at 15:06:19.031
starting worker pid=11262 on localhost:11339 at 15:06:19.545
starting worker pid=11275 on localhost:11339 at 15:06:20.062
2022-03-01 15:12:12 INFO::After iteration 19, gene prior 0.00789715893246649:, SNP prior:0.00242277363876827
2022-03-01 15:12:13 INFO::run iteration 20
starting worker pid=11651 on localhost:11339 at 15:12:14.271
starting worker pid=11664 on localhost:11339 at 15:12:14.818
starting worker pid=11678 on localhost:11339 at 15:12:15.333
starting worker pid=11691 on localhost:11339 at 15:12:15.853
starting worker pid=11704 on localhost:11339 at 15:12:16.369
starting worker pid=11718 on localhost:11339 at 15:12:16.884
starting worker pid=11731 on localhost:11339 at 15:12:17.400
starting worker pid=11745 on localhost:11339 at 15:12:17.919
starting worker pid=11758 on localhost:11339 at 15:12:18.434
starting worker pid=11772 on localhost:11339 at 15:12:18.948
2022-03-01 15:18:11 INFO::After iteration 20, gene prior 0.00790429265057287:, SNP prior:0.00242240031336876
2022-03-01 15:18:11 INFO::run iteration 21
starting worker pid=12652 on localhost:11339 at 15:18:12.503
starting worker pid=12706 on localhost:11339 at 15:18:13.052
starting worker pid=12722 on localhost:11339 at 15:18:13.570
starting worker pid=12736 on localhost:11339 at 15:18:14.082
starting worker pid=12749 on localhost:11339 at 15:18:14.601
starting worker pid=12770 on localhost:11339 at 15:18:15.111
starting worker pid=12783 on localhost:11339 at 15:18:15.627
starting worker pid=12796 on localhost:11339 at 15:18:16.140
starting worker pid=12810 on localhost:11339 at 15:18:16.652
starting worker pid=12823 on localhost:11339 at 15:18:17.166
2022-03-01 15:24:10 INFO::After iteration 21, gene prior 0.00790999399583772:, SNP prior:0.00242210124912577
2022-03-01 15:24:10 INFO::run iteration 22
starting worker pid=13432 on localhost:11339 at 15:24:10.819
starting worker pid=13446 on localhost:11339 at 15:24:11.372
starting worker pid=13459 on localhost:11339 at 15:24:11.896
starting worker pid=13473 on localhost:11339 at 15:24:12.409
starting worker pid=13486 on localhost:11339 at 15:24:12.920
starting worker pid=13499 on localhost:11339 at 15:24:13.438
starting worker pid=13513 on localhost:11339 at 15:24:13.950
starting worker pid=13526 on localhost:11339 at 15:24:14.463
starting worker pid=13540 on localhost:11339 at 15:24:14.974
starting worker pid=13556 on localhost:11339 at 15:24:15.489
2022-03-01 15:30:09 INFO::After iteration 22, gene prior 0.00791455074489743:, SNP prior:0.00242186190224034
2022-03-01 15:30:09 INFO::run iteration 23
starting worker pid=13969 on localhost:11339 at 15:30:09.977
starting worker pid=13983 on localhost:11339 at 15:30:10.509
starting worker pid=13998 on localhost:11339 at 15:30:11.021
starting worker pid=14012 on localhost:11339 at 15:30:11.531
starting worker pid=14025 on localhost:11339 at 15:30:12.041
starting worker pid=14039 on localhost:11339 at 15:30:12.553
starting worker pid=14052 on localhost:11339 at 15:30:13.062
starting worker pid=14067 on localhost:11339 at 15:30:13.573
starting worker pid=14081 on localhost:11339 at 15:30:14.089
starting worker pid=14094 on localhost:11339 at 15:30:14.601
2022-03-01 15:36:08 INFO::After iteration 23, gene prior 0.00791819265149448:, SNP prior:0.00242167045672516
2022-03-01 15:36:08 INFO::run iteration 24
starting worker pid=14565 on localhost:11339 at 15:36:08.959
starting worker pid=14582 on localhost:11339 at 15:36:09.547
starting worker pid=14595 on localhost:11339 at 15:36:10.088
starting worker pid=14608 on localhost:11339 at 15:36:10.599
starting worker pid=14623 on localhost:11339 at 15:36:11.113
starting worker pid=14639 on localhost:11339 at 15:36:11.629
starting worker pid=14654 on localhost:11339 at 15:36:12.144
starting worker pid=14668 on localhost:11339 at 15:36:12.660
starting worker pid=14681 on localhost:11339 at 15:36:13.171
starting worker pid=14699 on localhost:11339 at 15:36:13.681
2022-03-01 15:42:05 INFO::After iteration 24, gene prior 0.00792110329824324:, SNP prior:0.00242151737899674
2022-03-01 15:42:06 INFO::run iteration 25
starting worker pid=15081 on localhost:11339 at 15:42:06.743
starting worker pid=15094 on localhost:11339 at 15:42:07.318
starting worker pid=15107 on localhost:11339 at 15:42:07.879
starting worker pid=15127 on localhost:11339 at 15:42:08.389
starting worker pid=15155 on localhost:11339 at 15:42:08.904
starting worker pid=15172 on localhost:11339 at 15:42:09.417
starting worker pid=15185 on localhost:11339 at 15:42:09.934
starting worker pid=15199 on localhost:11339 at 15:42:10.449
starting worker pid=15212 on localhost:11339 at 15:42:10.962
starting worker pid=15225 on localhost:11339 at 15:42:11.479
2022-03-01 15:48:04 INFO::After iteration 25, gene prior 0.0079234294294683:, SNP prior:0.00242139500659685
2022-03-01 15:48:04 INFO::run iteration 26
starting worker pid=16166 on localhost:11339 at 15:48:05.466
starting worker pid=16179 on localhost:11339 at 15:48:05.995
starting worker pid=16193 on localhost:11339 at 15:48:06.552
starting worker pid=16206 on localhost:11339 at 15:48:07.067
starting worker pid=16220 on localhost:11339 at 15:48:07.580
starting worker pid=16233 on localhost:11339 at 15:48:08.093
starting worker pid=16246 on localhost:11339 at 15:48:08.601
starting worker pid=16260 on localhost:11339 at 15:48:09.110
starting worker pid=16273 on localhost:11339 at 15:48:09.627
starting worker pid=16287 on localhost:11339 at 15:48:10.139
2022-03-01 15:54:01 INFO::After iteration 26, gene prior 0.00792528835890928:, SNP prior:0.00242129719453076
2022-03-01 15:54:01 INFO::run iteration 27
starting worker pid=16826 on localhost:11339 at 15:54:02.067
starting worker pid=16840 on localhost:11339 at 15:54:02.611
starting worker pid=16853 on localhost:11339 at 15:54:03.142
starting worker pid=16866 on localhost:11339 at 15:54:03.650
starting worker pid=16880 on localhost:11339 at 15:54:04.161
starting worker pid=16893 on localhost:11339 at 15:54:04.680
starting worker pid=16907 on localhost:11339 at 15:54:05.195
starting worker pid=16920 on localhost:11339 at 15:54:05.708
starting worker pid=16934 on localhost:11339 at 15:54:06.222
starting worker pid=16947 on localhost:11339 at 15:54:06.732
2022-03-01 15:59:59 INFO::After iteration 27, gene prior 0.00792677387351386:, SNP prior:0.00242121900222615
2022-03-01 15:59:59 INFO::run iteration 28
starting worker pid=17327 on localhost:11339 at 15:59:59.816
starting worker pid=17340 on localhost:11339 at 16:00:00.349
starting worker pid=17353 on localhost:11339 at 16:00:00.863
starting worker pid=17367 on localhost:11339 at 16:00:01.377
starting worker pid=17380 on localhost:11339 at 16:00:01.888
starting worker pid=17394 on localhost:11339 at 16:00:02.402
starting worker pid=17407 on localhost:11339 at 16:00:02.910
starting worker pid=17420 on localhost:11339 at 16:00:03.420
starting worker pid=17434 on localhost:11339 at 16:00:03.928
starting worker pid=17447 on localhost:11339 at 16:00:04.442
2022-03-01 16:05:56 INFO::After iteration 28, gene prior 0.00792796097276168:, SNP prior:0.00242115637581722
2022-03-01 16:05:56 INFO::run iteration 29
starting worker pid=17891 on localhost:11339 at 16:05:56.858
starting worker pid=17904 on localhost:11339 at 16:05:57.428
starting worker pid=17918 on localhost:11339 at 16:05:57.980
starting worker pid=17931 on localhost:11339 at 16:05:58.495
starting worker pid=17944 on localhost:11339 at 16:05:59.011
starting worker pid=17958 on localhost:11339 at 16:05:59.525
starting worker pid=17971 on localhost:11339 at 16:06:00.040
starting worker pid=17985 on localhost:11339 at 16:06:00.549
starting worker pid=17998 on localhost:11339 at 16:06:01.061
starting worker pid=18011 on localhost:11339 at 16:06:01.572
2022-03-01 16:11:53 INFO::After iteration 29, gene prior 0.00792890975489794:, SNP prior:0.00242110625964044
2022-03-01 16:11:53 INFO::run iteration 30
starting worker pid=18388 on localhost:11339 at 16:11:54.329
starting worker pid=18401 on localhost:11339 at 16:11:54.816
starting worker pid=18415 on localhost:11339 at 16:11:55.340
starting worker pid=18428 on localhost:11339 at 16:11:55.854
starting worker pid=18441 on localhost:11339 at 16:11:56.363
starting worker pid=18455 on localhost:11339 at 16:11:56.879
starting worker pid=18468 on localhost:11339 at 16:11:57.390
starting worker pid=18488 on localhost:11339 at 16:11:57.901
starting worker pid=18501 on localhost:11339 at 16:11:58.410
starting worker pid=18514 on localhost:11339 at 16:11:58.923
2022-03-01 16:17:49 INFO::After iteration 30, gene prior 0.00792966812260894:, SNP prior:0.00242106617359085
2022-03-01 16:17:49 INFO::Run susie for all regions.
2022-03-01 16:17:49 INFO::run iteration 1
starting worker pid=19388 on localhost:11339 at 16:17:49.937
starting worker pid=19401 on localhost:11339 at 16:17:50.488
starting worker pid=19414 on localhost:11339 at 16:17:51.019
starting worker pid=19428 on localhost:11339 at 16:17:51.529
starting worker pid=19441 on localhost:11339 at 16:17:52.040
starting worker pid=19455 on localhost:11339 at 16:17:52.549
starting worker pid=19468 on localhost:11339 at 16:17:53.061
starting worker pid=19481 on localhost:11339 at 16:17:53.573
starting worker pid=19495 on localhost:11339 at 16:17:54.090
starting worker pid=19508 on localhost:11339 at 16:17:54.600
2022-03-01 16:28:28 INFO::After iteration 1, gene prior 0.0226551460156825:, SNP prior:0.00888437625560502
2022-03-01 16:28:28 INFO::No. LD regions: 1700
2022-03-01 16:28:34 INFO::No. regions with at least one SNP/gene for chr1: 131
2022-03-01 16:28:34 INFO::Merge regions for chr1
2022-03-01 16:28:34 INFO::No. regions with at least one SNP/gene for chr1 after merging: 128
2022-03-01 16:28:41 INFO::No. regions with at least one SNP/gene for chr2: 144
2022-03-01 16:28:41 INFO::Merge regions for chr2
2022-03-01 16:28:41 INFO::No. regions with at least one SNP/gene for chr2 after merging: 144
2022-03-01 16:28:46 INFO::No. regions with at least one SNP/gene for chr3: 122
2022-03-01 16:28:46 INFO::Merge regions for chr3
2022-03-01 16:28:46 INFO::No. regions with at least one SNP/gene for chr3 after merging: 122
2022-03-01 16:28:51 INFO::No. regions with at least one SNP/gene for chr4: 122
2022-03-01 16:28:51 INFO::Merge regions for chr4
2022-03-01 16:28:51 INFO::No. regions with at least one SNP/gene for chr4 after merging: 122
2022-03-01 16:28:56 INFO::No. regions with at least one SNP/gene for chr5: 110
2022-03-01 16:28:56 INFO::Merge regions for chr5
2022-03-01 16:28:56 INFO::No. regions with at least one SNP/gene for chr5 after merging: 110
2022-03-01 16:29:00 INFO::No. regions with at least one SNP/gene for chr6: 112
2022-03-01 16:29:00 INFO::Merge regions for chr6
2022-03-01 16:29:00 INFO::No. regions with at least one SNP/gene for chr6 after merging: 111
2022-03-01 16:29:04 INFO::No. regions with at least one SNP/gene for chr7: 99
2022-03-01 16:29:04 INFO::Merge regions for chr7
2022-03-01 16:29:04 INFO::No. regions with at least one SNP/gene for chr7 after merging: 98
2022-03-01 16:29:08 INFO::No. regions with at least one SNP/gene for chr8: 94
2022-03-01 16:29:08 INFO::Merge regions for chr8
2022-03-01 16:29:08 INFO::No. regions with at least one SNP/gene for chr8 after merging: 93
2022-03-01 16:29:11 INFO::No. regions with at least one SNP/gene for chr9: 74
2022-03-01 16:29:11 INFO::Merge regions for chr9
2022-03-01 16:29:11 INFO::No. regions with at least one SNP/gene for chr9 after merging: 74
2022-03-01 16:29:14 INFO::No. regions with at least one SNP/gene for chr10: 85
2022-03-01 16:29:14 INFO::Merge regions for chr10
2022-03-01 16:29:14 INFO::No. regions with at least one SNP/gene for chr10 after merging: 84
2022-03-01 16:29:17 INFO::No. regions with at least one SNP/gene for chr11: 84
2022-03-01 16:29:17 INFO::Merge regions for chr11
2022-03-01 16:29:17 INFO::No. regions with at least one SNP/gene for chr11 after merging: 84
2022-03-01 16:29:20 INFO::No. regions with at least one SNP/gene for chr12: 82
2022-03-01 16:29:20 INFO::Merge regions for chr12
2022-03-01 16:29:20 INFO::No. regions with at least one SNP/gene for chr12 after merging: 82
2022-03-01 16:29:23 INFO::No. regions with at least one SNP/gene for chr13: 62
2022-03-01 16:29:23 INFO::Merge regions for chr13
2022-03-01 16:29:23 INFO::No. regions with at least one SNP/gene for chr13 after merging: 62
2022-03-01 16:29:25 INFO::No. regions with at least one SNP/gene for chr14: 56
2022-03-01 16:29:25 INFO::Merge regions for chr14
2022-03-01 16:29:25 INFO::No. regions with at least one SNP/gene for chr14 after merging: 56
2022-03-01 16:29:27 INFO::No. regions with at least one SNP/gene for chr15: 49
2022-03-01 16:29:27 INFO::Merge regions for chr15
2022-03-01 16:29:27 INFO::No. regions with at least one SNP/gene for chr15 after merging: 49
2022-03-01 16:29:30 INFO::No. regions with at least one SNP/gene for chr16: 54
2022-03-01 16:29:30 INFO::Merge regions for chr16
2022-03-01 16:29:30 INFO::No. regions with at least one SNP/gene for chr16 after merging: 54
2022-03-01 16:29:31 INFO::No. regions with at least one SNP/gene for chr17: 47
2022-03-01 16:29:31 INFO::Merge regions for chr17
2022-03-01 16:29:31 INFO::No. regions with at least one SNP/gene for chr17 after merging: 46
2022-03-01 16:29:33 INFO::No. regions with at least one SNP/gene for chr18: 47
2022-03-01 16:29:33 INFO::Merge regions for chr18
2022-03-01 16:29:33 INFO::No. regions with at least one SNP/gene for chr18 after merging: 46
2022-03-01 16:29:35 INFO::No. regions with at least one SNP/gene for chr19: 39
2022-03-01 16:29:35 INFO::Merge regions for chr19
2022-03-01 16:29:35 INFO::No. regions with at least one SNP/gene for chr19 after merging: 39
2022-03-01 16:29:37 INFO::No. regions with at least one SNP/gene for chr20: 38
2022-03-01 16:29:37 INFO::Merge regions for chr20
2022-03-01 16:29:37 INFO::No. regions with at least one SNP/gene for chr20 after merging: 38
2022-03-01 16:29:38 INFO::No. regions with at least one SNP/gene for chr21: 24
2022-03-01 16:29:38 INFO::Merge regions for chr21
2022-03-01 16:29:38 INFO::No. regions with at least one SNP/gene for chr21 after merging: 24
2022-03-01 16:29:39 INFO::No. regions with at least one SNP/gene for chr22: 24
2022-03-01 16:29:39 INFO::Merge regions for chr22
2022-03-01 16:29:39 INFO::No. regions with at least one SNP/gene for chr22 after merging: 24
2022-03-01 16:29:39 INFO::Trim regions with SNPs more than 20000
2022-03-01 16:29:39 INFO::Adding R matrix info, as genotype is not given
2022-03-01 16:29:40 INFO::Adding R matrix info for chrom 1
2022-03-01 16:44:54 INFO::Adding R matrix info for chrom 2
2022-03-01 16:57:34 INFO::Adding R matrix info for chrom 3
2022-03-01 17:07:45 INFO::Adding R matrix info for chrom 4
2022-03-01 17:16:45 INFO::Adding R matrix info for chrom 5
2022-03-01 17:25:20 INFO::Adding R matrix info for chrom 6
2022-03-01 17:35:25 INFO::Adding R matrix info for chrom 7
2022-03-01 17:45:38 INFO::Adding R matrix info for chrom 8
2022-03-01 17:53:40 INFO::Adding R matrix info for chrom 9
2022-03-01 18:00:50 INFO::Adding R matrix info for chrom 10
2022-03-01 18:09:20 INFO::Adding R matrix info for chrom 11
2022-03-01 18:19:07 INFO::Adding R matrix info for chrom 12
2022-03-01 18:28:05 INFO::Adding R matrix info for chrom 13
2022-03-01 18:32:37 INFO::Adding R matrix info for chrom 14
2022-03-01 18:38:36 INFO::Adding R matrix info for chrom 15
2022-03-01 18:43:53 INFO::Adding R matrix info for chrom 16
2022-03-01 18:50:25 INFO::Adding R matrix info for chrom 17
2022-03-01 18:59:30 INFO::Adding R matrix info for chrom 18
2022-03-01 19:03:36 INFO::Adding R matrix info for chrom 19
2022-03-01 19:12:50 INFO::Adding R matrix info for chrom 20
2022-03-01 19:17:32 INFO::Adding R matrix info for chrom 21
2022-03-01 19:19:32 INFO::Adding R matrix info for chrom 22
2022-03-01 19:25:58 INFO::Number of regions that contains strong gene signals: 7
2022-03-01 19:25:58 INFO::Rerun susie for regions with strong gene signals using full SNPs.
2022-03-01 19:25:58 INFO::run iteration 1
starting worker pid=36114 on localhost:11339 at 19:25:59.735
2022-03-01 19:31:11 INFO::After iteration 1, gene prior 0.0256406543952616:, SNP prior:0.000601024570372738
$group_prior
[1] 0.0079296681 0.0002421066

$group_prior_var
[1] 11.642768  8.211889

R version 3.6.1 (2019-07-05)
Platform: x86_64-pc-linux-gnu (64-bit)
Running under: Scientific Linux 7.4 (Nitrogen)

Matrix products: default
BLAS/LAPACK: /software/openblas-0.2.19-el7-x86_64/lib/libopenblas_haswellp-r0.2.19.so

locale:
[1] C

attached base packages:
[1] stats     graphics  grDevices utils     datasets  methods   base     

other attached packages:
[1] data.table_1.14.2 ctwas_0.1.32     

loaded via a namespace (and not attached):
 [1] Rcpp_1.0.8                  lattice_0.20-38            
 [3] gwasvcf_0.1.0               prettyunits_1.1.1          
 [5] Rsamtools_2.0.0             Biostrings_2.52.0          
 [7] assertthat_0.2.1            foreach_1.5.2              
 [9] utf8_1.2.2                  R6_2.5.1                   
[11] GenomeInfoDb_1.20.0         stats4_3.6.1               
[13] RSQLite_2.2.8               httr_1.4.2                 
[15] pillar_1.6.4                zlibbioc_1.30.0            
[17] rlang_1.0.1                 GenomicFeatures_1.36.3     
[19] progress_1.2.2              blob_1.2.2                 
[21] S4Vectors_0.22.1            Matrix_1.2-18              
[23] BiocParallel_1.18.0         readr_2.1.1                
[25] stringr_1.4.0               RCurl_1.98-1.5             
[27] bit_4.0.4                   biomaRt_2.40.1             
[29] DelayedArray_0.10.0         compiler_3.6.1             
[31] rtracklayer_1.44.4          pkgconfig_2.0.3            
[33] BiocGenerics_0.30.0         tidyselect_1.1.1           
[35] SummarizedExperiment_1.14.1 tibble_3.1.6               
[37] GenomeInfoDbData_1.2.1      logging_0.10-108           
[39] IRanges_2.18.1              codetools_0.2-16           
[41] matrixStats_0.57.0          XML_3.99-0.3               
[43] fansi_1.0.2                 tzdb_0.2.0                 
[45] crayon_1.5.0                dplyr_1.0.7                
[47] GenomicAlignments_1.20.1    bitops_1.0-7               
[49] grid_3.6.1                  lifecycle_1.0.1            
[51] DBI_1.1.2                   magrittr_2.0.2             
[53] cli_3.1.0                   stringi_1.7.6              
[55] cachem_1.0.6                XVector_0.24.0             
[57] doParallel_1.0.17           pgenlibr_0.3.1             
[59] ellipsis_0.3.2              vctrs_0.3.8                
[61] generics_0.1.1              iterators_1.0.14           
[63] tools_3.6.1                 bit64_4.0.5                
[65] BSgenome_1.52.0             Biobase_2.44.0             
[67] glue_1.6.2                  purrr_0.3.4                
[69] hms_1.1.1                   parallel_3.6.1             
[71] fastmap_1.1.0               AnnotationDbi_1.46.0       
[73] GenomicRanges_1.36.1        memoise_2.0.1              
[75] VariantAnnotation_1.30.1   
