[1] "/project2/xinhe/shengqian/cTWAS/cTWAS_analysis/data/UKBB/ieu-a-22.vcf.gz"                                      
[2] "/project2/mstephens/wcrouse/UKB_LDR_0.1"                                                                       
[3] "/project2/xinhe/shengqian/cTWAS/cTWAS_analysis/data/mashr_sqtl/sqtl/mashr/mashr_Brain_Cerebellar_Hemisphere.db"
[4] "/project2/xinhe/shengqian/cTWAS/cTWAS_analysis/code/ctwas_config.R"                                            
[5] "SCZ_Brain_Cerebellar_Hemisphere_expr"                                                                          
[6] "SCZ_Brain_Cerebellar_Hemisphere_ctwas"                                                                         
[7] "/project2/xinhe/shengqian/cTWAS/cTWAS_analysis/data/SCZ_S/Brain_Cerebellar_Hemisphere"                         
2022-02-28 23:14:46 INFO::Flipping z scores to match LD reference
2022-02-28 23:14:49 INFO::Harmonizing strand-ambiguous z scores using imputation by region
2022-02-28 23:36:25 INFO::Reading weights for chromosome 1
2022-02-28 23:36:25 INFO::Number of genes with weights provided: 39862
2022-02-28 23:36:25 INFO::Collecting gene weight information ...
2022-02-28 23:36:25 INFO::Flipping weights to match LD reference
2022-02-28 23:36:25 INFO::Harmonizing strand ambiguous weights using correlations with unambiguous variants
2022-02-28 23:50:35 INFO::Start gene z score imputation ...
2022-02-28 23:50:35 INFO::Using given LD matrices to impute gene z score.
2022-03-01 00:01:59 INFO::Imputation done, writing results to output...
2022-03-01 00:01:59 INFO::Imputation done: number of genes with imputed expression: 2909 for chr 1
2022-03-01 00:02:00 INFO::Flipping z scores to match LD reference
2022-03-01 00:02:02 INFO::Harmonizing strand-ambiguous z scores using imputation by region
2022-03-01 00:27:26 INFO::Reading weights for chromosome 2
2022-03-01 00:27:26 INFO::Number of genes with weights provided: 39862
2022-03-01 00:27:26 INFO::Collecting gene weight information ...
2022-03-01 00:27:26 INFO::Flipping weights to match LD reference
2022-03-01 00:27:26 INFO::Harmonizing strand ambiguous weights using correlations with unambiguous variants
2022-03-01 00:38:35 INFO::Start gene z score imputation ...
2022-03-01 00:38:35 INFO::Using given LD matrices to impute gene z score.
2022-03-01 00:48:30 INFO::Imputation done, writing results to output...
2022-03-01 00:48:31 INFO::Imputation done: number of genes with imputed expression: 2107 for chr 2
2022-03-01 00:48:31 INFO::Flipping z scores to match LD reference
2022-03-01 00:48:34 INFO::Harmonizing strand-ambiguous z scores using imputation by region
2022-03-01 01:06:46 INFO::Reading weights for chromosome 3
2022-03-01 01:06:46 INFO::Number of genes with weights provided: 39862
2022-03-01 01:06:46 INFO::Collecting gene weight information ...
2022-03-01 01:06:46 INFO::Flipping weights to match LD reference
2022-03-01 01:06:46 INFO::Harmonizing strand ambiguous weights using correlations with unambiguous variants
2022-03-01 01:16:00 INFO::Start gene z score imputation ...
2022-03-01 01:16:00 INFO::Using given LD matrices to impute gene z score.
2022-03-01 01:24:16 INFO::Imputation done, writing results to output...
2022-03-01 01:24:16 INFO::Imputation done: number of genes with imputed expression: 1826 for chr 3
2022-03-01 01:24:17 INFO::Flipping z scores to match LD reference
2022-03-01 01:24:19 INFO::Harmonizing strand-ambiguous z scores using imputation by region
2022-03-01 01:45:12 INFO::Reading weights for chromosome 4
2022-03-01 01:45:12 INFO::Number of genes with weights provided: 39862
2022-03-01 01:45:12 INFO::Collecting gene weight information ...
2022-03-01 01:45:12 INFO::Flipping weights to match LD reference
2022-03-01 01:45:12 INFO::Harmonizing strand ambiguous weights using correlations with unambiguous variants
2022-03-01 01:52:47 INFO::Start gene z score imputation ...
2022-03-01 01:52:47 INFO::Using given LD matrices to impute gene z score.
2022-03-01 01:59:42 INFO::Imputation done, writing results to output...
2022-03-01 01:59:43 INFO::Imputation done: number of genes with imputed expression: 1108 for chr 4
2022-03-01 01:59:43 INFO::Flipping z scores to match LD reference
2022-03-01 01:59:45 INFO::Harmonizing strand-ambiguous z scores using imputation by region
2022-03-01 02:16:41 INFO::Reading weights for chromosome 5
2022-03-01 02:16:41 INFO::Number of genes with weights provided: 39862
2022-03-01 02:16:41 INFO::Collecting gene weight information ...
2022-03-01 02:16:41 INFO::Flipping weights to match LD reference
2022-03-01 02:16:41 INFO::Harmonizing strand ambiguous weights using correlations with unambiguous variants
2022-03-01 02:24:12 INFO::Start gene z score imputation ...
2022-03-01 02:24:12 INFO::Using given LD matrices to impute gene z score.
2022-03-01 02:31:22 INFO::Imputation done, writing results to output...
2022-03-01 02:31:22 INFO::Imputation done: number of genes with imputed expression: 1319 for chr 5
2022-03-01 02:31:24 INFO::Flipping z scores to match LD reference
2022-03-01 02:31:26 INFO::Harmonizing strand-ambiguous z scores using imputation by region
2022-03-01 02:48:22 INFO::Reading weights for chromosome 6
2022-03-01 02:48:23 INFO::Number of genes with weights provided: 39862
2022-03-01 02:48:23 INFO::Collecting gene weight information ...
2022-03-01 02:48:23 INFO::Flipping weights to match LD reference
2022-03-01 02:48:23 INFO::Harmonizing strand ambiguous weights using correlations with unambiguous variants
2022-03-01 03:00:43 INFO::Start gene z score imputation ...
2022-03-01 03:00:43 INFO::Using given LD matrices to impute gene z score.
2022-03-01 03:08:37 INFO::Imputation done, writing results to output...
2022-03-01 03:08:37 INFO::Imputation done: number of genes with imputed expression: 1382 for chr 6
2022-03-01 03:08:38 INFO::Flipping z scores to match LD reference
2022-03-01 03:08:40 INFO::Harmonizing strand-ambiguous z scores using imputation by region
2022-03-01 03:26:34 INFO::Reading weights for chromosome 7
2022-03-01 03:26:35 INFO::Number of genes with weights provided: 39862
2022-03-01 03:26:35 INFO::Collecting gene weight information ...
2022-03-01 03:26:35 INFO::Flipping weights to match LD reference
2022-03-01 03:26:35 INFO::Harmonizing strand ambiguous weights using correlations with unambiguous variants
2022-03-01 03:38:52 INFO::Start gene z score imputation ...
2022-03-01 03:38:52 INFO::Using given LD matrices to impute gene z score.
2022-03-01 03:47:56 INFO::Imputation done, writing results to output...
2022-03-01 03:47:57 INFO::Imputation done: number of genes with imputed expression: 1730 for chr 7
2022-03-01 03:47:58 INFO::Flipping z scores to match LD reference
2022-03-01 03:48:03 INFO::Harmonizing strand-ambiguous z scores using imputation by region
2022-03-01 04:05:19 INFO::Reading weights for chromosome 8
2022-03-01 04:05:20 INFO::Number of genes with weights provided: 39862
2022-03-01 04:05:20 INFO::Collecting gene weight information ...
2022-03-01 04:05:20 INFO::Flipping weights to match LD reference
2022-03-01 04:05:20 INFO::Harmonizing strand ambiguous weights using correlations with unambiguous variants
2022-03-01 04:10:50 INFO::Start gene z score imputation ...
2022-03-01 04:10:50 INFO::Using given LD matrices to impute gene z score.
2022-03-01 04:16:24 INFO::Imputation done, writing results to output...
2022-03-01 04:16:25 INFO::Imputation done: number of genes with imputed expression: 1091 for chr 8
2022-03-01 04:16:25 INFO::Flipping z scores to match LD reference
2022-03-01 04:16:27 INFO::Harmonizing strand-ambiguous z scores using imputation by region
2022-03-01 04:29:02 INFO::Reading weights for chromosome 9
2022-03-01 04:29:02 INFO::Number of genes with weights provided: 39862
2022-03-01 04:29:02 INFO::Collecting gene weight information ...
2022-03-01 04:29:02 INFO::Flipping weights to match LD reference
2022-03-01 04:29:02 INFO::Harmonizing strand ambiguous weights using correlations with unambiguous variants
2022-03-01 04:35:38 INFO::Start gene z score imputation ...
2022-03-01 04:35:38 INFO::Using given LD matrices to impute gene z score.
2022-03-01 04:41:25 INFO::Imputation done, writing results to output...
2022-03-01 04:41:25 INFO::Imputation done: number of genes with imputed expression: 1255 for chr 9
2022-03-01 04:41:26 INFO::Flipping z scores to match LD reference
2022-03-01 04:41:27 INFO::Harmonizing strand-ambiguous z scores using imputation by region
2022-03-01 04:57:31 INFO::Reading weights for chromosome 10
2022-03-01 04:57:31 INFO::Number of genes with weights provided: 39862
2022-03-01 04:57:31 INFO::Collecting gene weight information ...
2022-03-01 04:57:31 INFO::Flipping weights to match LD reference
2022-03-01 04:57:31 INFO::Harmonizing strand ambiguous weights using correlations with unambiguous variants
2022-03-01 05:06:49 INFO::Start gene z score imputation ...
2022-03-01 05:06:49 INFO::Using given LD matrices to impute gene z score.
2022-03-01 05:13:57 INFO::Imputation done, writing results to output...
2022-03-01 05:13:57 INFO::Imputation done: number of genes with imputed expression: 1342 for chr 10
2022-03-01 05:13:58 INFO::Flipping z scores to match LD reference
2022-03-01 05:13:59 INFO::Harmonizing strand-ambiguous z scores using imputation by region
2022-03-01 05:30:24 INFO::Reading weights for chromosome 11
2022-03-01 05:30:24 INFO::Number of genes with weights provided: 39862
2022-03-01 05:30:24 INFO::Collecting gene weight information ...
2022-03-01 05:30:24 INFO::Flipping weights to match LD reference
2022-03-01 05:30:24 INFO::Harmonizing strand ambiguous weights using correlations with unambiguous variants
2022-03-01 05:41:02 INFO::Start gene z score imputation ...
2022-03-01 05:41:02 INFO::Using given LD matrices to impute gene z score.
2022-03-01 05:48:57 INFO::Imputation done, writing results to output...
2022-03-01 05:48:58 INFO::Imputation done: number of genes with imputed expression: 1813 for chr 11
2022-03-01 05:48:58 INFO::Flipping z scores to match LD reference
2022-03-01 05:49:00 INFO::Harmonizing strand-ambiguous z scores using imputation by region
2022-03-01 06:03:11 INFO::Reading weights for chromosome 12
2022-03-01 06:03:11 INFO::Number of genes with weights provided: 39862
2022-03-01 06:03:11 INFO::Collecting gene weight information ...
2022-03-01 06:03:11 INFO::Flipping weights to match LD reference
2022-03-01 06:03:11 INFO::Harmonizing strand ambiguous weights using correlations with unambiguous variants
2022-03-01 06:11:42 INFO::Start gene z score imputation ...
2022-03-01 06:11:42 INFO::Using given LD matrices to impute gene z score.
2022-03-01 06:19:31 INFO::Imputation done, writing results to output...
2022-03-01 06:19:32 INFO::Imputation done: number of genes with imputed expression: 1616 for chr 12
2022-03-01 06:19:32 INFO::Flipping z scores to match LD reference
2022-03-01 06:19:34 INFO::Harmonizing strand-ambiguous z scores using imputation by region
2022-03-01 06:30:46 INFO::Reading weights for chromosome 13
2022-03-01 06:30:46 INFO::Number of genes with weights provided: 39862
2022-03-01 06:30:46 INFO::Collecting gene weight information ...
2022-03-01 06:30:46 INFO::Flipping weights to match LD reference
2022-03-01 06:30:46 INFO::Harmonizing strand ambiguous weights using correlations with unambiguous variants
2022-03-01 06:34:42 INFO::Start gene z score imputation ...
2022-03-01 06:34:42 INFO::Using given LD matrices to impute gene z score.
2022-03-01 06:37:56 INFO::Imputation done, writing results to output...
2022-03-01 06:37:57 INFO::Imputation done: number of genes with imputed expression: 565 for chr 13
2022-03-01 06:37:57 INFO::Flipping z scores to match LD reference
2022-03-01 06:37:59 INFO::Harmonizing strand-ambiguous z scores using imputation by region
2022-03-01 06:47:18 INFO::Reading weights for chromosome 14
2022-03-01 06:47:18 INFO::Number of genes with weights provided: 39862
2022-03-01 06:47:18 INFO::Collecting gene weight information ...
2022-03-01 06:47:18 INFO::Flipping weights to match LD reference
2022-03-01 06:47:18 INFO::Harmonizing strand ambiguous weights using correlations with unambiguous variants
2022-03-01 06:53:43 INFO::Start gene z score imputation ...
2022-03-01 06:53:43 INFO::Using given LD matrices to impute gene z score.
2022-03-01 06:58:56 INFO::Imputation done, writing results to output...
2022-03-01 06:58:56 INFO::Imputation done: number of genes with imputed expression: 1036 for chr 14
2022-03-01 06:58:57 INFO::Flipping z scores to match LD reference
2022-03-01 06:58:59 INFO::Harmonizing strand-ambiguous z scores using imputation by region
2022-03-01 07:06:17 INFO::Reading weights for chromosome 15
2022-03-01 07:06:17 INFO::Number of genes with weights provided: 39862
2022-03-01 07:06:17 INFO::Collecting gene weight information ...
2022-03-01 07:06:17 INFO::Flipping weights to match LD reference
2022-03-01 07:06:17 INFO::Harmonizing strand ambiguous weights using correlations with unambiguous variants
2022-03-01 07:12:52 INFO::Start gene z score imputation ...
2022-03-01 07:12:52 INFO::Using given LD matrices to impute gene z score.
2022-03-01 07:17:37 INFO::Imputation done, writing results to output...
2022-03-01 07:17:38 INFO::Imputation done: number of genes with imputed expression: 1041 for chr 15
2022-03-01 07:17:38 INFO::Flipping z scores to match LD reference
2022-03-01 07:17:40 INFO::Harmonizing strand-ambiguous z scores using imputation by region
2022-03-01 07:25:00 INFO::Reading weights for chromosome 16
2022-03-01 07:25:00 INFO::Number of genes with weights provided: 39862
2022-03-01 07:25:00 INFO::Collecting gene weight information ...
2022-03-01 07:25:00 INFO::Flipping weights to match LD reference
2022-03-01 07:25:00 INFO::Harmonizing strand ambiguous weights using correlations with unambiguous variants
2022-03-01 07:33:38 INFO::Start gene z score imputation ...
2022-03-01 07:33:38 INFO::Using given LD matrices to impute gene z score.
2022-03-01 07:39:41 INFO::Imputation done, writing results to output...
2022-03-01 07:39:42 INFO::Imputation done: number of genes with imputed expression: 1573 for chr 16
2022-03-01 07:39:42 INFO::Flipping z scores to match LD reference
2022-03-01 07:39:44 INFO::Harmonizing strand-ambiguous z scores using imputation by region
2022-03-01 07:46:31 INFO::Reading weights for chromosome 17
2022-03-01 07:46:31 INFO::Number of genes with weights provided: 39862
2022-03-01 07:46:31 INFO::Collecting gene weight information ...
2022-03-01 07:46:31 INFO::Flipping weights to match LD reference
2022-03-01 07:46:31 INFO::Harmonizing strand ambiguous weights using correlations with unambiguous variants
2022-03-01 07:58:12 INFO::Start gene z score imputation ...
2022-03-01 07:58:12 INFO::Using given LD matrices to impute gene z score.
2022-03-01 08:05:57 INFO::Imputation done, writing results to output...
2022-03-01 08:05:58 INFO::Imputation done: number of genes with imputed expression: 2091 for chr 17
2022-03-01 08:05:58 INFO::Flipping z scores to match LD reference
2022-03-01 08:06:00 INFO::Harmonizing strand-ambiguous z scores using imputation by region
2022-03-01 08:15:15 INFO::Reading weights for chromosome 18
2022-03-01 08:15:15 INFO::Number of genes with weights provided: 39862
2022-03-01 08:15:15 INFO::Collecting gene weight information ...
2022-03-01 08:15:15 INFO::Flipping weights to match LD reference
2022-03-01 08:15:15 INFO::Harmonizing strand ambiguous weights using correlations with unambiguous variants
2022-03-01 08:18:27 INFO::Start gene z score imputation ...
2022-03-01 08:18:27 INFO::Using given LD matrices to impute gene z score.
2022-03-01 08:21:34 INFO::Imputation done, writing results to output...
2022-03-01 08:21:34 INFO::Imputation done: number of genes with imputed expression: 376 for chr 18
2022-03-01 08:21:35 INFO::Flipping z scores to match LD reference
2022-03-01 08:21:37 INFO::Harmonizing strand-ambiguous z scores using imputation by region
2022-03-01 08:27:22 INFO::Reading weights for chromosome 19
2022-03-01 08:27:22 INFO::Number of genes with weights provided: 39862
2022-03-01 08:27:22 INFO::Collecting gene weight information ...
2022-03-01 08:27:22 INFO::Flipping weights to match LD reference
2022-03-01 08:27:22 INFO::Harmonizing strand ambiguous weights using correlations with unambiguous variants
2022-03-01 08:39:40 INFO::Start gene z score imputation ...
2022-03-01 08:39:40 INFO::Using given LD matrices to impute gene z score.
2022-03-01 08:48:15 INFO::Imputation done, writing results to output...
2022-03-01 08:48:16 INFO::Imputation done: number of genes with imputed expression: 2147 for chr 19
2022-03-01 08:48:17 INFO::Flipping z scores to match LD reference
2022-03-01 08:48:19 INFO::Harmonizing strand-ambiguous z scores using imputation by region
2022-03-01 08:55:24 INFO::Reading weights for chromosome 20
2022-03-01 08:55:24 INFO::Number of genes with weights provided: 39862
2022-03-01 08:55:24 INFO::Collecting gene weight information ...
2022-03-01 08:55:24 INFO::Flipping weights to match LD reference
2022-03-01 08:55:24 INFO::Harmonizing strand ambiguous weights using correlations with unambiguous variants
2022-03-01 09:02:23 INFO::Start gene z score imputation ...
2022-03-01 09:02:24 INFO::Using given LD matrices to impute gene z score.
2022-03-01 09:07:23 INFO::Imputation done, writing results to output...
2022-03-01 09:07:24 INFO::Imputation done: number of genes with imputed expression: 995 for chr 20
2022-03-01 09:07:24 INFO::Flipping z scores to match LD reference
2022-03-01 09:07:26 INFO::Harmonizing strand-ambiguous z scores using imputation by region
2022-03-01 09:10:54 INFO::Reading weights for chromosome 21
2022-03-01 09:10:54 INFO::Number of genes with weights provided: 39862
2022-03-01 09:10:54 INFO::Collecting gene weight information ...
2022-03-01 09:10:54 INFO::Flipping weights to match LD reference
2022-03-01 09:10:54 INFO::Harmonizing strand ambiguous weights using correlations with unambiguous variants
2022-03-01 09:13:22 INFO::Start gene z score imputation ...
2022-03-01 09:13:22 INFO::Using given LD matrices to impute gene z score.
2022-03-01 09:15:14 INFO::Imputation done, writing results to output...
2022-03-01 09:15:14 INFO::Imputation done: number of genes with imputed expression: 406 for chr 21
2022-03-01 09:15:15 INFO::Flipping z scores to match LD reference
2022-03-01 09:15:20 INFO::Harmonizing strand-ambiguous z scores using imputation by region
2022-03-01 09:18:25 INFO::Reading weights for chromosome 22
2022-03-01 09:18:25 INFO::Number of genes with weights provided: 39862
2022-03-01 09:18:25 INFO::Collecting gene weight information ...
2022-03-01 09:18:25 INFO::Flipping weights to match LD reference
2022-03-01 09:18:25 INFO::Harmonizing strand ambiguous weights using correlations with unambiguous variants
2022-03-01 09:24:42 INFO::Start gene z score imputation ...
2022-03-01 09:24:42 INFO::Using given LD matrices to impute gene z score.
2022-03-01 09:28:39 INFO::Imputation done, writing results to output...
2022-03-01 09:28:41 INFO::Imputation done: number of genes with imputed expression: 991 for chr 22
2022-03-01 09:29:04 INFO::ctwas started ...
2022-03-01 09:29:27 INFO::LD region file: /home/shengqian/R/x86_64-pc-linux-gnu-library/3.6/ctwas/extdata/ldetect/EUR.b38.bed
2022-03-01 09:29:34 INFO::No. LD regions: 1700
2022-03-01 09:29:42 INFO::No. regions with at least one SNP/gene for chr1: 131
2022-03-01 09:29:42 INFO::Merge regions for chr1
2022-03-01 09:29:42 INFO::No. regions with at least one SNP/gene for chr1 after merging: 129
2022-03-01 09:29:51 INFO::No. regions with at least one SNP/gene for chr2: 144
2022-03-01 09:29:51 INFO::Merge regions for chr2
2022-03-01 09:29:51 INFO::No. regions with at least one SNP/gene for chr2 after merging: 144
2022-03-01 09:29:58 INFO::No. regions with at least one SNP/gene for chr3: 122
2022-03-01 09:29:58 INFO::Merge regions for chr3
2022-03-01 09:29:58 INFO::No. regions with at least one SNP/gene for chr3 after merging: 122
2022-03-01 09:30:05 INFO::No. regions with at least one SNP/gene for chr4: 122
2022-03-01 09:30:05 INFO::Merge regions for chr4
2022-03-01 09:30:05 INFO::No. regions with at least one SNP/gene for chr4 after merging: 122
2022-03-01 09:30:11 INFO::No. regions with at least one SNP/gene for chr5: 110
2022-03-01 09:30:11 INFO::Merge regions for chr5
2022-03-01 09:30:11 INFO::No. regions with at least one SNP/gene for chr5 after merging: 110
2022-03-01 09:30:16 INFO::No. regions with at least one SNP/gene for chr6: 112
2022-03-01 09:30:16 INFO::Merge regions for chr6
2022-03-01 09:30:16 INFO::No. regions with at least one SNP/gene for chr6 after merging: 111
2022-03-01 09:30:23 INFO::No. regions with at least one SNP/gene for chr7: 99
2022-03-01 09:30:23 INFO::Merge regions for chr7
2022-03-01 09:30:23 INFO::No. regions with at least one SNP/gene for chr7 after merging: 97
2022-03-01 09:30:26 INFO::No. regions with at least one SNP/gene for chr8: 94
2022-03-01 09:30:26 INFO::Merge regions for chr8
2022-03-01 09:30:26 INFO::No. regions with at least one SNP/gene for chr8 after merging: 94
2022-03-01 09:30:29 INFO::No. regions with at least one SNP/gene for chr9: 74
2022-03-01 09:30:29 INFO::Merge regions for chr9
2022-03-01 09:30:29 INFO::No. regions with at least one SNP/gene for chr9 after merging: 74
2022-03-01 09:30:32 INFO::No. regions with at least one SNP/gene for chr10: 85
2022-03-01 09:30:32 INFO::Merge regions for chr10
2022-03-01 09:30:32 INFO::No. regions with at least one SNP/gene for chr10 after merging: 85
2022-03-01 09:30:36 INFO::No. regions with at least one SNP/gene for chr11: 84
2022-03-01 09:30:36 INFO::Merge regions for chr11
2022-03-01 09:30:36 INFO::No. regions with at least one SNP/gene for chr11 after merging: 84
2022-03-01 09:30:38 INFO::No. regions with at least one SNP/gene for chr12: 82
2022-03-01 09:30:38 INFO::Merge regions for chr12
2022-03-01 09:30:38 INFO::No. regions with at least one SNP/gene for chr12 after merging: 81
2022-03-01 09:30:41 INFO::No. regions with at least one SNP/gene for chr13: 62
2022-03-01 09:30:41 INFO::Merge regions for chr13
2022-03-01 09:30:41 INFO::No. regions with at least one SNP/gene for chr13 after merging: 62
2022-03-01 09:30:42 INFO::No. regions with at least one SNP/gene for chr14: 56
2022-03-01 09:30:42 INFO::Merge regions for chr14
2022-03-01 09:30:42 INFO::No. regions with at least one SNP/gene for chr14 after merging: 55
2022-03-01 09:30:45 INFO::No. regions with at least one SNP/gene for chr15: 49
2022-03-01 09:30:45 INFO::Merge regions for chr15
2022-03-01 09:30:45 INFO::No. regions with at least one SNP/gene for chr15 after merging: 49
2022-03-01 09:30:46 INFO::No. regions with at least one SNP/gene for chr16: 54
2022-03-01 09:30:46 INFO::Merge regions for chr16
2022-03-01 09:30:46 INFO::No. regions with at least one SNP/gene for chr16 after merging: 54
2022-03-01 09:30:49 INFO::No. regions with at least one SNP/gene for chr17: 47
2022-03-01 09:30:49 INFO::Merge regions for chr17
2022-03-01 09:30:49 INFO::No. regions with at least one SNP/gene for chr17 after merging: 47
2022-03-01 09:30:50 INFO::No. regions with at least one SNP/gene for chr18: 47
2022-03-01 09:30:50 INFO::Merge regions for chr18
2022-03-01 09:30:50 INFO::No. regions with at least one SNP/gene for chr18 after merging: 46
2022-03-01 09:30:51 INFO::No. regions with at least one SNP/gene for chr19: 39
2022-03-01 09:30:51 INFO::Merge regions for chr19
2022-03-01 09:30:51 INFO::No. regions with at least one SNP/gene for chr19 after merging: 38
2022-03-01 09:30:54 INFO::No. regions with at least one SNP/gene for chr20: 38
2022-03-01 09:30:54 INFO::Merge regions for chr20
2022-03-01 09:30:54 INFO::No. regions with at least one SNP/gene for chr20 after merging: 37
2022-03-01 09:30:55 INFO::No. regions with at least one SNP/gene for chr21: 24
2022-03-01 09:30:55 INFO::Merge regions for chr21
2022-03-01 09:30:55 INFO::No. regions with at least one SNP/gene for chr21 after merging: 24
2022-03-01 09:30:56 INFO::No. regions with at least one SNP/gene for chr22: 24
2022-03-01 09:30:56 INFO::Merge regions for chr22
2022-03-01 09:30:56 INFO::No. regions with at least one SNP/gene for chr22 after merging: 24
2022-03-01 09:30:56 INFO::Trim regions with SNPs more than Inf
2022-03-01 09:30:56 INFO::Adding R matrix info, as genotype is not given
2022-03-01 09:30:57 INFO::Adding R matrix info for chrom 1
2022-03-01 09:45:51 INFO::Adding R matrix info for chrom 2
2022-03-01 09:59:17 INFO::Adding R matrix info for chrom 3
2022-03-01 10:09:30 INFO::Adding R matrix info for chrom 4
2022-03-01 10:18:33 INFO::Adding R matrix info for chrom 5
2022-03-01 10:27:20 INFO::Adding R matrix info for chrom 6
2022-03-01 10:37:08 INFO::Adding R matrix info for chrom 7
2022-03-01 10:47:32 INFO::Adding R matrix info for chrom 8
2022-03-01 10:54:56 INFO::Adding R matrix info for chrom 9
2022-03-01 11:02:08 INFO::Adding R matrix info for chrom 10
2022-03-01 11:10:33 INFO::Adding R matrix info for chrom 11
2022-03-01 11:20:18 INFO::Adding R matrix info for chrom 12
2022-03-01 11:29:56 INFO::Adding R matrix info for chrom 13
2022-03-01 11:34:39 INFO::Adding R matrix info for chrom 14
2022-03-01 11:40:54 INFO::Adding R matrix info for chrom 15
2022-03-01 11:46:01 INFO::Adding R matrix info for chrom 16
2022-03-01 11:52:43 INFO::Adding R matrix info for chrom 17
2022-03-01 12:00:45 INFO::Adding R matrix info for chrom 18
2022-03-01 12:05:09 INFO::Adding R matrix info for chrom 19
2022-03-01 12:14:35 INFO::Adding R matrix info for chrom 20
2022-03-01 12:19:49 INFO::Adding R matrix info for chrom 21
2022-03-01 12:21:49 INFO::Adding R matrix info for chrom 22
2022-03-01 12:25:36 INFO::Run susie iteratively, getting rough estimate ...
2022-03-01 12:25:36 INFO::run iteration 1
starting worker pid=15887 on localhost:11185 at 12:25:37.560
starting worker pid=15901 on localhost:11185 at 12:25:38.112
starting worker pid=15921 on localhost:11185 at 12:25:38.651
starting worker pid=15935 on localhost:11185 at 12:25:39.170
starting worker pid=15948 on localhost:11185 at 12:25:39.686
starting worker pid=15962 on localhost:11185 at 12:25:40.199
starting worker pid=15975 on localhost:11185 at 12:25:40.711
starting worker pid=15988 on localhost:11185 at 12:25:41.223
starting worker pid=16002 on localhost:11185 at 12:25:41.740
starting worker pid=16015 on localhost:11185 at 12:25:42.248
2022-03-01 12:36:08 INFO::After iteration 1, gene prior 0.00275047938932478:, SNP prior:0.00211847283712773
2022-03-01 12:36:08 INFO::run iteration 2
starting worker pid=16690 on localhost:11185 at 12:36:09.671
starting worker pid=16703 on localhost:11185 at 12:36:10.246
starting worker pid=16717 on localhost:11185 at 12:36:10.773
starting worker pid=16730 on localhost:11185 at 12:36:11.282
starting worker pid=16744 on localhost:11185 at 12:36:11.820
starting worker pid=16757 on localhost:11185 at 12:36:12.329
starting worker pid=16770 on localhost:11185 at 12:36:12.841
starting worker pid=16784 on localhost:11185 at 12:36:13.349
starting worker pid=16797 on localhost:11185 at 12:36:13.858
starting worker pid=16811 on localhost:11185 at 12:36:14.372
2022-03-01 12:46:33 INFO::After iteration 2, gene prior 0.00292569257682999:, SNP prior:0.00184896260056925
2022-03-01 12:46:34 INFO::run iteration 3
starting worker pid=17542 on localhost:11185 at 12:46:34.829
starting worker pid=17556 on localhost:11185 at 12:46:35.419
starting worker pid=17573 on localhost:11185 at 12:46:35.936
starting worker pid=17690 on localhost:11185 at 12:46:36.464
starting worker pid=17764 on localhost:11185 at 12:46:36.982
starting worker pid=17845 on localhost:11185 at 12:46:37.506
starting worker pid=17955 on localhost:11185 at 12:46:38.028
starting worker pid=18027 on localhost:11185 at 12:46:38.559
starting worker pid=18128 on localhost:11185 at 12:46:39.084
starting worker pid=18161 on localhost:11185 at 12:46:39.591
2022-03-01 12:57:02 INFO::After iteration 3, gene prior 0.00325307258636119:, SNP prior:0.00175377910632791
2022-03-01 12:57:02 INFO::Blocks are filtered: 843 blocks left
2022-03-01 12:57:02 INFO::Run susie iteratively, getting accurate estimate ...
2022-03-01 12:57:02 INFO::run iteration 1
starting worker pid=19051 on localhost:11185 at 12:57:03.556
starting worker pid=19065 on localhost:11185 at 12:57:04.091
starting worker pid=19078 on localhost:11185 at 12:57:04.599
starting worker pid=19091 on localhost:11185 at 12:57:05.113
starting worker pid=19105 on localhost:11185 at 12:57:05.622
starting worker pid=19118 on localhost:11185 at 12:57:06.135
starting worker pid=19132 on localhost:11185 at 12:57:06.655
starting worker pid=19145 on localhost:11185 at 12:57:07.173
starting worker pid=19158 on localhost:11185 at 12:57:07.680
starting worker pid=19172 on localhost:11185 at 12:57:08.188
2022-03-01 13:02:54 INFO::After iteration 1, gene prior 0.00453432436214366:, SNP prior:0.00199762440118511
2022-03-01 13:02:54 INFO::run iteration 2
starting worker pid=19545 on localhost:11185 at 13:02:55.245
starting worker pid=19558 on localhost:11185 at 13:02:55.788
starting worker pid=19572 on localhost:11185 at 13:02:56.327
starting worker pid=19585 on localhost:11185 at 13:02:56.861
starting worker pid=19598 on localhost:11185 at 13:02:57.366
starting worker pid=19612 on localhost:11185 at 13:02:57.878
starting worker pid=19625 on localhost:11185 at 13:02:58.389
starting worker pid=19639 on localhost:11185 at 13:02:58.898
starting worker pid=19652 on localhost:11185 at 13:02:59.411
starting worker pid=19665 on localhost:11185 at 13:02:59.916
2022-03-01 13:08:44 INFO::After iteration 2, gene prior 0.00562552492266833:, SNP prior:0.0021780953073166
2022-03-01 13:08:45 INFO::run iteration 3
starting worker pid=20035 on localhost:11185 at 13:08:45.664
starting worker pid=20048 on localhost:11185 at 13:08:46.239
starting worker pid=20062 on localhost:11185 at 13:08:46.774
starting worker pid=20076 on localhost:11185 at 13:08:47.282
starting worker pid=20090 on localhost:11185 at 13:08:47.791
starting worker pid=20103 on localhost:11185 at 13:08:48.299
starting worker pid=20117 on localhost:11185 at 13:08:48.819
starting worker pid=20130 on localhost:11185 at 13:08:49.327
starting worker pid=20143 on localhost:11185 at 13:08:49.831
starting worker pid=20157 on localhost:11185 at 13:08:50.341
2022-03-01 13:14:34 INFO::After iteration 3, gene prior 0.00649676946349918:, SNP prior:0.00230627039938797
2022-03-01 13:14:34 INFO::run iteration 4
starting worker pid=20534 on localhost:11185 at 13:14:34.873
starting worker pid=20548 on localhost:11185 at 13:14:35.450
starting worker pid=20561 on localhost:11185 at 13:14:35.973
starting worker pid=20575 on localhost:11185 at 13:14:36.480
starting worker pid=20588 on localhost:11185 at 13:14:36.990
starting worker pid=20602 on localhost:11185 at 13:14:37.499
starting worker pid=20615 on localhost:11185 at 13:14:38.010
starting worker pid=20628 on localhost:11185 at 13:14:38.522
starting worker pid=20642 on localhost:11185 at 13:14:39.020
starting worker pid=20655 on localhost:11185 at 13:14:39.530
2022-03-01 13:20:22 INFO::After iteration 4, gene prior 0.00710455428930353:, SNP prior:0.00237731695670581
2022-03-01 13:20:22 INFO::run iteration 5
starting worker pid=21758 on localhost:11185 at 13:20:22.816
starting worker pid=21771 on localhost:11185 at 13:20:23.380
starting worker pid=21785 on localhost:11185 at 13:20:23.896
starting worker pid=21798 on localhost:11185 at 13:20:24.407
starting worker pid=21812 on localhost:11185 at 13:20:24.919
starting worker pid=21825 on localhost:11185 at 13:20:25.431
starting worker pid=21838 on localhost:11185 at 13:20:25.940
starting worker pid=21852 on localhost:11185 at 13:20:26.452
starting worker pid=21865 on localhost:11185 at 13:20:26.971
starting worker pid=21879 on localhost:11185 at 13:20:27.477
2022-03-01 13:26:14 INFO::After iteration 5, gene prior 0.00750966223353816:, SNP prior:0.00240888919579661
2022-03-01 13:26:15 INFO::run iteration 6
starting worker pid=22273 on localhost:11185 at 13:26:15.827
starting worker pid=22287 on localhost:11185 at 13:26:16.347
starting worker pid=22300 on localhost:11185 at 13:26:16.893
starting worker pid=22314 on localhost:11185 at 13:26:17.408
starting worker pid=22327 on localhost:11185 at 13:26:17.919
starting worker pid=22341 on localhost:11185 at 13:26:18.433
starting worker pid=22359 on localhost:11185 at 13:26:18.948
starting worker pid=22372 on localhost:11185 at 13:26:19.461
starting worker pid=22386 on localhost:11185 at 13:26:19.966
starting worker pid=22431 on localhost:11185 at 13:26:20.485
2022-03-01 13:32:03 INFO::After iteration 6, gene prior 0.0077826665598066:, SNP prior:0.00241993674708421
2022-03-01 13:32:03 INFO::run iteration 7
starting worker pid=22833 on localhost:11185 at 13:32:03.856
starting worker pid=22847 on localhost:11185 at 13:32:04.404
starting worker pid=22860 on localhost:11185 at 13:32:04.956
starting worker pid=22873 on localhost:11185 at 13:32:05.499
starting worker pid=22887 on localhost:11185 at 13:32:06.023
starting worker pid=22900 on localhost:11185 at 13:32:06.530
starting worker pid=22914 on localhost:11185 at 13:32:07.037
starting worker pid=22927 on localhost:11185 at 13:32:07.548
starting worker pid=22941 on localhost:11185 at 13:32:08.057
starting worker pid=22954 on localhost:11185 at 13:32:08.567
2022-03-01 13:37:49 INFO::After iteration 7, gene prior 0.00797396094449978:, SNP prior:0.00242180315944981
2022-03-01 13:37:49 INFO::run iteration 8
starting worker pid=23535 on localhost:11185 at 13:37:49.723
starting worker pid=23549 on localhost:11185 at 13:37:50.210
starting worker pid=23565 on localhost:11185 at 13:37:50.718
starting worker pid=23578 on localhost:11185 at 13:37:51.229
starting worker pid=23591 on localhost:11185 at 13:37:51.740
starting worker pid=23605 on localhost:11185 at 13:37:52.251
starting worker pid=23618 on localhost:11185 at 13:37:52.760
starting worker pid=23632 on localhost:11185 at 13:37:53.270
starting worker pid=23645 on localhost:11185 at 13:37:53.783
starting worker pid=23659 on localhost:11185 at 13:37:54.289
2022-03-01 13:43:33 INFO::After iteration 8, gene prior 0.00811275470449764:, SNP prior:0.00242006025666712
2022-03-01 13:43:33 INFO::run iteration 9
starting worker pid=24025 on localhost:11185 at 13:43:33.936
starting worker pid=24039 on localhost:11185 at 13:43:34.457
starting worker pid=24052 on localhost:11185 at 13:43:35.017
starting worker pid=24066 on localhost:11185 at 13:43:35.529
starting worker pid=24079 on localhost:11185 at 13:43:36.042
starting worker pid=24093 on localhost:11185 at 13:43:36.549
starting worker pid=24106 on localhost:11185 at 13:43:37.059
starting worker pid=24119 on localhost:11185 at 13:43:37.569
starting worker pid=24133 on localhost:11185 at 13:43:38.083
starting worker pid=24146 on localhost:11185 at 13:43:38.593
2022-03-01 13:49:19 INFO::After iteration 9, gene prior 0.00821646320320594:, SNP prior:0.0024172207172997
2022-03-01 13:49:20 INFO::run iteration 10
starting worker pid=25240 on localhost:11185 at 13:49:20.707
starting worker pid=25253 on localhost:11185 at 13:49:21.224
starting worker pid=25267 on localhost:11185 at 13:49:21.764
starting worker pid=25280 on localhost:11185 at 13:49:22.271
starting worker pid=25294 on localhost:11185 at 13:49:22.778
starting worker pid=25307 on localhost:11185 at 13:49:23.292
starting worker pid=25321 on localhost:11185 at 13:49:23.797
starting worker pid=25334 on localhost:11185 at 13:49:24.310
starting worker pid=25347 on localhost:11185 at 13:49:24.818
starting worker pid=25361 on localhost:11185 at 13:49:25.339
2022-03-01 13:55:06 INFO::After iteration 10, gene prior 0.00829575243890497:, SNP prior:0.00241432822609572
2022-03-01 13:55:07 INFO::run iteration 11
starting worker pid=25731 on localhost:11185 at 13:55:07.549
starting worker pid=25744 on localhost:11185 at 13:55:08.076
starting worker pid=25757 on localhost:11185 at 13:55:08.587
starting worker pid=25771 on localhost:11185 at 13:55:09.097
starting worker pid=25784 on localhost:11185 at 13:55:09.611
starting worker pid=25798 on localhost:11185 at 13:55:10.120
starting worker pid=25811 on localhost:11185 at 13:55:10.632
starting worker pid=25825 on localhost:11185 at 13:55:11.142
starting worker pid=25839 on localhost:11185 at 13:55:11.650
starting worker pid=25852 on localhost:11185 at 13:55:12.158
2022-03-01 14:00:52 INFO::After iteration 11, gene prior 0.00835725028936067:, SNP prior:0.00241175295939435
2022-03-01 14:00:52 INFO::run iteration 12
starting worker pid=26217 on localhost:11185 at 14:00:52.836
starting worker pid=26230 on localhost:11185 at 14:00:53.356
starting worker pid=26244 on localhost:11185 at 14:00:53.904
starting worker pid=26257 on localhost:11185 at 14:00:54.448
starting worker pid=26270 on localhost:11185 at 14:00:54.969
starting worker pid=26284 on localhost:11185 at 14:00:55.495
starting worker pid=26297 on localhost:11185 at 14:00:56.006
starting worker pid=26311 on localhost:11185 at 14:00:56.522
starting worker pid=26324 on localhost:11185 at 14:00:57.030
starting worker pid=26338 on localhost:11185 at 14:00:57.537
2022-03-01 14:06:38 INFO::After iteration 12, gene prior 0.00840536155705493:, SNP prior:0.00240958748535815
2022-03-01 14:06:38 INFO::run iteration 13
starting worker pid=26772 on localhost:11185 at 14:06:38.779
starting worker pid=26785 on localhost:11185 at 14:06:39.309
starting worker pid=26799 on localhost:11185 at 14:06:39.841
starting worker pid=26812 on localhost:11185 at 14:06:40.348
starting worker pid=26825 on localhost:11185 at 14:06:40.864
starting worker pid=26839 on localhost:11185 at 14:06:41.381
starting worker pid=26852 on localhost:11185 at 14:06:41.893
starting worker pid=26866 on localhost:11185 at 14:06:42.400
starting worker pid=26879 on localhost:11185 at 14:06:42.906
starting worker pid=26894 on localhost:11185 at 14:06:43.417
2022-03-01 14:12:23 INFO::After iteration 13, gene prior 0.0084431854427956:, SNP prior:0.00240781570618135
2022-03-01 14:12:23 INFO::run iteration 14
starting worker pid=27258 on localhost:11185 at 14:12:24.438
starting worker pid=27272 on localhost:11185 at 14:12:24.955
starting worker pid=27285 on localhost:11185 at 14:12:25.503
starting worker pid=27299 on localhost:11185 at 14:12:26.040
starting worker pid=27312 on localhost:11185 at 14:12:26.552
starting worker pid=27326 on localhost:11185 at 14:12:27.063
starting worker pid=27339 on localhost:11185 at 14:12:27.572
starting worker pid=27352 on localhost:11185 at 14:12:28.078
starting worker pid=27366 on localhost:11185 at 14:12:28.591
starting worker pid=27379 on localhost:11185 at 14:12:29.101
2022-03-01 14:18:10 INFO::After iteration 14, gene prior 0.00847300206285512:, SNP prior:0.0024063841586543
2022-03-01 14:18:10 INFO::run iteration 15
starting worker pid=28244 on localhost:11185 at 14:18:10.947
starting worker pid=28257 on localhost:11185 at 14:18:11.488
starting worker pid=28271 on localhost:11185 at 14:18:12.022
starting worker pid=28284 on localhost:11185 at 14:18:12.529
starting worker pid=28298 on localhost:11185 at 14:18:13.059
starting worker pid=28311 on localhost:11185 at 14:18:13.568
starting worker pid=28324 on localhost:11185 at 14:18:14.079
starting worker pid=28338 on localhost:11185 at 14:18:14.589
starting worker pid=28351 on localhost:11185 at 14:18:15.093
starting worker pid=28365 on localhost:11185 at 14:18:15.601
2022-03-01 14:23:56 INFO::After iteration 15, gene prior 0.00849654613288365:, SNP prior:0.00240523768112075
2022-03-01 14:23:56 INFO::run iteration 16
starting worker pid=28956 on localhost:11185 at 14:23:57.020
starting worker pid=28969 on localhost:11185 at 14:23:57.534
starting worker pid=28983 on localhost:11185 at 14:23:58.046
starting worker pid=28996 on localhost:11185 at 14:23:58.563
starting worker pid=29009 on localhost:11185 at 14:23:59.072
starting worker pid=29023 on localhost:11185 at 14:23:59.579
starting worker pid=29036 on localhost:11185 at 14:24:00.092
starting worker pid=29050 on localhost:11185 at 14:24:00.600
starting worker pid=29063 on localhost:11185 at 14:24:01.110
starting worker pid=29076 on localhost:11185 at 14:24:01.617
2022-03-01 14:29:42 INFO::After iteration 16, gene prior 0.00851510806314096:, SNP prior:0.00240431995492782
2022-03-01 14:29:42 INFO::run iteration 17
starting worker pid=29445 on localhost:11185 at 14:29:43.565
starting worker pid=29458 on localhost:11185 at 14:29:44.039
starting worker pid=29472 on localhost:11185 at 14:29:44.552
starting worker pid=29486 on localhost:11185 at 14:29:45.060
starting worker pid=29500 on localhost:11185 at 14:29:45.569
starting worker pid=29513 on localhost:11185 at 14:29:46.081
starting worker pid=29526 on localhost:11185 at 14:29:46.594
starting worker pid=29540 on localhost:11185 at 14:29:47.104
starting worker pid=29553 on localhost:11185 at 14:29:47.611
starting worker pid=29567 on localhost:11185 at 14:29:48.122
2022-03-01 14:35:30 INFO::After iteration 17, gene prior 0.00852974708015285:, SNP prior:0.00240358891426594
2022-03-01 14:35:30 INFO::run iteration 18
starting worker pid=29934 on localhost:11185 at 14:35:31.163
starting worker pid=29948 on localhost:11185 at 14:35:31.644
starting worker pid=29961 on localhost:11185 at 14:35:32.150
starting worker pid=29975 on localhost:11185 at 14:35:32.672
starting worker pid=29988 on localhost:11185 at 14:35:33.179
starting worker pid=30001 on localhost:11185 at 14:35:33.689
starting worker pid=30015 on localhost:11185 at 14:35:34.199
starting worker pid=30028 on localhost:11185 at 14:35:34.709
starting worker pid=30042 on localhost:11185 at 14:35:35.219
starting worker pid=30055 on localhost:11185 at 14:35:35.734
2022-03-01 14:41:17 INFO::After iteration 18, gene prior 0.00854129900923172:, SNP prior:0.00240300875505954
2022-03-01 14:41:17 INFO::run iteration 19
starting worker pid=30423 on localhost:11185 at 14:41:18.424
starting worker pid=30437 on localhost:11185 at 14:41:18.966
starting worker pid=30450 on localhost:11185 at 14:41:19.507
starting worker pid=30464 on localhost:11185 at 14:41:20.018
starting worker pid=30477 on localhost:11185 at 14:41:20.532
starting worker pid=30558 on localhost:11185 at 14:41:21.053
starting worker pid=30571 on localhost:11185 at 14:41:21.569
starting worker pid=30584 on localhost:11185 at 14:41:22.079
starting worker pid=30598 on localhost:11185 at 14:41:22.653
starting worker pid=30611 on localhost:11185 at 14:41:23.193
2022-03-01 14:47:05 INFO::After iteration 19, gene prior 0.00855041731599111:, SNP prior:0.00240254932634746
2022-03-01 14:47:05 INFO::run iteration 20
starting worker pid=31521 on localhost:11185 at 14:47:06.176
starting worker pid=31534 on localhost:11185 at 14:47:06.664
starting worker pid=31548 on localhost:11185 at 14:47:07.174
starting worker pid=31561 on localhost:11185 at 14:47:07.695
starting worker pid=31575 on localhost:11185 at 14:47:08.209
starting worker pid=31588 on localhost:11185 at 14:47:08.723
starting worker pid=31601 on localhost:11185 at 14:47:09.233
starting worker pid=31615 on localhost:11185 at 14:47:09.739
starting worker pid=31628 on localhost:11185 at 14:47:10.254
starting worker pid=31642 on localhost:11185 at 14:47:10.769
2022-03-01 14:52:51 INFO::After iteration 20, gene prior 0.00855761543485087:, SNP prior:0.00240218596187055
2022-03-01 14:52:51 INFO::run iteration 21
starting worker pid=32234 on localhost:11185 at 14:52:52.501
starting worker pid=32248 on localhost:11185 at 14:52:53.033
starting worker pid=32261 on localhost:11185 at 14:52:53.559
starting worker pid=32275 on localhost:11185 at 14:52:54.069
starting worker pid=32288 on localhost:11185 at 14:52:54.579
starting worker pid=32302 on localhost:11185 at 14:52:55.090
starting worker pid=32315 on localhost:11185 at 14:52:55.599
starting worker pid=32328 on localhost:11185 at 14:52:56.109
starting worker pid=32342 on localhost:11185 at 14:52:56.619
starting worker pid=32355 on localhost:11185 at 14:52:57.129
2022-03-01 14:58:39 INFO::After iteration 21, gene prior 0.00856329784428845:, SNP prior:0.00240189879141274
2022-03-01 14:58:39 INFO::run iteration 22
starting worker pid=32726 on localhost:11185 at 14:58:40.158
starting worker pid=32739 on localhost:11185 at 14:58:40.702
starting worker pid=32752 on localhost:11185 at 14:58:41.226
starting worker pid=32766 on localhost:11185 at 14:58:41.739
starting worker pid=32779 on localhost:11185 at 14:58:42.250
starting worker pid=32793 on localhost:11185 at 14:58:42.758
starting worker pid=32806 on localhost:11185 at 14:58:43.274
starting worker pid=32820 on localhost:11185 at 14:58:43.790
starting worker pid=32833 on localhost:11185 at 14:58:44.301
starting worker pid=32846 on localhost:11185 at 14:58:44.809
2022-03-01 15:04:25 INFO::After iteration 22, gene prior 0.00856778361904617:, SNP prior:0.00240167194290166
2022-03-01 15:04:25 INFO::run iteration 23
starting worker pid=33219 on localhost:11185 at 15:04:26.280
starting worker pid=33232 on localhost:11185 at 15:04:26.792
starting worker pid=33245 on localhost:11185 at 15:04:27.292
starting worker pid=33259 on localhost:11185 at 15:04:27.799
starting worker pid=33272 on localhost:11185 at 15:04:28.311
starting worker pid=33286 on localhost:11185 at 15:04:28.842
starting worker pid=33299 on localhost:11185 at 15:04:29.355
starting worker pid=33312 on localhost:11185 at 15:04:29.866
starting worker pid=33326 on localhost:11185 at 15:04:30.382
starting worker pid=33339 on localhost:11185 at 15:04:30.892
2022-03-01 15:10:11 INFO::After iteration 23, gene prior 0.00857132462575756:, SNP prior:0.00240149279791634
2022-03-01 15:10:11 INFO::run iteration 24
starting worker pid=33706 on localhost:11185 at 15:10:12.201
starting worker pid=33720 on localhost:11185 at 15:10:12.749
starting worker pid=33733 on localhost:11185 at 15:10:13.280
starting worker pid=33747 on localhost:11185 at 15:10:13.791
starting worker pid=33760 on localhost:11185 at 15:10:14.299
starting worker pid=33774 on localhost:11185 at 15:10:14.809
starting worker pid=33787 on localhost:11185 at 15:10:15.319
starting worker pid=33800 on localhost:11185 at 15:10:15.827
starting worker pid=33814 on localhost:11185 at 15:10:16.338
starting worker pid=33827 on localhost:11185 at 15:10:16.852
2022-03-01 15:15:58 INFO::After iteration 24, gene prior 0.00857411973351346:, SNP prior:0.00240135135213333
2022-03-01 15:15:59 INFO::run iteration 25
starting worker pid=34193 on localhost:11185 at 15:15:59.569
starting worker pid=34207 on localhost:11185 at 15:16:00.077
starting worker pid=34220 on localhost:11185 at 15:16:00.582
starting worker pid=34234 on localhost:11185 at 15:16:01.090
starting worker pid=34247 on localhost:11185 at 15:16:01.603
starting worker pid=34261 on localhost:11185 at 15:16:02.118
starting worker pid=34274 on localhost:11185 at 15:16:02.628
starting worker pid=34287 on localhost:11185 at 15:16:03.140
starting worker pid=34303 on localhost:11185 at 15:16:03.647
starting worker pid=34316 on localhost:11185 at 15:16:04.211
2022-03-01 15:21:44 INFO::After iteration 25, gene prior 0.00857632597784194:, SNP prior:0.00240123968662829
2022-03-01 15:21:44 INFO::run iteration 26
starting worker pid=35483 on localhost:11185 at 15:21:45.432
starting worker pid=35497 on localhost:11185 at 15:21:45.945
starting worker pid=35510 on localhost:11185 at 15:21:46.489
starting worker pid=35524 on localhost:11185 at 15:21:47.011
starting worker pid=35537 on localhost:11185 at 15:21:47.518
starting worker pid=35551 on localhost:11185 at 15:21:48.031
starting worker pid=35564 on localhost:11185 at 15:21:48.543
starting worker pid=35577 on localhost:11185 at 15:21:49.050
starting worker pid=35591 on localhost:11185 at 15:21:49.590
starting worker pid=35604 on localhost:11185 at 15:21:50.102
2022-03-01 15:27:32 INFO::After iteration 26, gene prior 0.00857806735855865:, SNP prior:0.00240115153936286
2022-03-01 15:27:33 INFO::run iteration 27
starting worker pid=35974 on localhost:11185 at 15:27:33.657
starting worker pid=35987 on localhost:11185 at 15:27:34.208
starting worker pid=36001 on localhost:11185 at 15:27:34.731
starting worker pid=36014 on localhost:11185 at 15:27:35.244
starting worker pid=36028 on localhost:11185 at 15:27:35.752
starting worker pid=36041 on localhost:11185 at 15:27:36.260
starting worker pid=36054 on localhost:11185 at 15:27:36.769
starting worker pid=36068 on localhost:11185 at 15:27:37.282
starting worker pid=36081 on localhost:11185 at 15:27:37.789
starting worker pid=36098 on localhost:11185 at 15:27:38.303
2022-03-01 15:33:19 INFO::After iteration 27, gene prior 0.00857944178371594:, SNP prior:0.00240108196158098
2022-03-01 15:33:19 INFO::run iteration 28
starting worker pid=36465 on localhost:11185 at 15:33:19.906
starting worker pid=36478 on localhost:11185 at 15:33:20.386
starting worker pid=36492 on localhost:11185 at 15:33:20.893
starting worker pid=36505 on localhost:11185 at 15:33:21.397
starting worker pid=36519 on localhost:11185 at 15:33:21.911
starting worker pid=36532 on localhost:11185 at 15:33:22.420
starting worker pid=36545 on localhost:11185 at 15:33:22.933
starting worker pid=36559 on localhost:11185 at 15:33:23.443
starting worker pid=36572 on localhost:11185 at 15:33:23.949
starting worker pid=36586 on localhost:11185 at 15:33:24.460
2022-03-01 15:39:01 INFO::After iteration 28, gene prior 0.0085805265541207:, SNP prior:0.00240102704395618
2022-03-01 15:39:01 INFO::run iteration 29
starting worker pid=36953 on localhost:11185 at 15:39:02.264
starting worker pid=36967 on localhost:11185 at 15:39:02.811
starting worker pid=36980 on localhost:11185 at 15:39:03.352
starting worker pid=36993 on localhost:11185 at 15:39:03.858
starting worker pid=37007 on localhost:11185 at 15:39:04.370
starting worker pid=37020 on localhost:11185 at 15:39:04.879
starting worker pid=37034 on localhost:11185 at 15:39:05.403
starting worker pid=37047 on localhost:11185 at 15:39:05.922
starting worker pid=37060 on localhost:11185 at 15:39:06.431
starting worker pid=37074 on localhost:11185 at 15:39:06.938
2022-03-01 15:44:47 INFO::After iteration 29, gene prior 0.00858138269620671:, SNP prior:0.00240098369910147
2022-03-01 15:44:47 INFO::run iteration 30
starting worker pid=37439 on localhost:11185 at 15:44:47.878
starting worker pid=37452 on localhost:11185 at 15:44:48.365
starting worker pid=37465 on localhost:11185 at 15:44:48.870
starting worker pid=37479 on localhost:11185 at 15:44:49.381
starting worker pid=37492 on localhost:11185 at 15:44:49.893
starting worker pid=37506 on localhost:11185 at 15:44:50.409
starting worker pid=37519 on localhost:11185 at 15:44:50.923
starting worker pid=37532 on localhost:11185 at 15:44:51.442
starting worker pid=37546 on localhost:11185 at 15:44:51.951
starting worker pid=37559 on localhost:11185 at 15:44:52.459
2022-03-01 15:50:32 INFO::After iteration 30, gene prior 0.00858205838513631:, SNP prior:0.00240094948920845
2022-03-01 15:50:32 INFO::Run susie for all regions.
2022-03-01 15:50:32 INFO::run iteration 1
starting worker pid=38648 on localhost:11185 at 15:50:33.527
starting worker pid=38662 on localhost:11185 at 15:50:34.060
starting worker pid=38675 on localhost:11185 at 15:50:34.583
starting worker pid=38688 on localhost:11185 at 15:50:35.088
starting worker pid=38702 on localhost:11185 at 15:50:35.601
starting worker pid=38715 on localhost:11185 at 15:50:36.111
starting worker pid=38729 on localhost:11185 at 15:50:36.619
starting worker pid=38742 on localhost:11185 at 15:50:37.128
starting worker pid=38755 on localhost:11185 at 15:50:37.658
starting worker pid=38769 on localhost:11185 at 15:50:38.169
2022-03-01 16:01:14 INFO::After iteration 1, gene prior 0.0247229566081482:, SNP prior:0.00881337663948565
2022-03-01 16:01:14 INFO::No. LD regions: 1700
2022-03-01 16:01:21 INFO::No. regions with at least one SNP/gene for chr1: 131
2022-03-01 16:01:21 INFO::Merge regions for chr1
2022-03-01 16:01:21 INFO::No. regions with at least one SNP/gene for chr1 after merging: 129
2022-03-01 16:01:28 INFO::No. regions with at least one SNP/gene for chr2: 144
2022-03-01 16:01:28 INFO::Merge regions for chr2
2022-03-01 16:01:28 INFO::No. regions with at least one SNP/gene for chr2 after merging: 144
2022-03-01 16:01:34 INFO::No. regions with at least one SNP/gene for chr3: 122
2022-03-01 16:01:34 INFO::Merge regions for chr3
2022-03-01 16:01:34 INFO::No. regions with at least one SNP/gene for chr3 after merging: 122
2022-03-01 16:01:39 INFO::No. regions with at least one SNP/gene for chr4: 122
2022-03-01 16:01:39 INFO::Merge regions for chr4
2022-03-01 16:01:39 INFO::No. regions with at least one SNP/gene for chr4 after merging: 122
2022-03-01 16:01:43 INFO::No. regions with at least one SNP/gene for chr5: 110
2022-03-01 16:01:43 INFO::Merge regions for chr5
2022-03-01 16:01:43 INFO::No. regions with at least one SNP/gene for chr5 after merging: 110
2022-03-01 16:01:48 INFO::No. regions with at least one SNP/gene for chr6: 112
2022-03-01 16:01:48 INFO::Merge regions for chr6
2022-03-01 16:01:48 INFO::No. regions with at least one SNP/gene for chr6 after merging: 111
2022-03-01 16:01:51 INFO::No. regions with at least one SNP/gene for chr7: 99
2022-03-01 16:01:51 INFO::Merge regions for chr7
2022-03-01 16:01:51 INFO::No. regions with at least one SNP/gene for chr7 after merging: 97
2022-03-01 16:01:56 INFO::No. regions with at least one SNP/gene for chr8: 94
2022-03-01 16:01:56 INFO::Merge regions for chr8
2022-03-01 16:01:56 INFO::No. regions with at least one SNP/gene for chr8 after merging: 94
2022-03-01 16:01:58 INFO::No. regions with at least one SNP/gene for chr9: 74
2022-03-01 16:01:58 INFO::Merge regions for chr9
2022-03-01 16:01:58 INFO::No. regions with at least one SNP/gene for chr9 after merging: 74
2022-03-01 16:02:01 INFO::No. regions with at least one SNP/gene for chr10: 85
2022-03-01 16:02:01 INFO::Merge regions for chr10
2022-03-01 16:02:01 INFO::No. regions with at least one SNP/gene for chr10 after merging: 85
2022-03-01 16:02:05 INFO::No. regions with at least one SNP/gene for chr11: 84
2022-03-01 16:02:05 INFO::Merge regions for chr11
2022-03-01 16:02:05 INFO::No. regions with at least one SNP/gene for chr11 after merging: 84
2022-03-01 16:02:08 INFO::No. regions with at least one SNP/gene for chr12: 82
2022-03-01 16:02:08 INFO::Merge regions for chr12
2022-03-01 16:02:08 INFO::No. regions with at least one SNP/gene for chr12 after merging: 81
2022-03-01 16:02:11 INFO::No. regions with at least one SNP/gene for chr13: 62
2022-03-01 16:02:11 INFO::Merge regions for chr13
2022-03-01 16:02:11 INFO::No. regions with at least one SNP/gene for chr13 after merging: 62
2022-03-01 16:02:13 INFO::No. regions with at least one SNP/gene for chr14: 56
2022-03-01 16:02:13 INFO::Merge regions for chr14
2022-03-01 16:02:13 INFO::No. regions with at least one SNP/gene for chr14 after merging: 55
2022-03-01 16:02:15 INFO::No. regions with at least one SNP/gene for chr15: 49
2022-03-01 16:02:15 INFO::Merge regions for chr15
2022-03-01 16:02:15 INFO::No. regions with at least one SNP/gene for chr15 after merging: 49
2022-03-01 16:02:18 INFO::No. regions with at least one SNP/gene for chr16: 54
2022-03-01 16:02:18 INFO::Merge regions for chr16
2022-03-01 16:02:18 INFO::No. regions with at least one SNP/gene for chr16 after merging: 54
2022-03-01 16:02:19 INFO::No. regions with at least one SNP/gene for chr17: 47
2022-03-01 16:02:19 INFO::Merge regions for chr17
2022-03-01 16:02:19 INFO::No. regions with at least one SNP/gene for chr17 after merging: 47
2022-03-01 16:02:21 INFO::No. regions with at least one SNP/gene for chr18: 47
2022-03-01 16:02:21 INFO::Merge regions for chr18
2022-03-01 16:02:21 INFO::No. regions with at least one SNP/gene for chr18 after merging: 46
2022-03-01 16:02:24 INFO::No. regions with at least one SNP/gene for chr19: 39
2022-03-01 16:02:24 INFO::Merge regions for chr19
2022-03-01 16:02:24 INFO::No. regions with at least one SNP/gene for chr19 after merging: 38
2022-03-01 16:02:26 INFO::No. regions with at least one SNP/gene for chr20: 38
2022-03-01 16:02:26 INFO::Merge regions for chr20
2022-03-01 16:02:26 INFO::No. regions with at least one SNP/gene for chr20 after merging: 37
2022-03-01 16:02:27 INFO::No. regions with at least one SNP/gene for chr21: 24
2022-03-01 16:02:27 INFO::Merge regions for chr21
2022-03-01 16:02:27 INFO::No. regions with at least one SNP/gene for chr21 after merging: 24
2022-03-01 16:02:28 INFO::No. regions with at least one SNP/gene for chr22: 24
2022-03-01 16:02:28 INFO::Merge regions for chr22
2022-03-01 16:02:28 INFO::No. regions with at least one SNP/gene for chr22 after merging: 24
2022-03-01 16:02:28 INFO::Trim regions with SNPs more than 20000
2022-03-01 16:02:28 INFO::Adding R matrix info, as genotype is not given
2022-03-01 16:02:29 INFO::Adding R matrix info for chrom 1
2022-03-01 16:17:05 INFO::Adding R matrix info for chrom 2
2022-03-01 16:30:18 INFO::Adding R matrix info for chrom 3
2022-03-01 16:40:19 INFO::Adding R matrix info for chrom 4
2022-03-01 16:49:00 INFO::Adding R matrix info for chrom 5
2022-03-01 16:57:28 INFO::Adding R matrix info for chrom 6
2022-03-01 17:07:19 INFO::Adding R matrix info for chrom 7
2022-03-01 17:17:47 INFO::Adding R matrix info for chrom 8
2022-03-01 17:25:50 INFO::Adding R matrix info for chrom 9
2022-03-01 17:33:01 INFO::Adding R matrix info for chrom 10
2022-03-01 17:41:35 INFO::Adding R matrix info for chrom 11
2022-03-01 17:51:23 INFO::Adding R matrix info for chrom 12
2022-03-01 18:00:42 INFO::Adding R matrix info for chrom 13
2022-03-01 18:05:21 INFO::Adding R matrix info for chrom 14
2022-03-01 18:11:48 INFO::Adding R matrix info for chrom 15
2022-03-01 18:16:46 INFO::Adding R matrix info for chrom 16
2022-03-01 18:23:28 INFO::Adding R matrix info for chrom 17
2022-03-01 18:31:29 INFO::Adding R matrix info for chrom 18
2022-03-01 18:35:39 INFO::Adding R matrix info for chrom 19
2022-03-01 18:45:04 INFO::Adding R matrix info for chrom 20
2022-03-01 18:50:29 INFO::Adding R matrix info for chrom 21
2022-03-01 18:52:26 INFO::Adding R matrix info for chrom 22
2022-03-01 18:58:31 INFO::Number of regions that contains strong gene signals: 9
2022-03-01 18:58:31 INFO::Rerun susie for regions with strong gene signals using full SNPs.
2022-03-01 18:58:31 INFO::run iteration 1
starting worker pid=55159 on localhost:11185 at 18:58:32.696
2022-03-01 19:01:36 INFO::After iteration 1, gene prior 0.0364706497377058:, SNP prior:0.000709403888212404
$group_prior
[1] 0.0085820584 0.0002400949

$group_prior_var
[1] 10.718249  8.235349

R version 3.6.1 (2019-07-05)
Platform: x86_64-pc-linux-gnu (64-bit)
Running under: Scientific Linux 7.4 (Nitrogen)

Matrix products: default
BLAS/LAPACK: /software/openblas-0.2.19-el7-x86_64/lib/libopenblas_haswellp-r0.2.19.so

locale:
[1] C

attached base packages:
[1] stats     graphics  grDevices utils     datasets  methods   base     

other attached packages:
[1] data.table_1.14.2 ctwas_0.1.32     

loaded via a namespace (and not attached):
 [1] Rcpp_1.0.8                  lattice_0.20-38            
 [3] gwasvcf_0.1.0               prettyunits_1.1.1          
 [5] Rsamtools_2.0.0             Biostrings_2.52.0          
 [7] assertthat_0.2.1            foreach_1.5.2              
 [9] utf8_1.2.2                  R6_2.5.1                   
[11] GenomeInfoDb_1.20.0         stats4_3.6.1               
[13] RSQLite_2.2.8               httr_1.4.2                 
[15] pillar_1.6.4                zlibbioc_1.30.0            
[17] rlang_1.0.1                 GenomicFeatures_1.36.3     
[19] progress_1.2.2              blob_1.2.2                 
[21] S4Vectors_0.22.1            Matrix_1.2-18              
[23] BiocParallel_1.18.0         readr_2.1.1                
[25] stringr_1.4.0               RCurl_1.98-1.5             
[27] bit_4.0.4                   biomaRt_2.40.1             
[29] DelayedArray_0.10.0         compiler_3.6.1             
[31] rtracklayer_1.44.4          pkgconfig_2.0.3            
[33] BiocGenerics_0.30.0         tidyselect_1.1.1           
[35] SummarizedExperiment_1.14.1 tibble_3.1.6               
[37] GenomeInfoDbData_1.2.1      logging_0.10-108           
[39] IRanges_2.18.1              codetools_0.2-16           
[41] matrixStats_0.57.0          XML_3.99-0.3               
[43] fansi_1.0.2                 tzdb_0.2.0                 
[45] crayon_1.5.0                dplyr_1.0.7                
[47] GenomicAlignments_1.20.1    bitops_1.0-7               
[49] grid_3.6.1                  lifecycle_1.0.1            
[51] DBI_1.1.2                   magrittr_2.0.2             
[53] cli_3.1.0                   stringi_1.7.6              
[55] cachem_1.0.6                XVector_0.24.0             
[57] doParallel_1.0.17           pgenlibr_0.3.1             
[59] ellipsis_0.3.2              vctrs_0.3.8                
[61] generics_0.1.1              iterators_1.0.14           
[63] tools_3.6.1                 bit64_4.0.5                
[65] BSgenome_1.52.0             Biobase_2.44.0             
[67] glue_1.6.2                  purrr_0.3.4                
[69] hms_1.1.1                   parallel_3.6.1             
[71] fastmap_1.1.0               AnnotationDbi_1.46.0       
[73] GenomicRanges_1.36.1        memoise_2.0.1              
[75] VariantAnnotation_1.30.1   
