[1] "/project2/xinhe/shengqian/cTWAS/cTWAS_analysis/data/UKBB/ieu-a-22.vcf.gz"                                      
[2] "/project2/mstephens/wcrouse/UKB_LDR_0.1"                                                                       
[3] "/project2/xinhe/shengqian/cTWAS/cTWAS_analysis/data/mashr_sqtl/sqtl/mashr/mashr_Brain_Putamen_basal_ganglia.db"
[4] "/project2/xinhe/shengqian/cTWAS/cTWAS_analysis/code/ctwas_config.R"                                            
[5] "SCZ_Brain_Putamen_basal_ganglia_expr"                                                                          
[6] "SCZ_Brain_Putamen_basal_ganglia_ctwas"                                                                         
[7] "/project2/xinhe/shengqian/cTWAS/cTWAS_analysis/data/SCZ_S/Brain_Putamen_basal_ganglia"                         
2022-02-28 23:35:19 INFO::Flipping z scores to match LD reference
2022-02-28 23:35:22 INFO::Harmonizing strand-ambiguous z scores using imputation by region
2022-02-28 23:56:51 INFO::Reading weights for chromosome 1
2022-02-28 23:56:51 INFO::Number of genes with weights provided: 28461
2022-02-28 23:56:51 INFO::Collecting gene weight information ...
2022-02-28 23:56:51 INFO::Flipping weights to match LD reference
2022-02-28 23:56:51 INFO::Harmonizing strand ambiguous weights using correlations with unambiguous variants
2022-03-01 00:06:02 INFO::Start gene z score imputation ...
2022-03-01 00:06:02 INFO::Using given LD matrices to impute gene z score.
2022-03-01 00:14:37 INFO::Imputation done, writing results to output...
2022-03-01 00:14:38 INFO::Imputation done: number of genes with imputed expression: 2030 for chr 1
2022-03-01 00:14:39 INFO::Flipping z scores to match LD reference
2022-03-01 00:14:40 INFO::Harmonizing strand-ambiguous z scores using imputation by region
2022-03-01 00:39:40 INFO::Reading weights for chromosome 2
2022-03-01 00:39:40 INFO::Number of genes with weights provided: 28461
2022-03-01 00:39:40 INFO::Collecting gene weight information ...
2022-03-01 00:39:40 INFO::Flipping weights to match LD reference
2022-03-01 00:39:40 INFO::Harmonizing strand ambiguous weights using correlations with unambiguous variants
2022-03-01 00:47:43 INFO::Start gene z score imputation ...
2022-03-01 00:47:43 INFO::Using given LD matrices to impute gene z score.
2022-03-01 00:55:49 INFO::Imputation done, writing results to output...
2022-03-01 00:55:49 INFO::Imputation done: number of genes with imputed expression: 1536 for chr 2
2022-03-01 00:55:50 INFO::Flipping z scores to match LD reference
2022-03-01 00:55:51 INFO::Harmonizing strand-ambiguous z scores using imputation by region
2022-03-01 01:13:52 INFO::Reading weights for chromosome 3
2022-03-01 01:13:52 INFO::Number of genes with weights provided: 28461
2022-03-01 01:13:52 INFO::Collecting gene weight information ...
2022-03-01 01:13:52 INFO::Flipping weights to match LD reference
2022-03-01 01:13:52 INFO::Harmonizing strand ambiguous weights using correlations with unambiguous variants
2022-03-01 01:19:13 INFO::Start gene z score imputation ...
2022-03-01 01:19:13 INFO::Using given LD matrices to impute gene z score.
2022-03-01 01:25:37 INFO::Imputation done, writing results to output...
2022-03-01 01:25:37 INFO::Imputation done: number of genes with imputed expression: 1307 for chr 3
2022-03-01 01:25:38 INFO::Flipping z scores to match LD reference
2022-03-01 01:25:40 INFO::Harmonizing strand-ambiguous z scores using imputation by region
2022-03-01 01:45:52 INFO::Reading weights for chromosome 4
2022-03-01 01:45:52 INFO::Number of genes with weights provided: 28461
2022-03-01 01:45:52 INFO::Collecting gene weight information ...
2022-03-01 01:45:52 INFO::Flipping weights to match LD reference
2022-03-01 01:45:52 INFO::Harmonizing strand ambiguous weights using correlations with unambiguous variants
2022-03-01 01:50:03 INFO::Start gene z score imputation ...
2022-03-01 01:50:03 INFO::Using given LD matrices to impute gene z score.
2022-03-01 01:55:56 INFO::Imputation done, writing results to output...
2022-03-01 01:55:58 INFO::Imputation done: number of genes with imputed expression: 850 for chr 4
2022-03-01 01:55:59 INFO::Flipping z scores to match LD reference
2022-03-01 01:56:00 INFO::Harmonizing strand-ambiguous z scores using imputation by region
2022-03-01 02:13:05 INFO::Reading weights for chromosome 5
2022-03-01 02:13:05 INFO::Number of genes with weights provided: 28461
2022-03-01 02:13:05 INFO::Collecting gene weight information ...
2022-03-01 02:13:05 INFO::Flipping weights to match LD reference
2022-03-01 02:13:05 INFO::Harmonizing strand ambiguous weights using correlations with unambiguous variants
2022-03-01 02:17:11 INFO::Start gene z score imputation ...
2022-03-01 02:17:11 INFO::Using given LD matrices to impute gene z score.
2022-03-01 02:23:09 INFO::Imputation done, writing results to output...
2022-03-01 02:23:09 INFO::Imputation done: number of genes with imputed expression: 883 for chr 5
2022-03-01 02:23:10 INFO::Flipping z scores to match LD reference
2022-03-01 02:23:12 INFO::Harmonizing strand-ambiguous z scores using imputation by region
2022-03-01 02:40:10 INFO::Reading weights for chromosome 6
2022-03-01 02:40:10 INFO::Number of genes with weights provided: 28461
2022-03-01 02:40:10 INFO::Collecting gene weight information ...
2022-03-01 02:40:10 INFO::Flipping weights to match LD reference
2022-03-01 02:40:10 INFO::Harmonizing strand ambiguous weights using correlations with unambiguous variants
2022-03-01 02:50:02 INFO::Start gene z score imputation ...
2022-03-01 02:50:02 INFO::Using given LD matrices to impute gene z score.
2022-03-01 02:56:12 INFO::Imputation done, writing results to output...
2022-03-01 02:56:12 INFO::Imputation done: number of genes with imputed expression: 930 for chr 6
2022-03-01 02:56:13 INFO::Flipping z scores to match LD reference
2022-03-01 02:56:15 INFO::Harmonizing strand-ambiguous z scores using imputation by region
2022-03-01 03:13:55 INFO::Reading weights for chromosome 7
2022-03-01 03:13:55 INFO::Number of genes with weights provided: 28461
2022-03-01 03:13:55 INFO::Collecting gene weight information ...
2022-03-01 03:13:55 INFO::Flipping weights to match LD reference
2022-03-01 03:13:55 INFO::Harmonizing strand ambiguous weights using correlations with unambiguous variants
2022-03-01 03:20:58 INFO::Start gene z score imputation ...
2022-03-01 03:20:58 INFO::Using given LD matrices to impute gene z score.
2022-03-01 03:28:27 INFO::Imputation done, writing results to output...
2022-03-01 03:28:27 INFO::Imputation done: number of genes with imputed expression: 1246 for chr 7
2022-03-01 03:28:28 INFO::Flipping z scores to match LD reference
2022-03-01 03:28:30 INFO::Harmonizing strand-ambiguous z scores using imputation by region
2022-03-01 03:45:15 INFO::Reading weights for chromosome 8
2022-03-01 03:45:15 INFO::Number of genes with weights provided: 28461
2022-03-01 03:45:15 INFO::Collecting gene weight information ...
2022-03-01 03:45:15 INFO::Flipping weights to match LD reference
2022-03-01 03:45:15 INFO::Harmonizing strand ambiguous weights using correlations with unambiguous variants
2022-03-01 03:49:15 INFO::Start gene z score imputation ...
2022-03-01 03:49:15 INFO::Using given LD matrices to impute gene z score.
2022-03-01 03:54:07 INFO::Imputation done, writing results to output...
2022-03-01 03:54:07 INFO::Imputation done: number of genes with imputed expression: 767 for chr 8
2022-03-01 03:54:08 INFO::Flipping z scores to match LD reference
2022-03-01 03:54:09 INFO::Harmonizing strand-ambiguous z scores using imputation by region
2022-03-01 04:06:49 INFO::Reading weights for chromosome 9
2022-03-01 04:06:49 INFO::Number of genes with weights provided: 28461
2022-03-01 04:06:49 INFO::Collecting gene weight information ...
2022-03-01 04:06:49 INFO::Flipping weights to match LD reference
2022-03-01 04:06:49 INFO::Harmonizing strand ambiguous weights using correlations with unambiguous variants
2022-03-01 04:11:34 INFO::Start gene z score imputation ...
2022-03-01 04:11:34 INFO::Using given LD matrices to impute gene z score.
2022-03-01 04:16:30 INFO::Imputation done, writing results to output...
2022-03-01 04:16:30 INFO::Imputation done: number of genes with imputed expression: 867 for chr 9
2022-03-01 04:16:32 INFO::Flipping z scores to match LD reference
2022-03-01 04:16:33 INFO::Harmonizing strand-ambiguous z scores using imputation by region
2022-03-01 04:32:30 INFO::Reading weights for chromosome 10
2022-03-01 04:32:30 INFO::Number of genes with weights provided: 28461
2022-03-01 04:32:30 INFO::Collecting gene weight information ...
2022-03-01 04:32:30 INFO::Flipping weights to match LD reference
2022-03-01 04:32:30 INFO::Harmonizing strand ambiguous weights using correlations with unambiguous variants
2022-03-01 04:38:47 INFO::Start gene z score imputation ...
2022-03-01 04:38:47 INFO::Using given LD matrices to impute gene z score.
2022-03-01 04:44:27 INFO::Imputation done, writing results to output...
2022-03-01 04:44:27 INFO::Imputation done: number of genes with imputed expression: 952 for chr 10
2022-03-01 04:44:28 INFO::Flipping z scores to match LD reference
2022-03-01 04:44:30 INFO::Harmonizing strand-ambiguous z scores using imputation by region
2022-03-01 05:00:36 INFO::Reading weights for chromosome 11
2022-03-01 05:00:36 INFO::Number of genes with weights provided: 28461
2022-03-01 05:00:36 INFO::Collecting gene weight information ...
2022-03-01 05:00:36 INFO::Flipping weights to match LD reference
2022-03-01 05:00:36 INFO::Harmonizing strand ambiguous weights using correlations with unambiguous variants
2022-03-01 05:06:44 INFO::Start gene z score imputation ...
2022-03-01 05:06:44 INFO::Using given LD matrices to impute gene z score.
2022-03-01 05:13:20 INFO::Imputation done, writing results to output...
2022-03-01 05:13:20 INFO::Imputation done: number of genes with imputed expression: 1328 for chr 11
2022-03-01 05:13:21 INFO::Flipping z scores to match LD reference
2022-03-01 05:13:23 INFO::Harmonizing strand-ambiguous z scores using imputation by region
2022-03-01 05:27:44 INFO::Reading weights for chromosome 12
2022-03-01 05:27:44 INFO::Number of genes with weights provided: 28461
2022-03-01 05:27:44 INFO::Collecting gene weight information ...
2022-03-01 05:27:44 INFO::Flipping weights to match LD reference
2022-03-01 05:27:44 INFO::Harmonizing strand ambiguous weights using correlations with unambiguous variants
2022-03-01 05:34:30 INFO::Start gene z score imputation ...
2022-03-01 05:34:30 INFO::Using given LD matrices to impute gene z score.
2022-03-01 05:41:53 INFO::Imputation done, writing results to output...
2022-03-01 05:41:54 INFO::Imputation done: number of genes with imputed expression: 1138 for chr 12
2022-03-01 05:41:54 INFO::Flipping z scores to match LD reference
2022-03-01 05:41:56 INFO::Harmonizing strand-ambiguous z scores using imputation by region
2022-03-01 05:53:28 INFO::Reading weights for chromosome 13
2022-03-01 05:53:28 INFO::Number of genes with weights provided: 28461
2022-03-01 05:53:28 INFO::Collecting gene weight information ...
2022-03-01 05:53:28 INFO::Flipping weights to match LD reference
2022-03-01 05:53:28 INFO::Harmonizing strand ambiguous weights using correlations with unambiguous variants
2022-03-01 05:56:00 INFO::Start gene z score imputation ...
2022-03-01 05:56:00 INFO::Using given LD matrices to impute gene z score.
2022-03-01 05:58:34 INFO::Imputation done, writing results to output...
2022-03-01 05:58:34 INFO::Imputation done: number of genes with imputed expression: 411 for chr 13
2022-03-01 05:58:35 INFO::Flipping z scores to match LD reference
2022-03-01 05:58:37 INFO::Harmonizing strand-ambiguous z scores using imputation by region
2022-03-01 06:07:43 INFO::Reading weights for chromosome 14
2022-03-01 06:07:43 INFO::Number of genes with weights provided: 28461
2022-03-01 06:07:43 INFO::Collecting gene weight information ...
2022-03-01 06:07:43 INFO::Flipping weights to match LD reference
2022-03-01 06:07:43 INFO::Harmonizing strand ambiguous weights using correlations with unambiguous variants
2022-03-01 06:12:38 INFO::Start gene z score imputation ...
2022-03-01 06:12:38 INFO::Using given LD matrices to impute gene z score.
2022-03-01 06:16:52 INFO::Imputation done, writing results to output...
2022-03-01 06:16:52 INFO::Imputation done: number of genes with imputed expression: 763 for chr 14
2022-03-01 06:16:53 INFO::Flipping z scores to match LD reference
2022-03-01 06:16:55 INFO::Harmonizing strand-ambiguous z scores using imputation by region
2022-03-01 06:23:56 INFO::Reading weights for chromosome 15
2022-03-01 06:23:56 INFO::Number of genes with weights provided: 28461
2022-03-01 06:23:56 INFO::Collecting gene weight information ...
2022-03-01 06:23:56 INFO::Flipping weights to match LD reference
2022-03-01 06:23:56 INFO::Harmonizing strand ambiguous weights using correlations with unambiguous variants
2022-03-01 06:27:45 INFO::Start gene z score imputation ...
2022-03-01 06:27:45 INFO::Using given LD matrices to impute gene z score.
2022-03-01 06:31:33 INFO::Imputation done, writing results to output...
2022-03-01 06:31:33 INFO::Imputation done: number of genes with imputed expression: 727 for chr 15
2022-03-01 06:31:34 INFO::Flipping z scores to match LD reference
2022-03-01 06:31:36 INFO::Harmonizing strand-ambiguous z scores using imputation by region
2022-03-01 06:38:41 INFO::Reading weights for chromosome 16
2022-03-01 06:38:41 INFO::Number of genes with weights provided: 28461
2022-03-01 06:38:41 INFO::Collecting gene weight information ...
2022-03-01 06:38:41 INFO::Flipping weights to match LD reference
2022-03-01 06:38:41 INFO::Harmonizing strand ambiguous weights using correlations with unambiguous variants
2022-03-01 06:44:01 INFO::Start gene z score imputation ...
2022-03-01 06:44:01 INFO::Using given LD matrices to impute gene z score.
2022-03-01 06:48:19 INFO::Imputation done, writing results to output...
2022-03-01 06:48:19 INFO::Imputation done: number of genes with imputed expression: 1019 for chr 16
2022-03-01 06:48:20 INFO::Flipping z scores to match LD reference
2022-03-01 06:48:21 INFO::Harmonizing strand-ambiguous z scores using imputation by region
2022-03-01 06:54:57 INFO::Reading weights for chromosome 17
2022-03-01 06:54:57 INFO::Number of genes with weights provided: 28461
2022-03-01 06:54:57 INFO::Collecting gene weight information ...
2022-03-01 06:54:57 INFO::Flipping weights to match LD reference
2022-03-01 06:54:57 INFO::Harmonizing strand ambiguous weights using correlations with unambiguous variants
2022-03-01 07:01:53 INFO::Start gene z score imputation ...
2022-03-01 07:01:53 INFO::Using given LD matrices to impute gene z score.
2022-03-01 07:08:30 INFO::Imputation done, writing results to output...
2022-03-01 07:08:31 INFO::Imputation done: number of genes with imputed expression: 1465 for chr 17
2022-03-01 07:08:31 INFO::Flipping z scores to match LD reference
2022-03-01 07:08:33 INFO::Harmonizing strand-ambiguous z scores using imputation by region
2022-03-01 07:17:24 INFO::Reading weights for chromosome 18
2022-03-01 07:17:24 INFO::Number of genes with weights provided: 28461
2022-03-01 07:17:24 INFO::Collecting gene weight information ...
2022-03-01 07:17:24 INFO::Flipping weights to match LD reference
2022-03-01 07:17:24 INFO::Harmonizing strand ambiguous weights using correlations with unambiguous variants
2022-03-01 07:19:41 INFO::Start gene z score imputation ...
2022-03-01 07:19:41 INFO::Using given LD matrices to impute gene z score.
2022-03-01 07:22:32 INFO::Imputation done, writing results to output...
2022-03-01 07:22:32 INFO::Imputation done: number of genes with imputed expression: 306 for chr 18
2022-03-01 07:22:32 INFO::Flipping z scores to match LD reference
2022-03-01 07:22:34 INFO::Harmonizing strand-ambiguous z scores using imputation by region
2022-03-01 07:28:14 INFO::Reading weights for chromosome 19
2022-03-01 07:28:14 INFO::Number of genes with weights provided: 28461
2022-03-01 07:28:14 INFO::Collecting gene weight information ...
2022-03-01 07:28:14 INFO::Flipping weights to match LD reference
2022-03-01 07:28:14 INFO::Harmonizing strand ambiguous weights using correlations with unambiguous variants
2022-03-01 07:36:47 INFO::Start gene z score imputation ...
2022-03-01 07:36:47 INFO::Using given LD matrices to impute gene z score.
2022-03-01 07:42:38 INFO::Imputation done, writing results to output...
2022-03-01 07:42:38 INFO::Imputation done: number of genes with imputed expression: 1509 for chr 19
2022-03-01 07:42:39 INFO::Flipping z scores to match LD reference
2022-03-01 07:42:40 INFO::Harmonizing strand-ambiguous z scores using imputation by region
2022-03-01 07:49:34 INFO::Reading weights for chromosome 20
2022-03-01 07:49:34 INFO::Number of genes with weights provided: 28461
2022-03-01 07:49:34 INFO::Collecting gene weight information ...
2022-03-01 07:49:34 INFO::Flipping weights to match LD reference
2022-03-01 07:49:34 INFO::Harmonizing strand ambiguous weights using correlations with unambiguous variants
2022-03-01 07:53:39 INFO::Start gene z score imputation ...
2022-03-01 07:53:39 INFO::Using given LD matrices to impute gene z score.
2022-03-01 07:57:28 INFO::Imputation done, writing results to output...
2022-03-01 07:57:28 INFO::Imputation done: number of genes with imputed expression: 752 for chr 20
2022-03-01 07:57:28 INFO::Flipping z scores to match LD reference
2022-03-01 07:57:30 INFO::Harmonizing strand-ambiguous z scores using imputation by region
2022-03-01 08:01:02 INFO::Reading weights for chromosome 21
2022-03-01 08:01:02 INFO::Number of genes with weights provided: 28461
2022-03-01 08:01:02 INFO::Collecting gene weight information ...
2022-03-01 08:01:02 INFO::Flipping weights to match LD reference
2022-03-01 08:01:02 INFO::Harmonizing strand ambiguous weights using correlations with unambiguous variants
2022-03-01 08:03:04 INFO::Start gene z score imputation ...
2022-03-01 08:03:04 INFO::Using given LD matrices to impute gene z score.
2022-03-01 08:04:47 INFO::Imputation done, writing results to output...
2022-03-01 08:04:47 INFO::Imputation done: number of genes with imputed expression: 298 for chr 21
2022-03-01 08:04:48 INFO::Flipping z scores to match LD reference
2022-03-01 08:04:49 INFO::Harmonizing strand-ambiguous z scores using imputation by region
2022-03-01 08:07:55 INFO::Reading weights for chromosome 22
2022-03-01 08:07:55 INFO::Number of genes with weights provided: 28461
2022-03-01 08:07:55 INFO::Collecting gene weight information ...
2022-03-01 08:07:55 INFO::Flipping weights to match LD reference
2022-03-01 08:07:55 INFO::Harmonizing strand ambiguous weights using correlations with unambiguous variants
2022-03-01 08:11:56 INFO::Start gene z score imputation ...
2022-03-01 08:11:56 INFO::Using given LD matrices to impute gene z score.
2022-03-01 08:14:57 INFO::Imputation done, writing results to output...
2022-03-01 08:14:57 INFO::Imputation done: number of genes with imputed expression: 705 for chr 22
2022-03-01 08:15:22 INFO::ctwas started ...
2022-03-01 08:15:43 INFO::LD region file: /home/shengqian/R/x86_64-pc-linux-gnu-library/3.6/ctwas/extdata/ldetect/EUR.b38.bed
2022-03-01 08:15:49 INFO::No. LD regions: 1700
2022-03-01 08:15:56 INFO::No. regions with at least one SNP/gene for chr1: 131
2022-03-01 08:15:56 INFO::Merge regions for chr1
2022-03-01 08:15:56 INFO::No. regions with at least one SNP/gene for chr1 after merging: 131
2022-03-01 08:16:03 INFO::No. regions with at least one SNP/gene for chr2: 144
2022-03-01 08:16:03 INFO::Merge regions for chr2
2022-03-01 08:16:03 INFO::No. regions with at least one SNP/gene for chr2 after merging: 144
2022-03-01 08:16:09 INFO::No. regions with at least one SNP/gene for chr3: 122
2022-03-01 08:16:09 INFO::Merge regions for chr3
2022-03-01 08:16:09 INFO::No. regions with at least one SNP/gene for chr3 after merging: 122
2022-03-01 08:16:14 INFO::No. regions with at least one SNP/gene for chr4: 122
2022-03-01 08:16:14 INFO::Merge regions for chr4
2022-03-01 08:16:14 INFO::No. regions with at least one SNP/gene for chr4 after merging: 122
2022-03-01 08:16:19 INFO::No. regions with at least one SNP/gene for chr5: 110
2022-03-01 08:16:19 INFO::Merge regions for chr5
2022-03-01 08:16:19 INFO::No. regions with at least one SNP/gene for chr5 after merging: 110
2022-03-01 08:16:24 INFO::No. regions with at least one SNP/gene for chr6: 112
2022-03-01 08:16:24 INFO::Merge regions for chr6
2022-03-01 08:16:24 INFO::No. regions with at least one SNP/gene for chr6 after merging: 112
2022-03-01 08:16:28 INFO::No. regions with at least one SNP/gene for chr7: 99
2022-03-01 08:16:28 INFO::Merge regions for chr7
2022-03-01 08:16:28 INFO::No. regions with at least one SNP/gene for chr7 after merging: 97
2022-03-01 08:16:31 INFO::No. regions with at least one SNP/gene for chr8: 94
2022-03-01 08:16:31 INFO::Merge regions for chr8
2022-03-01 08:16:31 INFO::No. regions with at least one SNP/gene for chr8 after merging: 94
2022-03-01 08:16:34 INFO::No. regions with at least one SNP/gene for chr9: 74
2022-03-01 08:16:34 INFO::Merge regions for chr9
2022-03-01 08:16:34 INFO::No. regions with at least one SNP/gene for chr9 after merging: 74
2022-03-01 08:16:38 INFO::No. regions with at least one SNP/gene for chr10: 85
2022-03-01 08:16:38 INFO::Merge regions for chr10
2022-03-01 08:16:38 INFO::No. regions with at least one SNP/gene for chr10 after merging: 85
2022-03-01 08:16:41 INFO::No. regions with at least one SNP/gene for chr11: 84
2022-03-01 08:16:41 INFO::Merge regions for chr11
2022-03-01 08:16:41 INFO::No. regions with at least one SNP/gene for chr11 after merging: 84
2022-03-01 08:16:45 INFO::No. regions with at least one SNP/gene for chr12: 82
2022-03-01 08:16:45 INFO::Merge regions for chr12
2022-03-01 08:16:45 INFO::No. regions with at least one SNP/gene for chr12 after merging: 82
2022-03-01 08:16:46 INFO::No. regions with at least one SNP/gene for chr13: 62
2022-03-01 08:16:46 INFO::Merge regions for chr13
2022-03-01 08:16:46 INFO::No. regions with at least one SNP/gene for chr13 after merging: 62
2022-03-01 08:16:49 INFO::No. regions with at least one SNP/gene for chr14: 56
2022-03-01 08:16:49 INFO::Merge regions for chr14
2022-03-01 08:16:49 INFO::No. regions with at least one SNP/gene for chr14 after merging: 56
2022-03-01 08:16:51 INFO::No. regions with at least one SNP/gene for chr15: 49
2022-03-01 08:16:51 INFO::Merge regions for chr15
2022-03-01 08:16:51 INFO::No. regions with at least one SNP/gene for chr15 after merging: 48
2022-03-01 08:16:54 INFO::No. regions with at least one SNP/gene for chr16: 54
2022-03-01 08:16:54 INFO::Merge regions for chr16
2022-03-01 08:16:54 INFO::No. regions with at least one SNP/gene for chr16 after merging: 54
2022-03-01 08:16:56 INFO::No. regions with at least one SNP/gene for chr17: 47
2022-03-01 08:16:56 INFO::Merge regions for chr17
2022-03-01 08:16:56 INFO::No. regions with at least one SNP/gene for chr17 after merging: 46
2022-03-01 08:16:58 INFO::No. regions with at least one SNP/gene for chr18: 47
2022-03-01 08:16:58 INFO::Merge regions for chr18
2022-03-01 08:16:58 INFO::No. regions with at least one SNP/gene for chr18 after merging: 46
2022-03-01 08:17:00 INFO::No. regions with at least one SNP/gene for chr19: 39
2022-03-01 08:17:00 INFO::Merge regions for chr19
2022-03-01 08:17:00 INFO::No. regions with at least one SNP/gene for chr19 after merging: 39
2022-03-01 08:17:01 INFO::No. regions with at least one SNP/gene for chr20: 38
2022-03-01 08:17:01 INFO::Merge regions for chr20
2022-03-01 08:17:01 INFO::No. regions with at least one SNP/gene for chr20 after merging: 38
2022-03-01 08:17:02 INFO::No. regions with at least one SNP/gene for chr21: 24
2022-03-01 08:17:02 INFO::Merge regions for chr21
2022-03-01 08:17:02 INFO::No. regions with at least one SNP/gene for chr21 after merging: 24
2022-03-01 08:17:03 INFO::No. regions with at least one SNP/gene for chr22: 24
2022-03-01 08:17:03 INFO::Merge regions for chr22
2022-03-01 08:17:03 INFO::No. regions with at least one SNP/gene for chr22 after merging: 22
2022-03-01 08:17:03 INFO::Trim regions with SNPs more than Inf
2022-03-01 08:17:03 INFO::Adding R matrix info, as genotype is not given
2022-03-01 08:17:04 INFO::Adding R matrix info for chrom 1
2022-03-01 08:28:55 INFO::Adding R matrix info for chrom 2
2022-03-01 08:40:22 INFO::Adding R matrix info for chrom 3
2022-03-01 08:49:06 INFO::Adding R matrix info for chrom 4
2022-03-01 08:57:20 INFO::Adding R matrix info for chrom 5
2022-03-01 09:04:51 INFO::Adding R matrix info for chrom 6
2022-03-01 09:12:59 INFO::Adding R matrix info for chrom 7
2022-03-01 09:22:28 INFO::Adding R matrix info for chrom 8
2022-03-01 09:28:58 INFO::Adding R matrix info for chrom 9
2022-03-01 09:34:43 INFO::Adding R matrix info for chrom 10
2022-03-01 09:41:34 INFO::Adding R matrix info for chrom 11
2022-03-01 09:49:45 INFO::Adding R matrix info for chrom 12
2022-03-01 09:56:46 INFO::Adding R matrix info for chrom 13
2022-03-01 10:00:46 INFO::Adding R matrix info for chrom 14
2022-03-01 10:05:39 INFO::Adding R matrix info for chrom 15
2022-03-01 10:10:16 INFO::Adding R matrix info for chrom 16
2022-03-01 10:15:09 INFO::Adding R matrix info for chrom 17
2022-03-01 10:22:45 INFO::Adding R matrix info for chrom 18
2022-03-01 10:26:28 INFO::Adding R matrix info for chrom 19
2022-03-01 10:33:00 INFO::Adding R matrix info for chrom 20
2022-03-01 10:37:04 INFO::Adding R matrix info for chrom 21
2022-03-01 10:38:49 INFO::Adding R matrix info for chrom 22
2022-03-01 10:42:02 INFO::Run susie iteratively, getting rough estimate ...
2022-03-01 10:42:02 INFO::run iteration 1
starting worker pid=12999 on localhost:11011 at 10:42:03.414
starting worker pid=13013 on localhost:11011 at 10:42:03.918
starting worker pid=13027 on localhost:11011 at 10:42:04.410
starting worker pid=13049 on localhost:11011 at 10:42:04.900
starting worker pid=13062 on localhost:11011 at 10:42:05.392
starting worker pid=13076 on localhost:11011 at 10:42:05.880
starting worker pid=13089 on localhost:11011 at 10:42:06.378
starting worker pid=13103 on localhost:11011 at 10:42:06.877
starting worker pid=13116 on localhost:11011 at 10:42:07.370
starting worker pid=13129 on localhost:11011 at 10:42:07.861
2022-03-01 10:56:29 INFO::After iteration 1, gene prior 0.00275234309182074:, SNP prior:0.00215480974290928
2022-03-01 10:56:29 INFO::run iteration 2
starting worker pid=14795 on localhost:11011 at 10:56:30.330
starting worker pid=14808 on localhost:11011 at 10:56:30.872
starting worker pid=14822 on localhost:11011 at 10:56:31.367
starting worker pid=14835 on localhost:11011 at 10:56:31.859
starting worker pid=14848 on localhost:11011 at 10:56:32.350
starting worker pid=14862 on localhost:11011 at 10:56:32.841
starting worker pid=14875 on localhost:11011 at 10:56:33.340
starting worker pid=14889 on localhost:11011 at 10:56:33.842
starting worker pid=14902 on localhost:11011 at 10:56:34.337
starting worker pid=14915 on localhost:11011 at 10:56:34.830
2022-03-01 11:10:53 INFO::After iteration 2, gene prior 0.00290879255438207:, SNP prior:0.00188869028335423
2022-03-01 11:10:53 INFO::run iteration 3
starting worker pid=15790 on localhost:11011 at 11:10:54.401
starting worker pid=15803 on localhost:11011 at 11:10:54.911
starting worker pid=15818 on localhost:11011 at 11:10:55.402
starting worker pid=15831 on localhost:11011 at 11:10:55.894
starting worker pid=15845 on localhost:11011 at 11:10:56.386
starting worker pid=15858 on localhost:11011 at 11:10:56.880
starting worker pid=15871 on localhost:11011 at 11:10:57.374
starting worker pid=15885 on localhost:11011 at 11:10:57.866
starting worker pid=15898 on localhost:11011 at 11:10:58.367
starting worker pid=15912 on localhost:11011 at 11:10:58.861
2022-03-01 11:25:26 INFO::After iteration 3, gene prior 0.00323362417529279:, SNP prior:0.00179832004287419
2022-03-01 11:25:26 INFO::Blocks are filtered: 837 blocks left
2022-03-01 11:25:26 INFO::Run susie iteratively, getting accurate estimate ...
2022-03-01 11:25:26 INFO::run iteration 1
starting worker pid=17580 on localhost:11011 at 11:25:27.181
starting worker pid=17594 on localhost:11011 at 11:25:27.749
starting worker pid=17607 on localhost:11011 at 11:25:28.270
starting worker pid=17621 on localhost:11011 at 11:25:28.778
starting worker pid=17634 on localhost:11011 at 11:25:29.272
starting worker pid=17648 on localhost:11011 at 11:25:29.761
starting worker pid=17661 on localhost:11011 at 11:25:30.254
starting worker pid=17674 on localhost:11011 at 11:25:30.747
starting worker pid=17688 on localhost:11011 at 11:25:31.239
starting worker pid=17701 on localhost:11011 at 11:25:31.727
2022-03-01 11:33:14 INFO::After iteration 1, gene prior 0.00433257995503807:, SNP prior:0.00206804150389886
2022-03-01 11:33:14 INFO::run iteration 2
starting worker pid=18234 on localhost:11011 at 11:33:15.527
starting worker pid=18248 on localhost:11011 at 11:33:16.070
starting worker pid=18262 on localhost:11011 at 11:33:16.581
starting worker pid=18275 on localhost:11011 at 11:33:17.068
starting worker pid=18288 on localhost:11011 at 11:33:17.569
starting worker pid=18302 on localhost:11011 at 11:33:18.060
starting worker pid=18315 on localhost:11011 at 11:33:18.551
starting worker pid=18328 on localhost:11011 at 11:33:19.048
starting worker pid=18342 on localhost:11011 at 11:33:19.542
starting worker pid=18355 on localhost:11011 at 11:33:20.030
2022-03-01 11:41:01 INFO::After iteration 2, gene prior 0.0052809570134737:, SNP prior:0.00226623602590927
2022-03-01 11:41:02 INFO::run iteration 3
starting worker pid=18887 on localhost:11011 at 11:41:02.622
starting worker pid=18900 on localhost:11011 at 11:41:03.151
starting worker pid=18914 on localhost:11011 at 11:41:03.670
starting worker pid=18927 on localhost:11011 at 11:41:04.161
starting worker pid=18940 on localhost:11011 at 11:41:04.660
starting worker pid=18954 on localhost:11011 at 11:41:05.159
starting worker pid=18968 on localhost:11011 at 11:41:05.660
starting worker pid=18982 on localhost:11011 at 11:41:06.154
starting worker pid=18995 on localhost:11011 at 11:41:06.653
starting worker pid=19008 on localhost:11011 at 11:41:07.149
2022-03-01 11:48:46 INFO::After iteration 3, gene prior 0.00607009119340932:, SNP prior:0.00240830315930957
2022-03-01 11:48:47 INFO::run iteration 4
starting worker pid=20199 on localhost:11011 at 11:48:47.740
starting worker pid=20213 on localhost:11011 at 11:48:48.274
starting worker pid=20226 on localhost:11011 at 11:48:48.792
starting worker pid=20239 on localhost:11011 at 11:48:49.280
starting worker pid=20253 on localhost:11011 at 11:48:49.771
starting worker pid=20266 on localhost:11011 at 11:48:50.271
starting worker pid=20280 on localhost:11011 at 11:48:50.765
starting worker pid=20293 on localhost:11011 at 11:48:51.277
starting worker pid=20306 on localhost:11011 at 11:48:51.769
starting worker pid=20320 on localhost:11011 at 11:48:52.267
2022-03-01 11:56:23 INFO::After iteration 4, gene prior 0.00663998198769263:, SNP prior:0.00248870486902342
2022-03-01 11:56:23 INFO::run iteration 5
starting worker pid=20846 on localhost:11011 at 11:56:24.439
starting worker pid=20859 on localhost:11011 at 11:56:24.962
starting worker pid=20872 on localhost:11011 at 11:56:25.462
starting worker pid=20886 on localhost:11011 at 11:56:25.962
starting worker pid=20900 on localhost:11011 at 11:56:26.460
starting worker pid=20914 on localhost:11011 at 11:56:26.956
starting worker pid=20927 on localhost:11011 at 11:56:27.452
starting worker pid=20940 on localhost:11011 at 11:56:27.943
starting worker pid=20954 on localhost:11011 at 11:56:28.439
starting worker pid=20967 on localhost:11011 at 11:56:28.932
2022-03-01 12:04:07 INFO::After iteration 5, gene prior 0.00702460777302063:, SNP prior:0.0025251726974293
2022-03-01 12:04:07 INFO::run iteration 6
starting worker pid=21428 on localhost:11011 at 12:04:08.437
starting worker pid=21441 on localhost:11011 at 12:04:08.908
starting worker pid=21455 on localhost:11011 at 12:04:09.401
starting worker pid=21468 on localhost:11011 at 12:04:09.890
starting worker pid=21481 on localhost:11011 at 12:04:10.371
starting worker pid=21495 on localhost:11011 at 12:04:10.872
starting worker pid=21510 on localhost:11011 at 12:04:11.367
starting worker pid=21524 on localhost:11011 at 12:04:11.858
starting worker pid=21537 on localhost:11011 at 12:04:12.350
starting worker pid=21550 on localhost:11011 at 12:04:12.841
2022-03-01 12:11:51 INFO::After iteration 6, gene prior 0.00729078808564256:, SNP prior:0.0025387131226945
2022-03-01 12:11:51 INFO::run iteration 7
starting worker pid=22078 on localhost:11011 at 12:11:51.731
starting worker pid=22091 on localhost:11011 at 12:11:52.303
starting worker pid=22105 on localhost:11011 at 12:11:52.830
starting worker pid=22118 on localhost:11011 at 12:11:53.320
starting worker pid=22131 on localhost:11011 at 12:11:53.822
starting worker pid=22145 on localhost:11011 at 12:11:54.312
starting worker pid=22158 on localhost:11011 at 12:11:54.804
starting worker pid=22171 on localhost:11011 at 12:11:55.300
starting worker pid=22185 on localhost:11011 at 12:11:55.789
starting worker pid=22198 on localhost:11011 at 12:11:56.284
2022-03-01 12:19:31 INFO::After iteration 7, gene prior 0.00748391130607104:, SNP prior:0.00254200660219632
2022-03-01 12:19:31 INFO::run iteration 8
starting worker pid=23388 on localhost:11011 at 12:19:32.457
starting worker pid=23402 on localhost:11011 at 12:19:32.959
starting worker pid=23415 on localhost:11011 at 12:19:33.452
starting worker pid=23428 on localhost:11011 at 12:19:33.941
starting worker pid=23442 on localhost:11011 at 12:19:34.429
starting worker pid=23455 on localhost:11011 at 12:19:34.920
starting worker pid=23469 on localhost:11011 at 12:19:35.407
starting worker pid=23482 on localhost:11011 at 12:19:35.899
starting worker pid=23495 on localhost:11011 at 12:19:36.398
starting worker pid=23509 on localhost:11011 at 12:19:36.894
2022-03-01 12:27:15 INFO::After iteration 8, gene prior 0.00763020590905579:, SNP prior:0.00254124704347336
2022-03-01 12:27:15 INFO::run iteration 9
starting worker pid=24038 on localhost:11011 at 12:27:15.869
starting worker pid=24052 on localhost:11011 at 12:27:16.413
starting worker pid=24065 on localhost:11011 at 12:27:16.939
starting worker pid=24078 on localhost:11011 at 12:27:17.433
starting worker pid=24092 on localhost:11011 at 12:27:17.925
starting worker pid=24105 on localhost:11011 at 12:27:18.418
starting worker pid=24119 on localhost:11011 at 12:27:18.909
starting worker pid=24132 on localhost:11011 at 12:27:19.397
starting worker pid=24145 on localhost:11011 at 12:27:19.888
starting worker pid=24159 on localhost:11011 at 12:27:20.376
2022-03-01 12:34:59 INFO::After iteration 9, gene prior 0.00774422963879336:, SNP prior:0.00253912113108393
2022-03-01 12:34:59 INFO::run iteration 10
starting worker pid=24620 on localhost:11011 at 12:34:59.815
starting worker pid=24633 on localhost:11011 at 12:35:00.373
starting worker pid=24646 on localhost:11011 at 12:35:00.861
starting worker pid=24660 on localhost:11011 at 12:35:01.351
starting worker pid=24673 on localhost:11011 at 12:35:01.849
starting worker pid=24687 on localhost:11011 at 12:35:02.341
starting worker pid=24700 on localhost:11011 at 12:35:02.838
starting worker pid=24735 on localhost:11011 at 12:35:03.338
starting worker pid=24749 on localhost:11011 at 12:35:03.829
starting worker pid=24762 on localhost:11011 at 12:35:04.322
2022-03-01 12:42:42 INFO::After iteration 10, gene prior 0.00783464520776552:, SNP prior:0.00253673337219875
2022-03-01 12:42:42 INFO::run iteration 11
starting worker pid=25291 on localhost:11011 at 12:42:43.199
starting worker pid=25305 on localhost:11011 at 12:42:43.733
starting worker pid=25318 on localhost:11011 at 12:42:44.226
starting worker pid=25331 on localhost:11011 at 12:42:44.721
starting worker pid=25345 on localhost:11011 at 12:42:45.210
starting worker pid=25358 on localhost:11011 at 12:42:45.700
starting worker pid=25372 on localhost:11011 at 12:42:46.199
starting worker pid=25385 on localhost:11011 at 12:42:46.688
starting worker pid=25398 on localhost:11011 at 12:42:47.183
starting worker pid=25412 on localhost:11011 at 12:42:47.676
2022-03-01 12:50:23 INFO::After iteration 11, gene prior 0.00790703683690682:, SNP prior:0.00253450587469213
2022-03-01 12:50:26 INFO::run iteration 12
starting worker pid=26599 on localhost:11011 at 12:50:27.191
starting worker pid=26612 on localhost:11011 at 12:50:27.748
starting worker pid=26625 on localhost:11011 at 12:50:28.260
starting worker pid=26639 on localhost:11011 at 12:50:28.750
starting worker pid=26652 on localhost:11011 at 12:50:29.242
starting worker pid=26666 on localhost:11011 at 12:50:29.735
starting worker pid=26680 on localhost:11011 at 12:50:30.234
starting worker pid=26693 on localhost:11011 at 12:50:30.728
starting worker pid=26707 on localhost:11011 at 12:50:31.242
starting worker pid=26720 on localhost:11011 at 12:50:31.727
2022-03-01 12:58:10 INFO::After iteration 12, gene prior 0.00796523349412889:, SNP prior:0.00253256876363773
2022-03-01 12:58:10 INFO::run iteration 13
starting worker pid=27339 on localhost:11011 at 12:58:11.085
starting worker pid=27352 on localhost:11011 at 12:58:11.606
starting worker pid=27366 on localhost:11011 at 12:58:12.131
starting worker pid=27379 on localhost:11011 at 12:58:12.643
starting worker pid=27393 on localhost:11011 at 12:58:13.139
starting worker pid=27406 on localhost:11011 at 12:58:13.632
starting worker pid=27419 on localhost:11011 at 12:58:14.121
starting worker pid=27433 on localhost:11011 at 12:58:14.612
starting worker pid=27446 on localhost:11011 at 12:58:15.111
starting worker pid=27460 on localhost:11011 at 12:58:15.602
2022-03-01 13:05:53 INFO::After iteration 13, gene prior 0.0080121223175754:, SNP prior:0.00253094177064828
2022-03-01 13:05:53 INFO::run iteration 14
starting worker pid=27922 on localhost:11011 at 13:05:53.796
starting worker pid=27936 on localhost:11011 at 13:05:54.326
starting worker pid=27949 on localhost:11011 at 13:05:54.840
starting worker pid=27962 on localhost:11011 at 13:05:55.328
starting worker pid=27976 on localhost:11011 at 13:05:55.820
starting worker pid=27989 on localhost:11011 at 13:05:56.310
starting worker pid=28002 on localhost:11011 at 13:05:56.803
starting worker pid=28016 on localhost:11011 at 13:05:57.298
starting worker pid=28029 on localhost:11011 at 13:05:57.789
starting worker pid=28043 on localhost:11011 at 13:05:58.279
2022-03-01 13:13:36 INFO::After iteration 14, gene prior 0.00804993782505897:, SNP prior:0.00252959959340324
2022-03-01 13:13:36 INFO::run iteration 15
starting worker pid=28573 on localhost:11011 at 13:13:37.410
starting worker pid=28587 on localhost:11011 at 13:13:37.929
starting worker pid=28600 on localhost:11011 at 13:13:38.426
starting worker pid=28613 on localhost:11011 at 13:13:38.919
starting worker pid=28627 on localhost:11011 at 13:13:39.409
starting worker pid=28640 on localhost:11011 at 13:13:39.908
starting worker pid=28654 on localhost:11011 at 13:13:40.399
starting worker pid=28667 on localhost:11011 at 13:13:40.888
starting worker pid=28680 on localhost:11011 at 13:13:41.378
starting worker pid=28694 on localhost:11011 at 13:13:41.872
2022-03-01 13:21:18 INFO::After iteration 15, gene prior 0.00808043012430115:, SNP prior:0.00252850107538044
2022-03-01 13:21:18 INFO::run iteration 16
starting worker pid=30048 on localhost:11011 at 13:21:18.904
starting worker pid=30061 on localhost:11011 at 13:21:19.427
starting worker pid=30074 on localhost:11011 at 13:21:19.949
starting worker pid=30088 on localhost:11011 at 13:21:20.441
starting worker pid=30101 on localhost:11011 at 13:21:20.931
starting worker pid=30115 on localhost:11011 at 13:21:21.420
starting worker pid=30128 on localhost:11011 at 13:21:21.914
starting worker pid=30141 on localhost:11011 at 13:21:22.412
starting worker pid=30155 on localhost:11011 at 13:21:22.901
starting worker pid=30168 on localhost:11011 at 13:21:23.391
2022-03-01 13:28:58 INFO::After iteration 16, gene prior 0.00810501839043074:, SNP prior:0.0025276079878551
2022-03-01 13:28:58 INFO::run iteration 17
starting worker pid=30627 on localhost:11011 at 13:28:58.782
starting worker pid=30641 on localhost:11011 at 13:28:59.270
starting worker pid=30654 on localhost:11011 at 13:28:59.761
starting worker pid=30668 on localhost:11011 at 13:29:00.251
starting worker pid=30681 on localhost:11011 at 13:29:00.752
starting worker pid=30695 on localhost:11011 at 13:29:01.244
starting worker pid=30708 on localhost:11011 at 13:29:01.738
starting worker pid=30721 on localhost:11011 at 13:29:02.226
starting worker pid=30735 on localhost:11011 at 13:29:02.719
starting worker pid=30748 on localhost:11011 at 13:29:03.211
2022-03-01 13:36:38 INFO::After iteration 17, gene prior 0.00812484200600986:, SNP prior:0.00252688465738864
2022-03-01 13:36:39 INFO::run iteration 18
starting worker pid=31275 on localhost:11011 at 13:36:39.509
starting worker pid=31289 on localhost:11011 at 13:36:40.029
starting worker pid=31302 on localhost:11011 at 13:36:40.531
starting worker pid=31316 on localhost:11011 at 13:36:41.027
starting worker pid=31329 on localhost:11011 at 13:36:41.521
starting worker pid=31342 on localhost:11011 at 13:36:42.010
starting worker pid=31356 on localhost:11011 at 13:36:42.503
starting worker pid=31369 on localhost:11011 at 13:36:43.006
starting worker pid=31383 on localhost:11011 at 13:36:43.497
starting worker pid=31396 on localhost:11011 at 13:36:43.989
2022-03-01 13:44:10 INFO::After iteration 18, gene prior 0.00814081987816657:, SNP prior:0.00252630006653752
2022-03-01 13:44:10 INFO::run iteration 19
starting worker pid=31848 on localhost:11011 at 13:44:11.161
starting worker pid=31861 on localhost:11011 at 13:44:11.655
starting worker pid=31875 on localhost:11011 at 13:44:12.151
starting worker pid=31888 on localhost:11011 at 13:44:12.643
starting worker pid=31902 on localhost:11011 at 13:44:13.141
starting worker pid=31915 on localhost:11011 at 13:44:13.633
starting worker pid=31928 on localhost:11011 at 13:44:14.130
starting worker pid=31942 on localhost:11011 at 13:44:14.630
starting worker pid=31955 on localhost:11011 at 13:44:15.125
starting worker pid=31969 on localhost:11011 at 13:44:15.619
2022-03-01 13:51:52 INFO::After iteration 19, gene prior 0.00815369446641669:, SNP prior:0.00252582827273279
2022-03-01 13:51:52 INFO::run iteration 20
starting worker pid=33222 on localhost:11011 at 13:51:53.168
starting worker pid=33235 on localhost:11011 at 13:51:53.675
starting worker pid=33249 on localhost:11011 at 13:51:54.193
starting worker pid=33262 on localhost:11011 at 13:51:54.686
starting worker pid=33275 on localhost:11011 at 13:51:55.179
starting worker pid=33289 on localhost:11011 at 13:51:55.667
starting worker pid=33302 on localhost:11011 at 13:51:56.163
starting worker pid=33316 on localhost:11011 at 13:51:56.653
starting worker pid=33329 on localhost:11011 at 13:51:57.144
starting worker pid=33342 on localhost:11011 at 13:51:57.642
2022-03-01 13:59:34 INFO::After iteration 20, gene prior 0.00816406576866347:, SNP prior:0.00252544785244115
2022-03-01 13:59:34 INFO::run iteration 21
starting worker pid=33807 on localhost:11011 at 13:59:35.532
starting worker pid=33820 on localhost:11011 at 13:59:36.099
starting worker pid=33834 on localhost:11011 at 13:59:36.620
starting worker pid=33847 on localhost:11011 at 13:59:37.109
starting worker pid=33861 on localhost:11011 at 13:59:37.599
starting worker pid=33874 on localhost:11011 at 13:59:38.090
starting worker pid=33887 on localhost:11011 at 13:59:38.581
starting worker pid=33901 on localhost:11011 at 13:59:39.070
starting worker pid=33914 on localhost:11011 at 13:59:39.560
starting worker pid=33927 on localhost:11011 at 13:59:40.052
2022-03-01 14:07:17 INFO::After iteration 21, gene prior 0.00817241857181313:, SNP prior:0.00252514128648021
2022-03-01 14:07:17 INFO::run iteration 22
starting worker pid=34457 on localhost:11011 at 14:07:17.774
starting worker pid=34470 on localhost:11011 at 14:07:18.342
starting worker pid=34484 on localhost:11011 at 14:07:18.855
starting worker pid=34497 on localhost:11011 at 14:07:19.348
starting worker pid=34510 on localhost:11011 at 14:07:19.838
starting worker pid=34524 on localhost:11011 at 14:07:20.330
starting worker pid=34537 on localhost:11011 at 14:07:20.819
starting worker pid=34551 on localhost:11011 at 14:07:21.312
starting worker pid=34564 on localhost:11011 at 14:07:21.808
starting worker pid=34577 on localhost:11011 at 14:07:22.303
2022-03-01 14:15:02 INFO::After iteration 22, gene prior 0.00817914439498597:, SNP prior:0.00252489433850663
2022-03-01 14:15:02 INFO::run iteration 23
starting worker pid=35042 on localhost:11011 at 14:15:03.466
starting worker pid=35056 on localhost:11011 at 14:15:04.018
starting worker pid=35070 on localhost:11011 at 14:15:04.540
starting worker pid=35083 on localhost:11011 at 14:15:05.034
starting worker pid=35096 on localhost:11011 at 14:15:05.526
starting worker pid=35110 on localhost:11011 at 14:15:06.017
starting worker pid=35123 on localhost:11011 at 14:15:06.509
starting worker pid=35137 on localhost:11011 at 14:15:07.003
starting worker pid=35150 on localhost:11011 at 14:15:07.504
starting worker pid=35163 on localhost:11011 at 14:15:08.000
2022-03-01 14:22:49 INFO::After iteration 23, gene prior 0.00818455925132774:, SNP prior:0.00252469547291931
2022-03-01 14:22:49 INFO::run iteration 24
starting worker pid=36419 on localhost:11011 at 14:22:50.361
starting worker pid=36432 on localhost:11011 at 14:22:50.863
starting worker pid=36446 on localhost:11011 at 14:22:51.353
starting worker pid=36459 on localhost:11011 at 14:22:51.843
starting worker pid=36472 on localhost:11011 at 14:22:52.332
starting worker pid=36486 on localhost:11011 at 14:22:52.821
starting worker pid=36499 on localhost:11011 at 14:22:53.322
starting worker pid=36513 on localhost:11011 at 14:22:53.819
starting worker pid=36526 on localhost:11011 at 14:22:54.309
starting worker pid=36539 on localhost:11011 at 14:22:54.802
2022-03-01 14:30:30 INFO::After iteration 24, gene prior 0.00818891807478451:, SNP prior:0.00252453536219928
2022-03-01 14:30:30 INFO::run iteration 25
starting worker pid=37001 on localhost:11011 at 14:30:31.511
starting worker pid=37014 on localhost:11011 at 14:30:31.996
starting worker pid=37027 on localhost:11011 at 14:30:32.492
starting worker pid=37041 on localhost:11011 at 14:30:32.984
starting worker pid=37054 on localhost:11011 at 14:30:33.482
starting worker pid=37068 on localhost:11011 at 14:30:33.972
starting worker pid=37081 on localhost:11011 at 14:30:34.464
starting worker pid=37094 on localhost:11011 at 14:30:34.958
starting worker pid=37109 on localhost:11011 at 14:30:35.450
starting worker pid=37122 on localhost:11011 at 14:30:35.939
2022-03-01 14:38:14 INFO::After iteration 25, gene prior 0.00819242642745437:, SNP prior:0.0025244064746707
2022-03-01 14:38:15 INFO::run iteration 26
starting worker pid=37650 on localhost:11011 at 14:38:15.648
starting worker pid=37664 on localhost:11011 at 14:38:16.166
starting worker pid=37677 on localhost:11011 at 14:38:16.691
starting worker pid=37690 on localhost:11011 at 14:38:17.187
starting worker pid=37704 on localhost:11011 at 14:38:17.676
starting worker pid=37717 on localhost:11011 at 14:38:18.174
starting worker pid=37731 on localhost:11011 at 14:38:18.673
starting worker pid=37744 on localhost:11011 at 14:38:19.169
starting worker pid=37757 on localhost:11011 at 14:38:19.661
starting worker pid=37771 on localhost:11011 at 14:38:20.148
2022-03-01 14:45:57 INFO::After iteration 26, gene prior 0.00819524999294018:, SNP prior:0.00252430273438474
2022-03-01 14:45:57 INFO::run iteration 27
starting worker pid=38232 on localhost:11011 at 14:45:58.102
starting worker pid=38246 on localhost:11011 at 14:45:58.598
starting worker pid=38260 on localhost:11011 at 14:45:59.092
starting worker pid=38302 on localhost:11011 at 14:45:59.588
starting worker pid=38354 on localhost:11011 at 14:46:00.080
starting worker pid=38367 on localhost:11011 at 14:46:00.571
starting worker pid=38381 on localhost:11011 at 14:46:01.061
starting worker pid=38394 on localhost:11011 at 14:46:01.550
starting worker pid=38407 on localhost:11011 at 14:46:02.052
starting worker pid=38421 on localhost:11011 at 14:46:02.541
2022-03-01 14:53:42 INFO::After iteration 27, gene prior 0.00819752226644881:, SNP prior:0.00252421924293667
2022-03-01 14:53:42 INFO::run iteration 28
starting worker pid=39609 on localhost:11011 at 14:53:43.377
starting worker pid=39622 on localhost:11011 at 14:53:43.860
starting worker pid=39636 on localhost:11011 at 14:53:44.350
starting worker pid=39649 on localhost:11011 at 14:53:44.843
starting worker pid=39662 on localhost:11011 at 14:53:45.339
starting worker pid=39676 on localhost:11011 at 14:53:45.835
starting worker pid=39689 on localhost:11011 at 14:53:46.330
starting worker pid=39703 on localhost:11011 at 14:53:46.831
starting worker pid=39716 on localhost:11011 at 14:53:47.319
starting worker pid=39729 on localhost:11011 at 14:53:47.833
2022-03-01 15:01:29 INFO::After iteration 28, gene prior 0.00819935077743624:, SNP prior:0.00252415205310993
2022-03-01 15:01:30 INFO::run iteration 29
starting worker pid=40263 on localhost:11011 at 15:01:30.674
starting worker pid=40276 on localhost:11011 at 15:01:31.200
starting worker pid=40290 on localhost:11011 at 15:01:31.692
starting worker pid=40303 on localhost:11011 at 15:01:32.179
starting worker pid=40316 on localhost:11011 at 15:01:32.677
starting worker pid=40330 on localhost:11011 at 15:01:33.172
starting worker pid=40343 on localhost:11011 at 15:01:33.660
starting worker pid=40357 on localhost:11011 at 15:01:34.147
starting worker pid=40371 on localhost:11011 at 15:01:34.643
starting worker pid=40385 on localhost:11011 at 15:01:35.134
2022-03-01 15:09:10 INFO::After iteration 29, gene prior 0.00820082211981285:, SNP prior:0.00252409798528623
2022-03-01 15:09:10 INFO::run iteration 30
starting worker pid=40846 on localhost:11011 at 15:09:11.396
starting worker pid=40859 on localhost:11011 at 15:09:11.919
starting worker pid=40872 on localhost:11011 at 15:09:12.417
starting worker pid=40886 on localhost:11011 at 15:09:12.913
starting worker pid=40899 on localhost:11011 at 15:09:13.418
starting worker pid=40913 on localhost:11011 at 15:09:13.910
starting worker pid=40926 on localhost:11011 at 15:09:14.410
starting worker pid=40939 on localhost:11011 at 15:09:14.908
starting worker pid=40953 on localhost:11011 at 15:09:15.402
starting worker pid=40966 on localhost:11011 at 15:09:15.889
2022-03-01 15:16:52 INFO::After iteration 30, gene prior 0.00820200601469445:, SNP prior:0.00252405447885777
2022-03-01 15:16:52 INFO::Run susie for all regions.
2022-03-01 15:16:52 INFO::run iteration 1
starting worker pid=41989 on localhost:11011 at 15:16:53.005
starting worker pid=42002 on localhost:11011 at 15:16:53.557
starting worker pid=42016 on localhost:11011 at 15:16:54.081
starting worker pid=42029 on localhost:11011 at 15:16:54.572
starting worker pid=42043 on localhost:11011 at 15:16:55.061
starting worker pid=42056 on localhost:11011 at 15:16:55.551
starting worker pid=42069 on localhost:11011 at 15:16:56.042
starting worker pid=42083 on localhost:11011 at 15:16:56.540
starting worker pid=42096 on localhost:11011 at 15:16:57.031
starting worker pid=42110 on localhost:11011 at 15:16:57.525
2022-03-01 15:31:39 INFO::After iteration 1, gene prior 0.0256045415564295:, SNP prior:0.00914469445260971
2022-03-01 15:31:39 INFO::No. LD regions: 1700
2022-03-01 15:31:47 INFO::No. regions with at least one SNP/gene for chr1: 131
2022-03-01 15:31:47 INFO::Merge regions for chr1
2022-03-01 15:31:47 INFO::No. regions with at least one SNP/gene for chr1 after merging: 131
2022-03-01 15:31:53 INFO::No. regions with at least one SNP/gene for chr2: 144
2022-03-01 15:31:53 INFO::Merge regions for chr2
2022-03-01 15:31:53 INFO::No. regions with at least one SNP/gene for chr2 after merging: 144
2022-03-01 15:31:58 INFO::No. regions with at least one SNP/gene for chr3: 122
2022-03-01 15:31:58 INFO::Merge regions for chr3
2022-03-01 15:31:58 INFO::No. regions with at least one SNP/gene for chr3 after merging: 122
2022-03-01 15:32:03 INFO::No. regions with at least one SNP/gene for chr4: 122
2022-03-01 15:32:03 INFO::Merge regions for chr4
2022-03-01 15:32:03 INFO::No. regions with at least one SNP/gene for chr4 after merging: 122
2022-03-01 15:32:07 INFO::No. regions with at least one SNP/gene for chr5: 110
2022-03-01 15:32:07 INFO::Merge regions for chr5
2022-03-01 15:32:07 INFO::No. regions with at least one SNP/gene for chr5 after merging: 110
2022-03-01 15:32:12 INFO::No. regions with at least one SNP/gene for chr6: 112
2022-03-01 15:32:12 INFO::Merge regions for chr6
2022-03-01 15:32:12 INFO::No. regions with at least one SNP/gene for chr6 after merging: 112
2022-03-01 15:32:16 INFO::No. regions with at least one SNP/gene for chr7: 99
2022-03-01 15:32:16 INFO::Merge regions for chr7
2022-03-01 15:32:16 INFO::No. regions with at least one SNP/gene for chr7 after merging: 97
2022-03-01 15:32:19 INFO::No. regions with at least one SNP/gene for chr8: 94
2022-03-01 15:32:19 INFO::Merge regions for chr8
2022-03-01 15:32:19 INFO::No. regions with at least one SNP/gene for chr8 after merging: 94
2022-03-01 15:32:23 INFO::No. regions with at least one SNP/gene for chr9: 74
2022-03-01 15:32:23 INFO::Merge regions for chr9
2022-03-01 15:32:23 INFO::No. regions with at least one SNP/gene for chr9 after merging: 74
2022-03-01 15:32:25 INFO::No. regions with at least one SNP/gene for chr10: 85
2022-03-01 15:32:25 INFO::Merge regions for chr10
2022-03-01 15:32:25 INFO::No. regions with at least one SNP/gene for chr10 after merging: 85
2022-03-01 15:32:29 INFO::No. regions with at least one SNP/gene for chr11: 84
2022-03-01 15:32:29 INFO::Merge regions for chr11
2022-03-01 15:32:29 INFO::No. regions with at least one SNP/gene for chr11 after merging: 84
2022-03-01 15:32:32 INFO::No. regions with at least one SNP/gene for chr12: 82
2022-03-01 15:32:32 INFO::Merge regions for chr12
2022-03-01 15:32:32 INFO::No. regions with at least one SNP/gene for chr12 after merging: 82
2022-03-01 15:32:35 INFO::No. regions with at least one SNP/gene for chr13: 62
2022-03-01 15:32:35 INFO::Merge regions for chr13
2022-03-01 15:32:35 INFO::No. regions with at least one SNP/gene for chr13 after merging: 62
2022-03-01 15:32:37 INFO::No. regions with at least one SNP/gene for chr14: 56
2022-03-01 15:32:37 INFO::Merge regions for chr14
2022-03-01 15:32:37 INFO::No. regions with at least one SNP/gene for chr14 after merging: 56
2022-03-01 15:32:38 INFO::No. regions with at least one SNP/gene for chr15: 49
2022-03-01 15:32:38 INFO::Merge regions for chr15
2022-03-01 15:32:38 INFO::No. regions with at least one SNP/gene for chr15 after merging: 48
2022-03-01 15:32:41 INFO::No. regions with at least one SNP/gene for chr16: 54
2022-03-01 15:32:41 INFO::Merge regions for chr16
2022-03-01 15:32:41 INFO::No. regions with at least one SNP/gene for chr16 after merging: 54
2022-03-01 15:32:42 INFO::No. regions with at least one SNP/gene for chr17: 47
2022-03-01 15:32:42 INFO::Merge regions for chr17
2022-03-01 15:32:42 INFO::No. regions with at least one SNP/gene for chr17 after merging: 46
2022-03-01 15:32:44 INFO::No. regions with at least one SNP/gene for chr18: 47
2022-03-01 15:32:44 INFO::Merge regions for chr18
2022-03-01 15:32:44 INFO::No. regions with at least one SNP/gene for chr18 after merging: 46
2022-03-01 15:32:46 INFO::No. regions with at least one SNP/gene for chr19: 39
2022-03-01 15:32:46 INFO::Merge regions for chr19
2022-03-01 15:32:46 INFO::No. regions with at least one SNP/gene for chr19 after merging: 39
2022-03-01 15:32:48 INFO::No. regions with at least one SNP/gene for chr20: 38
2022-03-01 15:32:48 INFO::Merge regions for chr20
2022-03-01 15:32:48 INFO::No. regions with at least one SNP/gene for chr20 after merging: 38
2022-03-01 15:32:49 INFO::No. regions with at least one SNP/gene for chr21: 24
2022-03-01 15:32:49 INFO::Merge regions for chr21
2022-03-01 15:32:49 INFO::No. regions with at least one SNP/gene for chr21 after merging: 24
2022-03-01 15:32:50 INFO::No. regions with at least one SNP/gene for chr22: 24
2022-03-01 15:32:50 INFO::Merge regions for chr22
2022-03-01 15:32:50 INFO::No. regions with at least one SNP/gene for chr22 after merging: 22
2022-03-01 15:32:50 INFO::Trim regions with SNPs more than 20000
2022-03-01 15:32:50 INFO::Adding R matrix info, as genotype is not given
2022-03-01 15:32:51 INFO::Adding R matrix info for chrom 1
2022-03-01 15:44:30 INFO::Adding R matrix info for chrom 2
2022-03-01 15:55:35 INFO::Adding R matrix info for chrom 3
2022-03-01 16:03:42 INFO::Adding R matrix info for chrom 4
2022-03-01 16:11:23 INFO::Adding R matrix info for chrom 5
2022-03-01 16:18:28 INFO::Adding R matrix info for chrom 6
2022-03-01 16:26:13 INFO::Adding R matrix info for chrom 7
2022-03-01 16:35:35 INFO::Adding R matrix info for chrom 8
2022-03-01 16:41:59 INFO::Adding R matrix info for chrom 9
2022-03-01 16:47:41 INFO::Adding R matrix info for chrom 10
2022-03-01 16:54:25 INFO::Adding R matrix info for chrom 11
2022-03-01 17:02:17 INFO::Adding R matrix info for chrom 12
2022-03-01 17:09:20 INFO::Adding R matrix info for chrom 13
2022-03-01 17:13:13 INFO::Adding R matrix info for chrom 14
2022-03-01 17:17:59 INFO::Adding R matrix info for chrom 15
2022-03-01 17:22:26 INFO::Adding R matrix info for chrom 16
2022-03-01 17:27:08 INFO::Adding R matrix info for chrom 17
2022-03-01 17:34:29 INFO::Adding R matrix info for chrom 18
2022-03-01 17:37:53 INFO::Adding R matrix info for chrom 19
2022-03-01 17:44:24 INFO::Adding R matrix info for chrom 20
2022-03-01 17:48:07 INFO::Adding R matrix info for chrom 21
2022-03-01 17:49:45 INFO::Adding R matrix info for chrom 22
2022-03-01 17:54:54 INFO::Number of regions that contains strong gene signals: 4
2022-03-01 17:54:54 INFO::Rerun susie for regions with strong gene signals using full SNPs.
2022-03-01 17:54:54 INFO::run iteration 1
starting worker pid=55865 on localhost:11011 at 17:54:55.648
2022-03-01 17:56:52 INFO::After iteration 1, gene prior 0.0348304051317993:, SNP prior:0.000936944688705688
$group_prior
[1] 0.0082020060 0.0002524054

$group_prior_var
[1] 9.692462 8.541257

R version 3.6.1 (2019-07-05)
Platform: x86_64-pc-linux-gnu (64-bit)
Running under: Scientific Linux 7.4 (Nitrogen)

Matrix products: default
BLAS/LAPACK: /software/openblas-0.2.19-el7-x86_64/lib/libopenblas_haswellp-r0.2.19.so

locale:
[1] C

attached base packages:
[1] stats     graphics  grDevices utils     datasets  methods   base     

other attached packages:
[1] data.table_1.14.2 ctwas_0.1.32     

loaded via a namespace (and not attached):
 [1] Rcpp_1.0.8                  lattice_0.20-38            
 [3] gwasvcf_0.1.0               prettyunits_1.1.1          
 [5] Rsamtools_2.0.0             Biostrings_2.52.0          
 [7] assertthat_0.2.1            foreach_1.5.2              
 [9] utf8_1.2.2                  R6_2.5.1                   
[11] GenomeInfoDb_1.20.0         stats4_3.6.1               
[13] RSQLite_2.2.8               httr_1.4.2                 
[15] pillar_1.6.4                zlibbioc_1.30.0            
[17] rlang_1.0.1                 GenomicFeatures_1.36.3     
[19] progress_1.2.2              blob_1.2.2                 
[21] S4Vectors_0.22.1            Matrix_1.2-18              
[23] BiocParallel_1.18.0         readr_2.1.1                
[25] stringr_1.4.0               RCurl_1.98-1.5             
[27] bit_4.0.4                   biomaRt_2.40.1             
[29] DelayedArray_0.10.0         compiler_3.6.1             
[31] rtracklayer_1.44.4          pkgconfig_2.0.3            
[33] BiocGenerics_0.30.0         tidyselect_1.1.1           
[35] SummarizedExperiment_1.14.1 tibble_3.1.6               
[37] GenomeInfoDbData_1.2.1      logging_0.10-108           
[39] IRanges_2.18.1              codetools_0.2-16           
[41] matrixStats_0.57.0          XML_3.99-0.3               
[43] fansi_1.0.2                 tzdb_0.2.0                 
[45] crayon_1.5.0                dplyr_1.0.7                
[47] GenomicAlignments_1.20.1    bitops_1.0-7               
[49] grid_3.6.1                  lifecycle_1.0.1            
[51] DBI_1.1.2                   magrittr_2.0.2             
[53] cli_3.1.0                   stringi_1.7.6              
[55] cachem_1.0.6                XVector_0.24.0             
[57] doParallel_1.0.17           pgenlibr_0.3.1             
[59] ellipsis_0.3.2              vctrs_0.3.8                
[61] generics_0.1.1              iterators_1.0.14           
[63] tools_3.6.1                 bit64_4.0.5                
[65] BSgenome_1.52.0             Biobase_2.44.0             
[67] glue_1.6.2                  purrr_0.3.4                
[69] hms_1.1.1                   parallel_3.6.1             
[71] fastmap_1.1.0               AnnotationDbi_1.46.0       
[73] GenomicRanges_1.36.1        memoise_2.0.1              
[75] VariantAnnotation_1.30.1   
