[1] "/project2/xinhe/shengqian/cTWAS/cTWAS_analysis/data/UKBB/ieu-a-22.vcf.gz"                       
[2] "/project2/mstephens/wcrouse/UKB_LDR_0.1"                                                        
[3] "/project2/xinhe/shengqian/cTWAS/cTWAS_analysis/data/mashr_sqtl/sqtl/mashr/mashr_Brain_Cortex.db"
[4] "/project2/xinhe/shengqian/cTWAS/cTWAS_analysis/code/ctwas_config.R"                             
[5] "SCZ_Brain_Cortex_expr"                                                                          
[6] "SCZ_Brain_Cortex_ctwas"                                                                         
[7] "/project2/xinhe/shengqian/cTWAS/cTWAS_analysis/data/SCZ_S/Brain_Cortex"                         
2022-02-28 23:22:40 INFO::Flipping z scores to match LD reference
2022-02-28 23:22:43 INFO::Harmonizing strand-ambiguous z scores using imputation by region
2022-02-28 23:44:16 INFO::Reading weights for chromosome 1
2022-02-28 23:44:16 INFO::Number of genes with weights provided: 35086
2022-02-28 23:44:16 INFO::Collecting gene weight information ...
2022-02-28 23:44:16 INFO::Flipping weights to match LD reference
2022-02-28 23:44:16 INFO::Harmonizing strand ambiguous weights using correlations with unambiguous variants
2022-02-28 23:56:12 INFO::Start gene z score imputation ...
2022-02-28 23:56:12 INFO::Using given LD matrices to impute gene z score.
2022-03-01 00:06:33 INFO::Imputation done, writing results to output...
2022-03-01 00:06:34 INFO::Imputation done: number of genes with imputed expression: 2492 for chr 1
2022-03-01 00:06:34 INFO::Flipping z scores to match LD reference
2022-03-01 00:06:37 INFO::Harmonizing strand-ambiguous z scores using imputation by region
2022-03-01 00:31:35 INFO::Reading weights for chromosome 2
2022-03-01 00:31:35 INFO::Number of genes with weights provided: 35086
2022-03-01 00:31:35 INFO::Collecting gene weight information ...
2022-03-01 00:31:35 INFO::Flipping weights to match LD reference
2022-03-01 00:31:35 INFO::Harmonizing strand ambiguous weights using correlations with unambiguous variants
2022-03-01 00:41:49 INFO::Start gene z score imputation ...
2022-03-01 00:41:49 INFO::Using given LD matrices to impute gene z score.
2022-03-01 00:51:50 INFO::Imputation done, writing results to output...
2022-03-01 00:51:50 INFO::Imputation done: number of genes with imputed expression: 1935 for chr 2
2022-03-01 00:51:51 INFO::Flipping z scores to match LD reference
2022-03-01 00:51:53 INFO::Harmonizing strand-ambiguous z scores using imputation by region
2022-03-01 01:10:15 INFO::Reading weights for chromosome 3
2022-03-01 01:10:15 INFO::Number of genes with weights provided: 35086
2022-03-01 01:10:15 INFO::Collecting gene weight information ...
2022-03-01 01:10:15 INFO::Flipping weights to match LD reference
2022-03-01 01:10:15 INFO::Harmonizing strand ambiguous weights using correlations with unambiguous variants
2022-03-01 01:18:51 INFO::Start gene z score imputation ...
2022-03-01 01:18:51 INFO::Using given LD matrices to impute gene z score.
2022-03-01 01:26:32 INFO::Imputation done, writing results to output...
2022-03-01 01:26:32 INFO::Imputation done: number of genes with imputed expression: 1628 for chr 3
2022-03-01 01:26:33 INFO::Flipping z scores to match LD reference
2022-03-01 01:26:35 INFO::Harmonizing strand-ambiguous z scores using imputation by region
2022-03-01 01:46:57 INFO::Reading weights for chromosome 4
2022-03-01 01:46:57 INFO::Number of genes with weights provided: 35086
2022-03-01 01:46:57 INFO::Collecting gene weight information ...
2022-03-01 01:46:57 INFO::Flipping weights to match LD reference
2022-03-01 01:46:57 INFO::Harmonizing strand ambiguous weights using correlations with unambiguous variants
2022-03-01 01:52:47 INFO::Start gene z score imputation ...
2022-03-01 01:52:47 INFO::Using given LD matrices to impute gene z score.
2022-03-01 01:59:26 INFO::Imputation done, writing results to output...
2022-03-01 01:59:27 INFO::Imputation done: number of genes with imputed expression: 1023 for chr 4
2022-03-01 01:59:27 INFO::Flipping z scores to match LD reference
2022-03-01 01:59:29 INFO::Harmonizing strand-ambiguous z scores using imputation by region
2022-03-01 02:16:22 INFO::Reading weights for chromosome 5
2022-03-01 02:16:22 INFO::Number of genes with weights provided: 35086
2022-03-01 02:16:22 INFO::Collecting gene weight information ...
2022-03-01 02:16:22 INFO::Flipping weights to match LD reference
2022-03-01 02:16:22 INFO::Harmonizing strand ambiguous weights using correlations with unambiguous variants
2022-03-01 02:22:17 INFO::Start gene z score imputation ...
2022-03-01 02:22:17 INFO::Using given LD matrices to impute gene z score.
2022-03-01 02:28:53 INFO::Imputation done, writing results to output...
2022-03-01 02:28:54 INFO::Imputation done: number of genes with imputed expression: 1136 for chr 5
2022-03-01 02:28:54 INFO::Flipping z scores to match LD reference
2022-03-01 02:28:56 INFO::Harmonizing strand-ambiguous z scores using imputation by region
2022-03-01 02:45:59 INFO::Reading weights for chromosome 6
2022-03-01 02:45:59 INFO::Number of genes with weights provided: 35086
2022-03-01 02:45:59 INFO::Collecting gene weight information ...
2022-03-01 02:45:59 INFO::Flipping weights to match LD reference
2022-03-01 02:45:59 INFO::Harmonizing strand ambiguous weights using correlations with unambiguous variants
2022-03-01 02:57:26 INFO::Start gene z score imputation ...
2022-03-01 02:57:26 INFO::Using given LD matrices to impute gene z score.
2022-03-01 03:04:28 INFO::Imputation done, writing results to output...
2022-03-01 03:04:28 INFO::Imputation done: number of genes with imputed expression: 1191 for chr 6
2022-03-01 03:04:29 INFO::Flipping z scores to match LD reference
2022-03-01 03:04:30 INFO::Harmonizing strand-ambiguous z scores using imputation by region
2022-03-01 03:22:07 INFO::Reading weights for chromosome 7
2022-03-01 03:22:07 INFO::Number of genes with weights provided: 35086
2022-03-01 03:22:07 INFO::Collecting gene weight information ...
2022-03-01 03:22:07 INFO::Flipping weights to match LD reference
2022-03-01 03:22:07 INFO::Harmonizing strand ambiguous weights using correlations with unambiguous variants
2022-03-01 03:32:33 INFO::Start gene z score imputation ...
2022-03-01 03:32:33 INFO::Using given LD matrices to impute gene z score.
2022-03-01 03:41:00 INFO::Imputation done, writing results to output...
2022-03-01 03:41:00 INFO::Imputation done: number of genes with imputed expression: 1528 for chr 7
2022-03-01 03:41:00 INFO::Flipping z scores to match LD reference
2022-03-01 03:41:02 INFO::Harmonizing strand-ambiguous z scores using imputation by region
2022-03-01 03:58:30 INFO::Reading weights for chromosome 8
2022-03-01 03:58:31 INFO::Number of genes with weights provided: 35086
2022-03-01 03:58:31 INFO::Collecting gene weight information ...
2022-03-01 03:58:31 INFO::Flipping weights to match LD reference
2022-03-01 03:58:31 INFO::Harmonizing strand ambiguous weights using correlations with unambiguous variants
2022-03-01 04:03:06 INFO::Start gene z score imputation ...
2022-03-01 04:03:06 INFO::Using given LD matrices to impute gene z score.
2022-03-01 04:08:44 INFO::Imputation done, writing results to output...
2022-03-01 04:08:44 INFO::Imputation done: number of genes with imputed expression: 983 for chr 8
2022-03-01 04:08:45 INFO::Flipping z scores to match LD reference
2022-03-01 04:08:47 INFO::Harmonizing strand-ambiguous z scores using imputation by region
2022-03-01 04:21:37 INFO::Reading weights for chromosome 9
2022-03-01 04:21:37 INFO::Number of genes with weights provided: 35086
2022-03-01 04:21:37 INFO::Collecting gene weight information ...
2022-03-01 04:21:37 INFO::Flipping weights to match LD reference
2022-03-01 04:21:37 INFO::Harmonizing strand ambiguous weights using correlations with unambiguous variants
2022-03-01 04:28:13 INFO::Start gene z score imputation ...
2022-03-01 04:28:13 INFO::Using given LD matrices to impute gene z score.
2022-03-01 04:34:06 INFO::Imputation done, writing results to output...
2022-03-01 04:34:07 INFO::Imputation done: number of genes with imputed expression: 1088 for chr 9
2022-03-01 04:34:07 INFO::Flipping z scores to match LD reference
2022-03-01 04:34:09 INFO::Harmonizing strand-ambiguous z scores using imputation by region
2022-03-01 04:50:12 INFO::Reading weights for chromosome 10
2022-03-01 04:50:12 INFO::Number of genes with weights provided: 35086
2022-03-01 04:50:12 INFO::Collecting gene weight information ...
2022-03-01 04:50:12 INFO::Flipping weights to match LD reference
2022-03-01 04:50:12 INFO::Harmonizing strand ambiguous weights using correlations with unambiguous variants
2022-03-01 04:58:28 INFO::Start gene z score imputation ...
2022-03-01 04:58:28 INFO::Using given LD matrices to impute gene z score.
2022-03-01 05:04:59 INFO::Imputation done, writing results to output...
2022-03-01 05:04:59 INFO::Imputation done: number of genes with imputed expression: 1177 for chr 10
2022-03-01 05:05:00 INFO::Flipping z scores to match LD reference
2022-03-01 05:05:02 INFO::Harmonizing strand-ambiguous z scores using imputation by region
2022-03-01 05:21:15 INFO::Reading weights for chromosome 11
2022-03-01 05:21:15 INFO::Number of genes with weights provided: 35086
2022-03-01 05:21:15 INFO::Collecting gene weight information ...
2022-03-01 05:21:15 INFO::Flipping weights to match LD reference
2022-03-01 05:21:15 INFO::Harmonizing strand ambiguous weights using correlations with unambiguous variants
2022-03-01 05:29:22 INFO::Start gene z score imputation ...
2022-03-01 05:29:22 INFO::Using given LD matrices to impute gene z score.
2022-03-01 05:37:32 INFO::Imputation done, writing results to output...
2022-03-01 05:37:32 INFO::Imputation done: number of genes with imputed expression: 1608 for chr 11
2022-03-01 05:37:33 INFO::Flipping z scores to match LD reference
2022-03-01 05:37:34 INFO::Harmonizing strand-ambiguous z scores using imputation by region
2022-03-01 05:51:53 INFO::Reading weights for chromosome 12
2022-03-01 05:51:53 INFO::Number of genes with weights provided: 35086
2022-03-01 05:51:53 INFO::Collecting gene weight information ...
2022-03-01 05:51:53 INFO::Flipping weights to match LD reference
2022-03-01 05:51:53 INFO::Harmonizing strand ambiguous weights using correlations with unambiguous variants
2022-03-01 05:59:42 INFO::Start gene z score imputation ...
2022-03-01 05:59:42 INFO::Using given LD matrices to impute gene z score.
2022-03-01 06:06:51 INFO::Imputation done, writing results to output...
2022-03-01 06:06:51 INFO::Imputation done: number of genes with imputed expression: 1460 for chr 12
2022-03-01 06:06:52 INFO::Flipping z scores to match LD reference
2022-03-01 06:06:53 INFO::Harmonizing strand-ambiguous z scores using imputation by region
2022-03-01 06:18:06 INFO::Reading weights for chromosome 13
2022-03-01 06:18:06 INFO::Number of genes with weights provided: 35086
2022-03-01 06:18:06 INFO::Collecting gene weight information ...
2022-03-01 06:18:06 INFO::Flipping weights to match LD reference
2022-03-01 06:18:06 INFO::Harmonizing strand ambiguous weights using correlations with unambiguous variants
2022-03-01 06:21:53 INFO::Start gene z score imputation ...
2022-03-01 06:21:53 INFO::Using given LD matrices to impute gene z score.
2022-03-01 06:25:07 INFO::Imputation done, writing results to output...
2022-03-01 06:25:07 INFO::Imputation done: number of genes with imputed expression: 526 for chr 13
2022-03-01 06:25:08 INFO::Flipping z scores to match LD reference
2022-03-01 06:25:10 INFO::Harmonizing strand-ambiguous z scores using imputation by region
2022-03-01 06:34:15 INFO::Reading weights for chromosome 14
2022-03-01 06:34:15 INFO::Number of genes with weights provided: 35086
2022-03-01 06:34:15 INFO::Collecting gene weight information ...
2022-03-01 06:34:15 INFO::Flipping weights to match LD reference
2022-03-01 06:34:15 INFO::Harmonizing strand ambiguous weights using correlations with unambiguous variants
2022-03-01 06:39:33 INFO::Start gene z score imputation ...
2022-03-01 06:39:33 INFO::Using given LD matrices to impute gene z score.
2022-03-01 06:44:02 INFO::Imputation done, writing results to output...
2022-03-01 06:44:03 INFO::Imputation done: number of genes with imputed expression: 917 for chr 14
2022-03-01 06:44:03 INFO::Flipping z scores to match LD reference
2022-03-01 06:44:05 INFO::Harmonizing strand-ambiguous z scores using imputation by region
2022-03-01 06:51:05 INFO::Reading weights for chromosome 15
2022-03-01 06:51:05 INFO::Number of genes with weights provided: 35086
2022-03-01 06:51:05 INFO::Collecting gene weight information ...
2022-03-01 06:51:05 INFO::Flipping weights to match LD reference
2022-03-01 06:51:05 INFO::Harmonizing strand ambiguous weights using correlations with unambiguous variants
2022-03-01 06:55:54 INFO::Start gene z score imputation ...
2022-03-01 06:55:54 INFO::Using given LD matrices to impute gene z score.
2022-03-01 07:00:14 INFO::Imputation done, writing results to output...
2022-03-01 07:00:14 INFO::Imputation done: number of genes with imputed expression: 912 for chr 15
2022-03-01 07:00:15 INFO::Flipping z scores to match LD reference
2022-03-01 07:00:16 INFO::Harmonizing strand-ambiguous z scores using imputation by region
2022-03-01 07:07:23 INFO::Reading weights for chromosome 16
2022-03-01 07:07:23 INFO::Number of genes with weights provided: 35086
2022-03-01 07:07:23 INFO::Collecting gene weight information ...
2022-03-01 07:07:23 INFO::Flipping weights to match LD reference
2022-03-01 07:07:23 INFO::Harmonizing strand ambiguous weights using correlations with unambiguous variants
2022-03-01 07:14:33 INFO::Start gene z score imputation ...
2022-03-01 07:14:33 INFO::Using given LD matrices to impute gene z score.
2022-03-01 07:19:26 INFO::Imputation done, writing results to output...
2022-03-01 07:19:27 INFO::Imputation done: number of genes with imputed expression: 1235 for chr 16
2022-03-01 07:19:27 INFO::Flipping z scores to match LD reference
2022-03-01 07:19:29 INFO::Harmonizing strand-ambiguous z scores using imputation by region
2022-03-01 07:26:03 INFO::Reading weights for chromosome 17
2022-03-01 07:26:03 INFO::Number of genes with weights provided: 35086
2022-03-01 07:26:03 INFO::Collecting gene weight information ...
2022-03-01 07:26:03 INFO::Flipping weights to match LD reference
2022-03-01 07:26:03 INFO::Harmonizing strand ambiguous weights using correlations with unambiguous variants
2022-03-01 07:36:29 INFO::Start gene z score imputation ...
2022-03-01 07:36:29 INFO::Using given LD matrices to impute gene z score.
2022-03-01 07:43:48 INFO::Imputation done, writing results to output...
2022-03-01 07:43:49 INFO::Imputation done: number of genes with imputed expression: 1910 for chr 17
2022-03-01 07:43:49 INFO::Flipping z scores to match LD reference
2022-03-01 07:43:51 INFO::Harmonizing strand-ambiguous z scores using imputation by region
2022-03-01 07:53:01 INFO::Reading weights for chromosome 18
2022-03-01 07:53:01 INFO::Number of genes with weights provided: 35086
2022-03-01 07:53:01 INFO::Collecting gene weight information ...
2022-03-01 07:53:01 INFO::Flipping weights to match LD reference
2022-03-01 07:53:01 INFO::Harmonizing strand ambiguous weights using correlations with unambiguous variants
2022-03-01 07:55:48 INFO::Start gene z score imputation ...
2022-03-01 07:55:48 INFO::Using given LD matrices to impute gene z score.
2022-03-01 07:58:35 INFO::Imputation done, writing results to output...
2022-03-01 07:58:36 INFO::Imputation done: number of genes with imputed expression: 358 for chr 18
2022-03-01 07:58:36 INFO::Flipping z scores to match LD reference
2022-03-01 07:58:39 INFO::Harmonizing strand-ambiguous z scores using imputation by region
2022-03-01 08:04:31 INFO::Reading weights for chromosome 19
2022-03-01 08:04:31 INFO::Number of genes with weights provided: 35086
2022-03-01 08:04:31 INFO::Collecting gene weight information ...
2022-03-01 08:04:31 INFO::Flipping weights to match LD reference
2022-03-01 08:04:31 INFO::Harmonizing strand ambiguous weights using correlations with unambiguous variants
2022-03-01 08:16:20 INFO::Start gene z score imputation ...
2022-03-01 08:16:20 INFO::Using given LD matrices to impute gene z score.
2022-03-01 08:23:41 INFO::Imputation done, writing results to output...
2022-03-01 08:23:41 INFO::Imputation done: number of genes with imputed expression: 1898 for chr 19
2022-03-01 08:23:42 INFO::Flipping z scores to match LD reference
2022-03-01 08:23:44 INFO::Harmonizing strand-ambiguous z scores using imputation by region
2022-03-01 08:30:54 INFO::Reading weights for chromosome 20
2022-03-01 08:30:54 INFO::Number of genes with weights provided: 35086
2022-03-01 08:30:54 INFO::Collecting gene weight information ...
2022-03-01 08:30:54 INFO::Flipping weights to match LD reference
2022-03-01 08:30:54 INFO::Harmonizing strand ambiguous weights using correlations with unambiguous variants
2022-03-01 08:35:56 INFO::Start gene z score imputation ...
2022-03-01 08:35:56 INFO::Using given LD matrices to impute gene z score.
2022-03-01 08:40:13 INFO::Imputation done, writing results to output...
2022-03-01 08:40:14 INFO::Imputation done: number of genes with imputed expression: 870 for chr 20
2022-03-01 08:40:14 INFO::Flipping z scores to match LD reference
2022-03-01 08:40:15 INFO::Harmonizing strand-ambiguous z scores using imputation by region
2022-03-01 08:43:47 INFO::Reading weights for chromosome 21
2022-03-01 08:43:47 INFO::Number of genes with weights provided: 35086
2022-03-01 08:43:47 INFO::Collecting gene weight information ...
2022-03-01 08:43:47 INFO::Flipping weights to match LD reference
2022-03-01 08:43:47 INFO::Harmonizing strand ambiguous weights using correlations with unambiguous variants
2022-03-01 08:46:24 INFO::Start gene z score imputation ...
2022-03-01 08:46:24 INFO::Using given LD matrices to impute gene z score.
2022-03-01 08:48:18 INFO::Imputation done, writing results to output...
2022-03-01 08:48:19 INFO::Imputation done: number of genes with imputed expression: 338 for chr 21
2022-03-01 08:48:19 INFO::Flipping z scores to match LD reference
2022-03-01 08:48:20 INFO::Harmonizing strand-ambiguous z scores using imputation by region
2022-03-01 08:51:26 INFO::Reading weights for chromosome 22
2022-03-01 08:51:26 INFO::Number of genes with weights provided: 35086
2022-03-01 08:51:26 INFO::Collecting gene weight information ...
2022-03-01 08:51:26 INFO::Flipping weights to match LD reference
2022-03-01 08:51:26 INFO::Harmonizing strand ambiguous weights using correlations with unambiguous variants
2022-03-01 08:57:06 INFO::Start gene z score imputation ...
2022-03-01 08:57:06 INFO::Using given LD matrices to impute gene z score.
2022-03-01 09:00:41 INFO::Imputation done, writing results to output...
2022-03-01 09:00:41 INFO::Imputation done: number of genes with imputed expression: 868 for chr 22
2022-03-01 09:01:05 INFO::ctwas started ...
2022-03-01 09:01:26 INFO::LD region file: /home/shengqian/R/x86_64-pc-linux-gnu-library/3.6/ctwas/extdata/ldetect/EUR.b38.bed
2022-03-01 09:01:33 INFO::No. LD regions: 1700
2022-03-01 09:01:41 INFO::No. regions with at least one SNP/gene for chr1: 131
2022-03-01 09:01:41 INFO::Merge regions for chr1
2022-03-01 09:01:41 INFO::No. regions with at least one SNP/gene for chr1 after merging: 130
2022-03-01 09:01:52 INFO::No. regions with at least one SNP/gene for chr2: 144
2022-03-01 09:01:52 INFO::Merge regions for chr2
2022-03-01 09:01:52 INFO::No. regions with at least one SNP/gene for chr2 after merging: 143
2022-03-01 09:01:57 INFO::No. regions with at least one SNP/gene for chr3: 122
2022-03-01 09:01:57 INFO::Merge regions for chr3
2022-03-01 09:01:57 INFO::No. regions with at least one SNP/gene for chr3 after merging: 122
2022-03-01 09:02:02 INFO::No. regions with at least one SNP/gene for chr4: 122
2022-03-01 09:02:02 INFO::Merge regions for chr4
2022-03-01 09:02:02 INFO::No. regions with at least one SNP/gene for chr4 after merging: 122
2022-03-01 09:02:06 INFO::No. regions with at least one SNP/gene for chr5: 110
2022-03-01 09:02:06 INFO::Merge regions for chr5
2022-03-01 09:02:06 INFO::No. regions with at least one SNP/gene for chr5 after merging: 110
2022-03-01 09:02:11 INFO::No. regions with at least one SNP/gene for chr6: 112
2022-03-01 09:02:11 INFO::Merge regions for chr6
2022-03-01 09:02:11 INFO::No. regions with at least one SNP/gene for chr6 after merging: 112
2022-03-01 09:02:15 INFO::No. regions with at least one SNP/gene for chr7: 99
2022-03-01 09:02:15 INFO::Merge regions for chr7
2022-03-01 09:02:15 INFO::No. regions with at least one SNP/gene for chr7 after merging: 98
2022-03-01 09:02:19 INFO::No. regions with at least one SNP/gene for chr8: 94
2022-03-01 09:02:19 INFO::Merge regions for chr8
2022-03-01 09:02:19 INFO::No. regions with at least one SNP/gene for chr8 after merging: 94
2022-03-01 09:02:21 INFO::No. regions with at least one SNP/gene for chr9: 74
2022-03-01 09:02:21 INFO::Merge regions for chr9
2022-03-01 09:02:21 INFO::No. regions with at least one SNP/gene for chr9 after merging: 74
2022-03-01 09:02:25 INFO::No. regions with at least one SNP/gene for chr10: 85
2022-03-01 09:02:25 INFO::Merge regions for chr10
2022-03-01 09:02:25 INFO::No. regions with at least one SNP/gene for chr10 after merging: 85
2022-03-01 09:02:28 INFO::No. regions with at least one SNP/gene for chr11: 84
2022-03-01 09:02:28 INFO::Merge regions for chr11
2022-03-01 09:02:28 INFO::No. regions with at least one SNP/gene for chr11 after merging: 84
2022-03-01 09:02:31 INFO::No. regions with at least one SNP/gene for chr12: 82
2022-03-01 09:02:31 INFO::Merge regions for chr12
2022-03-01 09:02:31 INFO::No. regions with at least one SNP/gene for chr12 after merging: 81
2022-03-01 09:02:33 INFO::No. regions with at least one SNP/gene for chr13: 62
2022-03-01 09:02:33 INFO::Merge regions for chr13
2022-03-01 09:02:33 INFO::No. regions with at least one SNP/gene for chr13 after merging: 62
2022-03-01 09:02:36 INFO::No. regions with at least one SNP/gene for chr14: 56
2022-03-01 09:02:36 INFO::Merge regions for chr14
2022-03-01 09:02:36 INFO::No. regions with at least one SNP/gene for chr14 after merging: 56
2022-03-01 09:02:37 INFO::No. regions with at least one SNP/gene for chr15: 49
2022-03-01 09:02:37 INFO::Merge regions for chr15
2022-03-01 09:02:37 INFO::No. regions with at least one SNP/gene for chr15 after merging: 48
2022-03-01 09:02:40 INFO::No. regions with at least one SNP/gene for chr16: 54
2022-03-01 09:02:40 INFO::Merge regions for chr16
2022-03-01 09:02:40 INFO::No. regions with at least one SNP/gene for chr16 after merging: 54
2022-03-01 09:02:41 INFO::No. regions with at least one SNP/gene for chr17: 47
2022-03-01 09:02:41 INFO::Merge regions for chr17
2022-03-01 09:02:41 INFO::No. regions with at least one SNP/gene for chr17 after merging: 47
2022-03-01 09:02:43 INFO::No. regions with at least one SNP/gene for chr18: 47
2022-03-01 09:02:43 INFO::Merge regions for chr18
2022-03-01 09:02:43 INFO::No. regions with at least one SNP/gene for chr18 after merging: 47
2022-03-01 09:02:45 INFO::No. regions with at least one SNP/gene for chr19: 39
2022-03-01 09:02:45 INFO::Merge regions for chr19
2022-03-01 09:02:45 INFO::No. regions with at least one SNP/gene for chr19 after merging: 39
2022-03-01 09:02:47 INFO::No. regions with at least one SNP/gene for chr20: 38
2022-03-01 09:02:47 INFO::Merge regions for chr20
2022-03-01 09:02:47 INFO::No. regions with at least one SNP/gene for chr20 after merging: 38
2022-03-01 09:02:48 INFO::No. regions with at least one SNP/gene for chr21: 24
2022-03-01 09:02:48 INFO::Merge regions for chr21
2022-03-01 09:02:48 INFO::No. regions with at least one SNP/gene for chr21 after merging: 24
2022-03-01 09:02:49 INFO::No. regions with at least one SNP/gene for chr22: 24
2022-03-01 09:02:49 INFO::Merge regions for chr22
2022-03-01 09:02:49 INFO::No. regions with at least one SNP/gene for chr22 after merging: 24
2022-03-01 09:02:49 INFO::Trim regions with SNPs more than Inf
2022-03-01 09:02:49 INFO::Adding R matrix info, as genotype is not given
2022-03-01 09:02:50 INFO::Adding R matrix info for chrom 1
2022-03-01 09:16:38 INFO::Adding R matrix info for chrom 2
2022-03-01 09:29:33 INFO::Adding R matrix info for chrom 3
2022-03-01 09:39:21 INFO::Adding R matrix info for chrom 4
2022-03-01 09:48:44 INFO::Adding R matrix info for chrom 5
2022-03-01 09:56:53 INFO::Adding R matrix info for chrom 6
2022-03-01 10:06:03 INFO::Adding R matrix info for chrom 7
2022-03-01 10:16:09 INFO::Adding R matrix info for chrom 8
2022-03-01 10:23:39 INFO::Adding R matrix info for chrom 9
2022-03-01 10:30:43 INFO::Adding R matrix info for chrom 10
2022-03-01 10:38:43 INFO::Adding R matrix info for chrom 11
2022-03-01 10:47:53 INFO::Adding R matrix info for chrom 12
2022-03-01 10:56:26 INFO::Adding R matrix info for chrom 13
2022-03-01 11:00:58 INFO::Adding R matrix info for chrom 14
2022-03-01 11:06:43 INFO::Adding R matrix info for chrom 15
2022-03-01 11:11:59 INFO::Adding R matrix info for chrom 16
2022-03-01 11:17:35 INFO::Adding R matrix info for chrom 17
2022-03-01 11:25:08 INFO::Adding R matrix info for chrom 18
2022-03-01 11:28:54 INFO::Adding R matrix info for chrom 19
2022-03-01 11:36:55 INFO::Adding R matrix info for chrom 20
2022-03-01 11:41:26 INFO::Adding R matrix info for chrom 21
2022-03-01 11:43:19 INFO::Adding R matrix info for chrom 22
2022-03-01 11:46:42 INFO::Run susie iteratively, getting rough estimate ...
2022-03-01 11:46:42 INFO::run iteration 1
starting worker pid=45636 on localhost:11559 at 11:46:43.357
starting worker pid=45650 on localhost:11559 at 11:46:43.923
starting worker pid=45664 on localhost:11559 at 11:46:44.440
starting worker pid=45677 on localhost:11559 at 11:46:44.948
starting worker pid=45690 on localhost:11559 at 11:46:45.462
starting worker pid=45704 on localhost:11559 at 11:46:45.968
starting worker pid=45717 on localhost:11559 at 11:46:46.483
starting worker pid=45731 on localhost:11559 at 11:46:46.999
starting worker pid=45744 on localhost:11559 at 11:46:47.509
starting worker pid=45758 on localhost:11559 at 11:46:48.021
2022-03-01 11:57:22 INFO::After iteration 1, gene prior 0.00276968393660643:, SNP prior:0.00213759929087003
2022-03-01 11:57:22 INFO::run iteration 2
starting worker pid=46670 on localhost:11559 at 11:57:23.044
starting worker pid=46683 on localhost:11559 at 11:57:23.575
starting worker pid=46697 on localhost:11559 at 11:57:24.109
starting worker pid=46710 on localhost:11559 at 11:57:24.619
starting worker pid=46723 on localhost:11559 at 11:57:25.134
starting worker pid=46737 on localhost:11559 at 11:57:25.639
starting worker pid=46751 on localhost:11559 at 11:57:26.149
starting worker pid=46765 on localhost:11559 at 11:57:26.669
starting worker pid=46778 on localhost:11559 at 11:57:27.180
starting worker pid=46791 on localhost:11559 at 11:57:27.691
2022-03-01 12:08:13 INFO::After iteration 2, gene prior 0.0029406099682338:, SNP prior:0.00186932042250487
2022-03-01 12:08:13 INFO::run iteration 3
starting worker pid=47471 on localhost:11559 at 12:08:14.693
starting worker pid=47485 on localhost:11559 at 12:08:15.279
starting worker pid=47498 on localhost:11559 at 12:08:15.829
starting worker pid=47511 on localhost:11559 at 12:08:16.339
starting worker pid=47592 on localhost:11559 at 12:08:16.850
starting worker pid=47605 on localhost:11559 at 12:08:17.360
starting worker pid=47619 on localhost:11559 at 12:08:17.869
starting worker pid=47632 on localhost:11559 at 12:08:18.379
starting worker pid=47645 on localhost:11559 at 12:08:18.892
starting worker pid=47659 on localhost:11559 at 12:08:19.401
2022-03-01 12:19:03 INFO::After iteration 3, gene prior 0.00327412790585012:, SNP prior:0.00177600557086934
2022-03-01 12:19:03 INFO::Blocks are filtered: 834 blocks left
2022-03-01 12:19:03 INFO::Run susie iteratively, getting accurate estimate ...
2022-03-01 12:19:03 INFO::run iteration 1
starting worker pid=49065 on localhost:11559 at 12:19:04.701
starting worker pid=49079 on localhost:11559 at 12:19:05.304
starting worker pid=49092 on localhost:11559 at 12:19:05.858
starting worker pid=49105 on localhost:11559 at 12:19:06.373
starting worker pid=49119 on localhost:11559 at 12:19:06.888
starting worker pid=49132 on localhost:11559 at 12:19:07.399
starting worker pid=49146 on localhost:11559 at 12:19:07.919
starting worker pid=49159 on localhost:11559 at 12:19:08.429
starting worker pid=49172 on localhost:11559 at 12:19:08.939
starting worker pid=49186 on localhost:11559 at 12:19:09.449
2022-03-01 12:24:57 INFO::After iteration 1, gene prior 0.00433186821944583:, SNP prior:0.00203413011308057
2022-03-01 12:24:57 INFO::run iteration 2
starting worker pid=49563 on localhost:11559 at 12:24:58.361
starting worker pid=49576 on localhost:11559 at 12:24:58.957
starting worker pid=49590 on localhost:11559 at 12:24:59.488
starting worker pid=49603 on localhost:11559 at 12:25:00.012
starting worker pid=49617 on localhost:11559 at 12:25:00.527
starting worker pid=49630 on localhost:11559 at 12:25:01.038
starting worker pid=49644 on localhost:11559 at 12:25:01.547
starting worker pid=49657 on localhost:11559 at 12:25:02.059
starting worker pid=49670 on localhost:11559 at 12:25:02.573
starting worker pid=49684 on localhost:11559 at 12:25:03.121
2022-03-01 12:30:50 INFO::After iteration 2, gene prior 0.00521524885368351:, SNP prior:0.00222569060924246
2022-03-01 12:30:50 INFO::run iteration 3
starting worker pid=50057 on localhost:11559 at 12:30:51.342
starting worker pid=50070 on localhost:11559 at 12:30:51.889
starting worker pid=50084 on localhost:11559 at 12:30:52.412
starting worker pid=50097 on localhost:11559 at 12:30:52.918
starting worker pid=50110 on localhost:11559 at 12:30:53.450
starting worker pid=50124 on localhost:11559 at 12:30:53.962
starting worker pid=50137 on localhost:11559 at 12:30:54.467
starting worker pid=50151 on localhost:11559 at 12:30:54.981
starting worker pid=50164 on localhost:11559 at 12:30:55.491
starting worker pid=50181 on localhost:11559 at 12:30:55.997
2022-03-01 12:36:57 INFO::After iteration 3, gene prior 0.00592202401289745:, SNP prior:0.00236481136816988
2022-03-01 12:36:57 INFO::run iteration 4
starting worker pid=50563 on localhost:11559 at 12:36:57.778
starting worker pid=50576 on localhost:11559 at 12:36:58.343
starting worker pid=50590 on localhost:11559 at 12:36:58.860
starting worker pid=50603 on localhost:11559 at 12:36:59.368
starting worker pid=50617 on localhost:11559 at 12:36:59.877
starting worker pid=50630 on localhost:11559 at 12:37:00.391
starting worker pid=50643 on localhost:11559 at 12:37:00.899
starting worker pid=50657 on localhost:11559 at 12:37:01.408
starting worker pid=50670 on localhost:11559 at 12:37:01.922
starting worker pid=50684 on localhost:11559 at 12:37:02.438
2022-03-01 12:42:51 INFO::After iteration 4, gene prior 0.0064045934393087:, SNP prior:0.00244518941950498
2022-03-01 12:42:51 INFO::run iteration 5
starting worker pid=51058 on localhost:11559 at 12:42:51.755
starting worker pid=51072 on localhost:11559 at 12:42:52.269
starting worker pid=51085 on localhost:11559 at 12:42:52.779
starting worker pid=51098 on localhost:11559 at 12:42:53.289
starting worker pid=51112 on localhost:11559 at 12:42:53.802
starting worker pid=51125 on localhost:11559 at 12:42:54.331
starting worker pid=51139 on localhost:11559 at 12:42:54.841
starting worker pid=51152 on localhost:11559 at 12:42:55.350
starting worker pid=51165 on localhost:11559 at 12:42:55.861
starting worker pid=51179 on localhost:11559 at 12:42:56.369
2022-03-01 12:48:46 INFO::After iteration 5, gene prior 0.0067153576193411:, SNP prior:0.00248368795816018
2022-03-01 12:48:46 INFO::run iteration 6
starting worker pid=52345 on localhost:11559 at 12:48:47.415
starting worker pid=52358 on localhost:11559 at 12:48:47.930
starting worker pid=52372 on localhost:11559 at 12:48:48.442
starting worker pid=52385 on localhost:11559 at 12:48:48.954
starting worker pid=52398 on localhost:11559 at 12:48:49.472
starting worker pid=52412 on localhost:11559 at 12:48:49.988
starting worker pid=52425 on localhost:11559 at 12:48:50.502
starting worker pid=52439 on localhost:11559 at 12:48:51.021
starting worker pid=52452 on localhost:11559 at 12:48:51.530
starting worker pid=52466 on localhost:11559 at 12:48:52.038
2022-03-01 12:54:38 INFO::After iteration 6, gene prior 0.00691984140711426:, SNP prior:0.00249944230723694
2022-03-01 12:54:38 INFO::run iteration 7
starting worker pid=52839 on localhost:11559 at 12:54:39.000
starting worker pid=52853 on localhost:11559 at 12:54:39.534
starting worker pid=52866 on localhost:11559 at 12:54:40.070
starting worker pid=52879 on localhost:11559 at 12:54:40.584
starting worker pid=52893 on localhost:11559 at 12:54:41.102
starting worker pid=52906 on localhost:11559 at 12:54:41.611
starting worker pid=52920 on localhost:11559 at 12:54:42.141
starting worker pid=52933 on localhost:11559 at 12:54:42.652
starting worker pid=52946 on localhost:11559 at 12:54:43.158
starting worker pid=52960 on localhost:11559 at 12:54:43.667
2022-03-01 13:00:31 INFO::After iteration 7, gene prior 0.0070612310378599:, SNP prior:0.00250470114862413
2022-03-01 13:00:31 INFO::run iteration 8
starting worker pid=53334 on localhost:11559 at 13:00:31.705
starting worker pid=53347 on localhost:11559 at 13:00:32.229
starting worker pid=53361 on localhost:11559 at 13:00:32.742
starting worker pid=53374 on localhost:11559 at 13:00:33.258
starting worker pid=53387 on localhost:11559 at 13:00:33.773
starting worker pid=53401 on localhost:11559 at 13:00:34.289
starting worker pid=53414 on localhost:11559 at 13:00:34.799
starting worker pid=53428 on localhost:11559 at 13:00:35.310
starting worker pid=53441 on localhost:11559 at 13:00:35.819
starting worker pid=53454 on localhost:11559 at 13:00:36.331
2022-03-01 13:06:23 INFO::After iteration 8, gene prior 0.00716383430072463:, SNP prior:0.00250544704401345
2022-03-01 13:06:23 INFO::run iteration 9
starting worker pid=53827 on localhost:11559 at 13:06:23.837
starting worker pid=53840 on localhost:11559 at 13:06:24.375
starting worker pid=53853 on localhost:11559 at 13:06:24.920
starting worker pid=53867 on localhost:11559 at 13:06:25.440
starting worker pid=53880 on localhost:11559 at 13:06:25.952
starting worker pid=53894 on localhost:11559 at 13:06:26.458
starting worker pid=53907 on localhost:11559 at 13:06:26.972
starting worker pid=53921 on localhost:11559 at 13:06:27.494
starting worker pid=53934 on localhost:11559 at 13:06:28.008
starting worker pid=53947 on localhost:11559 at 13:06:28.520
2022-03-01 13:12:17 INFO::After iteration 9, gene prior 0.00724122395699543:, SNP prior:0.00250446898509218
2022-03-01 13:12:18 INFO::run iteration 10
starting worker pid=54321 on localhost:11559 at 13:12:18.692
starting worker pid=54334 on localhost:11559 at 13:12:19.277
starting worker pid=54348 on localhost:11559 at 13:12:19.817
starting worker pid=54361 on localhost:11559 at 13:12:20.332
starting worker pid=54375 on localhost:11559 at 13:12:20.852
starting worker pid=54388 on localhost:11559 at 13:12:21.368
starting worker pid=54401 on localhost:11559 at 13:12:21.884
starting worker pid=54415 on localhost:11559 at 13:12:22.404
starting worker pid=54428 on localhost:11559 at 13:12:22.919
starting worker pid=54442 on localhost:11559 at 13:12:23.431
2022-03-01 13:18:11 INFO::After iteration 10, gene prior 0.00730111382698961:, SNP prior:0.00250297164977582
2022-03-01 13:18:11 INFO::run iteration 11
starting worker pid=55372 on localhost:11559 at 13:18:12.529
starting worker pid=55385 on localhost:11559 at 13:18:13.069
starting worker pid=55400 on localhost:11559 at 13:18:13.581
starting worker pid=55413 on localhost:11559 at 13:18:14.091
starting worker pid=55427 on localhost:11559 at 13:18:14.599
starting worker pid=55440 on localhost:11559 at 13:18:15.131
starting worker pid=55453 on localhost:11559 at 13:18:15.643
starting worker pid=55467 on localhost:11559 at 13:18:16.160
starting worker pid=55547 on localhost:11559 at 13:18:16.685
starting worker pid=55561 on localhost:11559 at 13:18:17.200
2022-03-01 13:24:02 INFO::After iteration 11, gene prior 0.00734819597713744:, SNP prior:0.00250144836689671
2022-03-01 13:24:02 INFO::run iteration 12
starting worker pid=56097 on localhost:11559 at 13:24:03.437
starting worker pid=56110 on localhost:11559 at 13:24:03.967
starting worker pid=56124 on localhost:11559 at 13:24:04.496
starting worker pid=56137 on localhost:11559 at 13:24:05.012
starting worker pid=56151 on localhost:11559 at 13:24:05.538
starting worker pid=56164 on localhost:11559 at 13:24:06.048
starting worker pid=56177 on localhost:11559 at 13:24:06.562
starting worker pid=56191 on localhost:11559 at 13:24:07.077
starting worker pid=56204 on localhost:11559 at 13:24:07.591
starting worker pid=56218 on localhost:11559 at 13:24:08.106
2022-03-01 13:29:56 INFO::After iteration 12, gene prior 0.00738554987043543:, SNP prior:0.00250007970701522
2022-03-01 13:29:56 INFO::run iteration 13
starting worker pid=56596 on localhost:11559 at 13:29:56.731
starting worker pid=56609 on localhost:11559 at 13:29:57.244
starting worker pid=56622 on localhost:11559 at 13:29:57.753
starting worker pid=56636 on localhost:11559 at 13:29:58.268
starting worker pid=56649 on localhost:11559 at 13:29:58.783
starting worker pid=56663 on localhost:11559 at 13:29:59.307
starting worker pid=56676 on localhost:11559 at 13:29:59.817
starting worker pid=56689 on localhost:11559 at 13:30:00.328
starting worker pid=56703 on localhost:11559 at 13:30:00.838
starting worker pid=56716 on localhost:11559 at 13:30:01.349
2022-03-01 13:35:51 INFO::After iteration 13, gene prior 0.00741533831358534:, SNP prior:0.00249891506156286
2022-03-01 13:35:51 INFO::run iteration 14
starting worker pid=57090 on localhost:11559 at 13:35:51.790
starting worker pid=57103 on localhost:11559 at 13:35:52.307
starting worker pid=57116 on localhost:11559 at 13:35:52.812
starting worker pid=57130 on localhost:11559 at 13:35:53.319
starting worker pid=57143 on localhost:11559 at 13:35:53.828
starting worker pid=57157 on localhost:11559 at 13:35:54.339
starting worker pid=57170 on localhost:11559 at 13:35:54.850
starting worker pid=57183 on localhost:11559 at 13:35:55.358
starting worker pid=57197 on localhost:11559 at 13:35:55.883
starting worker pid=57210 on localhost:11559 at 13:35:56.389
2022-03-01 13:41:41 INFO::After iteration 14, gene prior 0.00743914330782596:, SNP prior:0.00249794880612005
2022-03-01 13:41:41 INFO::run iteration 15
starting worker pid=580 on localhost:11559 at 13:41:42.382
starting worker pid=594 on localhost:11559 at 13:41:42.921
starting worker pid=607 on localhost:11559 at 13:41:43.438
starting worker pid=621 on localhost:11559 at 13:41:43.949
starting worker pid=634 on localhost:11559 at 13:41:44.457
starting worker pid=647 on localhost:11559 at 13:41:44.971
starting worker pid=661 on localhost:11559 at 13:41:45.485
starting worker pid=674 on localhost:11559 at 13:41:46.011
starting worker pid=688 on localhost:11559 at 13:41:46.533
starting worker pid=701 on localhost:11559 at 13:41:47.048
2022-03-01 13:47:33 INFO::After iteration 15, gene prior 0.00745817811786409:, SNP prior:0.00249715791679417
2022-03-01 13:47:33 INFO::run iteration 16
starting worker pid=1680 on localhost:11559 at 13:47:34.426
starting worker pid=1699 on localhost:11559 at 13:47:34.971
starting worker pid=1714 on localhost:11559 at 13:47:35.501
starting worker pid=1730 on localhost:11559 at 13:47:36.012
starting worker pid=1743 on localhost:11559 at 13:47:36.522
starting worker pid=1757 on localhost:11559 at 13:47:37.032
starting worker pid=1771 on localhost:11559 at 13:47:37.542
starting worker pid=1784 on localhost:11559 at 13:47:38.053
starting worker pid=1798 on localhost:11559 at 13:47:38.568
starting worker pid=1811 on localhost:11559 at 13:47:39.080
2022-03-01 13:53:25 INFO::After iteration 16, gene prior 0.00747341200925228:, SNP prior:0.00249651671136028
2022-03-01 13:53:25 INFO::run iteration 17
starting worker pid=2496 on localhost:11559 at 13:53:26.551
starting worker pid=2510 on localhost:11559 at 13:53:27.100
starting worker pid=2523 on localhost:11559 at 13:53:27.620
starting worker pid=2536 on localhost:11559 at 13:53:28.126
starting worker pid=2550 on localhost:11559 at 13:53:28.638
starting worker pid=2563 on localhost:11559 at 13:53:29.151
starting worker pid=2577 on localhost:11559 at 13:53:29.658
starting worker pid=2590 on localhost:11559 at 13:53:30.172
starting worker pid=2603 on localhost:11559 at 13:53:30.679
starting worker pid=2617 on localhost:11559 at 13:53:31.185
2022-03-01 13:59:18 INFO::After iteration 17, gene prior 0.00748560857785151:, SNP prior:0.0024959996108428
2022-03-01 13:59:18 INFO::run iteration 18
starting worker pid=2990 on localhost:11559 at 13:59:18.821
starting worker pid=3003 on localhost:11559 at 13:59:19.359
starting worker pid=3017 on localhost:11559 at 13:59:19.874
starting worker pid=3030 on localhost:11559 at 13:59:20.398
starting worker pid=3044 on localhost:11559 at 13:59:20.909
starting worker pid=3057 on localhost:11559 at 13:59:21.428
starting worker pid=3070 on localhost:11559 at 13:59:21.947
starting worker pid=3084 on localhost:11559 at 13:59:22.456
starting worker pid=3097 on localhost:11559 at 13:59:22.974
starting worker pid=3111 on localhost:11559 at 13:59:23.490
2022-03-01 14:05:11 INFO::After iteration 18, gene prior 0.00749537459258561:, SNP prior:0.00249558385450086
2022-03-01 14:05:11 INFO::run iteration 19
starting worker pid=3482 on localhost:11559 at 14:05:12.287
starting worker pid=3495 on localhost:11559 at 14:05:12.796
starting worker pid=3509 on localhost:11559 at 14:05:13.308
starting worker pid=3522 on localhost:11559 at 14:05:13.819
starting worker pid=3535 on localhost:11559 at 14:05:14.331
starting worker pid=3549 on localhost:11559 at 14:05:14.838
starting worker pid=3572 on localhost:11559 at 14:05:15.348
starting worker pid=3586 on localhost:11559 at 14:05:15.860
starting worker pid=3599 on localhost:11559 at 14:05:16.372
starting worker pid=3612 on localhost:11559 at 14:05:16.879
2022-03-01 14:11:01 INFO::After iteration 19, gene prior 0.00750319438396716:, SNP prior:0.00249525016954609
2022-03-01 14:11:02 INFO::run iteration 20
starting worker pid=3982 on localhost:11559 at 14:11:02.586
starting worker pid=3996 on localhost:11559 at 14:11:03.128
starting worker pid=4009 on localhost:11559 at 14:11:03.658
starting worker pid=4022 on localhost:11559 at 14:11:04.168
starting worker pid=4036 on localhost:11559 at 14:11:04.677
starting worker pid=4049 on localhost:11559 at 14:11:05.188
starting worker pid=4063 on localhost:11559 at 14:11:05.697
starting worker pid=4076 on localhost:11559 at 14:11:06.210
starting worker pid=4090 on localhost:11559 at 14:11:06.729
starting worker pid=4103 on localhost:11559 at 14:11:07.242
2022-03-01 14:16:53 INFO::After iteration 20, gene prior 0.00750945542406407:, SNP prior:0.00249498263655145
2022-03-01 14:16:53 INFO::run iteration 21
starting worker pid=4977 on localhost:11559 at 14:16:54.335
starting worker pid=4990 on localhost:11559 at 14:16:54.861
starting worker pid=5003 on localhost:11559 at 14:16:55.389
starting worker pid=5017 on localhost:11559 at 14:16:55.898
starting worker pid=5030 on localhost:11559 at 14:16:56.413
starting worker pid=5044 on localhost:11559 at 14:16:56.930
starting worker pid=5057 on localhost:11559 at 14:16:57.446
starting worker pid=5070 on localhost:11559 at 14:16:57.967
starting worker pid=5084 on localhost:11559 at 14:16:58.448
starting worker pid=5097 on localhost:11559 at 14:16:59.012
2022-03-01 14:22:45 INFO::After iteration 21, gene prior 0.00751446801845402:, SNP prior:0.00249476827910182
2022-03-01 14:22:45 INFO::run iteration 22
starting worker pid=5722 on localhost:11559 at 14:22:45.859
starting worker pid=5735 on localhost:11559 at 14:22:46.401
starting worker pid=5749 on localhost:11559 at 14:22:46.915
starting worker pid=5762 on localhost:11559 at 14:22:47.428
starting worker pid=5775 on localhost:11559 at 14:22:47.960
starting worker pid=5789 on localhost:11559 at 14:22:48.468
starting worker pid=5802 on localhost:11559 at 14:22:48.982
starting worker pid=5816 on localhost:11559 at 14:22:49.489
starting worker pid=5829 on localhost:11559 at 14:22:49.998
starting worker pid=5843 on localhost:11559 at 14:22:50.512
2022-03-01 14:28:39 INFO::After iteration 22, gene prior 0.00751848077236606:, SNP prior:0.00249459659738594
2022-03-01 14:28:39 INFO::run iteration 23
starting worker pid=6290 on localhost:11559 at 14:28:40.125
starting worker pid=6304 on localhost:11559 at 14:28:40.655
starting worker pid=6317 on localhost:11559 at 14:28:41.178
starting worker pid=6331 on localhost:11559 at 14:28:41.687
starting worker pid=6344 on localhost:11559 at 14:28:42.197
starting worker pid=6358 on localhost:11559 at 14:28:42.709
starting worker pid=6371 on localhost:11559 at 14:28:43.229
starting worker pid=6385 on localhost:11559 at 14:28:43.738
starting worker pid=6398 on localhost:11559 at 14:28:44.247
starting worker pid=6411 on localhost:11559 at 14:28:44.761
2022-03-01 14:34:33 INFO::After iteration 23, gene prior 0.00752169287294125:, SNP prior:0.00249445913130631
2022-03-01 14:34:33 INFO::run iteration 24
starting worker pid=6903 on localhost:11559 at 14:34:33.766
starting worker pid=6916 on localhost:11559 at 14:34:34.321
starting worker pid=6930 on localhost:11559 at 14:34:34.838
starting worker pid=6943 on localhost:11559 at 14:34:35.347
starting worker pid=6956 on localhost:11559 at 14:34:35.857
starting worker pid=6970 on localhost:11559 at 14:34:36.382
starting worker pid=6983 on localhost:11559 at 14:34:36.890
starting worker pid=7019 on localhost:11559 at 14:34:37.401
starting worker pid=7039 on localhost:11559 at 14:34:37.908
starting worker pid=7052 on localhost:11559 at 14:34:38.417
2022-03-01 14:40:26 INFO::After iteration 24, gene prior 0.00752426389941424:, SNP prior:0.00249434908112567
2022-03-01 14:40:26 INFO::run iteration 25
starting worker pid=7429 on localhost:11559 at 14:40:27.026
starting worker pid=7442 on localhost:11559 at 14:40:27.532
starting worker pid=7455 on localhost:11559 at 14:40:28.038
starting worker pid=7469 on localhost:11559 at 14:40:28.553
starting worker pid=7482 on localhost:11559 at 14:40:29.073
starting worker pid=7496 on localhost:11559 at 14:40:29.591
starting worker pid=7509 on localhost:11559 at 14:40:30.099
starting worker pid=7522 on localhost:11559 at 14:40:30.609
starting worker pid=7536 on localhost:11559 at 14:40:31.123
starting worker pid=7549 on localhost:11559 at 14:40:31.640
2022-03-01 14:46:19 INFO::After iteration 25, gene prior 0.00752632168060435:, SNP prior:0.00249426098977707
2022-03-01 14:46:19 INFO::run iteration 26
starting worker pid=7921 on localhost:11559 at 14:46:19.960
starting worker pid=7934 on localhost:11559 at 14:46:20.474
starting worker pid=7948 on localhost:11559 at 14:46:20.991
starting worker pid=7961 on localhost:11559 at 14:46:21.498
starting worker pid=7975 on localhost:11559 at 14:46:22.008
starting worker pid=7988 on localhost:11559 at 14:46:22.518
starting worker pid=8002 on localhost:11559 at 14:46:23.027
starting worker pid=8016 on localhost:11559 at 14:46:23.539
starting worker pid=8030 on localhost:11559 at 14:46:24.048
starting worker pid=8044 on localhost:11559 at 14:46:24.558
2022-03-01 14:52:09 INFO::After iteration 26, gene prior 0.00752796859576833:, SNP prior:0.0024941904818024
2022-03-01 14:52:10 INFO::run iteration 27
starting worker pid=9141 on localhost:11559 at 14:52:10.608
starting worker pid=9154 on localhost:11559 at 14:52:11.135
starting worker pid=9167 on localhost:11559 at 14:52:11.657
starting worker pid=9181 on localhost:11559 at 14:52:12.168
starting worker pid=9194 on localhost:11559 at 14:52:12.681
starting worker pid=9208 on localhost:11559 at 14:52:13.193
starting worker pid=9221 on localhost:11559 at 14:52:13.708
starting worker pid=9234 on localhost:11559 at 14:52:14.223
starting worker pid=9248 on localhost:11559 at 14:52:14.737
starting worker pid=9261 on localhost:11559 at 14:52:15.254
2022-03-01 14:58:02 INFO::After iteration 27, gene prior 0.00752928662890572:, SNP prior:0.00249413405105387
2022-03-01 14:58:02 INFO::run iteration 28
starting worker pid=9634 on localhost:11559 at 14:58:02.678
starting worker pid=9648 on localhost:11559 at 14:58:03.221
starting worker pid=9661 on localhost:11559 at 14:58:03.744
starting worker pid=9675 on localhost:11559 at 14:58:04.257
starting worker pid=9688 on localhost:11559 at 14:58:04.770
starting worker pid=9702 on localhost:11559 at 14:58:05.278
starting worker pid=9715 on localhost:11559 at 14:58:05.793
starting worker pid=9728 on localhost:11559 at 14:58:06.306
starting worker pid=9742 on localhost:11559 at 14:58:06.822
starting worker pid=9755 on localhost:11559 at 14:58:07.331
2022-03-01 15:03:53 INFO::After iteration 28, gene prior 0.00753034142285816:, SNP prior:0.00249408888908035
2022-03-01 15:03:53 INFO::run iteration 29
starting worker pid=10193 on localhost:11559 at 15:03:54.545
starting worker pid=10206 on localhost:11559 at 15:03:55.107
starting worker pid=10220 on localhost:11559 at 15:03:55.632
starting worker pid=10233 on localhost:11559 at 15:03:56.142
starting worker pid=10247 on localhost:11559 at 15:03:56.652
starting worker pid=10260 on localhost:11559 at 15:03:57.168
starting worker pid=10273 on localhost:11559 at 15:03:57.681
starting worker pid=10287 on localhost:11559 at 15:03:58.191
starting worker pid=10300 on localhost:11559 at 15:03:58.699
starting worker pid=10314 on localhost:11559 at 15:03:59.213
2022-03-01 15:09:48 INFO::After iteration 29, gene prior 0.00753118553034479:, SNP prior:0.00249405274689139
2022-03-01 15:09:48 INFO::run iteration 30
starting worker pid=10687 on localhost:11559 at 15:09:49.007
starting worker pid=10700 on localhost:11559 at 15:09:49.485
starting worker pid=10713 on localhost:11559 at 15:09:49.958
starting worker pid=10727 on localhost:11559 at 15:09:50.471
starting worker pid=10740 on localhost:11559 at 15:09:50.980
starting worker pid=10754 on localhost:11559 at 15:09:51.488
starting worker pid=10767 on localhost:11559 at 15:09:51.998
starting worker pid=10780 on localhost:11559 at 15:09:52.520
starting worker pid=10794 on localhost:11559 at 15:09:53.030
starting worker pid=10807 on localhost:11559 at 15:09:53.541
2022-03-01 15:15:42 INFO::After iteration 30, gene prior 0.00753186102022724:, SNP prior:0.00249402382384723
2022-03-01 15:15:42 INFO::Run susie for all regions.
2022-03-01 15:15:42 INFO::run iteration 1
starting worker pid=11183 on localhost:11559 at 15:15:43.094
starting worker pid=11196 on localhost:11559 at 15:15:43.642
starting worker pid=11210 on localhost:11559 at 15:15:44.162
starting worker pid=11223 on localhost:11559 at 15:15:44.674
starting worker pid=11236 on localhost:11559 at 15:15:45.191
starting worker pid=11250 on localhost:11559 at 15:15:45.704
starting worker pid=11263 on localhost:11559 at 15:15:46.226
starting worker pid=11277 on localhost:11559 at 15:15:46.739
starting worker pid=11290 on localhost:11559 at 15:15:47.254
starting worker pid=11304 on localhost:11559 at 15:15:47.770
2022-03-01 15:26:33 INFO::After iteration 1, gene prior 0.0235743810524407:, SNP prior:0.00904809236966343
2022-03-01 15:26:33 INFO::No. LD regions: 1700
2022-03-01 15:26:40 INFO::No. regions with at least one SNP/gene for chr1: 131
2022-03-01 15:26:40 INFO::Merge regions for chr1
2022-03-01 15:26:40 INFO::No. regions with at least one SNP/gene for chr1 after merging: 130
2022-03-01 15:26:46 INFO::No. regions with at least one SNP/gene for chr2: 144
2022-03-01 15:26:46 INFO::Merge regions for chr2
2022-03-01 15:26:46 INFO::No. regions with at least one SNP/gene for chr2 after merging: 143
2022-03-01 15:26:51 INFO::No. regions with at least one SNP/gene for chr3: 122
2022-03-01 15:26:51 INFO::Merge regions for chr3
2022-03-01 15:26:51 INFO::No. regions with at least one SNP/gene for chr3 after merging: 122
2022-03-01 15:26:57 INFO::No. regions with at least one SNP/gene for chr4: 122
2022-03-01 15:26:57 INFO::Merge regions for chr4
2022-03-01 15:26:57 INFO::No. regions with at least one SNP/gene for chr4 after merging: 122
2022-03-01 15:27:02 INFO::No. regions with at least one SNP/gene for chr5: 110
2022-03-01 15:27:02 INFO::Merge regions for chr5
2022-03-01 15:27:02 INFO::No. regions with at least one SNP/gene for chr5 after merging: 110
2022-03-01 15:27:07 INFO::No. regions with at least one SNP/gene for chr6: 112
2022-03-01 15:27:07 INFO::Merge regions for chr6
2022-03-01 15:27:07 INFO::No. regions with at least one SNP/gene for chr6 after merging: 112
2022-03-01 15:27:11 INFO::No. regions with at least one SNP/gene for chr7: 99
2022-03-01 15:27:11 INFO::Merge regions for chr7
2022-03-01 15:27:11 INFO::No. regions with at least one SNP/gene for chr7 after merging: 98
2022-03-01 15:27:15 INFO::No. regions with at least one SNP/gene for chr8: 94
2022-03-01 15:27:15 INFO::Merge regions for chr8
2022-03-01 15:27:15 INFO::No. regions with at least one SNP/gene for chr8 after merging: 94
2022-03-01 15:27:17 INFO::No. regions with at least one SNP/gene for chr9: 74
2022-03-01 15:27:17 INFO::Merge regions for chr9
2022-03-01 15:27:17 INFO::No. regions with at least one SNP/gene for chr9 after merging: 74
2022-03-01 15:27:21 INFO::No. regions with at least one SNP/gene for chr10: 85
2022-03-01 15:27:21 INFO::Merge regions for chr10
2022-03-01 15:27:21 INFO::No. regions with at least one SNP/gene for chr10 after merging: 85
2022-03-01 15:27:25 INFO::No. regions with at least one SNP/gene for chr11: 84
2022-03-01 15:27:25 INFO::Merge regions for chr11
2022-03-01 15:27:25 INFO::No. regions with at least one SNP/gene for chr11 after merging: 84
2022-03-01 15:27:27 INFO::No. regions with at least one SNP/gene for chr12: 82
2022-03-01 15:27:27 INFO::Merge regions for chr12
2022-03-01 15:27:27 INFO::No. regions with at least one SNP/gene for chr12 after merging: 81
2022-03-01 15:27:30 INFO::No. regions with at least one SNP/gene for chr13: 62
2022-03-01 15:27:30 INFO::Merge regions for chr13
2022-03-01 15:27:30 INFO::No. regions with at least one SNP/gene for chr13 after merging: 62
2022-03-01 15:27:32 INFO::No. regions with at least one SNP/gene for chr14: 56
2022-03-01 15:27:32 INFO::Merge regions for chr14
2022-03-01 15:27:32 INFO::No. regions with at least one SNP/gene for chr14 after merging: 56
2022-03-01 15:27:35 INFO::No. regions with at least one SNP/gene for chr15: 49
2022-03-01 15:27:35 INFO::Merge regions for chr15
2022-03-01 15:27:35 INFO::No. regions with at least one SNP/gene for chr15 after merging: 48
2022-03-01 15:27:37 INFO::No. regions with at least one SNP/gene for chr16: 54
2022-03-01 15:27:37 INFO::Merge regions for chr16
2022-03-01 15:27:37 INFO::No. regions with at least one SNP/gene for chr16 after merging: 54
2022-03-01 15:27:38 INFO::No. regions with at least one SNP/gene for chr17: 47
2022-03-01 15:27:38 INFO::Merge regions for chr17
2022-03-01 15:27:38 INFO::No. regions with at least one SNP/gene for chr17 after merging: 47
2022-03-01 15:27:41 INFO::No. regions with at least one SNP/gene for chr18: 47
2022-03-01 15:27:41 INFO::Merge regions for chr18
2022-03-01 15:27:41 INFO::No. regions with at least one SNP/gene for chr18 after merging: 47
2022-03-01 15:27:43 INFO::No. regions with at least one SNP/gene for chr19: 39
2022-03-01 15:27:43 INFO::Merge regions for chr19
2022-03-01 15:27:43 INFO::No. regions with at least one SNP/gene for chr19 after merging: 39
2022-03-01 15:27:45 INFO::No. regions with at least one SNP/gene for chr20: 38
2022-03-01 15:27:45 INFO::Merge regions for chr20
2022-03-01 15:27:45 INFO::No. regions with at least one SNP/gene for chr20 after merging: 38
2022-03-01 15:27:46 INFO::No. regions with at least one SNP/gene for chr21: 24
2022-03-01 15:27:46 INFO::Merge regions for chr21
2022-03-01 15:27:46 INFO::No. regions with at least one SNP/gene for chr21 after merging: 24
2022-03-01 15:27:47 INFO::No. regions with at least one SNP/gene for chr22: 24
2022-03-01 15:27:47 INFO::Merge regions for chr22
2022-03-01 15:27:47 INFO::No. regions with at least one SNP/gene for chr22 after merging: 24
2022-03-01 15:27:47 INFO::Trim regions with SNPs more than 20000
2022-03-01 15:27:47 INFO::Adding R matrix info, as genotype is not given
2022-03-01 15:27:48 INFO::Adding R matrix info for chrom 1
2022-03-01 15:41:11 INFO::Adding R matrix info for chrom 2
2022-03-01 15:54:18 INFO::Adding R matrix info for chrom 3
2022-03-01 16:03:36 INFO::Adding R matrix info for chrom 4
2022-03-01 16:11:36 INFO::Adding R matrix info for chrom 5
2022-03-01 16:19:18 INFO::Adding R matrix info for chrom 6
2022-03-01 16:28:00 INFO::Adding R matrix info for chrom 7
2022-03-01 16:37:37 INFO::Adding R matrix info for chrom 8
2022-03-01 16:44:49 INFO::Adding R matrix info for chrom 9
2022-03-01 16:51:28 INFO::Adding R matrix info for chrom 10
2022-03-01 16:59:26 INFO::Adding R matrix info for chrom 11
2022-03-01 17:08:27 INFO::Adding R matrix info for chrom 12
2022-03-01 17:16:38 INFO::Adding R matrix info for chrom 13
2022-03-01 17:20:59 INFO::Adding R matrix info for chrom 14
2022-03-01 17:26:28 INFO::Adding R matrix info for chrom 15
2022-03-01 17:31:36 INFO::Adding R matrix info for chrom 16
2022-03-01 17:37:09 INFO::Adding R matrix info for chrom 17
2022-03-01 17:44:39 INFO::Adding R matrix info for chrom 18
2022-03-01 17:48:13 INFO::Adding R matrix info for chrom 19
2022-03-01 17:56:16 INFO::Adding R matrix info for chrom 20
2022-03-01 18:00:40 INFO::Adding R matrix info for chrom 21
2022-03-01 18:02:27 INFO::Adding R matrix info for chrom 22
2022-03-01 18:08:10 INFO::Number of regions that contains strong gene signals: 7
2022-03-01 18:08:10 INFO::Rerun susie for regions with strong gene signals using full SNPs.
2022-03-01 18:08:10 INFO::run iteration 1
starting worker pid=26754 on localhost:11559 at 18:08:10.999
2022-03-01 18:10:43 INFO::After iteration 1, gene prior 0.0332437498645043:, SNP prior:0.000748894129205014
$group_prior
[1] 0.0075318610 0.0002494024

$group_prior_var
[1] 9.682272 8.519894

R version 3.6.1 (2019-07-05)
Platform: x86_64-pc-linux-gnu (64-bit)
Running under: Scientific Linux 7.4 (Nitrogen)

Matrix products: default
BLAS/LAPACK: /software/openblas-0.2.19-el7-x86_64/lib/libopenblas_haswellp-r0.2.19.so

locale:
[1] C

attached base packages:
[1] stats     graphics  grDevices utils     datasets  methods   base     

other attached packages:
[1] data.table_1.14.2 ctwas_0.1.32     

loaded via a namespace (and not attached):
 [1] Rcpp_1.0.8                  lattice_0.20-38            
 [3] gwasvcf_0.1.0               prettyunits_1.1.1          
 [5] Rsamtools_2.0.0             Biostrings_2.52.0          
 [7] assertthat_0.2.1            foreach_1.5.2              
 [9] utf8_1.2.2                  R6_2.5.1                   
[11] GenomeInfoDb_1.20.0         stats4_3.6.1               
[13] RSQLite_2.2.8               httr_1.4.2                 
[15] pillar_1.6.4                zlibbioc_1.30.0            
[17] rlang_1.0.1                 GenomicFeatures_1.36.3     
[19] progress_1.2.2              blob_1.2.2                 
[21] S4Vectors_0.22.1            Matrix_1.2-18              
[23] BiocParallel_1.18.0         readr_2.1.1                
[25] stringr_1.4.0               RCurl_1.98-1.5             
[27] bit_4.0.4                   biomaRt_2.40.1             
[29] DelayedArray_0.10.0         compiler_3.6.1             
[31] rtracklayer_1.44.4          pkgconfig_2.0.3            
[33] BiocGenerics_0.30.0         tidyselect_1.1.1           
[35] SummarizedExperiment_1.14.1 tibble_3.1.6               
[37] GenomeInfoDbData_1.2.1      logging_0.10-108           
[39] IRanges_2.18.1              codetools_0.2-16           
[41] matrixStats_0.57.0          XML_3.99-0.3               
[43] fansi_1.0.2                 tzdb_0.2.0                 
[45] crayon_1.5.0                dplyr_1.0.7                
[47] GenomicAlignments_1.20.1    bitops_1.0-7               
[49] grid_3.6.1                  lifecycle_1.0.1            
[51] DBI_1.1.2                   magrittr_2.0.2             
[53] cli_3.1.0                   stringi_1.7.6              
[55] cachem_1.0.6                XVector_0.24.0             
[57] doParallel_1.0.17           pgenlibr_0.3.1             
[59] ellipsis_0.3.2              vctrs_0.3.8                
[61] generics_0.1.1              iterators_1.0.14           
[63] tools_3.6.1                 bit64_4.0.5                
[65] BSgenome_1.52.0             Biobase_2.44.0             
[67] glue_1.6.2                  purrr_0.3.4                
[69] hms_1.1.1                   parallel_3.6.1             
[71] fastmap_1.1.0               AnnotationDbi_1.46.0       
[73] GenomicRanges_1.36.1        memoise_2.0.1              
[75] VariantAnnotation_1.30.1   
