[1] "/project2/xinhe/shengqian/cTWAS/cTWAS_analysis/data/UKBB/ieu-a-22.vcf.gz"                                                
[2] "/project2/mstephens/wcrouse/UKB_LDR_0.1"                                                                                 
[3] "/project2/xinhe/shengqian/cTWAS/cTWAS_analysis/data/mashr_sqtl/sqtl/mashr/mashr_Brain_Nucleus_accumbens_basal_ganglia.db"
[4] "/project2/xinhe/shengqian/cTWAS/cTWAS_analysis/code/ctwas_config.R"                                                      
[5] "SCZ_Brain_Nucleus_accumbens_basal_ganglia_expr"                                                                          
[6] "SCZ_Brain_Nucleus_accumbens_basal_ganglia_ctwas"                                                                         
[7] "/project2/xinhe/shengqian/cTWAS/cTWAS_analysis/data/SCZ_S/Brain_Nucleus_accumbens_basal_ganglia"                         
2022-02-28 23:28:21 INFO::Flipping z scores to match LD reference
2022-02-28 23:28:23 INFO::Harmonizing strand-ambiguous z scores using imputation by region
2022-02-28 23:50:05 INFO::Reading weights for chromosome 1
2022-02-28 23:50:06 INFO::Number of genes with weights provided: 32670
2022-02-28 23:50:06 INFO::Collecting gene weight information ...
2022-02-28 23:50:06 INFO::Flipping weights to match LD reference
2022-02-28 23:50:06 INFO::Harmonizing strand ambiguous weights using correlations with unambiguous variants
2022-03-01 00:01:38 INFO::Start gene z score imputation ...
2022-03-01 00:01:38 INFO::Using given LD matrices to impute gene z score.
2022-03-01 00:12:10 INFO::Imputation done, writing results to output...
2022-03-01 00:12:11 INFO::Imputation done: number of genes with imputed expression: 2300 for chr 1
2022-03-01 00:12:11 INFO::Flipping z scores to match LD reference
2022-03-01 00:12:13 INFO::Harmonizing strand-ambiguous z scores using imputation by region
2022-03-01 00:37:46 INFO::Reading weights for chromosome 2
2022-03-01 00:37:46 INFO::Number of genes with weights provided: 32670
2022-03-01 00:37:46 INFO::Collecting gene weight information ...
2022-03-01 00:37:46 INFO::Flipping weights to match LD reference
2022-03-01 00:37:46 INFO::Harmonizing strand ambiguous weights using correlations with unambiguous variants
2022-03-01 00:47:04 INFO::Start gene z score imputation ...
2022-03-01 00:47:04 INFO::Using given LD matrices to impute gene z score.
2022-03-01 00:56:07 INFO::Imputation done, writing results to output...
2022-03-01 00:56:08 INFO::Imputation done: number of genes with imputed expression: 1731 for chr 2
2022-03-01 00:56:08 INFO::Flipping z scores to match LD reference
2022-03-01 00:56:10 INFO::Harmonizing strand-ambiguous z scores using imputation by region
2022-03-01 01:14:13 INFO::Reading weights for chromosome 3
2022-03-01 01:14:13 INFO::Number of genes with weights provided: 32670
2022-03-01 01:14:13 INFO::Collecting gene weight information ...
2022-03-01 01:14:13 INFO::Flipping weights to match LD reference
2022-03-01 01:14:13 INFO::Harmonizing strand ambiguous weights using correlations with unambiguous variants
2022-03-01 01:21:04 INFO::Start gene z score imputation ...
2022-03-01 01:21:04 INFO::Using given LD matrices to impute gene z score.
2022-03-01 01:28:39 INFO::Imputation done, writing results to output...
2022-03-01 01:28:40 INFO::Imputation done: number of genes with imputed expression: 1544 for chr 3
2022-03-01 01:28:41 INFO::Flipping z scores to match LD reference
2022-03-01 01:28:42 INFO::Harmonizing strand-ambiguous z scores using imputation by region
2022-03-01 01:48:50 INFO::Reading weights for chromosome 4
2022-03-01 01:48:50 INFO::Number of genes with weights provided: 32670
2022-03-01 01:48:50 INFO::Collecting gene weight information ...
2022-03-01 01:48:50 INFO::Flipping weights to match LD reference
2022-03-01 01:48:50 INFO::Harmonizing strand ambiguous weights using correlations with unambiguous variants
2022-03-01 01:54:12 INFO::Start gene z score imputation ...
2022-03-01 01:54:12 INFO::Using given LD matrices to impute gene z score.
2022-03-01 02:01:20 INFO::Imputation done, writing results to output...
2022-03-01 02:01:20 INFO::Imputation done: number of genes with imputed expression: 996 for chr 4
2022-03-01 02:01:21 INFO::Flipping z scores to match LD reference
2022-03-01 02:01:23 INFO::Harmonizing strand-ambiguous z scores using imputation by region
2022-03-01 02:18:05 INFO::Reading weights for chromosome 5
2022-03-01 02:18:05 INFO::Number of genes with weights provided: 32670
2022-03-01 02:18:05 INFO::Collecting gene weight information ...
2022-03-01 02:18:05 INFO::Flipping weights to match LD reference
2022-03-01 02:18:05 INFO::Harmonizing strand ambiguous weights using correlations with unambiguous variants
2022-03-01 02:23:27 INFO::Start gene z score imputation ...
2022-03-01 02:23:27 INFO::Using given LD matrices to impute gene z score.
2022-03-01 02:29:37 INFO::Imputation done, writing results to output...
2022-03-01 02:29:38 INFO::Imputation done: number of genes with imputed expression: 1016 for chr 5
2022-03-01 02:29:41 INFO::Flipping z scores to match LD reference
2022-03-01 02:29:42 INFO::Harmonizing strand-ambiguous z scores using imputation by region
2022-03-01 02:46:55 INFO::Reading weights for chromosome 6
2022-03-01 02:46:55 INFO::Number of genes with weights provided: 32670
2022-03-01 02:46:55 INFO::Collecting gene weight information ...
2022-03-01 02:46:55 INFO::Flipping weights to match LD reference
2022-03-01 02:46:55 INFO::Harmonizing strand ambiguous weights using correlations with unambiguous variants
2022-03-01 02:58:13 INFO::Start gene z score imputation ...
2022-03-01 02:58:13 INFO::Using given LD matrices to impute gene z score.
2022-03-01 03:04:45 INFO::Imputation done, writing results to output...
2022-03-01 03:04:45 INFO::Imputation done: number of genes with imputed expression: 1116 for chr 6
2022-03-01 03:04:46 INFO::Flipping z scores to match LD reference
2022-03-01 03:04:48 INFO::Harmonizing strand-ambiguous z scores using imputation by region
2022-03-01 03:22:25 INFO::Reading weights for chromosome 7
2022-03-01 03:22:25 INFO::Number of genes with weights provided: 32670
2022-03-01 03:22:25 INFO::Collecting gene weight information ...
2022-03-01 03:22:25 INFO::Flipping weights to match LD reference
2022-03-01 03:22:25 INFO::Harmonizing strand ambiguous weights using correlations with unambiguous variants
2022-03-01 03:31:14 INFO::Start gene z score imputation ...
2022-03-01 03:31:14 INFO::Using given LD matrices to impute gene z score.
2022-03-01 03:39:30 INFO::Imputation done, writing results to output...
2022-03-01 03:39:31 INFO::Imputation done: number of genes with imputed expression: 1435 for chr 7
2022-03-01 03:39:31 INFO::Flipping z scores to match LD reference
2022-03-01 03:39:34 INFO::Harmonizing strand-ambiguous z scores using imputation by region
2022-03-01 03:56:41 INFO::Reading weights for chromosome 8
2022-03-01 03:56:41 INFO::Number of genes with weights provided: 32670
2022-03-01 03:56:41 INFO::Collecting gene weight information ...
2022-03-01 03:56:41 INFO::Flipping weights to match LD reference
2022-03-01 03:56:41 INFO::Harmonizing strand ambiguous weights using correlations with unambiguous variants
2022-03-01 04:01:15 INFO::Start gene z score imputation ...
2022-03-01 04:01:15 INFO::Using given LD matrices to impute gene z score.
2022-03-01 04:07:22 INFO::Imputation done, writing results to output...
2022-03-01 04:07:22 INFO::Imputation done: number of genes with imputed expression: 890 for chr 8
2022-03-01 04:07:23 INFO::Flipping z scores to match LD reference
2022-03-01 04:07:24 INFO::Harmonizing strand-ambiguous z scores using imputation by region
2022-03-01 04:20:23 INFO::Reading weights for chromosome 9
2022-03-01 04:20:23 INFO::Number of genes with weights provided: 32670
2022-03-01 04:20:23 INFO::Collecting gene weight information ...
2022-03-01 04:20:23 INFO::Flipping weights to match LD reference
2022-03-01 04:20:23 INFO::Harmonizing strand ambiguous weights using correlations with unambiguous variants
2022-03-01 04:25:29 INFO::Start gene z score imputation ...
2022-03-01 04:25:29 INFO::Using given LD matrices to impute gene z score.
2022-03-01 04:30:41 INFO::Imputation done, writing results to output...
2022-03-01 04:30:41 INFO::Imputation done: number of genes with imputed expression: 1000 for chr 9
2022-03-01 04:30:42 INFO::Flipping z scores to match LD reference
2022-03-01 04:30:44 INFO::Harmonizing strand-ambiguous z scores using imputation by region
2022-03-01 04:46:38 INFO::Reading weights for chromosome 10
2022-03-01 04:46:38 INFO::Number of genes with weights provided: 32670
2022-03-01 04:46:38 INFO::Collecting gene weight information ...
2022-03-01 04:46:38 INFO::Flipping weights to match LD reference
2022-03-01 04:46:38 INFO::Harmonizing strand ambiguous weights using correlations with unambiguous variants
2022-03-01 04:53:35 INFO::Start gene z score imputation ...
2022-03-01 04:53:35 INFO::Using given LD matrices to impute gene z score.
2022-03-01 05:00:14 INFO::Imputation done, writing results to output...
2022-03-01 05:00:17 INFO::Imputation done: number of genes with imputed expression: 1161 for chr 10
2022-03-01 05:00:18 INFO::Flipping z scores to match LD reference
2022-03-01 05:00:20 INFO::Harmonizing strand-ambiguous z scores using imputation by region
2022-03-01 05:16:34 INFO::Reading weights for chromosome 11
2022-03-01 05:16:34 INFO::Number of genes with weights provided: 32670
2022-03-01 05:16:34 INFO::Collecting gene weight information ...
2022-03-01 05:16:34 INFO::Flipping weights to match LD reference
2022-03-01 05:16:34 INFO::Harmonizing strand ambiguous weights using correlations with unambiguous variants
2022-03-01 05:24:34 INFO::Start gene z score imputation ...
2022-03-01 05:24:34 INFO::Using given LD matrices to impute gene z score.
2022-03-01 05:32:11 INFO::Imputation done, writing results to output...
2022-03-01 05:32:11 INFO::Imputation done: number of genes with imputed expression: 1495 for chr 11
2022-03-01 05:32:12 INFO::Flipping z scores to match LD reference
2022-03-01 05:32:13 INFO::Harmonizing strand-ambiguous z scores using imputation by region
2022-03-01 05:47:31 INFO::Reading weights for chromosome 12
2022-03-01 05:47:31 INFO::Number of genes with weights provided: 32670
2022-03-01 05:47:31 INFO::Collecting gene weight information ...
2022-03-01 05:47:31 INFO::Flipping weights to match LD reference
2022-03-01 05:47:31 INFO::Harmonizing strand ambiguous weights using correlations with unambiguous variants
2022-03-01 05:53:53 INFO::Start gene z score imputation ...
2022-03-01 05:53:53 INFO::Using given LD matrices to impute gene z score.
2022-03-01 06:00:21 INFO::Imputation done, writing results to output...
2022-03-01 06:00:21 INFO::Imputation done: number of genes with imputed expression: 1360 for chr 12
2022-03-01 06:00:22 INFO::Flipping z scores to match LD reference
2022-03-01 06:00:23 INFO::Harmonizing strand-ambiguous z scores using imputation by region
2022-03-01 06:11:32 INFO::Reading weights for chromosome 13
2022-03-01 06:11:32 INFO::Number of genes with weights provided: 32670
2022-03-01 06:11:32 INFO::Collecting gene weight information ...
2022-03-01 06:11:32 INFO::Flipping weights to match LD reference
2022-03-01 06:11:32 INFO::Harmonizing strand ambiguous weights using correlations with unambiguous variants
2022-03-01 06:15:09 INFO::Start gene z score imputation ...
2022-03-01 06:15:09 INFO::Using given LD matrices to impute gene z score.
2022-03-01 06:17:51 INFO::Imputation done, writing results to output...
2022-03-01 06:17:52 INFO::Imputation done: number of genes with imputed expression: 480 for chr 13
2022-03-01 06:17:52 INFO::Flipping z scores to match LD reference
2022-03-01 06:17:54 INFO::Harmonizing strand-ambiguous z scores using imputation by region
2022-03-01 06:27:06 INFO::Reading weights for chromosome 14
2022-03-01 06:27:06 INFO::Number of genes with weights provided: 32670
2022-03-01 06:27:06 INFO::Collecting gene weight information ...
2022-03-01 06:27:06 INFO::Flipping weights to match LD reference
2022-03-01 06:27:06 INFO::Harmonizing strand ambiguous weights using correlations with unambiguous variants
2022-03-01 06:31:55 INFO::Start gene z score imputation ...
2022-03-01 06:31:55 INFO::Using given LD matrices to impute gene z score.
2022-03-01 06:36:35 INFO::Imputation done, writing results to output...
2022-03-01 06:36:36 INFO::Imputation done: number of genes with imputed expression: 859 for chr 14
2022-03-01 06:36:37 INFO::Flipping z scores to match LD reference
2022-03-01 06:36:38 INFO::Harmonizing strand-ambiguous z scores using imputation by region
2022-03-01 06:43:57 INFO::Reading weights for chromosome 15
2022-03-01 06:43:57 INFO::Number of genes with weights provided: 32670
2022-03-01 06:43:57 INFO::Collecting gene weight information ...
2022-03-01 06:43:57 INFO::Flipping weights to match LD reference
2022-03-01 06:43:57 INFO::Harmonizing strand ambiguous weights using correlations with unambiguous variants
2022-03-01 06:50:11 INFO::Start gene z score imputation ...
2022-03-01 06:50:11 INFO::Using given LD matrices to impute gene z score.
2022-03-01 06:54:43 INFO::Imputation done, writing results to output...
2022-03-01 06:54:43 INFO::Imputation done: number of genes with imputed expression: 842 for chr 15
2022-03-01 06:54:44 INFO::Flipping z scores to match LD reference
2022-03-01 06:54:45 INFO::Harmonizing strand-ambiguous z scores using imputation by region
2022-03-01 07:02:04 INFO::Reading weights for chromosome 16
2022-03-01 07:02:04 INFO::Number of genes with weights provided: 32670
2022-03-01 07:02:04 INFO::Collecting gene weight information ...
2022-03-01 07:02:04 INFO::Flipping weights to match LD reference
2022-03-01 07:02:04 INFO::Harmonizing strand ambiguous weights using correlations with unambiguous variants
2022-03-01 07:08:30 INFO::Start gene z score imputation ...
2022-03-01 07:08:30 INFO::Using given LD matrices to impute gene z score.
2022-03-01 07:13:31 INFO::Imputation done, writing results to output...
2022-03-01 07:13:31 INFO::Imputation done: number of genes with imputed expression: 1149 for chr 16
2022-03-01 07:13:32 INFO::Flipping z scores to match LD reference
2022-03-01 07:13:33 INFO::Harmonizing strand-ambiguous z scores using imputation by region
2022-03-01 07:20:31 INFO::Reading weights for chromosome 17
2022-03-01 07:20:31 INFO::Number of genes with weights provided: 32670
2022-03-01 07:20:31 INFO::Collecting gene weight information ...
2022-03-01 07:20:31 INFO::Flipping weights to match LD reference
2022-03-01 07:20:31 INFO::Harmonizing strand ambiguous weights using correlations with unambiguous variants
2022-03-01 07:28:34 INFO::Start gene z score imputation ...
2022-03-01 07:28:34 INFO::Using given LD matrices to impute gene z score.
2022-03-01 07:35:06 INFO::Imputation done, writing results to output...
2022-03-01 07:35:07 INFO::Imputation done: number of genes with imputed expression: 1646 for chr 17
2022-03-01 07:35:07 INFO::Flipping z scores to match LD reference
2022-03-01 07:35:09 INFO::Harmonizing strand-ambiguous z scores using imputation by region
2022-03-01 07:44:18 INFO::Reading weights for chromosome 18
2022-03-01 07:44:18 INFO::Number of genes with weights provided: 32670
2022-03-01 07:44:18 INFO::Collecting gene weight information ...
2022-03-01 07:44:18 INFO::Flipping weights to match LD reference
2022-03-01 07:44:18 INFO::Harmonizing strand ambiguous weights using correlations with unambiguous variants
2022-03-01 07:46:48 INFO::Start gene z score imputation ...
2022-03-01 07:46:48 INFO::Using given LD matrices to impute gene z score.
2022-03-01 07:49:56 INFO::Imputation done, writing results to output...
2022-03-01 07:49:56 INFO::Imputation done: number of genes with imputed expression: 352 for chr 18
2022-03-01 07:49:57 INFO::Flipping z scores to match LD reference
2022-03-01 07:49:59 INFO::Harmonizing strand-ambiguous z scores using imputation by region
2022-03-01 07:55:50 INFO::Reading weights for chromosome 19
2022-03-01 07:55:50 INFO::Number of genes with weights provided: 32670
2022-03-01 07:55:50 INFO::Collecting gene weight information ...
2022-03-01 07:55:50 INFO::Flipping weights to match LD reference
2022-03-01 07:55:50 INFO::Harmonizing strand ambiguous weights using correlations with unambiguous variants
2022-03-01 08:04:22 INFO::Start gene z score imputation ...
2022-03-01 08:04:22 INFO::Using given LD matrices to impute gene z score.
2022-03-01 08:10:53 INFO::Imputation done, writing results to output...
2022-03-01 08:10:53 INFO::Imputation done: number of genes with imputed expression: 1765 for chr 19
2022-03-01 08:10:54 INFO::Flipping z scores to match LD reference
2022-03-01 08:10:55 INFO::Harmonizing strand-ambiguous z scores using imputation by region
2022-03-01 08:17:58 INFO::Reading weights for chromosome 20
2022-03-01 08:17:59 INFO::Number of genes with weights provided: 32670
2022-03-01 08:17:59 INFO::Collecting gene weight information ...
2022-03-01 08:17:59 INFO::Flipping weights to match LD reference
2022-03-01 08:17:59 INFO::Harmonizing strand ambiguous weights using correlations with unambiguous variants
2022-03-01 08:23:03 INFO::Start gene z score imputation ...
2022-03-01 08:23:03 INFO::Using given LD matrices to impute gene z score.
2022-03-01 08:27:14 INFO::Imputation done, writing results to output...
2022-03-01 08:27:14 INFO::Imputation done: number of genes with imputed expression: 841 for chr 20
2022-03-01 08:27:14 INFO::Flipping z scores to match LD reference
2022-03-01 08:27:16 INFO::Harmonizing strand-ambiguous z scores using imputation by region
2022-03-01 08:30:49 INFO::Reading weights for chromosome 21
2022-03-01 08:30:49 INFO::Number of genes with weights provided: 32670
2022-03-01 08:30:49 INFO::Collecting gene weight information ...
2022-03-01 08:30:49 INFO::Flipping weights to match LD reference
2022-03-01 08:30:49 INFO::Harmonizing strand ambiguous weights using correlations with unambiguous variants
2022-03-01 08:33:06 INFO::Start gene z score imputation ...
2022-03-01 08:33:06 INFO::Using given LD matrices to impute gene z score.
2022-03-01 08:34:53 INFO::Imputation done, writing results to output...
2022-03-01 08:34:54 INFO::Imputation done: number of genes with imputed expression: 335 for chr 21
2022-03-01 08:34:54 INFO::Flipping z scores to match LD reference
2022-03-01 08:34:56 INFO::Harmonizing strand-ambiguous z scores using imputation by region
2022-03-01 08:38:01 INFO::Reading weights for chromosome 22
2022-03-01 08:38:01 INFO::Number of genes with weights provided: 32670
2022-03-01 08:38:01 INFO::Collecting gene weight information ...
2022-03-01 08:38:01 INFO::Flipping weights to match LD reference
2022-03-01 08:38:01 INFO::Harmonizing strand ambiguous weights using correlations with unambiguous variants
2022-03-01 08:43:41 INFO::Start gene z score imputation ...
2022-03-01 08:43:41 INFO::Using given LD matrices to impute gene z score.
2022-03-01 08:47:00 INFO::Imputation done, writing results to output...
2022-03-01 08:47:03 INFO::Imputation done: number of genes with imputed expression: 783 for chr 22
2022-03-01 08:47:27 INFO::ctwas started ...
2022-03-01 08:47:51 INFO::LD region file: /home/shengqian/R/x86_64-pc-linux-gnu-library/3.6/ctwas/extdata/ldetect/EUR.b38.bed
2022-03-01 08:47:57 INFO::No. LD regions: 1700
2022-03-01 08:48:08 INFO::No. regions with at least one SNP/gene for chr1: 131
2022-03-01 08:48:08 INFO::Merge regions for chr1
2022-03-01 08:48:08 INFO::No. regions with at least one SNP/gene for chr1 after merging: 130
2022-03-01 08:48:17 INFO::No. regions with at least one SNP/gene for chr2: 144
2022-03-01 08:48:17 INFO::Merge regions for chr2
2022-03-01 08:48:17 INFO::No. regions with at least one SNP/gene for chr2 after merging: 144
2022-03-01 08:48:24 INFO::No. regions with at least one SNP/gene for chr3: 122
2022-03-01 08:48:24 INFO::Merge regions for chr3
2022-03-01 08:48:24 INFO::No. regions with at least one SNP/gene for chr3 after merging: 121
2022-03-01 08:48:32 INFO::No. regions with at least one SNP/gene for chr4: 122
2022-03-01 08:48:32 INFO::Merge regions for chr4
2022-03-01 08:48:32 INFO::No. regions with at least one SNP/gene for chr4 after merging: 120
2022-03-01 08:48:38 INFO::No. regions with at least one SNP/gene for chr5: 110
2022-03-01 08:48:38 INFO::Merge regions for chr5
2022-03-01 08:48:38 INFO::No. regions with at least one SNP/gene for chr5 after merging: 109
2022-03-01 08:48:46 INFO::No. regions with at least one SNP/gene for chr6: 112
2022-03-01 08:48:46 INFO::Merge regions for chr6
2022-03-01 08:48:46 INFO::No. regions with at least one SNP/gene for chr6 after merging: 112
2022-03-01 08:48:50 INFO::No. regions with at least one SNP/gene for chr7: 99
2022-03-01 08:48:50 INFO::Merge regions for chr7
2022-03-01 08:48:50 INFO::No. regions with at least one SNP/gene for chr7 after merging: 97
2022-03-01 08:48:54 INFO::No. regions with at least one SNP/gene for chr8: 94
2022-03-01 08:48:54 INFO::Merge regions for chr8
2022-03-01 08:48:54 INFO::No. regions with at least one SNP/gene for chr8 after merging: 93
2022-03-01 08:48:57 INFO::No. regions with at least one SNP/gene for chr9: 74
2022-03-01 08:48:57 INFO::Merge regions for chr9
2022-03-01 08:48:57 INFO::No. regions with at least one SNP/gene for chr9 after merging: 74
2022-03-01 08:49:00 INFO::No. regions with at least one SNP/gene for chr10: 85
2022-03-01 08:49:00 INFO::Merge regions for chr10
2022-03-01 08:49:00 INFO::No. regions with at least one SNP/gene for chr10 after merging: 85
2022-03-01 08:49:02 INFO::No. regions with at least one SNP/gene for chr11: 84
2022-03-01 08:49:02 INFO::Merge regions for chr11
2022-03-01 08:49:02 INFO::No. regions with at least one SNP/gene for chr11 after merging: 83
2022-03-01 08:49:05 INFO::No. regions with at least one SNP/gene for chr12: 82
2022-03-01 08:49:05 INFO::Merge regions for chr12
2022-03-01 08:49:05 INFO::No. regions with at least one SNP/gene for chr12 after merging: 82
2022-03-01 08:49:08 INFO::No. regions with at least one SNP/gene for chr13: 62
2022-03-01 08:49:08 INFO::Merge regions for chr13
2022-03-01 08:49:08 INFO::No. regions with at least one SNP/gene for chr13 after merging: 62
2022-03-01 08:49:10 INFO::No. regions with at least one SNP/gene for chr14: 56
2022-03-01 08:49:10 INFO::Merge regions for chr14
2022-03-01 08:49:10 INFO::No. regions with at least one SNP/gene for chr14 after merging: 56
2022-03-01 08:49:11 INFO::No. regions with at least one SNP/gene for chr15: 49
2022-03-01 08:49:11 INFO::Merge regions for chr15
2022-03-01 08:49:11 INFO::No. regions with at least one SNP/gene for chr15 after merging: 48
2022-03-01 08:49:14 INFO::No. regions with at least one SNP/gene for chr16: 54
2022-03-01 08:49:14 INFO::Merge regions for chr16
2022-03-01 08:49:14 INFO::No. regions with at least one SNP/gene for chr16 after merging: 54
2022-03-01 08:49:15 INFO::No. regions with at least one SNP/gene for chr17: 47
2022-03-01 08:49:15 INFO::Merge regions for chr17
2022-03-01 08:49:15 INFO::No. regions with at least one SNP/gene for chr17 after merging: 46
2022-03-01 08:49:17 INFO::No. regions with at least one SNP/gene for chr18: 47
2022-03-01 08:49:17 INFO::Merge regions for chr18
2022-03-01 08:49:17 INFO::No. regions with at least one SNP/gene for chr18 after merging: 46
2022-03-01 08:49:19 INFO::No. regions with at least one SNP/gene for chr19: 39
2022-03-01 08:49:19 INFO::Merge regions for chr19
2022-03-01 08:49:19 INFO::No. regions with at least one SNP/gene for chr19 after merging: 39
2022-03-01 08:49:20 INFO::No. regions with at least one SNP/gene for chr20: 38
2022-03-01 08:49:20 INFO::Merge regions for chr20
2022-03-01 08:49:20 INFO::No. regions with at least one SNP/gene for chr20 after merging: 38
2022-03-01 08:49:21 INFO::No. regions with at least one SNP/gene for chr21: 24
2022-03-01 08:49:21 INFO::Merge regions for chr21
2022-03-01 08:49:21 INFO::No. regions with at least one SNP/gene for chr21 after merging: 24
2022-03-01 08:49:22 INFO::No. regions with at least one SNP/gene for chr22: 24
2022-03-01 08:49:22 INFO::Merge regions for chr22
2022-03-01 08:49:22 INFO::No. regions with at least one SNP/gene for chr22 after merging: 24
2022-03-01 08:49:22 INFO::Trim regions with SNPs more than Inf
2022-03-01 08:49:22 INFO::Adding R matrix info, as genotype is not given
2022-03-01 08:49:23 INFO::Adding R matrix info for chrom 1
2022-03-01 09:02:25 INFO::Adding R matrix info for chrom 2
2022-03-01 09:14:46 INFO::Adding R matrix info for chrom 3
2022-03-01 09:24:23 INFO::Adding R matrix info for chrom 4
2022-03-01 09:33:43 INFO::Adding R matrix info for chrom 5
2022-03-01 09:41:40 INFO::Adding R matrix info for chrom 6
2022-03-01 09:50:28 INFO::Adding R matrix info for chrom 7
2022-03-01 10:00:26 INFO::Adding R matrix info for chrom 8
2022-03-01 10:08:25 INFO::Adding R matrix info for chrom 9
2022-03-01 10:14:55 INFO::Adding R matrix info for chrom 10
2022-03-01 10:22:36 INFO::Adding R matrix info for chrom 11
2022-03-01 10:31:32 INFO::Adding R matrix info for chrom 12
2022-03-01 10:39:25 INFO::Adding R matrix info for chrom 13
2022-03-01 10:44:06 INFO::Adding R matrix info for chrom 14
2022-03-01 10:49:23 INFO::Adding R matrix info for chrom 15
2022-03-01 10:54:32 INFO::Adding R matrix info for chrom 16
2022-03-01 10:59:52 INFO::Adding R matrix info for chrom 17
2022-03-01 11:06:50 INFO::Adding R matrix info for chrom 18
2022-03-01 11:10:55 INFO::Adding R matrix info for chrom 19
2022-03-01 11:18:27 INFO::Adding R matrix info for chrom 20
2022-03-01 11:22:49 INFO::Adding R matrix info for chrom 21
2022-03-01 11:24:39 INFO::Adding R matrix info for chrom 22
2022-03-01 11:27:50 INFO::Run susie iteratively, getting rough estimate ...
2022-03-01 11:27:50 INFO::run iteration 1
starting worker pid=21162 on localhost:11027 at 11:27:50.984
starting worker pid=21176 on localhost:11027 at 11:27:51.487
starting worker pid=21189 on localhost:11027 at 11:27:51.977
starting worker pid=21203 on localhost:11027 at 11:27:52.466
starting worker pid=21216 on localhost:11027 at 11:27:52.955
starting worker pid=21236 on localhost:11027 at 11:27:53.448
starting worker pid=21250 on localhost:11027 at 11:27:53.939
starting worker pid=21263 on localhost:11027 at 11:27:54.427
starting worker pid=21277 on localhost:11027 at 11:27:54.915
starting worker pid=21290 on localhost:11027 at 11:27:55.405
2022-03-01 11:38:23 INFO::After iteration 1, gene prior 0.00255980972747396:, SNP prior:0.00214257008628236
2022-03-01 11:38:23 INFO::run iteration 2
starting worker pid=21962 on localhost:11027 at 11:38:24.222
starting worker pid=21975 on localhost:11027 at 11:38:24.795
starting worker pid=21989 on localhost:11027 at 11:38:25.340
starting worker pid=22002 on localhost:11027 at 11:38:25.828
starting worker pid=22016 on localhost:11027 at 11:38:26.313
starting worker pid=22029 on localhost:11027 at 11:38:26.804
starting worker pid=22043 on localhost:11027 at 11:38:27.306
starting worker pid=22056 on localhost:11027 at 11:38:27.798
starting worker pid=22069 on localhost:11027 at 11:38:28.288
starting worker pid=22083 on localhost:11027 at 11:38:28.776
2022-03-01 11:48:42 INFO::After iteration 2, gene prior 0.00258132146082268:, SNP prior:0.00187864988834122
2022-03-01 11:48:42 INFO::run iteration 3
starting worker pid=23463 on localhost:11027 at 11:48:43.652
starting worker pid=23477 on localhost:11027 at 11:48:44.188
starting worker pid=23491 on localhost:11027 at 11:48:44.711
starting worker pid=23504 on localhost:11027 at 11:48:45.203
starting worker pid=23517 on localhost:11027 at 11:48:45.693
starting worker pid=23531 on localhost:11027 at 11:48:46.185
starting worker pid=23544 on localhost:11027 at 11:48:46.678
starting worker pid=23558 on localhost:11027 at 11:48:47.165
starting worker pid=23571 on localhost:11027 at 11:48:47.652
starting worker pid=23584 on localhost:11027 at 11:48:48.146
2022-03-01 11:59:06 INFO::After iteration 3, gene prior 0.00276738333687368:, SNP prior:0.00179038973500361
2022-03-01 11:59:07 INFO::Blocks are filtered: 832 blocks left
2022-03-01 11:59:07 INFO::Run susie iteratively, getting accurate estimate ...
2022-03-01 11:59:07 INFO::run iteration 1
starting worker pid=24328 on localhost:11027 at 11:59:07.805
starting worker pid=24342 on localhost:11027 at 11:59:08.377
starting worker pid=24355 on localhost:11027 at 11:59:08.915
starting worker pid=24369 on localhost:11027 at 11:59:09.409
starting worker pid=24382 on localhost:11027 at 11:59:09.897
starting worker pid=24395 on localhost:11027 at 11:59:10.386
starting worker pid=24409 on localhost:11027 at 11:59:10.877
starting worker pid=24422 on localhost:11027 at 11:59:11.364
starting worker pid=24436 on localhost:11027 at 11:59:11.854
starting worker pid=24449 on localhost:11027 at 11:59:12.345
2022-03-01 12:04:59 INFO::After iteration 1, gene prior 0.00350665798415896:, SNP prior:0.00206209673395302
2022-03-01 12:04:59 INFO::run iteration 2
starting worker pid=24820 on localhost:11027 at 12:05:00.084
starting worker pid=24834 on localhost:11027 at 12:05:00.615
starting worker pid=24847 on localhost:11027 at 12:05:01.116
starting worker pid=24860 on localhost:11027 at 12:05:01.605
starting worker pid=24874 on localhost:11027 at 12:05:02.097
starting worker pid=24887 on localhost:11027 at 12:05:02.584
starting worker pid=24901 on localhost:11027 at 12:05:03.077
starting worker pid=24914 on localhost:11027 at 12:05:03.570
starting worker pid=24927 on localhost:11027 at 12:05:04.056
starting worker pid=24941 on localhost:11027 at 12:05:04.544
2022-03-01 12:10:50 INFO::After iteration 2, gene prior 0.00412538003205534:, SNP prior:0.00226456947980668
2022-03-01 12:10:50 INFO::run iteration 3
starting worker pid=25312 on localhost:11027 at 12:10:51.519
starting worker pid=25326 on localhost:11027 at 12:10:52.016
starting worker pid=25339 on localhost:11027 at 12:10:52.509
starting worker pid=25420 on localhost:11027 at 12:10:53.005
starting worker pid=25433 on localhost:11027 at 12:10:53.539
starting worker pid=25446 on localhost:11027 at 12:10:54.039
starting worker pid=25460 on localhost:11027 at 12:10:54.527
starting worker pid=25473 on localhost:11027 at 12:10:55.021
starting worker pid=25487 on localhost:11027 at 12:10:55.515
starting worker pid=25500 on localhost:11027 at 12:10:56.005
2022-03-01 12:16:41 INFO::After iteration 3, gene prior 0.00463597252943845:, SNP prior:0.00241312178159229
2022-03-01 12:16:41 INFO::run iteration 4
starting worker pid=26373 on localhost:11027 at 12:16:41.930
starting worker pid=26386 on localhost:11027 at 12:16:42.448
starting worker pid=26400 on localhost:11027 at 12:16:42.937
starting worker pid=26413 on localhost:11027 at 12:16:43.425
starting worker pid=26427 on localhost:11027 at 12:16:43.917
starting worker pid=26440 on localhost:11027 at 12:16:44.408
starting worker pid=26453 on localhost:11027 at 12:16:44.895
starting worker pid=26467 on localhost:11027 at 12:16:45.389
starting worker pid=26480 on localhost:11027 at 12:16:45.888
starting worker pid=26494 on localhost:11027 at 12:16:46.375
2022-03-01 12:22:29 INFO::After iteration 4, gene prior 0.00499528721509879:, SNP prior:0.0025004618581716
2022-03-01 12:22:29 INFO::run iteration 5
starting worker pid=27090 on localhost:11027 at 12:22:29.844
starting worker pid=27104 on localhost:11027 at 12:22:30.342
starting worker pid=27117 on localhost:11027 at 12:22:30.859
starting worker pid=27131 on localhost:11027 at 12:22:31.361
starting worker pid=27144 on localhost:11027 at 12:22:31.856
starting worker pid=27158 on localhost:11027 at 12:22:32.349
starting worker pid=27171 on localhost:11027 at 12:22:32.838
starting worker pid=27184 on localhost:11027 at 12:22:33.327
starting worker pid=27198 on localhost:11027 at 12:22:33.815
starting worker pid=27211 on localhost:11027 at 12:22:34.306
2022-03-01 12:28:16 INFO::After iteration 5, gene prior 0.0052335062584828:, SNP prior:0.00254291290435286
2022-03-01 12:28:16 INFO::run iteration 6
starting worker pid=27581 on localhost:11027 at 12:28:17.413
starting worker pid=27597 on localhost:11027 at 12:28:17.910
starting worker pid=27610 on localhost:11027 at 12:28:18.406
starting worker pid=27624 on localhost:11027 at 12:28:18.899
starting worker pid=27637 on localhost:11027 at 12:28:19.386
starting worker pid=27651 on localhost:11027 at 12:28:19.877
starting worker pid=27664 on localhost:11027 at 12:28:20.368
starting worker pid=27677 on localhost:11027 at 12:28:20.856
starting worker pid=27691 on localhost:11027 at 12:28:21.346
starting worker pid=27704 on localhost:11027 at 12:28:21.835
2022-03-01 12:34:06 INFO::After iteration 6, gene prior 0.00539416916015553:, SNP prior:0.00256090467564448
2022-03-01 12:34:06 INFO::run iteration 7
starting worker pid=28075 on localhost:11027 at 12:34:07.371
starting worker pid=28088 on localhost:11027 at 12:34:07.872
starting worker pid=28101 on localhost:11027 at 12:34:08.398
starting worker pid=28115 on localhost:11027 at 12:34:08.903
starting worker pid=28128 on localhost:11027 at 12:34:09.396
starting worker pid=28142 on localhost:11027 at 12:34:09.891
starting worker pid=28155 on localhost:11027 at 12:34:10.385
starting worker pid=28168 on localhost:11027 at 12:34:10.876
starting worker pid=28182 on localhost:11027 at 12:34:11.374
starting worker pid=28195 on localhost:11027 at 12:34:11.866
2022-03-01 12:39:55 INFO::After iteration 7, gene prior 0.00550860120618448:, SNP prior:0.00256730519483456
2022-03-01 12:39:56 INFO::run iteration 8
starting worker pid=28565 on localhost:11027 at 12:39:56.627
starting worker pid=28578 on localhost:11027 at 12:39:57.095
starting worker pid=28592 on localhost:11027 at 12:39:57.589
starting worker pid=28605 on localhost:11027 at 12:39:58.074
starting worker pid=28619 on localhost:11027 at 12:39:58.566
starting worker pid=28632 on localhost:11027 at 12:39:59.067
starting worker pid=28645 on localhost:11027 at 12:39:59.558
starting worker pid=28659 on localhost:11027 at 12:40:00.048
starting worker pid=28672 on localhost:11027 at 12:40:00.539
starting worker pid=28686 on localhost:11027 at 12:40:01.025
2022-03-01 12:45:44 INFO::After iteration 8, gene prior 0.0055948429880725:, SNP prior:0.00256870075745427
2022-03-01 12:45:45 INFO::run iteration 9
starting worker pid=29086 on localhost:11027 at 12:45:45.631
starting worker pid=29100 on localhost:11027 at 12:45:46.125
starting worker pid=29113 on localhost:11027 at 12:45:46.619
starting worker pid=29126 on localhost:11027 at 12:45:47.110
starting worker pid=29148 on localhost:11027 at 12:45:47.605
starting worker pid=29161 on localhost:11027 at 12:45:48.097
starting worker pid=29175 on localhost:11027 at 12:45:48.590
starting worker pid=29188 on localhost:11027 at 12:45:49.078
starting worker pid=29201 on localhost:11027 at 12:45:49.569
starting worker pid=29215 on localhost:11027 at 12:45:50.058
2022-03-01 12:51:35 INFO::After iteration 9, gene prior 0.00566256278019216:, SNP prior:0.00256813937316257
2022-03-01 12:51:35 INFO::run iteration 10
starting worker pid=30378 on localhost:11027 at 12:51:36.424
starting worker pid=30391 on localhost:11027 at 12:51:36.947
starting worker pid=30405 on localhost:11027 at 12:51:37.467
starting worker pid=30418 on localhost:11027 at 12:51:37.956
starting worker pid=30432 on localhost:11027 at 12:51:38.445
starting worker pid=30445 on localhost:11027 at 12:51:38.939
starting worker pid=30458 on localhost:11027 at 12:51:39.425
starting worker pid=30472 on localhost:11027 at 12:51:39.912
starting worker pid=30485 on localhost:11027 at 12:51:40.405
starting worker pid=30499 on localhost:11027 at 12:51:40.896
2022-03-01 12:57:25 INFO::After iteration 10, gene prior 0.00571706438788652:, SNP prior:0.00256691717929045
2022-03-01 12:57:25 INFO::run iteration 11
starting worker pid=30869 on localhost:11027 at 12:57:26.095
starting worker pid=30882 on localhost:11027 at 12:57:26.588
starting worker pid=30896 on localhost:11027 at 12:57:27.080
starting worker pid=30909 on localhost:11027 at 12:57:27.575
starting worker pid=30922 on localhost:11027 at 12:57:28.085
starting worker pid=30936 on localhost:11027 at 12:57:28.574
starting worker pid=30949 on localhost:11027 at 12:57:29.067
starting worker pid=30963 on localhost:11027 at 12:57:29.560
starting worker pid=30976 on localhost:11027 at 12:57:30.054
starting worker pid=30989 on localhost:11027 at 12:57:30.550
2022-03-01 13:03:14 INFO::After iteration 11, gene prior 0.00576157215764973:, SNP prior:0.00256557475688232
2022-03-01 13:03:14 INFO::run iteration 12
starting worker pid=31359 on localhost:11027 at 13:03:15.121
starting worker pid=31372 on localhost:11027 at 13:03:15.651
starting worker pid=31386 on localhost:11027 at 13:03:16.175
starting worker pid=31399 on localhost:11027 at 13:03:16.675
starting worker pid=31413 on localhost:11027 at 13:03:17.168
starting worker pid=31426 on localhost:11027 at 13:03:17.658
starting worker pid=31439 on localhost:11027 at 13:03:18.154
starting worker pid=31453 on localhost:11027 at 13:03:18.665
starting worker pid=31466 on localhost:11027 at 13:03:19.156
starting worker pid=31480 on localhost:11027 at 13:03:19.646
2022-03-01 13:09:03 INFO::After iteration 12, gene prior 0.00579819268648027:, SNP prior:0.00256431501505578
2022-03-01 13:09:04 INFO::run iteration 13
starting worker pid=31851 on localhost:11027 at 13:09:04.557
starting worker pid=31864 on localhost:11027 at 13:09:05.117
starting worker pid=31878 on localhost:11027 at 13:09:05.652
starting worker pid=31891 on localhost:11027 at 13:09:06.158
starting worker pid=31904 on localhost:11027 at 13:09:06.648
starting worker pid=31918 on localhost:11027 at 13:09:07.141
starting worker pid=31931 on localhost:11027 at 13:09:07.635
starting worker pid=31945 on localhost:11027 at 13:09:08.124
starting worker pid=31958 on localhost:11027 at 13:09:08.616
starting worker pid=31971 on localhost:11027 at 13:09:09.108
2022-03-01 13:14:52 INFO::After iteration 13, gene prior 0.00582844092312814:, SNP prior:0.00256320519019854
2022-03-01 13:14:52 INFO::run iteration 14
starting worker pid=32337 on localhost:11027 at 13:14:52.810
starting worker pid=32351 on localhost:11027 at 13:14:53.334
starting worker pid=32364 on localhost:11027 at 13:14:53.826
starting worker pid=32378 on localhost:11027 at 13:14:54.316
starting worker pid=32391 on localhost:11027 at 13:14:54.817
starting worker pid=32405 on localhost:11027 at 13:14:55.307
starting worker pid=32418 on localhost:11027 at 13:14:55.794
starting worker pid=32431 on localhost:11027 at 13:14:56.310
starting worker pid=32445 on localhost:11027 at 13:14:56.804
starting worker pid=32458 on localhost:11027 at 13:14:57.295
2022-03-01 13:20:40 INFO::After iteration 14, gene prior 0.00585347282044027:, SNP prior:0.00256225547258276
2022-03-01 13:20:40 INFO::run iteration 15
starting worker pid=33577 on localhost:11027 at 13:20:40.876
starting worker pid=33591 on localhost:11027 at 13:20:41.398
starting worker pid=33604 on localhost:11027 at 13:20:41.912
starting worker pid=33617 on localhost:11027 at 13:20:42.407
starting worker pid=33631 on localhost:11027 at 13:20:42.901
starting worker pid=33644 on localhost:11027 at 13:20:43.396
starting worker pid=33658 on localhost:11027 at 13:20:43.886
starting worker pid=33671 on localhost:11027 at 13:20:44.375
starting worker pid=33684 on localhost:11027 at 13:20:44.870
starting worker pid=33698 on localhost:11027 at 13:20:45.370
2022-03-01 13:26:28 INFO::After iteration 15, gene prior 0.00587420423575742:, SNP prior:0.00256145499982448
2022-03-01 13:26:29 INFO::run iteration 16
starting worker pid=34135 on localhost:11027 at 13:26:29.557
starting worker pid=34149 on localhost:11027 at 13:26:30.078
starting worker pid=34162 on localhost:11027 at 13:26:30.624
starting worker pid=34175 on localhost:11027 at 13:26:31.138
starting worker pid=34189 on localhost:11027 at 13:26:31.627
starting worker pid=34202 on localhost:11027 at 13:26:32.119
starting worker pid=34216 on localhost:11027 at 13:26:32.610
starting worker pid=34229 on localhost:11027 at 13:26:33.106
starting worker pid=34242 on localhost:11027 at 13:26:33.594
starting worker pid=34256 on localhost:11027 at 13:26:34.086
2022-03-01 13:32:17 INFO::After iteration 16, gene prior 0.00589137744973444:, SNP prior:0.00256078578255202
2022-03-01 13:32:17 INFO::run iteration 17
starting worker pid=34623 on localhost:11027 at 13:32:17.692
starting worker pid=34636 on localhost:11027 at 13:32:18.226
starting worker pid=34650 on localhost:11027 at 13:32:18.774
starting worker pid=34663 on localhost:11027 at 13:32:19.267
starting worker pid=34676 on localhost:11027 at 13:32:19.753
starting worker pid=34690 on localhost:11027 at 13:32:20.244
starting worker pid=34703 on localhost:11027 at 13:32:20.737
starting worker pid=34717 on localhost:11027 at 13:32:21.225
starting worker pid=34730 on localhost:11027 at 13:32:21.716
starting worker pid=34743 on localhost:11027 at 13:32:22.214
2022-03-01 13:38:06 INFO::After iteration 17, gene prior 0.00590560193540368:, SNP prior:0.00256022874943481
2022-03-01 13:38:06 INFO::run iteration 18
starting worker pid=35112 on localhost:11027 at 13:38:06.785
starting worker pid=35126 on localhost:11027 at 13:38:07.305
starting worker pid=35139 on localhost:11027 at 13:38:07.792
starting worker pid=35152 on localhost:11027 at 13:38:08.285
starting worker pid=35166 on localhost:11027 at 13:38:08.774
starting worker pid=35179 on localhost:11027 at 13:38:09.265
starting worker pid=35192 on localhost:11027 at 13:38:09.753
starting worker pid=35206 on localhost:11027 at 13:38:10.247
starting worker pid=35219 on localhost:11027 at 13:38:10.739
starting worker pid=35233 on localhost:11027 at 13:38:11.237
2022-03-01 13:43:54 INFO::After iteration 18, gene prior 0.00591738154496805:, SNP prior:0.00255976623337247
2022-03-01 13:43:54 INFO::run iteration 19
starting worker pid=35603 on localhost:11027 at 13:43:55.463
starting worker pid=35616 on localhost:11027 at 13:43:56.034
starting worker pid=35630 on localhost:11027 at 13:43:56.545
starting worker pid=35643 on localhost:11027 at 13:43:57.056
starting worker pid=35657 on localhost:11027 at 13:43:57.562
starting worker pid=35670 on localhost:11027 at 13:43:58.057
starting worker pid=35683 on localhost:11027 at 13:43:58.549
starting worker pid=35697 on localhost:11027 at 13:43:59.035
starting worker pid=35710 on localhost:11027 at 13:43:59.524
starting worker pid=35724 on localhost:11027 at 13:44:00.015
2022-03-01 13:49:43 INFO::After iteration 19, gene prior 0.00592713391064556:, SNP prior:0.00255938233084647
2022-03-01 13:49:43 INFO::run iteration 20
starting worker pid=36817 on localhost:11027 at 13:49:43.903
starting worker pid=36830 on localhost:11027 at 13:49:44.399
starting worker pid=36844 on localhost:11027 at 13:49:44.887
starting worker pid=36857 on localhost:11027 at 13:49:45.376
starting worker pid=36870 on localhost:11027 at 13:49:45.870
starting worker pid=36884 on localhost:11027 at 13:49:46.366
starting worker pid=36897 on localhost:11027 at 13:49:46.860
starting worker pid=36911 on localhost:11027 at 13:49:47.359
starting worker pid=36924 on localhost:11027 at 13:49:47.864
starting worker pid=36937 on localhost:11027 at 13:49:48.356
2022-03-01 13:55:34 INFO::After iteration 20, gene prior 0.00593520627536524:, SNP prior:0.00255906389815756
2022-03-01 13:55:34 INFO::run iteration 21
starting worker pid=37309 on localhost:11027 at 13:55:34.727
starting worker pid=37323 on localhost:11027 at 13:55:35.221
starting worker pid=37336 on localhost:11027 at 13:55:35.716
starting worker pid=37350 on localhost:11027 at 13:55:36.207
starting worker pid=37363 on localhost:11027 at 13:55:36.696
starting worker pid=37377 on localhost:11027 at 13:55:37.206
starting worker pid=37390 on localhost:11027 at 13:55:37.696
starting worker pid=37403 on localhost:11027 at 13:55:38.186
starting worker pid=37417 on localhost:11027 at 13:55:38.677
starting worker pid=37430 on localhost:11027 at 13:55:39.170
2022-03-01 14:01:23 INFO::After iteration 21, gene prior 0.00594188694959996:, SNP prior:0.00255880006409735
2022-03-01 14:01:24 INFO::run iteration 22
starting worker pid=37869 on localhost:11027 at 14:01:24.547
starting worker pid=37883 on localhost:11027 at 14:01:25.069
starting worker pid=37896 on localhost:11027 at 14:01:25.575
starting worker pid=37910 on localhost:11027 at 14:01:26.070
starting worker pid=37923 on localhost:11027 at 14:01:26.569
starting worker pid=37937 on localhost:11027 at 14:01:27.058
starting worker pid=37950 on localhost:11027 at 14:01:27.546
starting worker pid=37963 on localhost:11027 at 14:01:28.040
starting worker pid=37977 on localhost:11027 at 14:01:28.536
starting worker pid=37990 on localhost:11027 at 14:01:29.029
2022-03-01 14:07:14 INFO::After iteration 22, gene prior 0.00594741494457503:, SNP prior:0.00255858161247236
2022-03-01 14:07:14 INFO::run iteration 23
starting worker pid=38361 on localhost:11027 at 14:07:14.907
starting worker pid=38374 on localhost:11027 at 14:07:15.437
starting worker pid=38388 on localhost:11027 at 14:07:15.945
starting worker pid=38401 on localhost:11027 at 14:07:16.437
starting worker pid=38414 on localhost:11027 at 14:07:16.925
starting worker pid=38428 on localhost:11027 at 14:07:17.414
starting worker pid=38441 on localhost:11027 at 14:07:17.904
starting worker pid=38456 on localhost:11027 at 14:07:18.396
starting worker pid=38469 on localhost:11027 at 14:07:18.888
starting worker pid=38482 on localhost:11027 at 14:07:19.380
2022-03-01 14:13:05 INFO::After iteration 23, gene prior 0.00595198844263835:, SNP prior:0.00255840081300218
2022-03-01 14:13:05 INFO::run iteration 24
starting worker pid=38855 on localhost:11027 at 14:13:05.758
starting worker pid=38868 on localhost:11027 at 14:13:06.284
starting worker pid=38881 on localhost:11027 at 14:13:06.798
starting worker pid=38895 on localhost:11027 at 14:13:07.301
starting worker pid=38908 on localhost:11027 at 14:13:07.795
starting worker pid=38922 on localhost:11027 at 14:13:08.283
starting worker pid=38936 on localhost:11027 at 14:13:08.787
starting worker pid=38949 on localhost:11027 at 14:13:09.277
starting worker pid=38963 on localhost:11027 at 14:13:09.765
starting worker pid=38976 on localhost:11027 at 14:13:10.258
2022-03-01 14:18:52 INFO::After iteration 24, gene prior 0.00595577174289348:, SNP prior:0.00255825121801916
2022-03-01 14:18:53 INFO::run iteration 25
starting worker pid=39913 on localhost:11027 at 14:18:53.641
starting worker pid=39926 on localhost:11027 at 14:18:54.180
starting worker pid=39940 on localhost:11027 at 14:18:54.734
starting worker pid=39953 on localhost:11027 at 14:18:55.245
starting worker pid=39967 on localhost:11027 at 14:18:55.736
starting worker pid=39980 on localhost:11027 at 14:18:56.226
starting worker pid=39993 on localhost:11027 at 14:18:56.724
starting worker pid=40007 on localhost:11027 at 14:18:57.217
starting worker pid=40020 on localhost:11027 at 14:18:57.707
starting worker pid=40034 on localhost:11027 at 14:18:58.196
2022-03-01 14:24:44 INFO::After iteration 25, gene prior 0.00595890101122276:, SNP prior:0.00255812746635524
2022-03-01 14:24:44 INFO::run iteration 26
starting worker pid=40572 on localhost:11027 at 14:24:44.828
starting worker pid=40585 on localhost:11027 at 14:24:45.334
starting worker pid=40599 on localhost:11027 at 14:24:45.861
starting worker pid=40612 on localhost:11027 at 14:24:46.403
starting worker pid=40626 on localhost:11027 at 14:24:46.914
starting worker pid=40639 on localhost:11027 at 14:24:47.409
starting worker pid=40652 on localhost:11027 at 14:24:47.895
starting worker pid=40666 on localhost:11027 at 14:24:48.379
starting worker pid=40679 on localhost:11027 at 14:24:48.865
starting worker pid=40693 on localhost:11027 at 14:24:49.355
2022-03-01 14:30:33 INFO::After iteration 26, gene prior 0.00596148905833175:, SNP prior:0.0025580251083281
2022-03-01 14:30:33 INFO::run iteration 27
starting worker pid=41065 on localhost:11027 at 14:30:34.453
starting worker pid=41078 on localhost:11027 at 14:30:34.975
starting worker pid=41091 on localhost:11027 at 14:30:35.479
starting worker pid=41105 on localhost:11027 at 14:30:35.966
starting worker pid=41118 on localhost:11027 at 14:30:36.465
starting worker pid=41132 on localhost:11027 at 14:30:36.957
starting worker pid=41145 on localhost:11027 at 14:30:37.451
starting worker pid=41158 on localhost:11027 at 14:30:37.946
starting worker pid=41172 on localhost:11027 at 14:30:38.441
starting worker pid=41185 on localhost:11027 at 14:30:38.937
2022-03-01 14:36:26 INFO::After iteration 27, gene prior 0.00596362931451382:, SNP prior:0.00255794045488229
2022-03-01 14:36:26 INFO::run iteration 28
starting worker pid=41623 on localhost:11027 at 14:36:26.679
starting worker pid=41636 on localhost:11027 at 14:36:27.237
starting worker pid=41650 on localhost:11027 at 14:36:27.746
starting worker pid=41663 on localhost:11027 at 14:36:28.233
starting worker pid=41676 on localhost:11027 at 14:36:28.726
starting worker pid=41690 on localhost:11027 at 14:36:29.217
starting worker pid=41703 on localhost:11027 at 14:36:29.705
starting worker pid=41717 on localhost:11027 at 14:36:30.196
starting worker pid=41730 on localhost:11027 at 14:36:30.686
starting worker pid=41743 on localhost:11027 at 14:36:31.180
2022-03-01 14:42:14 INFO::After iteration 28, gene prior 0.00596539913597238:, SNP prior:0.00255787044977437
2022-03-01 14:42:15 INFO::run iteration 29
starting worker pid=42112 on localhost:11027 at 14:42:15.661
starting worker pid=42126 on localhost:11027 at 14:42:16.190
starting worker pid=42139 on localhost:11027 at 14:42:16.715
starting worker pid=42152 on localhost:11027 at 14:42:17.207
starting worker pid=42166 on localhost:11027 at 14:42:17.697
starting worker pid=42179 on localhost:11027 at 14:42:18.186
starting worker pid=42193 on localhost:11027 at 14:42:18.677
starting worker pid=42206 on localhost:11027 at 14:42:19.167
starting worker pid=42219 on localhost:11027 at 14:42:19.656
starting worker pid=42233 on localhost:11027 at 14:42:20.146
2022-03-01 14:48:05 INFO::After iteration 29, gene prior 0.00596686255360656:, SNP prior:0.00255781256227118
2022-03-01 14:48:05 INFO::run iteration 30
starting worker pid=43102 on localhost:11027 at 14:48:06.094
starting worker pid=43115 on localhost:11027 at 14:48:06.589
starting worker pid=43129 on localhost:11027 at 14:48:07.079
starting worker pid=43143 on localhost:11027 at 14:48:07.566
starting worker pid=43156 on localhost:11027 at 14:48:08.059
starting worker pid=43170 on localhost:11027 at 14:48:08.554
starting worker pid=43183 on localhost:11027 at 14:48:09.048
starting worker pid=43196 on localhost:11027 at 14:48:09.539
starting worker pid=43210 on localhost:11027 at 14:48:10.026
starting worker pid=43223 on localhost:11027 at 14:48:10.519
2022-03-01 14:53:55 INFO::After iteration 30, gene prior 0.00596807255665701:, SNP prior:0.00255776469753243
2022-03-01 14:53:55 INFO::Run susie for all regions.
2022-03-01 14:53:56 INFO::run iteration 1
starting worker pid=43819 on localhost:11027 at 14:53:56.503
starting worker pid=43832 on localhost:11027 at 14:53:57.013
starting worker pid=43846 on localhost:11027 at 14:53:57.538
starting worker pid=43859 on localhost:11027 at 14:53:58.025
starting worker pid=43872 on localhost:11027 at 14:53:58.519
starting worker pid=43886 on localhost:11027 at 14:53:59.005
starting worker pid=43899 on localhost:11027 at 14:53:59.496
starting worker pid=43913 on localhost:11027 at 14:53:59.994
starting worker pid=43926 on localhost:11027 at 14:54:00.485
starting worker pid=43939 on localhost:11027 at 14:54:00.979
2022-03-01 15:04:46 INFO::After iteration 1, gene prior 0.0194655698146836:, SNP prior:0.00921319669445802
2022-03-01 15:04:46 INFO::No. LD regions: 1700
2022-03-01 15:04:53 INFO::No. regions with at least one SNP/gene for chr1: 131
2022-03-01 15:04:53 INFO::Merge regions for chr1
2022-03-01 15:04:53 INFO::No. regions with at least one SNP/gene for chr1 after merging: 130
2022-03-01 15:05:00 INFO::No. regions with at least one SNP/gene for chr2: 144
2022-03-01 15:05:00 INFO::Merge regions for chr2
2022-03-01 15:05:00 INFO::No. regions with at least one SNP/gene for chr2 after merging: 144
2022-03-01 15:05:05 INFO::No. regions with at least one SNP/gene for chr3: 122
2022-03-01 15:05:05 INFO::Merge regions for chr3
2022-03-01 15:05:05 INFO::No. regions with at least one SNP/gene for chr3 after merging: 121
2022-03-01 15:05:11 INFO::No. regions with at least one SNP/gene for chr4: 122
2022-03-01 15:05:11 INFO::Merge regions for chr4
2022-03-01 15:05:11 INFO::No. regions with at least one SNP/gene for chr4 after merging: 120
2022-03-01 15:05:15 INFO::No. regions with at least one SNP/gene for chr5: 110
2022-03-01 15:05:15 INFO::Merge regions for chr5
2022-03-01 15:05:15 INFO::No. regions with at least one SNP/gene for chr5 after merging: 109
2022-03-01 15:05:21 INFO::No. regions with at least one SNP/gene for chr6: 112
2022-03-01 15:05:21 INFO::Merge regions for chr6
2022-03-01 15:05:21 INFO::No. regions with at least one SNP/gene for chr6 after merging: 112
2022-03-01 15:05:25 INFO::No. regions with at least one SNP/gene for chr7: 99
2022-03-01 15:05:25 INFO::Merge regions for chr7
2022-03-01 15:05:25 INFO::No. regions with at least one SNP/gene for chr7 after merging: 97
2022-03-01 15:05:29 INFO::No. regions with at least one SNP/gene for chr8: 94
2022-03-01 15:05:29 INFO::Merge regions for chr8
2022-03-01 15:05:29 INFO::No. regions with at least one SNP/gene for chr8 after merging: 93
2022-03-01 15:05:32 INFO::No. regions with at least one SNP/gene for chr9: 74
2022-03-01 15:05:32 INFO::Merge regions for chr9
2022-03-01 15:05:32 INFO::No. regions with at least one SNP/gene for chr9 after merging: 74
2022-03-01 15:05:36 INFO::No. regions with at least one SNP/gene for chr10: 85
2022-03-01 15:05:36 INFO::Merge regions for chr10
2022-03-01 15:05:36 INFO::No. regions with at least one SNP/gene for chr10 after merging: 85
2022-03-01 15:05:39 INFO::No. regions with at least one SNP/gene for chr11: 84
2022-03-01 15:05:39 INFO::Merge regions for chr11
2022-03-01 15:05:39 INFO::No. regions with at least one SNP/gene for chr11 after merging: 83
2022-03-01 15:05:43 INFO::No. regions with at least one SNP/gene for chr12: 82
2022-03-01 15:05:43 INFO::Merge regions for chr12
2022-03-01 15:05:43 INFO::No. regions with at least one SNP/gene for chr12 after merging: 82
2022-03-01 15:05:45 INFO::No. regions with at least one SNP/gene for chr13: 62
2022-03-01 15:05:45 INFO::Merge regions for chr13
2022-03-01 15:05:45 INFO::No. regions with at least one SNP/gene for chr13 after merging: 62
2022-03-01 15:05:48 INFO::No. regions with at least one SNP/gene for chr14: 56
2022-03-01 15:05:48 INFO::Merge regions for chr14
2022-03-01 15:05:48 INFO::No. regions with at least one SNP/gene for chr14 after merging: 56
2022-03-01 15:05:50 INFO::No. regions with at least one SNP/gene for chr15: 49
2022-03-01 15:05:50 INFO::Merge regions for chr15
2022-03-01 15:05:50 INFO::No. regions with at least one SNP/gene for chr15 after merging: 48
2022-03-01 15:05:53 INFO::No. regions with at least one SNP/gene for chr16: 54
2022-03-01 15:05:53 INFO::Merge regions for chr16
2022-03-01 15:05:53 INFO::No. regions with at least one SNP/gene for chr16 after merging: 54
2022-03-01 15:05:55 INFO::No. regions with at least one SNP/gene for chr17: 47
2022-03-01 15:05:55 INFO::Merge regions for chr17
2022-03-01 15:05:55 INFO::No. regions with at least one SNP/gene for chr17 after merging: 46
2022-03-01 15:05:56 INFO::No. regions with at least one SNP/gene for chr18: 47
2022-03-01 15:05:56 INFO::Merge regions for chr18
2022-03-01 15:05:56 INFO::No. regions with at least one SNP/gene for chr18 after merging: 46
2022-03-01 15:05:59 INFO::No. regions with at least one SNP/gene for chr19: 39
2022-03-01 15:05:59 INFO::Merge regions for chr19
2022-03-01 15:05:59 INFO::No. regions with at least one SNP/gene for chr19 after merging: 39
2022-03-01 15:06:01 INFO::No. regions with at least one SNP/gene for chr20: 38
2022-03-01 15:06:01 INFO::Merge regions for chr20
2022-03-01 15:06:01 INFO::No. regions with at least one SNP/gene for chr20 after merging: 38
2022-03-01 15:06:02 INFO::No. regions with at least one SNP/gene for chr21: 24
2022-03-01 15:06:02 INFO::Merge regions for chr21
2022-03-01 15:06:02 INFO::No. regions with at least one SNP/gene for chr21 after merging: 24
2022-03-01 15:06:03 INFO::No. regions with at least one SNP/gene for chr22: 24
2022-03-01 15:06:03 INFO::Merge regions for chr22
2022-03-01 15:06:03 INFO::No. regions with at least one SNP/gene for chr22 after merging: 24
2022-03-01 15:06:03 INFO::Trim regions with SNPs more than 20000
2022-03-01 15:06:03 INFO::Adding R matrix info, as genotype is not given
2022-03-01 15:06:04 INFO::Adding R matrix info for chrom 1
2022-03-01 15:18:33 INFO::Adding R matrix info for chrom 2
2022-03-01 15:30:26 INFO::Adding R matrix info for chrom 3
2022-03-01 15:39:48 INFO::Adding R matrix info for chrom 4
2022-03-01 15:49:06 INFO::Adding R matrix info for chrom 5
2022-03-01 15:56:39 INFO::Adding R matrix info for chrom 6
2022-03-01 16:05:32 INFO::Adding R matrix info for chrom 7
2022-03-01 16:15:13 INFO::Adding R matrix info for chrom 8
2022-03-01 16:22:36 INFO::Adding R matrix info for chrom 9
2022-03-01 16:28:56 INFO::Adding R matrix info for chrom 10
2022-03-01 16:36:29 INFO::Adding R matrix info for chrom 11
2022-03-01 16:45:11 INFO::Adding R matrix info for chrom 12
2022-03-01 16:53:08 INFO::Adding R matrix info for chrom 13
2022-03-01 16:57:33 INFO::Adding R matrix info for chrom 14
2022-03-01 17:02:50 INFO::Adding R matrix info for chrom 15
2022-03-01 17:07:46 INFO::Adding R matrix info for chrom 16
2022-03-01 17:12:56 INFO::Adding R matrix info for chrom 17
2022-03-01 17:19:42 INFO::Adding R matrix info for chrom 18
2022-03-01 17:23:37 INFO::Adding R matrix info for chrom 19
2022-03-01 17:30:54 INFO::Adding R matrix info for chrom 20
2022-03-01 17:35:00 INFO::Adding R matrix info for chrom 21
2022-03-01 17:36:45 INFO::Adding R matrix info for chrom 22
2022-03-01 17:42:23 INFO::Number of regions that contains strong gene signals: 3
2022-03-01 17:42:23 INFO::Rerun susie for regions with strong gene signals using full SNPs.
2022-03-01 17:42:23 INFO::run iteration 1
starting worker pid=1113 on localhost:11027 at 17:42:24.345
2022-03-01 17:44:09 INFO::After iteration 1, gene prior 0.0191588648627365:, SNP prior:0.000938395692366647
$group_prior
[1] 0.0059680726 0.0002557765

$group_prior_var
[1] 9.277337 8.464639

R version 3.6.1 (2019-07-05)
Platform: x86_64-pc-linux-gnu (64-bit)
Running under: Scientific Linux 7.4 (Nitrogen)

Matrix products: default
BLAS/LAPACK: /software/openblas-0.2.19-el7-x86_64/lib/libopenblas_haswellp-r0.2.19.so

locale:
[1] C

attached base packages:
[1] stats     graphics  grDevices utils     datasets  methods   base     

other attached packages:
[1] data.table_1.14.2 ctwas_0.1.32     

loaded via a namespace (and not attached):
 [1] Rcpp_1.0.8                  lattice_0.20-38            
 [3] gwasvcf_0.1.0               prettyunits_1.1.1          
 [5] Rsamtools_2.0.0             Biostrings_2.52.0          
 [7] assertthat_0.2.1            foreach_1.5.2              
 [9] utf8_1.2.2                  R6_2.5.1                   
[11] GenomeInfoDb_1.20.0         stats4_3.6.1               
[13] RSQLite_2.2.8               httr_1.4.2                 
[15] pillar_1.6.4                zlibbioc_1.30.0            
[17] rlang_1.0.1                 GenomicFeatures_1.36.3     
[19] progress_1.2.2              blob_1.2.2                 
[21] S4Vectors_0.22.1            Matrix_1.2-18              
[23] BiocParallel_1.18.0         readr_2.1.1                
[25] stringr_1.4.0               RCurl_1.98-1.5             
[27] bit_4.0.4                   biomaRt_2.40.1             
[29] DelayedArray_0.10.0         compiler_3.6.1             
[31] rtracklayer_1.44.4          pkgconfig_2.0.3            
[33] BiocGenerics_0.30.0         tidyselect_1.1.1           
[35] SummarizedExperiment_1.14.1 tibble_3.1.6               
[37] GenomeInfoDbData_1.2.1      logging_0.10-108           
[39] IRanges_2.18.1              codetools_0.2-16           
[41] matrixStats_0.57.0          XML_3.99-0.3               
[43] fansi_1.0.2                 tzdb_0.2.0                 
[45] crayon_1.5.0                dplyr_1.0.7                
[47] GenomicAlignments_1.20.1    bitops_1.0-7               
[49] grid_3.6.1                  lifecycle_1.0.1            
[51] DBI_1.1.2                   magrittr_2.0.2             
[53] cli_3.1.0                   stringi_1.7.6              
[55] cachem_1.0.6                XVector_0.24.0             
[57] doParallel_1.0.17           pgenlibr_0.3.1             
[59] ellipsis_0.3.2              vctrs_0.3.8                
[61] generics_0.1.1              iterators_1.0.14           
[63] tools_3.6.1                 bit64_4.0.5                
[65] BSgenome_1.52.0             Biobase_2.44.0             
[67] glue_1.6.2                  purrr_0.3.4                
[69] hms_1.1.1                   parallel_3.6.1             
[71] fastmap_1.1.0               AnnotationDbi_1.46.0       
[73] GenomicRanges_1.36.1        memoise_2.0.1              
[75] VariantAnnotation_1.30.1   
