[1] "/project2/xinhe/shengqian/cTWAS/cTWAS_analysis/data/UKBB/ieu-a-22.vcf.gz"                             
[2] "/project2/mstephens/wcrouse/UKB_LDR_0.1"                                                              
[3] "/project2/xinhe/shengqian/cTWAS/cTWAS_analysis/data/mashr_sqtl/sqtl/mashr/mashr_Brain_Hypothalamus.db"
[4] "/project2/xinhe/shengqian/cTWAS/cTWAS_analysis/code/ctwas_config.R"                                   
[5] "SCZ_Brain_Hypothalamus_expr"                                                                          
[6] "SCZ_Brain_Hypothalamus_ctwas"                                                                         
[7] "/project2/xinhe/shengqian/cTWAS/cTWAS_analysis/data/SCZ_S/Brain_Hypothalamus"                         
2022-02-28 23:24:37 INFO::Flipping z scores to match LD reference
2022-02-28 23:24:40 INFO::Harmonizing strand-ambiguous z scores using imputation by region
2022-02-28 23:46:12 INFO::Reading weights for chromosome 1
2022-02-28 23:46:12 INFO::Number of genes with weights provided: 30326
2022-02-28 23:46:12 INFO::Collecting gene weight information ...
2022-02-28 23:46:12 INFO::Flipping weights to match LD reference
2022-02-28 23:46:12 INFO::Harmonizing strand ambiguous weights using correlations with unambiguous variants
2022-02-28 23:55:59 INFO::Start gene z score imputation ...
2022-02-28 23:55:59 INFO::Using given LD matrices to impute gene z score.
2022-03-01 00:05:35 INFO::Imputation done, writing results to output...
2022-03-01 00:05:36 INFO::Imputation done: number of genes with imputed expression: 2171 for chr 1
2022-03-01 00:05:37 INFO::Flipping z scores to match LD reference
2022-03-01 00:05:39 INFO::Harmonizing strand-ambiguous z scores using imputation by region
2022-03-01 00:30:38 INFO::Reading weights for chromosome 2
2022-03-01 00:30:38 INFO::Number of genes with weights provided: 30326
2022-03-01 00:30:38 INFO::Collecting gene weight information ...
2022-03-01 00:30:38 INFO::Flipping weights to match LD reference
2022-03-01 00:30:38 INFO::Harmonizing strand ambiguous weights using correlations with unambiguous variants
2022-03-01 00:39:13 INFO::Start gene z score imputation ...
2022-03-01 00:39:13 INFO::Using given LD matrices to impute gene z score.
2022-03-01 00:47:48 INFO::Imputation done, writing results to output...
2022-03-01 00:47:48 INFO::Imputation done: number of genes with imputed expression: 1604 for chr 2
2022-03-01 00:47:49 INFO::Flipping z scores to match LD reference
2022-03-01 00:47:51 INFO::Harmonizing strand-ambiguous z scores using imputation by region
2022-03-01 01:06:06 INFO::Reading weights for chromosome 3
2022-03-01 01:06:06 INFO::Number of genes with weights provided: 30326
2022-03-01 01:06:06 INFO::Collecting gene weight information ...
2022-03-01 01:06:06 INFO::Flipping weights to match LD reference
2022-03-01 01:06:06 INFO::Harmonizing strand ambiguous weights using correlations with unambiguous variants
2022-03-01 01:12:10 INFO::Start gene z score imputation ...
2022-03-01 01:12:10 INFO::Using given LD matrices to impute gene z score.
2022-03-01 01:18:43 INFO::Imputation done, writing results to output...
2022-03-01 01:18:43 INFO::Imputation done: number of genes with imputed expression: 1392 for chr 3
2022-03-01 01:18:44 INFO::Flipping z scores to match LD reference
2022-03-01 01:18:46 INFO::Harmonizing strand-ambiguous z scores using imputation by region
2022-03-01 01:38:49 INFO::Reading weights for chromosome 4
2022-03-01 01:38:49 INFO::Number of genes with weights provided: 30326
2022-03-01 01:38:49 INFO::Collecting gene weight information ...
2022-03-01 01:38:49 INFO::Flipping weights to match LD reference
2022-03-01 01:38:49 INFO::Harmonizing strand ambiguous weights using correlations with unambiguous variants
2022-03-01 01:43:25 INFO::Start gene z score imputation ...
2022-03-01 01:43:25 INFO::Using given LD matrices to impute gene z score.
2022-03-01 01:49:59 INFO::Imputation done, writing results to output...
2022-03-01 01:49:59 INFO::Imputation done: number of genes with imputed expression: 906 for chr 4
2022-03-01 01:50:00 INFO::Flipping z scores to match LD reference
2022-03-01 01:50:01 INFO::Harmonizing strand-ambiguous z scores using imputation by region
2022-03-01 02:07:20 INFO::Reading weights for chromosome 5
2022-03-01 02:07:20 INFO::Number of genes with weights provided: 30326
2022-03-01 02:07:20 INFO::Collecting gene weight information ...
2022-03-01 02:07:20 INFO::Flipping weights to match LD reference
2022-03-01 02:07:20 INFO::Harmonizing strand ambiguous weights using correlations with unambiguous variants
2022-03-01 02:12:34 INFO::Start gene z score imputation ...
2022-03-01 02:12:34 INFO::Using given LD matrices to impute gene z score.
2022-03-01 02:18:44 INFO::Imputation done, writing results to output...
2022-03-01 02:18:44 INFO::Imputation done: number of genes with imputed expression: 978 for chr 5
2022-03-01 02:18:45 INFO::Flipping z scores to match LD reference
2022-03-01 02:18:47 INFO::Harmonizing strand-ambiguous z scores using imputation by region
2022-03-01 02:35:47 INFO::Reading weights for chromosome 6
2022-03-01 02:35:47 INFO::Number of genes with weights provided: 30326
2022-03-01 02:35:47 INFO::Collecting gene weight information ...
2022-03-01 02:35:47 INFO::Flipping weights to match LD reference
2022-03-01 02:35:47 INFO::Harmonizing strand ambiguous weights using correlations with unambiguous variants
2022-03-01 02:46:53 INFO::Start gene z score imputation ...
2022-03-01 02:46:53 INFO::Using given LD matrices to impute gene z score.
2022-03-01 02:52:52 INFO::Imputation done, writing results to output...
2022-03-01 02:52:52 INFO::Imputation done: number of genes with imputed expression: 1048 for chr 6
2022-03-01 02:52:53 INFO::Flipping z scores to match LD reference
2022-03-01 02:52:55 INFO::Harmonizing strand-ambiguous z scores using imputation by region
2022-03-01 03:10:25 INFO::Reading weights for chromosome 7
2022-03-01 03:10:25 INFO::Number of genes with weights provided: 30326
2022-03-01 03:10:25 INFO::Collecting gene weight information ...
2022-03-01 03:10:25 INFO::Flipping weights to match LD reference
2022-03-01 03:10:25 INFO::Harmonizing strand ambiguous weights using correlations with unambiguous variants
2022-03-01 03:18:06 INFO::Start gene z score imputation ...
2022-03-01 03:18:06 INFO::Using given LD matrices to impute gene z score.
2022-03-01 03:25:58 INFO::Imputation done, writing results to output...
2022-03-01 03:25:59 INFO::Imputation done: number of genes with imputed expression: 1333 for chr 7
2022-03-01 03:26:00 INFO::Flipping z scores to match LD reference
2022-03-01 03:26:02 INFO::Harmonizing strand-ambiguous z scores using imputation by region
2022-03-01 03:43:33 INFO::Reading weights for chromosome 8
2022-03-01 03:43:33 INFO::Number of genes with weights provided: 30326
2022-03-01 03:43:33 INFO::Collecting gene weight information ...
2022-03-01 03:43:33 INFO::Flipping weights to match LD reference
2022-03-01 03:43:33 INFO::Harmonizing strand ambiguous weights using correlations with unambiguous variants
2022-03-01 03:47:26 INFO::Start gene z score imputation ...
2022-03-01 03:47:26 INFO::Using given LD matrices to impute gene z score.
2022-03-01 03:52:55 INFO::Imputation done, writing results to output...
2022-03-01 03:52:56 INFO::Imputation done: number of genes with imputed expression: 807 for chr 8
2022-03-01 03:52:56 INFO::Flipping z scores to match LD reference
2022-03-01 03:52:58 INFO::Harmonizing strand-ambiguous z scores using imputation by region
2022-03-01 04:05:55 INFO::Reading weights for chromosome 9
2022-03-01 04:05:55 INFO::Number of genes with weights provided: 30326
2022-03-01 04:05:55 INFO::Collecting gene weight information ...
2022-03-01 04:05:55 INFO::Flipping weights to match LD reference
2022-03-01 04:05:55 INFO::Harmonizing strand ambiguous weights using correlations with unambiguous variants
2022-03-01 04:11:25 INFO::Start gene z score imputation ...
2022-03-01 04:11:25 INFO::Using given LD matrices to impute gene z score.
2022-03-01 04:16:25 INFO::Imputation done, writing results to output...
2022-03-01 04:16:26 INFO::Imputation done: number of genes with imputed expression: 922 for chr 9
2022-03-01 04:16:27 INFO::Flipping z scores to match LD reference
2022-03-01 04:16:29 INFO::Harmonizing strand-ambiguous z scores using imputation by region
2022-03-01 04:32:24 INFO::Reading weights for chromosome 10
2022-03-01 04:32:24 INFO::Number of genes with weights provided: 30326
2022-03-01 04:32:24 INFO::Collecting gene weight information ...
2022-03-01 04:32:24 INFO::Flipping weights to match LD reference
2022-03-01 04:32:24 INFO::Harmonizing strand ambiguous weights using correlations with unambiguous variants
2022-03-01 04:39:44 INFO::Start gene z score imputation ...
2022-03-01 04:39:44 INFO::Using given LD matrices to impute gene z score.
2022-03-01 04:46:18 INFO::Imputation done, writing results to output...
2022-03-01 04:46:18 INFO::Imputation done: number of genes with imputed expression: 1035 for chr 10
2022-03-01 04:46:19 INFO::Flipping z scores to match LD reference
2022-03-01 04:46:21 INFO::Harmonizing strand-ambiguous z scores using imputation by region
2022-03-01 05:02:37 INFO::Reading weights for chromosome 11
2022-03-01 05:02:37 INFO::Number of genes with weights provided: 30326
2022-03-01 05:02:37 INFO::Collecting gene weight information ...
2022-03-01 05:02:37 INFO::Flipping weights to match LD reference
2022-03-01 05:02:37 INFO::Harmonizing strand ambiguous weights using correlations with unambiguous variants
2022-03-01 05:09:46 INFO::Start gene z score imputation ...
2022-03-01 05:09:46 INFO::Using given LD matrices to impute gene z score.
2022-03-01 05:16:29 INFO::Imputation done, writing results to output...
2022-03-01 05:16:30 INFO::Imputation done: number of genes with imputed expression: 1351 for chr 11
2022-03-01 05:16:30 INFO::Flipping z scores to match LD reference
2022-03-01 05:16:32 INFO::Harmonizing strand-ambiguous z scores using imputation by region
2022-03-01 05:30:59 INFO::Reading weights for chromosome 12
2022-03-01 05:30:59 INFO::Number of genes with weights provided: 30326
2022-03-01 05:30:59 INFO::Collecting gene weight information ...
2022-03-01 05:30:59 INFO::Flipping weights to match LD reference
2022-03-01 05:30:59 INFO::Harmonizing strand ambiguous weights using correlations with unambiguous variants
2022-03-01 05:38:50 INFO::Start gene z score imputation ...
2022-03-01 05:38:50 INFO::Using given LD matrices to impute gene z score.
2022-03-01 05:46:10 INFO::Imputation done, writing results to output...
2022-03-01 05:46:10 INFO::Imputation done: number of genes with imputed expression: 1227 for chr 12
2022-03-01 05:46:11 INFO::Flipping z scores to match LD reference
2022-03-01 05:46:13 INFO::Harmonizing strand-ambiguous z scores using imputation by region
2022-03-01 05:57:30 INFO::Reading weights for chromosome 13
2022-03-01 05:57:30 INFO::Number of genes with weights provided: 30326
2022-03-01 05:57:30 INFO::Collecting gene weight information ...
2022-03-01 05:57:30 INFO::Flipping weights to match LD reference
2022-03-01 05:57:30 INFO::Harmonizing strand ambiguous weights using correlations with unambiguous variants
2022-03-01 06:00:02 INFO::Start gene z score imputation ...
2022-03-01 06:00:02 INFO::Using given LD matrices to impute gene z score.
2022-03-01 06:02:51 INFO::Imputation done, writing results to output...
2022-03-01 06:02:52 INFO::Imputation done: number of genes with imputed expression: 443 for chr 13
2022-03-01 06:02:52 INFO::Flipping z scores to match LD reference
2022-03-01 06:02:54 INFO::Harmonizing strand-ambiguous z scores using imputation by region
2022-03-01 06:11:54 INFO::Reading weights for chromosome 14
2022-03-01 06:11:54 INFO::Number of genes with weights provided: 30326
2022-03-01 06:11:54 INFO::Collecting gene weight information ...
2022-03-01 06:11:54 INFO::Flipping weights to match LD reference
2022-03-01 06:11:54 INFO::Harmonizing strand ambiguous weights using correlations with unambiguous variants
2022-03-01 06:16:49 INFO::Start gene z score imputation ...
2022-03-01 06:16:49 INFO::Using given LD matrices to impute gene z score.
2022-03-01 06:20:57 INFO::Imputation done, writing results to output...
2022-03-01 06:20:57 INFO::Imputation done: number of genes with imputed expression: 793 for chr 14
2022-03-01 06:20:57 INFO::Flipping z scores to match LD reference
2022-03-01 06:20:59 INFO::Harmonizing strand-ambiguous z scores using imputation by region
2022-03-01 06:28:04 INFO::Reading weights for chromosome 15
2022-03-01 06:28:04 INFO::Number of genes with weights provided: 30326
2022-03-01 06:28:04 INFO::Collecting gene weight information ...
2022-03-01 06:28:04 INFO::Flipping weights to match LD reference
2022-03-01 06:28:04 INFO::Harmonizing strand ambiguous weights using correlations with unambiguous variants
2022-03-01 06:32:10 INFO::Start gene z score imputation ...
2022-03-01 06:32:10 INFO::Using given LD matrices to impute gene z score.
2022-03-01 06:36:16 INFO::Imputation done, writing results to output...
2022-03-01 06:36:16 INFO::Imputation done: number of genes with imputed expression: 743 for chr 15
2022-03-01 06:36:18 INFO::Flipping z scores to match LD reference
2022-03-01 06:36:19 INFO::Harmonizing strand-ambiguous z scores using imputation by region
2022-03-01 06:43:23 INFO::Reading weights for chromosome 16
2022-03-01 06:43:23 INFO::Number of genes with weights provided: 30326
2022-03-01 06:43:23 INFO::Collecting gene weight information ...
2022-03-01 06:43:23 INFO::Flipping weights to match LD reference
2022-03-01 06:43:23 INFO::Harmonizing strand ambiguous weights using correlations with unambiguous variants
2022-03-01 06:48:46 INFO::Start gene z score imputation ...
2022-03-01 06:48:46 INFO::Using given LD matrices to impute gene z score.
2022-03-01 06:53:14 INFO::Imputation done, writing results to output...
2022-03-01 06:53:14 INFO::Imputation done: number of genes with imputed expression: 1041 for chr 16
2022-03-01 06:53:15 INFO::Flipping z scores to match LD reference
2022-03-01 06:53:17 INFO::Harmonizing strand-ambiguous z scores using imputation by region
2022-03-01 07:00:00 INFO::Reading weights for chromosome 17
2022-03-01 07:00:00 INFO::Number of genes with weights provided: 30326
2022-03-01 07:00:00 INFO::Collecting gene weight information ...
2022-03-01 07:00:00 INFO::Flipping weights to match LD reference
2022-03-01 07:00:00 INFO::Harmonizing strand ambiguous weights using correlations with unambiguous variants
2022-03-01 07:07:15 INFO::Start gene z score imputation ...
2022-03-01 07:07:15 INFO::Using given LD matrices to impute gene z score.
2022-03-01 07:13:30 INFO::Imputation done, writing results to output...
2022-03-01 07:13:30 INFO::Imputation done: number of genes with imputed expression: 1541 for chr 17
2022-03-01 07:13:31 INFO::Flipping z scores to match LD reference
2022-03-01 07:13:32 INFO::Harmonizing strand-ambiguous z scores using imputation by region
2022-03-01 07:22:42 INFO::Reading weights for chromosome 18
2022-03-01 07:22:42 INFO::Number of genes with weights provided: 30326
2022-03-01 07:22:42 INFO::Collecting gene weight information ...
2022-03-01 07:22:42 INFO::Flipping weights to match LD reference
2022-03-01 07:22:42 INFO::Harmonizing strand ambiguous weights using correlations with unambiguous variants
2022-03-01 07:24:39 INFO::Start gene z score imputation ...
2022-03-01 07:24:39 INFO::Using given LD matrices to impute gene z score.
2022-03-01 07:27:07 INFO::Imputation done, writing results to output...
2022-03-01 07:27:08 INFO::Imputation done: number of genes with imputed expression: 323 for chr 18
2022-03-01 07:27:08 INFO::Flipping z scores to match LD reference
2022-03-01 07:27:10 INFO::Harmonizing strand-ambiguous z scores using imputation by region
2022-03-01 07:32:51 INFO::Reading weights for chromosome 19
2022-03-01 07:32:51 INFO::Number of genes with weights provided: 30326
2022-03-01 07:32:51 INFO::Collecting gene weight information ...
2022-03-01 07:32:51 INFO::Flipping weights to match LD reference
2022-03-01 07:32:51 INFO::Harmonizing strand ambiguous weights using correlations with unambiguous variants
2022-03-01 07:42:23 INFO::Start gene z score imputation ...
2022-03-01 07:42:23 INFO::Using given LD matrices to impute gene z score.
2022-03-01 07:48:49 INFO::Imputation done, writing results to output...
2022-03-01 07:48:51 INFO::Imputation done: number of genes with imputed expression: 1643 for chr 19
2022-03-01 07:48:51 INFO::Flipping z scores to match LD reference
2022-03-01 07:48:53 INFO::Harmonizing strand-ambiguous z scores using imputation by region
2022-03-01 07:55:48 INFO::Reading weights for chromosome 20
2022-03-01 07:55:49 INFO::Number of genes with weights provided: 30326
2022-03-01 07:55:49 INFO::Collecting gene weight information ...
2022-03-01 07:55:49 INFO::Flipping weights to match LD reference
2022-03-01 07:55:49 INFO::Harmonizing strand ambiguous weights using correlations with unambiguous variants
2022-03-01 08:00:13 INFO::Start gene z score imputation ...
2022-03-01 08:00:13 INFO::Using given LD matrices to impute gene z score.
2022-03-01 08:04:00 INFO::Imputation done, writing results to output...
2022-03-01 08:04:00 INFO::Imputation done: number of genes with imputed expression: 745 for chr 20
2022-03-01 08:04:00 INFO::Flipping z scores to match LD reference
2022-03-01 08:04:02 INFO::Harmonizing strand-ambiguous z scores using imputation by region
2022-03-01 08:07:38 INFO::Reading weights for chromosome 21
2022-03-01 08:07:38 INFO::Number of genes with weights provided: 30326
2022-03-01 08:07:38 INFO::Collecting gene weight information ...
2022-03-01 08:07:38 INFO::Flipping weights to match LD reference
2022-03-01 08:07:38 INFO::Harmonizing strand ambiguous weights using correlations with unambiguous variants
2022-03-01 08:09:53 INFO::Start gene z score imputation ...
2022-03-01 08:09:53 INFO::Using given LD matrices to impute gene z score.
2022-03-01 08:11:39 INFO::Imputation done, writing results to output...
2022-03-01 08:11:39 INFO::Imputation done: number of genes with imputed expression: 297 for chr 21
2022-03-01 08:11:39 INFO::Flipping z scores to match LD reference
2022-03-01 08:11:41 INFO::Harmonizing strand-ambiguous z scores using imputation by region
2022-03-01 08:14:50 INFO::Reading weights for chromosome 22
2022-03-01 08:14:50 INFO::Number of genes with weights provided: 30326
2022-03-01 08:14:50 INFO::Collecting gene weight information ...
2022-03-01 08:14:50 INFO::Flipping weights to match LD reference
2022-03-01 08:14:50 INFO::Harmonizing strand ambiguous weights using correlations with unambiguous variants
2022-03-01 08:19:31 INFO::Start gene z score imputation ...
2022-03-01 08:19:31 INFO::Using given LD matrices to impute gene z score.
2022-03-01 08:22:40 INFO::Imputation done, writing results to output...
2022-03-01 08:22:41 INFO::Imputation done: number of genes with imputed expression: 759 for chr 22
2022-03-01 08:23:04 INFO::ctwas started ...
2022-03-01 08:23:27 INFO::LD region file: /home/shengqian/R/x86_64-pc-linux-gnu-library/3.6/ctwas/extdata/ldetect/EUR.b38.bed
2022-03-01 08:23:34 INFO::No. LD regions: 1700
2022-03-01 08:23:45 INFO::No. regions with at least one SNP/gene for chr1: 131
2022-03-01 08:23:45 INFO::Merge regions for chr1
2022-03-01 08:23:45 INFO::No. regions with at least one SNP/gene for chr1 after merging: 130
2022-03-01 08:23:51 INFO::No. regions with at least one SNP/gene for chr2: 144
2022-03-01 08:23:51 INFO::Merge regions for chr2
2022-03-01 08:23:51 INFO::No. regions with at least one SNP/gene for chr2 after merging: 144
2022-03-01 08:23:56 INFO::No. regions with at least one SNP/gene for chr3: 122
2022-03-01 08:23:56 INFO::Merge regions for chr3
2022-03-01 08:23:56 INFO::No. regions with at least one SNP/gene for chr3 after merging: 122
2022-03-01 08:24:01 INFO::No. regions with at least one SNP/gene for chr4: 122
2022-03-01 08:24:01 INFO::Merge regions for chr4
2022-03-01 08:24:01 INFO::No. regions with at least one SNP/gene for chr4 after merging: 122
2022-03-01 08:24:05 INFO::No. regions with at least one SNP/gene for chr5: 110
2022-03-01 08:24:05 INFO::Merge regions for chr5
2022-03-01 08:24:05 INFO::No. regions with at least one SNP/gene for chr5 after merging: 110
2022-03-01 08:24:10 INFO::No. regions with at least one SNP/gene for chr6: 112
2022-03-01 08:24:10 INFO::Merge regions for chr6
2022-03-01 08:24:10 INFO::No. regions with at least one SNP/gene for chr6 after merging: 112
2022-03-01 08:24:14 INFO::No. regions with at least one SNP/gene for chr7: 99
2022-03-01 08:24:14 INFO::Merge regions for chr7
2022-03-01 08:24:14 INFO::No. regions with at least one SNP/gene for chr7 after merging: 97
2022-03-01 08:24:17 INFO::No. regions with at least one SNP/gene for chr8: 94
2022-03-01 08:24:17 INFO::Merge regions for chr8
2022-03-01 08:24:17 INFO::No. regions with at least one SNP/gene for chr8 after merging: 94
2022-03-01 08:24:19 INFO::No. regions with at least one SNP/gene for chr9: 74
2022-03-01 08:24:19 INFO::Merge regions for chr9
2022-03-01 08:24:19 INFO::No. regions with at least one SNP/gene for chr9 after merging: 74
2022-03-01 08:24:23 INFO::No. regions with at least one SNP/gene for chr10: 85
2022-03-01 08:24:23 INFO::Merge regions for chr10
2022-03-01 08:24:23 INFO::No. regions with at least one SNP/gene for chr10 after merging: 83
2022-03-01 08:24:26 INFO::No. regions with at least one SNP/gene for chr11: 84
2022-03-01 08:24:26 INFO::Merge regions for chr11
2022-03-01 08:24:26 INFO::No. regions with at least one SNP/gene for chr11 after merging: 83
2022-03-01 08:24:29 INFO::No. regions with at least one SNP/gene for chr12: 82
2022-03-01 08:24:29 INFO::Merge regions for chr12
2022-03-01 08:24:29 INFO::No. regions with at least one SNP/gene for chr12 after merging: 81
2022-03-01 08:24:31 INFO::No. regions with at least one SNP/gene for chr13: 62
2022-03-01 08:24:31 INFO::Merge regions for chr13
2022-03-01 08:24:31 INFO::No. regions with at least one SNP/gene for chr13 after merging: 62
2022-03-01 08:24:34 INFO::No. regions with at least one SNP/gene for chr14: 56
2022-03-01 08:24:34 INFO::Merge regions for chr14
2022-03-01 08:24:34 INFO::No. regions with at least one SNP/gene for chr14 after merging: 56
2022-03-01 08:24:35 INFO::No. regions with at least one SNP/gene for chr15: 49
2022-03-01 08:24:35 INFO::Merge regions for chr15
2022-03-01 08:24:35 INFO::No. regions with at least one SNP/gene for chr15 after merging: 48
2022-03-01 08:24:37 INFO::No. regions with at least one SNP/gene for chr16: 54
2022-03-01 08:24:37 INFO::Merge regions for chr16
2022-03-01 08:24:37 INFO::No. regions with at least one SNP/gene for chr16 after merging: 54
2022-03-01 08:24:39 INFO::No. regions with at least one SNP/gene for chr17: 47
2022-03-01 08:24:39 INFO::Merge regions for chr17
2022-03-01 08:24:39 INFO::No. regions with at least one SNP/gene for chr17 after merging: 45
2022-03-01 08:24:41 INFO::No. regions with at least one SNP/gene for chr18: 47
2022-03-01 08:24:41 INFO::Merge regions for chr18
2022-03-01 08:24:41 INFO::No. regions with at least one SNP/gene for chr18 after merging: 47
2022-03-01 08:24:42 INFO::No. regions with at least one SNP/gene for chr19: 39
2022-03-01 08:24:42 INFO::Merge regions for chr19
2022-03-01 08:24:42 INFO::No. regions with at least one SNP/gene for chr19 after merging: 39
2022-03-01 08:24:44 INFO::No. regions with at least one SNP/gene for chr20: 38
2022-03-01 08:24:44 INFO::Merge regions for chr20
2022-03-01 08:24:44 INFO::No. regions with at least one SNP/gene for chr20 after merging: 38
2022-03-01 08:24:45 INFO::No. regions with at least one SNP/gene for chr21: 24
2022-03-01 08:24:45 INFO::Merge regions for chr21
2022-03-01 08:24:45 INFO::No. regions with at least one SNP/gene for chr21 after merging: 24
2022-03-01 08:24:46 INFO::No. regions with at least one SNP/gene for chr22: 24
2022-03-01 08:24:46 INFO::Merge regions for chr22
2022-03-01 08:24:46 INFO::No. regions with at least one SNP/gene for chr22 after merging: 24
2022-03-01 08:24:46 INFO::Trim regions with SNPs more than Inf
2022-03-01 08:24:46 INFO::Adding R matrix info, as genotype is not given
2022-03-01 08:24:47 INFO::Adding R matrix info for chrom 1
2022-03-01 08:37:18 INFO::Adding R matrix info for chrom 2
2022-03-01 08:49:26 INFO::Adding R matrix info for chrom 3
2022-03-01 08:58:28 INFO::Adding R matrix info for chrom 4
2022-03-01 09:06:50 INFO::Adding R matrix info for chrom 5
2022-03-01 09:14:52 INFO::Adding R matrix info for chrom 6
2022-03-01 09:23:50 INFO::Adding R matrix info for chrom 7
2022-03-01 09:33:17 INFO::Adding R matrix info for chrom 8
2022-03-01 09:40:25 INFO::Adding R matrix info for chrom 9
2022-03-01 09:46:34 INFO::Adding R matrix info for chrom 10
2022-03-01 09:54:41 INFO::Adding R matrix info for chrom 11
2022-03-01 10:03:11 INFO::Adding R matrix info for chrom 12
2022-03-01 10:11:18 INFO::Adding R matrix info for chrom 13
2022-03-01 10:15:42 INFO::Adding R matrix info for chrom 14
2022-03-01 10:20:53 INFO::Adding R matrix info for chrom 15
2022-03-01 10:25:34 INFO::Adding R matrix info for chrom 16
2022-03-01 10:30:33 INFO::Adding R matrix info for chrom 17
2022-03-01 10:37:40 INFO::Adding R matrix info for chrom 18
2022-03-01 10:41:07 INFO::Adding R matrix info for chrom 19
2022-03-01 10:48:11 INFO::Adding R matrix info for chrom 20
2022-03-01 10:52:11 INFO::Adding R matrix info for chrom 21
2022-03-01 10:53:58 INFO::Adding R matrix info for chrom 22
2022-03-01 10:57:02 INFO::Run susie iteratively, getting rough estimate ...
2022-03-01 10:57:02 INFO::run iteration 1
starting worker pid=14598 on localhost:11670 at 10:57:03.385
starting worker pid=14615 on localhost:11670 at 10:57:03.898
starting worker pid=14628 on localhost:11670 at 10:57:04.398
starting worker pid=14649 on localhost:11670 at 10:57:04.891
starting worker pid=14662 on localhost:11670 at 10:57:05.388
starting worker pid=14676 on localhost:11670 at 10:57:05.881
starting worker pid=14690 on localhost:11670 at 10:57:06.376
starting worker pid=14703 on localhost:11670 at 10:57:06.867
starting worker pid=14717 on localhost:11670 at 10:57:07.365
starting worker pid=14730 on localhost:11670 at 10:57:07.866
2022-03-01 11:07:09 INFO::After iteration 1, gene prior 0.00285277244680795:, SNP prior:0.00214301402705062
2022-03-01 11:07:10 INFO::run iteration 2
starting worker pid=15404 on localhost:11670 at 11:07:10.961
starting worker pid=15421 on localhost:11670 at 11:07:11.514
starting worker pid=15434 on localhost:11670 at 11:07:12.015
starting worker pid=15450 on localhost:11670 at 11:07:12.512
starting worker pid=15466 on localhost:11670 at 11:07:13.008
starting worker pid=15480 on localhost:11670 at 11:07:13.503
starting worker pid=15494 on localhost:11670 at 11:07:13.997
starting worker pid=15511 on localhost:11670 at 11:07:14.491
starting worker pid=15525 on localhost:11670 at 11:07:15.005
starting worker pid=15538 on localhost:11670 at 11:07:15.568
2022-03-01 11:17:14 INFO::After iteration 2, gene prior 0.00310897448273779:, SNP prior:0.00187245672425771
2022-03-01 11:17:14 INFO::run iteration 3
starting worker pid=16689 on localhost:11670 at 11:17:15.147
starting worker pid=16703 on localhost:11670 at 11:17:15.705
starting worker pid=16717 on localhost:11670 at 11:17:16.228
starting worker pid=16730 on localhost:11670 at 11:17:16.727
starting worker pid=16744 on localhost:11670 at 11:17:17.226
starting worker pid=16759 on localhost:11670 at 11:17:17.724
starting worker pid=16772 on localhost:11670 at 11:17:18.222
starting worker pid=16786 on localhost:11670 at 11:17:18.735
starting worker pid=16799 on localhost:11670 at 11:17:19.235
starting worker pid=16814 on localhost:11670 at 11:17:19.739
2022-03-01 11:27:27 INFO::After iteration 3, gene prior 0.00353098589665711:, SNP prior:0.00177782549967706
2022-03-01 11:27:28 INFO::Blocks are filtered: 831 blocks left
2022-03-01 11:27:28 INFO::Run susie iteratively, getting accurate estimate ...
2022-03-01 11:27:28 INFO::run iteration 1
starting worker pid=17699 on localhost:11670 at 11:27:29.107
starting worker pid=17713 on localhost:11670 at 11:27:29.693
starting worker pid=17726 on localhost:11670 at 11:27:30.257
starting worker pid=17740 on localhost:11670 at 11:27:30.758
starting worker pid=17753 on localhost:11670 at 11:27:31.254
starting worker pid=17766 on localhost:11670 at 11:27:31.746
starting worker pid=17780 on localhost:11670 at 11:27:32.237
starting worker pid=17793 on localhost:11670 at 11:27:32.727
starting worker pid=17807 on localhost:11670 at 11:27:33.226
starting worker pid=17820 on localhost:11670 at 11:27:33.724
2022-03-01 11:33:13 INFO::After iteration 1, gene prior 0.00465247675768484:, SNP prior:0.00204314940230101
2022-03-01 11:33:13 INFO::run iteration 2
starting worker pid=18186 on localhost:11670 at 11:33:14.263
starting worker pid=18200 on localhost:11670 at 11:33:14.824
starting worker pid=18214 on localhost:11670 at 11:33:15.349
starting worker pid=18227 on localhost:11670 at 11:33:15.856
starting worker pid=18240 on localhost:11670 at 11:33:16.354
starting worker pid=18254 on localhost:11670 at 11:33:16.854
starting worker pid=18267 on localhost:11670 at 11:33:17.349
starting worker pid=18281 on localhost:11670 at 11:33:17.855
starting worker pid=18294 on localhost:11670 at 11:33:18.351
starting worker pid=18307 on localhost:11670 at 11:33:18.849
2022-03-01 11:38:56 INFO::After iteration 2, gene prior 0.00550273336372152:, SNP prior:0.00224371891359222
2022-03-01 11:38:56 INFO::run iteration 3
starting worker pid=18674 on localhost:11670 at 11:38:57.350
starting worker pid=18688 on localhost:11670 at 11:38:57.827
starting worker pid=18701 on localhost:11670 at 11:38:58.332
starting worker pid=18715 on localhost:11670 at 11:38:58.835
starting worker pid=18728 on localhost:11670 at 11:38:59.334
starting worker pid=18743 on localhost:11670 at 11:38:59.834
starting worker pid=18757 on localhost:11670 at 11:39:00.333
starting worker pid=18770 on localhost:11670 at 11:39:00.828
starting worker pid=18784 on localhost:11670 at 11:39:01.326
starting worker pid=18797 on localhost:11670 at 11:39:01.829
2022-03-01 11:44:36 INFO::After iteration 3, gene prior 0.00613772234344649:, SNP prior:0.0023910678915158
2022-03-01 11:44:37 INFO::run iteration 4
starting worker pid=19161 on localhost:11670 at 11:44:37.587
starting worker pid=19174 on localhost:11670 at 11:44:38.093
starting worker pid=19188 on localhost:11670 at 11:44:38.595
starting worker pid=19201 on localhost:11670 at 11:44:39.124
starting worker pid=19214 on localhost:11670 at 11:44:39.645
starting worker pid=19230 on localhost:11670 at 11:44:40.143
starting worker pid=19243 on localhost:11670 at 11:44:40.646
starting worker pid=19257 on localhost:11670 at 11:44:41.144
starting worker pid=19270 on localhost:11670 at 11:44:41.646
starting worker pid=19283 on localhost:11670 at 11:44:42.144
2022-03-01 11:50:16 INFO::After iteration 4, gene prior 0.00655472672739951:, SNP prior:0.00247850694124882
2022-03-01 11:50:16 INFO::run iteration 5
starting worker pid=20376 on localhost:11670 at 11:50:16.906
starting worker pid=20390 on localhost:11670 at 11:50:17.421
starting worker pid=20403 on localhost:11670 at 11:50:17.956
starting worker pid=20416 on localhost:11670 at 11:50:18.455
starting worker pid=20430 on localhost:11670 at 11:50:18.958
starting worker pid=20443 on localhost:11670 at 11:50:19.458
starting worker pid=20457 on localhost:11670 at 11:50:19.967
starting worker pid=20471 on localhost:11670 at 11:50:20.469
starting worker pid=20484 on localhost:11670 at 11:50:20.965
starting worker pid=20498 on localhost:11670 at 11:50:21.465
2022-03-01 11:55:55 INFO::After iteration 5, gene prior 0.00681145169061986:, SNP prior:0.0025211525237531
2022-03-01 11:55:56 INFO::run iteration 6
starting worker pid=20860 on localhost:11670 at 11:55:56.532
starting worker pid=20873 on localhost:11670 at 11:55:57.033
starting worker pid=20887 on localhost:11670 at 11:55:57.535
starting worker pid=20900 on localhost:11670 at 11:55:58.032
starting worker pid=20914 on localhost:11670 at 11:55:58.532
starting worker pid=20927 on localhost:11670 at 11:55:59.027
starting worker pid=20940 on localhost:11670 at 11:55:59.518
starting worker pid=20954 on localhost:11670 at 11:56:00.037
starting worker pid=20967 on localhost:11670 at 11:56:00.537
starting worker pid=20981 on localhost:11670 at 11:56:01.034
2022-03-01 12:01:35 INFO::After iteration 6, gene prior 0.00697171031497975:, SNP prior:0.00253948592331912
2022-03-01 12:01:35 INFO::run iteration 7
starting worker pid=21410 on localhost:11670 at 12:01:36.274
starting worker pid=21423 on localhost:11670 at 12:01:36.784
starting worker pid=21437 on localhost:11670 at 12:01:37.285
starting worker pid=21450 on localhost:11670 at 12:01:37.785
starting worker pid=21463 on localhost:11670 at 12:01:38.283
starting worker pid=21477 on localhost:11670 at 12:01:38.789
starting worker pid=21490 on localhost:11670 at 12:01:39.294
starting worker pid=21504 on localhost:11670 at 12:01:39.795
starting worker pid=21517 on localhost:11670 at 12:01:40.315
starting worker pid=21531 on localhost:11670 at 12:01:40.816
2022-03-01 12:07:26 INFO::After iteration 7, gene prior 0.00707829045491496:, SNP prior:0.00254651037050159
2022-03-01 12:07:26 INFO::run iteration 8
starting worker pid=21902 on localhost:11670 at 12:07:26.882
starting worker pid=21916 on localhost:11670 at 12:07:27.385
starting worker pid=21929 on localhost:11670 at 12:07:27.883
starting worker pid=21943 on localhost:11670 at 12:07:28.384
starting worker pid=21956 on localhost:11670 at 12:07:28.883
starting worker pid=21970 on localhost:11670 at 12:07:29.384
starting worker pid=21983 on localhost:11670 at 12:07:29.885
starting worker pid=21996 on localhost:11670 at 12:07:30.384
starting worker pid=22010 on localhost:11670 at 12:07:30.886
starting worker pid=22023 on localhost:11670 at 12:07:31.389
2022-03-01 12:13:19 INFO::After iteration 8, gene prior 0.00715396567642048:, SNP prior:0.00254862936420582
2022-03-01 12:13:20 INFO::run iteration 9
starting worker pid=22397 on localhost:11670 at 12:13:20.610
starting worker pid=22410 on localhost:11670 at 12:13:21.131
starting worker pid=22423 on localhost:11670 at 12:13:21.654
starting worker pid=22438 on localhost:11670 at 12:13:22.158
starting worker pid=22451 on localhost:11670 at 12:13:22.655
starting worker pid=22465 on localhost:11670 at 12:13:23.158
starting worker pid=22478 on localhost:11670 at 12:13:23.654
starting worker pid=22491 on localhost:11670 at 12:13:24.157
starting worker pid=22505 on localhost:11670 at 12:13:24.659
starting worker pid=22518 on localhost:11670 at 12:13:25.157
2022-03-01 12:19:12 INFO::After iteration 9, gene prior 0.00721054777948978:, SNP prior:0.00254873370587849
2022-03-01 12:19:12 INFO::run iteration 10
starting worker pid=23613 on localhost:11670 at 12:19:13.349
starting worker pid=23626 on localhost:11670 at 12:19:13.881
starting worker pid=23640 on localhost:11670 at 12:19:14.414
starting worker pid=23653 on localhost:11670 at 12:19:14.924
starting worker pid=23666 on localhost:11670 at 12:19:15.422
starting worker pid=23680 on localhost:11670 at 12:19:15.928
starting worker pid=23693 on localhost:11670 at 12:19:16.425
starting worker pid=23707 on localhost:11670 at 12:19:16.927
starting worker pid=23720 on localhost:11670 at 12:19:17.426
starting worker pid=23733 on localhost:11670 at 12:19:17.927
2022-03-01 12:25:06 INFO::After iteration 10, gene prior 0.00725443540420802:, SNP prior:0.00254810592018842
2022-03-01 12:25:06 INFO::run iteration 11
starting worker pid=24111 on localhost:11670 at 12:25:07.416
starting worker pid=24124 on localhost:11670 at 12:25:07.885
starting worker pid=24178 on localhost:11670 at 12:25:08.356
starting worker pid=24212 on localhost:11670 at 12:25:08.858
starting worker pid=24226 on localhost:11670 at 12:25:09.358
starting worker pid=24244 on localhost:11670 at 12:25:09.854
starting worker pid=24257 on localhost:11670 at 12:25:10.354
starting worker pid=24288 on localhost:11670 at 12:25:10.846
starting worker pid=24301 on localhost:11670 at 12:25:11.346
starting worker pid=24315 on localhost:11670 at 12:25:11.838
2022-03-01 12:30:58 INFO::After iteration 11, gene prior 0.00728925799761701:, SNP prior:0.00254728015846253
2022-03-01 12:30:58 INFO::run iteration 12
starting worker pid=24685 on localhost:11670 at 12:30:59.224
starting worker pid=24699 on localhost:11670 at 12:30:59.793
starting worker pid=24713 on localhost:11670 at 12:31:00.317
starting worker pid=24726 on localhost:11670 at 12:31:00.815
starting worker pid=24739 on localhost:11670 at 12:31:01.317
starting worker pid=24753 on localhost:11670 at 12:31:01.813
starting worker pid=24766 on localhost:11670 at 12:31:02.316
starting worker pid=24780 on localhost:11670 at 12:31:02.821
starting worker pid=24793 on localhost:11670 at 12:31:03.318
starting worker pid=24807 on localhost:11670 at 12:31:03.815
2022-03-01 12:36:47 INFO::After iteration 12, gene prior 0.00731725523348119:, SNP prior:0.00254646784973387
2022-03-01 12:36:47 INFO::run iteration 13
starting worker pid=25277 on localhost:11670 at 12:36:48.457
starting worker pid=25291 on localhost:11670 at 12:36:48.978
starting worker pid=25304 on localhost:11670 at 12:36:49.475
starting worker pid=25317 on localhost:11670 at 12:36:49.968
starting worker pid=25331 on localhost:11670 at 12:36:50.468
starting worker pid=25344 on localhost:11670 at 12:36:50.965
starting worker pid=25358 on localhost:11670 at 12:36:51.462
starting worker pid=25371 on localhost:11670 at 12:36:51.967
starting worker pid=25384 on localhost:11670 at 12:36:52.458
starting worker pid=25398 on localhost:11670 at 12:36:52.953
2022-03-01 12:42:41 INFO::After iteration 13, gene prior 0.00733993120079357:, SNP prior:0.00254574337132632
2022-03-01 12:42:41 INFO::run iteration 14
starting worker pid=25776 on localhost:11670 at 12:42:42.005
starting worker pid=25789 on localhost:11670 at 12:42:42.536
starting worker pid=25803 on localhost:11670 at 12:42:43.064
starting worker pid=25816 on localhost:11670 at 12:42:43.563
starting worker pid=25830 on localhost:11670 at 12:42:44.068
starting worker pid=25843 on localhost:11670 at 12:42:44.570
starting worker pid=25857 on localhost:11670 at 12:42:45.075
starting worker pid=25870 on localhost:11670 at 12:42:45.578
starting worker pid=25883 on localhost:11670 at 12:42:46.074
starting worker pid=25897 on localhost:11670 at 12:42:46.574
2022-03-01 12:48:33 INFO::After iteration 14, gene prior 0.00735837019106001:, SNP prior:0.00254512462606484
2022-03-01 12:48:33 INFO::run iteration 15
starting worker pid=26992 on localhost:11670 at 12:48:34.426
starting worker pid=27006 on localhost:11670 at 12:48:34.981
starting worker pid=27019 on localhost:11670 at 12:48:35.497
starting worker pid=27032 on localhost:11670 at 12:48:35.996
starting worker pid=27046 on localhost:11670 at 12:48:36.494
starting worker pid=27059 on localhost:11670 at 12:48:36.995
starting worker pid=27073 on localhost:11670 at 12:48:37.498
starting worker pid=27086 on localhost:11670 at 12:48:37.987
starting worker pid=27099 on localhost:11670 at 12:48:38.475
starting worker pid=27113 on localhost:11670 at 12:48:38.976
2022-03-01 12:54:25 INFO::After iteration 15, gene prior 0.00737339458518949:, SNP prior:0.00254460718837049
2022-03-01 12:54:25 INFO::run iteration 16
starting worker pid=27486 on localhost:11670 at 12:54:25.734
starting worker pid=27500 on localhost:11670 at 12:54:26.280
starting worker pid=27514 on localhost:11670 at 12:54:26.834
starting worker pid=27528 on localhost:11670 at 12:54:27.333
starting worker pid=27541 on localhost:11670 at 12:54:27.828
starting worker pid=27556 on localhost:11670 at 12:54:28.334
starting worker pid=27569 on localhost:11670 at 12:54:28.834
starting worker pid=27582 on localhost:11670 at 12:54:29.332
starting worker pid=27596 on localhost:11670 at 12:54:29.832
starting worker pid=27609 on localhost:11670 at 12:54:30.327
2022-03-01 13:00:16 INFO::After iteration 16, gene prior 0.00738564906904308:, SNP prior:0.00254417883480813
2022-03-01 13:00:16 INFO::run iteration 17
starting worker pid=27986 on localhost:11670 at 13:00:17.217
starting worker pid=27999 on localhost:11670 at 13:00:17.747
starting worker pid=28012 on localhost:11670 at 13:00:18.262
starting worker pid=28026 on localhost:11670 at 13:00:18.761
starting worker pid=28039 on localhost:11670 at 13:00:19.258
starting worker pid=28053 on localhost:11670 at 13:00:19.764
starting worker pid=28066 on localhost:11670 at 13:00:20.329
starting worker pid=28080 on localhost:11670 at 13:00:20.852
starting worker pid=28093 on localhost:11670 at 13:00:21.350
starting worker pid=28106 on localhost:11670 at 13:00:21.854
2022-03-01 13:06:08 INFO::After iteration 17, gene prior 0.007395649280295:, SNP prior:0.00254382647317819
2022-03-01 13:06:08 INFO::run iteration 18
starting worker pid=28475 on localhost:11670 at 13:06:08.724
starting worker pid=28488 on localhost:11670 at 13:06:09.261
starting worker pid=28502 on localhost:11670 at 13:06:09.758
starting worker pid=28515 on localhost:11670 at 13:06:10.255
starting worker pid=28528 on localhost:11670 at 13:06:10.756
starting worker pid=28542 on localhost:11670 at 13:06:11.255
starting worker pid=28555 on localhost:11670 at 13:06:11.749
starting worker pid=28569 on localhost:11670 at 13:06:12.248
starting worker pid=28582 on localhost:11670 at 13:06:12.750
starting worker pid=28595 on localhost:11670 at 13:06:13.250
2022-03-01 13:11:57 INFO::After iteration 18, gene prior 0.00740381141521688:, SNP prior:0.00254353762394756
2022-03-01 13:11:57 INFO::run iteration 19
starting worker pid=29034 on localhost:11670 at 13:11:57.954
starting worker pid=29048 on localhost:11670 at 13:11:58.524
starting worker pid=29061 on localhost:11670 at 13:11:59.053
starting worker pid=29075 on localhost:11670 at 13:11:59.558
starting worker pid=29088 on localhost:11670 at 13:12:00.056
starting worker pid=29102 on localhost:11670 at 13:12:00.548
starting worker pid=29115 on localhost:11670 at 13:12:01.048
starting worker pid=29128 on localhost:11670 at 13:12:01.542
starting worker pid=29142 on localhost:11670 at 13:12:02.043
starting worker pid=29155 on localhost:11670 at 13:12:02.545
2022-03-01 13:17:47 INFO::After iteration 19, gene prior 0.00741047353125898:, SNP prior:0.00254330129552764
2022-03-01 13:17:47 INFO::run iteration 20
starting worker pid=30024 on localhost:11670 at 13:17:47.785
starting worker pid=30037 on localhost:11670 at 13:17:48.317
starting worker pid=30051 on localhost:11670 at 13:17:48.827
starting worker pid=30064 on localhost:11670 at 13:17:49.330
starting worker pid=30078 on localhost:11670 at 13:17:49.827
starting worker pid=30091 on localhost:11670 at 13:17:50.323
starting worker pid=30104 on localhost:11670 at 13:17:50.827
starting worker pid=30118 on localhost:11670 at 13:17:51.327
starting worker pid=30131 on localhost:11670 at 13:17:51.829
starting worker pid=30145 on localhost:11670 at 13:17:52.328
2022-03-01 13:23:39 INFO::After iteration 20, gene prior 0.0074159110876037:, SNP prior:0.00254310815092432
2022-03-01 13:23:40 INFO::run iteration 21
starting worker pid=30744 on localhost:11670 at 13:23:40.646
starting worker pid=30758 on localhost:11670 at 13:23:41.153
starting worker pid=30771 on localhost:11670 at 13:23:41.677
starting worker pid=30784 on localhost:11670 at 13:23:42.176
starting worker pid=30798 on localhost:11670 at 13:23:42.667
starting worker pid=30811 on localhost:11670 at 13:23:43.166
starting worker pid=30825 on localhost:11670 at 13:23:43.667
starting worker pid=30839 on localhost:11670 at 13:23:44.168
starting worker pid=30852 on localhost:11670 at 13:23:44.670
starting worker pid=30866 on localhost:11670 at 13:23:45.170
2022-03-01 13:29:35 INFO::After iteration 21, gene prior 0.0074203488730496:, SNP prior:0.00254295040116317
2022-03-01 13:29:35 INFO::run iteration 22
starting worker pid=31250 on localhost:11670 at 13:29:36.002
starting worker pid=31264 on localhost:11670 at 13:29:36.547
starting worker pid=31283 on localhost:11670 at 13:29:37.045
starting worker pid=31297 on localhost:11670 at 13:29:37.544
starting worker pid=31310 on localhost:11670 at 13:29:38.037
starting worker pid=31324 on localhost:11670 at 13:29:38.538
starting worker pid=31337 on localhost:11670 at 13:29:39.034
starting worker pid=31350 on localhost:11670 at 13:29:39.529
starting worker pid=31364 on localhost:11670 at 13:29:40.026
starting worker pid=31377 on localhost:11670 at 13:29:40.532
2022-03-01 13:35:30 INFO::After iteration 22, gene prior 0.00742397044246307:, SNP prior:0.00254282161039083
2022-03-01 13:35:30 INFO::run iteration 23
starting worker pid=31752 on localhost:11670 at 13:35:31.357
starting worker pid=31766 on localhost:11670 at 13:35:31.861
starting worker pid=31779 on localhost:11670 at 13:35:32.394
starting worker pid=31792 on localhost:11670 at 13:35:32.906
starting worker pid=31807 on localhost:11670 at 13:35:33.404
starting worker pid=31820 on localhost:11670 at 13:35:33.896
starting worker pid=31834 on localhost:11670 at 13:35:34.392
starting worker pid=31847 on localhost:11670 at 13:35:34.896
starting worker pid=31860 on localhost:11670 at 13:35:35.395
starting worker pid=31874 on localhost:11670 at 13:35:35.887
2022-03-01 13:41:22 INFO::After iteration 23, gene prior 0.00742692570917184:, SNP prior:0.00254271648839207
2022-03-01 13:41:22 INFO::run iteration 24
starting worker pid=32243 on localhost:11670 at 13:41:22.707
starting worker pid=32257 on localhost:11670 at 13:41:23.205
starting worker pid=32270 on localhost:11670 at 13:41:23.713
starting worker pid=32284 on localhost:11670 at 13:41:24.218
starting worker pid=32297 on localhost:11670 at 13:41:24.715
starting worker pid=32310 on localhost:11670 at 13:41:25.213
starting worker pid=32325 on localhost:11670 at 13:41:25.714
starting worker pid=32338 on localhost:11670 at 13:41:26.216
starting worker pid=32419 on localhost:11670 at 13:41:26.716
starting worker pid=32432 on localhost:11670 at 13:41:27.209
2022-03-01 13:47:14 INFO::After iteration 24, gene prior 0.00742933710827685:, SNP prior:0.00254263069930194
2022-03-01 13:47:14 INFO::run iteration 25
starting worker pid=33301 on localhost:11670 at 13:47:14.836
starting worker pid=33315 on localhost:11670 at 13:47:15.368
starting worker pid=33328 on localhost:11670 at 13:47:15.894
starting worker pid=33342 on localhost:11670 at 13:47:16.387
starting worker pid=33355 on localhost:11670 at 13:47:16.889
starting worker pid=33369 on localhost:11670 at 13:47:17.387
starting worker pid=33382 on localhost:11670 at 13:47:17.878
starting worker pid=33395 on localhost:11670 at 13:47:18.375
starting worker pid=33409 on localhost:11670 at 13:47:18.867
starting worker pid=33422 on localhost:11670 at 13:47:19.364
2022-03-01 13:53:08 INFO::After iteration 25, gene prior 0.00743130462205531:, SNP prior:0.00254256069539823
2022-03-01 13:53:08 INFO::run iteration 26
starting worker pid=34046 on localhost:11670 at 13:53:08.694
starting worker pid=34059 on localhost:11670 at 13:53:09.227
starting worker pid=34072 on localhost:11670 at 13:53:09.743
starting worker pid=34086 on localhost:11670 at 13:53:10.241
starting worker pid=34099 on localhost:11670 at 13:53:10.737
starting worker pid=34113 on localhost:11670 at 13:53:11.234
starting worker pid=34126 on localhost:11670 at 13:53:11.730
starting worker pid=34139 on localhost:11670 at 13:53:12.232
starting worker pid=34153 on localhost:11670 at 13:53:12.726
starting worker pid=34166 on localhost:11670 at 13:53:13.218
2022-03-01 13:59:00 INFO::After iteration 26, gene prior 0.00743290988578625:, SNP prior:0.002542503576733
2022-03-01 13:59:00 INFO::run iteration 27
starting worker pid=34544 on localhost:11670 at 13:59:01.362
starting worker pid=34557 on localhost:11670 at 13:59:01.939
starting worker pid=34571 on localhost:11670 at 13:59:02.473
starting worker pid=34584 on localhost:11670 at 13:59:02.975
starting worker pid=34598 on localhost:11670 at 13:59:03.475
starting worker pid=34612 on localhost:11670 at 13:59:03.977
starting worker pid=34625 on localhost:11670 at 13:59:04.475
starting worker pid=34646 on localhost:11670 at 13:59:04.972
starting worker pid=34659 on localhost:11670 at 13:59:05.469
starting worker pid=34673 on localhost:11670 at 13:59:05.967
2022-03-01 14:04:53 INFO::After iteration 27, gene prior 0.00743421954480445:, SNP prior:0.00254245697431459
2022-03-01 14:04:53 INFO::run iteration 28
starting worker pid=35044 on localhost:11670 at 14:04:53.770
starting worker pid=35057 on localhost:11670 at 14:04:54.271
starting worker pid=35071 on localhost:11670 at 14:04:54.765
starting worker pid=35084 on localhost:11670 at 14:04:55.258
starting worker pid=35097 on localhost:11670 at 14:04:55.755
starting worker pid=35111 on localhost:11670 at 14:04:56.258
starting worker pid=35124 on localhost:11670 at 14:04:56.760
starting worker pid=35138 on localhost:11670 at 14:04:57.256
starting worker pid=35151 on localhost:11670 at 14:04:57.756
starting worker pid=35164 on localhost:11670 at 14:04:58.257
2022-03-01 14:10:45 INFO::After iteration 28, gene prior 0.00743528799970275:, SNP prior:0.00254241895365923
2022-03-01 14:10:45 INFO::run iteration 29
starting worker pid=35535 on localhost:11670 at 14:10:45.805
starting worker pid=35548 on localhost:11670 at 14:10:46.348
starting worker pid=35561 on localhost:11670 at 14:10:46.877
starting worker pid=35575 on localhost:11670 at 14:10:47.382
starting worker pid=35588 on localhost:11670 at 14:10:47.877
starting worker pid=35602 on localhost:11670 at 14:10:48.375
starting worker pid=35615 on localhost:11670 at 14:10:48.876
starting worker pid=35628 on localhost:11670 at 14:10:49.373
starting worker pid=35643 on localhost:11670 at 14:10:49.868
starting worker pid=35656 on localhost:11670 at 14:10:50.364
2022-03-01 14:16:37 INFO::After iteration 29, gene prior 0.00743615965085524:, SNP prior:0.00254238793551478
2022-03-01 14:16:37 INFO::run iteration 30
starting worker pid=36153 on localhost:11670 at 14:16:37.743
starting worker pid=36244 on localhost:11670 at 14:16:38.282
starting worker pid=36347 on localhost:11670 at 14:16:38.816
starting worker pid=36425 on localhost:11670 at 14:16:39.347
starting worker pid=36531 on localhost:11670 at 14:16:39.853
starting worker pid=36611 on localhost:11670 at 14:16:40.368
starting worker pid=36677 on localhost:11670 at 14:16:40.868
starting worker pid=36690 on localhost:11670 at 14:16:41.367
starting worker pid=36704 on localhost:11670 at 14:16:41.862
starting worker pid=36717 on localhost:11670 at 14:16:42.364
2022-03-01 14:22:27 INFO::After iteration 30, gene prior 0.00743687073308893:, SNP prior:0.00254236263086821
2022-03-01 14:22:27 INFO::Run susie for all regions.
2022-03-01 14:22:27 INFO::run iteration 1
starting worker pid=37315 on localhost:11670 at 14:22:28.257
starting worker pid=37329 on localhost:11670 at 14:22:28.761
starting worker pid=37342 on localhost:11670 at 14:22:29.280
starting worker pid=37356 on localhost:11670 at 14:22:29.781
starting worker pid=37369 on localhost:11670 at 14:22:30.276
starting worker pid=37382 on localhost:11670 at 14:22:30.773
starting worker pid=37396 on localhost:11670 at 14:22:31.268
starting worker pid=37409 on localhost:11670 at 14:22:31.764
starting worker pid=37423 on localhost:11670 at 14:22:32.255
starting worker pid=37436 on localhost:11670 at 14:22:32.756
2022-03-01 14:33:06 INFO::After iteration 1, gene prior 0.0220265120943913:, SNP prior:0.00920432628197498
2022-03-01 14:33:07 INFO::No. LD regions: 1700
2022-03-01 14:33:13 INFO::No. regions with at least one SNP/gene for chr1: 131
2022-03-01 14:33:13 INFO::Merge regions for chr1
2022-03-01 14:33:13 INFO::No. regions with at least one SNP/gene for chr1 after merging: 130
2022-03-01 14:33:19 INFO::No. regions with at least one SNP/gene for chr2: 144
2022-03-01 14:33:19 INFO::Merge regions for chr2
2022-03-01 14:33:19 INFO::No. regions with at least one SNP/gene for chr2 after merging: 144
2022-03-01 14:33:25 INFO::No. regions with at least one SNP/gene for chr3: 122
2022-03-01 14:33:25 INFO::Merge regions for chr3
2022-03-01 14:33:25 INFO::No. regions with at least one SNP/gene for chr3 after merging: 122
2022-03-01 14:33:30 INFO::No. regions with at least one SNP/gene for chr4: 122
2022-03-01 14:33:30 INFO::Merge regions for chr4
2022-03-01 14:33:30 INFO::No. regions with at least one SNP/gene for chr4 after merging: 122
2022-03-01 14:33:35 INFO::No. regions with at least one SNP/gene for chr5: 110
2022-03-01 14:33:35 INFO::Merge regions for chr5
2022-03-01 14:33:35 INFO::No. regions with at least one SNP/gene for chr5 after merging: 110
2022-03-01 14:33:39 INFO::No. regions with at least one SNP/gene for chr6: 112
2022-03-01 14:33:39 INFO::Merge regions for chr6
2022-03-01 14:33:39 INFO::No. regions with at least one SNP/gene for chr6 after merging: 112
2022-03-01 14:33:43 INFO::No. regions with at least one SNP/gene for chr7: 99
2022-03-01 14:33:43 INFO::Merge regions for chr7
2022-03-01 14:33:43 INFO::No. regions with at least one SNP/gene for chr7 after merging: 97
2022-03-01 14:33:47 INFO::No. regions with at least one SNP/gene for chr8: 94
2022-03-01 14:33:47 INFO::Merge regions for chr8
2022-03-01 14:33:47 INFO::No. regions with at least one SNP/gene for chr8 after merging: 94
2022-03-01 14:33:50 INFO::No. regions with at least one SNP/gene for chr9: 74
2022-03-01 14:33:50 INFO::Merge regions for chr9
2022-03-01 14:33:50 INFO::No. regions with at least one SNP/gene for chr9 after merging: 74
2022-03-01 14:33:53 INFO::No. regions with at least one SNP/gene for chr10: 85
2022-03-01 14:33:53 INFO::Merge regions for chr10
2022-03-01 14:33:53 INFO::No. regions with at least one SNP/gene for chr10 after merging: 83
2022-03-01 14:33:57 INFO::No. regions with at least one SNP/gene for chr11: 84
2022-03-01 14:33:57 INFO::Merge regions for chr11
2022-03-01 14:33:57 INFO::No. regions with at least one SNP/gene for chr11 after merging: 83
2022-03-01 14:34:00 INFO::No. regions with at least one SNP/gene for chr12: 82
2022-03-01 14:34:00 INFO::Merge regions for chr12
2022-03-01 14:34:00 INFO::No. regions with at least one SNP/gene for chr12 after merging: 81
2022-03-01 14:34:03 INFO::No. regions with at least one SNP/gene for chr13: 62
2022-03-01 14:34:03 INFO::Merge regions for chr13
2022-03-01 14:34:03 INFO::No. regions with at least one SNP/gene for chr13 after merging: 62
2022-03-01 14:34:05 INFO::No. regions with at least one SNP/gene for chr14: 56
2022-03-01 14:34:05 INFO::Merge regions for chr14
2022-03-01 14:34:05 INFO::No. regions with at least one SNP/gene for chr14 after merging: 56
2022-03-01 14:34:07 INFO::No. regions with at least one SNP/gene for chr15: 49
2022-03-01 14:34:07 INFO::Merge regions for chr15
2022-03-01 14:34:07 INFO::No. regions with at least one SNP/gene for chr15 after merging: 48
2022-03-01 14:34:09 INFO::No. regions with at least one SNP/gene for chr16: 54
2022-03-01 14:34:09 INFO::Merge regions for chr16
2022-03-01 14:34:09 INFO::No. regions with at least one SNP/gene for chr16 after merging: 54
2022-03-01 14:34:11 INFO::No. regions with at least one SNP/gene for chr17: 47
2022-03-01 14:34:11 INFO::Merge regions for chr17
2022-03-01 14:34:11 INFO::No. regions with at least one SNP/gene for chr17 after merging: 45
2022-03-01 14:34:13 INFO::No. regions with at least one SNP/gene for chr18: 47
2022-03-01 14:34:13 INFO::Merge regions for chr18
2022-03-01 14:34:13 INFO::No. regions with at least one SNP/gene for chr18 after merging: 47
2022-03-01 14:34:16 INFO::No. regions with at least one SNP/gene for chr19: 39
2022-03-01 14:34:16 INFO::Merge regions for chr19
2022-03-01 14:34:16 INFO::No. regions with at least one SNP/gene for chr19 after merging: 39
2022-03-01 14:34:17 INFO::No. regions with at least one SNP/gene for chr20: 38
2022-03-01 14:34:17 INFO::Merge regions for chr20
2022-03-01 14:34:17 INFO::No. regions with at least one SNP/gene for chr20 after merging: 38
2022-03-01 14:34:18 INFO::No. regions with at least one SNP/gene for chr21: 24
2022-03-01 14:34:18 INFO::Merge regions for chr21
2022-03-01 14:34:18 INFO::No. regions with at least one SNP/gene for chr21 after merging: 24
2022-03-01 14:34:19 INFO::No. regions with at least one SNP/gene for chr22: 24
2022-03-01 14:34:19 INFO::Merge regions for chr22
2022-03-01 14:34:19 INFO::No. regions with at least one SNP/gene for chr22 after merging: 24
2022-03-01 14:34:19 INFO::Trim regions with SNPs more than 20000
2022-03-01 14:34:19 INFO::Adding R matrix info, as genotype is not given
2022-03-01 14:34:20 INFO::Adding R matrix info for chrom 1
2022-03-01 14:46:55 INFO::Adding R matrix info for chrom 2
2022-03-01 14:58:27 INFO::Adding R matrix info for chrom 3
2022-03-01 15:07:13 INFO::Adding R matrix info for chrom 4
2022-03-01 15:15:23 INFO::Adding R matrix info for chrom 5
2022-03-01 15:22:51 INFO::Adding R matrix info for chrom 6
2022-03-01 15:31:19 INFO::Adding R matrix info for chrom 7
2022-03-01 15:40:13 INFO::Adding R matrix info for chrom 8
2022-03-01 15:47:05 INFO::Adding R matrix info for chrom 9
2022-03-01 15:53:25 INFO::Adding R matrix info for chrom 10
2022-03-01 16:01:31 INFO::Adding R matrix info for chrom 11
2022-03-01 16:09:55 INFO::Adding R matrix info for chrom 12
2022-03-01 16:17:51 INFO::Adding R matrix info for chrom 13
2022-03-01 16:22:08 INFO::Adding R matrix info for chrom 14
2022-03-01 16:27:21 INFO::Adding R matrix info for chrom 15
2022-03-01 16:31:58 INFO::Adding R matrix info for chrom 16
2022-03-01 16:37:00 INFO::Adding R matrix info for chrom 17
2022-03-01 16:44:00 INFO::Adding R matrix info for chrom 18
2022-03-01 16:47:22 INFO::Adding R matrix info for chrom 19
2022-03-01 16:54:24 INFO::Adding R matrix info for chrom 20
2022-03-01 16:58:21 INFO::Adding R matrix info for chrom 21
2022-03-01 17:00:05 INFO::Adding R matrix info for chrom 22
2022-03-01 17:05:39 INFO::Number of regions that contains strong gene signals: 9
2022-03-01 17:05:39 INFO::Rerun susie for regions with strong gene signals using full SNPs.
2022-03-01 17:05:39 INFO::run iteration 1
starting worker pid=51391 on localhost:11670 at 17:05:40.343
2022-03-01 17:08:52 INFO::After iteration 1, gene prior 0.051469462618386:, SNP prior:0.000840434279559173
$group_prior
[1] 0.0074368707 0.0002542363

$group_prior_var
[1] 12.341736  8.237178

R version 3.6.1 (2019-07-05)
Platform: x86_64-pc-linux-gnu (64-bit)
Running under: Scientific Linux 7.4 (Nitrogen)

Matrix products: default
BLAS/LAPACK: /software/openblas-0.2.19-el7-x86_64/lib/libopenblas_haswellp-r0.2.19.so

locale:
[1] C

attached base packages:
[1] stats     graphics  grDevices utils     datasets  methods   base     

other attached packages:
[1] data.table_1.14.2 ctwas_0.1.32     

loaded via a namespace (and not attached):
 [1] Rcpp_1.0.8                  lattice_0.20-38            
 [3] gwasvcf_0.1.0               prettyunits_1.1.1          
 [5] Rsamtools_2.0.0             Biostrings_2.52.0          
 [7] assertthat_0.2.1            foreach_1.5.2              
 [9] utf8_1.2.2                  R6_2.5.1                   
[11] GenomeInfoDb_1.20.0         stats4_3.6.1               
[13] RSQLite_2.2.8               httr_1.4.2                 
[15] pillar_1.6.4                zlibbioc_1.30.0            
[17] rlang_1.0.1                 GenomicFeatures_1.36.3     
[19] progress_1.2.2              blob_1.2.2                 
[21] S4Vectors_0.22.1            Matrix_1.2-18              
[23] BiocParallel_1.18.0         readr_2.1.1                
[25] stringr_1.4.0               RCurl_1.98-1.5             
[27] bit_4.0.4                   biomaRt_2.40.1             
[29] DelayedArray_0.10.0         compiler_3.6.1             
[31] rtracklayer_1.44.4          pkgconfig_2.0.3            
[33] BiocGenerics_0.30.0         tidyselect_1.1.1           
[35] SummarizedExperiment_1.14.1 tibble_3.1.6               
[37] GenomeInfoDbData_1.2.1      logging_0.10-108           
[39] IRanges_2.18.1              codetools_0.2-16           
[41] matrixStats_0.57.0          XML_3.99-0.3               
[43] fansi_1.0.2                 tzdb_0.2.0                 
[45] crayon_1.5.0                dplyr_1.0.7                
[47] GenomicAlignments_1.20.1    bitops_1.0-7               
[49] grid_3.6.1                  lifecycle_1.0.1            
[51] DBI_1.1.2                   magrittr_2.0.2             
[53] cli_3.1.0                   stringi_1.7.6              
[55] cachem_1.0.6                XVector_0.24.0             
[57] doParallel_1.0.17           pgenlibr_0.3.1             
[59] ellipsis_0.3.2              vctrs_0.3.8                
[61] generics_0.1.1              iterators_1.0.14           
[63] tools_3.6.1                 bit64_4.0.5                
[65] BSgenome_1.52.0             Biobase_2.44.0             
[67] glue_1.6.2                  purrr_0.3.4                
[69] hms_1.1.1                   parallel_3.6.1             
[71] fastmap_1.1.0               AnnotationDbi_1.46.0       
[73] GenomicRanges_1.36.1        memoise_2.0.1              
[75] VariantAnnotation_1.30.1   
