[1] "/project2/xinhe/shengqian/cTWAS/cTWAS_analysis/data/UKBB/ieu-b-42.vcf.gz"          
[2] "/project2/mstephens/wcrouse/UKB_LDR_0.1"                                           
[3] "/project2/compbio/predictdb/mashr_models/mashr_Brain_Hippocampus.db"               
[4] "/project2/xinhe/shengqian/cTWAS/cTWAS_analysis/code/ctwas_config.R"                
[5] "SCZ_Brain_Hippocampus_expr"                                                        
[6] "SCZ_Brain_Hippocampus_ctwas"                                                       
[7] "/project2/xinhe/shengqian/cTWAS/cTWAS_analysis/data/SCZ_2014_EUR/Brain_Hippocampus"
2022-03-13 16:03:08 INFO::ctwas started ...
2022-03-13 16:03:50 INFO::LD region file: /home/shengqian/R/x86_64-pc-linux-gnu-library/3.6/ctwas/extdata/ldetect/EUR.b38.bed
2022-03-13 16:04:03 INFO::No. LD regions: 1700
2022-03-13 16:04:14 INFO::No. regions with at least one SNP/gene for chr1: 131
2022-03-13 16:04:14 INFO::Merge regions for chr1
2022-03-13 16:04:14 INFO::No. regions with at least one SNP/gene for chr1 after merging: 129
2022-03-13 16:04:30 INFO::No. regions with at least one SNP/gene for chr2: 144
2022-03-13 16:04:30 INFO::Merge regions for chr2
2022-03-13 16:04:30 INFO::No. regions with at least one SNP/gene for chr2 after merging: 142
2022-03-13 16:04:40 INFO::No. regions with at least one SNP/gene for chr3: 122
2022-03-13 16:04:40 INFO::Merge regions for chr3
2022-03-13 16:04:40 INFO::No. regions with at least one SNP/gene for chr3 after merging: 120
2022-03-13 16:04:47 INFO::No. regions with at least one SNP/gene for chr4: 122
2022-03-13 16:04:47 INFO::Merge regions for chr4
2022-03-13 16:04:47 INFO::No. regions with at least one SNP/gene for chr4 after merging: 122
2022-03-13 16:04:53 INFO::No. regions with at least one SNP/gene for chr5: 110
2022-03-13 16:04:53 INFO::Merge regions for chr5
2022-03-13 16:04:53 INFO::No. regions with at least one SNP/gene for chr5 after merging: 110
2022-03-13 16:05:00 INFO::No. regions with at least one SNP/gene for chr6: 112
2022-03-13 16:05:00 INFO::Merge regions for chr6
2022-03-13 16:05:00 INFO::No. regions with at least one SNP/gene for chr6 after merging: 110
2022-03-13 16:05:07 INFO::No. regions with at least one SNP/gene for chr7: 99
2022-03-13 16:05:07 INFO::Merge regions for chr7
2022-03-13 16:05:07 INFO::No. regions with at least one SNP/gene for chr7 after merging: 97
2022-03-13 16:05:13 INFO::No. regions with at least one SNP/gene for chr8: 94
2022-03-13 16:05:13 INFO::Merge regions for chr8
2022-03-13 16:05:13 INFO::No. regions with at least one SNP/gene for chr8 after merging: 91
2022-03-13 16:05:17 INFO::No. regions with at least one SNP/gene for chr9: 74
2022-03-13 16:05:17 INFO::Merge regions for chr9
2022-03-13 16:05:17 INFO::No. regions with at least one SNP/gene for chr9 after merging: 74
2022-03-13 16:05:22 INFO::No. regions with at least one SNP/gene for chr10: 85
2022-03-13 16:05:22 INFO::Merge regions for chr10
2022-03-13 16:05:22 INFO::No. regions with at least one SNP/gene for chr10 after merging: 84
2022-03-13 16:05:26 INFO::No. regions with at least one SNP/gene for chr11: 84
2022-03-13 16:05:26 INFO::Merge regions for chr11
2022-03-13 16:05:26 INFO::No. regions with at least one SNP/gene for chr11 after merging: 82
2022-03-13 16:05:31 INFO::No. regions with at least one SNP/gene for chr12: 82
2022-03-13 16:05:31 INFO::Merge regions for chr12
2022-03-13 16:05:31 INFO::No. regions with at least one SNP/gene for chr12 after merging: 81
2022-03-13 16:05:35 INFO::No. regions with at least one SNP/gene for chr13: 62
2022-03-13 16:05:35 INFO::Merge regions for chr13
2022-03-13 16:05:35 INFO::No. regions with at least one SNP/gene for chr13 after merging: 61
2022-03-13 16:05:37 INFO::No. regions with at least one SNP/gene for chr14: 56
2022-03-13 16:05:37 INFO::Merge regions for chr14
2022-03-13 16:05:37 INFO::No. regions with at least one SNP/gene for chr14 after merging: 53
2022-03-13 16:05:41 INFO::No. regions with at least one SNP/gene for chr15: 50
2022-03-13 16:05:41 INFO::Merge regions for chr15
2022-03-13 16:05:41 INFO::No. regions with at least one SNP/gene for chr15 after merging: 50
2022-03-13 16:05:44 INFO::No. regions with at least one SNP/gene for chr16: 54
2022-03-13 16:05:44 INFO::Merge regions for chr16
2022-03-13 16:05:44 INFO::No. regions with at least one SNP/gene for chr16 after merging: 54
2022-03-13 16:05:47 INFO::No. regions with at least one SNP/gene for chr17: 47
2022-03-13 16:05:47 INFO::Merge regions for chr17
2022-03-13 16:05:47 INFO::No. regions with at least one SNP/gene for chr17 after merging: 46
2022-03-13 16:05:51 INFO::No. regions with at least one SNP/gene for chr18: 47
2022-03-13 16:05:51 INFO::Merge regions for chr18
2022-03-13 16:05:51 INFO::No. regions with at least one SNP/gene for chr18 after merging: 47
2022-03-13 16:05:52 INFO::No. regions with at least one SNP/gene for chr19: 39
2022-03-13 16:05:52 INFO::Merge regions for chr19
2022-03-13 16:05:52 INFO::No. regions with at least one SNP/gene for chr19 after merging: 37
2022-03-13 16:05:55 INFO::No. regions with at least one SNP/gene for chr20: 38
2022-03-13 16:05:55 INFO::Merge regions for chr20
2022-03-13 16:05:55 INFO::No. regions with at least one SNP/gene for chr20 after merging: 38
2022-03-13 16:05:57 INFO::No. regions with at least one SNP/gene for chr21: 24
2022-03-13 16:05:57 INFO::Merge regions for chr21
2022-03-13 16:05:57 INFO::No. regions with at least one SNP/gene for chr21 after merging: 24
2022-03-13 16:05:58 INFO::No. regions with at least one SNP/gene for chr22: 24
2022-03-13 16:05:58 INFO::Merge regions for chr22
2022-03-13 16:05:58 INFO::No. regions with at least one SNP/gene for chr22 after merging: 23
2022-03-13 16:05:58 INFO::Trim regions with SNPs more than Inf
2022-03-13 16:05:58 INFO::Adding R matrix info, as genotype is not given
2022-03-13 16:05:59 INFO::Adding R matrix info for chrom 1
2022-03-13 16:18:09 INFO::Adding R matrix info for chrom 2
2022-03-13 16:29:01 INFO::Adding R matrix info for chrom 3
2022-03-13 16:38:04 INFO::Adding R matrix info for chrom 4
2022-03-13 16:46:07 INFO::Adding R matrix info for chrom 5
2022-03-13 16:53:39 INFO::Adding R matrix info for chrom 6
2022-03-13 17:04:11 INFO::Adding R matrix info for chrom 7
2022-03-13 17:11:42 INFO::Adding R matrix info for chrom 8
2022-03-13 17:18:56 INFO::Adding R matrix info for chrom 9
2022-03-13 17:24:25 INFO::Adding R matrix info for chrom 10
2022-03-13 17:31:13 INFO::Adding R matrix info for chrom 11
2022-03-13 17:39:56 INFO::Adding R matrix info for chrom 12
2022-03-13 17:47:30 INFO::Adding R matrix info for chrom 13
2022-03-13 17:52:10 INFO::Adding R matrix info for chrom 14
2022-03-13 17:57:44 INFO::Adding R matrix info for chrom 15
2022-03-13 18:01:39 INFO::Adding R matrix info for chrom 16
2022-03-13 18:06:17 INFO::Adding R matrix info for chrom 17
2022-03-13 18:11:42 INFO::Adding R matrix info for chrom 18
2022-03-13 18:15:28 INFO::Adding R matrix info for chrom 19
2022-03-13 18:22:07 INFO::Adding R matrix info for chrom 20
2022-03-13 18:25:45 INFO::Adding R matrix info for chrom 21
2022-03-13 18:27:21 INFO::Adding R matrix info for chrom 22
2022-03-13 18:29:33 INFO::Run susie iteratively, getting rough estimate ...
2022-03-13 18:29:33 INFO::run iteration 1
starting worker pid=36660 on localhost:11737 at 18:29:34.591
starting worker pid=36673 on localhost:11737 at 18:29:35.005
starting worker pid=36687 on localhost:11737 at 18:29:35.407
starting worker pid=36700 on localhost:11737 at 18:29:35.798
starting worker pid=36714 on localhost:11737 at 18:29:36.189
starting worker pid=36728 on localhost:11737 at 18:29:36.589
starting worker pid=36741 on localhost:11737 at 18:29:36.976
starting worker pid=36754 on localhost:11737 at 18:29:37.369
starting worker pid=36768 on localhost:11737 at 18:29:37.756
starting worker pid=36781 on localhost:11737 at 18:29:38.146
2022-03-13 18:39:04 INFO::After iteration 1, gene prior 0.00328752501271978:, SNP prior:0.00223044786249687
2022-03-13 18:39:05 INFO::run iteration 2
starting worker pid=37402 on localhost:11737 at 18:39:05.728
starting worker pid=37416 on localhost:11737 at 18:39:06.124
starting worker pid=37429 on localhost:11737 at 18:39:06.527
starting worker pid=37442 on localhost:11737 at 18:39:06.930
starting worker pid=37455 on localhost:11737 at 18:39:07.329
starting worker pid=37469 on localhost:11737 at 18:39:07.721
starting worker pid=37482 on localhost:11737 at 18:39:08.114
starting worker pid=37495 on localhost:11737 at 18:39:08.510
starting worker pid=37509 on localhost:11737 at 18:39:08.900
starting worker pid=37522 on localhost:11737 at 18:39:09.291
2022-03-13 18:48:32 INFO::After iteration 2, gene prior 0.00381823103925401:, SNP prior:0.00194331247283691
2022-03-13 18:48:32 INFO::run iteration 3
starting worker pid=38920 on localhost:11737 at 18:48:33.296
starting worker pid=38934 on localhost:11737 at 18:48:33.730
starting worker pid=38947 on localhost:11737 at 18:48:34.149
starting worker pid=38961 on localhost:11737 at 18:48:34.567
starting worker pid=38974 on localhost:11737 at 18:48:34.969
starting worker pid=38987 on localhost:11737 at 18:48:35.374
starting worker pid=39001 on localhost:11737 at 18:48:35.790
starting worker pid=39014 on localhost:11737 at 18:48:36.199
starting worker pid=39027 on localhost:11737 at 18:48:36.609
starting worker pid=39041 on localhost:11737 at 18:48:37.025
2022-03-13 18:58:02 INFO::After iteration 3, gene prior 0.00456544214445343:, SNP prior:0.00184131572655554
2022-03-13 18:58:03 INFO::Blocks are filtered: 866 blocks left
2022-03-13 18:58:03 INFO::Run susie iteratively, getting accurate estimate ...
2022-03-13 18:58:03 INFO::run iteration 1
starting worker pid=39659 on localhost:11737 at 18:58:04.153
starting worker pid=39673 on localhost:11737 at 18:58:04.607
starting worker pid=39687 on localhost:11737 at 18:58:05.048
starting worker pid=39700 on localhost:11737 at 18:58:05.475
starting worker pid=39713 on localhost:11737 at 18:58:05.897
starting worker pid=39727 on localhost:11737 at 18:58:06.330
starting worker pid=39740 on localhost:11737 at 18:58:06.758
starting worker pid=39753 on localhost:11737 at 18:58:07.183
starting worker pid=39767 on localhost:11737 at 18:58:07.610
starting worker pid=39780 on localhost:11737 at 18:58:08.038
2022-03-13 19:03:40 INFO::After iteration 1, gene prior 0.00607951534421646:, SNP prior:0.00209791719486166
2022-03-13 19:03:40 INFO::run iteration 2
starting worker pid=40138 on localhost:11737 at 19:03:41.622
starting worker pid=40151 on localhost:11737 at 19:03:42.053
starting worker pid=40165 on localhost:11737 at 19:03:42.493
starting worker pid=40178 on localhost:11737 at 19:03:42.936
starting worker pid=40195 on localhost:11737 at 19:03:43.376
starting worker pid=40209 on localhost:11737 at 19:03:43.805
starting worker pid=40222 on localhost:11737 at 19:03:44.239
starting worker pid=40235 on localhost:11737 at 19:03:44.670
starting worker pid=40249 on localhost:11737 at 19:03:45.103
starting worker pid=40262 on localhost:11737 at 19:03:45.538
2022-03-13 19:09:16 INFO::After iteration 2, gene prior 0.00733990830264294:, SNP prior:0.00229087039948005
2022-03-13 19:09:16 INFO::run iteration 3
starting worker pid=40623 on localhost:11737 at 19:09:16.864
starting worker pid=40637 on localhost:11737 at 19:09:17.313
starting worker pid=40650 on localhost:11737 at 19:09:17.778
starting worker pid=40664 on localhost:11737 at 19:09:18.226
starting worker pid=40677 on localhost:11737 at 19:09:18.667
starting worker pid=40690 on localhost:11737 at 19:09:19.104
starting worker pid=40704 on localhost:11737 at 19:09:19.539
starting worker pid=40717 on localhost:11737 at 19:09:19.974
starting worker pid=40730 on localhost:11737 at 19:09:20.411
starting worker pid=40744 on localhost:11737 at 19:09:20.850
2022-03-13 19:14:54 INFO::After iteration 3, gene prior 0.0083840191939482:, SNP prior:0.00243503779316823
2022-03-13 19:14:55 INFO::run iteration 4
starting worker pid=41110 on localhost:11737 at 19:14:55.521
starting worker pid=41124 on localhost:11737 at 19:14:55.962
starting worker pid=41137 on localhost:11737 at 19:14:56.421
starting worker pid=41150 on localhost:11737 at 19:14:56.875
starting worker pid=41164 on localhost:11737 at 19:14:57.328
starting worker pid=41177 on localhost:11737 at 19:14:57.770
starting worker pid=41191 on localhost:11737 at 19:14:58.216
starting worker pid=41204 on localhost:11737 at 19:14:58.657
starting worker pid=41217 on localhost:11737 at 19:14:59.098
starting worker pid=41231 on localhost:11737 at 19:14:59.540
2022-03-13 19:20:29 INFO::After iteration 4, gene prior 0.00919023819457403:, SNP prior:0.00252594468666495
2022-03-13 19:20:29 INFO::run iteration 5
starting worker pid=42316 on localhost:11737 at 19:20:30.426
starting worker pid=42330 on localhost:11737 at 19:20:30.862
starting worker pid=42343 on localhost:11737 at 19:20:31.318
starting worker pid=42357 on localhost:11737 at 19:20:31.768
starting worker pid=42370 on localhost:11737 at 19:20:32.207
starting worker pid=42383 on localhost:11737 at 19:20:32.650
starting worker pid=42397 on localhost:11737 at 19:20:33.092
starting worker pid=42410 on localhost:11737 at 19:20:33.540
starting worker pid=42423 on localhost:11737 at 19:20:33.979
starting worker pid=42437 on localhost:11737 at 19:20:34.420
2022-03-13 19:26:03 INFO::After iteration 5, gene prior 0.00978443823900906:, SNP prior:0.00257443728681545
2022-03-13 19:26:03 INFO::run iteration 6
starting worker pid=42860 on localhost:11737 at 19:26:04.121
starting worker pid=42873 on localhost:11737 at 19:26:04.543
starting worker pid=42886 on localhost:11737 at 19:26:05.000
starting worker pid=42900 on localhost:11737 at 19:26:05.456
starting worker pid=42913 on localhost:11737 at 19:26:05.906
starting worker pid=42926 on localhost:11737 at 19:26:06.345
starting worker pid=42940 on localhost:11737 at 19:26:06.789
starting worker pid=42953 on localhost:11737 at 19:26:07.230
starting worker pid=42967 on localhost:11737 at 19:26:07.687
starting worker pid=42980 on localhost:11737 at 19:26:08.126
2022-03-13 19:31:38 INFO::After iteration 6, gene prior 0.010220236478508:, SNP prior:0.00259668691735667
2022-03-13 19:31:38 INFO::run iteration 7
starting worker pid=43338 on localhost:11737 at 19:31:38.988
starting worker pid=43351 on localhost:11737 at 19:31:39.439
starting worker pid=43364 on localhost:11737 at 19:31:39.889
starting worker pid=43378 on localhost:11737 at 19:31:40.329
starting worker pid=43392 on localhost:11737 at 19:31:40.768
starting worker pid=43405 on localhost:11737 at 19:31:41.207
starting worker pid=43419 on localhost:11737 at 19:31:41.649
starting worker pid=43432 on localhost:11737 at 19:31:42.089
starting worker pid=43445 on localhost:11737 at 19:31:42.530
starting worker pid=43459 on localhost:11737 at 19:31:42.971
2022-03-13 19:37:12 INFO::After iteration 7, gene prior 0.0105498023510692:, SNP prior:0.0026050168981944
2022-03-13 19:37:12 INFO::run iteration 8
starting worker pid=43816 on localhost:11737 at 19:37:13.265
starting worker pid=43830 on localhost:11737 at 19:37:13.725
starting worker pid=43843 on localhost:11737 at 19:37:14.177
starting worker pid=43856 on localhost:11737 at 19:37:14.626
starting worker pid=43870 on localhost:11737 at 19:37:15.071
starting worker pid=43883 on localhost:11737 at 19:37:15.517
starting worker pid=43897 on localhost:11737 at 19:37:15.954
starting worker pid=43910 on localhost:11737 at 19:37:16.402
starting worker pid=43923 on localhost:11737 at 19:37:16.847
starting worker pid=43937 on localhost:11737 at 19:37:17.287
2022-03-13 19:42:46 INFO::After iteration 8, gene prior 0.0108095150794671:, SNP prior:0.00260695347040913
2022-03-13 19:42:47 INFO::run iteration 9
starting worker pid=44292 on localhost:11737 at 19:42:47.528
starting worker pid=44305 on localhost:11737 at 19:42:47.952
starting worker pid=44319 on localhost:11737 at 19:42:48.388
starting worker pid=44332 on localhost:11737 at 19:42:48.832
starting worker pid=44345 on localhost:11737 at 19:42:49.277
starting worker pid=44359 on localhost:11737 at 19:42:49.720
starting worker pid=44372 on localhost:11737 at 19:42:50.156
starting worker pid=44385 on localhost:11737 at 19:42:50.597
starting worker pid=44399 on localhost:11737 at 19:42:51.037
starting worker pid=44412 on localhost:11737 at 19:42:51.479
2022-03-13 19:48:21 INFO::After iteration 9, gene prior 0.0110204523308601:, SNP prior:0.00260620716089317
2022-03-13 19:48:21 INFO::run iteration 10
starting worker pid=45330 on localhost:11737 at 19:48:21.623
starting worker pid=45344 on localhost:11737 at 19:48:22.079
starting worker pid=45357 on localhost:11737 at 19:48:22.541
starting worker pid=45371 on localhost:11737 at 19:48:22.987
starting worker pid=45384 on localhost:11737 at 19:48:23.433
starting worker pid=45397 on localhost:11737 at 19:48:23.876
starting worker pid=45411 on localhost:11737 at 19:48:24.320
starting worker pid=45424 on localhost:11737 at 19:48:24.767
starting worker pid=45437 on localhost:11737 at 19:48:25.207
starting worker pid=45455 on localhost:11737 at 19:48:25.646
2022-03-13 19:53:54 INFO::After iteration 10, gene prior 0.0111950244371071:, SNP prior:0.00260448053922541
2022-03-13 19:53:54 INFO::run iteration 11
starting worker pid=45975 on localhost:11737 at 19:53:55.057
starting worker pid=45989 on localhost:11737 at 19:53:55.510
starting worker pid=46002 on localhost:11737 at 19:53:55.966
starting worker pid=46016 on localhost:11737 at 19:53:56.416
starting worker pid=46029 on localhost:11737 at 19:53:56.856
starting worker pid=46042 on localhost:11737 at 19:53:57.299
starting worker pid=46056 on localhost:11737 at 19:53:57.737
starting worker pid=46069 on localhost:11737 at 19:53:58.179
starting worker pid=46082 on localhost:11737 at 19:53:58.617
starting worker pid=46096 on localhost:11737 at 19:53:59.062
2022-03-13 19:59:28 INFO::After iteration 11, gene prior 0.0113410476691364:, SNP prior:0.00260251499519361
2022-03-13 19:59:28 INFO::run iteration 12
starting worker pid=46454 on localhost:11737 at 19:59:29.144
starting worker pid=46467 on localhost:11737 at 19:59:29.601
starting worker pid=46481 on localhost:11737 at 19:59:30.059
starting worker pid=46494 on localhost:11737 at 19:59:30.506
starting worker pid=46507 on localhost:11737 at 19:59:30.951
starting worker pid=46521 on localhost:11737 at 19:59:31.397
starting worker pid=46534 on localhost:11737 at 19:59:31.836
starting worker pid=46547 on localhost:11737 at 19:59:32.279
starting worker pid=46561 on localhost:11737 at 19:59:32.726
starting worker pid=46574 on localhost:11737 at 19:59:33.167
2022-03-13 20:05:02 INFO::After iteration 12, gene prior 0.0114638810857576:, SNP prior:0.00260061886347157
2022-03-13 20:05:02 INFO::run iteration 13
starting worker pid=46930 on localhost:11737 at 20:05:03.214
starting worker pid=46944 on localhost:11737 at 20:05:03.668
starting worker pid=46957 on localhost:11737 at 20:05:04.131
starting worker pid=46970 on localhost:11737 at 20:05:04.579
starting worker pid=46984 on localhost:11737 at 20:05:05.023
starting worker pid=46997 on localhost:11737 at 20:05:05.467
starting worker pid=47011 on localhost:11737 at 20:05:05.908
starting worker pid=47024 on localhost:11737 at 20:05:06.351
starting worker pid=47037 on localhost:11737 at 20:05:06.790
starting worker pid=47051 on localhost:11737 at 20:05:07.239
2022-03-13 20:10:35 INFO::After iteration 13, gene prior 0.0115674700229294:, SNP prior:0.00259890431315593
2022-03-13 20:10:35 INFO::run iteration 14
starting worker pid=47407 on localhost:11737 at 20:10:36.393
starting worker pid=47420 on localhost:11737 at 20:10:36.829
starting worker pid=47434 on localhost:11737 at 20:10:37.285
starting worker pid=47447 on localhost:11737 at 20:10:37.741
starting worker pid=47460 on localhost:11737 at 20:10:38.186
starting worker pid=47474 on localhost:11737 at 20:10:38.628
starting worker pid=47487 on localhost:11737 at 20:10:39.070
starting worker pid=47500 on localhost:11737 at 20:10:39.520
starting worker pid=47514 on localhost:11737 at 20:10:39.968
starting worker pid=47527 on localhost:11737 at 20:10:40.412
2022-03-13 20:16:11 INFO::After iteration 14, gene prior 0.0116549119208957:, SNP prior:0.00259740068788751
2022-03-13 20:16:11 INFO::run iteration 15
starting worker pid=47953 on localhost:11737 at 20:16:11.952
starting worker pid=47966 on localhost:11737 at 20:16:12.398
starting worker pid=47979 on localhost:11737 at 20:16:12.853
starting worker pid=47993 on localhost:11737 at 20:16:13.298
starting worker pid=48006 on localhost:11737 at 20:16:13.739
starting worker pid=48019 on localhost:11737 at 20:16:14.179
starting worker pid=48033 on localhost:11737 at 20:16:14.626
starting worker pid=48046 on localhost:11737 at 20:16:15.069
starting worker pid=48059 on localhost:11737 at 20:16:15.518
starting worker pid=48073 on localhost:11737 at 20:16:15.961
2022-03-13 20:21:45 INFO::After iteration 15, gene prior 0.0117287466070179:, SNP prior:0.00259610475600305
2022-03-13 20:21:45 INFO::run iteration 16
starting worker pid=49228 on localhost:11737 at 20:21:45.916
starting worker pid=49241 on localhost:11737 at 20:21:46.344
starting worker pid=49254 on localhost:11737 at 20:21:46.771
starting worker pid=49268 on localhost:11737 at 20:21:47.233
starting worker pid=49281 on localhost:11737 at 20:21:47.689
starting worker pid=49294 on localhost:11737 at 20:21:48.128
starting worker pid=49308 on localhost:11737 at 20:21:48.570
starting worker pid=49321 on localhost:11737 at 20:21:49.017
starting worker pid=49335 on localhost:11737 at 20:21:49.456
starting worker pid=49348 on localhost:11737 at 20:21:49.899
2022-03-13 20:27:18 INFO::After iteration 16, gene prior 0.0117910817052483:, SNP prior:0.00259499801391123
2022-03-13 20:27:18 INFO::run iteration 17
starting worker pid=49705 on localhost:11737 at 20:27:18.959
starting worker pid=49718 on localhost:11737 at 20:27:19.396
starting worker pid=49731 on localhost:11737 at 20:27:19.841
starting worker pid=49745 on localhost:11737 at 20:27:20.301
starting worker pid=49758 on localhost:11737 at 20:27:20.747
starting worker pid=49771 on localhost:11737 at 20:27:21.191
starting worker pid=49785 on localhost:11737 at 20:27:21.636
starting worker pid=49798 on localhost:11737 at 20:27:22.080
starting worker pid=49811 on localhost:11737 at 20:27:22.524
starting worker pid=49825 on localhost:11737 at 20:27:22.968
2022-03-13 20:32:52 INFO::After iteration 17, gene prior 0.0118436895940139:, SNP prior:0.00259405807220395
2022-03-13 20:32:52 INFO::run iteration 18
starting worker pid=50180 on localhost:11737 at 20:32:53.093
starting worker pid=50193 on localhost:11737 at 20:32:53.522
starting worker pid=50207 on localhost:11737 at 20:32:53.980
starting worker pid=50221 on localhost:11737 at 20:32:54.438
starting worker pid=50234 on localhost:11737 at 20:32:54.907
starting worker pid=50248 on localhost:11737 at 20:32:55.370
starting worker pid=50261 on localhost:11737 at 20:32:55.816
starting worker pid=50274 on localhost:11737 at 20:32:56.256
starting worker pid=50288 on localhost:11737 at 20:32:56.698
starting worker pid=50301 on localhost:11737 at 20:32:57.137
2022-03-13 20:38:26 INFO::After iteration 18, gene prior 0.0118880687047515:, SNP prior:0.00259326237467617
2022-03-13 20:38:26 INFO::run iteration 19
starting worker pid=50658 on localhost:11737 at 20:38:27.112
starting worker pid=50671 on localhost:11737 at 20:38:27.568
starting worker pid=50685 on localhost:11737 at 20:38:28.029
starting worker pid=50698 on localhost:11737 at 20:38:28.476
starting worker pid=50712 on localhost:11737 at 20:38:28.925
starting worker pid=50725 on localhost:11737 at 20:38:29.368
starting worker pid=50738 on localhost:11737 at 20:38:29.805
starting worker pid=50752 on localhost:11737 at 20:38:30.247
starting worker pid=50765 on localhost:11737 at 20:38:30.717
starting worker pid=50778 on localhost:11737 at 20:38:31.161
2022-03-13 20:44:01 INFO::After iteration 19, gene prior 0.0119254894685545:, SNP prior:0.00259259004937862
2022-03-13 20:44:01 INFO::run iteration 20
starting worker pid=51134 on localhost:11737 at 20:44:02.102
starting worker pid=51148 on localhost:11737 at 20:44:02.539
starting worker pid=51161 on localhost:11737 at 20:44:02.974
starting worker pid=51175 on localhost:11737 at 20:44:03.437
starting worker pid=51188 on localhost:11737 at 20:44:03.883
starting worker pid=51201 on localhost:11737 at 20:44:04.327
starting worker pid=51215 on localhost:11737 at 20:44:04.768
starting worker pid=51228 on localhost:11737 at 20:44:05.211
starting worker pid=51241 on localhost:11737 at 20:44:05.629
starting worker pid=51255 on localhost:11737 at 20:44:06.107
2022-03-13 20:49:35 INFO::After iteration 20, gene prior 0.0119570298548919:, SNP prior:0.00259202258194177
2022-03-13 20:49:35 INFO::run iteration 21
starting worker pid=52336 on localhost:11737 at 20:49:35.803
starting worker pid=52350 on localhost:11737 at 20:49:36.266
starting worker pid=52363 on localhost:11737 at 20:49:36.727
starting worker pid=52377 on localhost:11737 at 20:49:37.187
starting worker pid=52390 on localhost:11737 at 20:49:37.648
starting worker pid=52403 on localhost:11737 at 20:49:38.089
starting worker pid=52417 on localhost:11737 at 20:49:38.535
starting worker pid=52430 on localhost:11737 at 20:49:38.980
starting worker pid=52443 on localhost:11737 at 20:49:39.433
starting worker pid=52457 on localhost:11737 at 20:49:39.877
2022-03-13 20:55:09 INFO::After iteration 21, gene prior 0.0119836042474658:, SNP prior:0.0025915440776994
2022-03-13 20:55:09 INFO::run iteration 22
starting worker pid=52814 on localhost:11737 at 20:55:10.199
starting worker pid=52827 on localhost:11737 at 20:55:10.659
starting worker pid=52841 on localhost:11737 at 20:55:11.121
starting worker pid=52854 on localhost:11737 at 20:55:11.568
starting worker pid=52867 on localhost:11737 at 20:55:12.012
starting worker pid=52881 on localhost:11737 at 20:55:12.455
starting worker pid=52894 on localhost:11737 at 20:55:12.896
starting worker pid=52907 on localhost:11737 at 20:55:13.336
starting worker pid=52921 on localhost:11737 at 20:55:13.775
starting worker pid=52934 on localhost:11737 at 20:55:14.220
2022-03-13 21:00:45 INFO::After iteration 22, gene prior 0.0120059873155898:, SNP prior:0.00259114085173735
2022-03-13 21:00:45 INFO::run iteration 23
starting worker pid=53360 on localhost:11737 at 21:00:45.940
starting worker pid=53374 on localhost:11737 at 21:00:46.410
starting worker pid=53387 on localhost:11737 at 21:00:46.890
starting worker pid=53427 on localhost:11737 at 21:00:47.345
starting worker pid=53440 on localhost:11737 at 21:00:47.797
starting worker pid=53454 on localhost:11737 at 21:00:48.236
starting worker pid=53467 on localhost:11737 at 21:00:48.678
starting worker pid=53480 on localhost:11737 at 21:00:49.118
starting worker pid=53494 on localhost:11737 at 21:00:49.556
starting worker pid=53507 on localhost:11737 at 21:00:49.999
2022-03-13 21:06:19 INFO::After iteration 23, gene prior 0.0120248347902481:, SNP prior:0.00259080108023686
2022-03-13 21:06:19 INFO::run iteration 24
starting worker pid=53863 on localhost:11737 at 21:06:19.775
starting worker pid=53876 on localhost:11737 at 21:06:20.223
starting worker pid=53891 on localhost:11737 at 21:06:20.674
starting worker pid=53904 on localhost:11737 at 21:06:21.136
starting worker pid=53917 on localhost:11737 at 21:06:21.595
starting worker pid=53932 on localhost:11737 at 21:06:22.059
starting worker pid=53945 on localhost:11737 at 21:06:22.498
starting worker pid=53958 on localhost:11737 at 21:06:22.947
starting worker pid=53972 on localhost:11737 at 21:06:23.389
starting worker pid=53986 on localhost:11737 at 21:06:23.825
2022-03-13 21:11:52 INFO::After iteration 24, gene prior 0.0120407015996624:, SNP prior:0.00259051491942979
2022-03-13 21:11:53 INFO::run iteration 25
starting worker pid=54349 on localhost:11737 at 21:11:54.391
starting worker pid=54362 on localhost:11737 at 21:11:54.868
starting worker pid=54376 on localhost:11737 at 21:11:55.328
starting worker pid=54390 on localhost:11737 at 21:11:55.812
starting worker pid=54403 on localhost:11737 at 21:11:56.272
starting worker pid=54417 on localhost:11737 at 21:11:56.724
starting worker pid=54430 on localhost:11737 at 21:11:57.169
starting worker pid=54443 on localhost:11737 at 21:11:57.611
starting worker pid=54457 on localhost:11737 at 21:11:58.056
starting worker pid=54470 on localhost:11737 at 21:11:58.500
2022-03-13 21:17:27 INFO::After iteration 25, gene prior 0.0120540565225079:, SNP prior:0.00259027357120055
2022-03-13 21:17:27 INFO::run iteration 26
starting worker pid=55329 on localhost:11737 at 21:17:28.050
starting worker pid=55342 on localhost:11737 at 21:17:28.473
starting worker pid=55356 on localhost:11737 at 21:17:28.902
starting worker pid=55369 on localhost:11737 at 21:17:29.366
starting worker pid=55382 on localhost:11737 at 21:17:29.815
starting worker pid=55396 on localhost:11737 at 21:17:30.257
starting worker pid=55409 on localhost:11737 at 21:17:30.697
starting worker pid=55422 on localhost:11737 at 21:17:31.137
starting worker pid=55436 on localhost:11737 at 21:17:31.580
starting worker pid=55449 on localhost:11737 at 21:17:32.028
2022-03-13 21:23:01 INFO::After iteration 26, gene prior 0.0120652961247343:, SNP prior:0.00259006993690591
2022-03-13 21:23:01 INFO::run iteration 27
starting worker pid=56033 on localhost:11737 at 21:23:01.662
starting worker pid=56046 on localhost:11737 at 21:23:02.117
starting worker pid=56059 on localhost:11737 at 21:23:02.577
starting worker pid=56073 on localhost:11737 at 21:23:03.030
starting worker pid=56086 on localhost:11737 at 21:23:03.479
starting worker pid=56100 on localhost:11737 at 21:23:03.919
starting worker pid=56113 on localhost:11737 at 21:23:04.358
starting worker pid=56126 on localhost:11737 at 21:23:04.799
starting worker pid=56140 on localhost:11737 at 21:23:05.239
starting worker pid=56153 on localhost:11737 at 21:23:05.683
2022-03-13 21:28:36 INFO::After iteration 27, gene prior 0.0120747549720639:, SNP prior:0.00258989833070487
2022-03-13 21:28:37 INFO::run iteration 28
starting worker pid=56512 on localhost:11737 at 21:28:37.540
starting worker pid=56525 on localhost:11737 at 21:28:37.972
starting worker pid=56538 on localhost:11737 at 21:28:38.407
starting worker pid=56552 on localhost:11737 at 21:28:38.868
starting worker pid=56565 on localhost:11737 at 21:28:39.307
starting worker pid=56578 on localhost:11737 at 21:28:39.756
starting worker pid=56592 on localhost:11737 at 21:28:40.196
starting worker pid=56605 on localhost:11737 at 21:28:40.636
starting worker pid=56618 on localhost:11737 at 21:28:41.080
starting worker pid=56632 on localhost:11737 at 21:28:41.526
2022-03-13 21:34:11 INFO::After iteration 28, gene prior 0.0120827146051841:, SNP prior:0.00258975381438756
2022-03-13 21:34:11 INFO::run iteration 29
starting worker pid=57011 on localhost:11737 at 21:34:11.975
starting worker pid=57025 on localhost:11737 at 21:34:12.412
starting worker pid=57038 on localhost:11737 at 21:34:12.843
starting worker pid=57051 on localhost:11737 at 21:34:13.301
starting worker pid=57065 on localhost:11737 at 21:34:13.767
starting worker pid=57078 on localhost:11737 at 21:34:14.207
starting worker pid=57092 on localhost:11737 at 21:34:14.645
starting worker pid=57105 on localhost:11737 at 21:34:15.089
starting worker pid=57118 on localhost:11737 at 21:34:15.527
starting worker pid=57132 on localhost:11737 at 21:34:15.963
2022-03-13 21:39:46 INFO::After iteration 29, gene prior 0.0120894121295816:, SNP prior:0.00258963216122827
2022-03-13 21:39:46 INFO::run iteration 30
starting worker pid=494 on localhost:11737 at 21:39:47.252
starting worker pid=507 on localhost:11737 at 21:39:47.703
starting worker pid=522 on localhost:11737 at 21:39:48.160
starting worker pid=537 on localhost:11737 at 21:39:48.621
starting worker pid=550 on localhost:11737 at 21:39:49.082
starting worker pid=564 on localhost:11737 at 21:39:49.545
starting worker pid=577 on localhost:11737 at 21:39:50.005
starting worker pid=590 on localhost:11737 at 21:39:50.447
starting worker pid=604 on localhost:11737 at 21:39:50.886
starting worker pid=617 on localhost:11737 at 21:39:51.328
2022-03-13 21:45:20 INFO::After iteration 30, gene prior 0.0120950472618949:, SNP prior:0.00258952978022216
2022-03-13 21:45:20 INFO::Run susie for all regions.
2022-03-13 21:45:20 INFO::run iteration 1
starting worker pid=991 on localhost:11737 at 21:45:20.908
starting worker pid=1004 on localhost:11737 at 21:45:21.343
starting worker pid=1017 on localhost:11737 at 21:45:21.777
starting worker pid=1031 on localhost:11737 at 21:45:22.228
starting worker pid=1044 on localhost:11737 at 21:45:22.670
starting worker pid=1057 on localhost:11737 at 21:45:23.121
starting worker pid=1071 on localhost:11737 at 21:45:23.566
starting worker pid=1084 on localhost:11737 at 21:45:24.017
starting worker pid=1099 on localhost:11737 at 21:45:24.455
starting worker pid=1112 on localhost:11737 at 21:45:24.900
2022-03-13 21:55:06 INFO::After iteration 1, gene prior 0.0380450213799784:, SNP prior:0.00947384826531241
2022-03-13 21:55:07 INFO::No. LD regions: 1700
2022-03-13 21:55:14 INFO::No. regions with at least one SNP/gene for chr1: 131
2022-03-13 21:55:14 INFO::Merge regions for chr1
2022-03-13 21:55:14 INFO::No. regions with at least one SNP/gene for chr1 after merging: 129
2022-03-13 21:55:24 INFO::No. regions with at least one SNP/gene for chr2: 144
2022-03-13 21:55:24 INFO::Merge regions for chr2
2022-03-13 21:55:24 INFO::No. regions with at least one SNP/gene for chr2 after merging: 142
2022-03-13 21:55:29 INFO::No. regions with at least one SNP/gene for chr3: 122
2022-03-13 21:55:29 INFO::Merge regions for chr3
2022-03-13 21:55:29 INFO::No. regions with at least one SNP/gene for chr3 after merging: 120
2022-03-13 21:55:35 INFO::No. regions with at least one SNP/gene for chr4: 122
2022-03-13 21:55:35 INFO::Merge regions for chr4
2022-03-13 21:55:35 INFO::No. regions with at least one SNP/gene for chr4 after merging: 122
2022-03-13 21:55:40 INFO::No. regions with at least one SNP/gene for chr5: 110
2022-03-13 21:55:40 INFO::Merge regions for chr5
2022-03-13 21:55:40 INFO::No. regions with at least one SNP/gene for chr5 after merging: 110
2022-03-13 21:55:44 INFO::No. regions with at least one SNP/gene for chr6: 112
2022-03-13 21:55:44 INFO::Merge regions for chr6
2022-03-13 21:55:44 INFO::No. regions with at least one SNP/gene for chr6 after merging: 110
2022-03-13 21:55:50 INFO::No. regions with at least one SNP/gene for chr7: 99
2022-03-13 21:55:50 INFO::Merge regions for chr7
2022-03-13 21:55:50 INFO::No. regions with at least one SNP/gene for chr7 after merging: 97
2022-03-13 21:55:54 INFO::No. regions with at least one SNP/gene for chr8: 94
2022-03-13 21:55:54 INFO::Merge regions for chr8
2022-03-13 21:55:54 INFO::No. regions with at least one SNP/gene for chr8 after merging: 91
2022-03-13 21:55:56 INFO::No. regions with at least one SNP/gene for chr9: 74
2022-03-13 21:55:56 INFO::Merge regions for chr9
2022-03-13 21:55:56 INFO::No. regions with at least one SNP/gene for chr9 after merging: 74
2022-03-13 21:56:00 INFO::No. regions with at least one SNP/gene for chr10: 85
2022-03-13 21:56:00 INFO::Merge regions for chr10
2022-03-13 21:56:00 INFO::No. regions with at least one SNP/gene for chr10 after merging: 84
2022-03-13 21:56:04 INFO::No. regions with at least one SNP/gene for chr11: 84
2022-03-13 21:56:04 INFO::Merge regions for chr11
2022-03-13 21:56:04 INFO::No. regions with at least one SNP/gene for chr11 after merging: 82
2022-03-13 21:56:07 INFO::No. regions with at least one SNP/gene for chr12: 82
2022-03-13 21:56:07 INFO::Merge regions for chr12
2022-03-13 21:56:07 INFO::No. regions with at least one SNP/gene for chr12 after merging: 81
2022-03-13 21:56:10 INFO::No. regions with at least one SNP/gene for chr13: 62
2022-03-13 21:56:10 INFO::Merge regions for chr13
2022-03-13 21:56:10 INFO::No. regions with at least one SNP/gene for chr13 after merging: 61
2022-03-13 21:56:13 INFO::No. regions with at least one SNP/gene for chr14: 56
2022-03-13 21:56:13 INFO::Merge regions for chr14
2022-03-13 21:56:13 INFO::No. regions with at least one SNP/gene for chr14 after merging: 53
2022-03-13 21:56:15 INFO::No. regions with at least one SNP/gene for chr15: 50
2022-03-13 21:56:15 INFO::Merge regions for chr15
2022-03-13 21:56:15 INFO::No. regions with at least one SNP/gene for chr15 after merging: 50
2022-03-13 21:56:17 INFO::No. regions with at least one SNP/gene for chr16: 54
2022-03-13 21:56:17 INFO::Merge regions for chr16
2022-03-13 21:56:17 INFO::No. regions with at least one SNP/gene for chr16 after merging: 54
2022-03-13 21:56:19 INFO::No. regions with at least one SNP/gene for chr17: 47
2022-03-13 21:56:19 INFO::Merge regions for chr17
2022-03-13 21:56:19 INFO::No. regions with at least one SNP/gene for chr17 after merging: 46
2022-03-13 21:56:21 INFO::No. regions with at least one SNP/gene for chr18: 47
2022-03-13 21:56:21 INFO::Merge regions for chr18
2022-03-13 21:56:21 INFO::No. regions with at least one SNP/gene for chr18 after merging: 47
2022-03-13 21:56:24 INFO::No. regions with at least one SNP/gene for chr19: 39
2022-03-13 21:56:24 INFO::Merge regions for chr19
2022-03-13 21:56:24 INFO::No. regions with at least one SNP/gene for chr19 after merging: 37
2022-03-13 21:56:25 INFO::No. regions with at least one SNP/gene for chr20: 38
2022-03-13 21:56:25 INFO::Merge regions for chr20
2022-03-13 21:56:25 INFO::No. regions with at least one SNP/gene for chr20 after merging: 38
2022-03-13 21:56:26 INFO::No. regions with at least one SNP/gene for chr21: 24
2022-03-13 21:56:26 INFO::Merge regions for chr21
2022-03-13 21:56:26 INFO::No. regions with at least one SNP/gene for chr21 after merging: 24
2022-03-13 21:56:28 INFO::No. regions with at least one SNP/gene for chr22: 24
2022-03-13 21:56:28 INFO::Merge regions for chr22
2022-03-13 21:56:28 INFO::No. regions with at least one SNP/gene for chr22 after merging: 23
2022-03-13 21:56:28 INFO::Trim regions with SNPs more than 20000
2022-03-13 21:56:28 INFO::Adding R matrix info, as genotype is not given
2022-03-13 21:56:28 INFO::Adding R matrix info for chrom 1
2022-03-13 22:08:33 INFO::Adding R matrix info for chrom 2
2022-03-13 22:19:11 INFO::Adding R matrix info for chrom 3
2022-03-13 22:27:56 INFO::Adding R matrix info for chrom 4
2022-03-13 22:35:56 INFO::Adding R matrix info for chrom 5
2022-03-13 22:43:47 INFO::Adding R matrix info for chrom 6
2022-03-13 22:54:07 INFO::Adding R matrix info for chrom 7
2022-03-13 23:01:27 INFO::Adding R matrix info for chrom 8
2022-03-13 23:08:43 INFO::Adding R matrix info for chrom 9
2022-03-13 23:14:26 INFO::Adding R matrix info for chrom 10
2022-03-13 23:21:16 INFO::Adding R matrix info for chrom 11
2022-03-13 23:29:30 INFO::Adding R matrix info for chrom 12
2022-03-13 23:36:18 INFO::Adding R matrix info for chrom 13
2022-03-13 23:40:47 INFO::Adding R matrix info for chrom 14
2022-03-13 23:46:12 INFO::Adding R matrix info for chrom 15
2022-03-13 23:49:47 INFO::Adding R matrix info for chrom 16
2022-03-13 23:53:49 INFO::Adding R matrix info for chrom 17
2022-03-13 23:58:45 INFO::Adding R matrix info for chrom 18
2022-03-14 00:02:08 INFO::Adding R matrix info for chrom 19
2022-03-14 00:08:24 INFO::Adding R matrix info for chrom 20
2022-03-14 00:11:37 INFO::Adding R matrix info for chrom 21
2022-03-14 00:13:09 INFO::Adding R matrix info for chrom 22
2022-03-14 00:17:38 INFO::Number of regions that contains strong gene signals: 6
2022-03-14 00:17:38 INFO::Rerun susie for regions with strong gene signals using full SNPs.
2022-03-14 00:17:38 INFO::run iteration 1
starting worker pid=15322 on localhost:11737 at 00:17:39.539
2022-03-14 00:20:42 INFO::After iteration 1, gene prior 0.0524299136933402:, SNP prior:0.000670713453536261
$group_prior
[1] 0.012095047 0.000258953

$group_prior_var
[1] 10.569816  8.218553

R version 3.6.1 (2019-07-05)
Platform: x86_64-pc-linux-gnu (64-bit)
Running under: Scientific Linux 7.4 (Nitrogen)

Matrix products: default
BLAS/LAPACK: /software/openblas-0.2.19-el7-x86_64/lib/libopenblas_haswellp-r0.2.19.so

locale:
[1] C

attached base packages:
[1] stats     graphics  grDevices utils     datasets  methods   base     

other attached packages:
[1] data.table_1.14.2 ctwas_0.1.32     

loaded via a namespace (and not attached):
 [1] Rcpp_1.0.8        pgenlibr_0.3.1    magrittr_2.0.2    hms_1.1.1        
 [5] doParallel_1.0.17 lattice_0.20-38   R6_2.5.1          rlang_1.0.1      
 [9] foreach_1.5.2     fansi_1.0.2       tools_3.6.1       parallel_3.6.1   
[13] grid_3.6.1        logging_0.10-108  utf8_1.2.2        cli_3.1.0        
[17] iterators_1.0.14  ellipsis_0.3.2    tibble_3.1.6      lifecycle_1.0.1  
[21] crayon_1.5.0      Matrix_1.2-18     readr_2.1.1       tzdb_0.2.0       
[25] vctrs_0.3.8       codetools_0.2-16  compiler_3.6.1    pillar_1.6.4     
[29] pkgconfig_2.0.3  
