[1] "/project2/xinhe/shengqian/cTWAS/cTWAS_analysis/data/UKBB/ieu-b-42.vcf.gz"           
[2] "/project2/mstephens/wcrouse/UKB_LDR_0.1"                                            
[3] "/project2/compbio/predictdb/mashr_models/mashr_Brain_Hypothalamus.db"               
[4] "/project2/xinhe/shengqian/cTWAS/cTWAS_analysis/code/ctwas_config.R"                 
[5] "SCZ_Brain_Hypothalamus_expr"                                                        
[6] "SCZ_Brain_Hypothalamus_ctwas"                                                       
[7] "/project2/xinhe/shengqian/cTWAS/cTWAS_analysis/data/SCZ_2014_EUR/Brain_Hypothalamus"
2022-03-13 16:03:08 INFO::ctwas started ...
2022-03-13 16:03:50 INFO::LD region file: /home/shengqian/R/x86_64-pc-linux-gnu-library/3.6/ctwas/extdata/ldetect/EUR.b38.bed
2022-03-13 16:04:03 INFO::No. LD regions: 1700
2022-03-13 16:04:14 INFO::No. regions with at least one SNP/gene for chr1: 131
2022-03-13 16:04:14 INFO::Merge regions for chr1
2022-03-13 16:04:14 INFO::No. regions with at least one SNP/gene for chr1 after merging: 129
2022-03-13 16:04:30 INFO::No. regions with at least one SNP/gene for chr2: 144
2022-03-13 16:04:30 INFO::Merge regions for chr2
2022-03-13 16:04:30 INFO::No. regions with at least one SNP/gene for chr2 after merging: 142
2022-03-13 16:04:40 INFO::No. regions with at least one SNP/gene for chr3: 122
2022-03-13 16:04:40 INFO::Merge regions for chr3
2022-03-13 16:04:40 INFO::No. regions with at least one SNP/gene for chr3 after merging: 119
2022-03-13 16:04:47 INFO::No. regions with at least one SNP/gene for chr4: 122
2022-03-13 16:04:47 INFO::Merge regions for chr4
2022-03-13 16:04:47 INFO::No. regions with at least one SNP/gene for chr4 after merging: 122
2022-03-13 16:04:53 INFO::No. regions with at least one SNP/gene for chr5: 110
2022-03-13 16:04:53 INFO::Merge regions for chr5
2022-03-13 16:04:53 INFO::No. regions with at least one SNP/gene for chr5 after merging: 108
2022-03-13 16:05:00 INFO::No. regions with at least one SNP/gene for chr6: 112
2022-03-13 16:05:00 INFO::Merge regions for chr6
2022-03-13 16:05:00 INFO::No. regions with at least one SNP/gene for chr6 after merging: 111
2022-03-13 16:05:06 INFO::No. regions with at least one SNP/gene for chr7: 99
2022-03-13 16:05:06 INFO::Merge regions for chr7
2022-03-13 16:05:06 INFO::No. regions with at least one SNP/gene for chr7 after merging: 97
2022-03-13 16:05:12 INFO::No. regions with at least one SNP/gene for chr8: 94
2022-03-13 16:05:12 INFO::Merge regions for chr8
2022-03-13 16:05:12 INFO::No. regions with at least one SNP/gene for chr8 after merging: 93
2022-03-13 16:05:17 INFO::No. regions with at least one SNP/gene for chr9: 74
2022-03-13 16:05:17 INFO::Merge regions for chr9
2022-03-13 16:05:17 INFO::No. regions with at least one SNP/gene for chr9 after merging: 72
2022-03-13 16:05:22 INFO::No. regions with at least one SNP/gene for chr10: 85
2022-03-13 16:05:22 INFO::Merge regions for chr10
2022-03-13 16:05:22 INFO::No. regions with at least one SNP/gene for chr10 after merging: 85
2022-03-13 16:05:26 INFO::No. regions with at least one SNP/gene for chr11: 84
2022-03-13 16:05:26 INFO::Merge regions for chr11
2022-03-13 16:05:26 INFO::No. regions with at least one SNP/gene for chr11 after merging: 84
2022-03-13 16:05:31 INFO::No. regions with at least one SNP/gene for chr12: 82
2022-03-13 16:05:31 INFO::Merge regions for chr12
2022-03-13 16:05:31 INFO::No. regions with at least one SNP/gene for chr12 after merging: 80
2022-03-13 16:05:34 INFO::No. regions with at least one SNP/gene for chr13: 62
2022-03-13 16:05:34 INFO::Merge regions for chr13
2022-03-13 16:05:34 INFO::No. regions with at least one SNP/gene for chr13 after merging: 62
2022-03-13 16:05:37 INFO::No. regions with at least one SNP/gene for chr14: 56
2022-03-13 16:05:37 INFO::Merge regions for chr14
2022-03-13 16:05:37 INFO::No. regions with at least one SNP/gene for chr14 after merging: 56
2022-03-13 16:05:40 INFO::No. regions with at least one SNP/gene for chr15: 50
2022-03-13 16:05:40 INFO::Merge regions for chr15
2022-03-13 16:05:40 INFO::No. regions with at least one SNP/gene for chr15 after merging: 49
2022-03-13 16:05:43 INFO::No. regions with at least one SNP/gene for chr16: 54
2022-03-13 16:05:43 INFO::Merge regions for chr16
2022-03-13 16:05:43 INFO::No. regions with at least one SNP/gene for chr16 after merging: 54
2022-03-13 16:05:46 INFO::No. regions with at least one SNP/gene for chr17: 47
2022-03-13 16:05:46 INFO::Merge regions for chr17
2022-03-13 16:05:46 INFO::No. regions with at least one SNP/gene for chr17 after merging: 45
2022-03-13 16:05:50 INFO::No. regions with at least one SNP/gene for chr18: 47
2022-03-13 16:05:50 INFO::Merge regions for chr18
2022-03-13 16:05:50 INFO::No. regions with at least one SNP/gene for chr18 after merging: 47
2022-03-13 16:05:52 INFO::No. regions with at least one SNP/gene for chr19: 39
2022-03-13 16:05:52 INFO::Merge regions for chr19
2022-03-13 16:05:52 INFO::No. regions with at least one SNP/gene for chr19 after merging: 38
2022-03-13 16:05:54 INFO::No. regions with at least one SNP/gene for chr20: 38
2022-03-13 16:05:54 INFO::Merge regions for chr20
2022-03-13 16:05:54 INFO::No. regions with at least one SNP/gene for chr20 after merging: 38
2022-03-13 16:05:56 INFO::No. regions with at least one SNP/gene for chr21: 24
2022-03-13 16:05:56 INFO::Merge regions for chr21
2022-03-13 16:05:56 INFO::No. regions with at least one SNP/gene for chr21 after merging: 24
2022-03-13 16:05:57 INFO::No. regions with at least one SNP/gene for chr22: 24
2022-03-13 16:05:57 INFO::Merge regions for chr22
2022-03-13 16:05:57 INFO::No. regions with at least one SNP/gene for chr22 after merging: 24
2022-03-13 16:05:57 INFO::Trim regions with SNPs more than Inf
2022-03-13 16:05:57 INFO::Adding R matrix info, as genotype is not given
2022-03-13 16:05:58 INFO::Adding R matrix info for chrom 1
2022-03-13 16:18:34 INFO::Adding R matrix info for chrom 2
2022-03-13 16:30:02 INFO::Adding R matrix info for chrom 3
2022-03-13 16:38:59 INFO::Adding R matrix info for chrom 4
2022-03-13 16:47:05 INFO::Adding R matrix info for chrom 5
2022-03-13 16:55:49 INFO::Adding R matrix info for chrom 6
2022-03-13 17:04:47 INFO::Adding R matrix info for chrom 7
2022-03-13 17:12:39 INFO::Adding R matrix info for chrom 8
2022-03-13 17:19:53 INFO::Adding R matrix info for chrom 9
2022-03-13 17:25:48 INFO::Adding R matrix info for chrom 10
2022-03-13 17:32:24 INFO::Adding R matrix info for chrom 11
2022-03-13 17:39:48 INFO::Adding R matrix info for chrom 12
2022-03-13 17:47:20 INFO::Adding R matrix info for chrom 13
2022-03-13 17:51:47 INFO::Adding R matrix info for chrom 14
2022-03-13 17:56:24 INFO::Adding R matrix info for chrom 15
2022-03-13 18:00:35 INFO::Adding R matrix info for chrom 16
2022-03-13 18:05:03 INFO::Adding R matrix info for chrom 17
2022-03-13 18:10:58 INFO::Adding R matrix info for chrom 18
2022-03-13 18:14:27 INFO::Adding R matrix info for chrom 19
2022-03-13 18:20:57 INFO::Adding R matrix info for chrom 20
2022-03-13 18:24:14 INFO::Adding R matrix info for chrom 21
2022-03-13 18:25:53 INFO::Adding R matrix info for chrom 22
2022-03-13 18:28:02 INFO::Run susie iteratively, getting rough estimate ...
2022-03-13 18:28:02 INFO::run iteration 1
starting worker pid=56353 on localhost:11434 at 18:28:03.575
starting worker pid=56366 on localhost:11434 at 18:28:03.971
starting worker pid=56381 on localhost:11434 at 18:28:04.355
starting worker pid=56395 on localhost:11434 at 18:28:04.733
starting worker pid=56408 on localhost:11434 at 18:28:05.100
starting worker pid=56421 on localhost:11434 at 18:28:05.470
starting worker pid=56435 on localhost:11434 at 18:28:05.840
starting worker pid=56448 on localhost:11434 at 18:28:06.214
starting worker pid=56461 on localhost:11434 at 18:28:06.586
starting worker pid=56474 on localhost:11434 at 18:28:06.958
2022-03-13 18:37:32 INFO::After iteration 1, gene prior 0.0036935871281734:, SNP prior:0.0022296174267682
2022-03-13 18:37:32 INFO::run iteration 2
starting worker pid=57029 on localhost:11434 at 18:37:33.497
starting worker pid=57042 on localhost:11434 at 18:37:33.891
starting worker pid=57055 on localhost:11434 at 18:37:34.258
starting worker pid=57069 on localhost:11434 at 18:37:34.654
starting worker pid=57082 on localhost:11434 at 18:37:35.055
starting worker pid=57095 on localhost:11434 at 18:37:35.451
starting worker pid=57109 on localhost:11434 at 18:37:35.844
starting worker pid=57122 on localhost:11434 at 18:37:36.227
starting worker pid=57135 on localhost:11434 at 18:37:36.612
starting worker pid=57148 on localhost:11434 at 18:37:36.992
2022-03-13 18:46:56 INFO::After iteration 2, gene prior 0.00458230906378995:, SNP prior:0.00193908730407647
2022-03-13 18:46:57 INFO::run iteration 3
starting worker pid=1264 on localhost:11434 at 18:46:57.846
starting worker pid=1277 on localhost:11434 at 18:46:58.226
starting worker pid=1297 on localhost:11434 at 18:46:58.596
starting worker pid=1311 on localhost:11434 at 18:46:58.993
starting worker pid=1325 on localhost:11434 at 18:46:59.394
starting worker pid=1341 on localhost:11434 at 18:46:59.784
starting worker pid=1355 on localhost:11434 at 18:47:00.171
starting worker pid=1368 on localhost:11434 at 18:47:00.561
starting worker pid=1382 on localhost:11434 at 18:47:00.943
starting worker pid=1395 on localhost:11434 at 18:47:01.332
2022-03-13 18:56:23 INFO::After iteration 3, gene prior 0.00567466900786208:, SNP prior:0.00183270038459902
2022-03-13 18:56:23 INFO::Blocks are filtered: 857 blocks left
2022-03-13 18:56:23 INFO::Run susie iteratively, getting accurate estimate ...
2022-03-13 18:56:23 INFO::run iteration 1
starting worker pid=2311 on localhost:11434 at 18:56:24.596
starting worker pid=2325 on localhost:11434 at 18:56:25.010
starting worker pid=2338 on localhost:11434 at 18:56:25.414
starting worker pid=2352 on localhost:11434 at 18:56:25.833
starting worker pid=2365 on localhost:11434 at 18:56:26.241
starting worker pid=2378 on localhost:11434 at 18:56:26.645
starting worker pid=2392 on localhost:11434 at 18:56:27.063
starting worker pid=2405 on localhost:11434 at 18:56:27.468
starting worker pid=2418 on localhost:11434 at 18:56:27.881
starting worker pid=2432 on localhost:11434 at 18:56:28.281
2022-03-13 19:01:59 INFO::After iteration 1, gene prior 0.00777310953172981:, SNP prior:0.00208145604812342
2022-03-13 19:01:59 INFO::run iteration 2
starting worker pid=2792 on localhost:11434 at 19:02:00.092
starting worker pid=2805 on localhost:11434 at 19:02:00.515
starting worker pid=2819 on localhost:11434 at 19:02:00.930
starting worker pid=2832 on localhost:11434 at 19:02:01.341
starting worker pid=2845 on localhost:11434 at 19:02:01.754
starting worker pid=2859 on localhost:11434 at 19:02:02.191
starting worker pid=2872 on localhost:11434 at 19:02:02.607
starting worker pid=2885 on localhost:11434 at 19:02:03.019
starting worker pid=2899 on localhost:11434 at 19:02:03.434
starting worker pid=2912 on localhost:11434 at 19:02:03.850
2022-03-13 19:07:32 INFO::After iteration 2, gene prior 0.0095124543237625:, SNP prior:0.00226914544029431
2022-03-13 19:07:32 INFO::run iteration 3
starting worker pid=3273 on localhost:11434 at 19:07:33.129
starting worker pid=3287 on localhost:11434 at 19:07:33.538
starting worker pid=3300 on localhost:11434 at 19:07:33.943
starting worker pid=3314 on localhost:11434 at 19:07:34.372
starting worker pid=3327 on localhost:11434 at 19:07:34.795
starting worker pid=3340 on localhost:11434 at 19:07:35.217
starting worker pid=3354 on localhost:11434 at 19:07:35.636
starting worker pid=3367 on localhost:11434 at 19:07:36.053
starting worker pid=3380 on localhost:11434 at 19:07:36.473
starting worker pid=3394 on localhost:11434 at 19:07:36.895
2022-03-13 19:13:04 INFO::After iteration 3, gene prior 0.0109452496305765:, SNP prior:0.00240877425886505
2022-03-13 19:13:04 INFO::run iteration 4
starting worker pid=3817 on localhost:11434 at 19:13:04.982
starting worker pid=3831 on localhost:11434 at 19:13:05.439
starting worker pid=3844 on localhost:11434 at 19:13:05.874
starting worker pid=3858 on localhost:11434 at 19:13:06.329
starting worker pid=3872 on localhost:11434 at 19:13:06.782
starting worker pid=3885 on localhost:11434 at 19:13:07.203
starting worker pid=3899 on localhost:11434 at 19:13:07.627
starting worker pid=3912 on localhost:11434 at 19:13:08.052
starting worker pid=3925 on localhost:11434 at 19:13:08.474
starting worker pid=3939 on localhost:11434 at 19:13:08.902
2022-03-13 19:18:36 INFO::After iteration 4, gene prior 0.0120223384560089:, SNP prior:0.00249571401520927
2022-03-13 19:18:36 INFO::run iteration 5
starting worker pid=5022 on localhost:11434 at 19:18:36.731
starting worker pid=5035 on localhost:11434 at 19:18:37.148
starting worker pid=5049 on localhost:11434 at 19:18:37.550
starting worker pid=5062 on localhost:11434 at 19:18:37.981
starting worker pid=5075 on localhost:11434 at 19:18:38.410
starting worker pid=5089 on localhost:11434 at 19:18:38.843
starting worker pid=5103 on localhost:11434 at 19:18:39.271
starting worker pid=5116 on localhost:11434 at 19:18:39.700
starting worker pid=5130 on localhost:11434 at 19:18:40.129
starting worker pid=5143 on localhost:11434 at 19:18:40.561
2022-03-13 19:24:06 INFO::After iteration 5, gene prior 0.0127791563280148:, SNP prior:0.00254055398347692
2022-03-13 19:24:06 INFO::run iteration 6
starting worker pid=5496 on localhost:11434 at 19:24:06.729
starting worker pid=5509 on localhost:11434 at 19:24:07.182
starting worker pid=5523 on localhost:11434 at 19:24:07.639
starting worker pid=5536 on localhost:11434 at 19:24:08.081
starting worker pid=5549 on localhost:11434 at 19:24:08.521
starting worker pid=5565 on localhost:11434 at 19:24:08.953
starting worker pid=5578 on localhost:11434 at 19:24:09.383
starting worker pid=5592 on localhost:11434 at 19:24:09.824
starting worker pid=5605 on localhost:11434 at 19:24:10.261
starting worker pid=5618 on localhost:11434 at 19:24:10.692
2022-03-13 19:29:37 INFO::After iteration 6, gene prior 0.0133081253470867:, SNP prior:0.00256029448732748
2022-03-13 19:29:37 INFO::run iteration 7
starting worker pid=5988 on localhost:11434 at 19:29:38.017
starting worker pid=6001 on localhost:11434 at 19:29:38.462
starting worker pid=6016 on localhost:11434 at 19:29:38.903
starting worker pid=6029 on localhost:11434 at 19:29:39.340
starting worker pid=6043 on localhost:11434 at 19:29:39.784
starting worker pid=6057 on localhost:11434 at 19:29:40.231
starting worker pid=6070 on localhost:11434 at 19:29:40.671
starting worker pid=6084 on localhost:11434 at 19:29:41.109
starting worker pid=6097 on localhost:11434 at 19:29:41.554
starting worker pid=6110 on localhost:11434 at 19:29:41.993
2022-03-13 19:35:09 INFO::After iteration 7, gene prior 0.0136891148466322:, SNP prior:0.00256723210575182
2022-03-13 19:35:09 INFO::run iteration 8
starting worker pid=6583 on localhost:11434 at 19:35:09.987
starting worker pid=6596 on localhost:11434 at 19:35:10.426
starting worker pid=6609 on localhost:11434 at 19:35:10.869
starting worker pid=6623 on localhost:11434 at 19:35:11.312
starting worker pid=6636 on localhost:11434 at 19:35:11.757
starting worker pid=6649 on localhost:11434 at 19:35:12.203
starting worker pid=6663 on localhost:11434 at 19:35:12.641
starting worker pid=6676 on localhost:11434 at 19:35:13.085
starting worker pid=6689 on localhost:11434 at 19:35:13.525
starting worker pid=6703 on localhost:11434 at 19:35:13.981
2022-03-13 19:40:41 INFO::After iteration 8, gene prior 0.0139744120252189:, SNP prior:0.00256840119838018
2022-03-13 19:40:42 INFO::run iteration 9
starting worker pid=7089 on localhost:11434 at 19:40:42.508
starting worker pid=7102 on localhost:11434 at 19:40:42.937
starting worker pid=7115 on localhost:11434 at 19:40:43.369
starting worker pid=7129 on localhost:11434 at 19:40:43.809
starting worker pid=7142 on localhost:11434 at 19:40:44.254
starting worker pid=7155 on localhost:11434 at 19:40:44.691
starting worker pid=7169 on localhost:11434 at 19:40:45.130
starting worker pid=7182 on localhost:11434 at 19:40:45.571
starting worker pid=7195 on localhost:11434 at 19:40:46.014
starting worker pid=7209 on localhost:11434 at 19:40:46.462
2022-03-13 19:46:13 INFO::After iteration 9, gene prior 0.0141948591324862:, SNP prior:0.00256726048169706
2022-03-13 19:46:14 INFO::run iteration 10
starting worker pid=7566 on localhost:11434 at 19:46:14.520
starting worker pid=7580 on localhost:11434 at 19:46:14.938
starting worker pid=7593 on localhost:11434 at 19:46:15.374
starting worker pid=7607 on localhost:11434 at 19:46:15.836
starting worker pid=7620 on localhost:11434 at 19:46:16.294
starting worker pid=7633 on localhost:11434 at 19:46:16.753
starting worker pid=7647 on localhost:11434 at 19:46:17.212
starting worker pid=7660 on localhost:11434 at 19:46:17.661
starting worker pid=7673 on localhost:11434 at 19:46:18.103
starting worker pid=7687 on localhost:11434 at 19:46:18.544
2022-03-13 19:51:45 INFO::After iteration 10, gene prior 0.0143686207299314:, SNP prior:0.00256535743901522
2022-03-13 19:51:46 INFO::run iteration 11
starting worker pid=8774 on localhost:11434 at 19:51:46.567
starting worker pid=8788 on localhost:11434 at 19:51:46.998
starting worker pid=8801 on localhost:11434 at 19:51:47.445
starting worker pid=8814 on localhost:11434 at 19:51:47.891
starting worker pid=8828 on localhost:11434 at 19:51:48.334
starting worker pid=8841 on localhost:11434 at 19:51:48.782
starting worker pid=8854 on localhost:11434 at 19:51:49.224
starting worker pid=8868 on localhost:11434 at 19:51:49.665
starting worker pid=8881 on localhost:11434 at 19:51:50.119
starting worker pid=8895 on localhost:11434 at 19:51:50.562
2022-03-13 19:57:19 INFO::After iteration 11, gene prior 0.0145073481425904:, SNP prior:0.00256335583603502
2022-03-13 19:57:19 INFO::run iteration 12
starting worker pid=9255 on localhost:11434 at 19:57:20.243
starting worker pid=9270 on localhost:11434 at 19:57:20.690
starting worker pid=9283 on localhost:11434 at 19:57:21.129
starting worker pid=9297 on localhost:11434 at 19:57:21.571
starting worker pid=9311 on localhost:11434 at 19:57:22.014
starting worker pid=9324 on localhost:11434 at 19:57:22.454
starting worker pid=9338 on localhost:11434 at 19:57:22.895
starting worker pid=9351 on localhost:11434 at 19:57:23.340
starting worker pid=9365 on localhost:11434 at 19:57:23.783
starting worker pid=9378 on localhost:11434 at 19:57:24.230
2022-03-13 20:02:52 INFO::After iteration 12, gene prior 0.0146189412043484:, SNP prior:0.00256151660123034
2022-03-13 20:02:52 INFO::run iteration 13
starting worker pid=9735 on localhost:11434 at 20:02:53.316
starting worker pid=9749 on localhost:11434 at 20:02:53.764
starting worker pid=9762 on localhost:11434 at 20:02:54.221
starting worker pid=9775 on localhost:11434 at 20:02:54.672
starting worker pid=9856 on localhost:11434 at 20:02:55.112
starting worker pid=9869 on localhost:11434 at 20:02:55.563
starting worker pid=9882 on localhost:11434 at 20:02:56.005
starting worker pid=9896 on localhost:11434 at 20:02:56.449
starting worker pid=9909 on localhost:11434 at 20:02:56.888
starting worker pid=9923 on localhost:11434 at 20:02:57.331
2022-03-13 20:08:26 INFO::After iteration 13, gene prior 0.0147090874715533:, SNP prior:0.00255992326838196
2022-03-13 20:08:26 INFO::run iteration 14
starting worker pid=10280 on localhost:11434 at 20:08:26.701
starting worker pid=10293 on localhost:11434 at 20:08:27.154
starting worker pid=10307 on localhost:11434 at 20:08:27.612
starting worker pid=10320 on localhost:11434 at 20:08:28.072
starting worker pid=10333 on localhost:11434 at 20:08:28.521
starting worker pid=10348 on localhost:11434 at 20:08:28.967
starting worker pid=10361 on localhost:11434 at 20:08:29.412
starting worker pid=10375 on localhost:11434 at 20:08:29.858
starting worker pid=10388 on localhost:11434 at 20:08:30.307
starting worker pid=10401 on localhost:11434 at 20:08:30.754
2022-03-13 20:13:59 INFO::After iteration 14, gene prior 0.0147820575228035:, SNP prior:0.00255858199263112
2022-03-13 20:13:59 INFO::run iteration 15
starting worker pid=10777 on localhost:11434 at 20:13:59.994
starting worker pid=10790 on localhost:11434 at 20:14:00.443
starting worker pid=10803 on localhost:11434 at 20:14:00.899
starting worker pid=10817 on localhost:11434 at 20:14:01.343
starting worker pid=10830 on localhost:11434 at 20:14:01.784
starting worker pid=10843 on localhost:11434 at 20:14:02.232
starting worker pid=10857 on localhost:11434 at 20:14:02.677
starting worker pid=10870 on localhost:11434 at 20:14:03.128
starting worker pid=10884 on localhost:11434 at 20:14:03.580
starting worker pid=10897 on localhost:11434 at 20:14:04.023
2022-03-13 20:19:32 INFO::After iteration 15, gene prior 0.0148411714434585:, SNP prior:0.00255746854296246
2022-03-13 20:19:32 INFO::run iteration 16
starting worker pid=12012 on localhost:11434 at 20:19:33.234
starting worker pid=12026 on localhost:11434 at 20:19:33.676
starting worker pid=12039 on localhost:11434 at 20:19:34.132
starting worker pid=12053 on localhost:11434 at 20:19:34.590
starting worker pid=12066 on localhost:11434 at 20:19:35.033
starting worker pid=12079 on localhost:11434 at 20:19:35.478
starting worker pid=12093 on localhost:11434 at 20:19:35.929
starting worker pid=12106 on localhost:11434 at 20:19:36.371
starting worker pid=12119 on localhost:11434 at 20:19:36.820
starting worker pid=12133 on localhost:11434 at 20:19:37.264
2022-03-13 20:25:05 INFO::After iteration 16, gene prior 0.0148890786420899:, SNP prior:0.00255655220909516
2022-03-13 20:25:05 INFO::run iteration 17
starting worker pid=12500 on localhost:11434 at 20:25:06.406
starting worker pid=12513 on localhost:11434 at 20:25:06.846
starting worker pid=12527 on localhost:11434 at 20:25:07.311
starting worker pid=12540 on localhost:11434 at 20:25:07.756
starting worker pid=12553 on localhost:11434 at 20:25:08.207
starting worker pid=12568 on localhost:11434 at 20:25:08.653
starting worker pid=12581 on localhost:11434 at 20:25:09.101
starting worker pid=12595 on localhost:11434 at 20:25:09.544
starting worker pid=12608 on localhost:11434 at 20:25:09.992
starting worker pid=12626 on localhost:11434 at 20:25:10.435
2022-03-13 20:30:37 INFO::After iteration 17, gene prior 0.0149279110949964:, SNP prior:0.00255580268378232
2022-03-13 20:30:37 INFO::run iteration 18
starting worker pid=13012 on localhost:11434 at 20:30:38.287
starting worker pid=13026 on localhost:11434 at 20:30:38.722
starting worker pid=13039 on localhost:11434 at 20:30:39.182
starting worker pid=13053 on localhost:11434 at 20:30:39.633
starting worker pid=13066 on localhost:11434 at 20:30:40.080
starting worker pid=13079 on localhost:11434 at 20:30:40.534
starting worker pid=13093 on localhost:11434 at 20:30:40.983
starting worker pid=13106 on localhost:11434 at 20:30:41.434
starting worker pid=13127 on localhost:11434 at 20:30:41.882
starting worker pid=13141 on localhost:11434 at 20:30:42.330
2022-03-13 20:36:11 INFO::After iteration 18, gene prior 0.014959388376687:, SNP prior:0.00255519195377306
2022-03-13 20:36:11 INFO::run iteration 19
starting worker pid=13529 on localhost:11434 at 20:36:12.333
starting worker pid=13542 on localhost:11434 at 20:36:12.762
starting worker pid=13556 on localhost:11434 at 20:36:13.201
starting worker pid=13572 on localhost:11434 at 20:36:13.658
starting worker pid=13585 on localhost:11434 at 20:36:14.106
starting worker pid=13602 on localhost:11434 at 20:36:14.553
starting worker pid=13618 on localhost:11434 at 20:36:15.003
starting worker pid=13631 on localhost:11434 at 20:36:15.456
starting worker pid=13646 on localhost:11434 at 20:36:15.903
starting worker pid=13659 on localhost:11434 at 20:36:16.353
2022-03-13 20:41:44 INFO::After iteration 19, gene prior 0.014984901137606:, SNP prior:0.00255469544519093
2022-03-13 20:41:44 INFO::run iteration 20
starting worker pid=14025 on localhost:11434 at 20:41:45.160
starting worker pid=14038 on localhost:11434 at 20:41:45.608
starting worker pid=14054 on localhost:11434 at 20:41:46.049
starting worker pid=14068 on localhost:11434 at 20:41:46.502
starting worker pid=14081 on localhost:11434 at 20:41:46.964
starting worker pid=14096 on localhost:11434 at 20:41:47.418
starting worker pid=14109 on localhost:11434 at 20:41:47.863
starting worker pid=14124 on localhost:11434 at 20:41:48.313
starting worker pid=14139 on localhost:11434 at 20:41:48.760
starting worker pid=14152 on localhost:11434 at 20:41:49.205
2022-03-13 20:47:17 INFO::After iteration 20, gene prior 0.0150055766451479:, SNP prior:0.00255429235162605
2022-03-13 20:47:18 INFO::run iteration 21
starting worker pid=15105 on localhost:11434 at 20:47:18.492
starting worker pid=15118 on localhost:11434 at 20:47:18.927
starting worker pid=15131 on localhost:11434 at 20:47:19.367
starting worker pid=15145 on localhost:11434 at 20:47:19.823
starting worker pid=15158 on localhost:11434 at 20:47:20.273
starting worker pid=15171 on localhost:11434 at 20:47:20.720
starting worker pid=15185 on localhost:11434 at 20:47:21.170
starting worker pid=15198 on localhost:11434 at 20:47:21.620
starting worker pid=15212 on localhost:11434 at 20:47:22.083
starting worker pid=15225 on localhost:11434 at 20:47:22.530
2022-03-13 20:52:51 INFO::After iteration 21, gene prior 0.0150223295291883:, SNP prior:0.00255396537955126
2022-03-13 20:52:51 INFO::run iteration 22
starting worker pid=15811 on localhost:11434 at 20:52:52.010
starting worker pid=15825 on localhost:11434 at 20:52:52.447
starting worker pid=15838 on localhost:11434 at 20:52:52.883
starting worker pid=15852 on localhost:11434 at 20:52:53.320
starting worker pid=15865 on localhost:11434 at 20:52:53.764
starting worker pid=15878 on localhost:11434 at 20:52:54.205
starting worker pid=15901 on localhost:11434 at 20:52:54.651
starting worker pid=15981 on localhost:11434 at 20:52:55.115
starting worker pid=15995 on localhost:11434 at 20:52:55.562
starting worker pid=16011 on localhost:11434 at 20:52:56.012
2022-03-13 20:58:22 INFO::After iteration 22, gene prior 0.0150359020741067:, SNP prior:0.00255370030148792
2022-03-13 20:58:22 INFO::run iteration 23
starting worker pid=16366 on localhost:11434 at 20:58:23.342
starting worker pid=16379 on localhost:11434 at 20:58:23.791
starting worker pid=16392 on localhost:11434 at 20:58:24.235
starting worker pid=16406 on localhost:11434 at 20:58:24.690
starting worker pid=16419 on localhost:11434 at 20:58:25.143
starting worker pid=16432 on localhost:11434 at 20:58:25.592
starting worker pid=16446 on localhost:11434 at 20:58:26.035
starting worker pid=16459 on localhost:11434 at 20:58:26.485
starting worker pid=16472 on localhost:11434 at 20:58:26.933
starting worker pid=16486 on localhost:11434 at 20:58:27.380
2022-03-13 21:03:57 INFO::After iteration 23, gene prior 0.0150468966385796:, SNP prior:0.0025534854810357
2022-03-13 21:03:57 INFO::run iteration 24
starting worker pid=16842 on localhost:11434 at 21:03:57.919
starting worker pid=16856 on localhost:11434 at 21:03:58.336
starting worker pid=16869 on localhost:11434 at 21:03:58.772
starting worker pid=16882 on localhost:11434 at 21:03:59.224
starting worker pid=16896 on localhost:11434 at 21:03:59.674
starting worker pid=16909 on localhost:11434 at 21:04:00.121
starting worker pid=16923 on localhost:11434 at 21:04:00.570
starting worker pid=16936 on localhost:11434 at 21:04:01.019
starting worker pid=16949 on localhost:11434 at 21:04:01.464
starting worker pid=16963 on localhost:11434 at 21:04:01.917
2022-03-13 21:09:31 INFO::After iteration 24, gene prior 0.0150558019155305:, SNP prior:0.00255331143417324
2022-03-13 21:09:31 INFO::run iteration 25
starting worker pid=17321 on localhost:11434 at 21:09:31.662
starting worker pid=17334 on localhost:11434 at 21:09:32.096
starting worker pid=17349 on localhost:11434 at 21:09:32.561
starting worker pid=17362 on localhost:11434 at 21:09:33.013
starting worker pid=17375 on localhost:11434 at 21:09:33.460
starting worker pid=17389 on localhost:11434 at 21:09:33.910
starting worker pid=17402 on localhost:11434 at 21:09:34.361
starting worker pid=17415 on localhost:11434 at 21:09:34.810
starting worker pid=17429 on localhost:11434 at 21:09:35.261
starting worker pid=17442 on localhost:11434 at 21:09:35.706
2022-03-13 21:15:06 INFO::After iteration 25, gene prior 0.0150630142671233:, SNP prior:0.00255317044766087
2022-03-13 21:15:06 INFO::run iteration 26
starting worker pid=17800 on localhost:11434 at 21:15:06.588
starting worker pid=17813 on localhost:11434 at 21:15:07.015
starting worker pid=17826 on localhost:11434 at 21:15:07.463
starting worker pid=17840 on localhost:11434 at 21:15:07.911
starting worker pid=17853 on localhost:11434 at 21:15:08.366
starting worker pid=17867 on localhost:11434 at 21:15:08.821
starting worker pid=17880 on localhost:11434 at 21:15:09.270
starting worker pid=17893 on localhost:11434 at 21:15:09.725
starting worker pid=17907 on localhost:11434 at 21:15:10.183
starting worker pid=17920 on localhost:11434 at 21:15:10.631
2022-03-13 21:20:39 INFO::After iteration 26, gene prior 0.0150688550774305:, SNP prior:0.00255305625690501
2022-03-13 21:20:39 INFO::run iteration 27
starting worker pid=19007 on localhost:11434 at 21:20:39.720
starting worker pid=19021 on localhost:11434 at 21:20:40.146
starting worker pid=19034 on localhost:11434 at 21:20:40.592
starting worker pid=19048 on localhost:11434 at 21:20:41.042
starting worker pid=19061 on localhost:11434 at 21:20:41.491
starting worker pid=19074 on localhost:11434 at 21:20:41.940
starting worker pid=19106 on localhost:11434 at 21:20:42.389
starting worker pid=19120 on localhost:11434 at 21:20:42.839
starting worker pid=19133 on localhost:11434 at 21:20:43.290
starting worker pid=19147 on localhost:11434 at 21:20:43.749
2022-03-13 21:26:12 INFO::After iteration 27, gene prior 0.0150735848676857:, SNP prior:0.00255296377839066
2022-03-13 21:26:13 INFO::run iteration 28
starting worker pid=19504 on localhost:11434 at 21:26:13.579
starting worker pid=19517 on localhost:11434 at 21:26:14.027
starting worker pid=19530 on localhost:11434 at 21:26:14.456
starting worker pid=19544 on localhost:11434 at 21:26:14.906
starting worker pid=19557 on localhost:11434 at 21:26:15.361
starting worker pid=19570 on localhost:11434 at 21:26:15.811
starting worker pid=19584 on localhost:11434 at 21:26:16.260
starting worker pid=19597 on localhost:11434 at 21:26:16.712
starting worker pid=19610 on localhost:11434 at 21:26:17.162
starting worker pid=19624 on localhost:11434 at 21:26:17.611
2022-03-13 21:31:47 INFO::After iteration 28, gene prior 0.0150774147741192:, SNP prior:0.0025528888894834
2022-03-13 21:31:47 INFO::run iteration 29
starting worker pid=19980 on localhost:11434 at 21:31:48.378
starting worker pid=19994 on localhost:11434 at 21:31:48.823
starting worker pid=20007 on localhost:11434 at 21:31:49.270
starting worker pid=20020 on localhost:11434 at 21:31:49.720
starting worker pid=20034 on localhost:11434 at 21:31:50.163
starting worker pid=20047 on localhost:11434 at 21:31:50.610
starting worker pid=20061 on localhost:11434 at 21:31:51.053
starting worker pid=20074 on localhost:11434 at 21:31:51.500
starting worker pid=20087 on localhost:11434 at 21:31:51.945
starting worker pid=20101 on localhost:11434 at 21:31:52.394
2022-03-13 21:37:21 INFO::After iteration 29, gene prior 0.0150805158762424:, SNP prior:0.00255282824820717
2022-03-13 21:37:21 INFO::run iteration 30
starting worker pid=20469 on localhost:11434 at 21:37:22.291
starting worker pid=20483 on localhost:11434 at 21:37:22.740
starting worker pid=20496 on localhost:11434 at 21:37:23.196
starting worker pid=20510 on localhost:11434 at 21:37:23.662
starting worker pid=20523 on localhost:11434 at 21:37:24.114
starting worker pid=20536 on localhost:11434 at 21:37:24.564
starting worker pid=20550 on localhost:11434 at 21:37:25.012
starting worker pid=20563 on localhost:11434 at 21:37:25.462
starting worker pid=20576 on localhost:11434 at 21:37:25.906
starting worker pid=20590 on localhost:11434 at 21:37:26.353
2022-03-13 21:42:55 INFO::After iteration 30, gene prior 0.0150830267738491:, SNP prior:0.00255277914623883
2022-03-13 21:42:56 INFO::Run susie for all regions.
2022-03-13 21:42:56 INFO::run iteration 1
starting worker pid=21014 on localhost:11434 at 21:42:56.566
starting worker pid=21027 on localhost:11434 at 21:42:57.013
starting worker pid=21041 on localhost:11434 at 21:42:57.453
starting worker pid=21054 on localhost:11434 at 21:42:57.895
starting worker pid=21067 on localhost:11434 at 21:42:58.345
starting worker pid=21081 on localhost:11434 at 21:42:58.794
starting worker pid=21094 on localhost:11434 at 21:42:59.241
starting worker pid=21107 on localhost:11434 at 21:42:59.689
starting worker pid=21121 on localhost:11434 at 21:43:00.138
starting worker pid=21135 on localhost:11434 at 21:43:00.589
2022-03-13 21:52:44 INFO::After iteration 1, gene prior 0.0460018710581506:, SNP prior:0.00937549033876605
2022-03-13 21:52:44 INFO::No. LD regions: 1700
2022-03-13 21:52:52 INFO::No. regions with at least one SNP/gene for chr1: 131
2022-03-13 21:52:52 INFO::Merge regions for chr1
2022-03-13 21:52:52 INFO::No. regions with at least one SNP/gene for chr1 after merging: 129
2022-03-13 21:52:58 INFO::No. regions with at least one SNP/gene for chr2: 144
2022-03-13 21:52:58 INFO::Merge regions for chr2
2022-03-13 21:52:58 INFO::No. regions with at least one SNP/gene for chr2 after merging: 142
2022-03-13 21:53:04 INFO::No. regions with at least one SNP/gene for chr3: 122
2022-03-13 21:53:04 INFO::Merge regions for chr3
2022-03-13 21:53:04 INFO::No. regions with at least one SNP/gene for chr3 after merging: 119
2022-03-13 21:53:10 INFO::No. regions with at least one SNP/gene for chr4: 122
2022-03-13 21:53:10 INFO::Merge regions for chr4
2022-03-13 21:53:10 INFO::No. regions with at least one SNP/gene for chr4 after merging: 122
2022-03-13 21:53:15 INFO::No. regions with at least one SNP/gene for chr5: 110
2022-03-13 21:53:15 INFO::Merge regions for chr5
2022-03-13 21:53:15 INFO::No. regions with at least one SNP/gene for chr5 after merging: 108
2022-03-13 21:53:20 INFO::No. regions with at least one SNP/gene for chr6: 112
2022-03-13 21:53:20 INFO::Merge regions for chr6
2022-03-13 21:53:20 INFO::No. regions with at least one SNP/gene for chr6 after merging: 111
2022-03-13 21:53:24 INFO::No. regions with at least one SNP/gene for chr7: 99
2022-03-13 21:53:24 INFO::Merge regions for chr7
2022-03-13 21:53:24 INFO::No. regions with at least one SNP/gene for chr7 after merging: 97
2022-03-13 21:53:29 INFO::No. regions with at least one SNP/gene for chr8: 94
2022-03-13 21:53:29 INFO::Merge regions for chr8
2022-03-13 21:53:29 INFO::No. regions with at least one SNP/gene for chr8 after merging: 93
2022-03-13 21:53:33 INFO::No. regions with at least one SNP/gene for chr9: 74
2022-03-13 21:53:33 INFO::Merge regions for chr9
2022-03-13 21:53:33 INFO::No. regions with at least one SNP/gene for chr9 after merging: 72
2022-03-13 21:53:36 INFO::No. regions with at least one SNP/gene for chr10: 85
2022-03-13 21:53:36 INFO::Merge regions for chr10
2022-03-13 21:53:36 INFO::No. regions with at least one SNP/gene for chr10 after merging: 85
2022-03-13 21:53:43 INFO::No. regions with at least one SNP/gene for chr11: 84
2022-03-13 21:53:43 INFO::Merge regions for chr11
2022-03-13 21:53:43 INFO::No. regions with at least one SNP/gene for chr11 after merging: 84
2022-03-13 21:53:47 INFO::No. regions with at least one SNP/gene for chr12: 82
2022-03-13 21:53:47 INFO::Merge regions for chr12
2022-03-13 21:53:47 INFO::No. regions with at least one SNP/gene for chr12 after merging: 80
2022-03-13 21:53:49 INFO::No. regions with at least one SNP/gene for chr13: 62
2022-03-13 21:53:49 INFO::Merge regions for chr13
2022-03-13 21:53:49 INFO::No. regions with at least one SNP/gene for chr13 after merging: 62
2022-03-13 21:53:52 INFO::No. regions with at least one SNP/gene for chr14: 56
2022-03-13 21:53:52 INFO::Merge regions for chr14
2022-03-13 21:53:52 INFO::No. regions with at least one SNP/gene for chr14 after merging: 56
2022-03-13 21:53:54 INFO::No. regions with at least one SNP/gene for chr15: 50
2022-03-13 21:53:54 INFO::Merge regions for chr15
2022-03-13 21:53:54 INFO::No. regions with at least one SNP/gene for chr15 after merging: 49
2022-03-13 21:53:56 INFO::No. regions with at least one SNP/gene for chr16: 54
2022-03-13 21:53:56 INFO::Merge regions for chr16
2022-03-13 21:53:56 INFO::No. regions with at least one SNP/gene for chr16 after merging: 54
2022-03-13 21:53:58 INFO::No. regions with at least one SNP/gene for chr17: 47
2022-03-13 21:53:58 INFO::Merge regions for chr17
2022-03-13 21:53:58 INFO::No. regions with at least one SNP/gene for chr17 after merging: 45
2022-03-13 21:54:00 INFO::No. regions with at least one SNP/gene for chr18: 47
2022-03-13 21:54:00 INFO::Merge regions for chr18
2022-03-13 21:54:00 INFO::No. regions with at least one SNP/gene for chr18 after merging: 47
2022-03-13 21:54:02 INFO::No. regions with at least one SNP/gene for chr19: 39
2022-03-13 21:54:02 INFO::Merge regions for chr19
2022-03-13 21:54:02 INFO::No. regions with at least one SNP/gene for chr19 after merging: 38
2022-03-13 21:54:05 INFO::No. regions with at least one SNP/gene for chr20: 38
2022-03-13 21:54:05 INFO::Merge regions for chr20
2022-03-13 21:54:05 INFO::No. regions with at least one SNP/gene for chr20 after merging: 38
2022-03-13 21:54:06 INFO::No. regions with at least one SNP/gene for chr21: 24
2022-03-13 21:54:06 INFO::Merge regions for chr21
2022-03-13 21:54:06 INFO::No. regions with at least one SNP/gene for chr21 after merging: 24
2022-03-13 21:54:07 INFO::No. regions with at least one SNP/gene for chr22: 24
2022-03-13 21:54:07 INFO::Merge regions for chr22
2022-03-13 21:54:07 INFO::No. regions with at least one SNP/gene for chr22 after merging: 24
2022-03-13 21:54:07 INFO::Trim regions with SNPs more than 20000
2022-03-13 21:54:07 INFO::Adding R matrix info, as genotype is not given
2022-03-13 21:54:08 INFO::Adding R matrix info for chrom 1
2022-03-13 22:06:55 INFO::Adding R matrix info for chrom 2
2022-03-13 22:18:41 INFO::Adding R matrix info for chrom 3
2022-03-13 22:27:43 INFO::Adding R matrix info for chrom 4
2022-03-13 22:35:58 INFO::Adding R matrix info for chrom 5
2022-03-13 22:44:29 INFO::Adding R matrix info for chrom 6
2022-03-13 22:53:37 INFO::Adding R matrix info for chrom 7
2022-03-13 23:01:26 INFO::Adding R matrix info for chrom 8
2022-03-13 23:08:43 INFO::Adding R matrix info for chrom 9
2022-03-13 23:14:46 INFO::Adding R matrix info for chrom 10
2022-03-13 23:21:11 INFO::Adding R matrix info for chrom 11
2022-03-13 23:28:35 INFO::Adding R matrix info for chrom 12
2022-03-13 23:36:23 INFO::Adding R matrix info for chrom 13
2022-03-13 23:40:47 INFO::Adding R matrix info for chrom 14
2022-03-13 23:45:12 INFO::Adding R matrix info for chrom 15
2022-03-13 23:49:05 INFO::Adding R matrix info for chrom 16
2022-03-13 23:53:21 INFO::Adding R matrix info for chrom 17
2022-03-13 23:58:59 INFO::Adding R matrix info for chrom 18
2022-03-14 00:02:19 INFO::Adding R matrix info for chrom 19
2022-03-14 00:08:49 INFO::Adding R matrix info for chrom 20
2022-03-14 00:12:00 INFO::Adding R matrix info for chrom 21
2022-03-14 00:13:35 INFO::Adding R matrix info for chrom 22
2022-03-14 00:17:45 INFO::Number of regions that contains strong gene signals: 14
2022-03-14 00:17:45 INFO::Rerun susie for regions with strong gene signals using full SNPs.
2022-03-14 00:17:45 INFO::run iteration 1
starting worker pid=34922 on localhost:11434 at 00:17:46.177
2022-03-14 00:22:00 INFO::After iteration 1, gene prior 0.0816920748952901:, SNP prior:0.000799405541391704
$group_prior
[1] 0.0150830268 0.0002552779

$group_prior_var
[1] 10.531537  8.150799

R version 3.6.1 (2019-07-05)
Platform: x86_64-pc-linux-gnu (64-bit)
Running under: Scientific Linux 7.4 (Nitrogen)

Matrix products: default
BLAS/LAPACK: /software/openblas-0.2.19-el7-x86_64/lib/libopenblas_haswellp-r0.2.19.so

locale:
[1] C

attached base packages:
[1] stats     graphics  grDevices utils     datasets  methods   base     

other attached packages:
[1] data.table_1.14.2 ctwas_0.1.32     

loaded via a namespace (and not attached):
 [1] Rcpp_1.0.8        pgenlibr_0.3.1    magrittr_2.0.2    hms_1.1.1        
 [5] doParallel_1.0.17 lattice_0.20-38   R6_2.5.1          rlang_1.0.1      
 [9] foreach_1.5.2     fansi_1.0.2       tools_3.6.1       parallel_3.6.1   
[13] grid_3.6.1        logging_0.10-108  utf8_1.2.2        cli_3.1.0        
[17] iterators_1.0.14  ellipsis_0.3.2    tibble_3.1.6      lifecycle_1.0.1  
[21] crayon_1.5.0      Matrix_1.2-18     readr_2.1.1       tzdb_0.2.0       
[25] vctrs_0.3.8       codetools_0.2-16  compiler_3.6.1    pillar_1.6.4     
[29] pkgconfig_2.0.3  
