[1] "/project2/xinhe/shengqian/cTWAS/cTWAS_analysis/data/PGC3_SCZ_wave3_public.v2.tsv"
[2] "/project2/mstephens/wcrouse/UKB_LDR_0.1"                                         
[3] "/project2/compbio/predictdb/mashr_models/mashr_Brain_Hippocampus.db"             
[4] "/project2/xinhe/shengqian/cTWAS/cTWAS_analysis/code/ctwas_config.R"              
[5] "SCZ_Brain_Hippocampus_expr"                                                      
[6] "SCZ_Brain_Hippocampus_ctwas"                                                     
[7] "/project2/xinhe/shengqian/cTWAS/cTWAS_analysis/data/SCZ_2020/Brain_Hippocampus"  
2022-03-11 22:28:59 INFO::Flipping z scores to match LD reference
2022-03-11 22:29:02 INFO::Harmonizing strand-ambiguous z scores using imputation by region
2022-03-11 22:50:02 INFO::Reading weights for chromosome 1
2022-03-11 22:50:04 INFO::Number of genes with weights provided: 13526
2022-03-11 22:50:04 INFO::Collecting gene weight information ...
2022-03-11 22:50:04 INFO::Flipping weights to match LD reference
2022-03-11 22:50:04 INFO::Harmonizing strand ambiguous weights using correlations with unambiguous variants
2022-03-11 23:03:20 INFO::Start gene z score imputation ...
2022-03-11 23:03:20 INFO::Using given LD matrices to impute gene z score.
2022-03-11 23:14:53 INFO::Imputation done, writing results to output...
2022-03-11 23:14:54 INFO::Imputation done: number of genes with imputed expression: 1073 for chr 1
2022-03-11 23:14:55 INFO::Flipping z scores to match LD reference
2022-03-11 23:14:57 INFO::Harmonizing strand-ambiguous z scores using imputation by region
2022-03-11 23:38:52 INFO::Reading weights for chromosome 2
2022-03-11 23:38:52 INFO::Number of genes with weights provided: 13526
2022-03-11 23:38:52 INFO::Collecting gene weight information ...
2022-03-11 23:38:52 INFO::Flipping weights to match LD reference
2022-03-11 23:38:52 INFO::Harmonizing strand ambiguous weights using correlations with unambiguous variants
2022-03-11 23:49:45 INFO::Start gene z score imputation ...
2022-03-11 23:49:45 INFO::Using given LD matrices to impute gene z score.
2022-03-11 23:59:46 INFO::Imputation done, writing results to output...
2022-03-11 23:59:46 INFO::Imputation done: number of genes with imputed expression: 766 for chr 2
2022-03-11 23:59:47 INFO::Flipping z scores to match LD reference
2022-03-11 23:59:49 INFO::Harmonizing strand-ambiguous z scores using imputation by region
2022-03-12 00:17:39 INFO::Reading weights for chromosome 3
2022-03-12 00:17:39 INFO::Number of genes with weights provided: 13526
2022-03-12 00:17:39 INFO::Collecting gene weight information ...
2022-03-12 00:17:39 INFO::Flipping weights to match LD reference
2022-03-12 00:17:39 INFO::Harmonizing strand ambiguous weights using correlations with unambiguous variants
2022-03-12 00:25:22 INFO::Start gene z score imputation ...
2022-03-12 00:25:22 INFO::Using given LD matrices to impute gene z score.
2022-03-12 00:34:21 INFO::Imputation done, writing results to output...
2022-03-12 00:34:22 INFO::Imputation done: number of genes with imputed expression: 643 for chr 3
2022-03-12 00:34:23 INFO::Flipping z scores to match LD reference
2022-03-12 00:34:25 INFO::Harmonizing strand-ambiguous z scores using imputation by region
2022-03-12 00:54:16 INFO::Reading weights for chromosome 4
2022-03-12 00:54:16 INFO::Number of genes with weights provided: 13526
2022-03-12 00:54:16 INFO::Collecting gene weight information ...
2022-03-12 00:54:16 INFO::Flipping weights to match LD reference
2022-03-12 00:54:16 INFO::Harmonizing strand ambiguous weights using correlations with unambiguous variants
2022-03-12 01:00:26 INFO::Start gene z score imputation ...
2022-03-12 01:00:26 INFO::Using given LD matrices to impute gene z score.
2022-03-12 01:08:48 INFO::Imputation done, writing results to output...
2022-03-12 01:08:48 INFO::Imputation done: number of genes with imputed expression: 425 for chr 4
2022-03-12 01:08:49 INFO::Flipping z scores to match LD reference
2022-03-12 01:08:51 INFO::Harmonizing strand-ambiguous z scores using imputation by region
2022-03-12 01:24:57 INFO::Reading weights for chromosome 5
2022-03-12 01:24:57 INFO::Number of genes with weights provided: 13526
2022-03-12 01:24:57 INFO::Collecting gene weight information ...
2022-03-12 01:24:57 INFO::Flipping weights to match LD reference
2022-03-12 01:24:57 INFO::Harmonizing strand ambiguous weights using correlations with unambiguous variants
2022-03-12 01:31:51 INFO::Start gene z score imputation ...
2022-03-12 01:31:51 INFO::Using given LD matrices to impute gene z score.
2022-03-12 01:38:49 INFO::Imputation done, writing results to output...
2022-03-12 01:38:49 INFO::Imputation done: number of genes with imputed expression: 536 for chr 5
2022-03-12 01:38:51 INFO::Flipping z scores to match LD reference
2022-03-12 01:38:52 INFO::Harmonizing strand-ambiguous z scores using imputation by region
2022-03-12 01:56:33 INFO::Reading weights for chromosome 6
2022-03-12 01:56:33 INFO::Number of genes with weights provided: 13526
2022-03-12 01:56:33 INFO::Collecting gene weight information ...
2022-03-12 01:56:33 INFO::Flipping weights to match LD reference
2022-03-12 01:56:33 INFO::Harmonizing strand ambiguous weights using correlations with unambiguous variants
2022-03-12 02:07:07 INFO::Start gene z score imputation ...
2022-03-12 02:07:07 INFO::Using given LD matrices to impute gene z score.
2022-03-12 02:15:54 INFO::Imputation done, writing results to output...
2022-03-12 02:15:54 INFO::Imputation done: number of genes with imputed expression: 614 for chr 6
2022-03-12 02:15:55 INFO::Flipping z scores to match LD reference
2022-03-12 02:15:57 INFO::Harmonizing strand-ambiguous z scores using imputation by region
2022-03-12 02:32:38 INFO::Reading weights for chromosome 7
2022-03-12 02:32:38 INFO::Number of genes with weights provided: 13526
2022-03-12 02:32:38 INFO::Collecting gene weight information ...
2022-03-12 02:32:38 INFO::Flipping weights to match LD reference
2022-03-12 02:32:38 INFO::Harmonizing strand ambiguous weights using correlations with unambiguous variants
2022-03-12 02:40:54 INFO::Start gene z score imputation ...
2022-03-12 02:40:54 INFO::Using given LD matrices to impute gene z score.
2022-03-12 02:48:13 INFO::Imputation done, writing results to output...
2022-03-12 02:48:13 INFO::Imputation done: number of genes with imputed expression: 506 for chr 7
2022-03-12 02:48:14 INFO::Flipping z scores to match LD reference
2022-03-12 02:48:16 INFO::Harmonizing strand-ambiguous z scores using imputation by region
2022-03-12 03:04:49 INFO::Reading weights for chromosome 8
2022-03-12 03:04:49 INFO::Number of genes with weights provided: 13526
2022-03-12 03:04:49 INFO::Collecting gene weight information ...
2022-03-12 03:04:49 INFO::Flipping weights to match LD reference
2022-03-12 03:04:49 INFO::Harmonizing strand ambiguous weights using correlations with unambiguous variants
2022-03-12 03:10:12 INFO::Start gene z score imputation ...
2022-03-12 03:10:12 INFO::Using given LD matrices to impute gene z score.
2022-03-12 03:17:18 INFO::Imputation done, writing results to output...
2022-03-12 03:17:18 INFO::Imputation done: number of genes with imputed expression: 404 for chr 8
2022-03-12 03:17:19 INFO::Flipping z scores to match LD reference
2022-03-12 03:17:21 INFO::Harmonizing strand-ambiguous z scores using imputation by region
2022-03-12 03:29:37 INFO::Reading weights for chromosome 9
2022-03-12 03:29:37 INFO::Number of genes with weights provided: 13526
2022-03-12 03:29:37 INFO::Collecting gene weight information ...
2022-03-12 03:29:37 INFO::Flipping weights to match LD reference
2022-03-12 03:29:37 INFO::Harmonizing strand ambiguous weights using correlations with unambiguous variants
2022-03-12 03:36:07 INFO::Start gene z score imputation ...
2022-03-12 03:36:08 INFO::Using given LD matrices to impute gene z score.
2022-03-12 03:41:27 INFO::Imputation done, writing results to output...
2022-03-12 03:41:28 INFO::Imputation done: number of genes with imputed expression: 414 for chr 9
2022-03-12 03:41:29 INFO::Flipping z scores to match LD reference
2022-03-12 03:41:31 INFO::Harmonizing strand-ambiguous z scores using imputation by region
2022-03-12 03:56:49 INFO::Reading weights for chromosome 10
2022-03-12 03:56:49 INFO::Number of genes with weights provided: 13526
2022-03-12 03:56:49 INFO::Collecting gene weight information ...
2022-03-12 03:56:49 INFO::Flipping weights to match LD reference
2022-03-12 03:56:49 INFO::Harmonizing strand ambiguous weights using correlations with unambiguous variants
2022-03-12 04:05:00 INFO::Start gene z score imputation ...
2022-03-12 04:05:00 INFO::Using given LD matrices to impute gene z score.
2022-03-12 04:11:31 INFO::Imputation done, writing results to output...
2022-03-12 04:11:31 INFO::Imputation done: number of genes with imputed expression: 437 for chr 10
2022-03-12 04:11:32 INFO::Flipping z scores to match LD reference
2022-03-12 04:11:34 INFO::Harmonizing strand-ambiguous z scores using imputation by region
2022-03-12 04:27:21 INFO::Reading weights for chromosome 11
2022-03-12 04:27:21 INFO::Number of genes with weights provided: 13526
2022-03-12 04:27:21 INFO::Collecting gene weight information ...
2022-03-12 04:27:21 INFO::Flipping weights to match LD reference
2022-03-12 04:27:21 INFO::Harmonizing strand ambiguous weights using correlations with unambiguous variants
2022-03-12 04:36:11 INFO::Start gene z score imputation ...
2022-03-12 04:36:11 INFO::Using given LD matrices to impute gene z score.
2022-03-12 04:44:21 INFO::Imputation done, writing results to output...
2022-03-12 04:44:22 INFO::Imputation done: number of genes with imputed expression: 662 for chr 11
2022-03-12 04:44:23 INFO::Flipping z scores to match LD reference
2022-03-12 04:44:26 INFO::Harmonizing strand-ambiguous z scores using imputation by region
2022-03-12 04:58:03 INFO::Reading weights for chromosome 12
2022-03-12 04:58:03 INFO::Number of genes with weights provided: 13526
2022-03-12 04:58:03 INFO::Collecting gene weight information ...
2022-03-12 04:58:03 INFO::Flipping weights to match LD reference
2022-03-12 04:58:03 INFO::Harmonizing strand ambiguous weights using correlations with unambiguous variants
2022-03-12 05:06:11 INFO::Start gene z score imputation ...
2022-03-12 05:06:11 INFO::Using given LD matrices to impute gene z score.
2022-03-12 05:13:40 INFO::Imputation done, writing results to output...
2022-03-12 05:13:40 INFO::Imputation done: number of genes with imputed expression: 613 for chr 12
2022-03-12 05:13:41 INFO::Flipping z scores to match LD reference
2022-03-12 05:13:43 INFO::Harmonizing strand-ambiguous z scores using imputation by region
2022-03-12 05:24:43 INFO::Reading weights for chromosome 13
2022-03-12 05:24:43 INFO::Number of genes with weights provided: 13526
2022-03-12 05:24:43 INFO::Collecting gene weight information ...
2022-03-12 05:24:43 INFO::Flipping weights to match LD reference
2022-03-12 05:24:43 INFO::Harmonizing strand ambiguous weights using correlations with unambiguous variants
2022-03-12 05:27:42 INFO::Start gene z score imputation ...
2022-03-12 05:27:42 INFO::Using given LD matrices to impute gene z score.
2022-03-12 05:32:13 INFO::Imputation done, writing results to output...
2022-03-12 05:32:13 INFO::Imputation done: number of genes with imputed expression: 219 for chr 13
2022-03-12 05:32:14 INFO::Flipping z scores to match LD reference
2022-03-12 05:32:16 INFO::Harmonizing strand-ambiguous z scores using imputation by region
2022-03-12 05:42:13 INFO::Reading weights for chromosome 14
2022-03-12 05:42:13 INFO::Number of genes with weights provided: 13526
2022-03-12 05:42:13 INFO::Collecting gene weight information ...
2022-03-12 05:42:13 INFO::Flipping weights to match LD reference
2022-03-12 05:42:13 INFO::Harmonizing strand ambiguous weights using correlations with unambiguous variants
2022-03-12 05:47:56 INFO::Start gene z score imputation ...
2022-03-12 05:47:56 INFO::Using given LD matrices to impute gene z score.
2022-03-12 05:52:48 INFO::Imputation done, writing results to output...
2022-03-12 05:52:49 INFO::Imputation done: number of genes with imputed expression: 376 for chr 14
2022-03-12 05:52:49 INFO::Flipping z scores to match LD reference
2022-03-12 05:52:51 INFO::Harmonizing strand-ambiguous z scores using imputation by region
2022-03-12 05:59:37 INFO::Reading weights for chromosome 15
2022-03-12 05:59:37 INFO::Number of genes with weights provided: 13526
2022-03-12 05:59:37 INFO::Collecting gene weight information ...
2022-03-12 05:59:37 INFO::Flipping weights to match LD reference
2022-03-12 05:59:37 INFO::Harmonizing strand ambiguous weights using correlations with unambiguous variants
2022-03-12 06:03:50 INFO::Start gene z score imputation ...
2022-03-12 06:03:50 INFO::Using given LD matrices to impute gene z score.
2022-03-12 06:07:21 INFO::Imputation done, writing results to output...
2022-03-12 06:07:21 INFO::Imputation done: number of genes with imputed expression: 368 for chr 15
2022-03-12 06:07:22 INFO::Flipping z scores to match LD reference
2022-03-12 06:07:23 INFO::Harmonizing strand-ambiguous z scores using imputation by region
2022-03-12 06:14:30 INFO::Reading weights for chromosome 16
2022-03-12 06:14:30 INFO::Number of genes with weights provided: 13526
2022-03-12 06:14:30 INFO::Collecting gene weight information ...
2022-03-12 06:14:30 INFO::Flipping weights to match LD reference
2022-03-12 06:14:30 INFO::Harmonizing strand ambiguous weights using correlations with unambiguous variants
2022-03-12 06:19:36 INFO::Start gene z score imputation ...
2022-03-12 06:19:36 INFO::Using given LD matrices to impute gene z score.
2022-03-12 06:23:35 INFO::Imputation done, writing results to output...
2022-03-12 06:23:35 INFO::Imputation done: number of genes with imputed expression: 514 for chr 16
2022-03-12 06:23:36 INFO::Flipping z scores to match LD reference
2022-03-12 06:23:39 INFO::Harmonizing strand-ambiguous z scores using imputation by region
2022-03-12 06:30:18 INFO::Reading weights for chromosome 17
2022-03-12 06:30:18 INFO::Number of genes with weights provided: 13526
2022-03-12 06:30:18 INFO::Collecting gene weight information ...
2022-03-12 06:30:18 INFO::Flipping weights to match LD reference
2022-03-12 06:30:18 INFO::Harmonizing strand ambiguous weights using correlations with unambiguous variants
2022-03-12 06:39:24 INFO::Start gene z score imputation ...
2022-03-12 06:39:24 INFO::Using given LD matrices to impute gene z score.
2022-03-12 06:44:31 INFO::Imputation done, writing results to output...
2022-03-12 06:44:31 INFO::Imputation done: number of genes with imputed expression: 661 for chr 17
2022-03-12 06:44:32 INFO::Flipping z scores to match LD reference
2022-03-12 06:44:34 INFO::Harmonizing strand-ambiguous z scores using imputation by region
2022-03-12 06:53:25 INFO::Reading weights for chromosome 18
2022-03-12 06:53:25 INFO::Number of genes with weights provided: 13526
2022-03-12 06:53:25 INFO::Collecting gene weight information ...
2022-03-12 06:53:25 INFO::Flipping weights to match LD reference
2022-03-12 06:53:25 INFO::Harmonizing strand ambiguous weights using correlations with unambiguous variants
2022-03-12 06:56:07 INFO::Start gene z score imputation ...
2022-03-12 06:56:07 INFO::Using given LD matrices to impute gene z score.
2022-03-12 06:59:15 INFO::Imputation done, writing results to output...
2022-03-12 06:59:15 INFO::Imputation done: number of genes with imputed expression: 165 for chr 18
2022-03-12 06:59:16 INFO::Flipping z scores to match LD reference
2022-03-12 06:59:18 INFO::Harmonizing strand-ambiguous z scores using imputation by region
2022-03-12 07:05:06 INFO::Reading weights for chromosome 19
2022-03-12 07:05:06 INFO::Number of genes with weights provided: 13526
2022-03-12 07:05:06 INFO::Collecting gene weight information ...
2022-03-12 07:05:06 INFO::Flipping weights to match LD reference
2022-03-12 07:05:06 INFO::Harmonizing strand ambiguous weights using correlations with unambiguous variants
2022-03-12 07:16:35 INFO::Start gene z score imputation ...
2022-03-12 07:16:35 INFO::Using given LD matrices to impute gene z score.
2022-03-12 07:24:11 INFO::Imputation done, writing results to output...
2022-03-12 07:24:11 INFO::Imputation done: number of genes with imputed expression: 859 for chr 19
2022-03-12 07:24:12 INFO::Flipping z scores to match LD reference
2022-03-12 07:24:13 INFO::Harmonizing strand-ambiguous z scores using imputation by region
2022-03-12 07:30:55 INFO::Reading weights for chromosome 20
2022-03-12 07:30:55 INFO::Number of genes with weights provided: 13526
2022-03-12 07:30:55 INFO::Collecting gene weight information ...
2022-03-12 07:30:55 INFO::Flipping weights to match LD reference
2022-03-12 07:30:55 INFO::Harmonizing strand ambiguous weights using correlations with unambiguous variants
2022-03-12 07:35:08 INFO::Start gene z score imputation ...
2022-03-12 07:35:08 INFO::Using given LD matrices to impute gene z score.
2022-03-12 07:38:34 INFO::Imputation done, writing results to output...
2022-03-12 07:38:34 INFO::Imputation done: number of genes with imputed expression: 332 for chr 20
2022-03-12 07:38:35 INFO::Flipping z scores to match LD reference
2022-03-12 07:38:36 INFO::Harmonizing strand-ambiguous z scores using imputation by region
2022-03-12 07:42:11 INFO::Reading weights for chromosome 21
2022-03-12 07:42:11 INFO::Number of genes with weights provided: 13526
2022-03-12 07:42:11 INFO::Collecting gene weight information ...
2022-03-12 07:42:11 INFO::Flipping weights to match LD reference
2022-03-12 07:42:11 INFO::Harmonizing strand ambiguous weights using correlations with unambiguous variants
2022-03-12 07:44:07 INFO::Start gene z score imputation ...
2022-03-12 07:44:07 INFO::Using given LD matrices to impute gene z score.
2022-03-12 07:45:35 INFO::Imputation done, writing results to output...
2022-03-12 07:45:35 INFO::Imputation done: number of genes with imputed expression: 117 for chr 21
2022-03-12 07:45:36 INFO::Flipping z scores to match LD reference
2022-03-12 07:45:37 INFO::Harmonizing strand-ambiguous z scores using imputation by region
2022-03-12 07:48:54 INFO::Reading weights for chromosome 22
2022-03-12 07:48:54 INFO::Number of genes with weights provided: 13526
2022-03-12 07:48:54 INFO::Collecting gene weight information ...
2022-03-12 07:48:54 INFO::Flipping weights to match LD reference
2022-03-12 07:48:54 INFO::Harmonizing strand ambiguous weights using correlations with unambiguous variants
2022-03-12 07:52:19 INFO::Start gene z score imputation ...
2022-03-12 07:52:19 INFO::Using given LD matrices to impute gene z score.
2022-03-12 07:54:31 INFO::Imputation done, writing results to output...
2022-03-12 07:54:31 INFO::Imputation done: number of genes with imputed expression: 278 for chr 22
2022-03-12 07:54:56 INFO::ctwas started ...
2022-03-12 07:55:19 INFO::LD region file: /home/shengqian/R/x86_64-pc-linux-gnu-library/3.6/ctwas/extdata/ldetect/EUR.b38.bed
2022-03-12 07:55:21 INFO::No. LD regions: 1700
2022-03-12 07:55:27 INFO::No. regions with at least one SNP/gene for chr1: 131
2022-03-12 07:55:27 INFO::Merge regions for chr1
2022-03-12 07:55:27 INFO::No. regions with at least one SNP/gene for chr1 after merging: 129
2022-03-12 07:55:33 INFO::No. regions with at least one SNP/gene for chr2: 144
2022-03-12 07:55:33 INFO::Merge regions for chr2
2022-03-12 07:55:33 INFO::No. regions with at least one SNP/gene for chr2 after merging: 143
2022-03-12 07:55:38 INFO::No. regions with at least one SNP/gene for chr3: 122
2022-03-12 07:55:38 INFO::Merge regions for chr3
2022-03-12 07:55:38 INFO::No. regions with at least one SNP/gene for chr3 after merging: 120
2022-03-12 07:55:43 INFO::No. regions with at least one SNP/gene for chr4: 122
2022-03-12 07:55:43 INFO::Merge regions for chr4
2022-03-12 07:55:43 INFO::No. regions with at least one SNP/gene for chr4 after merging: 120
2022-03-12 07:55:47 INFO::No. regions with at least one SNP/gene for chr5: 110
2022-03-12 07:55:47 INFO::Merge regions for chr5
2022-03-12 07:55:47 INFO::No. regions with at least one SNP/gene for chr5 after merging: 110
2022-03-12 07:55:52 INFO::No. regions with at least one SNP/gene for chr6: 112
2022-03-12 07:55:52 INFO::Merge regions for chr6
2022-03-12 07:55:52 INFO::No. regions with at least one SNP/gene for chr6 after merging: 111
2022-03-12 07:55:55 INFO::No. regions with at least one SNP/gene for chr7: 99
2022-03-12 07:55:55 INFO::Merge regions for chr7
2022-03-12 07:55:55 INFO::No. regions with at least one SNP/gene for chr7 after merging: 97
2022-03-12 07:55:59 INFO::No. regions with at least one SNP/gene for chr8: 94
2022-03-12 07:55:59 INFO::Merge regions for chr8
2022-03-12 07:55:59 INFO::No. regions with at least one SNP/gene for chr8 after merging: 91
2022-03-12 07:56:02 INFO::No. regions with at least one SNP/gene for chr9: 74
2022-03-12 07:56:02 INFO::Merge regions for chr9
2022-03-12 07:56:02 INFO::No. regions with at least one SNP/gene for chr9 after merging: 74
2022-03-12 07:56:06 INFO::No. regions with at least one SNP/gene for chr10: 85
2022-03-12 07:56:06 INFO::Merge regions for chr10
2022-03-12 07:56:06 INFO::No. regions with at least one SNP/gene for chr10 after merging: 84
2022-03-12 07:56:09 INFO::No. regions with at least one SNP/gene for chr11: 84
2022-03-12 07:56:09 INFO::Merge regions for chr11
2022-03-12 07:56:09 INFO::No. regions with at least one SNP/gene for chr11 after merging: 82
2022-03-12 07:56:13 INFO::No. regions with at least one SNP/gene for chr12: 82
2022-03-12 07:56:13 INFO::Merge regions for chr12
2022-03-12 07:56:13 INFO::No. regions with at least one SNP/gene for chr12 after merging: 81
2022-03-12 07:56:15 INFO::No. regions with at least one SNP/gene for chr13: 62
2022-03-12 07:56:15 INFO::Merge regions for chr13
2022-03-12 07:56:15 INFO::No. regions with at least one SNP/gene for chr13 after merging: 61
2022-03-12 07:56:18 INFO::No. regions with at least one SNP/gene for chr14: 56
2022-03-12 07:56:18 INFO::Merge regions for chr14
2022-03-12 07:56:18 INFO::No. regions with at least one SNP/gene for chr14 after merging: 53
2022-03-12 07:56:20 INFO::No. regions with at least one SNP/gene for chr15: 50
2022-03-12 07:56:20 INFO::Merge regions for chr15
2022-03-12 07:56:20 INFO::No. regions with at least one SNP/gene for chr15 after merging: 50
2022-03-12 07:56:22 INFO::No. regions with at least one SNP/gene for chr16: 54
2022-03-12 07:56:22 INFO::Merge regions for chr16
2022-03-12 07:56:22 INFO::No. regions with at least one SNP/gene for chr16 after merging: 54
2022-03-12 07:56:24 INFO::No. regions with at least one SNP/gene for chr17: 47
2022-03-12 07:56:24 INFO::Merge regions for chr17
2022-03-12 07:56:24 INFO::No. regions with at least one SNP/gene for chr17 after merging: 46
2022-03-12 07:56:27 INFO::No. regions with at least one SNP/gene for chr18: 47
2022-03-12 07:56:27 INFO::Merge regions for chr18
2022-03-12 07:56:27 INFO::No. regions with at least one SNP/gene for chr18 after merging: 47
2022-03-12 07:56:29 INFO::No. regions with at least one SNP/gene for chr19: 39
2022-03-12 07:56:29 INFO::Merge regions for chr19
2022-03-12 07:56:29 INFO::No. regions with at least one SNP/gene for chr19 after merging: 36
2022-03-12 07:56:30 INFO::No. regions with at least one SNP/gene for chr20: 38
2022-03-12 07:56:30 INFO::Merge regions for chr20
2022-03-12 07:56:30 INFO::No. regions with at least one SNP/gene for chr20 after merging: 38
2022-03-12 07:56:32 INFO::No. regions with at least one SNP/gene for chr21: 24
2022-03-12 07:56:32 INFO::Merge regions for chr21
2022-03-12 07:56:32 INFO::No. regions with at least one SNP/gene for chr21 after merging: 24
2022-03-12 07:56:34 INFO::No. regions with at least one SNP/gene for chr22: 24
2022-03-12 07:56:34 INFO::Merge regions for chr22
2022-03-12 07:56:34 INFO::No. regions with at least one SNP/gene for chr22 after merging: 23
2022-03-12 07:56:34 INFO::Trim regions with SNPs more than Inf
2022-03-12 07:56:34 INFO::Adding R matrix info, as genotype is not given
2022-03-12 07:56:35 INFO::Adding R matrix info for chrom 1
2022-03-12 08:06:59 INFO::Adding R matrix info for chrom 2
2022-03-12 08:17:07 INFO::Adding R matrix info for chrom 3
2022-03-12 08:25:32 INFO::Adding R matrix info for chrom 4
2022-03-12 08:34:08 INFO::Adding R matrix info for chrom 5
2022-03-12 08:41:22 INFO::Adding R matrix info for chrom 6
