[1] "/project2/xinhe/shengqian/cTWAS/cTWAS_analysis/data/UKBB/ukb-d-30780_irnt.vcf.gz"
[2] "/project2/mstephens/wcrouse/UKB_LDR_0.1"                                         
[3] "/project2/xinhe/shengqian/cTWAS/cTWAS_analysis/data/mqtl/KidneyCortex.db"        
[4] "/project2/xinhe/shengqian/cTWAS/cTWAS_analysis/code/ctwas_config_b38.R"          
[5] "LDL_KidneyCortex_expr"                                                           
[6] "LDL_KidneyCortex_ctwas"                                                          
[7] "/project2/xinhe/shengqian/cTWAS/cTWAS_analysis/data/LDL_M/KidneyCortex"          
2023-01-17 02:00:35 INFO::ctwas started ...
2023-01-17 02:00:53 INFO::LD region file: /home/shengqian/R/x86_64-pc-linux-gnu-library/4.1/ctwas/extdata/ldetect/EUR.b38.bed
2023-01-17 02:01:05 INFO::No. LD regions: 1700
2023-01-17 02:01:14 INFO::No. regions with at least one SNP/gene for chr1: 131
2023-01-17 02:01:14 INFO::Merge regions for chr1
2023-01-17 02:01:14 INFO::No. regions with at least one SNP/gene for chr1 after merging: 131
2023-01-17 02:01:22 INFO::No. regions with at least one SNP/gene for chr2: 144
2023-01-17 02:01:22 INFO::Merge regions for chr2
2023-01-17 02:01:22 INFO::No. regions with at least one SNP/gene for chr2 after merging: 144
2023-01-17 02:01:28 INFO::No. regions with at least one SNP/gene for chr3: 122
2023-01-17 02:01:28 INFO::Merge regions for chr3
2023-01-17 02:01:28 INFO::No. regions with at least one SNP/gene for chr3 after merging: 122
2023-01-17 02:01:36 INFO::No. regions with at least one SNP/gene for chr4: 122
2023-01-17 02:01:36 INFO::Merge regions for chr4
2023-01-17 02:01:36 INFO::No. regions with at least one SNP/gene for chr4 after merging: 122
2023-01-17 02:01:41 INFO::No. regions with at least one SNP/gene for chr5: 110
2023-01-17 02:01:41 INFO::Merge regions for chr5
2023-01-17 02:01:41 INFO::No. regions with at least one SNP/gene for chr5 after merging: 110
2023-01-17 02:01:47 INFO::No. regions with at least one SNP/gene for chr6: 112
2023-01-17 02:01:47 INFO::Merge regions for chr6
2023-01-17 02:01:47 INFO::No. regions with at least one SNP/gene for chr6 after merging: 112
2023-01-17 02:01:52 INFO::No. regions with at least one SNP/gene for chr7: 99
2023-01-17 02:01:52 INFO::Merge regions for chr7
2023-01-17 02:01:52 INFO::No. regions with at least one SNP/gene for chr7 after merging: 99
2023-01-17 02:01:57 INFO::No. regions with at least one SNP/gene for chr8: 94
2023-01-17 02:01:57 INFO::Merge regions for chr8
2023-01-17 02:01:57 INFO::No. regions with at least one SNP/gene for chr8 after merging: 94
2023-01-17 02:02:01 INFO::No. regions with at least one SNP/gene for chr9: 74
2023-01-17 02:02:01 INFO::Merge regions for chr9
2023-01-17 02:02:01 INFO::No. regions with at least one SNP/gene for chr9 after merging: 74
2023-01-17 02:02:06 INFO::No. regions with at least one SNP/gene for chr10: 85
2023-01-17 02:02:06 INFO::Merge regions for chr10
2023-01-17 02:02:06 INFO::No. regions with at least one SNP/gene for chr10 after merging: 85
2023-01-17 02:02:10 INFO::No. regions with at least one SNP/gene for chr11: 84
2023-01-17 02:02:10 INFO::Merge regions for chr11
2023-01-17 02:02:10 INFO::No. regions with at least one SNP/gene for chr11 after merging: 84
2023-01-17 02:02:14 INFO::No. regions with at least one SNP/gene for chr12: 82
2023-01-17 02:02:14 INFO::Merge regions for chr12
2023-01-17 02:02:14 INFO::No. regions with at least one SNP/gene for chr12 after merging: 82
2023-01-17 02:02:17 INFO::No. regions with at least one SNP/gene for chr13: 62
2023-01-17 02:02:17 INFO::Merge regions for chr13
2023-01-17 02:02:17 INFO::No. regions with at least one SNP/gene for chr13 after merging: 62
2023-01-17 02:02:20 INFO::No. regions with at least one SNP/gene for chr14: 56
2023-01-17 02:02:20 INFO::Merge regions for chr14
2023-01-17 02:02:20 INFO::No. regions with at least one SNP/gene for chr14 after merging: 56
2023-01-17 02:02:22 INFO::No. regions with at least one SNP/gene for chr15: 50
2023-01-17 02:02:22 INFO::Merge regions for chr15
2023-01-17 02:02:22 INFO::No. regions with at least one SNP/gene for chr15 after merging: 50
2023-01-17 02:02:25 INFO::No. regions with at least one SNP/gene for chr16: 54
2023-01-17 02:02:25 INFO::Merge regions for chr16
2023-01-17 02:02:25 INFO::No. regions with at least one SNP/gene for chr16 after merging: 54
2023-01-17 02:02:28 INFO::No. regions with at least one SNP/gene for chr17: 47
2023-01-17 02:02:28 INFO::Merge regions for chr17
2023-01-17 02:02:28 INFO::No. regions with at least one SNP/gene for chr17 after merging: 47
2023-01-17 02:02:30 INFO::No. regions with at least one SNP/gene for chr18: 47
2023-01-17 02:02:30 INFO::Merge regions for chr18
2023-01-17 02:02:30 INFO::No. regions with at least one SNP/gene for chr18 after merging: 47
2023-01-17 02:02:32 INFO::No. regions with at least one SNP/gene for chr19: 39
2023-01-17 02:02:32 INFO::Merge regions for chr19
2023-01-17 02:02:32 INFO::No. regions with at least one SNP/gene for chr19 after merging: 39
2023-01-17 02:02:35 INFO::No. regions with at least one SNP/gene for chr20: 38
2023-01-17 02:02:35 INFO::Merge regions for chr20
2023-01-17 02:02:35 INFO::No. regions with at least one SNP/gene for chr20 after merging: 38
2023-01-17 02:02:37 INFO::No. regions with at least one SNP/gene for chr21: 24
2023-01-17 02:02:37 INFO::Merge regions for chr21
2023-01-17 02:02:37 INFO::No. regions with at least one SNP/gene for chr21 after merging: 24
2023-01-17 02:02:39 INFO::No. regions with at least one SNP/gene for chr22: 24
2023-01-17 02:02:39 INFO::Merge regions for chr22
2023-01-17 02:02:39 INFO::No. regions with at least one SNP/gene for chr22 after merging: 24
2023-01-17 02:02:39 INFO::Trim regions with SNPs more than Inf
2023-01-17 02:02:39 INFO::Adding R matrix info, as genotype is not given
2023-01-17 02:02:39 INFO::Adding R matrix info for chrom 1
2023-01-17 02:13:44 INFO::Adding R matrix info for chrom 2
2023-01-17 02:25:31 INFO::Adding R matrix info for chrom 3
2023-01-17 02:34:33 INFO::Adding R matrix info for chrom 4
2023-01-17 02:44:16 INFO::Adding R matrix info for chrom 5
2023-01-17 02:52:48 INFO::Adding R matrix info for chrom 6
2023-01-17 03:02:34 INFO::Adding R matrix info for chrom 7
2023-01-17 03:11:00 INFO::Adding R matrix info for chrom 8
2023-01-17 03:18:54 INFO::Adding R matrix info for chrom 9
2023-01-17 03:24:56 INFO::Adding R matrix info for chrom 10
2023-01-17 03:32:22 INFO::Adding R matrix info for chrom 11
2023-01-17 03:40:05 INFO::Adding R matrix info for chrom 12
2023-01-17 03:47:08 INFO::Adding R matrix info for chrom 13
2023-01-17 03:52:13 INFO::Adding R matrix info for chrom 14
2023-01-17 03:56:36 INFO::Adding R matrix info for chrom 15
2023-01-17 04:00:12 INFO::Adding R matrix info for chrom 16
2023-01-17 04:04:33 INFO::Adding R matrix info for chrom 17
2023-01-17 04:09:00 INFO::Adding R matrix info for chrom 18
2023-01-17 04:12:51 INFO::Adding R matrix info for chrom 19
2023-01-17 04:16:51 INFO::Adding R matrix info for chrom 20
2023-01-17 04:20:12 INFO::Adding R matrix info for chrom 21
2023-01-17 04:22:00 INFO::Adding R matrix info for chrom 22
2023-01-17 04:23:54 INFO::Run susie iteratively, getting rough estimate ...
2023-01-17 04:23:54 INFO::run iteration 1
starting worker pid=14678 on localhost:11607 at 04:23:55.577
starting worker pid=14682 on localhost:11607 at 04:23:55.577
starting worker pid=14680 on localhost:11607 at 04:23:55.578
starting worker pid=14677 on localhost:11607 at 04:23:55.578
starting worker pid=14681 on localhost:11607 at 04:23:55.578
starting worker pid=14676 on localhost:11607 at 04:23:55.578
starting worker pid=14675 on localhost:11607 at 04:23:55.578
starting worker pid=14673 on localhost:11607 at 04:23:55.579
starting worker pid=14674 on localhost:11607 at 04:23:55.580
starting worker pid=14679 on localhost:11607 at 04:23:55.583
2023-01-17 04:45:20 INFO::After iteration 1, priors {SNP,gene}: {0.00192340279876439,0.00278533748612749}
2023-01-17 04:45:21 INFO::run iteration 2
starting worker pid=15993 on localhost:11607 at 04:45:22.020
starting worker pid=15998 on localhost:11607 at 04:45:22.020
starting worker pid=15992 on localhost:11607 at 04:45:22.020
starting worker pid=15997 on localhost:11607 at 04:45:22.020
starting worker pid=16000 on localhost:11607 at 04:45:22.020
starting worker pid=15994 on localhost:11607 at 04:45:22.020
starting worker pid=15999 on localhost:11607 at 04:45:22.020
starting worker pid=15991 on localhost:11607 at 04:45:22.020
starting worker pid=15995 on localhost:11607 at 04:45:22.020
starting worker pid=15996 on localhost:11607 at 04:45:22.021
2023-01-17 05:06:36 INFO::After iteration 2, priors {SNP,gene}: {0.00161510127750093,0.00313528814108044}
2023-01-17 05:06:37 INFO::run iteration 3
starting worker pid=17307 on localhost:11607 at 05:06:38.021
starting worker pid=17313 on localhost:11607 at 05:06:38.022
starting worker pid=17311 on localhost:11607 at 05:06:38.022
starting worker pid=17316 on localhost:11607 at 05:06:38.022
starting worker pid=17314 on localhost:11607 at 05:06:38.022
starting worker pid=17312 on localhost:11607 at 05:06:38.022
starting worker pid=17310 on localhost:11607 at 05:06:38.022
starting worker pid=17309 on localhost:11607 at 05:06:38.023
starting worker pid=17308 on localhost:11607 at 05:06:38.023
starting worker pid=17315 on localhost:11607 at 05:06:38.023
2023-01-17 05:27:28 INFO::After iteration 3, priors {SNP,gene}: {0.00146813974194018,0.0036750675437917}
2023-01-17 05:45:39 INFO::Blocks are filtered: 1013 blocks left
2023-01-17 05:45:39 INFO::Run susie iteratively, getting accurate estimate ...
2023-01-17 05:45:39 INFO::run iteration 1
starting worker pid=19406 on localhost:11607 at 05:45:40.020
starting worker pid=19402 on localhost:11607 at 05:45:40.020
starting worker pid=19409 on localhost:11607 at 05:45:40.020
starting worker pid=19405 on localhost:11607 at 05:45:40.020
starting worker pid=19408 on localhost:11607 at 05:45:40.020
starting worker pid=19403 on localhost:11607 at 05:45:40.020
starting worker pid=19410 on localhost:11607 at 05:45:40.020
starting worker pid=19404 on localhost:11607 at 05:45:40.020
starting worker pid=19401 on localhost:11607 at 05:45:40.020
starting worker pid=19407 on localhost:11607 at 05:45:40.021
2023-01-17 05:59:50 INFO::After iteration 1, priors {SNP,gene}: {0.00144035811104747,0.0044627356101151}
2023-01-17 05:59:50 INFO::run iteration 2
starting worker pid=20233 on localhost:11607 at 05:59:51.552
starting worker pid=20239 on localhost:11607 at 05:59:51.552
starting worker pid=20231 on localhost:11607 at 05:59:51.552
starting worker pid=20235 on localhost:11607 at 05:59:51.553
starting worker pid=20237 on localhost:11607 at 05:59:51.553
starting worker pid=20232 on localhost:11607 at 05:59:51.553
starting worker pid=20236 on localhost:11607 at 05:59:51.557
starting worker pid=20234 on localhost:11607 at 05:59:51.558
starting worker pid=20238 on localhost:11607 at 05:59:51.571
starting worker pid=20240 on localhost:11607 at 05:59:51.588
2023-01-17 06:14:08 INFO::After iteration 2, priors {SNP,gene}: {0.00140998379571011,0.00525381554630351}
2023-01-17 06:14:08 INFO::run iteration 3
starting worker pid=21165 on localhost:11607 at 06:14:09.563
starting worker pid=21166 on localhost:11607 at 06:14:09.563
starting worker pid=21163 on localhost:11607 at 06:14:09.564
starting worker pid=21160 on localhost:11607 at 06:14:09.573
starting worker pid=21161 on localhost:11607 at 06:14:09.579
starting worker pid=21158 on localhost:11607 at 06:14:09.583
starting worker pid=21167 on localhost:11607 at 06:14:09.586
starting worker pid=21164 on localhost:11607 at 06:14:09.603
starting worker pid=21162 on localhost:11607 at 06:14:09.614
starting worker pid=21159 on localhost:11607 at 06:14:09.629
2023-01-17 06:28:15 INFO::After iteration 3, priors {SNP,gene}: {0.00137970525868662,0.00605913747010236}
2023-01-17 06:28:15 INFO::run iteration 4
starting worker pid=21981 on localhost:11607 at 06:28:16.586
starting worker pid=21976 on localhost:11607 at 06:28:16.587
starting worker pid=21974 on localhost:11607 at 06:28:16.592
starting worker pid=21972 on localhost:11607 at 06:28:16.592
starting worker pid=21978 on localhost:11607 at 06:28:16.592
starting worker pid=21979 on localhost:11607 at 06:28:16.592
starting worker pid=21975 on localhost:11607 at 06:28:16.592
starting worker pid=21977 on localhost:11607 at 06:28:16.592
starting worker pid=21973 on localhost:11607 at 06:28:16.593
starting worker pid=21980 on localhost:11607 at 06:28:16.603
2023-01-17 06:41:58 INFO::After iteration 4, priors {SNP,gene}: {0.00134997855982484,0.00687186268041426}
2023-01-17 06:41:59 INFO::run iteration 5
starting worker pid=22835 on localhost:11607 at 06:41:59.984
starting worker pid=22827 on localhost:11607 at 06:41:59.984
starting worker pid=22832 on localhost:11607 at 06:41:59.984
starting worker pid=22836 on localhost:11607 at 06:41:59.984
starting worker pid=22829 on localhost:11607 at 06:41:59.984
starting worker pid=22834 on localhost:11607 at 06:41:59.984
starting worker pid=22830 on localhost:11607 at 06:41:59.984
starting worker pid=22833 on localhost:11607 at 06:41:59.986
starting worker pid=22831 on localhost:11607 at 06:41:59.986
starting worker pid=22828 on localhost:11607 at 06:41:59.987
2023-01-17 06:55:37 INFO::After iteration 5, priors {SNP,gene}: {0.00132102912205211,0.00768321951037644}
2023-01-17 06:55:37 INFO::run iteration 6
starting worker pid=23701 on localhost:11607 at 06:55:38.551
starting worker pid=23702 on localhost:11607 at 06:55:38.552
starting worker pid=23706 on localhost:11607 at 06:55:38.552
starting worker pid=23703 on localhost:11607 at 06:55:38.552
starting worker pid=23698 on localhost:11607 at 06:55:38.552
starting worker pid=23704 on localhost:11607 at 06:55:38.553
starting worker pid=23700 on localhost:11607 at 06:55:38.553
starting worker pid=23699 on localhost:11607 at 06:55:38.553
starting worker pid=23697 on localhost:11607 at 06:55:38.553
starting worker pid=23705 on localhost:11607 at 06:55:38.556
2023-01-17 07:09:32 INFO::After iteration 6, priors {SNP,gene}: {0.00129303903266006,0.00848500524526206}
2023-01-17 07:09:32 INFO::run iteration 7
starting worker pid=24504 on localhost:11607 at 07:09:33.502
starting worker pid=24506 on localhost:11607 at 07:09:33.502
starting worker pid=24509 on localhost:11607 at 07:09:33.502
starting worker pid=24502 on localhost:11607 at 07:09:33.502
starting worker pid=24508 on localhost:11607 at 07:09:33.502
starting worker pid=24501 on localhost:11607 at 07:09:33.502
starting worker pid=24505 on localhost:11607 at 07:09:33.502
starting worker pid=24503 on localhost:11607 at 07:09:33.503
starting worker pid=24507 on localhost:11607 at 07:09:33.507
starting worker pid=24510 on localhost:11607 at 07:09:33.518
2023-01-17 07:23:23 INFO::After iteration 7, priors {SNP,gene}: {0.00126616057016334,0.00927008026216359}
2023-01-17 07:23:23 INFO::run iteration 8
starting worker pid=25308 on localhost:11607 at 07:23:23.964
starting worker pid=25313 on localhost:11607 at 07:23:23.964
starting worker pid=25310 on localhost:11607 at 07:23:23.964
starting worker pid=25307 on localhost:11607 at 07:23:23.964
starting worker pid=25309 on localhost:11607 at 07:23:23.964
starting worker pid=25311 on localhost:11607 at 07:23:23.964
starting worker pid=25306 on localhost:11607 at 07:23:23.964
starting worker pid=25312 on localhost:11607 at 07:23:23.964
starting worker pid=25305 on localhost:11607 at 07:23:23.964
starting worker pid=25314 on localhost:11607 at 07:23:23.964
2023-01-17 07:37:21 INFO::After iteration 8, priors {SNP,gene}: {0.00124051567037912,0.0100324748179266}
2023-01-17 07:37:21 INFO::run iteration 9
starting worker pid=26198 on localhost:11607 at 07:37:22.400
starting worker pid=26200 on localhost:11607 at 07:37:22.400
starting worker pid=26199 on localhost:11607 at 07:37:22.400
starting worker pid=26202 on localhost:11607 at 07:37:22.400
starting worker pid=26194 on localhost:11607 at 07:37:22.400
starting worker pid=26195 on localhost:11607 at 07:37:22.400
starting worker pid=26196 on localhost:11607 at 07:37:22.401
starting worker pid=26201 on localhost:11607 at 07:37:22.401
starting worker pid=26193 on localhost:11607 at 07:37:22.401
starting worker pid=26197 on localhost:11607 at 07:37:22.401
2023-01-17 07:51:22 INFO::After iteration 9, priors {SNP,gene}: {0.00121619574593391,0.0107673800566233}
2023-01-17 07:51:22 INFO::run iteration 10
starting worker pid=27023 on localhost:11607 at 07:51:23.419
starting worker pid=27021 on localhost:11607 at 07:51:23.419
starting worker pid=27024 on localhost:11607 at 07:51:23.419
starting worker pid=27022 on localhost:11607 at 07:51:23.419
starting worker pid=27025 on localhost:11607 at 07:51:23.419
starting worker pid=27016 on localhost:11607 at 07:51:23.419
starting worker pid=27019 on localhost:11607 at 07:51:23.419
starting worker pid=27017 on localhost:11607 at 07:51:23.419
starting worker pid=27020 on localhost:11607 at 07:51:23.419
starting worker pid=27018 on localhost:11607 at 07:51:23.420
2023-01-17 08:05:31 INFO::After iteration 10, priors {SNP,gene}: {0.00119325160490301,0.0114700576152962}
2023-01-17 08:05:31 INFO::run iteration 11
starting worker pid=27834 on localhost:11607 at 08:05:32.476
starting worker pid=27840 on localhost:11607 at 08:05:32.476
starting worker pid=27836 on localhost:11607 at 08:05:32.477
starting worker pid=27837 on localhost:11607 at 08:05:32.477
starting worker pid=27841 on localhost:11607 at 08:05:32.477
starting worker pid=27842 on localhost:11607 at 08:05:32.477
starting worker pid=27839 on localhost:11607 at 08:05:32.477
starting worker pid=27838 on localhost:11607 at 08:05:32.479
starting worker pid=27835 on localhost:11607 at 08:05:32.480
starting worker pid=27833 on localhost:11607 at 08:05:32.480
2023-01-17 08:19:42 INFO::After iteration 11, priors {SNP,gene}: {0.00117170134643505,0.0121357493880652}
2023-01-17 08:19:42 INFO::run iteration 12
starting worker pid=28722 on localhost:11607 at 08:19:43.157
starting worker pid=28718 on localhost:11607 at 08:19:43.157
starting worker pid=28717 on localhost:11607 at 08:19:43.158
starting worker pid=28720 on localhost:11607 at 08:19:43.158
starting worker pid=28723 on localhost:11607 at 08:19:43.158
starting worker pid=28719 on localhost:11607 at 08:19:43.158
starting worker pid=28714 on localhost:11607 at 08:19:43.158
starting worker pid=28721 on localhost:11607 at 08:19:43.158
starting worker pid=28716 on localhost:11607 at 08:19:43.159
starting worker pid=28715 on localhost:11607 at 08:19:43.160
2023-01-17 08:33:56 INFO::After iteration 12, priors {SNP,gene}: {0.00115156571437641,0.0127628552483253}
2023-01-17 08:33:56 INFO::run iteration 13
starting worker pid=29552 on localhost:11607 at 08:33:57.123
starting worker pid=29546 on localhost:11607 at 08:33:57.123
starting worker pid=29548 on localhost:11607 at 08:33:57.123
starting worker pid=29551 on localhost:11607 at 08:33:57.123
starting worker pid=29550 on localhost:11607 at 08:33:57.123
starting worker pid=29549 on localhost:11607 at 08:33:57.124
starting worker pid=29547 on localhost:11607 at 08:33:57.124
starting worker pid=29554 on localhost:11607 at 08:33:57.124
starting worker pid=29553 on localhost:11607 at 08:33:57.124
starting worker pid=29545 on localhost:11607 at 08:33:57.124
2023-01-17 08:48:04 INFO::After iteration 13, priors {SNP,gene}: {0.00113284162566135,0.0133506505562931}
2023-01-17 08:48:05 INFO::run iteration 14
starting worker pid=30367 on localhost:11607 at 08:48:05.654
starting worker pid=30370 on localhost:11607 at 08:48:05.654
starting worker pid=30364 on localhost:11607 at 08:48:05.654
starting worker pid=30366 on localhost:11607 at 08:48:05.654
starting worker pid=30372 on localhost:11607 at 08:48:05.654
starting worker pid=30368 on localhost:11607 at 08:48:05.654
starting worker pid=30365 on localhost:11607 at 08:48:05.654
starting worker pid=30371 on localhost:11607 at 08:48:05.656
starting worker pid=30363 on localhost:11607 at 08:48:05.677
starting worker pid=30369 on localhost:11607 at 08:48:05.705
2023-01-17 09:02:23 INFO::After iteration 14, priors {SNP,gene}: {0.00111550627611153,0.0138991278799131}
2023-01-17 09:02:23 INFO::run iteration 15
starting worker pid=31187 on localhost:11607 at 09:02:24.578
starting worker pid=31194 on localhost:11607 at 09:02:24.578
starting worker pid=31190 on localhost:11607 at 09:02:24.578
starting worker pid=31191 on localhost:11607 at 09:02:24.578
starting worker pid=31189 on localhost:11607 at 09:02:24.578
starting worker pid=31196 on localhost:11607 at 09:02:24.578
starting worker pid=31193 on localhost:11607 at 09:02:24.578
starting worker pid=31192 on localhost:11607 at 09:02:24.578
starting worker pid=31195 on localhost:11607 at 09:02:24.579
starting worker pid=31188 on localhost:11607 at 09:02:24.582
2023-01-17 09:16:34 INFO::After iteration 15, priors {SNP,gene}: {0.00109951277123291,0.0144079822781277}
2023-01-17 09:16:34 INFO::run iteration 16
starting worker pid=32011 on localhost:11607 at 09:16:35.023
starting worker pid=32009 on localhost:11607 at 09:16:35.023
starting worker pid=32010 on localhost:11607 at 09:16:35.023
starting worker pid=32008 on localhost:11607 at 09:16:35.023
starting worker pid=32014 on localhost:11607 at 09:16:35.023
starting worker pid=32007 on localhost:11607 at 09:16:35.035
starting worker pid=32012 on localhost:11607 at 09:16:35.035
starting worker pid=32005 on localhost:11607 at 09:16:35.039
starting worker pid=32006 on localhost:11607 at 09:16:35.039
starting worker pid=32013 on localhost:11607 at 09:16:35.061
2023-01-17 09:30:33 INFO::After iteration 16, priors {SNP,gene}: {0.00108480468401718,0.014877448985499}
2023-01-17 09:30:34 INFO::run iteration 17
starting worker pid=32815 on localhost:11607 at 09:30:34.934
starting worker pid=32821 on localhost:11607 at 09:30:34.935
starting worker pid=32818 on localhost:11607 at 09:30:34.935
starting worker pid=32822 on localhost:11607 at 09:30:34.937
starting worker pid=32814 on localhost:11607 at 09:30:34.940
starting worker pid=32820 on localhost:11607 at 09:30:34.940
starting worker pid=32819 on localhost:11607 at 09:30:34.940
starting worker pid=32823 on localhost:11607 at 09:30:34.941
starting worker pid=32817 on localhost:11607 at 09:30:34.941
starting worker pid=32816 on localhost:11607 at 09:30:34.942
2023-01-17 09:45:00 INFO::After iteration 17, priors {SNP,gene}: {0.00107132614576051,0.0153091615249391}
2023-01-17 09:45:00 INFO::run iteration 18
starting worker pid=33652 on localhost:11607 at 09:45:01.169
starting worker pid=33648 on localhost:11607 at 09:45:01.170
starting worker pid=33651 on localhost:11607 at 09:45:01.170
starting worker pid=33656 on localhost:11607 at 09:45:01.170
starting worker pid=33655 on localhost:11607 at 09:45:01.170
starting worker pid=33654 on localhost:11607 at 09:45:01.171
starting worker pid=33658 on localhost:11607 at 09:45:01.174
starting worker pid=33650 on localhost:11607 at 09:45:01.175
starting worker pid=33649 on localhost:11607 at 09:45:01.177
starting worker pid=33657 on localhost:11607 at 09:45:01.182
2023-01-17 09:59:24 INFO::After iteration 18, priors {SNP,gene}: {0.00105901342910622,0.0157049944002489}
2023-01-17 09:59:24 INFO::run iteration 19
starting worker pid=34478 on localhost:11607 at 09:59:25.453
starting worker pid=34476 on localhost:11607 at 09:59:25.460
starting worker pid=34474 on localhost:11607 at 09:59:25.460
starting worker pid=34483 on localhost:11607 at 09:59:25.462
starting worker pid=34481 on localhost:11607 at 09:59:25.464
starting worker pid=34479 on localhost:11607 at 09:59:25.475
starting worker pid=34482 on localhost:11607 at 09:59:25.478
starting worker pid=34475 on localhost:11607 at 09:59:25.483
starting worker pid=34480 on localhost:11607 at 09:59:25.491
starting worker pid=34477 on localhost:11607 at 09:59:25.498
2023-01-17 10:13:38 INFO::After iteration 19, priors {SNP,gene}: {0.00104779779085929,0.0160669772701618}
2023-01-17 10:13:39 INFO::run iteration 20
starting worker pid=35295 on localhost:11607 at 10:13:39.941
starting worker pid=35300 on localhost:11607 at 10:13:39.941
starting worker pid=35299 on localhost:11607 at 10:13:39.941
starting worker pid=35296 on localhost:11607 at 10:13:39.941
starting worker pid=35297 on localhost:11607 at 10:13:39.941
starting worker pid=35303 on localhost:11607 at 10:13:39.941
starting worker pid=35302 on localhost:11607 at 10:13:39.941
starting worker pid=35298 on localhost:11607 at 10:13:39.942
starting worker pid=35304 on localhost:11607 at 10:13:39.942
starting worker pid=35301 on localhost:11607 at 10:13:39.942
2023-01-17 10:27:49 INFO::After iteration 20, priors {SNP,gene}: {0.00103760772828461,0.0163972249298686}
2023-01-17 10:27:50 INFO::run iteration 21
starting worker pid=36114 on localhost:11607 at 10:27:50.972
starting worker pid=36115 on localhost:11607 at 10:27:50.972
starting worker pid=36117 on localhost:11607 at 10:27:50.972
starting worker pid=36111 on localhost:11607 at 10:27:50.972
starting worker pid=36118 on localhost:11607 at 10:27:50.972
starting worker pid=36113 on localhost:11607 at 10:27:50.972
starting worker pid=36119 on localhost:11607 at 10:27:50.973
starting worker pid=36110 on localhost:11607 at 10:27:50.973
starting worker pid=36116 on localhost:11607 at 10:27:50.973
starting worker pid=36112 on localhost:11607 at 10:27:50.973
2023-01-17 10:42:16 INFO::After iteration 21, priors {SNP,gene}: {0.00102837083118301,0.0166978812866421}
2023-01-17 10:42:17 INFO::run iteration 22
starting worker pid=36950 on localhost:11607 at 10:42:17.674
starting worker pid=36943 on localhost:11607 at 10:42:17.674
starting worker pid=36948 on localhost:11607 at 10:42:17.675
starting worker pid=36944 on localhost:11607 at 10:42:17.675
starting worker pid=36949 on localhost:11607 at 10:42:17.675
starting worker pid=36945 on localhost:11607 at 10:42:17.675
starting worker pid=36941 on localhost:11607 at 10:42:17.675
starting worker pid=36942 on localhost:11607 at 10:42:17.675
starting worker pid=36946 on localhost:11607 at 10:42:17.675
starting worker pid=36947 on localhost:11607 at 10:42:17.675
2023-01-17 10:56:33 INFO::After iteration 22, priors {SNP,gene}: {0.0010200149919177,0.0169710743528058}
2023-01-17 10:56:33 INFO::run iteration 23
starting worker pid=37815 on localhost:11607 at 10:56:34.234
starting worker pid=37813 on localhost:11607 at 10:56:34.235
starting worker pid=37816 on localhost:11607 at 10:56:34.235
starting worker pid=37820 on localhost:11607 at 10:56:34.235
starting worker pid=37822 on localhost:11607 at 10:56:34.240
starting worker pid=37817 on localhost:11607 at 10:56:34.241
starting worker pid=37818 on localhost:11607 at 10:56:34.241
starting worker pid=37819 on localhost:11607 at 10:56:34.245
starting worker pid=37821 on localhost:11607 at 10:56:34.249
starting worker pid=37814 on localhost:11607 at 10:56:34.262
2023-01-17 11:10:56 INFO::After iteration 23, priors {SNP,gene}: {0.00101246886761599,0.0172188796168064}
2023-01-17 11:10:56 INFO::run iteration 24
starting worker pid=38693 on localhost:11607 at 11:10:57.297
starting worker pid=38692 on localhost:11607 at 11:10:57.297
starting worker pid=38699 on localhost:11607 at 11:10:57.297
starting worker pid=38690 on localhost:11607 at 11:10:57.298
starting worker pid=38691 on localhost:11607 at 11:10:57.299
starting worker pid=38696 on localhost:11607 at 11:10:57.299
starting worker pid=38694 on localhost:11607 at 11:10:57.300
starting worker pid=38695 on localhost:11607 at 11:10:57.300
starting worker pid=38697 on localhost:11607 at 11:10:57.301
starting worker pid=38698 on localhost:11607 at 11:10:57.317
2023-01-17 11:25:01 INFO::After iteration 24, priors {SNP,gene}: {0.00100566538065802,0.0174433079907832}
2023-01-17 11:25:01 INFO::run iteration 25
starting worker pid=39502 on localhost:11607 at 11:25:02.016
starting worker pid=39501 on localhost:11607 at 11:25:02.016
starting worker pid=39507 on localhost:11607 at 11:25:02.016
starting worker pid=39509 on localhost:11607 at 11:25:02.016
starting worker pid=39510 on localhost:11607 at 11:25:02.016
starting worker pid=39505 on localhost:11607 at 11:25:02.029
starting worker pid=39506 on localhost:11607 at 11:25:02.037
starting worker pid=39504 on localhost:11607 at 11:25:02.038
starting worker pid=39503 on localhost:11607 at 11:25:02.051
starting worker pid=39508 on localhost:11607 at 11:25:02.068
2023-01-17 11:39:13 INFO::After iteration 25, priors {SNP,gene}: {0.000999540500323038,0.0176462804707885}
2023-01-17 11:39:13 INFO::run iteration 26
starting worker pid=40336 on localhost:11607 at 11:39:14.142
starting worker pid=40340 on localhost:11607 at 11:39:14.143
starting worker pid=40334 on localhost:11607 at 11:39:14.143
starting worker pid=40333 on localhost:11607 at 11:39:14.146
starting worker pid=40335 on localhost:11607 at 11:39:14.146
starting worker pid=40332 on localhost:11607 at 11:39:14.147
starting worker pid=40338 on localhost:11607 at 11:39:14.158
starting worker pid=40337 on localhost:11607 at 11:39:14.159
starting worker pid=40341 on localhost:11607 at 11:39:14.163
starting worker pid=40339 on localhost:11607 at 11:39:14.164
2023-01-17 11:53:20 INFO::After iteration 26, priors {SNP,gene}: {0.000994033775986966,0.0178296159799855}
2023-01-17 11:53:20 INFO::run iteration 27
starting worker pid=41150 on localhost:11607 at 11:53:21.428
starting worker pid=41152 on localhost:11607 at 11:53:21.428
starting worker pid=41154 on localhost:11607 at 11:53:21.428
starting worker pid=41151 on localhost:11607 at 11:53:21.428
starting worker pid=41147 on localhost:11607 at 11:53:21.429
starting worker pid=41155 on localhost:11607 at 11:53:21.431
starting worker pid=41148 on localhost:11607 at 11:53:21.445
starting worker pid=41153 on localhost:11607 at 11:53:21.446
starting worker pid=41146 on localhost:11607 at 11:53:21.450
starting worker pid=41149 on localhost:11607 at 11:53:21.462
2023-01-17 12:07:33 INFO::After iteration 27, priors {SNP,gene}: {0.000989088590209979,0.0179950245220362}
2023-01-17 12:07:33 INFO::run iteration 28
starting worker pid=41968 on localhost:11607 at 12:07:34.452
starting worker pid=41967 on localhost:11607 at 12:07:34.473
starting worker pid=41965 on localhost:11607 at 12:07:34.474
starting worker pid=41974 on localhost:11607 at 12:07:34.476
starting worker pid=41972 on localhost:11607 at 12:07:34.482
starting worker pid=41969 on localhost:11607 at 12:07:34.491
starting worker pid=41971 on localhost:11607 at 12:07:34.501
starting worker pid=41966 on localhost:11607 at 12:07:34.503
starting worker pid=41973 on localhost:11607 at 12:07:34.505
starting worker pid=41970 on localhost:11607 at 12:07:34.517
2023-01-17 12:21:53 INFO::After iteration 28, priors {SNP,gene}: {0.000984652269678652,0.0181441039707997}
2023-01-17 12:21:53 INFO::run iteration 29
starting worker pid=42789 on localhost:11607 at 12:21:54.190
starting worker pid=42794 on localhost:11607 at 12:21:54.190
starting worker pid=42793 on localhost:11607 at 12:21:54.191
starting worker pid=42792 on localhost:11607 at 12:21:54.191
starting worker pid=42790 on localhost:11607 at 12:21:54.191
starting worker pid=42797 on localhost:11607 at 12:21:54.191
starting worker pid=42795 on localhost:11607 at 12:21:54.191
starting worker pid=42791 on localhost:11607 at 12:21:54.191
starting worker pid=42796 on localhost:11607 at 12:21:54.191
starting worker pid=42798 on localhost:11607 at 12:21:54.193
2023-01-17 12:36:13 INFO::After iteration 29, priors {SNP,gene}: {0.000980672292171229,0.0182776833737469}
2023-01-17 12:36:14 INFO::run iteration 30
starting worker pid=43691 on localhost:11607 at 12:36:14.720
starting worker pid=43694 on localhost:11607 at 12:36:14.720
starting worker pid=43699 on localhost:11607 at 12:36:14.720
starting worker pid=43697 on localhost:11607 at 12:36:14.721
starting worker pid=43698 on localhost:11607 at 12:36:14.721
starting worker pid=43690 on localhost:11607 at 12:36:14.721
starting worker pid=43693 on localhost:11607 at 12:36:14.725
starting worker pid=43692 on localhost:11607 at 12:36:14.726
starting worker pid=43696 on localhost:11607 at 12:36:14.727
starting worker pid=43695 on localhost:11607 at 12:36:14.727
2023-01-17 12:50:26 INFO::After iteration 30, priors {SNP,gene}: {0.000977103771362253,0.0183970238243549}
2023-01-17 12:50:26 INFO::Run susie for all regions.
2023-01-17 12:50:26 INFO::run iteration 1
starting worker pid=44513 on localhost:11607 at 12:50:27.250
starting worker pid=44511 on localhost:11607 at 12:50:27.251
starting worker pid=44514 on localhost:11607 at 12:50:27.251
starting worker pid=44519 on localhost:11607 at 12:50:27.251
starting worker pid=44516 on localhost:11607 at 12:50:27.251
starting worker pid=44518 on localhost:11607 at 12:50:27.251
starting worker pid=44512 on localhost:11607 at 12:50:27.251
starting worker pid=44510 on localhost:11607 at 12:50:27.252
starting worker pid=44517 on localhost:11607 at 12:50:27.256
starting worker pid=44515 on localhost:11607 at 12:50:27.256
2023-01-17 13:11:54 INFO::After iteration 1, priors {SNP,gene}: {0.00356849431321758,0.0768297500569536}
2023-01-17 13:11:55 INFO::No. LD regions: 1700
2023-01-17 13:12:02 INFO::No. regions with at least one SNP/gene for chr1: 131
2023-01-17 13:12:02 INFO::Merge regions for chr1
2023-01-17 13:12:02 INFO::No. regions with at least one SNP/gene for chr1 after merging: 131
2023-01-17 13:12:09 INFO::No. regions with at least one SNP/gene for chr2: 144
2023-01-17 13:12:09 INFO::Merge regions for chr2
2023-01-17 13:12:09 INFO::No. regions with at least one SNP/gene for chr2 after merging: 144
2023-01-17 13:12:14 INFO::No. regions with at least one SNP/gene for chr3: 122
2023-01-17 13:12:14 INFO::Merge regions for chr3
2023-01-17 13:12:14 INFO::No. regions with at least one SNP/gene for chr3 after merging: 122
2023-01-17 13:12:20 INFO::No. regions with at least one SNP/gene for chr4: 122
2023-01-17 13:12:20 INFO::Merge regions for chr4
2023-01-17 13:12:20 INFO::No. regions with at least one SNP/gene for chr4 after merging: 122
2023-01-17 13:12:24 INFO::No. regions with at least one SNP/gene for chr5: 110
2023-01-17 13:12:24 INFO::Merge regions for chr5
2023-01-17 13:12:24 INFO::No. regions with at least one SNP/gene for chr5 after merging: 110
2023-01-17 13:12:29 INFO::No. regions with at least one SNP/gene for chr6: 112
2023-01-17 13:12:29 INFO::Merge regions for chr6
2023-01-17 13:12:29 INFO::No. regions with at least one SNP/gene for chr6 after merging: 112
2023-01-17 13:12:33 INFO::No. regions with at least one SNP/gene for chr7: 99
2023-01-17 13:12:33 INFO::Merge regions for chr7
2023-01-17 13:12:33 INFO::No. regions with at least one SNP/gene for chr7 after merging: 99
2023-01-17 13:12:37 INFO::No. regions with at least one SNP/gene for chr8: 94
2023-01-17 13:12:37 INFO::Merge regions for chr8
2023-01-17 13:12:37 INFO::No. regions with at least one SNP/gene for chr8 after merging: 94
2023-01-17 13:12:40 INFO::No. regions with at least one SNP/gene for chr9: 74
2023-01-17 13:12:40 INFO::Merge regions for chr9
2023-01-17 13:12:40 INFO::No. regions with at least one SNP/gene for chr9 after merging: 74
2023-01-17 13:12:43 INFO::No. regions with at least one SNP/gene for chr10: 85
2023-01-17 13:12:43 INFO::Merge regions for chr10
2023-01-17 13:12:43 INFO::No. regions with at least one SNP/gene for chr10 after merging: 85
2023-01-17 13:12:46 INFO::No. regions with at least one SNP/gene for chr11: 84
2023-01-17 13:12:46 INFO::Merge regions for chr11
2023-01-17 13:12:46 INFO::No. regions with at least one SNP/gene for chr11 after merging: 84
2023-01-17 13:12:50 INFO::No. regions with at least one SNP/gene for chr12: 82
2023-01-17 13:12:50 INFO::Merge regions for chr12
2023-01-17 13:12:50 INFO::No. regions with at least one SNP/gene for chr12 after merging: 82
2023-01-17 13:12:53 INFO::No. regions with at least one SNP/gene for chr13: 62
2023-01-17 13:12:53 INFO::Merge regions for chr13
2023-01-17 13:12:53 INFO::No. regions with at least one SNP/gene for chr13 after merging: 62
2023-01-17 13:12:55 INFO::No. regions with at least one SNP/gene for chr14: 56
2023-01-17 13:12:55 INFO::Merge regions for chr14
2023-01-17 13:12:55 INFO::No. regions with at least one SNP/gene for chr14 after merging: 56
2023-01-17 13:12:57 INFO::No. regions with at least one SNP/gene for chr15: 50
2023-01-17 13:12:57 INFO::Merge regions for chr15
2023-01-17 13:12:57 INFO::No. regions with at least one SNP/gene for chr15 after merging: 50
2023-01-17 13:13:00 INFO::No. regions with at least one SNP/gene for chr16: 54
2023-01-17 13:13:00 INFO::Merge regions for chr16
2023-01-17 13:13:00 INFO::No. regions with at least one SNP/gene for chr16 after merging: 54
2023-01-17 13:13:01 INFO::No. regions with at least one SNP/gene for chr17: 47
2023-01-17 13:13:01 INFO::Merge regions for chr17
2023-01-17 13:13:01 INFO::No. regions with at least one SNP/gene for chr17 after merging: 47
2023-01-17 13:13:04 INFO::No. regions with at least one SNP/gene for chr18: 47
2023-01-17 13:13:04 INFO::Merge regions for chr18
2023-01-17 13:13:04 INFO::No. regions with at least one SNP/gene for chr18 after merging: 47
2023-01-17 13:13:05 INFO::No. regions with at least one SNP/gene for chr19: 39
2023-01-17 13:13:05 INFO::Merge regions for chr19
2023-01-17 13:13:05 INFO::No. regions with at least one SNP/gene for chr19 after merging: 39
2023-01-17 13:13:07 INFO::No. regions with at least one SNP/gene for chr20: 38
2023-01-17 13:13:07 INFO::Merge regions for chr20
2023-01-17 13:13:07 INFO::No. regions with at least one SNP/gene for chr20 after merging: 38
2023-01-17 13:13:09 INFO::No. regions with at least one SNP/gene for chr21: 24
2023-01-17 13:13:09 INFO::Merge regions for chr21
2023-01-17 13:13:09 INFO::No. regions with at least one SNP/gene for chr21 after merging: 24
2023-01-17 13:13:10 INFO::No. regions with at least one SNP/gene for chr22: 24
2023-01-17 13:13:10 INFO::Merge regions for chr22
2023-01-17 13:13:10 INFO::No. regions with at least one SNP/gene for chr22 after merging: 24
2023-01-17 13:13:10 INFO::Trim regions with SNPs more than 20000
2023-01-17 13:13:10 INFO::Adding R matrix info, as genotype is not given
2023-01-17 13:13:11 INFO::Adding R matrix info for chrom 1
2023-01-17 13:24:26 INFO::Adding R matrix info for chrom 2
2023-01-17 13:36:25 INFO::Adding R matrix info for chrom 3
2023-01-17 13:45:44 INFO::Adding R matrix info for chrom 4
2023-01-17 13:55:38 INFO::Adding R matrix info for chrom 5
2023-01-17 14:04:13 INFO::Adding R matrix info for chrom 6
2023-01-17 14:14:22 INFO::Adding R matrix info for chrom 7
2023-01-17 14:22:55 INFO::Adding R matrix info for chrom 8
2023-01-17 14:31:11 INFO::Adding R matrix info for chrom 9
2023-01-17 14:37:22 INFO::Adding R matrix info for chrom 10
2023-01-17 14:44:54 INFO::Adding R matrix info for chrom 11
2023-01-17 14:52:46 INFO::Adding R matrix info for chrom 12
2023-01-17 14:59:23 INFO::Adding R matrix info for chrom 13
2023-01-17 15:04:27 INFO::Adding R matrix info for chrom 14
2023-01-17 15:08:48 INFO::Adding R matrix info for chrom 15
2023-01-17 15:12:24 INFO::Adding R matrix info for chrom 16
2023-01-17 15:16:45 INFO::Adding R matrix info for chrom 17
2023-01-17 15:21:14 INFO::Adding R matrix info for chrom 18
2023-01-17 15:25:06 INFO::Adding R matrix info for chrom 19
2023-01-17 15:28:55 INFO::Adding R matrix info for chrom 20
2023-01-17 15:32:12 INFO::Adding R matrix info for chrom 21
2023-01-17 15:34:05 INFO::Adding R matrix info for chrom 22
2023-01-17 15:38:39 INFO::Number of regions that contain strong gene signals: 15
2023-01-17 15:38:39 INFO::Rerun susie for regions with strong gene signals using full SNPs.
2023-01-17 15:38:39 INFO::run iteration 1
starting worker pid=52828 on localhost:11607 at 15:38:40.448
2023-01-17 15:51:27 INFO::After iteration 1, priors {SNP,gene}: {0.000386797742894184,0.0877081104074469}
$group_prior
         SNP         gene 
9.771038e-05 1.839702e-02 

$group_prior_var
      SNP      gene 
27.789947  8.207849 

R version 4.1.0 (2021-05-18)
Platform: x86_64-pc-linux-gnu (64-bit)
Running under: CentOS Linux 7 (Core)

Matrix products: default
BLAS/LAPACK: /software/openblas-0.3.13-el7-x86_64/lib/libopenblas_haswellp-r0.3.13.so

locale:
[1] C

attached base packages:
[1] stats     graphics  grDevices utils     datasets  methods   base     

other attached packages:
[1] data.table_1.14.6 ctwas_0.1.35     

loaded via a namespace (and not attached):
 [1] Rcpp_1.0.9        pgenlibr_0.3.2    magrittr_2.0.3    hms_1.1.2        
 [5] doParallel_1.0.17 lattice_0.20-44   R6_2.5.1          rlang_1.0.6      
 [9] foreach_1.5.2     fansi_1.0.3       tools_4.1.0       parallel_4.1.0   
[13] grid_4.1.0        logging_0.10-108  utf8_1.2.2        cli_3.4.1        
[17] iterators_1.0.14  ellipsis_0.3.2    tibble_3.1.8      lifecycle_1.0.3  
[21] crayon_1.5.2      Matrix_1.3-3      readr_2.1.3       tzdb_0.3.0       
[25] vctrs_0.5.1       codetools_0.2-18  glue_1.6.2        compiler_4.1.0   
[29] pillar_1.8.1      pkgconfig_2.0.3  
