[1] "/project2/xinhe/shengqian/cTWAS/cTWAS_analysis/data/UKBB/ukb-d-30780_irnt.vcf.gz"
[2] "/project2/mstephens/wcrouse/UKB_LDR_0.1"                                         
[3] "/project2/xinhe/shengqian/cTWAS/cTWAS_analysis/data/mqtl/ColonTransverse.db"     
[4] "/project2/xinhe/shengqian/cTWAS/cTWAS_analysis/code/ctwas_config_b38.R"          
[5] "LDL_ColonTransverse_expr"                                                        
[6] "LDL_ColonTransverse_ctwas"                                                       
[7] "/project2/xinhe/shengqian/cTWAS/cTWAS_analysis/data/LDL_M/ColonTransverse"       
2023-01-17 02:00:40 INFO::Reading weights for chromosome 1
2023-01-17 02:00:42 INFO::Current weight: /project2/xinhe/shengqian/cTWAS/cTWAS_analysis/data/mqtl/ColonTransverse.db
2023-01-17 02:00:42 INFO::Number of genes with weights provided: 117299
2023-01-17 02:00:42 INFO::Collecting gene weight information ...
2023-01-17 02:54:18 INFO::Start gene z score imputation ...
2023-01-17 02:54:18 INFO::Using given LD matrices to impute gene z score.
2023-01-17 03:16:28 INFO::Imputation done, writing results to output...
2023-01-17 03:16:28 INFO::Imputation done: number of genes with imputed expression: 9313 for chr 1
2023-01-17 03:16:29 INFO::Reading weights for chromosome 2
2023-01-17 03:16:29 INFO::Current weight: /project2/xinhe/shengqian/cTWAS/cTWAS_analysis/data/mqtl/ColonTransverse.db
2023-01-17 03:16:29 INFO::Number of genes with weights provided: 117299
2023-01-17 03:16:29 INFO::Collecting gene weight information ...
2023-01-17 03:53:05 INFO::Start gene z score imputation ...
2023-01-17 03:53:05 INFO::Using given LD matrices to impute gene z score.
2023-01-17 04:12:53 INFO::Imputation done, writing results to output...
2023-01-17 04:12:54 INFO::Imputation done: number of genes with imputed expression: 7551 for chr 2
2023-01-17 04:12:54 INFO::Reading weights for chromosome 3
2023-01-17 04:12:54 INFO::Current weight: /project2/xinhe/shengqian/cTWAS/cTWAS_analysis/data/mqtl/ColonTransverse.db
2023-01-17 04:12:54 INFO::Number of genes with weights provided: 117299
2023-01-17 04:12:54 INFO::Collecting gene weight information ...
2023-01-17 04:45:48 INFO::Start gene z score imputation ...
2023-01-17 04:45:48 INFO::Using given LD matrices to impute gene z score.
2023-01-17 05:02:22 INFO::Imputation done, writing results to output...
2023-01-17 05:02:22 INFO::Imputation done: number of genes with imputed expression: 5505 for chr 3
2023-01-17 05:02:23 INFO::Reading weights for chromosome 4
2023-01-17 05:02:23 INFO::Current weight: /project2/xinhe/shengqian/cTWAS/cTWAS_analysis/data/mqtl/ColonTransverse.db
2023-01-17 05:02:23 INFO::Number of genes with weights provided: 117299
2023-01-17 05:02:23 INFO::Collecting gene weight information ...
2023-01-17 05:34:01 INFO::Start gene z score imputation ...
2023-01-17 05:34:01 INFO::Using given LD matrices to impute gene z score.
2023-01-17 05:49:51 INFO::Imputation done, writing results to output...
2023-01-17 05:49:51 INFO::Imputation done: number of genes with imputed expression: 4454 for chr 4
2023-01-17 05:49:52 INFO::Reading weights for chromosome 5
2023-01-17 05:49:52 INFO::Current weight: /project2/xinhe/shengqian/cTWAS/cTWAS_analysis/data/mqtl/ColonTransverse.db
2023-01-17 05:49:52 INFO::Number of genes with weights provided: 117299
2023-01-17 05:49:52 INFO::Collecting gene weight information ...
2023-01-17 06:23:52 INFO::Start gene z score imputation ...
2023-01-17 06:23:52 INFO::Using given LD matrices to impute gene z score.
2023-01-17 06:40:29 INFO::Imputation done, writing results to output...
2023-01-17 06:40:29 INFO::Imputation done: number of genes with imputed expression: 5278 for chr 5
2023-01-17 06:40:30 INFO::Reading weights for chromosome 6
2023-01-17 06:40:30 INFO::Current weight: /project2/xinhe/shengqian/cTWAS/cTWAS_analysis/data/mqtl/ColonTransverse.db
2023-01-17 06:40:30 INFO::Number of genes with weights provided: 117299
2023-01-17 06:40:30 INFO::Collecting gene weight information ...
2023-01-17 07:17:34 INFO::Start gene z score imputation ...
2023-01-17 07:17:34 INFO::Using given LD matrices to impute gene z score.
2023-01-17 07:36:53 INFO::Imputation done, writing results to output...
2023-01-17 07:36:53 INFO::Imputation done: number of genes with imputed expression: 6481 for chr 6
2023-01-17 07:36:54 INFO::Reading weights for chromosome 7
2023-01-17 07:36:54 INFO::Current weight: /project2/xinhe/shengqian/cTWAS/cTWAS_analysis/data/mqtl/ColonTransverse.db
2023-01-17 07:36:54 INFO::Number of genes with weights provided: 117299
2023-01-17 07:36:54 INFO::Collecting gene weight information ...
2023-01-17 08:11:38 INFO::Start gene z score imputation ...
2023-01-17 08:11:38 INFO::Using given LD matrices to impute gene z score.
2023-01-17 08:30:03 INFO::Imputation done, writing results to output...
2023-01-17 08:30:03 INFO::Imputation done: number of genes with imputed expression: 5631 for chr 7
2023-01-17 08:30:03 INFO::Reading weights for chromosome 8
2023-01-17 08:30:04 INFO::Current weight: /project2/xinhe/shengqian/cTWAS/cTWAS_analysis/data/mqtl/ColonTransverse.db
2023-01-17 08:30:04 INFO::Number of genes with weights provided: 117299
2023-01-17 08:30:04 INFO::Collecting gene weight information ...
2023-01-17 09:03:24 INFO::Start gene z score imputation ...
2023-01-17 09:03:24 INFO::Using given LD matrices to impute gene z score.
2023-01-17 09:18:40 INFO::Imputation done, writing results to output...
2023-01-17 09:18:40 INFO::Imputation done: number of genes with imputed expression: 4532 for chr 8
2023-01-17 09:18:41 INFO::Reading weights for chromosome 9
2023-01-17 09:18:41 INFO::Current weight: /project2/xinhe/shengqian/cTWAS/cTWAS_analysis/data/mqtl/ColonTransverse.db
2023-01-17 09:18:41 INFO::Number of genes with weights provided: 117299
2023-01-17 09:18:41 INFO::Collecting gene weight information ...
2023-01-17 09:48:48 INFO::Start gene z score imputation ...
2023-01-17 09:48:48 INFO::Using given LD matrices to impute gene z score.
2023-01-17 09:59:24 INFO::Imputation done, writing results to output...
2023-01-17 09:59:24 INFO::Imputation done: number of genes with imputed expression: 2984 for chr 9
2023-01-17 09:59:25 INFO::Reading weights for chromosome 10
2023-01-17 09:59:25 INFO::Current weight: /project2/xinhe/shengqian/cTWAS/cTWAS_analysis/data/mqtl/ColonTransverse.db
2023-01-17 09:59:25 INFO::Number of genes with weights provided: 117299
2023-01-17 09:59:25 INFO::Collecting gene weight information ...
2023-01-17 10:34:42 INFO::Start gene z score imputation ...
2023-01-17 10:34:42 INFO::Using given LD matrices to impute gene z score.
2023-01-17 10:51:30 INFO::Imputation done, writing results to output...
2023-01-17 10:51:30 INFO::Imputation done: number of genes with imputed expression: 5226 for chr 10
2023-01-17 10:51:31 INFO::Reading weights for chromosome 11
2023-01-17 10:51:31 INFO::Current weight: /project2/xinhe/shengqian/cTWAS/cTWAS_analysis/data/mqtl/ColonTransverse.db
2023-01-17 10:51:31 INFO::Number of genes with weights provided: 117299
2023-01-17 10:51:31 INFO::Collecting gene weight information ...
2023-01-17 11:28:15 INFO::Start gene z score imputation ...
2023-01-17 11:28:15 INFO::Using given LD matrices to impute gene z score.
2023-01-17 11:47:02 INFO::Imputation done, writing results to output...
2023-01-17 11:47:03 INFO::Imputation done: number of genes with imputed expression: 5887 for chr 11
2023-01-17 11:47:03 INFO::Reading weights for chromosome 12
2023-01-17 11:47:04 INFO::Current weight: /project2/xinhe/shengqian/cTWAS/cTWAS_analysis/data/mqtl/ColonTransverse.db
2023-01-17 11:47:04 INFO::Number of genes with weights provided: 117299
2023-01-17 11:47:04 INFO::Collecting gene weight information ...
2023-01-17 12:21:14 INFO::Start gene z score imputation ...
2023-01-17 12:21:14 INFO::Using given LD matrices to impute gene z score.
2023-01-17 12:38:18 INFO::Imputation done, writing results to output...
2023-01-17 12:38:18 INFO::Imputation done: number of genes with imputed expression: 4905 for chr 12
2023-01-17 12:38:19 INFO::Reading weights for chromosome 13
2023-01-17 12:38:19 INFO::Current weight: /project2/xinhe/shengqian/cTWAS/cTWAS_analysis/data/mqtl/ColonTransverse.db
2023-01-17 12:38:19 INFO::Number of genes with weights provided: 117299
2023-01-17 12:38:19 INFO::Collecting gene weight information ...
2023-01-17 13:08:09 INFO::Start gene z score imputation ...
2023-01-17 13:08:09 INFO::Using given LD matrices to impute gene z score.
2023-01-17 13:18:19 INFO::Imputation done, writing results to output...
2023-01-17 13:18:19 INFO::Imputation done: number of genes with imputed expression: 2588 for chr 13
2023-01-17 13:18:20 INFO::Reading weights for chromosome 14
2023-01-17 13:18:20 INFO::Current weight: /project2/xinhe/shengqian/cTWAS/cTWAS_analysis/data/mqtl/ColonTransverse.db
2023-01-17 13:18:20 INFO::Number of genes with weights provided: 117299
2023-01-17 13:18:20 INFO::Collecting gene weight information ...
2023-01-17 13:49:59 INFO::Start gene z score imputation ...
2023-01-17 13:49:59 INFO::Using given LD matrices to impute gene z score.
2023-01-17 14:01:40 INFO::Imputation done, writing results to output...
2023-01-17 14:01:40 INFO::Imputation done: number of genes with imputed expression: 3279 for chr 14
2023-01-17 14:01:40 INFO::Reading weights for chromosome 15
2023-01-17 14:01:40 INFO::Current weight: /project2/xinhe/shengqian/cTWAS/cTWAS_analysis/data/mqtl/ColonTransverse.db
2023-01-17 14:01:40 INFO::Number of genes with weights provided: 117299
2023-01-17 14:01:40 INFO::Collecting gene weight information ...
2023-01-17 14:33:29 INFO::Start gene z score imputation ...
2023-01-17 14:33:29 INFO::Using given LD matrices to impute gene z score.
2023-01-17 14:44:27 INFO::Imputation done, writing results to output...
2023-01-17 14:44:27 INFO::Imputation done: number of genes with imputed expression: 3231 for chr 15
2023-01-17 14:44:27 INFO::Reading weights for chromosome 16
2023-01-17 14:44:27 INFO::Current weight: /project2/xinhe/shengqian/cTWAS/cTWAS_analysis/data/mqtl/ColonTransverse.db
2023-01-17 14:44:27 INFO::Number of genes with weights provided: 117299
2023-01-17 14:44:27 INFO::Collecting gene weight information ...
2023-01-17 15:20:32 INFO::Start gene z score imputation ...
2023-01-17 15:20:32 INFO::Using given LD matrices to impute gene z score.
2023-01-17 15:36:15 INFO::Imputation done, writing results to output...
2023-01-17 15:36:15 INFO::Imputation done: number of genes with imputed expression: 4853 for chr 16
2023-01-17 15:36:16 INFO::Reading weights for chromosome 17
2023-01-17 15:36:16 INFO::Current weight: /project2/xinhe/shengqian/cTWAS/cTWAS_analysis/data/mqtl/ColonTransverse.db
2023-01-17 15:36:16 INFO::Number of genes with weights provided: 117299
2023-01-17 15:36:16 INFO::Collecting gene weight information ...
2023-01-17 16:14:05 INFO::Start gene z score imputation ...
2023-01-17 16:14:05 INFO::Using given LD matrices to impute gene z score.
2023-01-17 16:31:58 INFO::Imputation done, writing results to output...
2023-01-17 16:31:58 INFO::Imputation done: number of genes with imputed expression: 5662 for chr 17
2023-01-17 16:31:59 INFO::Reading weights for chromosome 18
2023-01-17 16:31:59 INFO::Current weight: /project2/xinhe/shengqian/cTWAS/cTWAS_analysis/data/mqtl/ColonTransverse.db
2023-01-17 16:31:59 INFO::Number of genes with weights provided: 117299
2023-01-17 16:31:59 INFO::Collecting gene weight information ...
2023-01-17 17:00:04 INFO::Start gene z score imputation ...
2023-01-17 17:00:04 INFO::Using given LD matrices to impute gene z score.
2023-01-17 17:07:49 INFO::Imputation done, writing results to output...
2023-01-17 17:07:49 INFO::Imputation done: number of genes with imputed expression: 1707 for chr 18
2023-01-17 17:07:50 INFO::Reading weights for chromosome 19
2023-01-17 17:07:50 INFO::Current weight: /project2/xinhe/shengqian/cTWAS/cTWAS_analysis/data/mqtl/ColonTransverse.db
2023-01-17 17:07:50 INFO::Number of genes with weights provided: 117299
2023-01-17 17:07:50 INFO::Collecting gene weight information ...
2023-01-17 17:42:56 INFO::Start gene z score imputation ...
2023-01-17 17:42:56 INFO::Using given LD matrices to impute gene z score.
2023-01-17 17:57:57 INFO::Imputation done, writing results to output...
2023-01-17 17:57:58 INFO::Imputation done: number of genes with imputed expression: 4824 for chr 19
2023-01-17 17:57:58 INFO::Reading weights for chromosome 20
2023-01-17 17:57:58 INFO::Current weight: /project2/xinhe/shengqian/cTWAS/cTWAS_analysis/data/mqtl/ColonTransverse.db
2023-01-17 17:57:58 INFO::Number of genes with weights provided: 117299
2023-01-17 17:57:58 INFO::Collecting gene weight information ...
2023-01-17 18:28:51 INFO::Start gene z score imputation ...
2023-01-17 18:28:51 INFO::Using given LD matrices to impute gene z score.
2023-01-17 18:39:17 INFO::Imputation done, writing results to output...
2023-01-17 18:39:17 INFO::Imputation done: number of genes with imputed expression: 2985 for chr 20
2023-01-17 18:39:17 INFO::Reading weights for chromosome 21
2023-01-17 18:39:17 INFO::Current weight: /project2/xinhe/shengqian/cTWAS/cTWAS_analysis/data/mqtl/ColonTransverse.db
2023-01-17 18:39:17 INFO::Number of genes with weights provided: 117299
2023-01-17 18:39:17 INFO::Collecting gene weight information ...
2023-01-17 19:06:19 INFO::Start gene z score imputation ...
2023-01-17 19:06:19 INFO::Using given LD matrices to impute gene z score.
2023-01-17 19:11:37 INFO::Imputation done, writing results to output...
2023-01-17 19:11:37 INFO::Imputation done: number of genes with imputed expression: 1453 for chr 21
2023-01-17 19:11:37 INFO::Reading weights for chromosome 22
2023-01-17 19:11:37 INFO::Current weight: /project2/xinhe/shengqian/cTWAS/cTWAS_analysis/data/mqtl/ColonTransverse.db
2023-01-17 19:11:37 INFO::Number of genes with weights provided: 117299
2023-01-17 19:11:37 INFO::Collecting gene weight information ...
2023-01-17 19:42:13 INFO::Start gene z score imputation ...
2023-01-17 19:42:13 INFO::Using given LD matrices to impute gene z score.
2023-01-17 19:50:44 INFO::Imputation done, writing results to output...
2023-01-17 19:50:44 INFO::Imputation done: number of genes with imputed expression: 2644 for chr 22
2023-01-17 19:51:11 INFO::ctwas started ...
2023-01-17 19:51:27 INFO::LD region file: /home/shengqian/R/x86_64-pc-linux-gnu-library/4.1/ctwas/extdata/ldetect/EUR.b38.bed
2023-01-17 19:51:35 INFO::No. LD regions: 1700
2023-01-17 19:51:45 INFO::No. regions with at least one SNP/gene for chr1: 131
2023-01-17 19:51:45 INFO::Merge regions for chr1
2023-01-17 19:51:45 INFO::No. regions with at least one SNP/gene for chr1 after merging: 131
2023-01-17 19:51:52 INFO::No. regions with at least one SNP/gene for chr2: 144
2023-01-17 19:51:52 INFO::Merge regions for chr2
2023-01-17 19:51:52 INFO::No. regions with at least one SNP/gene for chr2 after merging: 144
2023-01-17 19:51:56 INFO::No. regions with at least one SNP/gene for chr3: 122
2023-01-17 19:51:56 INFO::Merge regions for chr3
2023-01-17 19:51:56 INFO::No. regions with at least one SNP/gene for chr3 after merging: 122
2023-01-17 19:52:01 INFO::No. regions with at least one SNP/gene for chr4: 122
2023-01-17 19:52:01 INFO::Merge regions for chr4
2023-01-17 19:52:01 INFO::No. regions with at least one SNP/gene for chr4 after merging: 122
2023-01-17 19:52:07 INFO::No. regions with at least one SNP/gene for chr5: 110
2023-01-17 19:52:07 INFO::Merge regions for chr5
2023-01-17 19:52:07 INFO::No. regions with at least one SNP/gene for chr5 after merging: 110
2023-01-17 19:52:12 INFO::No. regions with at least one SNP/gene for chr6: 112
2023-01-17 19:52:12 INFO::Merge regions for chr6
2023-01-17 19:52:12 INFO::No. regions with at least one SNP/gene for chr6 after merging: 112
2023-01-17 19:52:15 INFO::No. regions with at least one SNP/gene for chr7: 99
2023-01-17 19:52:15 INFO::Merge regions for chr7
2023-01-17 19:52:15 INFO::No. regions with at least one SNP/gene for chr7 after merging: 99
2023-01-17 19:52:19 INFO::No. regions with at least one SNP/gene for chr8: 94
2023-01-17 19:52:19 INFO::Merge regions for chr8
2023-01-17 19:52:19 INFO::No. regions with at least one SNP/gene for chr8 after merging: 94
2023-01-17 19:52:21 INFO::No. regions with at least one SNP/gene for chr9: 74
2023-01-17 19:52:21 INFO::Merge regions for chr9
2023-01-17 19:52:21 INFO::No. regions with at least one SNP/gene for chr9 after merging: 74
2023-01-17 19:52:24 INFO::No. regions with at least one SNP/gene for chr10: 85
2023-01-17 19:52:24 INFO::Merge regions for chr10
2023-01-17 19:52:24 INFO::No. regions with at least one SNP/gene for chr10 after merging: 85
2023-01-17 19:52:28 INFO::No. regions with at least one SNP/gene for chr11: 84
2023-01-17 19:52:28 INFO::Merge regions for chr11
2023-01-17 19:52:28 INFO::No. regions with at least one SNP/gene for chr11 after merging: 84
2023-01-17 19:52:31 INFO::No. regions with at least one SNP/gene for chr12: 82
2023-01-17 19:52:31 INFO::Merge regions for chr12
2023-01-17 19:52:31 INFO::No. regions with at least one SNP/gene for chr12 after merging: 82
2023-01-17 19:52:33 INFO::No. regions with at least one SNP/gene for chr13: 62
2023-01-17 19:52:33 INFO::Merge regions for chr13
2023-01-17 19:52:33 INFO::No. regions with at least one SNP/gene for chr13 after merging: 62
2023-01-17 19:52:36 INFO::No. regions with at least one SNP/gene for chr14: 56
2023-01-17 19:52:36 INFO::Merge regions for chr14
2023-01-17 19:52:36 INFO::No. regions with at least one SNP/gene for chr14 after merging: 56
2023-01-17 19:52:37 INFO::No. regions with at least one SNP/gene for chr15: 50
2023-01-17 19:52:37 INFO::Merge regions for chr15
2023-01-17 19:52:37 INFO::No. regions with at least one SNP/gene for chr15 after merging: 50
2023-01-17 19:52:40 INFO::No. regions with at least one SNP/gene for chr16: 54
2023-01-17 19:52:40 INFO::Merge regions for chr16
2023-01-17 19:52:40 INFO::No. regions with at least one SNP/gene for chr16 after merging: 54
2023-01-17 19:52:41 INFO::No. regions with at least one SNP/gene for chr17: 47
2023-01-17 19:52:41 INFO::Merge regions for chr17
2023-01-17 19:52:41 INFO::No. regions with at least one SNP/gene for chr17 after merging: 47
2023-01-17 19:52:43 INFO::No. regions with at least one SNP/gene for chr18: 47
2023-01-17 19:52:43 INFO::Merge regions for chr18
2023-01-17 19:52:43 INFO::No. regions with at least one SNP/gene for chr18 after merging: 47
2023-01-17 19:52:45 INFO::No. regions with at least one SNP/gene for chr19: 39
2023-01-17 19:52:45 INFO::Merge regions for chr19
2023-01-17 19:52:45 INFO::No. regions with at least one SNP/gene for chr19 after merging: 39
2023-01-17 19:52:47 INFO::No. regions with at least one SNP/gene for chr20: 38
2023-01-17 19:52:47 INFO::Merge regions for chr20
2023-01-17 19:52:47 INFO::No. regions with at least one SNP/gene for chr20 after merging: 38
2023-01-17 19:52:48 INFO::No. regions with at least one SNP/gene for chr21: 24
2023-01-17 19:52:48 INFO::Merge regions for chr21
2023-01-17 19:52:48 INFO::No. regions with at least one SNP/gene for chr21 after merging: 24
2023-01-17 19:52:50 INFO::No. regions with at least one SNP/gene for chr22: 24
2023-01-17 19:52:50 INFO::Merge regions for chr22
2023-01-17 19:52:50 INFO::No. regions with at least one SNP/gene for chr22 after merging: 24
2023-01-17 19:52:50 INFO::Trim regions with SNPs more than Inf
2023-01-17 19:52:50 INFO::Adding R matrix info, as genotype is not given
2023-01-17 19:52:52 INFO::Adding R matrix info for chrom 1
2023-01-17 20:25:38 INFO::Adding R matrix info for chrom 2
2023-01-17 20:55:08 INFO::Adding R matrix info for chrom 3
2023-01-17 21:16:16 INFO::Adding R matrix info for chrom 4
2023-01-17 21:35:22 INFO::Adding R matrix info for chrom 5
2023-01-17 21:55:53 INFO::Adding R matrix info for chrom 6
2023-01-17 22:23:01 INFO::Adding R matrix info for chrom 7
2023-01-17 22:44:21 INFO::Adding R matrix info for chrom 8
2023-01-17 23:02:44 INFO::Adding R matrix info for chrom 9
2023-01-17 23:15:40 INFO::Adding R matrix info for chrom 10
2023-01-17 23:35:52 INFO::Adding R matrix info for chrom 11
2023-01-17 23:58:30 INFO::Adding R matrix info for chrom 12
2023-01-18 00:16:41 INFO::Adding R matrix info for chrom 13
2023-01-18 00:27:34 INFO::Adding R matrix info for chrom 14
2023-01-18 00:40:27 INFO::Adding R matrix info for chrom 15
2023-01-18 00:51:55 INFO::Adding R matrix info for chrom 16
2023-01-18 01:07:15 INFO::Adding R matrix info for chrom 17
2023-01-18 01:25:28 INFO::Adding R matrix info for chrom 18
2023-01-18 01:33:48 INFO::Adding R matrix info for chrom 19
2023-01-18 01:50:23 INFO::Adding R matrix info for chrom 20
2023-01-18 02:01:11 INFO::Adding R matrix info for chrom 21
2023-01-18 02:06:10 INFO::Adding R matrix info for chrom 22
2023-01-18 02:14:19 INFO::Run susie iteratively, getting rough estimate ...
2023-01-18 02:14:19 INFO::run iteration 1
starting worker pid=10447 on localhost:11688 at 02:14:20.440
starting worker pid=10450 on localhost:11688 at 02:14:20.442
starting worker pid=10443 on localhost:11688 at 02:14:20.442
starting worker pid=10448 on localhost:11688 at 02:14:20.442
starting worker pid=10446 on localhost:11688 at 02:14:20.442
starting worker pid=10445 on localhost:11688 at 02:14:20.443
starting worker pid=10451 on localhost:11688 at 02:14:20.443
starting worker pid=10449 on localhost:11688 at 02:14:20.443
starting worker pid=10442 on localhost:11688 at 02:14:20.443
starting worker pid=10444 on localhost:11688 at 02:14:20.444
2023-01-18 02:38:54 INFO::After iteration 1, priors {SNP,gene}: {0.00172084420583905,0.00201490128994894}
2023-01-18 02:38:54 INFO::run iteration 2
starting worker pid=11772 on localhost:11688 at 02:38:55.544
starting worker pid=11764 on localhost:11688 at 02:38:55.544
starting worker pid=11771 on localhost:11688 at 02:38:55.544
starting worker pid=11768 on localhost:11688 at 02:38:55.544
starting worker pid=11763 on localhost:11688 at 02:38:55.544
starting worker pid=11769 on localhost:11688 at 02:38:55.544
starting worker pid=11767 on localhost:11688 at 02:38:55.545
starting worker pid=11766 on localhost:11688 at 02:38:55.546
starting worker pid=11770 on localhost:11688 at 02:38:55.546
starting worker pid=11765 on localhost:11688 at 02:38:55.546
2023-01-18 03:02:20 INFO::After iteration 2, priors {SNP,gene}: {0.00142644186057529,0.00185443842098251}
2023-01-18 03:02:21 INFO::run iteration 3
starting worker pid=13032 on localhost:11688 at 03:02:21.926
starting worker pid=13039 on localhost:11688 at 03:02:21.926
starting worker pid=13035 on localhost:11688 at 03:02:21.926
starting worker pid=13030 on localhost:11688 at 03:02:21.926
starting worker pid=13034 on localhost:11688 at 03:02:21.926
starting worker pid=13036 on localhost:11688 at 03:02:21.926
starting worker pid=13031 on localhost:11688 at 03:02:21.926
starting worker pid=13037 on localhost:11688 at 03:02:21.926
starting worker pid=13033 on localhost:11688 at 03:02:21.926
starting worker pid=13038 on localhost:11688 at 03:02:21.927
2023-01-18 03:25:52 INFO::After iteration 3, priors {SNP,gene}: {0.00128481541030258,0.00181638736600269}
2023-01-18 03:42:45 INFO::Blocks are filtered: 1038 blocks left
2023-01-18 03:42:45 INFO::Run susie iteratively, getting accurate estimate ...
2023-01-18 03:42:45 INFO::run iteration 1
starting worker pid=15143 on localhost:11688 at 03:42:46.181
starting worker pid=15145 on localhost:11688 at 03:42:46.181
starting worker pid=15142 on localhost:11688 at 03:42:46.181
starting worker pid=15144 on localhost:11688 at 03:42:46.182
starting worker pid=15141 on localhost:11688 at 03:42:46.182
starting worker pid=15146 on localhost:11688 at 03:42:46.182
starting worker pid=15140 on localhost:11688 at 03:42:46.182
starting worker pid=15139 on localhost:11688 at 03:42:46.182
starting worker pid=15138 on localhost:11688 at 03:42:46.182
starting worker pid=15147 on localhost:11688 at 03:42:46.183
2023-01-18 03:59:23 INFO::After iteration 1, priors {SNP,gene}: {0.00124110940879833,0.00195377502893223}
2023-01-18 03:59:24 INFO::run iteration 2
starting worker pid=16080 on localhost:11688 at 03:59:24.720
starting worker pid=16074 on localhost:11688 at 03:59:24.720
starting worker pid=16071 on localhost:11688 at 03:59:24.720
starting worker pid=16073 on localhost:11688 at 03:59:24.721
starting worker pid=16079 on localhost:11688 at 03:59:24.721
starting worker pid=16078 on localhost:11688 at 03:59:24.721
starting worker pid=16077 on localhost:11688 at 03:59:24.724
starting worker pid=16072 on localhost:11688 at 03:59:24.726
starting worker pid=16075 on localhost:11688 at 03:59:24.726
starting worker pid=16076 on localhost:11688 at 03:59:24.736
2023-01-18 04:15:49 INFO::After iteration 2, priors {SNP,gene}: {0.00123273203757713,0.00208991694969865}
2023-01-18 04:15:50 INFO::run iteration 3
starting worker pid=17021 on localhost:11688 at 04:15:50.803
starting worker pid=17017 on localhost:11688 at 04:15:50.803
starting worker pid=17016 on localhost:11688 at 04:15:50.803
starting worker pid=17019 on localhost:11688 at 04:15:50.804
starting worker pid=17023 on localhost:11688 at 04:15:50.804
starting worker pid=17015 on localhost:11688 at 04:15:50.804
starting worker pid=17022 on localhost:11688 at 04:15:50.804
starting worker pid=17014 on localhost:11688 at 04:15:50.804
starting worker pid=17018 on localhost:11688 at 04:15:50.804
starting worker pid=17020 on localhost:11688 at 04:15:50.805
2023-01-18 04:32:20 INFO::After iteration 3, priors {SNP,gene}: {0.00123041763532403,0.00220016210622235}
2023-01-18 04:32:20 INFO::run iteration 4
starting worker pid=17986 on localhost:11688 at 04:32:21.314
starting worker pid=17987 on localhost:11688 at 04:32:21.314
starting worker pid=17982 on localhost:11688 at 04:32:21.314
starting worker pid=17981 on localhost:11688 at 04:32:21.314
starting worker pid=17983 on localhost:11688 at 04:32:21.321
starting worker pid=17979 on localhost:11688 at 04:32:21.322
starting worker pid=17978 on localhost:11688 at 04:32:21.323
starting worker pid=17980 on localhost:11688 at 04:32:21.338
starting worker pid=17984 on localhost:11688 at 04:32:21.338
starting worker pid=17985 on localhost:11688 at 04:32:21.367
2023-01-18 04:48:36 INFO::After iteration 4, priors {SNP,gene}: {0.00122871630414015,0.0022970224941309}
2023-01-18 04:48:36 INFO::run iteration 5
starting worker pid=18920 on localhost:11688 at 04:48:37.518
starting worker pid=18930 on localhost:11688 at 04:48:37.518
starting worker pid=18924 on localhost:11688 at 04:48:37.518
starting worker pid=18925 on localhost:11688 at 04:48:37.519
starting worker pid=18921 on localhost:11688 at 04:48:37.525
starting worker pid=18927 on localhost:11688 at 04:48:37.526
starting worker pid=18922 on localhost:11688 at 04:48:37.527
starting worker pid=18929 on localhost:11688 at 04:48:37.527
starting worker pid=18928 on localhost:11688 at 04:48:37.527
starting worker pid=18923 on localhost:11688 at 04:48:37.528
2023-01-18 05:05:11 INFO::After iteration 5, priors {SNP,gene}: {0.00122652054335219,0.00238506638190431}
2023-01-18 05:05:11 INFO::run iteration 6
starting worker pid=19859 on localhost:11688 at 05:05:12.458
starting worker pid=19863 on localhost:11688 at 05:05:12.458
starting worker pid=19864 on localhost:11688 at 05:05:12.458
starting worker pid=19867 on localhost:11688 at 05:05:12.459
starting worker pid=19860 on localhost:11688 at 05:05:12.459
starting worker pid=19868 on localhost:11688 at 05:05:12.459
starting worker pid=19862 on localhost:11688 at 05:05:12.459
starting worker pid=19866 on localhost:11688 at 05:05:12.459
starting worker pid=19861 on localhost:11688 at 05:05:12.459
starting worker pid=19865 on localhost:11688 at 05:05:12.459
2023-01-18 05:21:32 INFO::After iteration 6, priors {SNP,gene}: {0.00122367369746609,0.00246591648686724}
2023-01-18 05:21:32 INFO::run iteration 7
starting worker pid=20872 on localhost:11688 at 05:21:33.078
starting worker pid=20868 on localhost:11688 at 05:21:33.078
starting worker pid=20873 on localhost:11688 at 05:21:33.078
starting worker pid=20869 on localhost:11688 at 05:21:33.079
starting worker pid=20865 on localhost:11688 at 05:21:33.079
starting worker pid=20864 on localhost:11688 at 05:21:33.079
starting worker pid=20870 on localhost:11688 at 05:21:33.079
starting worker pid=20867 on localhost:11688 at 05:21:33.079
starting worker pid=20871 on localhost:11688 at 05:21:33.079
starting worker pid=20866 on localhost:11688 at 05:21:33.079
2023-01-18 05:37:50 INFO::After iteration 7, priors {SNP,gene}: {0.00122022034789099,0.00254043373982812}
2023-01-18 05:37:50 INFO::run iteration 8
starting worker pid=21789 on localhost:11688 at 05:37:51.280
starting worker pid=21793 on localhost:11688 at 05:37:51.280
starting worker pid=21794 on localhost:11688 at 05:37:51.280
starting worker pid=21790 on localhost:11688 at 05:37:51.280
starting worker pid=21792 on localhost:11688 at 05:37:51.280
starting worker pid=21791 on localhost:11688 at 05:37:51.281
starting worker pid=21787 on localhost:11688 at 05:37:51.281
starting worker pid=21785 on localhost:11688 at 05:37:51.282
starting worker pid=21788 on localhost:11688 at 05:37:51.282
starting worker pid=21786 on localhost:11688 at 05:37:51.282
2023-01-18 05:54:24 INFO::After iteration 8, priors {SNP,gene}: {0.0012162391370513,0.00260927112035446}
2023-01-18 05:54:24 INFO::run iteration 9
starting worker pid=22783 on localhost:11688 at 05:54:25.548
starting worker pid=22782 on localhost:11688 at 05:54:25.548
starting worker pid=22775 on localhost:11688 at 05:54:25.548
starting worker pid=22777 on localhost:11688 at 05:54:25.549
starting worker pid=22778 on localhost:11688 at 05:54:25.557
starting worker pid=22781 on localhost:11688 at 05:54:25.557
starting worker pid=22779 on localhost:11688 at 05:54:25.557
starting worker pid=22780 on localhost:11688 at 05:54:25.566
starting worker pid=22784 on localhost:11688 at 05:54:25.572
starting worker pid=22776 on localhost:11688 at 05:54:25.589
2023-01-18 06:10:59 INFO::After iteration 9, priors {SNP,gene}: {0.00121180645328955,0.00267300343253995}
2023-01-18 06:10:59 INFO::run iteration 10
starting worker pid=23750 on localhost:11688 at 06:11:00.247
starting worker pid=23751 on localhost:11688 at 06:11:00.248
starting worker pid=23755 on localhost:11688 at 06:11:00.248
starting worker pid=23753 on localhost:11688 at 06:11:00.248
starting worker pid=23758 on localhost:11688 at 06:11:00.248
starting worker pid=23749 on localhost:11688 at 06:11:00.248
starting worker pid=23752 on localhost:11688 at 06:11:00.249
starting worker pid=23756 on localhost:11688 at 06:11:00.249
starting worker pid=23757 on localhost:11688 at 06:11:00.249
starting worker pid=23754 on localhost:11688 at 06:11:00.249
2023-01-18 06:27:28 INFO::After iteration 10, priors {SNP,gene}: {0.00120698968170633,0.00273215621558877}
2023-01-18 06:27:28 INFO::run iteration 11
starting worker pid=24684 on localhost:11688 at 06:27:29.103
starting worker pid=24679 on localhost:11688 at 06:27:29.103
starting worker pid=24680 on localhost:11688 at 06:27:29.104
starting worker pid=24678 on localhost:11688 at 06:27:29.104
starting worker pid=24683 on localhost:11688 at 06:27:29.104
starting worker pid=24681 on localhost:11688 at 06:27:29.104
starting worker pid=24685 on localhost:11688 at 06:27:29.104
starting worker pid=24686 on localhost:11688 at 06:27:29.104
starting worker pid=24687 on localhost:11688 at 06:27:29.104
starting worker pid=24682 on localhost:11688 at 06:27:29.104
2023-01-18 06:44:04 INFO::After iteration 11, priors {SNP,gene}: {0.00120184700662287,0.00278721184793621}
2023-01-18 06:44:04 INFO::run iteration 12
starting worker pid=25651 on localhost:11688 at 06:44:05.591
starting worker pid=25645 on localhost:11688 at 06:44:05.591
starting worker pid=25648 on localhost:11688 at 06:44:05.592
starting worker pid=25652 on localhost:11688 at 06:44:05.592
starting worker pid=25650 on localhost:11688 at 06:44:05.592
starting worker pid=25644 on localhost:11688 at 06:44:05.593
starting worker pid=25653 on localhost:11688 at 06:44:05.593
starting worker pid=25646 on localhost:11688 at 06:44:05.593
starting worker pid=25649 on localhost:11688 at 06:44:05.593
starting worker pid=25647 on localhost:11688 at 06:44:05.593
2023-01-18 07:00:37 INFO::After iteration 12, priors {SNP,gene}: {0.00119642284994253,0.00283844139622061}
2023-01-18 07:00:37 INFO::run iteration 13
starting worker pid=26574 on localhost:11688 at 07:00:38.136
starting worker pid=26567 on localhost:11688 at 07:00:38.137
starting worker pid=26576 on localhost:11688 at 07:00:38.137
starting worker pid=26569 on localhost:11688 at 07:00:38.137
starting worker pid=26573 on localhost:11688 at 07:00:38.137
starting worker pid=26568 on localhost:11688 at 07:00:38.137
starting worker pid=26575 on localhost:11688 at 07:00:38.137
starting worker pid=26572 on localhost:11688 at 07:00:38.137
starting worker pid=26570 on localhost:11688 at 07:00:38.138
starting worker pid=26571 on localhost:11688 at 07:00:38.138
2023-01-18 07:17:00 INFO::After iteration 13, priors {SNP,gene}: {0.0011907608994221,0.00288621919423067}
2023-01-18 07:17:00 INFO::run iteration 14
starting worker pid=27497 on localhost:11688 at 07:17:01.488
starting worker pid=27500 on localhost:11688 at 07:17:01.488
starting worker pid=27498 on localhost:11688 at 07:17:01.488
starting worker pid=27503 on localhost:11688 at 07:17:01.488
starting worker pid=27501 on localhost:11688 at 07:17:01.488
starting worker pid=27496 on localhost:11688 at 07:17:01.488
starting worker pid=27495 on localhost:11688 at 07:17:01.488
starting worker pid=27499 on localhost:11688 at 07:17:01.488
starting worker pid=27502 on localhost:11688 at 07:17:01.488
starting worker pid=27505 on localhost:11688 at 07:17:01.488
2023-01-18 07:33:27 INFO::After iteration 14, priors {SNP,gene}: {0.00118490106916721,0.00293094728492703}
2023-01-18 07:33:27 INFO::run iteration 15
starting worker pid=28439 on localhost:11688 at 07:33:28.223
starting worker pid=28438 on localhost:11688 at 07:33:28.223
starting worker pid=28436 on localhost:11688 at 07:33:28.224
starting worker pid=28440 on localhost:11688 at 07:33:28.224
starting worker pid=28432 on localhost:11688 at 07:33:28.225
starting worker pid=28437 on localhost:11688 at 07:33:28.225
starting worker pid=28435 on localhost:11688 at 07:33:28.225
starting worker pid=28431 on localhost:11688 at 07:33:28.225
starting worker pid=28434 on localhost:11688 at 07:33:28.225
starting worker pid=28433 on localhost:11688 at 07:33:28.227
2023-01-18 07:49:47 INFO::After iteration 15, priors {SNP,gene}: {0.00117887006512862,0.00297289112292925}
2023-01-18 07:50:00 INFO::run iteration 16
starting worker pid=29367 on localhost:11688 at 07:50:01.151
starting worker pid=29360 on localhost:11688 at 07:50:01.151
starting worker pid=29357 on localhost:11688 at 07:50:01.152
starting worker pid=29359 on localhost:11688 at 07:50:01.152
starting worker pid=29366 on localhost:11688 at 07:50:01.152
starting worker pid=29364 on localhost:11688 at 07:50:01.152
starting worker pid=29362 on localhost:11688 at 07:50:01.152
starting worker pid=29368 on localhost:11688 at 07:50:01.152
starting worker pid=29358 on localhost:11688 at 07:50:01.152
starting worker pid=29363 on localhost:11688 at 07:50:01.156
2023-01-18 08:06:14 INFO::After iteration 16, priors {SNP,gene}: {0.00117269369535694,0.00301231217018034}
2023-01-18 08:06:15 INFO::run iteration 17
starting worker pid=30292 on localhost:11688 at 08:06:15.824
starting worker pid=30293 on localhost:11688 at 08:06:15.824
starting worker pid=30291 on localhost:11688 at 08:06:15.825
starting worker pid=30286 on localhost:11688 at 08:06:15.825
starting worker pid=30290 on localhost:11688 at 08:06:15.825
starting worker pid=30294 on localhost:11688 at 08:06:15.825
starting worker pid=30289 on localhost:11688 at 08:06:15.825
starting worker pid=30285 on localhost:11688 at 08:06:15.825
starting worker pid=30287 on localhost:11688 at 08:06:15.825
starting worker pid=30288 on localhost:11688 at 08:06:15.827
2023-01-18 08:22:02 INFO::After iteration 17, priors {SNP,gene}: {0.001166400581472,0.0030495215007418}
2023-01-18 08:22:03 INFO::run iteration 18
starting worker pid=31187 on localhost:11688 at 08:22:03.711
starting worker pid=31180 on localhost:11688 at 08:22:03.711
starting worker pid=31182 on localhost:11688 at 08:22:03.711
starting worker pid=31183 on localhost:11688 at 08:22:03.711
starting worker pid=31188 on localhost:11688 at 08:22:03.712
starting worker pid=31185 on localhost:11688 at 08:22:03.712
starting worker pid=31189 on localhost:11688 at 08:22:03.712
starting worker pid=31186 on localhost:11688 at 08:22:03.712
starting worker pid=31181 on localhost:11688 at 08:22:03.712
starting worker pid=31184 on localhost:11688 at 08:22:03.723
2023-01-18 08:38:15 INFO::After iteration 18, priors {SNP,gene}: {0.00116001512367016,0.00308479549784554}
2023-01-18 08:38:16 INFO::run iteration 19
starting worker pid=32103 on localhost:11688 at 08:38:16.639
starting worker pid=32101 on localhost:11688 at 08:38:16.642
starting worker pid=32094 on localhost:11688 at 08:38:16.651
starting worker pid=32099 on localhost:11688 at 08:38:16.654
starting worker pid=32095 on localhost:11688 at 08:38:16.671
starting worker pid=32100 on localhost:11688 at 08:38:16.676
starting worker pid=32098 on localhost:11688 at 08:38:16.682
starting worker pid=32096 on localhost:11688 at 08:38:16.689
starting worker pid=32102 on localhost:11688 at 08:38:16.697
starting worker pid=32104 on localhost:11688 at 08:38:16.705
2023-01-18 08:54:24 INFO::After iteration 19, priors {SNP,gene}: {0.00115355830476293,0.00311837849029769}
2023-01-18 08:54:24 INFO::run iteration 20
starting worker pid=33021 on localhost:11688 at 08:54:25.447
starting worker pid=33027 on localhost:11688 at 08:54:25.449
starting worker pid=33025 on localhost:11688 at 08:54:25.450
starting worker pid=33022 on localhost:11688 at 08:54:25.450
starting worker pid=33024 on localhost:11688 at 08:54:25.450
starting worker pid=33029 on localhost:11688 at 08:54:25.450
starting worker pid=33026 on localhost:11688 at 08:54:25.450
starting worker pid=33023 on localhost:11688 at 08:54:25.450
starting worker pid=33020 on localhost:11688 at 08:54:25.450
starting worker pid=33028 on localhost:11688 at 08:54:25.450
2023-01-18 09:10:49 INFO::After iteration 20, priors {SNP,gene}: {0.00114704804417211,0.00315048454186863}
2023-01-18 09:10:49 INFO::run iteration 21
starting worker pid=33945 on localhost:11688 at 09:10:50.600
starting worker pid=33943 on localhost:11688 at 09:10:50.600
starting worker pid=33940 on localhost:11688 at 09:10:50.601
starting worker pid=33939 on localhost:11688 at 09:10:50.601
starting worker pid=33938 on localhost:11688 at 09:10:50.601
starting worker pid=33937 on localhost:11688 at 09:10:50.601
starting worker pid=33936 on localhost:11688 at 09:10:50.601
starting worker pid=33944 on localhost:11688 at 09:10:50.601
starting worker pid=33942 on localhost:11688 at 09:10:50.601
starting worker pid=33941 on localhost:11688 at 09:10:50.601
2023-01-18 09:26:49 INFO::After iteration 21, priors {SNP,gene}: {0.0011404998652604,0.00318130235996338}
2023-01-18 09:26:49 INFO::run iteration 22
starting worker pid=34850 on localhost:11688 at 09:26:50.071
starting worker pid=34857 on localhost:11688 at 09:26:50.071
starting worker pid=34854 on localhost:11688 at 09:26:50.071
starting worker pid=34855 on localhost:11688 at 09:26:50.071
starting worker pid=34856 on localhost:11688 at 09:26:50.072
starting worker pid=34853 on localhost:11688 at 09:26:50.072
starting worker pid=34858 on localhost:11688 at 09:26:50.078
starting worker pid=34852 on localhost:11688 at 09:26:50.078
starting worker pid=34851 on localhost:11688 at 09:26:50.079
starting worker pid=34859 on localhost:11688 at 09:26:50.079
2023-01-18 09:43:05 INFO::After iteration 22, priors {SNP,gene}: {0.00113392570424791,0.0032109499101543}
2023-01-18 09:43:06 INFO::run iteration 23
starting worker pid=35777 on localhost:11688 at 09:43:06.712
starting worker pid=35772 on localhost:11688 at 09:43:06.712
starting worker pid=35773 on localhost:11688 at 09:43:06.713
starting worker pid=35774 on localhost:11688 at 09:43:06.713
starting worker pid=35779 on localhost:11688 at 09:43:06.713
starting worker pid=35776 on localhost:11688 at 09:43:06.713
starting worker pid=35771 on localhost:11688 at 09:43:06.713
starting worker pid=35775 on localhost:11688 at 09:43:06.713
starting worker pid=35778 on localhost:11688 at 09:43:06.713
starting worker pid=35770 on localhost:11688 at 09:43:06.713
2023-01-18 09:59:21 INFO::After iteration 23, priors {SNP,gene}: {0.00112733780601502,0.00323958029688924}
2023-01-18 09:59:21 INFO::run iteration 24
starting worker pid=36692 on localhost:11688 at 09:59:22.131
starting worker pid=36688 on localhost:11688 at 09:59:22.131
starting worker pid=36695 on localhost:11688 at 09:59:22.131
starting worker pid=36687 on localhost:11688 at 09:59:22.131
starting worker pid=36685 on localhost:11688 at 09:59:22.131
starting worker pid=36690 on localhost:11688 at 09:59:22.131
starting worker pid=36694 on localhost:11688 at 09:59:22.136
starting worker pid=36691 on localhost:11688 at 09:59:22.137
starting worker pid=36689 on localhost:11688 at 09:59:22.137
starting worker pid=36693 on localhost:11688 at 09:59:22.137
2023-01-18 10:15:36 INFO::After iteration 24, priors {SNP,gene}: {0.00112074677312198,0.00326732945635958}
2023-01-18 10:15:37 INFO::run iteration 25
starting worker pid=37611 on localhost:11688 at 10:15:37.711
starting worker pid=37606 on localhost:11688 at 10:15:37.711
starting worker pid=37612 on localhost:11688 at 10:15:37.711
starting worker pid=37604 on localhost:11688 at 10:15:37.711
starting worker pid=37609 on localhost:11688 at 10:15:37.711
starting worker pid=37608 on localhost:11688 at 10:15:37.711
starting worker pid=37607 on localhost:11688 at 10:15:37.711
starting worker pid=37613 on localhost:11688 at 10:15:37.711
starting worker pid=37610 on localhost:11688 at 10:15:37.711
starting worker pid=37605 on localhost:11688 at 10:15:37.711
2023-01-18 10:31:52 INFO::After iteration 25, priors {SNP,gene}: {0.00111416170568535,0.00329431570498627}
2023-01-18 10:31:52 INFO::run iteration 26
starting worker pid=38553 on localhost:11688 at 10:31:53.610
starting worker pid=38555 on localhost:11688 at 10:31:53.610
starting worker pid=38541 on localhost:11688 at 10:31:53.610
starting worker pid=38543 on localhost:11688 at 10:31:53.610
starting worker pid=38542 on localhost:11688 at 10:31:53.611
starting worker pid=38540 on localhost:11688 at 10:31:53.611
starting worker pid=38546 on localhost:11688 at 10:31:53.611
starting worker pid=38545 on localhost:11688 at 10:31:53.611
starting worker pid=38544 on localhost:11688 at 10:31:53.611
starting worker pid=38547 on localhost:11688 at 10:31:53.613
2023-01-18 10:47:58 INFO::After iteration 26, priors {SNP,gene}: {0.0011075904158022,0.0033206420386757}
2023-01-18 10:47:59 INFO::run iteration 27
starting worker pid=39487 on localhost:11688 at 10:47:59.941
starting worker pid=39485 on localhost:11688 at 10:47:59.941
starting worker pid=39482 on localhost:11688 at 10:47:59.941
starting worker pid=39481 on localhost:11688 at 10:47:59.941
starting worker pid=39480 on localhost:11688 at 10:47:59.941
starting worker pid=39483 on localhost:11688 at 10:47:59.941
starting worker pid=39478 on localhost:11688 at 10:47:59.941
starting worker pid=39486 on localhost:11688 at 10:47:59.941
starting worker pid=39484 on localhost:11688 at 10:47:59.941
starting worker pid=39479 on localhost:11688 at 10:47:59.941
2023-01-18 11:04:00 INFO::After iteration 27, priors {SNP,gene}: {0.00110103960365905,0.00334639800926142}
2023-01-18 11:04:01 INFO::run iteration 28
starting worker pid=40390 on localhost:11688 at 11:04:02.003
starting worker pid=40397 on localhost:11688 at 11:04:02.003
starting worker pid=40388 on localhost:11688 at 11:04:02.003
starting worker pid=40396 on localhost:11688 at 11:04:02.004
starting worker pid=40395 on localhost:11688 at 11:04:02.004
starting worker pid=40393 on localhost:11688 at 11:04:02.004
starting worker pid=40391 on localhost:11688 at 11:04:02.004
starting worker pid=40394 on localhost:11688 at 11:04:02.004
starting worker pid=40389 on localhost:11688 at 11:04:02.004
starting worker pid=40392 on localhost:11688 at 11:04:02.005
2023-01-18 11:20:07 INFO::After iteration 28, priors {SNP,gene}: {0.00109451500902625,0.00337166136564556}
2023-01-18 11:20:07 INFO::run iteration 29
starting worker pid=41349 on localhost:11688 at 11:20:08.535
starting worker pid=41350 on localhost:11688 at 11:20:08.535
starting worker pid=41341 on localhost:11688 at 11:20:08.536
starting worker pid=41344 on localhost:11688 at 11:20:08.541
starting worker pid=41345 on localhost:11688 at 11:20:08.547
starting worker pid=41342 on localhost:11688 at 11:20:08.547
starting worker pid=41347 on localhost:11688 at 11:20:08.551
starting worker pid=41346 on localhost:11688 at 11:20:08.563
starting worker pid=41348 on localhost:11688 at 11:20:08.568
starting worker pid=41343 on localhost:11688 at 11:20:08.577
2023-01-18 11:36:21 INFO::After iteration 29, priors {SNP,gene}: {0.00108802154299877,0.0033964994972964}
2023-01-18 11:36:22 INFO::run iteration 30
starting worker pid=42261 on localhost:11688 at 11:36:22.665
starting worker pid=42267 on localhost:11688 at 11:36:22.665
starting worker pid=42268 on localhost:11688 at 11:36:22.665
starting worker pid=42269 on localhost:11688 at 11:36:22.666
starting worker pid=42262 on localhost:11688 at 11:36:22.667
starting worker pid=42260 on localhost:11688 at 11:36:22.667
starting worker pid=42266 on localhost:11688 at 11:36:22.667
starting worker pid=42259 on localhost:11688 at 11:36:22.667
starting worker pid=42263 on localhost:11688 at 11:36:22.667
starting worker pid=42265 on localhost:11688 at 11:36:22.667
2023-01-18 11:52:31 INFO::After iteration 30, priors {SNP,gene}: {0.00108156340307448,0.00342097070185802}
2023-01-18 11:52:31 INFO::Run susie for all regions.
2023-01-18 11:52:31 INFO::run iteration 1
starting worker pid=43177 on localhost:11688 at 11:52:32.314
starting worker pid=43182 on localhost:11688 at 11:52:32.314
starting worker pid=43180 on localhost:11688 at 11:52:32.314
starting worker pid=43181 on localhost:11688 at 11:52:32.314
starting worker pid=43178 on localhost:11688 at 11:52:32.314
starting worker pid=43179 on localhost:11688 at 11:52:32.314
starting worker pid=43174 on localhost:11688 at 11:52:32.314
starting worker pid=43175 on localhost:11688 at 11:52:32.315
starting worker pid=43176 on localhost:11688 at 11:52:32.315
starting worker pid=43183 on localhost:11688 at 11:52:32.315
2023-01-18 12:16:10 INFO::After iteration 1, priors {SNP,gene}: {0.00453587329764902,0.0120718746383219}
2023-01-18 12:16:13 INFO::No. LD regions: 1700
2023-01-18 12:16:20 INFO::No. regions with at least one SNP/gene for chr1: 131
2023-01-18 12:16:20 INFO::Merge regions for chr1
2023-01-18 12:16:20 INFO::No. regions with at least one SNP/gene for chr1 after merging: 131
2023-01-18 12:16:26 INFO::No. regions with at least one SNP/gene for chr2: 144
2023-01-18 12:16:26 INFO::Merge regions for chr2
2023-01-18 12:16:26 INFO::No. regions with at least one SNP/gene for chr2 after merging: 144
2023-01-18 12:16:32 INFO::No. regions with at least one SNP/gene for chr3: 122
2023-01-18 12:16:32 INFO::Merge regions for chr3
2023-01-18 12:16:32 INFO::No. regions with at least one SNP/gene for chr3 after merging: 122
2023-01-18 12:16:38 INFO::No. regions with at least one SNP/gene for chr4: 122
2023-01-18 12:16:38 INFO::Merge regions for chr4
2023-01-18 12:16:38 INFO::No. regions with at least one SNP/gene for chr4 after merging: 122
2023-01-18 12:16:42 INFO::No. regions with at least one SNP/gene for chr5: 110
2023-01-18 12:16:42 INFO::Merge regions for chr5
2023-01-18 12:16:42 INFO::No. regions with at least one SNP/gene for chr5 after merging: 110
2023-01-18 12:16:47 INFO::No. regions with at least one SNP/gene for chr6: 112
2023-01-18 12:16:47 INFO::Merge regions for chr6
2023-01-18 12:16:47 INFO::No. regions with at least one SNP/gene for chr6 after merging: 112
2023-01-18 12:16:51 INFO::No. regions with at least one SNP/gene for chr7: 99
2023-01-18 12:16:51 INFO::Merge regions for chr7
2023-01-18 12:16:51 INFO::No. regions with at least one SNP/gene for chr7 after merging: 99
2023-01-18 12:16:54 INFO::No. regions with at least one SNP/gene for chr8: 94
2023-01-18 12:16:54 INFO::Merge regions for chr8
2023-01-18 12:16:54 INFO::No. regions with at least one SNP/gene for chr8 after merging: 94
2023-01-18 12:16:57 INFO::No. regions with at least one SNP/gene for chr9: 74
2023-01-18 12:16:57 INFO::Merge regions for chr9
2023-01-18 12:16:57 INFO::No. regions with at least one SNP/gene for chr9 after merging: 74
2023-01-18 12:17:00 INFO::No. regions with at least one SNP/gene for chr10: 85
2023-01-18 12:17:00 INFO::Merge regions for chr10
2023-01-18 12:17:00 INFO::No. regions with at least one SNP/gene for chr10 after merging: 85
2023-01-18 12:17:04 INFO::No. regions with at least one SNP/gene for chr11: 84
2023-01-18 12:17:04 INFO::Merge regions for chr11
2023-01-18 12:17:04 INFO::No. regions with at least one SNP/gene for chr11 after merging: 84
2023-01-18 12:17:07 INFO::No. regions with at least one SNP/gene for chr12: 82
2023-01-18 12:17:07 INFO::Merge regions for chr12
2023-01-18 12:17:07 INFO::No. regions with at least one SNP/gene for chr12 after merging: 82
2023-01-18 12:17:09 INFO::No. regions with at least one SNP/gene for chr13: 62
2023-01-18 12:17:09 INFO::Merge regions for chr13
2023-01-18 12:17:09 INFO::No. regions with at least one SNP/gene for chr13 after merging: 62
2023-01-18 12:17:12 INFO::No. regions with at least one SNP/gene for chr14: 56
2023-01-18 12:17:12 INFO::Merge regions for chr14
2023-01-18 12:17:12 INFO::No. regions with at least one SNP/gene for chr14 after merging: 56
2023-01-18 12:17:13 INFO::No. regions with at least one SNP/gene for chr15: 50
2023-01-18 12:17:13 INFO::Merge regions for chr15
2023-01-18 12:17:13 INFO::No. regions with at least one SNP/gene for chr15 after merging: 50
2023-01-18 12:17:16 INFO::No. regions with at least one SNP/gene for chr16: 54
2023-01-18 12:17:16 INFO::Merge regions for chr16
2023-01-18 12:17:16 INFO::No. regions with at least one SNP/gene for chr16 after merging: 54
2023-01-18 12:17:19 INFO::No. regions with at least one SNP/gene for chr17: 47
2023-01-18 12:17:19 INFO::Merge regions for chr17
2023-01-18 12:17:19 INFO::No. regions with at least one SNP/gene for chr17 after merging: 47
2023-01-18 12:17:20 INFO::No. regions with at least one SNP/gene for chr18: 47
2023-01-18 12:17:20 INFO::Merge regions for chr18
2023-01-18 12:17:20 INFO::No. regions with at least one SNP/gene for chr18 after merging: 47
2023-01-18 12:17:22 INFO::No. regions with at least one SNP/gene for chr19: 39
2023-01-18 12:17:22 INFO::Merge regions for chr19
2023-01-18 12:17:22 INFO::No. regions with at least one SNP/gene for chr19 after merging: 39
2023-01-18 12:17:24 INFO::No. regions with at least one SNP/gene for chr20: 38
2023-01-18 12:17:24 INFO::Merge regions for chr20
2023-01-18 12:17:24 INFO::No. regions with at least one SNP/gene for chr20 after merging: 38
2023-01-18 12:17:26 INFO::No. regions with at least one SNP/gene for chr21: 24
2023-01-18 12:17:26 INFO::Merge regions for chr21
2023-01-18 12:17:26 INFO::No. regions with at least one SNP/gene for chr21 after merging: 24
2023-01-18 12:17:28 INFO::No. regions with at least one SNP/gene for chr22: 24
2023-01-18 12:17:28 INFO::Merge regions for chr22
2023-01-18 12:17:28 INFO::No. regions with at least one SNP/gene for chr22 after merging: 24
2023-01-18 12:17:28 INFO::Trim regions with SNPs more than 20000
2023-01-18 12:17:28 INFO::Adding R matrix info, as genotype is not given
2023-01-18 12:17:30 INFO::Adding R matrix info for chrom 1
2023-01-18 12:46:42 INFO::Adding R matrix info for chrom 2
2023-01-18 13:12:59 INFO::Adding R matrix info for chrom 3
2023-01-18 13:31:23 INFO::Adding R matrix info for chrom 4
2023-01-18 13:49:12 INFO::Adding R matrix info for chrom 5
