[1] "/project2/xinhe/shengqian/cTWAS/cTWAS_analysis/data/UKBB/ukb-d-30780_irnt.vcf.gz"
[2] "/project2/mstephens/wcrouse/UKB_LDR_0.1"                                         
[3] "/project2/xinhe/shengqian/cTWAS/cTWAS_analysis/data/mqtl/Prostate.db"            
[4] "/project2/xinhe/shengqian/cTWAS/cTWAS_analysis/code/ctwas_config_b38.R"          
[5] "LDL_Prostate_expr"                                                               
[6] "LDL_Prostate_ctwas"                                                              
[7] "/project2/xinhe/shengqian/cTWAS/cTWAS_analysis/data/LDL_M/Prostate"              
2023-01-17 02:00:37 INFO::Reading weights for chromosome 1
2023-01-17 02:00:37 INFO::Current weight: /project2/xinhe/shengqian/cTWAS/cTWAS_analysis/data/mqtl/Prostate.db
2023-01-17 02:00:37 INFO::Number of genes with weights provided: 48748
2023-01-17 02:00:37 INFO::Collecting gene weight information ...
2023-01-17 02:17:49 INFO::Start gene z score imputation ...
2023-01-17 02:17:49 INFO::Using given LD matrices to impute gene z score.
2023-01-17 02:34:31 INFO::Imputation done, writing results to output...
2023-01-17 02:34:32 INFO::Imputation done: number of genes with imputed expression: 4104 for chr 1
2023-01-17 02:34:32 INFO::Reading weights for chromosome 2
2023-01-17 02:34:32 INFO::Current weight: /project2/xinhe/shengqian/cTWAS/cTWAS_analysis/data/mqtl/Prostate.db
2023-01-17 02:34:32 INFO::Number of genes with weights provided: 48748
2023-01-17 02:34:32 INFO::Collecting gene weight information ...
2023-01-17 02:47:14 INFO::Start gene z score imputation ...
2023-01-17 02:47:14 INFO::Using given LD matrices to impute gene z score.
2023-01-17 03:03:14 INFO::Imputation done, writing results to output...
2023-01-17 03:03:14 INFO::Imputation done: number of genes with imputed expression: 3452 for chr 2
2023-01-17 03:03:15 INFO::Reading weights for chromosome 3
2023-01-17 03:03:15 INFO::Current weight: /project2/xinhe/shengqian/cTWAS/cTWAS_analysis/data/mqtl/Prostate.db
2023-01-17 03:03:15 INFO::Number of genes with weights provided: 48748
2023-01-17 03:03:15 INFO::Collecting gene weight information ...
2023-01-17 03:13:33 INFO::Start gene z score imputation ...
2023-01-17 03:13:33 INFO::Using given LD matrices to impute gene z score.
2023-01-17 03:26:03 INFO::Imputation done, writing results to output...
2023-01-17 03:26:04 INFO::Imputation done: number of genes with imputed expression: 2299 for chr 3
2023-01-17 03:26:05 INFO::Reading weights for chromosome 4
2023-01-17 03:26:05 INFO::Current weight: /project2/xinhe/shengqian/cTWAS/cTWAS_analysis/data/mqtl/Prostate.db
2023-01-17 03:26:05 INFO::Number of genes with weights provided: 48748
2023-01-17 03:26:05 INFO::Collecting gene weight information ...
2023-01-17 03:35:38 INFO::Start gene z score imputation ...
2023-01-17 03:35:38 INFO::Using given LD matrices to impute gene z score.
2023-01-17 03:47:57 INFO::Imputation done, writing results to output...
2023-01-17 03:47:58 INFO::Imputation done: number of genes with imputed expression: 1938 for chr 4
2023-01-17 03:47:58 INFO::Reading weights for chromosome 5
2023-01-17 03:47:58 INFO::Current weight: /project2/xinhe/shengqian/cTWAS/cTWAS_analysis/data/mqtl/Prostate.db
2023-01-17 03:47:58 INFO::Number of genes with weights provided: 48748
2023-01-17 03:47:58 INFO::Collecting gene weight information ...
2023-01-17 03:58:24 INFO::Start gene z score imputation ...
2023-01-17 03:58:24 INFO::Using given LD matrices to impute gene z score.
2023-01-17 04:10:45 INFO::Imputation done, writing results to output...
2023-01-17 04:10:45 INFO::Imputation done: number of genes with imputed expression: 2229 for chr 5
2023-01-17 04:10:46 INFO::Reading weights for chromosome 6
2023-01-17 04:10:46 INFO::Current weight: /project2/xinhe/shengqian/cTWAS/cTWAS_analysis/data/mqtl/Prostate.db
2023-01-17 04:10:46 INFO::Number of genes with weights provided: 48748
2023-01-17 04:10:46 INFO::Collecting gene weight information ...
2023-01-17 04:23:18 INFO::Start gene z score imputation ...
2023-01-17 04:23:18 INFO::Using given LD matrices to impute gene z score.
2023-01-17 04:38:01 INFO::Imputation done, writing results to output...
2023-01-17 04:38:01 INFO::Imputation done: number of genes with imputed expression: 2922 for chr 6
2023-01-17 04:38:02 INFO::Reading weights for chromosome 7
2023-01-17 04:38:02 INFO::Current weight: /project2/xinhe/shengqian/cTWAS/cTWAS_analysis/data/mqtl/Prostate.db
2023-01-17 04:38:02 INFO::Number of genes with weights provided: 48748
2023-01-17 04:38:02 INFO::Collecting gene weight information ...
2023-01-17 04:49:41 INFO::Start gene z score imputation ...
2023-01-17 04:49:41 INFO::Using given LD matrices to impute gene z score.
2023-01-17 05:02:34 INFO::Imputation done, writing results to output...
2023-01-17 05:02:34 INFO::Imputation done: number of genes with imputed expression: 2432 for chr 7
2023-01-17 05:02:35 INFO::Reading weights for chromosome 8
2023-01-17 05:02:35 INFO::Current weight: /project2/xinhe/shengqian/cTWAS/cTWAS_analysis/data/mqtl/Prostate.db
2023-01-17 05:02:35 INFO::Number of genes with weights provided: 48748
2023-01-17 05:02:35 INFO::Collecting gene weight information ...
2023-01-17 05:13:02 INFO::Start gene z score imputation ...
2023-01-17 05:13:02 INFO::Using given LD matrices to impute gene z score.
2023-01-17 05:24:25 INFO::Imputation done, writing results to output...
2023-01-17 05:24:25 INFO::Imputation done: number of genes with imputed expression: 1993 for chr 8
2023-01-17 05:24:25 INFO::Reading weights for chromosome 9
2023-01-17 05:24:26 INFO::Current weight: /project2/xinhe/shengqian/cTWAS/cTWAS_analysis/data/mqtl/Prostate.db
2023-01-17 05:24:26 INFO::Number of genes with weights provided: 48748
2023-01-17 05:24:26 INFO::Collecting gene weight information ...
2023-01-17 05:33:01 INFO::Start gene z score imputation ...
2023-01-17 05:33:01 INFO::Using given LD matrices to impute gene z score.
2023-01-17 05:40:48 INFO::Imputation done, writing results to output...
2023-01-17 05:40:48 INFO::Imputation done: number of genes with imputed expression: 1233 for chr 9
2023-01-17 05:40:49 INFO::Reading weights for chromosome 10
2023-01-17 05:40:49 INFO::Current weight: /project2/xinhe/shengqian/cTWAS/cTWAS_analysis/data/mqtl/Prostate.db
2023-01-17 05:40:49 INFO::Number of genes with weights provided: 48748
2023-01-17 05:40:49 INFO::Collecting gene weight information ...
2023-01-17 05:52:21 INFO::Start gene z score imputation ...
2023-01-17 05:52:22 INFO::Using given LD matrices to impute gene z score.
2023-01-17 06:04:24 INFO::Imputation done, writing results to output...
2023-01-17 06:04:25 INFO::Imputation done: number of genes with imputed expression: 2189 for chr 10
2023-01-17 06:04:25 INFO::Reading weights for chromosome 11
2023-01-17 06:04:26 INFO::Current weight: /project2/xinhe/shengqian/cTWAS/cTWAS_analysis/data/mqtl/Prostate.db
2023-01-17 06:04:26 INFO::Number of genes with weights provided: 48748
2023-01-17 06:04:26 INFO::Collecting gene weight information ...
2023-01-17 06:16:59 INFO::Start gene z score imputation ...
2023-01-17 06:16:59 INFO::Using given LD matrices to impute gene z score.
2023-01-17 06:29:56 INFO::Imputation done, writing results to output...
2023-01-17 06:29:56 INFO::Imputation done: number of genes with imputed expression: 2583 for chr 11
2023-01-17 06:29:57 INFO::Reading weights for chromosome 12
2023-01-17 06:29:57 INFO::Current weight: /project2/xinhe/shengqian/cTWAS/cTWAS_analysis/data/mqtl/Prostate.db
2023-01-17 06:29:57 INFO::Number of genes with weights provided: 48748
2023-01-17 06:29:57 INFO::Collecting gene weight information ...
2023-01-17 06:41:06 INFO::Start gene z score imputation ...
2023-01-17 06:41:06 INFO::Using given LD matrices to impute gene z score.
2023-01-17 06:52:38 INFO::Imputation done, writing results to output...
2023-01-17 06:52:38 INFO::Imputation done: number of genes with imputed expression: 2100 for chr 12
2023-01-17 06:52:39 INFO::Reading weights for chromosome 13
2023-01-17 06:52:39 INFO::Current weight: /project2/xinhe/shengqian/cTWAS/cTWAS_analysis/data/mqtl/Prostate.db
2023-01-17 06:52:39 INFO::Number of genes with weights provided: 48748
2023-01-17 06:52:39 INFO::Collecting gene weight information ...
2023-01-17 07:01:16 INFO::Start gene z score imputation ...
2023-01-17 07:01:16 INFO::Using given LD matrices to impute gene z score.
2023-01-17 07:08:45 INFO::Imputation done, writing results to output...
2023-01-17 07:08:45 INFO::Imputation done: number of genes with imputed expression: 1147 for chr 13
2023-01-17 07:08:46 INFO::Reading weights for chromosome 14
2023-01-17 07:08:46 INFO::Current weight: /project2/xinhe/shengqian/cTWAS/cTWAS_analysis/data/mqtl/Prostate.db
2023-01-17 07:08:46 INFO::Number of genes with weights provided: 48748
2023-01-17 07:08:46 INFO::Collecting gene weight information ...
2023-01-17 07:18:03 INFO::Start gene z score imputation ...
2023-01-17 07:18:03 INFO::Using given LD matrices to impute gene z score.
2023-01-17 07:25:50 INFO::Imputation done, writing results to output...
2023-01-17 07:25:51 INFO::Imputation done: number of genes with imputed expression: 1395 for chr 14
2023-01-17 07:25:51 INFO::Reading weights for chromosome 15
2023-01-17 07:25:51 INFO::Current weight: /project2/xinhe/shengqian/cTWAS/cTWAS_analysis/data/mqtl/Prostate.db
2023-01-17 07:25:51 INFO::Number of genes with weights provided: 48748
2023-01-17 07:25:51 INFO::Collecting gene weight information ...
2023-01-17 07:35:28 INFO::Start gene z score imputation ...
2023-01-17 07:35:28 INFO::Using given LD matrices to impute gene z score.
2023-01-17 07:43:09 INFO::Imputation done, writing results to output...
2023-01-17 07:43:10 INFO::Imputation done: number of genes with imputed expression: 1414 for chr 15
2023-01-17 07:43:10 INFO::Reading weights for chromosome 16
2023-01-17 07:43:10 INFO::Current weight: /project2/xinhe/shengqian/cTWAS/cTWAS_analysis/data/mqtl/Prostate.db
2023-01-17 07:43:10 INFO::Number of genes with weights provided: 48748
2023-01-17 07:43:10 INFO::Collecting gene weight information ...
2023-01-17 07:54:53 INFO::Start gene z score imputation ...
2023-01-17 07:54:53 INFO::Using given LD matrices to impute gene z score.
2023-01-17 08:04:45 INFO::Imputation done, writing results to output...
2023-01-17 08:04:45 INFO::Imputation done: number of genes with imputed expression: 2130 for chr 16
2023-01-17 08:04:46 INFO::Reading weights for chromosome 17
2023-01-17 08:04:46 INFO::Current weight: /project2/xinhe/shengqian/cTWAS/cTWAS_analysis/data/mqtl/Prostate.db
2023-01-17 08:04:46 INFO::Number of genes with weights provided: 48748
2023-01-17 08:04:46 INFO::Collecting gene weight information ...
2023-01-17 08:18:05 INFO::Start gene z score imputation ...
2023-01-17 08:18:05 INFO::Using given LD matrices to impute gene z score.
2023-01-17 08:28:41 INFO::Imputation done, writing results to output...
2023-01-17 08:28:41 INFO::Imputation done: number of genes with imputed expression: 2453 for chr 17
2023-01-17 08:28:41 INFO::Reading weights for chromosome 18
2023-01-17 08:28:41 INFO::Current weight: /project2/xinhe/shengqian/cTWAS/cTWAS_analysis/data/mqtl/Prostate.db
2023-01-17 08:28:41 INFO::Number of genes with weights provided: 48748
2023-01-17 08:28:41 INFO::Collecting gene weight information ...
2023-01-17 08:36:17 INFO::Start gene z score imputation ...
2023-01-17 08:36:17 INFO::Using given LD matrices to impute gene z score.
2023-01-17 08:41:53 INFO::Imputation done, writing results to output...
2023-01-17 08:41:53 INFO::Imputation done: number of genes with imputed expression: 756 for chr 18
2023-01-17 08:41:54 INFO::Reading weights for chromosome 19
2023-01-17 08:41:54 INFO::Current weight: /project2/xinhe/shengqian/cTWAS/cTWAS_analysis/data/mqtl/Prostate.db
2023-01-17 08:41:54 INFO::Number of genes with weights provided: 48748
2023-01-17 08:41:54 INFO::Collecting gene weight information ...
2023-01-17 08:52:56 INFO::Start gene z score imputation ...
2023-01-17 08:52:56 INFO::Using given LD matrices to impute gene z score.
2023-01-17 09:01:40 INFO::Imputation done, writing results to output...
2023-01-17 09:01:40 INFO::Imputation done: number of genes with imputed expression: 1841 for chr 19
2023-01-17 09:01:41 INFO::Reading weights for chromosome 20
2023-01-17 09:01:41 INFO::Current weight: /project2/xinhe/shengqian/cTWAS/cTWAS_analysis/data/mqtl/Prostate.db
2023-01-17 09:01:41 INFO::Number of genes with weights provided: 48748
2023-01-17 09:01:41 INFO::Collecting gene weight information ...
2023-01-17 09:10:40 INFO::Start gene z score imputation ...
2023-01-17 09:10:40 INFO::Using given LD matrices to impute gene z score.
2023-01-17 09:17:26 INFO::Imputation done, writing results to output...
2023-01-17 09:17:26 INFO::Imputation done: number of genes with imputed expression: 1210 for chr 20
2023-01-17 09:17:27 INFO::Reading weights for chromosome 21
2023-01-17 09:17:27 INFO::Current weight: /project2/xinhe/shengqian/cTWAS/cTWAS_analysis/data/mqtl/Prostate.db
2023-01-17 09:17:27 INFO::Number of genes with weights provided: 48748
2023-01-17 09:17:27 INFO::Collecting gene weight information ...
2023-01-17 09:24:44 INFO::Start gene z score imputation ...
2023-01-17 09:24:44 INFO::Using given LD matrices to impute gene z score.
2023-01-17 09:28:29 INFO::Imputation done, writing results to output...
2023-01-17 09:28:29 INFO::Imputation done: number of genes with imputed expression: 708 for chr 21
2023-01-17 09:28:30 INFO::Reading weights for chromosome 22
2023-01-17 09:28:30 INFO::Current weight: /project2/xinhe/shengqian/cTWAS/cTWAS_analysis/data/mqtl/Prostate.db
2023-01-17 09:28:30 INFO::Number of genes with weights provided: 48748
2023-01-17 09:28:30 INFO::Collecting gene weight information ...
2023-01-17 09:37:04 INFO::Start gene z score imputation ...
2023-01-17 09:37:04 INFO::Using given LD matrices to impute gene z score.
2023-01-17 09:42:35 INFO::Imputation done, writing results to output...
2023-01-17 09:42:36 INFO::Imputation done: number of genes with imputed expression: 1133 for chr 22
2023-01-17 09:43:04 INFO::ctwas started ...
2023-01-17 09:43:17 INFO::LD region file: /home/shengqian/R/x86_64-pc-linux-gnu-library/4.1/ctwas/extdata/ldetect/EUR.b38.bed
2023-01-17 09:43:29 INFO::No. LD regions: 1700
2023-01-17 09:43:35 INFO::No. regions with at least one SNP/gene for chr1: 131
2023-01-17 09:43:35 INFO::Merge regions for chr1
2023-01-17 09:43:35 INFO::No. regions with at least one SNP/gene for chr1 after merging: 131
2023-01-17 09:43:41 INFO::No. regions with at least one SNP/gene for chr2: 144
2023-01-17 09:43:41 INFO::Merge regions for chr2
2023-01-17 09:43:41 INFO::No. regions with at least one SNP/gene for chr2 after merging: 144
2023-01-17 09:43:46 INFO::No. regions with at least one SNP/gene for chr3: 122
2023-01-17 09:43:46 INFO::Merge regions for chr3
2023-01-17 09:43:46 INFO::No. regions with at least one SNP/gene for chr3 after merging: 122
2023-01-17 09:43:52 INFO::No. regions with at least one SNP/gene for chr4: 122
2023-01-17 09:43:52 INFO::Merge regions for chr4
2023-01-17 09:43:52 INFO::No. regions with at least one SNP/gene for chr4 after merging: 122
2023-01-17 09:43:55 INFO::No. regions with at least one SNP/gene for chr5: 110
2023-01-17 09:43:55 INFO::Merge regions for chr5
2023-01-17 09:43:55 INFO::No. regions with at least one SNP/gene for chr5 after merging: 110
2023-01-17 09:44:00 INFO::No. regions with at least one SNP/gene for chr6: 112
2023-01-17 09:44:00 INFO::Merge regions for chr6
2023-01-17 09:44:00 INFO::No. regions with at least one SNP/gene for chr6 after merging: 112
2023-01-17 09:44:04 INFO::No. regions with at least one SNP/gene for chr7: 99
2023-01-17 09:44:04 INFO::Merge regions for chr7
2023-01-17 09:44:04 INFO::No. regions with at least one SNP/gene for chr7 after merging: 99
2023-01-17 09:44:08 INFO::No. regions with at least one SNP/gene for chr8: 94
2023-01-17 09:44:08 INFO::Merge regions for chr8
2023-01-17 09:44:08 INFO::No. regions with at least one SNP/gene for chr8 after merging: 94
2023-01-17 09:44:14 INFO::No. regions with at least one SNP/gene for chr9: 74
2023-01-17 09:44:14 INFO::Merge regions for chr9
2023-01-17 09:44:14 INFO::No. regions with at least one SNP/gene for chr9 after merging: 74
2023-01-17 09:44:17 INFO::No. regions with at least one SNP/gene for chr10: 85
2023-01-17 09:44:17 INFO::Merge regions for chr10
2023-01-17 09:44:17 INFO::No. regions with at least one SNP/gene for chr10 after merging: 85
2023-01-17 09:44:20 INFO::No. regions with at least one SNP/gene for chr11: 84
2023-01-17 09:44:20 INFO::Merge regions for chr11
2023-01-17 09:44:20 INFO::No. regions with at least one SNP/gene for chr11 after merging: 84
2023-01-17 09:44:23 INFO::No. regions with at least one SNP/gene for chr12: 82
2023-01-17 09:44:23 INFO::Merge regions for chr12
2023-01-17 09:44:23 INFO::No. regions with at least one SNP/gene for chr12 after merging: 82
2023-01-17 09:44:26 INFO::No. regions with at least one SNP/gene for chr13: 62
2023-01-17 09:44:26 INFO::Merge regions for chr13
2023-01-17 09:44:26 INFO::No. regions with at least one SNP/gene for chr13 after merging: 62
2023-01-17 09:44:28 INFO::No. regions with at least one SNP/gene for chr14: 56
2023-01-17 09:44:28 INFO::Merge regions for chr14
2023-01-17 09:44:28 INFO::No. regions with at least one SNP/gene for chr14 after merging: 56
2023-01-17 09:44:30 INFO::No. regions with at least one SNP/gene for chr15: 50
2023-01-17 09:44:30 INFO::Merge regions for chr15
2023-01-17 09:44:30 INFO::No. regions with at least one SNP/gene for chr15 after merging: 50
2023-01-17 09:44:33 INFO::No. regions with at least one SNP/gene for chr16: 54
2023-01-17 09:44:33 INFO::Merge regions for chr16
2023-01-17 09:44:33 INFO::No. regions with at least one SNP/gene for chr16 after merging: 54
2023-01-17 09:44:34 INFO::No. regions with at least one SNP/gene for chr17: 47
2023-01-17 09:44:34 INFO::Merge regions for chr17
2023-01-17 09:44:34 INFO::No. regions with at least one SNP/gene for chr17 after merging: 47
2023-01-17 09:44:37 INFO::No. regions with at least one SNP/gene for chr18: 47
2023-01-17 09:44:37 INFO::Merge regions for chr18
2023-01-17 09:44:37 INFO::No. regions with at least one SNP/gene for chr18 after merging: 47
2023-01-17 09:44:38 INFO::No. regions with at least one SNP/gene for chr19: 39
2023-01-17 09:44:38 INFO::Merge regions for chr19
2023-01-17 09:44:38 INFO::No. regions with at least one SNP/gene for chr19 after merging: 39
2023-01-17 09:44:40 INFO::No. regions with at least one SNP/gene for chr20: 38
2023-01-17 09:44:40 INFO::Merge regions for chr20
2023-01-17 09:44:40 INFO::No. regions with at least one SNP/gene for chr20 after merging: 38
2023-01-17 09:44:41 INFO::No. regions with at least one SNP/gene for chr21: 24
2023-01-17 09:44:41 INFO::Merge regions for chr21
2023-01-17 09:44:41 INFO::No. regions with at least one SNP/gene for chr21 after merging: 24
2023-01-17 09:44:42 INFO::No. regions with at least one SNP/gene for chr22: 24
2023-01-17 09:44:42 INFO::Merge regions for chr22
2023-01-17 09:44:42 INFO::No. regions with at least one SNP/gene for chr22 after merging: 24
2023-01-17 09:44:42 INFO::Trim regions with SNPs more than Inf
2023-01-17 09:44:42 INFO::Adding R matrix info, as genotype is not given
2023-01-17 09:44:43 INFO::Adding R matrix info for chrom 1
2023-01-17 10:02:23 INFO::Adding R matrix info for chrom 2
2023-01-17 10:19:25 INFO::Adding R matrix info for chrom 3
2023-01-17 10:30:57 INFO::Adding R matrix info for chrom 4
2023-01-17 10:42:38 INFO::Adding R matrix info for chrom 5
2023-01-17 10:53:39 INFO::Adding R matrix info for chrom 6
2023-01-17 11:08:26 INFO::Adding R matrix info for chrom 7
2023-01-17 11:20:02 INFO::Adding R matrix info for chrom 8
2023-01-17 11:30:38 INFO::Adding R matrix info for chrom 9
2023-01-17 11:37:44 INFO::Adding R matrix info for chrom 10
2023-01-17 11:48:17 INFO::Adding R matrix info for chrom 11
2023-01-17 12:00:04 INFO::Adding R matrix info for chrom 12
2023-01-17 12:09:41 INFO::Adding R matrix info for chrom 13
2023-01-17 12:16:02 INFO::Adding R matrix info for chrom 14
2023-01-17 12:22:46 INFO::Adding R matrix info for chrom 15
2023-01-17 12:28:40 INFO::Adding R matrix info for chrom 16
2023-01-17 12:36:19 INFO::Adding R matrix info for chrom 17
2023-01-17 12:44:55 INFO::Adding R matrix info for chrom 18
2023-01-17 12:49:58 INFO::Adding R matrix info for chrom 19
2023-01-17 12:57:05 INFO::Adding R matrix info for chrom 20
2023-01-17 13:02:19 INFO::Adding R matrix info for chrom 21
2023-01-17 13:05:13 INFO::Adding R matrix info for chrom 22
2023-01-17 13:09:01 INFO::Run susie iteratively, getting rough estimate ...
2023-01-17 13:09:01 INFO::run iteration 1
starting worker pid=47034 on localhost:11629 at 13:09:02.476
starting worker pid=47029 on localhost:11629 at 13:09:02.476
starting worker pid=47028 on localhost:11629 at 13:09:02.477
starting worker pid=47030 on localhost:11629 at 13:09:02.477
starting worker pid=47035 on localhost:11629 at 13:09:02.477
starting worker pid=47037 on localhost:11629 at 13:09:02.478
starting worker pid=47031 on localhost:11629 at 13:09:02.478
starting worker pid=47033 on localhost:11629 at 13:09:02.478
starting worker pid=47032 on localhost:11629 at 13:09:02.478
starting worker pid=47036 on localhost:11629 at 13:09:02.479
2023-01-17 13:33:25 INFO::After iteration 1, priors {SNP,gene}: {0.0018429446028323,0.00222772718675385}
2023-01-17 13:33:25 INFO::run iteration 2
starting worker pid=48337 on localhost:11629 at 13:33:26.710
starting worker pid=48338 on localhost:11629 at 13:33:26.711
starting worker pid=48345 on localhost:11629 at 13:33:26.711
starting worker pid=48343 on localhost:11629 at 13:33:26.711
starting worker pid=48340 on localhost:11629 at 13:33:26.711
starting worker pid=48342 on localhost:11629 at 13:33:26.712
starting worker pid=48344 on localhost:11629 at 13:33:26.712
starting worker pid=48341 on localhost:11629 at 13:33:26.712
starting worker pid=48339 on localhost:11629 at 13:33:26.712
starting worker pid=48346 on localhost:11629 at 13:33:26.712
2023-01-17 13:56:59 INFO::After iteration 2, priors {SNP,gene}: {0.00154944224140758,0.00196938452417447}
2023-01-17 13:57:00 INFO::run iteration 3
starting worker pid=49606 on localhost:11629 at 13:57:01.285
starting worker pid=49609 on localhost:11629 at 13:57:01.286
starting worker pid=49607 on localhost:11629 at 13:57:01.286
starting worker pid=49611 on localhost:11629 at 13:57:01.286
starting worker pid=49613 on localhost:11629 at 13:57:01.286
starting worker pid=49615 on localhost:11629 at 13:57:01.286
starting worker pid=49614 on localhost:11629 at 13:57:01.286
starting worker pid=49612 on localhost:11629 at 13:57:01.287
starting worker pid=49610 on localhost:11629 at 13:57:01.287
starting worker pid=49608 on localhost:11629 at 13:57:01.287
2023-01-17 14:20:42 INFO::After iteration 3, priors {SNP,gene}: {0.00143498764942396,0.0016153185222621}
2023-01-17 14:39:09 INFO::Blocks are filtered: 1007 blocks left
2023-01-17 14:39:09 INFO::Run susie iteratively, getting accurate estimate ...
2023-01-17 14:39:09 INFO::run iteration 1
starting worker pid=51878 on localhost:11629 at 14:39:10.071
starting worker pid=51873 on localhost:11629 at 14:39:10.071
starting worker pid=51877 on localhost:11629 at 14:39:10.071
starting worker pid=51875 on localhost:11629 at 14:39:10.071
starting worker pid=51872 on localhost:11629 at 14:39:10.071
starting worker pid=51871 on localhost:11629 at 14:39:10.072
starting worker pid=51876 on localhost:11629 at 14:39:10.072
starting worker pid=51870 on localhost:11629 at 14:39:10.072
starting worker pid=51869 on localhost:11629 at 14:39:10.073
starting worker pid=51874 on localhost:11629 at 14:39:10.073
2023-01-17 14:54:27 INFO::After iteration 1, priors {SNP,gene}: {0.00145232214977369,0.00133281802591932}
2023-01-17 14:54:28 INFO::run iteration 2
starting worker pid=52773 on localhost:11629 at 14:54:28.995
starting worker pid=52777 on localhost:11629 at 14:54:28.995
starting worker pid=52781 on localhost:11629 at 14:54:28.995
starting worker pid=52775 on localhost:11629 at 14:54:28.995
starting worker pid=52774 on localhost:11629 at 14:54:28.996
starting worker pid=52772 on localhost:11629 at 14:54:28.996
starting worker pid=52778 on localhost:11629 at 14:54:28.996
starting worker pid=52780 on localhost:11629 at 14:54:28.996
starting worker pid=52776 on localhost:11629 at 14:54:28.996
starting worker pid=52779 on localhost:11629 at 14:54:28.996
2023-01-17 15:09:29 INFO::After iteration 2, priors {SNP,gene}: {0.00142815786190198,0.00145574168333434}
2023-01-17 15:09:29 INFO::run iteration 3
starting worker pid=53641 on localhost:11629 at 15:09:30.402
starting worker pid=53634 on localhost:11629 at 15:09:30.402
starting worker pid=53639 on localhost:11629 at 15:09:30.402
starting worker pid=53635 on localhost:11629 at 15:09:30.403
starting worker pid=53637 on localhost:11629 at 15:09:30.403
starting worker pid=53638 on localhost:11629 at 15:09:30.403
starting worker pid=53633 on localhost:11629 at 15:09:30.403
starting worker pid=53640 on localhost:11629 at 15:09:30.403
starting worker pid=53636 on localhost:11629 at 15:09:30.404
starting worker pid=53642 on localhost:11629 at 15:09:30.418
2023-01-17 15:24:43 INFO::After iteration 3, priors {SNP,gene}: {0.00139815611288525,0.00161063438242402}
2023-01-17 15:24:43 INFO::run iteration 4
starting worker pid=54503 on localhost:11629 at 15:24:44.056
starting worker pid=54504 on localhost:11629 at 15:24:44.056
starting worker pid=54506 on localhost:11629 at 15:24:44.057
starting worker pid=54502 on localhost:11629 at 15:24:44.057
starting worker pid=54505 on localhost:11629 at 15:24:44.057
starting worker pid=54507 on localhost:11629 at 15:24:44.057
starting worker pid=54501 on localhost:11629 at 15:24:44.057
starting worker pid=54509 on localhost:11629 at 15:24:44.063
starting worker pid=54508 on localhost:11629 at 15:24:44.067
starting worker pid=54500 on localhost:11629 at 15:24:44.068
2023-01-17 15:40:00 INFO::After iteration 4, priors {SNP,gene}: {0.00136691115130711,0.00177845024292307}
2023-01-17 15:40:00 INFO::run iteration 5
starting worker pid=55385 on localhost:11629 at 15:40:01.056
starting worker pid=55380 on localhost:11629 at 15:40:01.056
starting worker pid=55383 on localhost:11629 at 15:40:01.073
starting worker pid=55387 on localhost:11629 at 15:40:01.078
starting worker pid=55389 on localhost:11629 at 15:40:01.081
starting worker pid=55386 on localhost:11629 at 15:40:01.094
starting worker pid=55388 on localhost:11629 at 15:40:01.102
starting worker pid=55384 on localhost:11629 at 15:40:01.113
starting worker pid=55382 on localhost:11629 at 15:40:01.115
starting worker pid=55381 on localhost:11629 at 15:40:01.116
2023-01-17 15:55:13 INFO::After iteration 5, priors {SNP,gene}: {0.00133532363772359,0.00195483826647936}
2023-01-17 15:55:14 INFO::run iteration 6
starting worker pid=56248 on localhost:11629 at 15:55:14.776
starting worker pid=56245 on localhost:11629 at 15:55:14.776
starting worker pid=56247 on localhost:11629 at 15:55:14.777
starting worker pid=56253 on localhost:11629 at 15:55:14.777
starting worker pid=56252 on localhost:11629 at 15:55:14.777
starting worker pid=56250 on localhost:11629 at 15:55:14.777
starting worker pid=56246 on localhost:11629 at 15:55:14.777
starting worker pid=56251 on localhost:11629 at 15:55:14.777
starting worker pid=56249 on localhost:11629 at 15:55:14.778
starting worker pid=56254 on localhost:11629 at 15:55:14.782
2023-01-17 16:10:24 INFO::After iteration 6, priors {SNP,gene}: {0.00130364268908718,0.00213955273334574}
2023-01-17 16:10:24 INFO::run iteration 7
starting worker pid=57118 on localhost:11629 at 16:10:25.492
starting worker pid=57115 on localhost:11629 at 16:10:25.493
starting worker pid=57117 on localhost:11629 at 16:10:25.493
starting worker pid=57116 on localhost:11629 at 16:10:25.493
starting worker pid=57120 on localhost:11629 at 16:10:25.493
starting worker pid=57111 on localhost:11629 at 16:10:25.494
starting worker pid=57112 on localhost:11629 at 16:10:25.494
starting worker pid=57114 on localhost:11629 at 16:10:25.494
starting worker pid=57113 on localhost:11629 at 16:10:25.494
starting worker pid=57119 on localhost:11629 at 16:10:25.496
2023-01-17 16:25:28 INFO::After iteration 7, priors {SNP,gene}: {0.00127197682975811,0.00233354664478772}
2023-01-17 16:25:29 INFO::run iteration 8
starting worker pid=994 on localhost:11629 at 16:25:30.557
starting worker pid=1000 on localhost:11629 at 16:25:30.557
starting worker pid=997 on localhost:11629 at 16:25:30.557
starting worker pid=992 on localhost:11629 at 16:25:30.558
starting worker pid=995 on localhost:11629 at 16:25:30.558
starting worker pid=999 on localhost:11629 at 16:25:30.558
starting worker pid=991 on localhost:11629 at 16:25:30.558
starting worker pid=993 on localhost:11629 at 16:25:30.559
starting worker pid=998 on localhost:11629 at 16:25:30.560
starting worker pid=996 on localhost:11629 at 16:25:30.560
2023-01-17 16:40:34 INFO::After iteration 8, priors {SNP,gene}: {0.00124040446795234,0.00253795095291038}
2023-01-17 16:40:34 INFO::run iteration 9
starting worker pid=1915 on localhost:11629 at 16:40:35.591
starting worker pid=1918 on localhost:11629 at 16:40:35.591
starting worker pid=1921 on localhost:11629 at 16:40:35.592
starting worker pid=1917 on localhost:11629 at 16:40:35.592
starting worker pid=1923 on localhost:11629 at 16:40:35.592
starting worker pid=1919 on localhost:11629 at 16:40:35.592
starting worker pid=1920 on localhost:11629 at 16:40:35.592
starting worker pid=1922 on localhost:11629 at 16:40:35.593
starting worker pid=1924 on localhost:11629 at 16:40:35.593
starting worker pid=1916 on localhost:11629 at 16:40:35.593
2023-01-17 16:55:40 INFO::After iteration 9, priors {SNP,gene}: {0.001209007366603,0.00275360473132449}
2023-01-17 16:55:40 INFO::run iteration 10
starting worker pid=2794 on localhost:11629 at 16:55:41.207
starting worker pid=2790 on localhost:11629 at 16:55:41.208
starting worker pid=2789 on localhost:11629 at 16:55:41.208
starting worker pid=2796 on localhost:11629 at 16:55:41.210
starting worker pid=2791 on localhost:11629 at 16:55:41.213
starting worker pid=2793 on localhost:11629 at 16:55:41.219
starting worker pid=2797 on localhost:11629 at 16:55:41.223
starting worker pid=2788 on localhost:11629 at 16:55:41.228
starting worker pid=2792 on localhost:11629 at 16:55:41.228
starting worker pid=2795 on localhost:11629 at 16:55:41.256
2023-01-17 17:10:43 INFO::After iteration 10, priors {SNP,gene}: {0.00117788247662214,0.00298080736992684}
2023-01-17 17:10:43 INFO::run iteration 11
starting worker pid=3659 on localhost:11629 at 17:10:44.176
starting worker pid=3664 on localhost:11629 at 17:10:44.176
starting worker pid=3660 on localhost:11629 at 17:10:44.176
starting worker pid=3665 on localhost:11629 at 17:10:44.176
starting worker pid=3663 on localhost:11629 at 17:10:44.176
starting worker pid=3661 on localhost:11629 at 17:10:44.178
starting worker pid=3656 on localhost:11629 at 17:10:44.179
starting worker pid=3657 on localhost:11629 at 17:10:44.181
starting worker pid=3662 on localhost:11629 at 17:10:44.187
starting worker pid=3658 on localhost:11629 at 17:10:44.189
2023-01-17 17:25:55 INFO::After iteration 11, priors {SNP,gene}: {0.00114714256516224,0.00321924333573062}
2023-01-17 17:25:55 INFO::run iteration 12
starting worker pid=4547 on localhost:11629 at 17:25:56.568
starting worker pid=4546 on localhost:11629 at 17:25:56.568
starting worker pid=4543 on localhost:11629 at 17:25:56.569
starting worker pid=4538 on localhost:11629 at 17:25:56.569
starting worker pid=4544 on localhost:11629 at 17:25:56.570
starting worker pid=4542 on localhost:11629 at 17:25:56.570
starting worker pid=4540 on localhost:11629 at 17:25:56.570
starting worker pid=4541 on localhost:11629 at 17:25:56.570
starting worker pid=4539 on localhost:11629 at 17:25:56.570
starting worker pid=4545 on localhost:11629 at 17:25:56.571
2023-01-17 17:41:03 INFO::After iteration 12, priors {SNP,gene}: {0.00111691027200367,0.00346804389229905}
2023-01-17 17:41:04 INFO::run iteration 13
starting worker pid=5453 on localhost:11629 at 17:41:04.923
starting worker pid=5451 on localhost:11629 at 17:41:04.923
starting worker pid=5457 on localhost:11629 at 17:41:04.923
starting worker pid=5456 on localhost:11629 at 17:41:04.923
starting worker pid=5452 on localhost:11629 at 17:41:04.923
starting worker pid=5454 on localhost:11629 at 17:41:04.923
starting worker pid=5450 on localhost:11629 at 17:41:04.924
starting worker pid=5449 on localhost:11629 at 17:41:04.924
starting worker pid=5458 on localhost:11629 at 17:41:04.924
starting worker pid=5455 on localhost:11629 at 17:41:04.924
2023-01-17 17:56:10 INFO::After iteration 13, priors {SNP,gene}: {0.00108731046958686,0.00372590924648647}
2023-01-17 17:56:11 INFO::run iteration 14
starting worker pid=6313 on localhost:11629 at 17:56:11.725
starting worker pid=6311 on localhost:11629 at 17:56:11.726
starting worker pid=6315 on localhost:11629 at 17:56:11.744
starting worker pid=6314 on localhost:11629 at 17:56:11.751
starting worker pid=6317 on localhost:11629 at 17:56:11.756
starting worker pid=6316 on localhost:11629 at 17:56:11.761
starting worker pid=6319 on localhost:11629 at 17:56:11.781
starting worker pid=6312 on localhost:11629 at 17:56:11.789
starting worker pid=6320 on localhost:11629 at 17:56:11.790
starting worker pid=6318 on localhost:11629 at 17:56:11.811
2023-01-17 18:11:14 INFO::After iteration 14, priors {SNP,gene}: {0.00105846422888212,0.00399122300688791}
2023-01-17 18:11:14 INFO::run iteration 15
starting worker pid=7326 on localhost:11629 at 18:11:15.097
starting worker pid=7325 on localhost:11629 at 18:11:15.097
starting worker pid=7322 on localhost:11629 at 18:11:15.104
starting worker pid=7320 on localhost:11629 at 18:11:15.114
starting worker pid=7317 on localhost:11629 at 18:11:15.125
starting worker pid=7319 on localhost:11629 at 18:11:15.127
starting worker pid=7324 on localhost:11629 at 18:11:15.159
starting worker pid=7318 on localhost:11629 at 18:11:15.160
starting worker pid=7323 on localhost:11629 at 18:11:15.161
starting worker pid=7321 on localhost:11629 at 18:11:15.175
2023-01-17 18:26:38 INFO::After iteration 15, priors {SNP,gene}: {0.00103048499809721,0.00426213794703949}
2023-01-17 18:26:38 INFO::run iteration 16
starting worker pid=8249 on localhost:11629 at 18:26:39.203
starting worker pid=8245 on localhost:11629 at 18:26:39.203
starting worker pid=8241 on localhost:11629 at 18:26:39.203
starting worker pid=8242 on localhost:11629 at 18:26:39.203
starting worker pid=8244 on localhost:11629 at 18:26:39.210
starting worker pid=8246 on localhost:11629 at 18:26:39.211
starting worker pid=8250 on localhost:11629 at 18:26:39.228
starting worker pid=8248 on localhost:11629 at 18:26:39.233
starting worker pid=8247 on localhost:11629 at 18:26:39.236
starting worker pid=8243 on localhost:11629 at 18:26:39.237
2023-01-17 18:41:51 INFO::After iteration 16, priors {SNP,gene}: {0.00100347606675837,0.0045366470677974}
2023-01-17 18:41:51 INFO::run iteration 17
starting worker pid=9116 on localhost:11629 at 18:41:52.507
starting worker pid=9113 on localhost:11629 at 18:41:52.513
starting worker pid=9107 on localhost:11629 at 18:41:52.526
starting worker pid=9109 on localhost:11629 at 18:41:52.535
starting worker pid=9112 on localhost:11629 at 18:41:52.536
starting worker pid=9110 on localhost:11629 at 18:41:52.546
starting worker pid=9115 on localhost:11629 at 18:41:52.548
starting worker pid=9114 on localhost:11629 at 18:41:52.550
starting worker pid=9111 on localhost:11629 at 18:41:52.559
starting worker pid=9108 on localhost:11629 at 18:41:52.562
2023-01-17 18:56:58 INFO::After iteration 17, priors {SNP,gene}: {0.000977518255717496,0.00481233053540202}
2023-01-17 18:56:58 INFO::run iteration 18
starting worker pid=9990 on localhost:11629 at 18:56:59.624
starting worker pid=9982 on localhost:11629 at 18:56:59.624
starting worker pid=9985 on localhost:11629 at 18:56:59.624
starting worker pid=9991 on localhost:11629 at 18:56:59.624
starting worker pid=9987 on localhost:11629 at 18:56:59.630
starting worker pid=9988 on localhost:11629 at 18:56:59.631
starting worker pid=9983 on localhost:11629 at 18:56:59.633
starting worker pid=9986 on localhost:11629 at 18:56:59.645
starting worker pid=9984 on localhost:11629 at 18:56:59.647
starting worker pid=9989 on localhost:11629 at 18:56:59.649
2023-01-17 19:12:02 INFO::After iteration 18, priors {SNP,gene}: {0.00095268255791398,0.0050867416342676}
2023-01-17 19:12:04 INFO::run iteration 19
starting worker pid=11085 on localhost:11629 at 19:12:04.692
starting worker pid=11083 on localhost:11629 at 19:12:04.693
starting worker pid=11080 on localhost:11629 at 19:12:04.693
starting worker pid=11079 on localhost:11629 at 19:12:04.693
starting worker pid=11086 on localhost:11629 at 19:12:04.703
starting worker pid=11081 on localhost:11629 at 19:12:04.706
starting worker pid=11082 on localhost:11629 at 19:12:04.707
starting worker pid=11084 on localhost:11629 at 19:12:04.707
starting worker pid=11088 on localhost:11629 at 19:12:04.712
starting worker pid=11087 on localhost:11629 at 19:12:04.732
2023-01-17 19:27:19 INFO::After iteration 19, priors {SNP,gene}: {0.000929037413399822,0.00535789776468118}
2023-01-17 19:27:20 INFO::run iteration 20
starting worker pid=11953 on localhost:11629 at 19:27:20.731
starting worker pid=11952 on localhost:11629 at 19:27:20.731
starting worker pid=11951 on localhost:11629 at 19:27:20.731
starting worker pid=11955 on localhost:11629 at 19:27:20.732
starting worker pid=11950 on localhost:11629 at 19:27:20.735
starting worker pid=11957 on localhost:11629 at 19:27:20.736
starting worker pid=11948 on localhost:11629 at 19:27:20.746
starting worker pid=11956 on localhost:11629 at 19:27:20.755
starting worker pid=11949 on localhost:11629 at 19:27:20.759
starting worker pid=11954 on localhost:11629 at 19:27:20.759
2023-01-17 19:42:37 INFO::After iteration 20, priors {SNP,gene}: {0.00090663109726025,0.0056238987675462}
2023-01-17 19:42:37 INFO::run iteration 21
starting worker pid=12827 on localhost:11629 at 19:42:38.392
starting worker pid=12830 on localhost:11629 at 19:42:38.392
starting worker pid=12823 on localhost:11629 at 19:42:38.392
starting worker pid=12824 on localhost:11629 at 19:42:38.392
starting worker pid=12826 on localhost:11629 at 19:42:38.392
starting worker pid=12832 on localhost:11629 at 19:42:38.392
starting worker pid=12831 on localhost:11629 at 19:42:38.392
starting worker pid=12828 on localhost:11629 at 19:42:38.393
starting worker pid=12829 on localhost:11629 at 19:42:38.393
starting worker pid=12825 on localhost:11629 at 19:42:38.393
2023-01-17 19:57:42 INFO::After iteration 21, priors {SNP,gene}: {0.000885494562577837,0.00588313441952294}
2023-01-17 19:57:43 INFO::run iteration 22
starting worker pid=13754 on localhost:11629 at 19:57:44.116
starting worker pid=13753 on localhost:11629 at 19:57:44.116
starting worker pid=13758 on localhost:11629 at 19:57:44.116
starting worker pid=13751 on localhost:11629 at 19:57:44.116
starting worker pid=13760 on localhost:11629 at 19:57:44.116
starting worker pid=13752 on localhost:11629 at 19:57:44.116
starting worker pid=13755 on localhost:11629 at 19:57:44.116
starting worker pid=13759 on localhost:11629 at 19:57:44.116
starting worker pid=13757 on localhost:11629 at 19:57:44.117
starting worker pid=13756 on localhost:11629 at 19:57:44.117
2023-01-17 20:12:57 INFO::After iteration 22, priors {SNP,gene}: {0.000865641116762544,0.006134266592277}
2023-01-17 20:12:57 INFO::run iteration 23
starting worker pid=14674 on localhost:11629 at 20:12:58.045
starting worker pid=14670 on localhost:11629 at 20:12:58.048
starting worker pid=14676 on localhost:11629 at 20:12:58.049
starting worker pid=14673 on localhost:11629 at 20:12:58.060
starting worker pid=14669 on localhost:11629 at 20:12:58.062
starting worker pid=14675 on localhost:11629 at 20:12:58.062
starting worker pid=14678 on localhost:11629 at 20:12:58.077
starting worker pid=14672 on localhost:11629 at 20:12:58.085
starting worker pid=14671 on localhost:11629 at 20:12:58.099
starting worker pid=14677 on localhost:11629 at 20:12:58.099
2023-01-17 20:28:16 INFO::After iteration 23, priors {SNP,gene}: {0.000847067479292684,0.00637620587506845}
2023-01-17 20:28:17 INFO::run iteration 24
starting worker pid=15546 on localhost:11629 at 20:28:18.519
starting worker pid=15553 on localhost:11629 at 20:28:18.524
starting worker pid=15550 on localhost:11629 at 20:28:18.526
starting worker pid=15548 on localhost:11629 at 20:28:18.540
starting worker pid=15549 on localhost:11629 at 20:28:18.547
starting worker pid=15555 on localhost:11629 at 20:28:18.550
starting worker pid=15551 on localhost:11629 at 20:28:18.566
starting worker pid=15547 on localhost:11629 at 20:28:18.572
starting worker pid=15554 on localhost:11629 at 20:28:18.583
starting worker pid=15552 on localhost:11629 at 20:28:18.583
2023-01-17 20:43:24 INFO::After iteration 24, priors {SNP,gene}: {0.000829750911724224,0.00660769091900229}
2023-01-17 20:43:24 INFO::run iteration 25
starting worker pid=16452 on localhost:11629 at 20:43:25.693
starting worker pid=16455 on localhost:11629 at 20:43:25.693
starting worker pid=16451 on localhost:11629 at 20:43:25.693
starting worker pid=16450 on localhost:11629 at 20:43:25.693
starting worker pid=16449 on localhost:11629 at 20:43:25.693
starting worker pid=16454 on localhost:11629 at 20:43:25.694
starting worker pid=16453 on localhost:11629 at 20:43:25.695
starting worker pid=16456 on localhost:11629 at 20:43:25.699
starting worker pid=16448 on localhost:11629 at 20:43:25.702
starting worker pid=16457 on localhost:11629 at 20:43:25.708
2023-01-17 20:58:28 INFO::After iteration 25, priors {SNP,gene}: {0.000813648652432484,0.00682672634348731}
2023-01-17 20:58:29 INFO::run iteration 26
starting worker pid=17316 on localhost:11629 at 20:58:29.930
starting worker pid=17322 on localhost:11629 at 20:58:29.930
starting worker pid=17315 on localhost:11629 at 20:58:29.931
starting worker pid=17324 on localhost:11629 at 20:58:29.931
starting worker pid=17323 on localhost:11629 at 20:58:29.931
starting worker pid=17317 on localhost:11629 at 20:58:29.931
starting worker pid=17319 on localhost:11629 at 20:58:29.931
starting worker pid=17318 on localhost:11629 at 20:58:29.931
starting worker pid=17321 on localhost:11629 at 20:58:29.931
starting worker pid=17320 on localhost:11629 at 20:58:29.931
2023-01-17 21:13:44 INFO::After iteration 26, priors {SNP,gene}: {0.000798727861183328,0.00703254959765996}
2023-01-17 21:13:44 INFO::run iteration 27
starting worker pid=18379 on localhost:11629 at 21:13:45.312
starting worker pid=18373 on localhost:11629 at 21:13:45.314
starting worker pid=18378 on localhost:11629 at 21:13:45.319
starting worker pid=18374 on localhost:11629 at 21:13:45.321
starting worker pid=18377 on localhost:11629 at 21:13:45.324
starting worker pid=18380 on localhost:11629 at 21:13:45.329
starting worker pid=18372 on localhost:11629 at 21:13:45.330
starting worker pid=18381 on localhost:11629 at 21:13:45.330
starting worker pid=18375 on localhost:11629 at 21:13:45.330
starting worker pid=18376 on localhost:11629 at 21:13:45.330
2023-01-17 21:28:37 INFO::After iteration 27, priors {SNP,gene}: {0.000784944732956594,0.0072249039404036}
2023-01-17 21:28:38 INFO::run iteration 28
starting worker pid=19236 on localhost:11629 at 21:28:38.883
starting worker pid=19233 on localhost:11629 at 21:28:38.883
starting worker pid=19235 on localhost:11629 at 21:28:38.883
starting worker pid=19231 on localhost:11629 at 21:28:38.884
starting worker pid=19232 on localhost:11629 at 21:28:38.884
starting worker pid=19228 on localhost:11629 at 21:28:38.884
starting worker pid=19227 on localhost:11629 at 21:28:38.884
starting worker pid=19234 on localhost:11629 at 21:28:38.884
starting worker pid=19229 on localhost:11629 at 21:28:38.884
starting worker pid=19230 on localhost:11629 at 21:28:38.887
2023-01-17 21:43:45 INFO::After iteration 28, priors {SNP,gene}: {0.000772243488851734,0.00740346420979621}
2023-01-17 21:43:46 INFO::run iteration 29
starting worker pid=20092 on localhost:11629 at 21:43:47.654
starting worker pid=20098 on localhost:11629 at 21:43:47.662
starting worker pid=20095 on localhost:11629 at 21:43:47.663
starting worker pid=20090 on localhost:11629 at 21:43:47.677
starting worker pid=20091 on localhost:11629 at 21:43:47.682
starting worker pid=20099 on localhost:11629 at 21:43:47.682
starting worker pid=20097 on localhost:11629 at 21:43:47.683
starting worker pid=20093 on localhost:11629 at 21:43:47.684
starting worker pid=20094 on localhost:11629 at 21:43:47.685
starting worker pid=20096 on localhost:11629 at 21:43:47.686
2023-01-17 21:58:50 INFO::After iteration 29, priors {SNP,gene}: {0.000760576697066778,0.00756876123851478}
2023-01-17 21:58:51 INFO::run iteration 30
starting worker pid=20950 on localhost:11629 at 21:58:51.986
starting worker pid=20954 on localhost:11629 at 21:58:51.986
starting worker pid=20957 on localhost:11629 at 21:58:51.986
starting worker pid=20953 on localhost:11629 at 21:58:51.986
starting worker pid=20958 on localhost:11629 at 21:58:51.986
starting worker pid=20955 on localhost:11629 at 21:58:51.987
starting worker pid=20949 on localhost:11629 at 21:58:51.987
starting worker pid=20956 on localhost:11629 at 21:58:51.987
starting worker pid=20952 on localhost:11629 at 21:58:51.987
starting worker pid=20951 on localhost:11629 at 21:58:52.000
2023-01-17 22:13:46 INFO::After iteration 30, priors {SNP,gene}: {0.000749892654856896,0.0077213975484507}
2023-01-17 22:13:46 INFO::Run susie for all regions.
2023-01-17 22:13:46 INFO::run iteration 1
starting worker pid=21814 on localhost:11629 at 22:13:47.527
starting worker pid=21808 on localhost:11629 at 22:13:47.528
starting worker pid=21813 on localhost:11629 at 22:13:47.530
starting worker pid=21810 on localhost:11629 at 22:13:47.530
starting worker pid=21812 on localhost:11629 at 22:13:47.530
starting worker pid=21806 on localhost:11629 at 22:13:47.531
starting worker pid=21807 on localhost:11629 at 22:13:47.531
starting worker pid=21809 on localhost:11629 at 22:13:47.531
starting worker pid=21811 on localhost:11629 at 22:13:47.531
starting worker pid=21805 on localhost:11629 at 22:13:47.531
2023-01-17 22:35:56 INFO::After iteration 1, priors {SNP,gene}: {0.00256431173475397,0.0325092352311453}
2023-01-17 22:35:58 INFO::No. LD regions: 1700
2023-01-17 22:36:05 INFO::No. regions with at least one SNP/gene for chr1: 131
2023-01-17 22:36:05 INFO::Merge regions for chr1
2023-01-17 22:36:05 INFO::No. regions with at least one SNP/gene for chr1 after merging: 131
2023-01-17 22:36:11 INFO::No. regions with at least one SNP/gene for chr2: 144
2023-01-17 22:36:11 INFO::Merge regions for chr2
2023-01-17 22:36:11 INFO::No. regions with at least one SNP/gene for chr2 after merging: 144
2023-01-17 22:36:16 INFO::No. regions with at least one SNP/gene for chr3: 122
2023-01-17 22:36:16 INFO::Merge regions for chr3
2023-01-17 22:36:16 INFO::No. regions with at least one SNP/gene for chr3 after merging: 122
2023-01-17 22:36:20 INFO::No. regions with at least one SNP/gene for chr4: 122
2023-01-17 22:36:20 INFO::Merge regions for chr4
2023-01-17 22:36:20 INFO::No. regions with at least one SNP/gene for chr4 after merging: 122
2023-01-17 22:36:25 INFO::No. regions with at least one SNP/gene for chr5: 110
2023-01-17 22:36:25 INFO::Merge regions for chr5
2023-01-17 22:36:25 INFO::No. regions with at least one SNP/gene for chr5 after merging: 110
2023-01-17 22:36:30 INFO::No. regions with at least one SNP/gene for chr6: 112
2023-01-17 22:36:30 INFO::Merge regions for chr6
2023-01-17 22:36:30 INFO::No. regions with at least one SNP/gene for chr6 after merging: 112
2023-01-17 22:36:33 INFO::No. regions with at least one SNP/gene for chr7: 99
2023-01-17 22:36:33 INFO::Merge regions for chr7
2023-01-17 22:36:33 INFO::No. regions with at least one SNP/gene for chr7 after merging: 99
2023-01-17 22:36:36 INFO::No. regions with at least one SNP/gene for chr8: 94
2023-01-17 22:36:36 INFO::Merge regions for chr8
2023-01-17 22:36:36 INFO::No. regions with at least one SNP/gene for chr8 after merging: 94
2023-01-17 22:36:39 INFO::No. regions with at least one SNP/gene for chr9: 74
2023-01-17 22:36:39 INFO::Merge regions for chr9
2023-01-17 22:36:39 INFO::No. regions with at least one SNP/gene for chr9 after merging: 74
2023-01-17 22:36:42 INFO::No. regions with at least one SNP/gene for chr10: 85
2023-01-17 22:36:42 INFO::Merge regions for chr10
2023-01-17 22:36:42 INFO::No. regions with at least one SNP/gene for chr10 after merging: 85
2023-01-17 22:36:45 INFO::No. regions with at least one SNP/gene for chr11: 84
2023-01-17 22:36:45 INFO::Merge regions for chr11
2023-01-17 22:36:45 INFO::No. regions with at least one SNP/gene for chr11 after merging: 84
2023-01-17 22:36:48 INFO::No. regions with at least one SNP/gene for chr12: 82
2023-01-17 22:36:48 INFO::Merge regions for chr12
2023-01-17 22:36:48 INFO::No. regions with at least one SNP/gene for chr12 after merging: 82
2023-01-17 22:36:51 INFO::No. regions with at least one SNP/gene for chr13: 62
2023-01-17 22:36:51 INFO::Merge regions for chr13
2023-01-17 22:36:51 INFO::No. regions with at least one SNP/gene for chr13 after merging: 62
2023-01-17 22:36:53 INFO::No. regions with at least one SNP/gene for chr14: 56
2023-01-17 22:36:53 INFO::Merge regions for chr14
2023-01-17 22:36:53 INFO::No. regions with at least one SNP/gene for chr14 after merging: 56
2023-01-17 22:36:55 INFO::No. regions with at least one SNP/gene for chr15: 50
2023-01-17 22:36:55 INFO::Merge regions for chr15
2023-01-17 22:36:55 INFO::No. regions with at least one SNP/gene for chr15 after merging: 50
2023-01-17 22:36:57 INFO::No. regions with at least one SNP/gene for chr16: 54
2023-01-17 22:36:57 INFO::Merge regions for chr16
2023-01-17 22:36:57 INFO::No. regions with at least one SNP/gene for chr16 after merging: 54
2023-01-17 22:36:59 INFO::No. regions with at least one SNP/gene for chr17: 47
2023-01-17 22:36:59 INFO::Merge regions for chr17
2023-01-17 22:36:59 INFO::No. regions with at least one SNP/gene for chr17 after merging: 47
2023-01-17 22:37:01 INFO::No. regions with at least one SNP/gene for chr18: 47
2023-01-17 22:37:01 INFO::Merge regions for chr18
2023-01-17 22:37:01 INFO::No. regions with at least one SNP/gene for chr18 after merging: 47
2023-01-17 22:37:02 INFO::No. regions with at least one SNP/gene for chr19: 39
2023-01-17 22:37:02 INFO::Merge regions for chr19
2023-01-17 22:37:02 INFO::No. regions with at least one SNP/gene for chr19 after merging: 39
2023-01-17 22:37:05 INFO::No. regions with at least one SNP/gene for chr20: 38
2023-01-17 22:37:05 INFO::Merge regions for chr20
2023-01-17 22:37:05 INFO::No. regions with at least one SNP/gene for chr20 after merging: 38
2023-01-17 22:37:06 INFO::No. regions with at least one SNP/gene for chr21: 24
2023-01-17 22:37:06 INFO::Merge regions for chr21
2023-01-17 22:37:06 INFO::No. regions with at least one SNP/gene for chr21 after merging: 24
2023-01-17 22:37:07 INFO::No. regions with at least one SNP/gene for chr22: 24
2023-01-17 22:37:07 INFO::Merge regions for chr22
2023-01-17 22:37:07 INFO::No. regions with at least one SNP/gene for chr22 after merging: 24
2023-01-17 22:37:07 INFO::Trim regions with SNPs more than 20000
2023-01-17 22:37:07 INFO::Adding R matrix info, as genotype is not given
2023-01-17 22:37:08 INFO::Adding R matrix info for chrom 1
2023-01-17 22:54:37 INFO::Adding R matrix info for chrom 2
2023-01-17 23:11:43 INFO::Adding R matrix info for chrom 3
2023-01-17 23:23:21 INFO::Adding R matrix info for chrom 4
2023-01-17 23:34:53 INFO::Adding R matrix info for chrom 5
2023-01-17 23:46:10 INFO::Adding R matrix info for chrom 6
2023-01-18 00:01:00 INFO::Adding R matrix info for chrom 7
2023-01-18 00:12:41 INFO::Adding R matrix info for chrom 8
2023-01-18 00:23:18 INFO::Adding R matrix info for chrom 9
2023-01-18 00:30:33 INFO::Adding R matrix info for chrom 10
2023-01-18 00:41:19 INFO::Adding R matrix info for chrom 11
2023-01-18 00:53:10 INFO::Adding R matrix info for chrom 12
2023-01-18 01:02:50 INFO::Adding R matrix info for chrom 13
2023-01-18 01:09:10 INFO::Adding R matrix info for chrom 14
2023-01-18 01:15:52 INFO::Adding R matrix info for chrom 15
2023-01-18 01:21:44 INFO::Adding R matrix info for chrom 16
2023-01-18 01:29:13 INFO::Adding R matrix info for chrom 17
2023-01-18 01:37:57 INFO::Adding R matrix info for chrom 18
2023-01-18 01:42:53 INFO::Adding R matrix info for chrom 19
2023-01-18 01:49:49 INFO::Adding R matrix info for chrom 20
2023-01-18 01:55:00 INFO::Adding R matrix info for chrom 21
2023-01-18 01:57:52 INFO::Adding R matrix info for chrom 22
2023-01-18 02:04:38 INFO::Number of regions that contain strong gene signals: 19
2023-01-18 02:04:38 INFO::Rerun susie for regions with strong gene signals using full SNPs.
2023-01-18 02:04:38 INFO::run iteration 1
starting worker pid=33248 on localhost:11629 at 02:04:39.417
2023-01-18 02:13:05 INFO::After iteration 1, priors {SNP,gene}: {0.000433120572998647,0.0335476163562553}
$group_prior
         SNP         gene 
7.498927e-05 7.721398e-03 

$group_prior_var
     SNP     gene 
32.59942 10.29211 

R version 4.1.0 (2021-05-18)
Platform: x86_64-pc-linux-gnu (64-bit)
Running under: CentOS Linux 7 (Core)

Matrix products: default
BLAS/LAPACK: /software/openblas-0.3.13-el7-x86_64/lib/libopenblas_haswellp-r0.3.13.so

locale:
[1] C

attached base packages:
[1] stats     graphics  grDevices utils     datasets  methods   base     

other attached packages:
[1] data.table_1.14.6 ctwas_0.1.35     

loaded via a namespace (and not attached):
 [1] Rcpp_1.0.9        compiler_4.1.0    pillar_1.8.1      iterators_1.0.14 
 [5] tools_4.1.0       bit_4.0.5         RSQLite_2.2.19    memoise_2.0.1    
 [9] lifecycle_1.0.3   tibble_3.1.8      lattice_0.20-44   pkgconfig_2.0.3  
[13] rlang_1.0.6       Matrix_1.3-3      foreach_1.5.2     DBI_1.1.3        
[17] cli_3.4.1         parallel_4.1.0    fastmap_1.1.0     pgenlibr_0.3.2   
[21] vctrs_0.5.1       hms_1.1.2         bit64_4.0.5       grid_4.1.0       
[25] glue_1.6.2        R6_2.5.1          fansi_1.0.3       readr_2.1.3      
[29] tzdb_0.3.0        blob_1.2.3        magrittr_2.0.3    codetools_0.2-18 
[33] ellipsis_0.3.2    logging_0.10-108  utf8_1.2.2        doParallel_1.0.17
[37] cachem_1.0.6      crayon_1.5.2     
