[1] "/project2/xinhe/shengqian/cTWAS/cTWAS_analysis/data/UKBB/LB.txt"              
[2] "/project2/mstephens/wcrouse/UKB_LDR_0.1"                                      
[3] "/project2/compbio/predictdb/mashr_models/mashr_Artery_Coronary.db"            
[4] "/project2/xinhe/shengqian/cTWAS/cTWAS_analysis/code/ctwas_config_b38.R"       
[5] "LB_Artery_Coronary_expr"                                                      
[6] "LB_Artery_Coronary_ctwas"                                                     
[7] "/project2/xinhe/shengqian/cTWAS/cTWAS_analysis/data/TIBETN/LB/Artery_Coronary"
[1] "skip parameter estimation"
[1] "start fine mapping"
2023-11-09 13:50:44 INFO::ctwas started ...
2023-11-09 13:52:13 INFO::LD region file: /home/shengqian/R/x86_64-pc-linux-gnu-library/4.1/ctwas/extdata/ldetect/EUR.b38.bed
2023-11-09 13:52:14 INFO::No. LD regions: 1700
2023-11-09 13:52:21 INFO::No. regions with at least one SNP/gene for chr1: 130
2023-11-09 13:52:21 INFO::No. regions with at least one SNP/gene for chr1 after merging: 130
2023-11-09 13:52:28 INFO::No. regions with at least one SNP/gene for chr2: 143
2023-11-09 13:52:28 INFO::No. regions with at least one SNP/gene for chr2 after merging: 143
2023-11-09 13:52:33 INFO::No. regions with at least one SNP/gene for chr3: 122
2023-11-09 13:52:33 INFO::No. regions with at least one SNP/gene for chr3 after merging: 122
2023-11-09 13:52:38 INFO::No. regions with at least one SNP/gene for chr4: 122
2023-11-09 13:52:38 INFO::No. regions with at least one SNP/gene for chr4 after merging: 122
2023-11-09 13:52:43 INFO::No. regions with at least one SNP/gene for chr5: 110
2023-11-09 13:52:43 INFO::No. regions with at least one SNP/gene for chr5 after merging: 110
2023-11-09 13:52:48 INFO::No. regions with at least one SNP/gene for chr6: 112
2023-11-09 13:52:48 INFO::No. regions with at least one SNP/gene for chr6 after merging: 112
2023-11-09 13:52:52 INFO::No. regions with at least one SNP/gene for chr7: 98
2023-11-09 13:52:52 INFO::No. regions with at least one SNP/gene for chr7 after merging: 98
2023-11-09 13:52:57 INFO::No. regions with at least one SNP/gene for chr8: 94
2023-11-09 13:52:57 INFO::No. regions with at least one SNP/gene for chr8 after merging: 94
2023-11-09 13:52:59 INFO::No. regions with at least one SNP/gene for chr9: 74
2023-11-09 13:52:59 INFO::No. regions with at least one SNP/gene for chr9 after merging: 74
2023-11-09 13:53:02 INFO::No. regions with at least one SNP/gene for chr10: 85
2023-11-09 13:53:02 INFO::No. regions with at least one SNP/gene for chr10 after merging: 85
2023-11-09 13:53:06 INFO::No. regions with at least one SNP/gene for chr11: 84
2023-11-09 13:53:06 INFO::No. regions with at least one SNP/gene for chr11 after merging: 84
2023-11-09 13:53:09 INFO::No. regions with at least one SNP/gene for chr12: 82
2023-11-09 13:53:09 INFO::No. regions with at least one SNP/gene for chr12 after merging: 82
2023-11-09 13:53:12 INFO::No. regions with at least one SNP/gene for chr13: 62
2023-11-09 13:53:12 INFO::No. regions with at least one SNP/gene for chr13 after merging: 62
2023-11-09 13:53:14 INFO::No. regions with at least one SNP/gene for chr14: 56
2023-11-09 13:53:14 INFO::No. regions with at least one SNP/gene for chr14 after merging: 56
2023-11-09 13:53:16 INFO::No. regions with at least one SNP/gene for chr15: 50
2023-11-09 13:53:16 INFO::No. regions with at least one SNP/gene for chr15 after merging: 50
2023-11-09 13:53:18 INFO::No. regions with at least one SNP/gene for chr16: 54
2023-11-09 13:53:18 INFO::No. regions with at least one SNP/gene for chr16 after merging: 54
2023-11-09 13:53:20 INFO::No. regions with at least one SNP/gene for chr17: 47
2023-11-09 13:53:20 INFO::No. regions with at least one SNP/gene for chr17 after merging: 47
2023-11-09 13:53:22 INFO::No. regions with at least one SNP/gene for chr18: 47
2023-11-09 13:53:22 INFO::No. regions with at least one SNP/gene for chr18 after merging: 47
2023-11-09 13:53:24 INFO::No. regions with at least one SNP/gene for chr19: 39
2023-11-09 13:53:24 INFO::No. regions with at least one SNP/gene for chr19 after merging: 39
2023-11-09 13:53:25 INFO::No. regions with at least one SNP/gene for chr20: 38
2023-11-09 13:53:25 INFO::No. regions with at least one SNP/gene for chr20 after merging: 38
2023-11-09 13:53:26 INFO::No. regions with at least one SNP/gene for chr21: 24
2023-11-09 13:53:26 INFO::No. regions with at least one SNP/gene for chr21 after merging: 24
2023-11-09 13:53:27 INFO::No. regions with at least one SNP/gene for chr22: 24
2023-11-09 13:53:27 INFO::No. regions with at least one SNP/gene for chr22 after merging: 24
2023-11-09 13:53:27 INFO::Trim regions with SNPs more than Inf
2023-11-09 13:53:27 INFO::Adding R matrix info, as genotype is not given
starting worker pid=4439 on localhost:11515 at 13:53:27.924
starting worker pid=4443 on localhost:11515 at 13:53:27.924
starting worker pid=4440 on localhost:11515 at 13:53:27.925
starting worker pid=4442 on localhost:11515 at 13:53:27.932
starting worker pid=4441 on localhost:11515 at 13:53:27.934
2023-11-09 13:53:30 INFO::Adding R matrix info for chrom 1 (core 1)
2023-11-09 13:53:30 INFO::Adding R matrix info for chrom 10 (core 4)
2023-11-09 13:53:30 INFO::Adding R matrix info for chrom 6 (core 3)
2023-11-09 13:53:30 INFO::Adding R matrix info for chrom 14 (core 5)
2023-11-09 13:53:30 INFO::Adding R matrix info for chrom 3 (core 2)
2023-11-09 13:55:00 INFO::Adding R matrix info for chrom 15 (core 5)
2023-11-09 14:00:02 INFO::Adding R matrix info for chrom 4 (core 2)
2023-11-09 14:00:08 INFO::Adding R matrix info for chrom 16 (core 5)
2023-11-09 14:00:08 INFO::Adding R matrix info for chrom 7 (core 3)
2023-11-09 14:01:29 INFO::Adding R matrix info for chrom 11 (core 4)
2023-11-09 14:04:41 INFO::Adding R matrix info for chrom 17 (core 5)
2023-11-09 14:07:51 INFO::Adding R matrix info for chrom 2 (core 1)
2023-11-09 14:10:41 INFO::Adding R matrix info for chrom 18 (core 5)
2023-11-09 14:11:00 INFO::Adding R matrix info for chrom 12 (core 4)
2023-11-09 14:12:35 INFO::Adding R matrix info for chrom 8 (core 3)
2023-11-09 14:15:50 INFO::Adding R matrix info for chrom 5 (core 2)
2023-11-09 14:16:09 INFO::Adding R matrix info for chrom 19 (core 5)
2023-11-09 14:20:46 INFO::Adding R matrix info for chrom 13 (core 4)
2023-11-09 14:21:15 INFO::Adding R matrix info for chrom 20 (core 5)
2023-11-09 14:24:50 INFO::Adding R matrix info for chrom 9 (core 3)
2023-11-09 14:24:55 INFO::Adding R matrix info for chrom 3 (core 1)
2023-11-09 14:26:23 INFO::Adding R matrix info for chrom 21 (core 5)
2023-11-09 14:27:39 INFO::Adding R matrix info for chrom 14 (core 4)
2023-11-09 14:28:44 INFO::Adding R matrix info for chrom 22 (core 5)
2023-11-09 14:29:04 INFO::Adding R matrix info for chrom 6 (core 2)
2023-11-09 14:34:16 INFO::Adding R matrix info for chrom 10 (core 3)
2023-11-09 14:36:19 INFO::Run susie for all regions.
2023-11-09 14:36:20 INFO::run iteration 1
starting worker pid=8276 on localhost:11515 at 14:36:22.367
starting worker pid=8283 on localhost:11515 at 14:36:22.367
starting worker pid=8275 on localhost:11515 at 14:36:22.367
starting worker pid=8274 on localhost:11515 at 14:36:22.367
starting worker pid=8278 on localhost:11515 at 14:36:22.367
starting worker pid=8280 on localhost:11515 at 14:36:22.367
starting worker pid=8281 on localhost:11515 at 14:36:22.369
starting worker pid=8282 on localhost:11515 at 14:36:22.369
starting worker pid=8279 on localhost:11515 at 14:36:22.370
starting worker pid=8277 on localhost:11515 at 14:36:22.375
2023-11-09 14:40:42 INFO::No. LD regions: 1700
2023-11-09 14:40:50 INFO::No. regions with at least one SNP/gene for chr1: 130
2023-11-09 14:40:50 INFO::No. regions with at least one SNP/gene for chr1 after merging: 130
2023-11-09 14:40:59 INFO::No. regions with at least one SNP/gene for chr2: 144
2023-11-09 14:40:59 INFO::No. regions with at least one SNP/gene for chr2 after merging: 144
2023-11-09 14:41:05 INFO::No. regions with at least one SNP/gene for chr3: 122
2023-11-09 14:41:05 INFO::No. regions with at least one SNP/gene for chr3 after merging: 122
2023-11-09 14:41:13 INFO::No. regions with at least one SNP/gene for chr4: 122
2023-11-09 14:41:13 INFO::No. regions with at least one SNP/gene for chr4 after merging: 122
2023-11-09 14:41:19 INFO::No. regions with at least one SNP/gene for chr5: 110
2023-11-09 14:41:19 INFO::No. regions with at least one SNP/gene for chr5 after merging: 110
2023-11-09 14:41:26 INFO::No. regions with at least one SNP/gene for chr6: 112
2023-11-09 14:41:26 INFO::No. regions with at least one SNP/gene for chr6 after merging: 112
2023-11-09 14:41:32 INFO::No. regions with at least one SNP/gene for chr7: 99
2023-11-09 14:41:32 INFO::No. regions with at least one SNP/gene for chr7 after merging: 99
2023-11-09 14:41:38 INFO::No. regions with at least one SNP/gene for chr8: 94
2023-11-09 14:41:38 INFO::No. regions with at least one SNP/gene for chr8 after merging: 94
2023-11-09 14:41:42 INFO::No. regions with at least one SNP/gene for chr9: 74
2023-11-09 14:41:42 INFO::No. regions with at least one SNP/gene for chr9 after merging: 74
2023-11-09 14:41:47 INFO::No. regions with at least one SNP/gene for chr10: 85
2023-11-09 14:41:47 INFO::No. regions with at least one SNP/gene for chr10 after merging: 85
2023-11-09 14:41:51 INFO::No. regions with at least one SNP/gene for chr11: 84
2023-11-09 14:41:51 INFO::No. regions with at least one SNP/gene for chr11 after merging: 84
2023-11-09 14:41:56 INFO::No. regions with at least one SNP/gene for chr12: 82
2023-11-09 14:41:56 INFO::No. regions with at least one SNP/gene for chr12 after merging: 82
2023-11-09 14:42:00 INFO::No. regions with at least one SNP/gene for chr13: 62
2023-11-09 14:42:00 INFO::No. regions with at least one SNP/gene for chr13 after merging: 62
2023-11-09 14:42:03 INFO::No. regions with at least one SNP/gene for chr14: 56
2023-11-09 14:42:03 INFO::No. regions with at least one SNP/gene for chr14 after merging: 56
2023-11-09 14:42:05 INFO::No. regions with at least one SNP/gene for chr15: 50
2023-11-09 14:42:05 INFO::No. regions with at least one SNP/gene for chr15 after merging: 50
2023-11-09 14:42:07 INFO::No. regions with at least one SNP/gene for chr16: 54
2023-11-09 14:42:07 INFO::No. regions with at least one SNP/gene for chr16 after merging: 54
2023-11-09 14:42:09 INFO::No. regions with at least one SNP/gene for chr17: 47
2023-11-09 14:42:09 INFO::No. regions with at least one SNP/gene for chr17 after merging: 47
2023-11-09 14:42:10 INFO::No. regions with at least one SNP/gene for chr18: 47
2023-11-09 14:42:10 INFO::No. regions with at least one SNP/gene for chr18 after merging: 47
2023-11-09 14:42:12 INFO::No. regions with at least one SNP/gene for chr19: 39
2023-11-09 14:42:12 INFO::No. regions with at least one SNP/gene for chr19 after merging: 39
2023-11-09 14:42:14 INFO::No. regions with at least one SNP/gene for chr20: 38
2023-11-09 14:42:14 INFO::No. regions with at least one SNP/gene for chr20 after merging: 38
2023-11-09 14:42:14 INFO::No. regions with at least one SNP/gene for chr21: 24
2023-11-09 14:42:14 INFO::No. regions with at least one SNP/gene for chr21 after merging: 24
2023-11-09 14:42:15 INFO::No. regions with at least one SNP/gene for chr22: 24
2023-11-09 14:42:15 INFO::No. regions with at least one SNP/gene for chr22 after merging: 24
2023-11-09 14:42:15 INFO::Trim regions with SNPs more than 20000
2023-11-09 14:42:15 INFO::Adding R matrix info, as genotype is not given
starting worker pid=8967 on localhost:11515 at 14:42:16.395
starting worker pid=8965 on localhost:11515 at 14:42:16.395
starting worker pid=8966 on localhost:11515 at 14:42:16.395
starting worker pid=8969 on localhost:11515 at 14:42:16.395
starting worker pid=8968 on localhost:11515 at 14:42:16.395
2023-11-09 14:42:33 INFO::Adding R matrix info for chrom 3 (core 2)
2023-11-09 14:42:33 INFO::Adding R matrix info for chrom 14 (core 5)
2023-11-09 14:42:33 INFO::Adding R matrix info for chrom 10 (core 4)
2023-11-09 14:42:33 INFO::Adding R matrix info for chrom 1 (core 1)
2023-11-09 14:42:33 INFO::Adding R matrix info for chrom 6 (core 3)
2023-11-09 14:44:31 INFO::Adding R matrix info for chrom 15 (core 5)
2023-11-09 14:49:30 INFO::Adding R matrix info for chrom 7 (core 3)
2023-11-09 14:50:05 INFO::Adding R matrix info for chrom 16 (core 5)
2023-11-09 14:50:40 INFO::Adding R matrix info for chrom 4 (core 2)
2023-11-09 14:52:20 INFO::Adding R matrix info for chrom 11 (core 4)
2023-11-09 14:55:07 INFO::Adding R matrix info for chrom 17 (core 5)
2023-11-09 14:58:14 INFO::Adding R matrix info for chrom 2 (core 1)
2023-11-09 15:01:47 INFO::Adding R matrix info for chrom 18 (core 5)
2023-11-09 15:01:59 INFO::Adding R matrix info for chrom 8 (core 3)
2023-11-09 15:02:54 INFO::Adding R matrix info for chrom 12 (core 4)
2023-11-09 15:07:41 INFO::Adding R matrix info for chrom 19 (core 5)
2023-11-09 15:09:16 INFO::Adding R matrix info for chrom 5 (core 2)
2023-11-09 15:13:20 INFO::Adding R matrix info for chrom 20 (core 5)
2023-11-09 15:13:33 INFO::Adding R matrix info for chrom 13 (core 4)
2023-11-09 15:14:10 INFO::Adding R matrix info for chrom 9 (core 3)
2023-11-09 15:16:23 INFO::Adding R matrix info for chrom 3 (core 1)
2023-11-09 15:18:51 INFO::Adding R matrix info for chrom 21 (core 5)
2023-11-09 15:20:55 INFO::Adding R matrix info for chrom 14 (core 4)
2023-11-09 15:21:18 INFO::Adding R matrix info for chrom 22 (core 5)
2023-11-09 15:23:28 INFO::Adding R matrix info for chrom 10 (core 3)
2023-11-09 15:24:37 INFO::Adding R matrix info for chrom 6 (core 2)
2023-11-09 15:33:27 INFO::Number of regions that contain strong gene signals: 0
$group_prior
         SNP         gene 
0.0003776505 0.0042845131 

$group_prior_var
      SNP      gene 
0.6780277 0.4535476 

R version 4.1.0 (2021-05-18)
Platform: x86_64-pc-linux-gnu (64-bit)
Running under: CentOS Linux 7 (Core)

Matrix products: default
BLAS/LAPACK: /software/openblas-0.3.13-el7-x86_64/lib/libopenblas_haswellp-r0.3.13.so

locale:
[1] C

attached base packages:
[1] stats     graphics  grDevices utils     datasets  methods   base     

other attached packages:
[1] data.table_1.14.6 ctwas_0.1.40     

loaded via a namespace (and not attached):
 [1] Rcpp_1.0.9        pgenlibr_0.3.2    magrittr_2.0.3    hms_1.1.2        
 [5] doParallel_1.0.17 lattice_0.20-44   R6_2.5.1          rlang_1.1.1      
 [9] foreach_1.5.2     fansi_1.0.3       tools_4.1.0       parallel_4.1.0   
[13] grid_4.1.0        logging_0.10-108  utf8_1.2.2        cli_3.6.1        
[17] iterators_1.0.14  ellipsis_0.3.2    tibble_3.1.8      lifecycle_1.0.3  
[21] crayon_1.5.2      Matrix_1.3-3      readr_2.1.3       tzdb_0.3.0       
[25] vctrs_0.6.3       codetools_0.2-18  glue_1.6.2        compiler_4.1.0   
[29] pillar_1.8.1      pkgconfig_2.0.3  
