[1] "/project2/xinhe/shengqian/cTWAS/cTWAS_analysis/data/UKBB/LB.txt"       
[2] "/project2/mstephens/wcrouse/UKB_LDR_0.1"                               
[3] "/project2/compbio/predictdb/mashr_models/mashr_Lung.db"                
[4] "/project2/xinhe/shengqian/cTWAS/cTWAS_analysis/code/ctwas_config_b38.R"
[5] "LB_Lung_expr"                                                          
[6] "LB_Lung_ctwas"                                                         
[7] "/project2/xinhe/shengqian/cTWAS/cTWAS_analysis/data/TIBETN/LB/Lung"    
[1] "skip parameter estimation"
[1] "start fine mapping"
2023-11-09 13:51:34 INFO::ctwas started ...
2023-11-09 13:52:06 INFO::LD region file: /home/shengqian/R/x86_64-pc-linux-gnu-library/4.1/ctwas/extdata/ldetect/EUR.b38.bed
2023-11-09 13:52:10 INFO::No. LD regions: 1700
2023-11-09 13:52:17 INFO::No. regions with at least one SNP/gene for chr1: 130
2023-11-09 13:52:17 INFO::No. regions with at least one SNP/gene for chr1 after merging: 130
2023-11-09 13:52:25 INFO::No. regions with at least one SNP/gene for chr2: 143
2023-11-09 13:52:25 INFO::No. regions with at least one SNP/gene for chr2 after merging: 143
2023-11-09 13:52:30 INFO::No. regions with at least one SNP/gene for chr3: 122
2023-11-09 13:52:30 INFO::No. regions with at least one SNP/gene for chr3 after merging: 122
2023-11-09 13:52:35 INFO::No. regions with at least one SNP/gene for chr4: 122
2023-11-09 13:52:35 INFO::No. regions with at least one SNP/gene for chr4 after merging: 122
2023-11-09 13:52:40 INFO::No. regions with at least one SNP/gene for chr5: 110
2023-11-09 13:52:40 INFO::No. regions with at least one SNP/gene for chr5 after merging: 110
2023-11-09 13:52:45 INFO::No. regions with at least one SNP/gene for chr6: 112
2023-11-09 13:52:45 INFO::No. regions with at least one SNP/gene for chr6 after merging: 112
2023-11-09 13:52:49 INFO::No. regions with at least one SNP/gene for chr7: 98
2023-11-09 13:52:49 INFO::No. regions with at least one SNP/gene for chr7 after merging: 98
2023-11-09 13:52:54 INFO::No. regions with at least one SNP/gene for chr8: 94
2023-11-09 13:52:54 INFO::No. regions with at least one SNP/gene for chr8 after merging: 94
2023-11-09 13:52:56 INFO::No. regions with at least one SNP/gene for chr9: 74
2023-11-09 13:52:56 INFO::No. regions with at least one SNP/gene for chr9 after merging: 74
2023-11-09 13:53:00 INFO::No. regions with at least one SNP/gene for chr10: 85
2023-11-09 13:53:00 INFO::No. regions with at least one SNP/gene for chr10 after merging: 85
2023-11-09 13:53:04 INFO::No. regions with at least one SNP/gene for chr11: 84
2023-11-09 13:53:04 INFO::No. regions with at least one SNP/gene for chr11 after merging: 84
2023-11-09 13:53:08 INFO::No. regions with at least one SNP/gene for chr12: 82
2023-11-09 13:53:08 INFO::No. regions with at least one SNP/gene for chr12 after merging: 82
2023-11-09 13:53:10 INFO::No. regions with at least one SNP/gene for chr13: 62
2023-11-09 13:53:10 INFO::No. regions with at least one SNP/gene for chr13 after merging: 62
2023-11-09 13:53:12 INFO::No. regions with at least one SNP/gene for chr14: 56
2023-11-09 13:53:12 INFO::No. regions with at least one SNP/gene for chr14 after merging: 56
2023-11-09 13:53:14 INFO::No. regions with at least one SNP/gene for chr15: 50
2023-11-09 13:53:14 INFO::No. regions with at least one SNP/gene for chr15 after merging: 50
2023-11-09 13:53:16 INFO::No. regions with at least one SNP/gene for chr16: 54
2023-11-09 13:53:16 INFO::No. regions with at least one SNP/gene for chr16 after merging: 54
2023-11-09 13:53:18 INFO::No. regions with at least one SNP/gene for chr17: 47
2023-11-09 13:53:18 INFO::No. regions with at least one SNP/gene for chr17 after merging: 47
2023-11-09 13:53:21 INFO::No. regions with at least one SNP/gene for chr18: 47
2023-11-09 13:53:21 INFO::No. regions with at least one SNP/gene for chr18 after merging: 47
2023-11-09 13:53:23 INFO::No. regions with at least one SNP/gene for chr19: 39
2023-11-09 13:53:23 INFO::No. regions with at least one SNP/gene for chr19 after merging: 39
2023-11-09 13:53:24 INFO::No. regions with at least one SNP/gene for chr20: 38
2023-11-09 13:53:24 INFO::No. regions with at least one SNP/gene for chr20 after merging: 38
2023-11-09 13:53:25 INFO::No. regions with at least one SNP/gene for chr21: 24
2023-11-09 13:53:25 INFO::No. regions with at least one SNP/gene for chr21 after merging: 24
2023-11-09 13:53:26 INFO::No. regions with at least one SNP/gene for chr22: 24
2023-11-09 13:53:26 INFO::No. regions with at least one SNP/gene for chr22 after merging: 24
2023-11-09 13:53:26 INFO::Trim regions with SNPs more than Inf
2023-11-09 13:53:26 INFO::Adding R matrix info, as genotype is not given
starting worker pid=40824 on localhost:11513 at 13:53:27.023
starting worker pid=40822 on localhost:11513 at 13:53:27.053
starting worker pid=40821 on localhost:11513 at 13:53:27.054
starting worker pid=40825 on localhost:11513 at 13:53:27.054
starting worker pid=40823 on localhost:11513 at 13:53:27.056
2023-11-09 13:53:29 INFO::Adding R matrix info for chrom 14 (core 5)
2023-11-09 13:53:29 INFO::Adding R matrix info for chrom 10 (core 4)
2023-11-09 13:53:29 INFO::Adding R matrix info for chrom 3 (core 2)
2023-11-09 13:53:29 INFO::Adding R matrix info for chrom 6 (core 3)
2023-11-09 13:53:29 INFO::Adding R matrix info for chrom 1 (core 1)
2023-11-09 13:55:20 INFO::Adding R matrix info for chrom 15 (core 5)
2023-11-09 14:01:03 INFO::Adding R matrix info for chrom 7 (core 3)
2023-11-09 14:01:20 INFO::Adding R matrix info for chrom 16 (core 5)
2023-11-09 14:01:41 INFO::Adding R matrix info for chrom 4 (core 2)
2023-11-09 14:02:58 INFO::Adding R matrix info for chrom 11 (core 4)
2023-11-09 14:06:29 INFO::Adding R matrix info for chrom 17 (core 5)
2023-11-09 14:08:34 INFO::Adding R matrix info for chrom 2 (core 1)
2023-11-09 14:13:20 INFO::Adding R matrix info for chrom 8 (core 3)
2023-11-09 14:13:26 INFO::Adding R matrix info for chrom 18 (core 5)
2023-11-09 14:13:53 INFO::Adding R matrix info for chrom 12 (core 4)
2023-11-09 14:19:26 INFO::Adding R matrix info for chrom 19 (core 5)
2023-11-09 14:20:43 INFO::Adding R matrix info for chrom 5 (core 2)
2023-11-09 14:25:02 INFO::Adding R matrix info for chrom 13 (core 4)
2023-11-09 14:25:08 INFO::Adding R matrix info for chrom 9 (core 3)
2023-11-09 14:25:15 INFO::Adding R matrix info for chrom 20 (core 5)
2023-11-09 14:26:16 INFO::Adding R matrix info for chrom 3 (core 1)
2023-11-09 14:31:02 INFO::Adding R matrix info for chrom 21 (core 5)
2023-11-09 14:32:49 INFO::Adding R matrix info for chrom 14 (core 4)
2023-11-09 14:33:36 INFO::Adding R matrix info for chrom 22 (core 5)
2023-11-09 14:34:18 INFO::Adding R matrix info for chrom 10 (core 3)
2023-11-09 14:36:45 INFO::Adding R matrix info for chrom 6 (core 2)
2023-11-09 14:45:13 INFO::Run susie for all regions.
2023-11-09 14:45:13 INFO::run iteration 1
starting worker pid=45337 on localhost:11513 at 14:45:13.845
starting worker pid=45342 on localhost:11513 at 14:45:13.845
starting worker pid=45339 on localhost:11513 at 14:45:13.846
starting worker pid=45343 on localhost:11513 at 14:45:13.846
starting worker pid=45346 on localhost:11513 at 14:45:13.846
starting worker pid=45344 on localhost:11513 at 14:45:13.847
starting worker pid=45341 on localhost:11513 at 14:45:13.847
starting worker pid=45338 on localhost:11513 at 14:45:13.847
starting worker pid=45345 on localhost:11513 at 14:45:13.847
starting worker pid=45340 on localhost:11513 at 14:45:13.848
2023-11-09 14:49:30 INFO::No. LD regions: 1700
2023-11-09 14:49:39 INFO::No. regions with at least one SNP/gene for chr1: 130
2023-11-09 14:49:39 INFO::No. regions with at least one SNP/gene for chr1 after merging: 130
2023-11-09 14:49:46 INFO::No. regions with at least one SNP/gene for chr2: 144
2023-11-09 14:49:46 INFO::No. regions with at least one SNP/gene for chr2 after merging: 144
2023-11-09 14:49:50 INFO::No. regions with at least one SNP/gene for chr3: 122
2023-11-09 14:49:50 INFO::No. regions with at least one SNP/gene for chr3 after merging: 122
2023-11-09 14:49:56 INFO::No. regions with at least one SNP/gene for chr4: 122
2023-11-09 14:49:56 INFO::No. regions with at least one SNP/gene for chr4 after merging: 122
2023-11-09 14:50:01 INFO::No. regions with at least one SNP/gene for chr5: 110
2023-11-09 14:50:01 INFO::No. regions with at least one SNP/gene for chr5 after merging: 110
2023-11-09 14:50:08 INFO::No. regions with at least one SNP/gene for chr6: 112
2023-11-09 14:50:08 INFO::No. regions with at least one SNP/gene for chr6 after merging: 112
2023-11-09 14:50:12 INFO::No. regions with at least one SNP/gene for chr7: 99
2023-11-09 14:50:12 INFO::No. regions with at least one SNP/gene for chr7 after merging: 99
2023-11-09 14:50:17 INFO::No. regions with at least one SNP/gene for chr8: 94
2023-11-09 14:50:17 INFO::No. regions with at least one SNP/gene for chr8 after merging: 94
2023-11-09 14:50:21 INFO::No. regions with at least one SNP/gene for chr9: 74
2023-11-09 14:50:21 INFO::No. regions with at least one SNP/gene for chr9 after merging: 74
2023-11-09 14:50:25 INFO::No. regions with at least one SNP/gene for chr10: 85
2023-11-09 14:50:25 INFO::No. regions with at least one SNP/gene for chr10 after merging: 85
2023-11-09 14:50:29 INFO::No. regions with at least one SNP/gene for chr11: 84
2023-11-09 14:50:29 INFO::No. regions with at least one SNP/gene for chr11 after merging: 84
2023-11-09 14:50:33 INFO::No. regions with at least one SNP/gene for chr12: 82
2023-11-09 14:50:33 INFO::No. regions with at least one SNP/gene for chr12 after merging: 82
2023-11-09 14:50:34 INFO::No. regions with at least one SNP/gene for chr13: 62
2023-11-09 14:50:34 INFO::No. regions with at least one SNP/gene for chr13 after merging: 62
2023-11-09 14:50:36 INFO::No. regions with at least one SNP/gene for chr14: 56
2023-11-09 14:50:36 INFO::No. regions with at least one SNP/gene for chr14 after merging: 56
2023-11-09 14:50:37 INFO::No. regions with at least one SNP/gene for chr15: 50
2023-11-09 14:50:37 INFO::No. regions with at least one SNP/gene for chr15 after merging: 50
2023-11-09 14:50:39 INFO::No. regions with at least one SNP/gene for chr16: 54
2023-11-09 14:50:39 INFO::No. regions with at least one SNP/gene for chr16 after merging: 54
2023-11-09 14:50:40 INFO::No. regions with at least one SNP/gene for chr17: 47
2023-11-09 14:50:40 INFO::No. regions with at least one SNP/gene for chr17 after merging: 47
2023-11-09 14:50:42 INFO::No. regions with at least one SNP/gene for chr18: 47
2023-11-09 14:50:42 INFO::No. regions with at least one SNP/gene for chr18 after merging: 47
2023-11-09 14:50:43 INFO::No. regions with at least one SNP/gene for chr19: 39
2023-11-09 14:50:43 INFO::No. regions with at least one SNP/gene for chr19 after merging: 39
2023-11-09 14:50:44 INFO::No. regions with at least one SNP/gene for chr20: 38
2023-11-09 14:50:44 INFO::No. regions with at least one SNP/gene for chr20 after merging: 38
2023-11-09 14:50:45 INFO::No. regions with at least one SNP/gene for chr21: 24
2023-11-09 14:50:45 INFO::No. regions with at least one SNP/gene for chr21 after merging: 24
2023-11-09 14:50:45 INFO::No. regions with at least one SNP/gene for chr22: 24
2023-11-09 14:50:45 INFO::No. regions with at least one SNP/gene for chr22 after merging: 24
2023-11-09 14:50:45 INFO::Trim regions with SNPs more than 20000
2023-11-09 14:50:45 INFO::Adding R matrix info, as genotype is not given
starting worker pid=45970 on localhost:11513 at 14:50:46.966
starting worker pid=45972 on localhost:11513 at 14:50:46.966
starting worker pid=45971 on localhost:11513 at 14:50:46.967
starting worker pid=45968 on localhost:11513 at 14:50:46.967
starting worker pid=45969 on localhost:11513 at 14:50:46.967
2023-11-09 14:51:05 INFO::Adding R matrix info for chrom 10 (core 4)
2023-11-09 14:51:05 INFO::Adding R matrix info for chrom 3 (core 2)
2023-11-09 14:51:05 INFO::Adding R matrix info for chrom 1 (core 1)
2023-11-09 14:51:05 INFO::Adding R matrix info for chrom 14 (core 5)
2023-11-09 14:51:05 INFO::Adding R matrix info for chrom 6 (core 3)
2023-11-09 14:53:26 INFO::Adding R matrix info for chrom 15 (core 5)
2023-11-09 14:57:42 INFO::Adding R matrix info for chrom 7 (core 3)
2023-11-09 15:00:03 INFO::Adding R matrix info for chrom 16 (core 5)
2023-11-09 15:00:18 INFO::Adding R matrix info for chrom 4 (core 2)
2023-11-09 15:02:10 INFO::Adding R matrix info for chrom 11 (core 4)
2023-11-09 15:05:56 INFO::Adding R matrix info for chrom 17 (core 5)
2023-11-09 15:10:00 INFO::Adding R matrix info for chrom 8 (core 3)
2023-11-09 15:10:43 INFO::Adding R matrix info for chrom 2 (core 1)
2023-11-09 15:13:41 INFO::Adding R matrix info for chrom 18 (core 5)
2023-11-09 15:14:22 INFO::Adding R matrix info for chrom 12 (core 4)
2023-11-09 15:20:27 INFO::Adding R matrix info for chrom 19 (core 5)
2023-11-09 15:22:24 INFO::Adding R matrix info for chrom 9 (core 3)
2023-11-09 15:22:26 INFO::Adding R matrix info for chrom 5 (core 2)
2023-11-09 15:27:06 INFO::Adding R matrix info for chrom 20 (core 5)
2023-11-09 15:27:09 INFO::Adding R matrix info for chrom 13 (core 4)
2023-11-09 15:32:10 INFO::Adding R matrix info for chrom 10 (core 3)
2023-11-09 15:33:55 INFO::Adding R matrix info for chrom 21 (core 5)
2023-11-09 15:34:20 INFO::Adding R matrix info for chrom 3 (core 1)
2023-11-09 15:35:56 INFO::Adding R matrix info for chrom 14 (core 4)
2023-11-09 15:36:56 INFO::Adding R matrix info for chrom 22 (core 5)
2023-11-09 15:40:35 INFO::Adding R matrix info for chrom 6 (core 2)
2023-11-09 15:50:15 INFO::Number of regions that contain strong gene signals: 0
$group_prior
         SNP         gene 
0.0003735711 0.0053237254 

$group_prior_var
      SNP      gene 
0.6873265 1.3208941 

R version 4.1.0 (2021-05-18)
Platform: x86_64-pc-linux-gnu (64-bit)
Running under: CentOS Linux 7 (Core)

Matrix products: default
BLAS/LAPACK: /software/openblas-0.3.13-el7-x86_64/lib/libopenblas_haswellp-r0.3.13.so

locale:
[1] C

attached base packages:
[1] stats     graphics  grDevices utils     datasets  methods   base     

other attached packages:
[1] data.table_1.14.6 ctwas_0.1.40     

loaded via a namespace (and not attached):
 [1] Rcpp_1.0.9        pgenlibr_0.3.2    magrittr_2.0.3    hms_1.1.2        
 [5] doParallel_1.0.17 lattice_0.20-44   R6_2.5.1          rlang_1.1.1      
 [9] foreach_1.5.2     fansi_1.0.3       tools_4.1.0       parallel_4.1.0   
[13] grid_4.1.0        logging_0.10-108  utf8_1.2.2        cli_3.6.1        
[17] iterators_1.0.14  ellipsis_0.3.2    tibble_3.1.8      lifecycle_1.0.3  
[21] crayon_1.5.2      Matrix_1.3-3      readr_2.1.3       tzdb_0.3.0       
[25] vctrs_0.6.3       codetools_0.2-18  glue_1.6.2        compiler_4.1.0   
[29] pillar_1.8.1      pkgconfig_2.0.3  
