[1] "/project2/xinhe/shengqian/cTWAS/cTWAS_analysis/data/UKBB/MC.txt"              
[2] "/project2/mstephens/wcrouse/UKB_LDR_0.1"                                      
[3] "/project2/compbio/predictdb/mashr_models/mashr_Artery_Coronary.db"            
[4] "/project2/xinhe/shengqian/cTWAS/cTWAS_analysis/code/ctwas_config_b38.R"       
[5] "MC_Artery_Coronary_expr"                                                      
[6] "MC_Artery_Coronary_ctwas"                                                     
[7] "/project2/xinhe/shengqian/cTWAS/cTWAS_analysis/data/TIBETN/MC/Artery_Coronary"
[1] "skip parameter estimation"
[1] "start fine mapping"
2023-10-29 22:09:15 INFO::ctwas started ...
2023-10-29 22:10:19 INFO::LD region file: /home/shengqian/R/x86_64-pc-linux-gnu-library/4.1/ctwas/extdata/ldetect/EUR.b38.bed
2023-10-29 22:10:21 INFO::No. LD regions: 1700
2023-10-29 22:10:27 INFO::No. regions with at least one SNP/gene for chr1: 130
2023-10-29 22:10:27 INFO::No. regions with at least one SNP/gene for chr1 after merging: 130
2023-10-29 22:10:34 INFO::No. regions with at least one SNP/gene for chr2: 143
2023-10-29 22:10:34 INFO::No. regions with at least one SNP/gene for chr2 after merging: 143
2023-10-29 22:10:39 INFO::No. regions with at least one SNP/gene for chr3: 122
2023-10-29 22:10:39 INFO::No. regions with at least one SNP/gene for chr3 after merging: 122
2023-10-29 22:10:46 INFO::No. regions with at least one SNP/gene for chr4: 122
2023-10-29 22:10:46 INFO::No. regions with at least one SNP/gene for chr4 after merging: 122
2023-10-29 22:10:51 INFO::No. regions with at least one SNP/gene for chr5: 110
2023-10-29 22:10:51 INFO::No. regions with at least one SNP/gene for chr5 after merging: 110
2023-10-29 22:10:57 INFO::No. regions with at least one SNP/gene for chr6: 112
2023-10-29 22:10:57 INFO::No. regions with at least one SNP/gene for chr6 after merging: 112
2023-10-29 22:11:02 INFO::No. regions with at least one SNP/gene for chr7: 98
2023-10-29 22:11:02 INFO::No. regions with at least one SNP/gene for chr7 after merging: 98
2023-10-29 22:11:06 INFO::No. regions with at least one SNP/gene for chr8: 94
2023-10-29 22:11:06 INFO::No. regions with at least one SNP/gene for chr8 after merging: 94
2023-10-29 22:11:10 INFO::No. regions with at least one SNP/gene for chr9: 74
2023-10-29 22:11:10 INFO::No. regions with at least one SNP/gene for chr9 after merging: 74
2023-10-29 22:11:14 INFO::No. regions with at least one SNP/gene for chr10: 85
2023-10-29 22:11:14 INFO::No. regions with at least one SNP/gene for chr10 after merging: 85
2023-10-29 22:11:18 INFO::No. regions with at least one SNP/gene for chr11: 84
2023-10-29 22:11:18 INFO::No. regions with at least one SNP/gene for chr11 after merging: 84
2023-10-29 22:11:22 INFO::No. regions with at least one SNP/gene for chr12: 82
2023-10-29 22:11:22 INFO::No. regions with at least one SNP/gene for chr12 after merging: 82
2023-10-29 22:11:25 INFO::No. regions with at least one SNP/gene for chr13: 62
2023-10-29 22:11:25 INFO::No. regions with at least one SNP/gene for chr13 after merging: 62
2023-10-29 22:11:28 INFO::No. regions with at least one SNP/gene for chr14: 56
2023-10-29 22:11:28 INFO::No. regions with at least one SNP/gene for chr14 after merging: 56
2023-10-29 22:11:32 INFO::No. regions with at least one SNP/gene for chr15: 50
2023-10-29 22:11:32 INFO::No. regions with at least one SNP/gene for chr15 after merging: 50
2023-10-29 22:11:33 INFO::No. regions with at least one SNP/gene for chr16: 54
2023-10-29 22:11:33 INFO::No. regions with at least one SNP/gene for chr16 after merging: 54
2023-10-29 22:11:34 INFO::No. regions with at least one SNP/gene for chr17: 47
2023-10-29 22:11:34 INFO::No. regions with at least one SNP/gene for chr17 after merging: 47
2023-10-29 22:11:36 INFO::No. regions with at least one SNP/gene for chr18: 47
2023-10-29 22:11:36 INFO::No. regions with at least one SNP/gene for chr18 after merging: 47
2023-10-29 22:11:37 INFO::No. regions with at least one SNP/gene for chr19: 39
2023-10-29 22:11:37 INFO::No. regions with at least one SNP/gene for chr19 after merging: 39
2023-10-29 22:11:38 INFO::No. regions with at least one SNP/gene for chr20: 38
2023-10-29 22:11:38 INFO::No. regions with at least one SNP/gene for chr20 after merging: 38
2023-10-29 22:11:39 INFO::No. regions with at least one SNP/gene for chr21: 24
2023-10-29 22:11:39 INFO::No. regions with at least one SNP/gene for chr21 after merging: 24
2023-10-29 22:11:39 INFO::No. regions with at least one SNP/gene for chr22: 24
2023-10-29 22:11:39 INFO::No. regions with at least one SNP/gene for chr22 after merging: 24
2023-10-29 22:11:39 INFO::Trim regions with SNPs more than Inf
2023-10-29 22:11:39 INFO::Adding R matrix info, as genotype is not given
starting worker pid=47322 on localhost:11157 at 22:11:40.460
starting worker pid=47319 on localhost:11157 at 22:11:40.461
starting worker pid=47323 on localhost:11157 at 22:11:40.461
starting worker pid=47321 on localhost:11157 at 22:11:40.462
starting worker pid=47320 on localhost:11157 at 22:11:40.485
2023-10-29 22:11:42 INFO::Adding R matrix info for chrom 3 (core 2)
2023-10-29 22:11:42 INFO::Adding R matrix info for chrom 14 (core 5)
2023-10-29 22:11:42 INFO::Adding R matrix info for chrom 6 (core 3)
2023-10-29 22:11:42 INFO::Adding R matrix info for chrom 1 (core 1)
2023-10-29 22:11:42 INFO::Adding R matrix info for chrom 10 (core 4)
2023-10-29 22:14:20 INFO::Adding R matrix info for chrom 15 (core 5)
2023-10-29 22:18:54 INFO::Adding R matrix info for chrom 7 (core 3)
2023-10-29 22:19:03 INFO::Adding R matrix info for chrom 4 (core 2)
2023-10-29 22:19:56 INFO::Adding R matrix info for chrom 16 (core 5)
2023-10-29 22:21:30 INFO::Adding R matrix info for chrom 11 (core 4)
2023-10-29 22:25:02 INFO::Adding R matrix info for chrom 17 (core 5)
2023-10-29 22:29:46 INFO::Adding R matrix info for chrom 2 (core 1)
2023-10-29 22:30:25 INFO::Adding R matrix info for chrom 8 (core 3)
2023-10-29 22:31:45 INFO::Adding R matrix info for chrom 18 (core 5)
2023-10-29 22:31:56 INFO::Adding R matrix info for chrom 12 (core 4)
2023-10-29 22:34:32 INFO::Adding R matrix info for chrom 5 (core 2)
2023-10-29 22:37:44 INFO::Adding R matrix info for chrom 19 (core 5)
2023-10-29 22:41:32 INFO::Adding R matrix info for chrom 9 (core 3)
2023-10-29 22:42:48 INFO::Adding R matrix info for chrom 13 (core 4)
2023-10-29 22:43:13 INFO::Adding R matrix info for chrom 20 (core 5)
2023-10-29 22:47:35 INFO::Adding R matrix info for chrom 6 (core 2)
2023-10-29 22:48:52 INFO::Adding R matrix info for chrom 21 (core 5)
2023-10-29 22:50:20 INFO::Adding R matrix info for chrom 10 (core 3)
2023-10-29 22:50:28 INFO::Adding R matrix info for chrom 3 (core 1)
2023-10-29 22:50:32 INFO::Adding R matrix info for chrom 14 (core 4)
2023-10-29 22:51:26 INFO::Adding R matrix info for chrom 22 (core 5)
2023-10-29 22:58:47 INFO::Run susie for all regions.
2023-10-29 22:58:47 INFO::run iteration 1
starting worker pid=51456 on localhost:11157 at 22:58:47.736
starting worker pid=51457 on localhost:11157 at 22:58:47.736
starting worker pid=51463 on localhost:11157 at 22:58:47.736
starting worker pid=51462 on localhost:11157 at 22:58:47.736
starting worker pid=51461 on localhost:11157 at 22:58:47.737
starting worker pid=51465 on localhost:11157 at 22:58:47.738
starting worker pid=51460 on localhost:11157 at 22:58:47.738
starting worker pid=51459 on localhost:11157 at 22:58:47.741
starting worker pid=51458 on localhost:11157 at 22:58:47.756
starting worker pid=51464 on localhost:11157 at 22:58:47.766
2023-10-29 23:03:33 INFO::No. LD regions: 1700
2023-10-29 23:03:39 INFO::No. regions with at least one SNP/gene for chr1: 130
2023-10-29 23:03:39 INFO::No. regions with at least one SNP/gene for chr1 after merging: 130
2023-10-29 23:03:47 INFO::No. regions with at least one SNP/gene for chr2: 144
2023-10-29 23:03:47 INFO::No. regions with at least one SNP/gene for chr2 after merging: 144
2023-10-29 23:03:53 INFO::No. regions with at least one SNP/gene for chr3: 122
2023-10-29 23:03:53 INFO::No. regions with at least one SNP/gene for chr3 after merging: 122
2023-10-29 23:03:59 INFO::No. regions with at least one SNP/gene for chr4: 122
2023-10-29 23:03:59 INFO::No. regions with at least one SNP/gene for chr4 after merging: 122
2023-10-29 23:04:06 INFO::No. regions with at least one SNP/gene for chr5: 110
2023-10-29 23:04:06 INFO::No. regions with at least one SNP/gene for chr5 after merging: 110
2023-10-29 23:04:12 INFO::No. regions with at least one SNP/gene for chr6: 112
2023-10-29 23:04:12 INFO::No. regions with at least one SNP/gene for chr6 after merging: 112
2023-10-29 23:04:17 INFO::No. regions with at least one SNP/gene for chr7: 99
2023-10-29 23:04:17 INFO::No. regions with at least one SNP/gene for chr7 after merging: 99
2023-10-29 23:04:22 INFO::No. regions with at least one SNP/gene for chr8: 94
2023-10-29 23:04:22 INFO::No. regions with at least one SNP/gene for chr8 after merging: 94
2023-10-29 23:04:26 INFO::No. regions with at least one SNP/gene for chr9: 74
2023-10-29 23:04:26 INFO::No. regions with at least one SNP/gene for chr9 after merging: 74
2023-10-29 23:04:30 INFO::No. regions with at least one SNP/gene for chr10: 85
2023-10-29 23:04:30 INFO::No. regions with at least one SNP/gene for chr10 after merging: 85
2023-10-29 23:04:35 INFO::No. regions with at least one SNP/gene for chr11: 84
2023-10-29 23:04:35 INFO::No. regions with at least one SNP/gene for chr11 after merging: 84
2023-10-29 23:04:38 INFO::No. regions with at least one SNP/gene for chr12: 82
2023-10-29 23:04:38 INFO::No. regions with at least one SNP/gene for chr12 after merging: 82
2023-10-29 23:04:40 INFO::No. regions with at least one SNP/gene for chr13: 62
2023-10-29 23:04:40 INFO::No. regions with at least one SNP/gene for chr13 after merging: 62
2023-10-29 23:04:42 INFO::No. regions with at least one SNP/gene for chr14: 56
2023-10-29 23:04:42 INFO::No. regions with at least one SNP/gene for chr14 after merging: 56
2023-10-29 23:04:43 INFO::No. regions with at least one SNP/gene for chr15: 50
2023-10-29 23:04:43 INFO::No. regions with at least one SNP/gene for chr15 after merging: 50
2023-10-29 23:04:45 INFO::No. regions with at least one SNP/gene for chr16: 54
2023-10-29 23:04:45 INFO::No. regions with at least one SNP/gene for chr16 after merging: 54
2023-10-29 23:04:46 INFO::No. regions with at least one SNP/gene for chr17: 47
2023-10-29 23:04:46 INFO::No. regions with at least one SNP/gene for chr17 after merging: 47
2023-10-29 23:04:48 INFO::No. regions with at least one SNP/gene for chr18: 47
2023-10-29 23:04:48 INFO::No. regions with at least one SNP/gene for chr18 after merging: 47
2023-10-29 23:04:50 INFO::No. regions with at least one SNP/gene for chr19: 39
2023-10-29 23:04:50 INFO::No. regions with at least one SNP/gene for chr19 after merging: 39
2023-10-29 23:04:51 INFO::No. regions with at least one SNP/gene for chr20: 38
2023-10-29 23:04:51 INFO::No. regions with at least one SNP/gene for chr20 after merging: 38
2023-10-29 23:04:52 INFO::No. regions with at least one SNP/gene for chr21: 24
2023-10-29 23:04:52 INFO::No. regions with at least one SNP/gene for chr21 after merging: 24
2023-10-29 23:04:53 INFO::No. regions with at least one SNP/gene for chr22: 24
2023-10-29 23:04:53 INFO::No. regions with at least one SNP/gene for chr22 after merging: 24
2023-10-29 23:04:53 INFO::Trim regions with SNPs more than 20000
2023-10-29 23:04:53 INFO::Adding R matrix info, as genotype is not given
starting worker pid=52104 on localhost:11157 at 23:04:54.400
starting worker pid=52105 on localhost:11157 at 23:04:54.400
starting worker pid=52107 on localhost:11157 at 23:04:54.400
starting worker pid=52106 on localhost:11157 at 23:04:54.400
starting worker pid=52103 on localhost:11157 at 23:04:54.400
2023-10-29 23:05:13 INFO::Adding R matrix info for chrom 14 (core 5)
2023-10-29 23:05:13 INFO::Adding R matrix info for chrom 6 (core 3)
2023-10-29 23:05:13 INFO::Adding R matrix info for chrom 1 (core 1)
2023-10-29 23:05:13 INFO::Adding R matrix info for chrom 3 (core 2)
2023-10-29 23:05:13 INFO::Adding R matrix info for chrom 10 (core 4)
2023-10-29 23:07:14 INFO::Adding R matrix info for chrom 15 (core 5)
2023-10-29 23:12:38 INFO::Adding R matrix info for chrom 4 (core 2)
2023-10-29 23:13:10 INFO::Adding R matrix info for chrom 7 (core 3)
2023-10-29 23:13:13 INFO::Adding R matrix info for chrom 16 (core 5)
2023-10-29 23:14:03 INFO::Adding R matrix info for chrom 11 (core 4)
2023-10-29 23:18:34 INFO::Adding R matrix info for chrom 17 (core 5)
2023-10-29 23:23:31 INFO::Adding R matrix info for chrom 12 (core 4)
2023-10-29 23:23:40 INFO::Adding R matrix info for chrom 2 (core 1)
2023-10-29 23:25:56 INFO::Adding R matrix info for chrom 18 (core 5)
2023-10-29 23:28:17 INFO::Adding R matrix info for chrom 8 (core 3)
2023-10-29 23:29:28 INFO::Adding R matrix info for chrom 5 (core 2)
2023-10-29 23:32:08 INFO::Adding R matrix info for chrom 19 (core 5)
2023-10-29 23:33:12 INFO::Adding R matrix info for chrom 13 (core 4)
2023-10-29 23:38:01 INFO::Adding R matrix info for chrom 20 (core 5)
2023-10-29 23:39:44 INFO::Adding R matrix info for chrom 14 (core 4)
2023-10-29 23:43:05 INFO::Adding R matrix info for chrom 9 (core 3)
2023-10-29 23:43:09 INFO::Adding R matrix info for chrom 6 (core 2)
2023-10-29 23:43:58 INFO::Adding R matrix info for chrom 21 (core 5)
2023-10-29 23:45:16 INFO::Adding R matrix info for chrom 3 (core 1)
2023-10-29 23:46:30 INFO::Adding R matrix info for chrom 22 (core 5)
2023-10-29 23:53:36 INFO::Adding R matrix info for chrom 10 (core 3)
2023-10-29 23:56:24 INFO::Number of regions that contain strong gene signals: 0
$group_prior
         SNP         gene 
0.0003519207 0.0038608294 

$group_prior_var
      SNP      gene 
0.8970275 0.5224957 

R version 4.1.0 (2021-05-18)
Platform: x86_64-pc-linux-gnu (64-bit)
Running under: CentOS Linux 7 (Core)

Matrix products: default
BLAS/LAPACK: /software/openblas-0.3.13-el7-x86_64/lib/libopenblas_haswellp-r0.3.13.so

locale:
[1] C

attached base packages:
[1] stats     graphics  grDevices utils     datasets  methods   base     

other attached packages:
[1] data.table_1.14.6 ctwas_0.1.40     

loaded via a namespace (and not attached):
 [1] Rcpp_1.0.9        pgenlibr_0.3.2    magrittr_2.0.3    hms_1.1.2        
 [5] doParallel_1.0.17 lattice_0.20-44   R6_2.5.1          rlang_1.1.1      
 [9] foreach_1.5.2     fansi_1.0.3       tools_4.1.0       parallel_4.1.0   
[13] grid_4.1.0        logging_0.10-108  utf8_1.2.2        cli_3.6.1        
[17] iterators_1.0.14  ellipsis_0.3.2    tibble_3.1.8      lifecycle_1.0.3  
[21] crayon_1.5.2      Matrix_1.3-3      readr_2.1.3       tzdb_0.3.0       
[25] vctrs_0.6.3       codetools_0.2-18  glue_1.6.2        compiler_4.1.0   
[29] pillar_1.8.1      pkgconfig_2.0.3  
