[1] "/project2/xinhe/shengqian/cTWAS/cTWAS_analysis/data/UKBB/MC.txt"                     
[2] "/project2/mstephens/wcrouse/UKB_LDR_0.1"                                             
[3] "/project2/compbio/predictdb/mashr_models/mashr_Heart_Atrial_Appendage.db"            
[4] "/project2/xinhe/shengqian/cTWAS/cTWAS_analysis/code/ctwas_config_b38.R"              
[5] "MC_Heart_Atrial_Appendage_expr"                                                      
[6] "MC_Heart_Atrial_Appendage_ctwas"                                                     
[7] "/project2/xinhe/shengqian/cTWAS/cTWAS_analysis/data/TIBETN/MC/Heart_Atrial_Appendage"
[1] "skip parameter estimation"
[1] "start fine mapping"
2023-10-29 22:10:17 INFO::ctwas started ...
2023-10-29 22:11:24 INFO::LD region file: /home/shengqian/R/x86_64-pc-linux-gnu-library/4.1/ctwas/extdata/ldetect/EUR.b38.bed
2023-10-29 22:11:26 INFO::No. LD regions: 1700
2023-10-29 22:11:40 INFO::No. regions with at least one SNP/gene for chr1: 130
2023-10-29 22:11:40 INFO::No. regions with at least one SNP/gene for chr1 after merging: 130
2023-10-29 22:11:54 INFO::No. regions with at least one SNP/gene for chr2: 143
2023-10-29 22:11:54 INFO::No. regions with at least one SNP/gene for chr2 after merging: 143
2023-10-29 22:12:03 INFO::No. regions with at least one SNP/gene for chr3: 122
2023-10-29 22:12:03 INFO::No. regions with at least one SNP/gene for chr3 after merging: 122
2023-10-29 22:12:16 INFO::No. regions with at least one SNP/gene for chr4: 122
2023-10-29 22:12:16 INFO::No. regions with at least one SNP/gene for chr4 after merging: 122
2023-10-29 22:12:27 INFO::No. regions with at least one SNP/gene for chr5: 110
2023-10-29 22:12:27 INFO::No. regions with at least one SNP/gene for chr5 after merging: 110
2023-10-29 22:12:38 INFO::No. regions with at least one SNP/gene for chr6: 112
2023-10-29 22:12:38 INFO::No. regions with at least one SNP/gene for chr6 after merging: 112
2023-10-29 22:12:46 INFO::No. regions with at least one SNP/gene for chr7: 98
2023-10-29 22:12:46 INFO::No. regions with at least one SNP/gene for chr7 after merging: 98
2023-10-29 22:12:55 INFO::No. regions with at least one SNP/gene for chr8: 94
2023-10-29 22:12:55 INFO::No. regions with at least one SNP/gene for chr8 after merging: 94
2023-10-29 22:13:01 INFO::No. regions with at least one SNP/gene for chr9: 74
2023-10-29 22:13:01 INFO::No. regions with at least one SNP/gene for chr9 after merging: 74
2023-10-29 22:13:09 INFO::No. regions with at least one SNP/gene for chr10: 85
2023-10-29 22:13:09 INFO::No. regions with at least one SNP/gene for chr10 after merging: 85
2023-10-29 22:13:19 INFO::No. regions with at least one SNP/gene for chr11: 84
2023-10-29 22:13:19 INFO::No. regions with at least one SNP/gene for chr11 after merging: 84
2023-10-29 22:13:25 INFO::No. regions with at least one SNP/gene for chr12: 82
2023-10-29 22:13:25 INFO::No. regions with at least one SNP/gene for chr12 after merging: 82
2023-10-29 22:13:30 INFO::No. regions with at least one SNP/gene for chr13: 62
2023-10-29 22:13:30 INFO::No. regions with at least one SNP/gene for chr13 after merging: 62
2023-10-29 22:13:35 INFO::No. regions with at least one SNP/gene for chr14: 56
2023-10-29 22:13:35 INFO::No. regions with at least one SNP/gene for chr14 after merging: 56
2023-10-29 22:13:38 INFO::No. regions with at least one SNP/gene for chr15: 50
2023-10-29 22:13:38 INFO::No. regions with at least one SNP/gene for chr15 after merging: 50
2023-10-29 22:13:43 INFO::No. regions with at least one SNP/gene for chr16: 54
2023-10-29 22:13:43 INFO::No. regions with at least one SNP/gene for chr16 after merging: 54
2023-10-29 22:13:47 INFO::No. regions with at least one SNP/gene for chr17: 47
2023-10-29 22:13:47 INFO::No. regions with at least one SNP/gene for chr17 after merging: 47
2023-10-29 22:13:50 INFO::No. regions with at least one SNP/gene for chr18: 47
2023-10-29 22:13:50 INFO::No. regions with at least one SNP/gene for chr18 after merging: 47
2023-10-29 22:13:54 INFO::No. regions with at least one SNP/gene for chr19: 39
2023-10-29 22:13:54 INFO::No. regions with at least one SNP/gene for chr19 after merging: 39
2023-10-29 22:13:59 INFO::No. regions with at least one SNP/gene for chr20: 38
2023-10-29 22:13:59 INFO::No. regions with at least one SNP/gene for chr20 after merging: 38
2023-10-29 22:14:00 INFO::No. regions with at least one SNP/gene for chr21: 24
2023-10-29 22:14:01 INFO::No. regions with at least one SNP/gene for chr21 after merging: 24
2023-10-29 22:14:02 INFO::No. regions with at least one SNP/gene for chr22: 24
2023-10-29 22:14:02 INFO::No. regions with at least one SNP/gene for chr22 after merging: 24
2023-10-29 22:14:02 INFO::Trim regions with SNPs more than Inf
2023-10-29 22:14:02 INFO::Adding R matrix info, as genotype is not given
starting worker pid=26058 on localhost:11634 at 22:14:03.706
starting worker pid=26060 on localhost:11634 at 22:14:03.706
starting worker pid=26059 on localhost:11634 at 22:14:03.706
starting worker pid=26057 on localhost:11634 at 22:14:03.706
starting worker pid=26056 on localhost:11634 at 22:14:03.707
2023-10-29 22:14:08 INFO::Adding R matrix info for chrom 10 (core 4)
2023-10-29 22:14:08 INFO::Adding R matrix info for chrom 3 (core 2)
2023-10-29 22:14:08 INFO::Adding R matrix info for chrom 6 (core 3)
2023-10-29 22:14:08 INFO::Adding R matrix info for chrom 14 (core 5)
2023-10-29 22:14:08 INFO::Adding R matrix info for chrom 1 (core 1)
2023-10-29 22:17:31 INFO::Adding R matrix info for chrom 15 (core 5)
2023-10-29 22:28:28 INFO::Adding R matrix info for chrom 16 (core 5)
2023-10-29 22:30:01 INFO::Adding R matrix info for chrom 7 (core 3)
2023-10-29 22:30:49 INFO::Adding R matrix info for chrom 4 (core 2)
2023-10-29 22:33:16 INFO::Adding R matrix info for chrom 11 (core 4)
2023-10-29 22:38:12 INFO::Adding R matrix info for chrom 17 (core 5)
2023-10-29 22:51:19 INFO::Adding R matrix info for chrom 18 (core 5)
2023-10-29 22:51:47 INFO::Adding R matrix info for chrom 2 (core 1)
2023-10-29 22:55:54 INFO::Adding R matrix info for chrom 12 (core 4)
2023-10-29 23:00:46 INFO::Adding R matrix info for chrom 8 (core 3)
2023-10-29 23:02:56 INFO::Adding R matrix info for chrom 19 (core 5)
2023-10-29 23:12:44 INFO::Adding R matrix info for chrom 5 (core 2)
2023-10-29 23:13:52 INFO::Adding R matrix info for chrom 20 (core 5)
2023-10-29 23:20:23 INFO::Adding R matrix info for chrom 13 (core 4)
2023-10-29 23:24:38 INFO::Adding R matrix info for chrom 21 (core 5)
2023-10-29 23:29:36 INFO::Adding R matrix info for chrom 22 (core 5)
2023-10-29 23:30:44 INFO::Adding R matrix info for chrom 9 (core 3)
2023-10-29 23:37:04 INFO::Adding R matrix info for chrom 14 (core 4)
2023-10-29 23:37:05 INFO::Adding R matrix info for chrom 3 (core 1)
2023-10-29 23:47:46 INFO::Adding R matrix info for chrom 6 (core 2)
2023-10-29 23:51:16 INFO::Adding R matrix info for chrom 10 (core 3)
2023-10-30 00:07:12 INFO::Run susie for all regions.
2023-10-30 00:07:13 INFO::run iteration 1
starting worker pid=35894 on localhost:11634 at 00:07:13.848
starting worker pid=35895 on localhost:11634 at 00:07:13.848
starting worker pid=35892 on localhost:11634 at 00:07:13.849
starting worker pid=35891 on localhost:11634 at 00:07:13.849
starting worker pid=35893 on localhost:11634 at 00:07:13.850
starting worker pid=35897 on localhost:11634 at 00:07:13.850
starting worker pid=35898 on localhost:11634 at 00:07:13.850
starting worker pid=35899 on localhost:11634 at 00:07:13.850
starting worker pid=35890 on localhost:11634 at 00:07:13.850
starting worker pid=35896 on localhost:11634 at 00:07:13.850
2023-10-30 00:15:01 INFO::No. LD regions: 1700
2023-10-30 00:15:14 INFO::No. regions with at least one SNP/gene for chr1: 130
2023-10-30 00:15:14 INFO::No. regions with at least one SNP/gene for chr1 after merging: 130
2023-10-30 00:15:29 INFO::No. regions with at least one SNP/gene for chr2: 144
2023-10-30 00:15:29 INFO::No. regions with at least one SNP/gene for chr2 after merging: 144
2023-10-30 00:15:41 INFO::No. regions with at least one SNP/gene for chr3: 122
2023-10-30 00:15:41 INFO::No. regions with at least one SNP/gene for chr3 after merging: 122
2023-10-30 00:15:55 INFO::No. regions with at least one SNP/gene for chr4: 122
2023-10-30 00:15:55 INFO::No. regions with at least one SNP/gene for chr4 after merging: 122
2023-10-30 00:16:06 INFO::No. regions with at least one SNP/gene for chr5: 110
2023-10-30 00:16:06 INFO::No. regions with at least one SNP/gene for chr5 after merging: 110
2023-10-30 00:16:20 INFO::No. regions with at least one SNP/gene for chr6: 112
2023-10-30 00:16:20 INFO::No. regions with at least one SNP/gene for chr6 after merging: 112
2023-10-30 00:16:31 INFO::No. regions with at least one SNP/gene for chr7: 99
2023-10-30 00:16:31 INFO::No. regions with at least one SNP/gene for chr7 after merging: 99
2023-10-30 00:16:40 INFO::No. regions with at least one SNP/gene for chr8: 94
2023-10-30 00:16:40 INFO::No. regions with at least one SNP/gene for chr8 after merging: 94
2023-10-30 00:16:46 INFO::No. regions with at least one SNP/gene for chr9: 74
2023-10-30 00:16:46 INFO::No. regions with at least one SNP/gene for chr9 after merging: 74
2023-10-30 00:16:56 INFO::No. regions with at least one SNP/gene for chr10: 85
2023-10-30 00:16:56 INFO::No. regions with at least one SNP/gene for chr10 after merging: 85
2023-10-30 00:17:04 INFO::No. regions with at least one SNP/gene for chr11: 84
2023-10-30 00:17:04 INFO::No. regions with at least one SNP/gene for chr11 after merging: 84
2023-10-30 00:17:09 INFO::No. regions with at least one SNP/gene for chr12: 82
2023-10-30 00:17:09 INFO::No. regions with at least one SNP/gene for chr12 after merging: 82
2023-10-30 00:17:13 INFO::No. regions with at least one SNP/gene for chr13: 62
2023-10-30 00:17:13 INFO::No. regions with at least one SNP/gene for chr13 after merging: 62
2023-10-30 00:17:16 INFO::No. regions with at least one SNP/gene for chr14: 56
2023-10-30 00:17:16 INFO::No. regions with at least one SNP/gene for chr14 after merging: 56
2023-10-30 00:17:19 INFO::No. regions with at least one SNP/gene for chr15: 50
2023-10-30 00:17:19 INFO::No. regions with at least one SNP/gene for chr15 after merging: 50
2023-10-30 00:17:23 INFO::No. regions with at least one SNP/gene for chr16: 54
2023-10-30 00:17:23 INFO::No. regions with at least one SNP/gene for chr16 after merging: 54
2023-10-30 00:17:25 INFO::No. regions with at least one SNP/gene for chr17: 47
2023-10-30 00:17:25 INFO::No. regions with at least one SNP/gene for chr17 after merging: 47
2023-10-30 00:17:28 INFO::No. regions with at least one SNP/gene for chr18: 47
2023-10-30 00:17:28 INFO::No. regions with at least one SNP/gene for chr18 after merging: 47
2023-10-30 00:17:31 INFO::No. regions with at least one SNP/gene for chr19: 39
2023-10-30 00:17:31 INFO::No. regions with at least one SNP/gene for chr19 after merging: 39
2023-10-30 00:17:33 INFO::No. regions with at least one SNP/gene for chr20: 38
2023-10-30 00:17:33 INFO::No. regions with at least one SNP/gene for chr20 after merging: 38
2023-10-30 00:17:34 INFO::No. regions with at least one SNP/gene for chr21: 24
2023-10-30 00:17:34 INFO::No. regions with at least one SNP/gene for chr21 after merging: 24
2023-10-30 00:17:36 INFO::No. regions with at least one SNP/gene for chr22: 24
2023-10-30 00:17:36 INFO::No. regions with at least one SNP/gene for chr22 after merging: 24
2023-10-30 00:17:36 INFO::Trim regions with SNPs more than 20000
2023-10-30 00:17:36 INFO::Adding R matrix info, as genotype is not given
starting worker pid=36938 on localhost:11634 at 00:17:37.143
starting worker pid=36936 on localhost:11634 at 00:17:37.143
starting worker pid=36935 on localhost:11634 at 00:17:37.143
starting worker pid=36934 on localhost:11634 at 00:17:37.143
starting worker pid=36937 on localhost:11634 at 00:17:37.143
2023-10-30 00:18:14 INFO::Adding R matrix info for chrom 1 (core 1)
2023-10-30 00:18:14 INFO::Adding R matrix info for chrom 6 (core 3)
2023-10-30 00:18:14 INFO::Adding R matrix info for chrom 14 (core 5)
2023-10-30 00:18:14 INFO::Adding R matrix info for chrom 3 (core 2)
2023-10-30 00:18:14 INFO::Adding R matrix info for chrom 10 (core 4)
2023-10-30 00:22:19 INFO::Adding R matrix info for chrom 15 (core 5)
2023-10-30 00:34:37 INFO::Adding R matrix info for chrom 16 (core 5)
2023-10-30 00:34:44 INFO::Adding R matrix info for chrom 7 (core 3)
2023-10-30 00:34:51 INFO::Adding R matrix info for chrom 4 (core 2)
2023-10-30 00:38:10 INFO::Adding R matrix info for chrom 11 (core 4)
2023-10-30 00:45:54 INFO::Adding R matrix info for chrom 17 (core 5)
2023-10-30 00:56:36 INFO::Adding R matrix info for chrom 2 (core 1)
2023-10-30 00:59:38 INFO::Adding R matrix info for chrom 12 (core 4)
2023-10-30 01:01:15 INFO::Adding R matrix info for chrom 18 (core 5)
2023-10-30 01:05:58 INFO::Adding R matrix info for chrom 8 (core 3)
2023-10-30 01:13:38 INFO::Adding R matrix info for chrom 5 (core 2)
2023-10-30 01:14:54 INFO::Adding R matrix info for chrom 19 (core 5)
2023-10-30 01:21:40 INFO::Adding R matrix info for chrom 13 (core 4)
2023-10-30 01:27:41 INFO::Adding R matrix info for chrom 20 (core 5)
2023-10-30 01:36:44 INFO::Adding R matrix info for chrom 9 (core 3)
2023-10-30 01:37:01 INFO::Adding R matrix info for chrom 14 (core 4)
2023-10-30 01:40:10 INFO::Adding R matrix info for chrom 21 (core 5)
2023-10-30 01:42:22 INFO::Adding R matrix info for chrom 3 (core 1)
2023-10-30 01:45:43 INFO::Adding R matrix info for chrom 6 (core 2)
2023-10-30 01:45:55 INFO::Adding R matrix info for chrom 22 (core 5)
2023-10-30 02:01:34 INFO::Adding R matrix info for chrom 10 (core 3)
2023-10-30 02:07:50 INFO::Number of regions that contain strong gene signals: 0
$group_prior
         SNP         gene 
0.0003511422 0.0039858708 

$group_prior_var
      SNP      gene 
0.9008065 0.4945644 

R version 4.1.0 (2021-05-18)
Platform: x86_64-pc-linux-gnu (64-bit)
Running under: CentOS Linux 7 (Core)

Matrix products: default
BLAS/LAPACK: /software/openblas-0.3.13-el7-x86_64/lib/libopenblas_haswellp-r0.3.13.so

locale:
[1] C

attached base packages:
[1] stats     graphics  grDevices utils     datasets  methods   base     

other attached packages:
[1] data.table_1.14.6 ctwas_0.1.40     

loaded via a namespace (and not attached):
 [1] Rcpp_1.0.9        pgenlibr_0.3.2    magrittr_2.0.3    hms_1.1.2        
 [5] doParallel_1.0.17 lattice_0.20-44   R6_2.5.1          rlang_1.1.1      
 [9] foreach_1.5.2     fansi_1.0.3       tools_4.1.0       parallel_4.1.0   
[13] grid_4.1.0        logging_0.10-108  utf8_1.2.2        cli_3.6.1        
[17] iterators_1.0.14  ellipsis_0.3.2    tibble_3.1.8      lifecycle_1.0.3  
[21] crayon_1.5.2      Matrix_1.3-3      readr_2.1.3       tzdb_0.3.0       
[25] vctrs_0.6.3       codetools_0.2-18  glue_1.6.2        compiler_4.1.0   
[29] pillar_1.8.1      pkgconfig_2.0.3  
