[1] "/project2/xinhe/shengqian/cTWAS/cTWAS_analysis/data/UKBB/MC.txt"            
[2] "/project2/mstephens/wcrouse/UKB_LDR_0.1"                                    
[3] "/project2/compbio/predictdb/mashr_models/mashr_Kidney_Cortex.db"            
[4] "/project2/xinhe/shengqian/cTWAS/cTWAS_analysis/code/ctwas_config_b38.R"     
[5] "MC_Kidney_Cortex_expr"                                                      
[6] "MC_Kidney_Cortex_ctwas"                                                     
[7] "/project2/xinhe/shengqian/cTWAS/cTWAS_analysis/data/TIBETN/MC/Kidney_Cortex"
[1] "skip parameter estimation"
[1] "start fine mapping"
2023-10-29 22:10:16 INFO::ctwas started ...
2023-10-29 22:11:19 INFO::LD region file: /home/shengqian/R/x86_64-pc-linux-gnu-library/4.1/ctwas/extdata/ldetect/EUR.b38.bed
2023-10-29 22:11:21 INFO::No. LD regions: 1700
2023-10-29 22:11:34 INFO::No. regions with at least one SNP/gene for chr1: 130
2023-10-29 22:11:34 INFO::No. regions with at least one SNP/gene for chr1 after merging: 130
2023-10-29 22:11:49 INFO::No. regions with at least one SNP/gene for chr2: 143
2023-10-29 22:11:49 INFO::No. regions with at least one SNP/gene for chr2 after merging: 143
2023-10-29 22:12:00 INFO::No. regions with at least one SNP/gene for chr3: 122
2023-10-29 22:12:00 INFO::No. regions with at least one SNP/gene for chr3 after merging: 122
2023-10-29 22:12:14 INFO::No. regions with at least one SNP/gene for chr4: 122
2023-10-29 22:12:14 INFO::No. regions with at least one SNP/gene for chr4 after merging: 122
2023-10-29 22:12:24 INFO::No. regions with at least one SNP/gene for chr5: 110
2023-10-29 22:12:24 INFO::No. regions with at least one SNP/gene for chr5 after merging: 110
2023-10-29 22:12:36 INFO::No. regions with at least one SNP/gene for chr6: 112
2023-10-29 22:12:36 INFO::No. regions with at least one SNP/gene for chr6 after merging: 112
2023-10-29 22:12:46 INFO::No. regions with at least one SNP/gene for chr7: 98
2023-10-29 22:12:46 INFO::No. regions with at least one SNP/gene for chr7 after merging: 98
2023-10-29 22:12:54 INFO::No. regions with at least one SNP/gene for chr8: 94
2023-10-29 22:12:54 INFO::No. regions with at least one SNP/gene for chr8 after merging: 94
2023-10-29 22:13:01 INFO::No. regions with at least one SNP/gene for chr9: 74
2023-10-29 22:13:01 INFO::No. regions with at least one SNP/gene for chr9 after merging: 74
2023-10-29 22:13:11 INFO::No. regions with at least one SNP/gene for chr10: 85
2023-10-29 22:13:11 INFO::No. regions with at least one SNP/gene for chr10 after merging: 85
2023-10-29 22:13:19 INFO::No. regions with at least one SNP/gene for chr11: 84
2023-10-29 22:13:19 INFO::No. regions with at least one SNP/gene for chr11 after merging: 84
2023-10-29 22:13:27 INFO::No. regions with at least one SNP/gene for chr12: 82
2023-10-29 22:13:27 INFO::No. regions with at least one SNP/gene for chr12 after merging: 82
2023-10-29 22:13:32 INFO::No. regions with at least one SNP/gene for chr13: 62
2023-10-29 22:13:32 INFO::No. regions with at least one SNP/gene for chr13 after merging: 62
2023-10-29 22:13:37 INFO::No. regions with at least one SNP/gene for chr14: 56
2023-10-29 22:13:37 INFO::No. regions with at least one SNP/gene for chr14 after merging: 56
2023-10-29 22:13:42 INFO::No. regions with at least one SNP/gene for chr15: 50
2023-10-29 22:13:42 INFO::No. regions with at least one SNP/gene for chr15 after merging: 50
2023-10-29 22:13:47 INFO::No. regions with at least one SNP/gene for chr16: 54
2023-10-29 22:13:47 INFO::No. regions with at least one SNP/gene for chr16 after merging: 54
2023-10-29 22:13:50 INFO::No. regions with at least one SNP/gene for chr17: 47
2023-10-29 22:13:50 INFO::No. regions with at least one SNP/gene for chr17 after merging: 47
2023-10-29 22:13:52 INFO::No. regions with at least one SNP/gene for chr18: 47
2023-10-29 22:13:52 INFO::No. regions with at least one SNP/gene for chr18 after merging: 47
2023-10-29 22:13:54 INFO::No. regions with at least one SNP/gene for chr19: 39
2023-10-29 22:13:54 INFO::No. regions with at least one SNP/gene for chr19 after merging: 39
2023-10-29 22:13:56 INFO::No. regions with at least one SNP/gene for chr20: 38
2023-10-29 22:13:56 INFO::No. regions with at least one SNP/gene for chr20 after merging: 38
2023-10-29 22:13:58 INFO::No. regions with at least one SNP/gene for chr21: 24
2023-10-29 22:13:58 INFO::No. regions with at least one SNP/gene for chr21 after merging: 24
2023-10-29 22:13:59 INFO::No. regions with at least one SNP/gene for chr22: 24
2023-10-29 22:13:59 INFO::No. regions with at least one SNP/gene for chr22 after merging: 24
2023-10-29 22:13:59 INFO::Trim regions with SNPs more than Inf
2023-10-29 22:13:59 INFO::Adding R matrix info, as genotype is not given
starting worker pid=35714 on localhost:11626 at 22:14:01.286
starting worker pid=35713 on localhost:11626 at 22:14:01.286
starting worker pid=35711 on localhost:11626 at 22:14:01.286
starting worker pid=35712 on localhost:11626 at 22:14:01.286
starting worker pid=35715 on localhost:11626 at 22:14:01.286
2023-10-29 22:14:05 INFO::Adding R matrix info for chrom 10 (core 4)
2023-10-29 22:14:05 INFO::Adding R matrix info for chrom 6 (core 3)
2023-10-29 22:14:05 INFO::Adding R matrix info for chrom 3 (core 2)
2023-10-29 22:14:05 INFO::Adding R matrix info for chrom 14 (core 5)
2023-10-29 22:14:05 INFO::Adding R matrix info for chrom 1 (core 1)
2023-10-29 22:17:47 INFO::Adding R matrix info for chrom 15 (core 5)
2023-10-29 22:29:31 INFO::Adding R matrix info for chrom 16 (core 5)
2023-10-29 22:29:44 INFO::Adding R matrix info for chrom 7 (core 3)
2023-10-29 22:30:13 INFO::Adding R matrix info for chrom 4 (core 2)
2023-10-29 22:32:59 INFO::Adding R matrix info for chrom 11 (core 4)
2023-10-29 22:40:17 INFO::Adding R matrix info for chrom 17 (core 5)
2023-10-29 22:48:17 INFO::Adding R matrix info for chrom 2 (core 1)
2023-10-29 22:53:13 INFO::Adding R matrix info for chrom 12 (core 4)
2023-10-29 22:54:33 INFO::Adding R matrix info for chrom 18 (core 5)
2023-10-29 23:00:14 INFO::Adding R matrix info for chrom 8 (core 3)
2023-10-29 23:07:13 INFO::Adding R matrix info for chrom 19 (core 5)
2023-10-29 23:10:45 INFO::Adding R matrix info for chrom 5 (core 2)
2023-10-29 23:15:59 INFO::Adding R matrix info for chrom 13 (core 4)
2023-10-29 23:17:30 INFO::Adding R matrix info for chrom 20 (core 5)
2023-10-29 23:28:04 INFO::Adding R matrix info for chrom 21 (core 5)
2023-10-29 23:31:04 INFO::Adding R matrix info for chrom 9 (core 3)
2023-10-29 23:33:01 INFO::Adding R matrix info for chrom 22 (core 5)
2023-10-29 23:33:16 INFO::Adding R matrix info for chrom 3 (core 1)
2023-10-29 23:33:27 INFO::Adding R matrix info for chrom 14 (core 4)
2023-10-29 23:44:55 INFO::Adding R matrix info for chrom 6 (core 2)
2023-10-29 23:53:58 INFO::Adding R matrix info for chrom 10 (core 3)
2023-10-30 00:02:47 INFO::Run susie for all regions.
2023-10-30 00:02:47 INFO::run iteration 1
starting worker pid=45249 on localhost:11626 at 00:02:48.555
starting worker pid=45253 on localhost:11626 at 00:02:48.557
starting worker pid=45256 on localhost:11626 at 00:02:48.557
starting worker pid=45252 on localhost:11626 at 00:02:48.557
starting worker pid=45251 on localhost:11626 at 00:02:48.557
starting worker pid=45254 on localhost:11626 at 00:02:48.557
starting worker pid=45250 on localhost:11626 at 00:02:48.558
starting worker pid=45257 on localhost:11626 at 00:02:48.558
starting worker pid=45255 on localhost:11626 at 00:02:48.558
starting worker pid=45258 on localhost:11626 at 00:02:48.558
2023-10-30 00:10:18 INFO::No. LD regions: 1700
2023-10-30 00:10:32 INFO::No. regions with at least one SNP/gene for chr1: 130
2023-10-30 00:10:32 INFO::No. regions with at least one SNP/gene for chr1 after merging: 130
2023-10-30 00:10:50 INFO::No. regions with at least one SNP/gene for chr2: 144
2023-10-30 00:10:50 INFO::No. regions with at least one SNP/gene for chr2 after merging: 144
2023-10-30 00:11:03 INFO::No. regions with at least one SNP/gene for chr3: 122
2023-10-30 00:11:03 INFO::No. regions with at least one SNP/gene for chr3 after merging: 122
2023-10-30 00:11:15 INFO::No. regions with at least one SNP/gene for chr4: 122
2023-10-30 00:11:15 INFO::No. regions with at least one SNP/gene for chr4 after merging: 122
2023-10-30 00:11:27 INFO::No. regions with at least one SNP/gene for chr5: 110
2023-10-30 00:11:27 INFO::No. regions with at least one SNP/gene for chr5 after merging: 110
2023-10-30 00:11:40 INFO::No. regions with at least one SNP/gene for chr6: 112
2023-10-30 00:11:40 INFO::No. regions with at least one SNP/gene for chr6 after merging: 112
2023-10-30 00:11:51 INFO::No. regions with at least one SNP/gene for chr7: 99
2023-10-30 00:11:51 INFO::No. regions with at least one SNP/gene for chr7 after merging: 99
2023-10-30 00:12:01 INFO::No. regions with at least one SNP/gene for chr8: 94
2023-10-30 00:12:01 INFO::No. regions with at least one SNP/gene for chr8 after merging: 94
2023-10-30 00:12:08 INFO::No. regions with at least one SNP/gene for chr9: 74
2023-10-30 00:12:08 INFO::No. regions with at least one SNP/gene for chr9 after merging: 74
2023-10-30 00:12:18 INFO::No. regions with at least one SNP/gene for chr10: 85
2023-10-30 00:12:18 INFO::No. regions with at least one SNP/gene for chr10 after merging: 85
2023-10-30 00:12:26 INFO::No. regions with at least one SNP/gene for chr11: 84
2023-10-30 00:12:26 INFO::No. regions with at least one SNP/gene for chr11 after merging: 84
2023-10-30 00:12:31 INFO::No. regions with at least one SNP/gene for chr12: 82
2023-10-30 00:12:31 INFO::No. regions with at least one SNP/gene for chr12 after merging: 82
2023-10-30 00:12:35 INFO::No. regions with at least one SNP/gene for chr13: 62
2023-10-30 00:12:35 INFO::No. regions with at least one SNP/gene for chr13 after merging: 62
2023-10-30 00:12:38 INFO::No. regions with at least one SNP/gene for chr14: 56
2023-10-30 00:12:38 INFO::No. regions with at least one SNP/gene for chr14 after merging: 56
2023-10-30 00:12:41 INFO::No. regions with at least one SNP/gene for chr15: 50
2023-10-30 00:12:41 INFO::No. regions with at least one SNP/gene for chr15 after merging: 50
2023-10-30 00:12:45 INFO::No. regions with at least one SNP/gene for chr16: 54
2023-10-30 00:12:45 INFO::No. regions with at least one SNP/gene for chr16 after merging: 54
2023-10-30 00:12:47 INFO::No. regions with at least one SNP/gene for chr17: 47
2023-10-30 00:12:47 INFO::No. regions with at least one SNP/gene for chr17 after merging: 47
2023-10-30 00:12:50 INFO::No. regions with at least one SNP/gene for chr18: 47
2023-10-30 00:12:50 INFO::No. regions with at least one SNP/gene for chr18 after merging: 47
2023-10-30 00:12:53 INFO::No. regions with at least one SNP/gene for chr19: 39
2023-10-30 00:12:53 INFO::No. regions with at least one SNP/gene for chr19 after merging: 39
2023-10-30 00:12:55 INFO::No. regions with at least one SNP/gene for chr20: 38
2023-10-30 00:12:55 INFO::No. regions with at least one SNP/gene for chr20 after merging: 38
2023-10-30 00:12:57 INFO::No. regions with at least one SNP/gene for chr21: 24
2023-10-30 00:12:57 INFO::No. regions with at least one SNP/gene for chr21 after merging: 24
2023-10-30 00:12:59 INFO::No. regions with at least one SNP/gene for chr22: 24
2023-10-30 00:12:59 INFO::No. regions with at least one SNP/gene for chr22 after merging: 24
2023-10-30 00:12:59 INFO::Trim regions with SNPs more than 20000
2023-10-30 00:12:59 INFO::Adding R matrix info, as genotype is not given
starting worker pid=46243 on localhost:11626 at 00:13:00.698
starting worker pid=46246 on localhost:11626 at 00:13:00.698
starting worker pid=46244 on localhost:11626 at 00:13:00.698
starting worker pid=46247 on localhost:11626 at 00:13:00.698
starting worker pid=46245 on localhost:11626 at 00:13:00.698
2023-10-30 00:13:40 INFO::Adding R matrix info for chrom 14 (core 5)
2023-10-30 00:13:40 INFO::Adding R matrix info for chrom 1 (core 1)
2023-10-30 00:13:40 INFO::Adding R matrix info for chrom 6 (core 3)
2023-10-30 00:13:40 INFO::Adding R matrix info for chrom 3 (core 2)
2023-10-30 00:13:40 INFO::Adding R matrix info for chrom 10 (core 4)
2023-10-30 00:17:55 INFO::Adding R matrix info for chrom 15 (core 5)
2023-10-30 00:29:40 INFO::Adding R matrix info for chrom 4 (core 2)
2023-10-30 00:30:06 INFO::Adding R matrix info for chrom 7 (core 3)
2023-10-30 00:30:15 INFO::Adding R matrix info for chrom 16 (core 5)
2023-10-30 00:35:42 INFO::Adding R matrix info for chrom 11 (core 4)
2023-10-30 00:41:42 INFO::Adding R matrix info for chrom 17 (core 5)
2023-10-30 00:52:22 INFO::Adding R matrix info for chrom 2 (core 1)
2023-10-30 00:56:52 INFO::Adding R matrix info for chrom 18 (core 5)
2023-10-30 00:59:11 INFO::Adding R matrix info for chrom 12 (core 4)
2023-10-30 01:02:22 INFO::Adding R matrix info for chrom 8 (core 3)
2023-10-30 01:07:37 INFO::Adding R matrix info for chrom 5 (core 2)
2023-10-30 01:09:46 INFO::Adding R matrix info for chrom 19 (core 5)
2023-10-30 01:20:43 INFO::Adding R matrix info for chrom 20 (core 5)
2023-10-30 01:22:56 INFO::Adding R matrix info for chrom 13 (core 4)
2023-10-30 01:31:51 INFO::Adding R matrix info for chrom 21 (core 5)
2023-10-30 01:33:12 INFO::Adding R matrix info for chrom 9 (core 3)
2023-10-30 01:36:51 INFO::Adding R matrix info for chrom 22 (core 5)
2023-10-30 01:38:45 INFO::Adding R matrix info for chrom 3 (core 1)
2023-10-30 01:39:40 INFO::Adding R matrix info for chrom 6 (core 2)
2023-10-30 01:39:46 INFO::Adding R matrix info for chrom 14 (core 4)
2023-10-30 01:57:27 INFO::Adding R matrix info for chrom 10 (core 3)
2023-10-30 02:03:41 INFO::Number of regions that contain strong gene signals: 0
$group_prior
         SNP         gene 
0.0003536667 0.0037338742 

$group_prior_var
      SNP      gene 
0.8870733 0.4074086 

R version 4.1.0 (2021-05-18)
Platform: x86_64-pc-linux-gnu (64-bit)
Running under: CentOS Linux 7 (Core)

Matrix products: default
BLAS/LAPACK: /software/openblas-0.3.13-el7-x86_64/lib/libopenblas_haswellp-r0.3.13.so

locale:
[1] C

attached base packages:
[1] stats     graphics  grDevices utils     datasets  methods   base     

other attached packages:
[1] data.table_1.14.6 ctwas_0.1.40     

loaded via a namespace (and not attached):
 [1] Rcpp_1.0.9        pgenlibr_0.3.2    magrittr_2.0.3    hms_1.1.2        
 [5] doParallel_1.0.17 lattice_0.20-44   R6_2.5.1          rlang_1.1.1      
 [9] foreach_1.5.2     fansi_1.0.3       tools_4.1.0       parallel_4.1.0   
[13] grid_4.1.0        logging_0.10-108  utf8_1.2.2        cli_3.6.1        
[17] iterators_1.0.14  ellipsis_0.3.2    tibble_3.1.8      lifecycle_1.0.3  
[21] crayon_1.5.2      Matrix_1.3-3      readr_2.1.3       tzdb_0.3.0       
[25] vctrs_0.6.3       codetools_0.2-18  glue_1.6.2        compiler_4.1.0   
[29] pillar_1.8.1      pkgconfig_2.0.3  
