[1] "/project2/xinhe/shengqian/cTWAS/cTWAS_analysis/data/UKBB/MC.txt"       
[2] "/project2/mstephens/wcrouse/UKB_LDR_0.1"                               
[3] "/project2/compbio/predictdb/mashr_models/mashr_Lung.db"                
[4] "/project2/xinhe/shengqian/cTWAS/cTWAS_analysis/code/ctwas_config_b38.R"
[5] "MC_Lung_expr"                                                          
[6] "MC_Lung_ctwas"                                                         
[7] "/project2/xinhe/shengqian/cTWAS/cTWAS_analysis/data/TIBETN/MC/Lung"    
[1] "skip parameter estimation"
[1] "start fine mapping"
2023-10-29 22:10:16 INFO::ctwas started ...
2023-10-29 22:11:18 INFO::LD region file: /home/shengqian/R/x86_64-pc-linux-gnu-library/4.1/ctwas/extdata/ldetect/EUR.b38.bed
2023-10-29 22:11:23 INFO::No. LD regions: 1700
2023-10-29 22:11:34 INFO::No. regions with at least one SNP/gene for chr1: 130
2023-10-29 22:11:34 INFO::No. regions with at least one SNP/gene for chr1 after merging: 130
2023-10-29 22:11:48 INFO::No. regions with at least one SNP/gene for chr2: 143
2023-10-29 22:11:48 INFO::No. regions with at least one SNP/gene for chr2 after merging: 143
2023-10-29 22:11:59 INFO::No. regions with at least one SNP/gene for chr3: 122
2023-10-29 22:11:59 INFO::No. regions with at least one SNP/gene for chr3 after merging: 122
2023-10-29 22:12:11 INFO::No. regions with at least one SNP/gene for chr4: 122
2023-10-29 22:12:11 INFO::No. regions with at least one SNP/gene for chr4 after merging: 122
2023-10-29 22:12:22 INFO::No. regions with at least one SNP/gene for chr5: 110
2023-10-29 22:12:22 INFO::No. regions with at least one SNP/gene for chr5 after merging: 110
2023-10-29 22:12:33 INFO::No. regions with at least one SNP/gene for chr6: 112
2023-10-29 22:12:33 INFO::No. regions with at least one SNP/gene for chr6 after merging: 112
2023-10-29 22:12:43 INFO::No. regions with at least one SNP/gene for chr7: 98
2023-10-29 22:12:43 INFO::No. regions with at least one SNP/gene for chr7 after merging: 98
2023-10-29 22:12:51 INFO::No. regions with at least one SNP/gene for chr8: 94
2023-10-29 22:12:51 INFO::No. regions with at least one SNP/gene for chr8 after merging: 94
2023-10-29 22:12:57 INFO::No. regions with at least one SNP/gene for chr9: 74
2023-10-29 22:12:57 INFO::No. regions with at least one SNP/gene for chr9 after merging: 74
2023-10-29 22:13:04 INFO::No. regions with at least one SNP/gene for chr10: 85
2023-10-29 22:13:04 INFO::No. regions with at least one SNP/gene for chr10 after merging: 85
2023-10-29 22:13:12 INFO::No. regions with at least one SNP/gene for chr11: 84
2023-10-29 22:13:12 INFO::No. regions with at least one SNP/gene for chr11 after merging: 84
2023-10-29 22:13:20 INFO::No. regions with at least one SNP/gene for chr12: 82
2023-10-29 22:13:20 INFO::No. regions with at least one SNP/gene for chr12 after merging: 82
2023-10-29 22:13:24 INFO::No. regions with at least one SNP/gene for chr13: 62
2023-10-29 22:13:24 INFO::No. regions with at least one SNP/gene for chr13 after merging: 62
2023-10-29 22:13:29 INFO::No. regions with at least one SNP/gene for chr14: 56
2023-10-29 22:13:29 INFO::No. regions with at least one SNP/gene for chr14 after merging: 56
2023-10-29 22:13:32 INFO::No. regions with at least one SNP/gene for chr15: 50
2023-10-29 22:13:32 INFO::No. regions with at least one SNP/gene for chr15 after merging: 50
2023-10-29 22:13:36 INFO::No. regions with at least one SNP/gene for chr16: 54
2023-10-29 22:13:36 INFO::No. regions with at least one SNP/gene for chr16 after merging: 54
2023-10-29 22:13:40 INFO::No. regions with at least one SNP/gene for chr17: 47
2023-10-29 22:13:40 INFO::No. regions with at least one SNP/gene for chr17 after merging: 47
2023-10-29 22:13:44 INFO::No. regions with at least one SNP/gene for chr18: 47
2023-10-29 22:13:44 INFO::No. regions with at least one SNP/gene for chr18 after merging: 47
2023-10-29 22:13:48 INFO::No. regions with at least one SNP/gene for chr19: 39
2023-10-29 22:13:48 INFO::No. regions with at least one SNP/gene for chr19 after merging: 39
2023-10-29 22:13:53 INFO::No. regions with at least one SNP/gene for chr20: 38
2023-10-29 22:13:53 INFO::No. regions with at least one SNP/gene for chr20 after merging: 38
2023-10-29 22:13:54 INFO::No. regions with at least one SNP/gene for chr21: 24
2023-10-29 22:13:54 INFO::No. regions with at least one SNP/gene for chr21 after merging: 24
2023-10-29 22:13:56 INFO::No. regions with at least one SNP/gene for chr22: 24
2023-10-29 22:13:56 INFO::No. regions with at least one SNP/gene for chr22 after merging: 24
2023-10-29 22:13:56 INFO::Trim regions with SNPs more than Inf
2023-10-29 22:13:56 INFO::Adding R matrix info, as genotype is not given
starting worker pid=30634 on localhost:11613 at 22:13:57.369
starting worker pid=30635 on localhost:11613 at 22:13:57.369
starting worker pid=30633 on localhost:11613 at 22:13:57.369
starting worker pid=30631 on localhost:11613 at 22:13:57.369
starting worker pid=30632 on localhost:11613 at 22:13:57.369
2023-10-29 22:14:01 INFO::Adding R matrix info for chrom 3 (core 2)
2023-10-29 22:14:01 INFO::Adding R matrix info for chrom 6 (core 3)
2023-10-29 22:14:01 INFO::Adding R matrix info for chrom 14 (core 5)
2023-10-29 22:14:01 INFO::Adding R matrix info for chrom 1 (core 1)
2023-10-29 22:14:01 INFO::Adding R matrix info for chrom 10 (core 4)
2023-10-29 22:17:36 INFO::Adding R matrix info for chrom 15 (core 5)
2023-10-29 22:29:01 INFO::Adding R matrix info for chrom 4 (core 2)
2023-10-29 22:29:20 INFO::Adding R matrix info for chrom 7 (core 3)
2023-10-29 22:29:45 INFO::Adding R matrix info for chrom 16 (core 5)
2023-10-29 22:32:41 INFO::Adding R matrix info for chrom 11 (core 4)
2023-10-29 22:40:26 INFO::Adding R matrix info for chrom 17 (core 5)
2023-10-29 22:50:16 INFO::Adding R matrix info for chrom 2 (core 1)
2023-10-29 22:54:52 INFO::Adding R matrix info for chrom 18 (core 5)
2023-10-29 22:55:47 INFO::Adding R matrix info for chrom 12 (core 4)
2023-10-29 22:58:56 INFO::Adding R matrix info for chrom 8 (core 3)
2023-10-29 23:05:19 INFO::Adding R matrix info for chrom 5 (core 2)
2023-10-29 23:07:33 INFO::Adding R matrix info for chrom 19 (core 5)
2023-10-29 23:19:01 INFO::Adding R matrix info for chrom 13 (core 4)
2023-10-29 23:19:43 INFO::Adding R matrix info for chrom 20 (core 5)
2023-10-29 23:28:43 INFO::Adding R matrix info for chrom 9 (core 3)
2023-10-29 23:31:43 INFO::Adding R matrix info for chrom 21 (core 5)
2023-10-29 23:33:52 INFO::Adding R matrix info for chrom 3 (core 1)
2023-10-29 23:35:39 INFO::Adding R matrix info for chrom 6 (core 2)
2023-10-29 23:36:14 INFO::Adding R matrix info for chrom 14 (core 4)
2023-10-29 23:37:26 INFO::Adding R matrix info for chrom 22 (core 5)
2023-10-29 23:51:20 INFO::Adding R matrix info for chrom 10 (core 3)
2023-10-29 23:56:10 INFO::Run susie for all regions.
2023-10-29 23:56:10 INFO::run iteration 1
starting worker pid=39488 on localhost:11613 at 23:56:11.939
starting worker pid=39485 on localhost:11613 at 23:56:11.939
starting worker pid=39483 on localhost:11613 at 23:56:11.939
starting worker pid=39492 on localhost:11613 at 23:56:11.939
starting worker pid=39486 on localhost:11613 at 23:56:11.939
starting worker pid=39490 on localhost:11613 at 23:56:11.939
starting worker pid=39487 on localhost:11613 at 23:56:11.939
starting worker pid=39489 on localhost:11613 at 23:56:11.939
starting worker pid=39491 on localhost:11613 at 23:56:11.939
starting worker pid=39484 on localhost:11613 at 23:56:11.939
2023-10-30 00:04:02 INFO::No. LD regions: 1700
2023-10-30 00:04:14 INFO::No. regions with at least one SNP/gene for chr1: 130
2023-10-30 00:04:14 INFO::No. regions with at least one SNP/gene for chr1 after merging: 130
2023-10-30 00:04:29 INFO::No. regions with at least one SNP/gene for chr2: 144
2023-10-30 00:04:29 INFO::No. regions with at least one SNP/gene for chr2 after merging: 144
2023-10-30 00:04:41 INFO::No. regions with at least one SNP/gene for chr3: 122
2023-10-30 00:04:41 INFO::No. regions with at least one SNP/gene for chr3 after merging: 122
2023-10-30 00:04:54 INFO::No. regions with at least one SNP/gene for chr4: 122
2023-10-30 00:04:54 INFO::No. regions with at least one SNP/gene for chr4 after merging: 122
2023-10-30 00:05:04 INFO::No. regions with at least one SNP/gene for chr5: 110
2023-10-30 00:05:04 INFO::No. regions with at least one SNP/gene for chr5 after merging: 110
2023-10-30 00:05:16 INFO::No. regions with at least one SNP/gene for chr6: 112
2023-10-30 00:05:16 INFO::No. regions with at least one SNP/gene for chr6 after merging: 112
2023-10-30 00:05:26 INFO::No. regions with at least one SNP/gene for chr7: 99
2023-10-30 00:05:26 INFO::No. regions with at least one SNP/gene for chr7 after merging: 99
2023-10-30 00:05:36 INFO::No. regions with at least one SNP/gene for chr8: 94
2023-10-30 00:05:36 INFO::No. regions with at least one SNP/gene for chr8 after merging: 94
2023-10-30 00:05:42 INFO::No. regions with at least one SNP/gene for chr9: 74
2023-10-30 00:05:42 INFO::No. regions with at least one SNP/gene for chr9 after merging: 74
2023-10-30 00:05:50 INFO::No. regions with at least one SNP/gene for chr10: 85
2023-10-30 00:05:50 INFO::No. regions with at least one SNP/gene for chr10 after merging: 85
2023-10-30 00:05:58 INFO::No. regions with at least one SNP/gene for chr11: 84
2023-10-30 00:05:58 INFO::No. regions with at least one SNP/gene for chr11 after merging: 84
2023-10-30 00:06:04 INFO::No. regions with at least one SNP/gene for chr12: 82
2023-10-30 00:06:04 INFO::No. regions with at least one SNP/gene for chr12 after merging: 82
2023-10-30 00:06:07 INFO::No. regions with at least one SNP/gene for chr13: 62
2023-10-30 00:06:07 INFO::No. regions with at least one SNP/gene for chr13 after merging: 62
2023-10-30 00:06:10 INFO::No. regions with at least one SNP/gene for chr14: 56
2023-10-30 00:06:10 INFO::No. regions with at least one SNP/gene for chr14 after merging: 56
2023-10-30 00:06:13 INFO::No. regions with at least one SNP/gene for chr15: 50
2023-10-30 00:06:13 INFO::No. regions with at least one SNP/gene for chr15 after merging: 50
2023-10-30 00:06:17 INFO::No. regions with at least one SNP/gene for chr16: 54
2023-10-30 00:06:17 INFO::No. regions with at least one SNP/gene for chr16 after merging: 54
2023-10-30 00:06:19 INFO::No. regions with at least one SNP/gene for chr17: 47
2023-10-30 00:06:19 INFO::No. regions with at least one SNP/gene for chr17 after merging: 47
2023-10-30 00:06:22 INFO::No. regions with at least one SNP/gene for chr18: 47
2023-10-30 00:06:22 INFO::No. regions with at least one SNP/gene for chr18 after merging: 47
2023-10-30 00:06:25 INFO::No. regions with at least one SNP/gene for chr19: 39
2023-10-30 00:06:25 INFO::No. regions with at least one SNP/gene for chr19 after merging: 39
2023-10-30 00:06:28 INFO::No. regions with at least one SNP/gene for chr20: 38
2023-10-30 00:06:28 INFO::No. regions with at least one SNP/gene for chr20 after merging: 38
2023-10-30 00:06:29 INFO::No. regions with at least one SNP/gene for chr21: 24
2023-10-30 00:06:29 INFO::No. regions with at least one SNP/gene for chr21 after merging: 24
2023-10-30 00:06:31 INFO::No. regions with at least one SNP/gene for chr22: 24
2023-10-30 00:06:31 INFO::No. regions with at least one SNP/gene for chr22 after merging: 24
2023-10-30 00:06:31 INFO::Trim regions with SNPs more than 20000
2023-10-30 00:06:31 INFO::Adding R matrix info, as genotype is not given
starting worker pid=40644 on localhost:11613 at 00:06:32.785
starting worker pid=40643 on localhost:11613 at 00:06:32.786
starting worker pid=40645 on localhost:11613 at 00:06:32.786
starting worker pid=40646 on localhost:11613 at 00:06:32.786
starting worker pid=40647 on localhost:11613 at 00:06:32.786
2023-10-30 00:07:12 INFO::Adding R matrix info for chrom 14 (core 5)
2023-10-30 00:07:12 INFO::Adding R matrix info for chrom 6 (core 3)
2023-10-30 00:07:12 INFO::Adding R matrix info for chrom 1 (core 1)
2023-10-30 00:07:12 INFO::Adding R matrix info for chrom 3 (core 2)
2023-10-30 00:07:12 INFO::Adding R matrix info for chrom 10 (core 4)
2023-10-30 00:11:36 INFO::Adding R matrix info for chrom 15 (core 5)
2023-10-30 00:23:43 INFO::Adding R matrix info for chrom 7 (core 3)
2023-10-30 00:23:47 INFO::Adding R matrix info for chrom 4 (core 2)
2023-10-30 00:24:22 INFO::Adding R matrix info for chrom 16 (core 5)
2023-10-30 00:28:28 INFO::Adding R matrix info for chrom 11 (core 4)
2023-10-30 00:35:51 INFO::Adding R matrix info for chrom 17 (core 5)
2023-10-30 00:44:43 INFO::Adding R matrix info for chrom 2 (core 1)
2023-10-30 00:50:54 INFO::Adding R matrix info for chrom 18 (core 5)
2023-10-30 00:52:10 INFO::Adding R matrix info for chrom 12 (core 4)
2023-10-30 00:54:49 INFO::Adding R matrix info for chrom 8 (core 3)
2023-10-30 01:02:08 INFO::Adding R matrix info for chrom 5 (core 2)
2023-10-30 01:04:50 INFO::Adding R matrix info for chrom 19 (core 5)
2023-10-30 01:16:44 INFO::Adding R matrix info for chrom 13 (core 4)
2023-10-30 01:17:49 INFO::Adding R matrix info for chrom 20 (core 5)
2023-10-30 01:26:10 INFO::Adding R matrix info for chrom 9 (core 3)
2023-10-30 01:30:40 INFO::Adding R matrix info for chrom 21 (core 5)
2023-10-30 01:30:56 INFO::Adding R matrix info for chrom 3 (core 1)
2023-10-30 01:33:57 INFO::Adding R matrix info for chrom 6 (core 2)
2023-10-30 01:34:10 INFO::Adding R matrix info for chrom 14 (core 4)
2023-10-30 01:36:21 INFO::Adding R matrix info for chrom 22 (core 5)
2023-10-30 01:50:16 INFO::Adding R matrix info for chrom 10 (core 3)
2023-10-30 01:56:36 INFO::Number of regions that contain strong gene signals: 0
$group_prior
         SNP         gene 
0.0003519244 0.0033817603 

$group_prior_var
      SNP      gene 
0.9019813 0.4220350 

R version 4.1.0 (2021-05-18)
Platform: x86_64-pc-linux-gnu (64-bit)
Running under: CentOS Linux 7 (Core)

Matrix products: default
BLAS/LAPACK: /software/openblas-0.3.13-el7-x86_64/lib/libopenblas_haswellp-r0.3.13.so

locale:
[1] C

attached base packages:
[1] stats     graphics  grDevices utils     datasets  methods   base     

other attached packages:
[1] data.table_1.14.6 ctwas_0.1.40     

loaded via a namespace (and not attached):
 [1] Rcpp_1.0.9        pgenlibr_0.3.2    magrittr_2.0.3    hms_1.1.2        
 [5] doParallel_1.0.17 lattice_0.20-44   R6_2.5.1          rlang_1.1.1      
 [9] foreach_1.5.2     fansi_1.0.3       tools_4.1.0       parallel_4.1.0   
[13] grid_4.1.0        logging_0.10-108  utf8_1.2.2        cli_3.6.1        
[17] iterators_1.0.14  ellipsis_0.3.2    tibble_3.1.8      lifecycle_1.0.3  
[21] crayon_1.5.2      Matrix_1.3-3      readr_2.1.3       tzdb_0.3.0       
[25] vctrs_0.6.3       codetools_0.2-18  glue_1.6.2        compiler_4.1.0   
[29] pillar_1.8.1      pkgconfig_2.0.3  
