[1] "/project2/xinhe/shengqian/cTWAS/cTWAS_analysis/data/UKBB/MC.txt"       
[2] "/project2/mstephens/wcrouse/UKB_LDR_0.1"                               
[3] "/project2/compbio/predictdb/mashr_models/mashr_Pancreas.db"            
[4] "/project2/xinhe/shengqian/cTWAS/cTWAS_analysis/code/ctwas_config_b38.R"
[5] "MC_Pancreas_expr"                                                      
[6] "MC_Pancreas_ctwas"                                                     
[7] "/project2/xinhe/shengqian/cTWAS/cTWAS_analysis/data/TIBETN/MC/Pancreas"
[1] "skip parameter estimation"
[1] "start fine mapping"
2023-11-09 13:51:33 INFO::ctwas started ...
2023-11-09 13:52:14 INFO::LD region file: /home/shengqian/R/x86_64-pc-linux-gnu-library/4.1/ctwas/extdata/ldetect/EUR.b38.bed
2023-11-09 13:52:16 INFO::No. LD regions: 1700
2023-11-09 13:52:22 INFO::No. regions with at least one SNP/gene for chr1: 130
2023-11-09 13:52:22 INFO::No. regions with at least one SNP/gene for chr1 after merging: 130
2023-11-09 13:52:30 INFO::No. regions with at least one SNP/gene for chr2: 143
2023-11-09 13:52:30 INFO::No. regions with at least one SNP/gene for chr2 after merging: 143
2023-11-09 13:52:34 INFO::No. regions with at least one SNP/gene for chr3: 122
2023-11-09 13:52:34 INFO::No. regions with at least one SNP/gene for chr3 after merging: 122
2023-11-09 13:52:40 INFO::No. regions with at least one SNP/gene for chr4: 122
2023-11-09 13:52:40 INFO::No. regions with at least one SNP/gene for chr4 after merging: 122
2023-11-09 13:52:45 INFO::No. regions with at least one SNP/gene for chr5: 110
2023-11-09 13:52:45 INFO::No. regions with at least one SNP/gene for chr5 after merging: 110
2023-11-09 13:52:50 INFO::No. regions with at least one SNP/gene for chr6: 112
2023-11-09 13:52:50 INFO::No. regions with at least one SNP/gene for chr6 after merging: 112
2023-11-09 13:52:54 INFO::No. regions with at least one SNP/gene for chr7: 98
2023-11-09 13:52:54 INFO::No. regions with at least one SNP/gene for chr7 after merging: 98
2023-11-09 13:52:58 INFO::No. regions with at least one SNP/gene for chr8: 94
2023-11-09 13:52:58 INFO::No. regions with at least one SNP/gene for chr8 after merging: 94
2023-11-09 13:53:01 INFO::No. regions with at least one SNP/gene for chr9: 74
2023-11-09 13:53:01 INFO::No. regions with at least one SNP/gene for chr9 after merging: 74
2023-11-09 13:53:05 INFO::No. regions with at least one SNP/gene for chr10: 85
2023-11-09 13:53:05 INFO::No. regions with at least one SNP/gene for chr10 after merging: 85
2023-11-09 13:53:09 INFO::No. regions with at least one SNP/gene for chr11: 84
2023-11-09 13:53:09 INFO::No. regions with at least one SNP/gene for chr11 after merging: 84
2023-11-09 13:53:13 INFO::No. regions with at least one SNP/gene for chr12: 82
2023-11-09 13:53:13 INFO::No. regions with at least one SNP/gene for chr12 after merging: 82
2023-11-09 13:53:15 INFO::No. regions with at least one SNP/gene for chr13: 62
2023-11-09 13:53:15 INFO::No. regions with at least one SNP/gene for chr13 after merging: 62
2023-11-09 13:53:17 INFO::No. regions with at least one SNP/gene for chr14: 56
2023-11-09 13:53:17 INFO::No. regions with at least one SNP/gene for chr14 after merging: 56
2023-11-09 13:53:19 INFO::No. regions with at least one SNP/gene for chr15: 50
2023-11-09 13:53:19 INFO::No. regions with at least one SNP/gene for chr15 after merging: 50
2023-11-09 13:53:21 INFO::No. regions with at least one SNP/gene for chr16: 54
2023-11-09 13:53:21 INFO::No. regions with at least one SNP/gene for chr16 after merging: 54
2023-11-09 13:53:23 INFO::No. regions with at least one SNP/gene for chr17: 47
2023-11-09 13:53:23 INFO::No. regions with at least one SNP/gene for chr17 after merging: 47
2023-11-09 13:53:25 INFO::No. regions with at least one SNP/gene for chr18: 47
2023-11-09 13:53:25 INFO::No. regions with at least one SNP/gene for chr18 after merging: 47
2023-11-09 13:53:27 INFO::No. regions with at least one SNP/gene for chr19: 39
2023-11-09 13:53:27 INFO::No. regions with at least one SNP/gene for chr19 after merging: 39
2023-11-09 13:53:28 INFO::No. regions with at least one SNP/gene for chr20: 38
2023-11-09 13:53:28 INFO::No. regions with at least one SNP/gene for chr20 after merging: 38
2023-11-09 13:53:29 INFO::No. regions with at least one SNP/gene for chr21: 24
2023-11-09 13:53:29 INFO::No. regions with at least one SNP/gene for chr21 after merging: 24
2023-11-09 13:53:30 INFO::No. regions with at least one SNP/gene for chr22: 24
2023-11-09 13:53:30 INFO::No. regions with at least one SNP/gene for chr22 after merging: 24
2023-11-09 13:53:30 INFO::Trim regions with SNPs more than Inf
2023-11-09 13:53:30 INFO::Adding R matrix info, as genotype is not given
starting worker pid=38785 on localhost:11527 at 13:53:31.364
starting worker pid=38786 on localhost:11527 at 13:53:31.364
starting worker pid=38787 on localhost:11527 at 13:53:31.365
starting worker pid=38788 on localhost:11527 at 13:53:31.368
starting worker pid=38784 on localhost:11527 at 13:53:31.370
2023-11-09 13:53:33 INFO::Adding R matrix info for chrom 14 (core 5)
2023-11-09 13:53:33 INFO::Adding R matrix info for chrom 6 (core 3)
2023-11-09 13:53:33 INFO::Adding R matrix info for chrom 10 (core 4)
2023-11-09 13:53:33 INFO::Adding R matrix info for chrom 1 (core 1)
2023-11-09 13:53:33 INFO::Adding R matrix info for chrom 3 (core 2)
2023-11-09 13:54:59 INFO::Adding R matrix info for chrom 15 (core 5)
2023-11-09 13:59:42 INFO::Adding R matrix info for chrom 16 (core 5)
2023-11-09 14:00:02 INFO::Adding R matrix info for chrom 4 (core 2)
2023-11-09 14:01:11 INFO::Adding R matrix info for chrom 7 (core 3)
2023-11-09 14:02:43 INFO::Adding R matrix info for chrom 11 (core 4)
2023-11-09 14:04:00 INFO::Adding R matrix info for chrom 17 (core 5)
2023-11-09 14:09:42 INFO::Adding R matrix info for chrom 18 (core 5)
2023-11-09 14:11:23 INFO::Adding R matrix info for chrom 2 (core 1)
2023-11-09 14:13:45 INFO::Adding R matrix info for chrom 12 (core 4)
2023-11-09 14:14:56 INFO::Adding R matrix info for chrom 19 (core 5)
2023-11-09 14:15:47 INFO::Adding R matrix info for chrom 8 (core 3)
2023-11-09 14:15:53 INFO::Adding R matrix info for chrom 5 (core 2)
2023-11-09 14:19:43 INFO::Adding R matrix info for chrom 20 (core 5)
2023-11-09 14:24:21 INFO::Adding R matrix info for chrom 21 (core 5)
2023-11-09 14:25:11 INFO::Adding R matrix info for chrom 13 (core 4)
2023-11-09 14:26:34 INFO::Adding R matrix info for chrom 22 (core 5)
2023-11-09 14:29:04 INFO::Adding R matrix info for chrom 6 (core 2)
2023-11-09 14:29:54 INFO::Adding R matrix info for chrom 9 (core 3)
2023-11-09 14:32:34 INFO::Adding R matrix info for chrom 3 (core 1)
2023-11-09 14:32:50 INFO::Adding R matrix info for chrom 14 (core 4)
2023-11-09 14:39:06 INFO::Adding R matrix info for chrom 10 (core 3)
2023-11-09 14:41:21 INFO::Run susie for all regions.
2023-11-09 14:41:21 INFO::run iteration 1
starting worker pid=43004 on localhost:11527 at 14:41:21.705
starting worker pid=42998 on localhost:11527 at 14:41:21.705
starting worker pid=42999 on localhost:11527 at 14:41:21.705
starting worker pid=43002 on localhost:11527 at 14:41:21.705
starting worker pid=42997 on localhost:11527 at 14:41:21.705
starting worker pid=43000 on localhost:11527 at 14:41:21.707
starting worker pid=43005 on localhost:11527 at 14:41:21.707
starting worker pid=42996 on localhost:11527 at 14:41:21.707
starting worker pid=43003 on localhost:11527 at 14:41:21.708
starting worker pid=43001 on localhost:11527 at 14:41:21.711
2023-11-09 14:45:33 INFO::No. LD regions: 1700
2023-11-09 14:45:44 INFO::No. regions with at least one SNP/gene for chr1: 130
2023-11-09 14:45:44 INFO::No. regions with at least one SNP/gene for chr1 after merging: 130
2023-11-09 14:45:51 INFO::No. regions with at least one SNP/gene for chr2: 144
2023-11-09 14:45:51 INFO::No. regions with at least one SNP/gene for chr2 after merging: 144
2023-11-09 14:45:56 INFO::No. regions with at least one SNP/gene for chr3: 122
2023-11-09 14:45:56 INFO::No. regions with at least one SNP/gene for chr3 after merging: 122
2023-11-09 14:46:01 INFO::No. regions with at least one SNP/gene for chr4: 122
2023-11-09 14:46:01 INFO::No. regions with at least one SNP/gene for chr4 after merging: 122
2023-11-09 14:46:06 INFO::No. regions with at least one SNP/gene for chr5: 110
2023-11-09 14:46:06 INFO::No. regions with at least one SNP/gene for chr5 after merging: 110
2023-11-09 14:46:11 INFO::No. regions with at least one SNP/gene for chr6: 112
2023-11-09 14:46:11 INFO::No. regions with at least one SNP/gene for chr6 after merging: 112
2023-11-09 14:46:15 INFO::No. regions with at least one SNP/gene for chr7: 99
2023-11-09 14:46:15 INFO::No. regions with at least one SNP/gene for chr7 after merging: 99
2023-11-09 14:46:19 INFO::No. regions with at least one SNP/gene for chr8: 94
2023-11-09 14:46:19 INFO::No. regions with at least one SNP/gene for chr8 after merging: 94
2023-11-09 14:46:22 INFO::No. regions with at least one SNP/gene for chr9: 74
2023-11-09 14:46:22 INFO::No. regions with at least one SNP/gene for chr9 after merging: 74
2023-11-09 14:46:26 INFO::No. regions with at least one SNP/gene for chr10: 85
2023-11-09 14:46:26 INFO::No. regions with at least one SNP/gene for chr10 after merging: 85
2023-11-09 14:46:29 INFO::No. regions with at least one SNP/gene for chr11: 84
2023-11-09 14:46:29 INFO::No. regions with at least one SNP/gene for chr11 after merging: 84
2023-11-09 14:46:33 INFO::No. regions with at least one SNP/gene for chr12: 82
2023-11-09 14:46:33 INFO::No. regions with at least one SNP/gene for chr12 after merging: 82
2023-11-09 14:46:36 INFO::No. regions with at least one SNP/gene for chr13: 62
2023-11-09 14:46:36 INFO::No. regions with at least one SNP/gene for chr13 after merging: 62
2023-11-09 14:46:38 INFO::No. regions with at least one SNP/gene for chr14: 56
2023-11-09 14:46:38 INFO::No. regions with at least one SNP/gene for chr14 after merging: 56
2023-11-09 14:46:40 INFO::No. regions with at least one SNP/gene for chr15: 50
2023-11-09 14:46:40 INFO::No. regions with at least one SNP/gene for chr15 after merging: 50
2023-11-09 14:46:43 INFO::No. regions with at least one SNP/gene for chr16: 54
2023-11-09 14:46:43 INFO::No. regions with at least one SNP/gene for chr16 after merging: 54
2023-11-09 14:46:44 INFO::No. regions with at least one SNP/gene for chr17: 47
2023-11-09 14:46:44 INFO::No. regions with at least one SNP/gene for chr17 after merging: 47
2023-11-09 14:46:45 INFO::No. regions with at least one SNP/gene for chr18: 47
2023-11-09 14:46:45 INFO::No. regions with at least one SNP/gene for chr18 after merging: 47
2023-11-09 14:46:46 INFO::No. regions with at least one SNP/gene for chr19: 39
2023-11-09 14:46:46 INFO::No. regions with at least one SNP/gene for chr19 after merging: 39
2023-11-09 14:46:47 INFO::No. regions with at least one SNP/gene for chr20: 38
2023-11-09 14:46:47 INFO::No. regions with at least one SNP/gene for chr20 after merging: 38
2023-11-09 14:46:48 INFO::No. regions with at least one SNP/gene for chr21: 24
2023-11-09 14:46:48 INFO::No. regions with at least one SNP/gene for chr21 after merging: 24
2023-11-09 14:46:49 INFO::No. regions with at least one SNP/gene for chr22: 24
2023-11-09 14:46:49 INFO::No. regions with at least one SNP/gene for chr22 after merging: 24
2023-11-09 14:46:49 INFO::Trim regions with SNPs more than 20000
2023-11-09 14:46:49 INFO::Adding R matrix info, as genotype is not given
starting worker pid=43691 on localhost:11527 at 14:46:50.490
starting worker pid=43689 on localhost:11527 at 14:46:50.490
starting worker pid=43690 on localhost:11527 at 14:46:50.490
starting worker pid=43693 on localhost:11527 at 14:46:50.491
starting worker pid=43692 on localhost:11527 at 14:46:50.491
2023-11-09 14:47:06 INFO::Adding R matrix info for chrom 14 (core 5)
2023-11-09 14:47:06 INFO::Adding R matrix info for chrom 1 (core 1)
2023-11-09 14:47:06 INFO::Adding R matrix info for chrom 6 (core 3)
2023-11-09 14:47:06 INFO::Adding R matrix info for chrom 3 (core 2)
2023-11-09 14:47:06 INFO::Adding R matrix info for chrom 10 (core 4)
2023-11-09 14:49:09 INFO::Adding R matrix info for chrom 15 (core 5)
2023-11-09 14:54:14 INFO::Adding R matrix info for chrom 4 (core 2)
2023-11-09 14:55:04 INFO::Adding R matrix info for chrom 7 (core 3)
2023-11-09 14:55:12 INFO::Adding R matrix info for chrom 16 (core 5)
2023-11-09 14:55:36 INFO::Adding R matrix info for chrom 11 (core 4)
2023-11-09 15:00:40 INFO::Adding R matrix info for chrom 17 (core 5)
2023-11-09 15:05:09 INFO::Adding R matrix info for chrom 12 (core 4)
2023-11-09 15:05:44 INFO::Adding R matrix info for chrom 2 (core 1)
2023-11-09 15:08:16 INFO::Adding R matrix info for chrom 18 (core 5)
2023-11-09 15:10:24 INFO::Adding R matrix info for chrom 8 (core 3)
2023-11-09 15:11:15 INFO::Adding R matrix info for chrom 5 (core 2)
2023-11-09 15:14:42 INFO::Adding R matrix info for chrom 13 (core 4)
2023-11-09 15:14:46 INFO::Adding R matrix info for chrom 19 (core 5)
2023-11-09 15:20:54 INFO::Adding R matrix info for chrom 20 (core 5)
2023-11-09 15:21:11 INFO::Adding R matrix info for chrom 14 (core 4)
2023-11-09 15:24:55 INFO::Adding R matrix info for chrom 6 (core 2)
2023-11-09 15:25:02 INFO::Adding R matrix info for chrom 9 (core 3)
2023-11-09 15:26:48 INFO::Adding R matrix info for chrom 21 (core 5)
2023-11-09 15:27:37 INFO::Adding R matrix info for chrom 3 (core 1)
2023-11-09 15:29:12 INFO::Adding R matrix info for chrom 22 (core 5)
2023-11-09 15:35:43 INFO::Adding R matrix info for chrom 10 (core 3)
2023-11-09 15:38:34 INFO::Number of regions that contain strong gene signals: 0
$group_prior
         SNP         gene 
0.0004120891 0.0040723942 

$group_prior_var
      SNP      gene 
0.9274639 0.4262754 

R version 4.1.0 (2021-05-18)
Platform: x86_64-pc-linux-gnu (64-bit)
Running under: CentOS Linux 7 (Core)

Matrix products: default
BLAS/LAPACK: /software/openblas-0.3.13-el7-x86_64/lib/libopenblas_haswellp-r0.3.13.so

locale:
[1] C

attached base packages:
[1] stats     graphics  grDevices utils     datasets  methods   base     

other attached packages:
[1] data.table_1.14.6 ctwas_0.1.40     

loaded via a namespace (and not attached):
 [1] Rcpp_1.0.9        pgenlibr_0.3.2    magrittr_2.0.3    hms_1.1.2        
 [5] doParallel_1.0.17 lattice_0.20-44   R6_2.5.1          rlang_1.1.1      
 [9] foreach_1.5.2     fansi_1.0.3       tools_4.1.0       parallel_4.1.0   
[13] grid_4.1.0        logging_0.10-108  utf8_1.2.2        cli_3.6.1        
[17] iterators_1.0.14  ellipsis_0.3.2    tibble_3.1.8      lifecycle_1.0.3  
[21] crayon_1.5.2      Matrix_1.3-3      readr_2.1.3       tzdb_0.3.0       
[25] vctrs_0.6.3       codetools_0.2-18  glue_1.6.2        compiler_4.1.0   
[29] pillar_1.8.1      pkgconfig_2.0.3  
