[1] "/project2/xinhe/shengqian/cTWAS/cTWAS_analysis/data/UKBB/OxHb.txt"            
[2] "/project2/mstephens/wcrouse/UKB_LDR_0.1"                                      
[3] "/project2/compbio/predictdb/mashr_models/mashr_Kidney_Cortex.db"              
[4] "/project2/xinhe/shengqian/cTWAS/cTWAS_analysis/code/ctwas_config_b38.R"       
[5] "OxHb_Kidney_Cortex_expr"                                                      
[6] "OxHb_Kidney_Cortex_ctwas"                                                     
[7] "/project2/xinhe/shengqian/cTWAS/cTWAS_analysis/data/TIBETN/OxHb/Kidney_Cortex"
[1] "skip parameter estimation"
[1] "start fine mapping"
2023-10-30 13:29:48 INFO::ctwas started ...
2023-10-30 13:30:39 INFO::LD region file: /home/shengqian/R/x86_64-pc-linux-gnu-library/4.1/ctwas/extdata/ldetect/EUR.b38.bed
2023-10-30 13:30:42 INFO::No. LD regions: 1700
2023-10-30 13:30:48 INFO::No. regions with at least one SNP/gene for chr1: 130
2023-10-30 13:30:48 INFO::No. regions with at least one SNP/gene for chr1 after merging: 130
2023-10-30 13:30:55 INFO::No. regions with at least one SNP/gene for chr2: 143
2023-10-30 13:30:55 INFO::No. regions with at least one SNP/gene for chr2 after merging: 143
2023-10-30 13:30:59 INFO::No. regions with at least one SNP/gene for chr3: 122
2023-10-30 13:30:59 INFO::No. regions with at least one SNP/gene for chr3 after merging: 122
2023-10-30 13:31:06 INFO::No. regions with at least one SNP/gene for chr4: 122
2023-10-30 13:31:06 INFO::No. regions with at least one SNP/gene for chr4 after merging: 122
2023-10-30 13:31:10 INFO::No. regions with at least one SNP/gene for chr5: 110
2023-10-30 13:31:10 INFO::No. regions with at least one SNP/gene for chr5 after merging: 110
2023-10-30 13:31:16 INFO::No. regions with at least one SNP/gene for chr6: 112
2023-10-30 13:31:16 INFO::No. regions with at least one SNP/gene for chr6 after merging: 112
2023-10-30 13:31:21 INFO::No. regions with at least one SNP/gene for chr7: 98
2023-10-30 13:31:21 INFO::No. regions with at least one SNP/gene for chr7 after merging: 98
2023-10-30 13:31:25 INFO::No. regions with at least one SNP/gene for chr8: 94
2023-10-30 13:31:25 INFO::No. regions with at least one SNP/gene for chr8 after merging: 94
2023-10-30 13:31:28 INFO::No. regions with at least one SNP/gene for chr9: 74
2023-10-30 13:31:28 INFO::No. regions with at least one SNP/gene for chr9 after merging: 74
2023-10-30 13:31:33 INFO::No. regions with at least one SNP/gene for chr10: 85
2023-10-30 13:31:33 INFO::No. regions with at least one SNP/gene for chr10 after merging: 85
2023-10-30 13:31:37 INFO::No. regions with at least one SNP/gene for chr11: 84
2023-10-30 13:31:37 INFO::No. regions with at least one SNP/gene for chr11 after merging: 84
2023-10-30 13:31:41 INFO::No. regions with at least one SNP/gene for chr12: 82
2023-10-30 13:31:41 INFO::No. regions with at least one SNP/gene for chr12 after merging: 82
2023-10-30 13:31:44 INFO::No. regions with at least one SNP/gene for chr13: 62
2023-10-30 13:31:44 INFO::No. regions with at least one SNP/gene for chr13 after merging: 62
2023-10-30 13:31:46 INFO::No. regions with at least one SNP/gene for chr14: 56
2023-10-30 13:31:46 INFO::No. regions with at least one SNP/gene for chr14 after merging: 56
2023-10-30 13:31:49 INFO::No. regions with at least one SNP/gene for chr15: 50
2023-10-30 13:31:49 INFO::No. regions with at least one SNP/gene for chr15 after merging: 50
2023-10-30 13:31:51 INFO::No. regions with at least one SNP/gene for chr16: 54
2023-10-30 13:31:51 INFO::No. regions with at least one SNP/gene for chr16 after merging: 54
2023-10-30 13:31:53 INFO::No. regions with at least one SNP/gene for chr17: 47
2023-10-30 13:31:53 INFO::No. regions with at least one SNP/gene for chr17 after merging: 47
2023-10-30 13:31:54 INFO::No. regions with at least one SNP/gene for chr18: 47
2023-10-30 13:31:54 INFO::No. regions with at least one SNP/gene for chr18 after merging: 47
2023-10-30 13:31:55 INFO::No. regions with at least one SNP/gene for chr19: 39
2023-10-30 13:31:55 INFO::No. regions with at least one SNP/gene for chr19 after merging: 39
2023-10-30 13:31:56 INFO::No. regions with at least one SNP/gene for chr20: 38
2023-10-30 13:31:56 INFO::No. regions with at least one SNP/gene for chr20 after merging: 38
2023-10-30 13:31:56 INFO::No. regions with at least one SNP/gene for chr21: 24
2023-10-30 13:31:56 INFO::No. regions with at least one SNP/gene for chr21 after merging: 24
2023-10-30 13:31:57 INFO::No. regions with at least one SNP/gene for chr22: 24
2023-10-30 13:31:57 INFO::No. regions with at least one SNP/gene for chr22 after merging: 24
2023-10-30 13:31:57 INFO::Trim regions with SNPs more than Inf
2023-10-30 13:31:57 INFO::Adding R matrix info, as genotype is not given
starting worker pid=3407 on localhost:11215 at 13:31:57.889
starting worker pid=3409 on localhost:11215 at 13:31:57.889
starting worker pid=3406 on localhost:11215 at 13:31:57.889
starting worker pid=3405 on localhost:11215 at 13:31:57.889
starting worker pid=3408 on localhost:11215 at 13:31:57.889
2023-10-30 13:32:00 INFO::Adding R matrix info for chrom 10 (core 4)
2023-10-30 13:32:00 INFO::Adding R matrix info for chrom 6 (core 3)
2023-10-30 13:32:00 INFO::Adding R matrix info for chrom 14 (core 5)
2023-10-30 13:32:00 INFO::Adding R matrix info for chrom 3 (core 2)
2023-10-30 13:32:00 INFO::Adding R matrix info for chrom 1 (core 1)
2023-10-30 13:33:35 INFO::Adding R matrix info for chrom 15 (core 5)
2023-10-30 13:38:41 INFO::Adding R matrix info for chrom 4 (core 2)
2023-10-30 13:38:46 INFO::Adding R matrix info for chrom 16 (core 5)
2023-10-30 13:39:02 INFO::Adding R matrix info for chrom 7 (core 3)
2023-10-30 13:40:31 INFO::Adding R matrix info for chrom 11 (core 4)
2023-10-30 13:43:40 INFO::Adding R matrix info for chrom 17 (core 5)
2023-10-30 13:46:30 INFO::Adding R matrix info for chrom 2 (core 1)
2023-10-30 13:50:15 INFO::Adding R matrix info for chrom 18 (core 5)
2023-10-30 13:50:39 INFO::Adding R matrix info for chrom 12 (core 4)
2023-10-30 13:52:42 INFO::Adding R matrix info for chrom 8 (core 3)
2023-10-30 13:54:41 INFO::Adding R matrix info for chrom 5 (core 2)
2023-10-30 13:56:08 INFO::Adding R matrix info for chrom 19 (core 5)
2023-10-30 14:01:22 INFO::Adding R matrix info for chrom 13 (core 4)
2023-10-30 14:01:25 INFO::Adding R matrix info for chrom 20 (core 5)
2023-10-30 14:03:49 INFO::Adding R matrix info for chrom 3 (core 1)
2023-10-30 14:06:37 INFO::Adding R matrix info for chrom 9 (core 3)
2023-10-30 14:06:57 INFO::Adding R matrix info for chrom 21 (core 5)
2023-10-30 14:08:04 INFO::Adding R matrix info for chrom 6 (core 2)
2023-10-30 14:08:54 INFO::Adding R matrix info for chrom 14 (core 4)
2023-10-30 14:09:26 INFO::Adding R matrix info for chrom 22 (core 5)
2023-10-30 14:16:33 INFO::Adding R matrix info for chrom 10 (core 3)
2023-10-30 14:18:39 INFO::Run susie for all regions.
2023-10-30 14:18:39 INFO::run iteration 1
starting worker pid=7529 on localhost:11215 at 14:18:40.630
starting worker pid=7536 on localhost:11215 at 14:18:40.631
starting worker pid=7535 on localhost:11215 at 14:18:40.631
starting worker pid=7531 on localhost:11215 at 14:18:40.631
starting worker pid=7530 on localhost:11215 at 14:18:40.632
starting worker pid=7532 on localhost:11215 at 14:18:40.632
starting worker pid=7534 on localhost:11215 at 14:18:40.632
starting worker pid=7528 on localhost:11215 at 14:18:40.632
starting worker pid=7533 on localhost:11215 at 14:18:40.632
starting worker pid=7527 on localhost:11215 at 14:18:40.633
2023-10-30 14:23:14 INFO::No. LD regions: 1700
2023-10-30 14:23:20 INFO::No. regions with at least one SNP/gene for chr1: 130
2023-10-30 14:23:20 INFO::No. regions with at least one SNP/gene for chr1 after merging: 130
2023-10-30 14:23:28 INFO::No. regions with at least one SNP/gene for chr2: 144
2023-10-30 14:23:28 INFO::No. regions with at least one SNP/gene for chr2 after merging: 144
2023-10-30 14:23:33 INFO::No. regions with at least one SNP/gene for chr3: 122
2023-10-30 14:23:33 INFO::No. regions with at least one SNP/gene for chr3 after merging: 122
2023-10-30 14:23:39 INFO::No. regions with at least one SNP/gene for chr4: 122
2023-10-30 14:23:39 INFO::No. regions with at least one SNP/gene for chr4 after merging: 122
2023-10-30 14:23:45 INFO::No. regions with at least one SNP/gene for chr5: 110
2023-10-30 14:23:45 INFO::No. regions with at least one SNP/gene for chr5 after merging: 110
2023-10-30 14:23:51 INFO::No. regions with at least one SNP/gene for chr6: 112
2023-10-30 14:23:51 INFO::No. regions with at least one SNP/gene for chr6 after merging: 112
2023-10-30 14:23:56 INFO::No. regions with at least one SNP/gene for chr7: 99
2023-10-30 14:23:56 INFO::No. regions with at least one SNP/gene for chr7 after merging: 99
2023-10-30 14:24:01 INFO::No. regions with at least one SNP/gene for chr8: 94
2023-10-30 14:24:01 INFO::No. regions with at least one SNP/gene for chr8 after merging: 94
2023-10-30 14:24:05 INFO::No. regions with at least one SNP/gene for chr9: 74
2023-10-30 14:24:05 INFO::No. regions with at least one SNP/gene for chr9 after merging: 74
2023-10-30 14:24:10 INFO::No. regions with at least one SNP/gene for chr10: 85
2023-10-30 14:24:10 INFO::No. regions with at least one SNP/gene for chr10 after merging: 85
2023-10-30 14:24:14 INFO::No. regions with at least one SNP/gene for chr11: 84
2023-10-30 14:24:14 INFO::No. regions with at least one SNP/gene for chr11 after merging: 84
2023-10-30 14:24:17 INFO::No. regions with at least one SNP/gene for chr12: 82
2023-10-30 14:24:17 INFO::No. regions with at least one SNP/gene for chr12 after merging: 82
2023-10-30 14:24:18 INFO::No. regions with at least one SNP/gene for chr13: 62
2023-10-30 14:24:18 INFO::No. regions with at least one SNP/gene for chr13 after merging: 62
2023-10-30 14:24:20 INFO::No. regions with at least one SNP/gene for chr14: 56
2023-10-30 14:24:20 INFO::No. regions with at least one SNP/gene for chr14 after merging: 56
2023-10-30 14:24:22 INFO::No. regions with at least one SNP/gene for chr15: 50
2023-10-30 14:24:22 INFO::No. regions with at least one SNP/gene for chr15 after merging: 50
2023-10-30 14:24:23 INFO::No. regions with at least one SNP/gene for chr16: 54
2023-10-30 14:24:23 INFO::No. regions with at least one SNP/gene for chr16 after merging: 54
2023-10-30 14:24:25 INFO::No. regions with at least one SNP/gene for chr17: 47
2023-10-30 14:24:25 INFO::No. regions with at least one SNP/gene for chr17 after merging: 47
2023-10-30 14:24:26 INFO::No. regions with at least one SNP/gene for chr18: 47
2023-10-30 14:24:26 INFO::No. regions with at least one SNP/gene for chr18 after merging: 47
2023-10-30 14:24:27 INFO::No. regions with at least one SNP/gene for chr19: 39
2023-10-30 14:24:27 INFO::No. regions with at least one SNP/gene for chr19 after merging: 39
2023-10-30 14:24:29 INFO::No. regions with at least one SNP/gene for chr20: 38
2023-10-30 14:24:29 INFO::No. regions with at least one SNP/gene for chr20 after merging: 38
2023-10-30 14:24:30 INFO::No. regions with at least one SNP/gene for chr21: 24
2023-10-30 14:24:30 INFO::No. regions with at least one SNP/gene for chr21 after merging: 24
2023-10-30 14:24:30 INFO::No. regions with at least one SNP/gene for chr22: 24
2023-10-30 14:24:30 INFO::No. regions with at least one SNP/gene for chr22 after merging: 24
2023-10-30 14:24:30 INFO::Trim regions with SNPs more than 20000
2023-10-30 14:24:30 INFO::Adding R matrix info, as genotype is not given
starting worker pid=8197 on localhost:11215 at 14:24:31.880
starting worker pid=8196 on localhost:11215 at 14:24:31.880
starting worker pid=8198 on localhost:11215 at 14:24:31.880
starting worker pid=8195 on localhost:11215 at 14:24:31.880
starting worker pid=8199 on localhost:11215 at 14:24:31.881
2023-10-30 14:24:51 INFO::Adding R matrix info for chrom 14 (core 5)
2023-10-30 14:24:51 INFO::Adding R matrix info for chrom 6 (core 3)
2023-10-30 14:24:51 INFO::Adding R matrix info for chrom 1 (core 1)
2023-10-30 14:24:51 INFO::Adding R matrix info for chrom 3 (core 2)
2023-10-30 14:24:51 INFO::Adding R matrix info for chrom 10 (core 4)
2023-10-30 14:26:48 INFO::Adding R matrix info for chrom 15 (core 5)
2023-10-30 14:32:10 INFO::Adding R matrix info for chrom 4 (core 2)
2023-10-30 14:32:28 INFO::Adding R matrix info for chrom 7 (core 3)
2023-10-30 14:32:31 INFO::Adding R matrix info for chrom 16 (core 5)
2023-10-30 14:33:36 INFO::Adding R matrix info for chrom 11 (core 4)
2023-10-30 14:37:37 INFO::Adding R matrix info for chrom 17 (core 5)
2023-10-30 14:42:33 INFO::Adding R matrix info for chrom 2 (core 1)
2023-10-30 14:43:01 INFO::Adding R matrix info for chrom 12 (core 4)
2023-10-30 14:44:43 INFO::Adding R matrix info for chrom 18 (core 5)
2023-10-30 14:46:56 INFO::Adding R matrix info for chrom 8 (core 3)
2023-10-30 14:49:27 INFO::Adding R matrix info for chrom 5 (core 2)
2023-10-30 14:50:55 INFO::Adding R matrix info for chrom 19 (core 5)
2023-10-30 14:52:36 INFO::Adding R matrix info for chrom 13 (core 4)
2023-10-30 14:56:36 INFO::Adding R matrix info for chrom 20 (core 5)
2023-10-30 14:59:19 INFO::Adding R matrix info for chrom 14 (core 4)
2023-10-30 15:01:38 INFO::Adding R matrix info for chrom 9 (core 3)
2023-10-30 15:02:20 INFO::Adding R matrix info for chrom 21 (core 5)
2023-10-30 15:03:26 INFO::Adding R matrix info for chrom 6 (core 2)
2023-10-30 15:04:17 INFO::Adding R matrix info for chrom 3 (core 1)
2023-10-30 15:04:57 INFO::Adding R matrix info for chrom 22 (core 5)
2023-10-30 15:12:05 INFO::Adding R matrix info for chrom 10 (core 3)
2023-10-30 15:14:50 INFO::Number of regions that contain strong gene signals: 0
$group_prior
         SNP         gene 
0.0003229891 0.0033750397 

$group_prior_var
     SNP     gene 
0.647557 1.349939 

R version 4.1.0 (2021-05-18)
Platform: x86_64-pc-linux-gnu (64-bit)
Running under: CentOS Linux 7 (Core)

Matrix products: default
BLAS/LAPACK: /software/openblas-0.3.13-el7-x86_64/lib/libopenblas_haswellp-r0.3.13.so

locale:
[1] C

attached base packages:
[1] stats     graphics  grDevices utils     datasets  methods   base     

other attached packages:
[1] data.table_1.14.6 ctwas_0.1.40     

loaded via a namespace (and not attached):
 [1] Rcpp_1.0.9        pgenlibr_0.3.2    magrittr_2.0.3    hms_1.1.2        
 [5] doParallel_1.0.17 lattice_0.20-44   R6_2.5.1          rlang_1.1.1      
 [9] foreach_1.5.2     fansi_1.0.3       tools_4.1.0       parallel_4.1.0   
[13] grid_4.1.0        logging_0.10-108  utf8_1.2.2        cli_3.6.1        
[17] iterators_1.0.14  ellipsis_0.3.2    tibble_3.1.8      lifecycle_1.0.3  
[21] crayon_1.5.2      Matrix_1.3-3      readr_2.1.3       tzdb_0.3.0       
[25] vctrs_0.6.3       codetools_0.2-18  glue_1.6.2        compiler_4.1.0   
[29] pillar_1.8.1      pkgconfig_2.0.3  
