[1] "/project2/xinhe/shengqian/cTWAS/cTWAS_analysis/data/UKBB/OxHb.txt"       
[2] "/project2/mstephens/wcrouse/UKB_LDR_0.1"                                 
[3] "/project2/compbio/predictdb/mashr_models/mashr_Pancreas.db"              
[4] "/project2/xinhe/shengqian/cTWAS/cTWAS_analysis/code/ctwas_config_b38.R"  
[5] "OxHb_Pancreas_expr"                                                      
[6] "OxHb_Pancreas_ctwas"                                                     
[7] "/project2/xinhe/shengqian/cTWAS/cTWAS_analysis/data/TIBETN/OxHb/Pancreas"
[1] "skip parameter estimation"
[1] "start fine mapping"
2023-10-29 22:10:00 INFO::ctwas started ...
2023-10-29 22:10:35 INFO::LD region file: /home/shengqian/R/x86_64-pc-linux-gnu-library/4.1/ctwas/extdata/ldetect/EUR.b38.bed
2023-10-29 22:10:36 INFO::No. LD regions: 1700
2023-10-29 22:10:43 INFO::No. regions with at least one SNP/gene for chr1: 130
2023-10-29 22:10:43 INFO::No. regions with at least one SNP/gene for chr1 after merging: 130
2023-10-29 22:10:50 INFO::No. regions with at least one SNP/gene for chr2: 143
2023-10-29 22:10:50 INFO::No. regions with at least one SNP/gene for chr2 after merging: 143
2023-10-29 22:10:55 INFO::No. regions with at least one SNP/gene for chr3: 122
2023-10-29 22:10:55 INFO::No. regions with at least one SNP/gene for chr3 after merging: 122
2023-10-29 22:11:01 INFO::No. regions with at least one SNP/gene for chr4: 122
2023-10-29 22:11:01 INFO::No. regions with at least one SNP/gene for chr4 after merging: 122
2023-10-29 22:11:08 INFO::No. regions with at least one SNP/gene for chr5: 110
2023-10-29 22:11:08 INFO::No. regions with at least one SNP/gene for chr5 after merging: 110
2023-10-29 22:11:13 INFO::No. regions with at least one SNP/gene for chr6: 112
2023-10-29 22:11:13 INFO::No. regions with at least one SNP/gene for chr6 after merging: 112
2023-10-29 22:11:18 INFO::No. regions with at least one SNP/gene for chr7: 98
2023-10-29 22:11:18 INFO::No. regions with at least one SNP/gene for chr7 after merging: 98
2023-10-29 22:11:23 INFO::No. regions with at least one SNP/gene for chr8: 94
2023-10-29 22:11:23 INFO::No. regions with at least one SNP/gene for chr8 after merging: 94
2023-10-29 22:11:25 INFO::No. regions with at least one SNP/gene for chr9: 74
2023-10-29 22:11:25 INFO::No. regions with at least one SNP/gene for chr9 after merging: 74
2023-10-29 22:11:29 INFO::No. regions with at least one SNP/gene for chr10: 85
2023-10-29 22:11:29 INFO::No. regions with at least one SNP/gene for chr10 after merging: 85
2023-10-29 22:11:35 INFO::No. regions with at least one SNP/gene for chr11: 84
2023-10-29 22:11:35 INFO::No. regions with at least one SNP/gene for chr11 after merging: 84
2023-10-29 22:11:38 INFO::No. regions with at least one SNP/gene for chr12: 82
2023-10-29 22:11:38 INFO::No. regions with at least one SNP/gene for chr12 after merging: 82
2023-10-29 22:11:40 INFO::No. regions with at least one SNP/gene for chr13: 62
2023-10-29 22:11:40 INFO::No. regions with at least one SNP/gene for chr13 after merging: 62
2023-10-29 22:11:43 INFO::No. regions with at least one SNP/gene for chr14: 56
2023-10-29 22:11:43 INFO::No. regions with at least one SNP/gene for chr14 after merging: 56
2023-10-29 22:11:45 INFO::No. regions with at least one SNP/gene for chr15: 50
2023-10-29 22:11:45 INFO::No. regions with at least one SNP/gene for chr15 after merging: 50
2023-10-29 22:11:47 INFO::No. regions with at least one SNP/gene for chr16: 54
2023-10-29 22:11:47 INFO::No. regions with at least one SNP/gene for chr16 after merging: 54
2023-10-29 22:11:49 INFO::No. regions with at least one SNP/gene for chr17: 47
2023-10-29 22:11:49 INFO::No. regions with at least one SNP/gene for chr17 after merging: 47
2023-10-29 22:11:51 INFO::No. regions with at least one SNP/gene for chr18: 47
2023-10-29 22:11:51 INFO::No. regions with at least one SNP/gene for chr18 after merging: 47
2023-10-29 22:11:53 INFO::No. regions with at least one SNP/gene for chr19: 39
2023-10-29 22:11:53 INFO::No. regions with at least one SNP/gene for chr19 after merging: 39
2023-10-29 22:11:55 INFO::No. regions with at least one SNP/gene for chr20: 38
2023-10-29 22:11:55 INFO::No. regions with at least one SNP/gene for chr20 after merging: 38
2023-10-29 22:11:56 INFO::No. regions with at least one SNP/gene for chr21: 24
2023-10-29 22:11:56 INFO::No. regions with at least one SNP/gene for chr21 after merging: 24
2023-10-29 22:11:57 INFO::No. regions with at least one SNP/gene for chr22: 24
2023-10-29 22:11:57 INFO::No. regions with at least one SNP/gene for chr22 after merging: 24
2023-10-29 22:11:57 INFO::Trim regions with SNPs more than Inf
2023-10-29 22:11:57 INFO::Adding R matrix info, as genotype is not given
starting worker pid=13795 on localhost:11215 at 22:11:57.911
starting worker pid=13793 on localhost:11215 at 22:11:57.911
starting worker pid=13792 on localhost:11215 at 22:11:57.912
starting worker pid=13794 on localhost:11215 at 22:11:57.914
starting worker pid=13791 on localhost:11215 at 22:11:57.916
2023-10-29 22:12:00 INFO::Adding R matrix info for chrom 1 (core 1)
2023-10-29 22:12:00 INFO::Adding R matrix info for chrom 14 (core 5)
2023-10-29 22:12:00 INFO::Adding R matrix info for chrom 10 (core 4)
2023-10-29 22:12:00 INFO::Adding R matrix info for chrom 6 (core 3)
2023-10-29 22:12:00 INFO::Adding R matrix info for chrom 3 (core 2)
2023-10-29 22:13:35 INFO::Adding R matrix info for chrom 15 (core 5)
2023-10-29 22:18:28 INFO::Adding R matrix info for chrom 4 (core 2)
2023-10-29 22:19:04 INFO::Adding R matrix info for chrom 16 (core 5)
2023-10-29 22:19:09 INFO::Adding R matrix info for chrom 7 (core 3)
2023-10-29 22:20:38 INFO::Adding R matrix info for chrom 11 (core 4)
2023-10-29 22:24:02 INFO::Adding R matrix info for chrom 17 (core 5)
2023-10-29 22:26:09 INFO::Adding R matrix info for chrom 2 (core 1)
2023-10-29 22:30:50 INFO::Adding R matrix info for chrom 18 (core 5)
2023-10-29 22:31:17 INFO::Adding R matrix info for chrom 12 (core 4)
2023-10-29 22:32:56 INFO::Adding R matrix info for chrom 8 (core 3)
2023-10-29 22:34:22 INFO::Adding R matrix info for chrom 5 (core 2)
2023-10-29 22:36:45 INFO::Adding R matrix info for chrom 19 (core 5)
2023-10-29 22:42:04 INFO::Adding R matrix info for chrom 13 (core 4)
2023-10-29 22:42:23 INFO::Adding R matrix info for chrom 20 (core 5)
2023-10-29 22:43:00 INFO::Adding R matrix info for chrom 3 (core 1)
2023-10-29 22:46:31 INFO::Adding R matrix info for chrom 9 (core 3)
2023-10-29 22:47:35 INFO::Adding R matrix info for chrom 6 (core 2)
2023-10-29 22:48:06 INFO::Adding R matrix info for chrom 21 (core 5)
2023-10-29 22:49:44 INFO::Adding R matrix info for chrom 14 (core 4)
2023-10-29 22:50:38 INFO::Adding R matrix info for chrom 22 (core 5)
2023-10-29 22:56:30 INFO::Adding R matrix info for chrom 10 (core 3)
2023-10-29 22:58:38 INFO::Run susie for all regions.
2023-10-29 22:58:38 INFO::run iteration 1
starting worker pid=17899 on localhost:11215 at 22:58:39.709
starting worker pid=17902 on localhost:11215 at 22:58:39.710
starting worker pid=17900 on localhost:11215 at 22:58:39.710
starting worker pid=17893 on localhost:11215 at 22:58:39.710
starting worker pid=17901 on localhost:11215 at 22:58:39.710
starting worker pid=17895 on localhost:11215 at 22:58:39.711
starting worker pid=17898 on localhost:11215 at 22:58:39.711
starting worker pid=17894 on localhost:11215 at 22:58:39.711
starting worker pid=17896 on localhost:11215 at 22:58:39.712
starting worker pid=17897 on localhost:11215 at 22:58:39.712
2023-10-29 23:03:31 INFO::No. LD regions: 1700
2023-10-29 23:03:37 INFO::No. regions with at least one SNP/gene for chr1: 130
2023-10-29 23:03:37 INFO::No. regions with at least one SNP/gene for chr1 after merging: 130
2023-10-29 23:03:44 INFO::No. regions with at least one SNP/gene for chr2: 144
2023-10-29 23:03:44 INFO::No. regions with at least one SNP/gene for chr2 after merging: 144
2023-10-29 23:03:50 INFO::No. regions with at least one SNP/gene for chr3: 122
2023-10-29 23:03:50 INFO::No. regions with at least one SNP/gene for chr3 after merging: 122
2023-10-29 23:03:56 INFO::No. regions with at least one SNP/gene for chr4: 122
2023-10-29 23:03:56 INFO::No. regions with at least one SNP/gene for chr4 after merging: 122
2023-10-29 23:04:04 INFO::No. regions with at least one SNP/gene for chr5: 110
2023-10-29 23:04:04 INFO::No. regions with at least one SNP/gene for chr5 after merging: 110
2023-10-29 23:04:10 INFO::No. regions with at least one SNP/gene for chr6: 112
2023-10-29 23:04:10 INFO::No. regions with at least one SNP/gene for chr6 after merging: 112
2023-10-29 23:04:15 INFO::No. regions with at least one SNP/gene for chr7: 99
2023-10-29 23:04:15 INFO::No. regions with at least one SNP/gene for chr7 after merging: 99
2023-10-29 23:04:19 INFO::No. regions with at least one SNP/gene for chr8: 94
2023-10-29 23:04:19 INFO::No. regions with at least one SNP/gene for chr8 after merging: 94
2023-10-29 23:04:22 INFO::No. regions with at least one SNP/gene for chr9: 74
2023-10-29 23:04:22 INFO::No. regions with at least one SNP/gene for chr9 after merging: 74
2023-10-29 23:04:27 INFO::No. regions with at least one SNP/gene for chr10: 85
2023-10-29 23:04:27 INFO::No. regions with at least one SNP/gene for chr10 after merging: 85
2023-10-29 23:04:31 INFO::No. regions with at least one SNP/gene for chr11: 84
2023-10-29 23:04:31 INFO::No. regions with at least one SNP/gene for chr11 after merging: 84
2023-10-29 23:04:35 INFO::No. regions with at least one SNP/gene for chr12: 82
2023-10-29 23:04:35 INFO::No. regions with at least one SNP/gene for chr12 after merging: 82
2023-10-29 23:04:38 INFO::No. regions with at least one SNP/gene for chr13: 62
2023-10-29 23:04:38 INFO::No. regions with at least one SNP/gene for chr13 after merging: 62
2023-10-29 23:04:40 INFO::No. regions with at least one SNP/gene for chr14: 56
2023-10-29 23:04:40 INFO::No. regions with at least one SNP/gene for chr14 after merging: 56
2023-10-29 23:04:41 INFO::No. regions with at least one SNP/gene for chr15: 50
2023-10-29 23:04:41 INFO::No. regions with at least one SNP/gene for chr15 after merging: 50
2023-10-29 23:04:43 INFO::No. regions with at least one SNP/gene for chr16: 54
2023-10-29 23:04:43 INFO::No. regions with at least one SNP/gene for chr16 after merging: 54
2023-10-29 23:04:44 INFO::No. regions with at least one SNP/gene for chr17: 47
2023-10-29 23:04:44 INFO::No. regions with at least one SNP/gene for chr17 after merging: 47
2023-10-29 23:04:45 INFO::No. regions with at least one SNP/gene for chr18: 47
2023-10-29 23:04:45 INFO::No. regions with at least one SNP/gene for chr18 after merging: 47
2023-10-29 23:04:47 INFO::No. regions with at least one SNP/gene for chr19: 39
2023-10-29 23:04:47 INFO::No. regions with at least one SNP/gene for chr19 after merging: 39
2023-10-29 23:04:48 INFO::No. regions with at least one SNP/gene for chr20: 38
2023-10-29 23:04:48 INFO::No. regions with at least one SNP/gene for chr20 after merging: 38
2023-10-29 23:04:49 INFO::No. regions with at least one SNP/gene for chr21: 24
2023-10-29 23:04:49 INFO::No. regions with at least one SNP/gene for chr21 after merging: 24
2023-10-29 23:04:49 INFO::No. regions with at least one SNP/gene for chr22: 24
2023-10-29 23:04:49 INFO::No. regions with at least one SNP/gene for chr22 after merging: 24
2023-10-29 23:04:49 INFO::Trim regions with SNPs more than 20000
2023-10-29 23:04:49 INFO::Adding R matrix info, as genotype is not given
starting worker pid=18567 on localhost:11215 at 23:04:50.814
starting worker pid=18565 on localhost:11215 at 23:04:50.814
starting worker pid=18563 on localhost:11215 at 23:04:50.814
starting worker pid=18566 on localhost:11215 at 23:04:50.814
starting worker pid=18564 on localhost:11215 at 23:04:50.816
2023-10-29 23:05:11 INFO::Adding R matrix info for chrom 14 (core 5)
2023-10-29 23:05:11 INFO::Adding R matrix info for chrom 10 (core 4)
2023-10-29 23:05:11 INFO::Adding R matrix info for chrom 1 (core 1)
2023-10-29 23:05:11 INFO::Adding R matrix info for chrom 6 (core 3)
2023-10-29 23:05:11 INFO::Adding R matrix info for chrom 3 (core 2)
2023-10-29 23:07:14 INFO::Adding R matrix info for chrom 15 (core 5)
2023-10-29 23:12:39 INFO::Adding R matrix info for chrom 4 (core 2)
2023-10-29 23:13:08 INFO::Adding R matrix info for chrom 7 (core 3)
2023-10-29 23:13:14 INFO::Adding R matrix info for chrom 16 (core 5)
2023-10-29 23:14:03 INFO::Adding R matrix info for chrom 11 (core 4)
2023-10-29 23:18:30 INFO::Adding R matrix info for chrom 17 (core 5)
2023-10-29 23:23:09 INFO::Adding R matrix info for chrom 2 (core 1)
2023-10-29 23:23:30 INFO::Adding R matrix info for chrom 12 (core 4)
2023-10-29 23:25:51 INFO::Adding R matrix info for chrom 18 (core 5)
2023-10-29 23:28:15 INFO::Adding R matrix info for chrom 8 (core 3)
2023-10-29 23:29:27 INFO::Adding R matrix info for chrom 5 (core 2)
2023-10-29 23:32:06 INFO::Adding R matrix info for chrom 19 (core 5)
2023-10-29 23:33:12 INFO::Adding R matrix info for chrom 13 (core 4)
2023-10-29 23:38:00 INFO::Adding R matrix info for chrom 20 (core 5)
2023-10-29 23:39:45 INFO::Adding R matrix info for chrom 14 (core 4)
2023-10-29 23:43:06 INFO::Adding R matrix info for chrom 9 (core 3)
2023-10-29 23:43:17 INFO::Adding R matrix info for chrom 6 (core 2)
2023-10-29 23:43:56 INFO::Adding R matrix info for chrom 21 (core 5)
2023-10-29 23:45:06 INFO::Adding R matrix info for chrom 3 (core 1)
2023-10-29 23:46:29 INFO::Adding R matrix info for chrom 22 (core 5)
2023-10-29 23:53:35 INFO::Adding R matrix info for chrom 10 (core 3)
2023-10-29 23:56:17 INFO::Number of regions that contain strong gene signals: 0
$group_prior
         SNP         gene 
0.0003200745 0.0036605059 

$group_prior_var
      SNP      gene 
0.6691180 0.5026204 

R version 4.1.0 (2021-05-18)
Platform: x86_64-pc-linux-gnu (64-bit)
Running under: CentOS Linux 7 (Core)

Matrix products: default
BLAS/LAPACK: /software/openblas-0.3.13-el7-x86_64/lib/libopenblas_haswellp-r0.3.13.so

locale:
[1] C

attached base packages:
[1] stats     graphics  grDevices utils     datasets  methods   base     

other attached packages:
[1] data.table_1.14.6 ctwas_0.1.40     

loaded via a namespace (and not attached):
 [1] Rcpp_1.0.9        pgenlibr_0.3.2    magrittr_2.0.3    hms_1.1.2        
 [5] doParallel_1.0.17 lattice_0.20-44   R6_2.5.1          rlang_1.1.1      
 [9] foreach_1.5.2     fansi_1.0.3       tools_4.1.0       parallel_4.1.0   
[13] grid_4.1.0        logging_0.10-108  utf8_1.2.2        cli_3.6.1        
[17] iterators_1.0.14  ellipsis_0.3.2    tibble_3.1.8      lifecycle_1.0.3  
[21] crayon_1.5.2      Matrix_1.3-3      readr_2.1.3       tzdb_0.3.0       
[25] vctrs_0.6.3       codetools_0.2-18  glue_1.6.2        compiler_4.1.0   
[29] pillar_1.8.1      pkgconfig_2.0.3  
