[1] "/project2/xinhe/shengqian/cTWAS/cTWAS_analysis/data/UKBB/OxHb.txt"          
[2] "/project2/mstephens/wcrouse/UKB_LDR_0.1"                                    
[3] "/project2/compbio/predictdb/mashr_models/mashr_Whole_Blood.db"              
[4] "/project2/xinhe/shengqian/cTWAS/cTWAS_analysis/code/ctwas_config_b38.R"     
[5] "OxHb_Whole_Blood_expr"                                                      
[6] "OxHb_Whole_Blood_ctwas"                                                     
[7] "/project2/xinhe/shengqian/cTWAS/cTWAS_analysis/data/TIBETN/OxHb/Whole_Blood"
[1] "skip parameter estimation"
[1] "start fine mapping"
2023-10-29 22:09:59 INFO::ctwas started ...
2023-10-29 22:10:33 INFO::LD region file: /home/shengqian/R/x86_64-pc-linux-gnu-library/4.1/ctwas/extdata/ldetect/EUR.b38.bed
2023-10-29 22:10:35 INFO::No. LD regions: 1700
2023-10-29 22:10:40 INFO::No. regions with at least one SNP/gene for chr1: 130
2023-10-29 22:10:40 INFO::No. regions with at least one SNP/gene for chr1 after merging: 130
2023-10-29 22:10:47 INFO::No. regions with at least one SNP/gene for chr2: 143
2023-10-29 22:10:47 INFO::No. regions with at least one SNP/gene for chr2 after merging: 143
2023-10-29 22:10:52 INFO::No. regions with at least one SNP/gene for chr3: 122
2023-10-29 22:10:52 INFO::No. regions with at least one SNP/gene for chr3 after merging: 122
2023-10-29 22:10:59 INFO::No. regions with at least one SNP/gene for chr4: 122
2023-10-29 22:10:59 INFO::No. regions with at least one SNP/gene for chr4 after merging: 122
2023-10-29 22:11:03 INFO::No. regions with at least one SNP/gene for chr5: 110
2023-10-29 22:11:03 INFO::No. regions with at least one SNP/gene for chr5 after merging: 110
2023-10-29 22:11:10 INFO::No. regions with at least one SNP/gene for chr6: 112
2023-10-29 22:11:10 INFO::No. regions with at least one SNP/gene for chr6 after merging: 112
2023-10-29 22:11:14 INFO::No. regions with at least one SNP/gene for chr7: 98
2023-10-29 22:11:14 INFO::No. regions with at least one SNP/gene for chr7 after merging: 98
2023-10-29 22:11:18 INFO::No. regions with at least one SNP/gene for chr8: 94
2023-10-29 22:11:18 INFO::No. regions with at least one SNP/gene for chr8 after merging: 94
2023-10-29 22:11:22 INFO::No. regions with at least one SNP/gene for chr9: 74
2023-10-29 22:11:22 INFO::No. regions with at least one SNP/gene for chr9 after merging: 74
2023-10-29 22:11:26 INFO::No. regions with at least one SNP/gene for chr10: 85
2023-10-29 22:11:26 INFO::No. regions with at least one SNP/gene for chr10 after merging: 85
2023-10-29 22:11:30 INFO::No. regions with at least one SNP/gene for chr11: 84
2023-10-29 22:11:30 INFO::No. regions with at least one SNP/gene for chr11 after merging: 84
2023-10-29 22:11:33 INFO::No. regions with at least one SNP/gene for chr12: 82
2023-10-29 22:11:33 INFO::No. regions with at least one SNP/gene for chr12 after merging: 82
2023-10-29 22:11:37 INFO::No. regions with at least one SNP/gene for chr13: 62
2023-10-29 22:11:37 INFO::No. regions with at least one SNP/gene for chr13 after merging: 62
2023-10-29 22:11:39 INFO::No. regions with at least one SNP/gene for chr14: 56
2023-10-29 22:11:39 INFO::No. regions with at least one SNP/gene for chr14 after merging: 56
2023-10-29 22:11:43 INFO::No. regions with at least one SNP/gene for chr15: 50
2023-10-29 22:11:43 INFO::No. regions with at least one SNP/gene for chr15 after merging: 50
2023-10-29 22:11:44 INFO::No. regions with at least one SNP/gene for chr16: 54
2023-10-29 22:11:44 INFO::No. regions with at least one SNP/gene for chr16 after merging: 54
2023-10-29 22:11:46 INFO::No. regions with at least one SNP/gene for chr17: 47
2023-10-29 22:11:46 INFO::No. regions with at least one SNP/gene for chr17 after merging: 47
2023-10-29 22:11:47 INFO::No. regions with at least one SNP/gene for chr18: 47
2023-10-29 22:11:47 INFO::No. regions with at least one SNP/gene for chr18 after merging: 47
2023-10-29 22:11:48 INFO::No. regions with at least one SNP/gene for chr19: 39
2023-10-29 22:11:48 INFO::No. regions with at least one SNP/gene for chr19 after merging: 39
2023-10-29 22:11:49 INFO::No. regions with at least one SNP/gene for chr20: 38
2023-10-29 22:11:49 INFO::No. regions with at least one SNP/gene for chr20 after merging: 38
2023-10-29 22:11:50 INFO::No. regions with at least one SNP/gene for chr21: 24
2023-10-29 22:11:50 INFO::No. regions with at least one SNP/gene for chr21 after merging: 24
2023-10-29 22:11:51 INFO::No. regions with at least one SNP/gene for chr22: 24
2023-10-29 22:11:51 INFO::No. regions with at least one SNP/gene for chr22 after merging: 24
2023-10-29 22:11:51 INFO::Trim regions with SNPs more than Inf
2023-10-29 22:11:51 INFO::Adding R matrix info, as genotype is not given
starting worker pid=35963 on localhost:11194 at 22:11:51.594
starting worker pid=35965 on localhost:11194 at 22:11:51.600
starting worker pid=35964 on localhost:11194 at 22:11:51.607
starting worker pid=35967 on localhost:11194 at 22:11:51.624
starting worker pid=35966 on localhost:11194 at 22:11:51.633
2023-10-29 22:11:54 INFO::Adding R matrix info for chrom 1 (core 1)
2023-10-29 22:11:54 INFO::Adding R matrix info for chrom 10 (core 4)
2023-10-29 22:11:54 INFO::Adding R matrix info for chrom 3 (core 2)
2023-10-29 22:11:54 INFO::Adding R matrix info for chrom 6 (core 3)
2023-10-29 22:11:54 INFO::Adding R matrix info for chrom 14 (core 5)
2023-10-29 22:13:31 INFO::Adding R matrix info for chrom 15 (core 5)
2023-10-29 22:18:54 INFO::Adding R matrix info for chrom 7 (core 3)
2023-10-29 22:18:57 INFO::Adding R matrix info for chrom 16 (core 5)
2023-10-29 22:19:19 INFO::Adding R matrix info for chrom 4 (core 2)
2023-10-29 22:20:39 INFO::Adding R matrix info for chrom 11 (core 4)
2023-10-29 22:23:48 INFO::Adding R matrix info for chrom 17 (core 5)
2023-10-29 22:26:12 INFO::Adding R matrix info for chrom 2 (core 1)
2023-10-29 22:30:31 INFO::Adding R matrix info for chrom 18 (core 5)
2023-10-29 22:31:01 INFO::Adding R matrix info for chrom 12 (core 4)
2023-10-29 22:32:58 INFO::Adding R matrix info for chrom 8 (core 3)
2023-10-29 22:36:31 INFO::Adding R matrix info for chrom 19 (core 5)
2023-10-29 22:38:22 INFO::Adding R matrix info for chrom 5 (core 2)
2023-10-29 22:42:10 INFO::Adding R matrix info for chrom 13 (core 4)
2023-10-29 22:42:14 INFO::Adding R matrix info for chrom 20 (core 5)
2023-10-29 22:43:00 INFO::Adding R matrix info for chrom 3 (core 1)
2023-10-29 22:47:02 INFO::Adding R matrix info for chrom 9 (core 3)
2023-10-29 22:47:53 INFO::Adding R matrix info for chrom 21 (core 5)
2023-10-29 22:49:53 INFO::Adding R matrix info for chrom 14 (core 4)
2023-10-29 22:50:34 INFO::Adding R matrix info for chrom 22 (core 5)
2023-10-29 22:54:02 INFO::Adding R matrix info for chrom 6 (core 2)
2023-10-29 22:57:40 INFO::Adding R matrix info for chrom 10 (core 3)
2023-10-29 23:01:49 INFO::Run susie for all regions.
2023-10-29 23:01:50 INFO::run iteration 1
starting worker pid=40305 on localhost:11194 at 23:01:50.502
starting worker pid=40299 on localhost:11194 at 23:01:50.502
starting worker pid=40298 on localhost:11194 at 23:01:50.502
starting worker pid=40296 on localhost:11194 at 23:01:50.502
starting worker pid=40300 on localhost:11194 at 23:01:50.502
starting worker pid=40301 on localhost:11194 at 23:01:50.502
starting worker pid=40303 on localhost:11194 at 23:01:50.502
starting worker pid=40297 on localhost:11194 at 23:01:50.503
starting worker pid=40304 on localhost:11194 at 23:01:50.503
starting worker pid=40302 on localhost:11194 at 23:01:50.504
2023-10-29 23:06:41 INFO::No. LD regions: 1700
2023-10-29 23:06:47 INFO::No. regions with at least one SNP/gene for chr1: 130
2023-10-29 23:06:47 INFO::No. regions with at least one SNP/gene for chr1 after merging: 130
2023-10-29 23:06:55 INFO::No. regions with at least one SNP/gene for chr2: 144
2023-10-29 23:06:55 INFO::No. regions with at least one SNP/gene for chr2 after merging: 144
2023-10-29 23:07:01 INFO::No. regions with at least one SNP/gene for chr3: 122
2023-10-29 23:07:01 INFO::No. regions with at least one SNP/gene for chr3 after merging: 122
2023-10-29 23:07:08 INFO::No. regions with at least one SNP/gene for chr4: 122
2023-10-29 23:07:08 INFO::No. regions with at least one SNP/gene for chr4 after merging: 122
2023-10-29 23:07:14 INFO::No. regions with at least one SNP/gene for chr5: 110
2023-10-29 23:07:14 INFO::No. regions with at least one SNP/gene for chr5 after merging: 110
2023-10-29 23:07:21 INFO::No. regions with at least one SNP/gene for chr6: 112
2023-10-29 23:07:21 INFO::No. regions with at least one SNP/gene for chr6 after merging: 112
2023-10-29 23:07:26 INFO::No. regions with at least one SNP/gene for chr7: 99
2023-10-29 23:07:26 INFO::No. regions with at least one SNP/gene for chr7 after merging: 99
2023-10-29 23:07:31 INFO::No. regions with at least one SNP/gene for chr8: 94
2023-10-29 23:07:31 INFO::No. regions with at least one SNP/gene for chr8 after merging: 94
2023-10-29 23:07:34 INFO::No. regions with at least one SNP/gene for chr9: 74
2023-10-29 23:07:34 INFO::No. regions with at least one SNP/gene for chr9 after merging: 74
2023-10-29 23:07:37 INFO::No. regions with at least one SNP/gene for chr10: 85
2023-10-29 23:07:37 INFO::No. regions with at least one SNP/gene for chr10 after merging: 85
2023-10-29 23:07:40 INFO::No. regions with at least one SNP/gene for chr11: 84
2023-10-29 23:07:40 INFO::No. regions with at least one SNP/gene for chr11 after merging: 84
2023-10-29 23:07:43 INFO::No. regions with at least one SNP/gene for chr12: 82
2023-10-29 23:07:43 INFO::No. regions with at least one SNP/gene for chr12 after merging: 82
2023-10-29 23:07:45 INFO::No. regions with at least one SNP/gene for chr13: 62
2023-10-29 23:07:45 INFO::No. regions with at least one SNP/gene for chr13 after merging: 62
2023-10-29 23:07:47 INFO::No. regions with at least one SNP/gene for chr14: 56
2023-10-29 23:07:47 INFO::No. regions with at least one SNP/gene for chr14 after merging: 56
2023-10-29 23:07:49 INFO::No. regions with at least one SNP/gene for chr15: 50
2023-10-29 23:07:49 INFO::No. regions with at least one SNP/gene for chr15 after merging: 50
2023-10-29 23:07:50 INFO::No. regions with at least one SNP/gene for chr16: 54
2023-10-29 23:07:50 INFO::No. regions with at least one SNP/gene for chr16 after merging: 54
2023-10-29 23:07:52 INFO::No. regions with at least one SNP/gene for chr17: 47
2023-10-29 23:07:52 INFO::No. regions with at least one SNP/gene for chr17 after merging: 47
2023-10-29 23:07:54 INFO::No. regions with at least one SNP/gene for chr18: 47
2023-10-29 23:07:55 INFO::No. regions with at least one SNP/gene for chr18 after merging: 47
2023-10-29 23:07:57 INFO::No. regions with at least one SNP/gene for chr19: 39
2023-10-29 23:07:57 INFO::No. regions with at least one SNP/gene for chr19 after merging: 39
2023-10-29 23:07:58 INFO::No. regions with at least one SNP/gene for chr20: 38
2023-10-29 23:07:58 INFO::No. regions with at least one SNP/gene for chr20 after merging: 38
2023-10-29 23:07:59 INFO::No. regions with at least one SNP/gene for chr21: 24
2023-10-29 23:07:59 INFO::No. regions with at least one SNP/gene for chr21 after merging: 24
2023-10-29 23:07:59 INFO::No. regions with at least one SNP/gene for chr22: 24
2023-10-29 23:07:59 INFO::No. regions with at least one SNP/gene for chr22 after merging: 24
2023-10-29 23:07:59 INFO::Trim regions with SNPs more than 20000
2023-10-29 23:07:59 INFO::Adding R matrix info, as genotype is not given
starting worker pid=40977 on localhost:11194 at 23:08:00.781
starting worker pid=40979 on localhost:11194 at 23:08:00.781
starting worker pid=40978 on localhost:11194 at 23:08:00.781
starting worker pid=40980 on localhost:11194 at 23:08:00.782
starting worker pid=40981 on localhost:11194 at 23:08:00.782
2023-10-29 23:08:23 INFO::Adding R matrix info for chrom 10 (core 4)
2023-10-29 23:08:23 INFO::Adding R matrix info for chrom 14 (core 5)
2023-10-29 23:08:23 INFO::Adding R matrix info for chrom 6 (core 3)
2023-10-29 23:08:23 INFO::Adding R matrix info for chrom 3 (core 2)
2023-10-29 23:08:23 INFO::Adding R matrix info for chrom 1 (core 1)
2023-10-29 23:10:08 INFO::Adding R matrix info for chrom 15 (core 5)
2023-10-29 23:15:03 INFO::Adding R matrix info for chrom 16 (core 5)
2023-10-29 23:16:19 INFO::Adding R matrix info for chrom 7 (core 3)
2023-10-29 23:16:41 INFO::Adding R matrix info for chrom 4 (core 2)
2023-10-29 23:18:15 INFO::Adding R matrix info for chrom 11 (core 4)
2023-10-29 23:19:31 INFO::Adding R matrix info for chrom 17 (core 5)
2023-10-29 23:25:29 INFO::Adding R matrix info for chrom 18 (core 5)
2023-10-29 23:26:41 INFO::Adding R matrix info for chrom 2 (core 1)
2023-10-29 23:29:49 INFO::Adding R matrix info for chrom 12 (core 4)
2023-10-29 23:30:49 INFO::Adding R matrix info for chrom 8 (core 3)
2023-10-29 23:31:05 INFO::Adding R matrix info for chrom 19 (core 5)
2023-10-29 23:36:23 INFO::Adding R matrix info for chrom 20 (core 5)
2023-10-29 23:37:08 INFO::Adding R matrix info for chrom 5 (core 2)
2023-10-29 23:41:41 INFO::Adding R matrix info for chrom 21 (core 5)
2023-10-29 23:41:51 INFO::Adding R matrix info for chrom 13 (core 4)
2023-10-29 23:44:09 INFO::Adding R matrix info for chrom 22 (core 5)
2023-10-29 23:45:45 INFO::Adding R matrix info for chrom 9 (core 3)
2023-10-29 23:49:12 INFO::Adding R matrix info for chrom 3 (core 1)
2023-10-29 23:50:09 INFO::Adding R matrix info for chrom 14 (core 4)
2023-10-29 23:53:57 INFO::Adding R matrix info for chrom 6 (core 2)
2023-10-29 23:56:49 INFO::Adding R matrix info for chrom 10 (core 3)
2023-10-30 00:03:58 INFO::Number of regions that contain strong gene signals: 0
$group_prior
         SNP         gene 
0.0003195024 0.0042101575 

$group_prior_var
      SNP      gene 
0.6450874 0.5888613 

R version 4.1.0 (2021-05-18)
Platform: x86_64-pc-linux-gnu (64-bit)
Running under: CentOS Linux 7 (Core)

Matrix products: default
BLAS/LAPACK: /software/openblas-0.3.13-el7-x86_64/lib/libopenblas_haswellp-r0.3.13.so

locale:
[1] C

attached base packages:
[1] stats     graphics  grDevices utils     datasets  methods   base     

other attached packages:
[1] data.table_1.14.6 ctwas_0.1.40     

loaded via a namespace (and not attached):
 [1] Rcpp_1.0.9        pgenlibr_0.3.2    magrittr_2.0.3    hms_1.1.2        
 [5] doParallel_1.0.17 lattice_0.20-44   R6_2.5.1          rlang_1.1.1      
 [9] foreach_1.5.2     fansi_1.0.3       tools_4.1.0       parallel_4.1.0   
[13] grid_4.1.0        logging_0.10-108  utf8_1.2.2        cli_3.6.1        
[17] iterators_1.0.14  ellipsis_0.3.2    tibble_3.1.8      lifecycle_1.0.3  
[21] crayon_1.5.2      Matrix_1.3-3      readr_2.1.3       tzdb_0.3.0       
[25] vctrs_0.6.3       codetools_0.2-18  glue_1.6.2        compiler_4.1.0   
[29] pillar_1.8.1      pkgconfig_2.0.3  
