[1] "/project2/xinhe/shengqian/cTWAS/cTWAS_analysis/data/UKBB/OxHb.txt"                   
[2] "/project2/mstephens/wcrouse/UKB_LDR_0.1"                                             
[3] "/project2/compbio/predictdb/mashr_models/mashr_Heart_Left_Ventricle.db"              
[4] "/project2/xinhe/shengqian/cTWAS/cTWAS_analysis/code/ctwas_config_b38.R"              
[5] "OxHb_Heart_Left_Ventricle_expr"                                                      
[6] "OxHb_Heart_Left_Ventricle_ctwas"                                                     
[7] "/project2/xinhe/shengqian/cTWAS/cTWAS_analysis/data/TIBETN/OxHb/Heart_Left_Ventricle"
[1] "skip parameter estimation"
[1] "start fine mapping"
2023-10-30 13:29:46 INFO::ctwas started ...
2023-10-30 13:30:39 INFO::LD region file: /home/shengqian/R/x86_64-pc-linux-gnu-library/4.1/ctwas/extdata/ldetect/EUR.b38.bed
2023-10-30 13:30:42 INFO::No. LD regions: 1700
2023-10-30 13:30:48 INFO::No. regions with at least one SNP/gene for chr1: 130
2023-10-30 13:30:48 INFO::No. regions with at least one SNP/gene for chr1 after merging: 130
2023-10-30 13:30:55 INFO::No. regions with at least one SNP/gene for chr2: 143
2023-10-30 13:30:55 INFO::No. regions with at least one SNP/gene for chr2 after merging: 143
2023-10-30 13:31:00 INFO::No. regions with at least one SNP/gene for chr3: 122
2023-10-30 13:31:00 INFO::No. regions with at least one SNP/gene for chr3 after merging: 122
2023-10-30 13:31:05 INFO::No. regions with at least one SNP/gene for chr4: 122
2023-10-30 13:31:05 INFO::No. regions with at least one SNP/gene for chr4 after merging: 122
2023-10-30 13:31:10 INFO::No. regions with at least one SNP/gene for chr5: 110
2023-10-30 13:31:10 INFO::No. regions with at least one SNP/gene for chr5 after merging: 110
2023-10-30 13:31:16 INFO::No. regions with at least one SNP/gene for chr6: 112
2023-10-30 13:31:16 INFO::No. regions with at least one SNP/gene for chr6 after merging: 112
2023-10-30 13:31:20 INFO::No. regions with at least one SNP/gene for chr7: 98
2023-10-30 13:31:20 INFO::No. regions with at least one SNP/gene for chr7 after merging: 98
2023-10-30 13:31:25 INFO::No. regions with at least one SNP/gene for chr8: 94
2023-10-30 13:31:25 INFO::No. regions with at least one SNP/gene for chr8 after merging: 94
2023-10-30 13:31:27 INFO::No. regions with at least one SNP/gene for chr9: 74
2023-10-30 13:31:27 INFO::No. regions with at least one SNP/gene for chr9 after merging: 74
2023-10-30 13:31:31 INFO::No. regions with at least one SNP/gene for chr10: 85
2023-10-30 13:31:31 INFO::No. regions with at least one SNP/gene for chr10 after merging: 85
2023-10-30 13:31:36 INFO::No. regions with at least one SNP/gene for chr11: 84
2023-10-30 13:31:36 INFO::No. regions with at least one SNP/gene for chr11 after merging: 84
2023-10-30 13:31:40 INFO::No. regions with at least one SNP/gene for chr12: 82
2023-10-30 13:31:40 INFO::No. regions with at least one SNP/gene for chr12 after merging: 82
2023-10-30 13:31:42 INFO::No. regions with at least one SNP/gene for chr13: 62
2023-10-30 13:31:42 INFO::No. regions with at least one SNP/gene for chr13 after merging: 62
2023-10-30 13:31:45 INFO::No. regions with at least one SNP/gene for chr14: 56
2023-10-30 13:31:45 INFO::No. regions with at least one SNP/gene for chr14 after merging: 56
2023-10-30 13:31:46 INFO::No. regions with at least one SNP/gene for chr15: 50
2023-10-30 13:31:46 INFO::No. regions with at least one SNP/gene for chr15 after merging: 50
2023-10-30 13:31:49 INFO::No. regions with at least one SNP/gene for chr16: 54
2023-10-30 13:31:49 INFO::No. regions with at least one SNP/gene for chr16 after merging: 54
2023-10-30 13:31:51 INFO::No. regions with at least one SNP/gene for chr17: 47
2023-10-30 13:31:51 INFO::No. regions with at least one SNP/gene for chr17 after merging: 47
2023-10-30 13:31:52 INFO::No. regions with at least one SNP/gene for chr18: 47
2023-10-30 13:31:52 INFO::No. regions with at least one SNP/gene for chr18 after merging: 47
2023-10-30 13:31:54 INFO::No. regions with at least one SNP/gene for chr19: 39
2023-10-30 13:31:54 INFO::No. regions with at least one SNP/gene for chr19 after merging: 39
2023-10-30 13:31:57 INFO::No. regions with at least one SNP/gene for chr20: 38
2023-10-30 13:31:57 INFO::No. regions with at least one SNP/gene for chr20 after merging: 38
2023-10-30 13:31:57 INFO::No. regions with at least one SNP/gene for chr21: 24
2023-10-30 13:31:57 INFO::No. regions with at least one SNP/gene for chr21 after merging: 24
2023-10-30 13:31:58 INFO::No. regions with at least one SNP/gene for chr22: 24
2023-10-30 13:31:58 INFO::No. regions with at least one SNP/gene for chr22 after merging: 24
2023-10-30 13:31:58 INFO::Trim regions with SNPs more than Inf
2023-10-30 13:31:58 INFO::Adding R matrix info, as genotype is not given
starting worker pid=3656 on localhost:11219 at 13:31:58.982
starting worker pid=3655 on localhost:11219 at 13:31:58.983
starting worker pid=3654 on localhost:11219 at 13:31:58.996
starting worker pid=3653 on localhost:11219 at 13:31:59.001
starting worker pid=3652 on localhost:11219 at 13:31:59.002
2023-10-30 13:32:01 INFO::Adding R matrix info for chrom 10 (core 4)
2023-10-30 13:32:01 INFO::Adding R matrix info for chrom 6 (core 3)
2023-10-30 13:32:01 INFO::Adding R matrix info for chrom 14 (core 5)
2023-10-30 13:32:01 INFO::Adding R matrix info for chrom 3 (core 2)
2023-10-30 13:32:01 INFO::Adding R matrix info for chrom 1 (core 1)
2023-10-30 13:33:47 INFO::Adding R matrix info for chrom 15 (core 5)
2023-10-30 13:39:38 INFO::Adding R matrix info for chrom 16 (core 5)
2023-10-30 13:39:55 INFO::Adding R matrix info for chrom 7 (core 3)
2023-10-30 13:40:07 INFO::Adding R matrix info for chrom 4 (core 2)
2023-10-30 13:41:37 INFO::Adding R matrix info for chrom 11 (core 4)
2023-10-30 13:44:53 INFO::Adding R matrix info for chrom 17 (core 5)
2023-10-30 13:49:58 INFO::Adding R matrix info for chrom 2 (core 1)
2023-10-30 13:52:04 INFO::Adding R matrix info for chrom 18 (core 5)
2023-10-30 13:52:53 INFO::Adding R matrix info for chrom 12 (core 4)
2023-10-30 13:55:16 INFO::Adding R matrix info for chrom 8 (core 3)
2023-10-30 13:58:39 INFO::Adding R matrix info for chrom 19 (core 5)
2023-10-30 14:00:44 INFO::Adding R matrix info for chrom 5 (core 2)
2023-10-30 14:04:34 INFO::Adding R matrix info for chrom 13 (core 4)
2023-10-30 14:05:26 INFO::Adding R matrix info for chrom 20 (core 5)
2023-10-30 14:10:58 INFO::Adding R matrix info for chrom 9 (core 3)
2023-10-30 14:11:41 INFO::Adding R matrix info for chrom 21 (core 5)
2023-10-30 14:12:40 INFO::Adding R matrix info for chrom 3 (core 1)
2023-10-30 14:12:55 INFO::Adding R matrix info for chrom 14 (core 4)
2023-10-30 14:14:29 INFO::Adding R matrix info for chrom 22 (core 5)
2023-10-30 14:17:57 INFO::Adding R matrix info for chrom 6 (core 2)
2023-10-30 14:22:30 INFO::Adding R matrix info for chrom 10 (core 3)
2023-10-30 14:27:50 INFO::Run susie for all regions.
2023-10-30 14:27:50 INFO::run iteration 1
starting worker pid=8534 on localhost:11219 at 14:27:50.837
starting worker pid=8530 on localhost:11219 at 14:27:50.837
starting worker pid=8532 on localhost:11219 at 14:27:50.837
starting worker pid=8536 on localhost:11219 at 14:27:50.837
starting worker pid=8531 on localhost:11219 at 14:27:50.837
starting worker pid=8533 on localhost:11219 at 14:27:50.837
starting worker pid=8535 on localhost:11219 at 14:27:50.837
starting worker pid=8537 on localhost:11219 at 14:27:50.838
starting worker pid=8529 on localhost:11219 at 14:27:50.838
starting worker pid=8538 on localhost:11219 at 14:27:50.840
2023-10-30 14:32:47 INFO::No. LD regions: 1700
2023-10-30 14:32:54 INFO::No. regions with at least one SNP/gene for chr1: 130
2023-10-30 14:32:54 INFO::No. regions with at least one SNP/gene for chr1 after merging: 130
2023-10-30 14:33:02 INFO::No. regions with at least one SNP/gene for chr2: 144
2023-10-30 14:33:02 INFO::No. regions with at least one SNP/gene for chr2 after merging: 144
2023-10-30 14:33:07 INFO::No. regions with at least one SNP/gene for chr3: 122
2023-10-30 14:33:07 INFO::No. regions with at least one SNP/gene for chr3 after merging: 122
2023-10-30 14:33:15 INFO::No. regions with at least one SNP/gene for chr4: 122
2023-10-30 14:33:15 INFO::No. regions with at least one SNP/gene for chr4 after merging: 122
2023-10-30 14:33:20 INFO::No. regions with at least one SNP/gene for chr5: 110
2023-10-30 14:33:20 INFO::No. regions with at least one SNP/gene for chr5 after merging: 110
2023-10-30 14:33:27 INFO::No. regions with at least one SNP/gene for chr6: 112
2023-10-30 14:33:27 INFO::No. regions with at least one SNP/gene for chr6 after merging: 112
2023-10-30 14:33:31 INFO::No. regions with at least one SNP/gene for chr7: 99
2023-10-30 14:33:31 INFO::No. regions with at least one SNP/gene for chr7 after merging: 99
2023-10-30 14:33:37 INFO::No. regions with at least one SNP/gene for chr8: 94
2023-10-30 14:33:37 INFO::No. regions with at least one SNP/gene for chr8 after merging: 94
2023-10-30 14:33:40 INFO::No. regions with at least one SNP/gene for chr9: 74
2023-10-30 14:33:40 INFO::No. regions with at least one SNP/gene for chr9 after merging: 74
2023-10-30 14:33:45 INFO::No. regions with at least one SNP/gene for chr10: 85
2023-10-30 14:33:45 INFO::No. regions with at least one SNP/gene for chr10 after merging: 85
2023-10-30 14:33:49 INFO::No. regions with at least one SNP/gene for chr11: 84
2023-10-30 14:33:49 INFO::No. regions with at least one SNP/gene for chr11 after merging: 84
2023-10-30 14:33:53 INFO::No. regions with at least one SNP/gene for chr12: 82
2023-10-30 14:33:53 INFO::No. regions with at least one SNP/gene for chr12 after merging: 82
2023-10-30 14:33:55 INFO::No. regions with at least one SNP/gene for chr13: 62
2023-10-30 14:33:55 INFO::No. regions with at least one SNP/gene for chr13 after merging: 62
2023-10-30 14:33:58 INFO::No. regions with at least one SNP/gene for chr14: 56
2023-10-30 14:33:58 INFO::No. regions with at least one SNP/gene for chr14 after merging: 56
2023-10-30 14:34:02 INFO::No. regions with at least one SNP/gene for chr15: 50
2023-10-30 14:34:02 INFO::No. regions with at least one SNP/gene for chr15 after merging: 50
2023-10-30 14:34:04 INFO::No. regions with at least one SNP/gene for chr16: 54
2023-10-30 14:34:04 INFO::No. regions with at least one SNP/gene for chr16 after merging: 54
2023-10-30 14:34:05 INFO::No. regions with at least one SNP/gene for chr17: 47
2023-10-30 14:34:05 INFO::No. regions with at least one SNP/gene for chr17 after merging: 47
2023-10-30 14:34:07 INFO::No. regions with at least one SNP/gene for chr18: 47
2023-10-30 14:34:07 INFO::No. regions with at least one SNP/gene for chr18 after merging: 47
2023-10-30 14:34:08 INFO::No. regions with at least one SNP/gene for chr19: 39
2023-10-30 14:34:08 INFO::No. regions with at least one SNP/gene for chr19 after merging: 39
2023-10-30 14:34:09 INFO::No. regions with at least one SNP/gene for chr20: 38
2023-10-30 14:34:09 INFO::No. regions with at least one SNP/gene for chr20 after merging: 38
2023-10-30 14:34:10 INFO::No. regions with at least one SNP/gene for chr21: 24
2023-10-30 14:34:10 INFO::No. regions with at least one SNP/gene for chr21 after merging: 24
2023-10-30 14:34:11 INFO::No. regions with at least one SNP/gene for chr22: 24
2023-10-30 14:34:11 INFO::No. regions with at least one SNP/gene for chr22 after merging: 24
2023-10-30 14:34:11 INFO::Trim regions with SNPs more than 20000
2023-10-30 14:34:11 INFO::Adding R matrix info, as genotype is not given
starting worker pid=9228 on localhost:11219 at 14:34:12.428
starting worker pid=9230 on localhost:11219 at 14:34:12.428
starting worker pid=9231 on localhost:11219 at 14:34:12.428
starting worker pid=9232 on localhost:11219 at 14:34:12.428
starting worker pid=9229 on localhost:11219 at 14:34:12.429
2023-10-30 14:34:34 INFO::Adding R matrix info for chrom 1 (core 1)
2023-10-30 14:34:34 INFO::Adding R matrix info for chrom 14 (core 5)
2023-10-30 14:34:34 INFO::Adding R matrix info for chrom 10 (core 4)
2023-10-30 14:34:34 INFO::Adding R matrix info for chrom 3 (core 2)
2023-10-30 14:34:34 INFO::Adding R matrix info for chrom 6 (core 3)
2023-10-30 14:36:48 INFO::Adding R matrix info for chrom 15 (core 5)
2023-10-30 14:43:18 INFO::Adding R matrix info for chrom 7 (core 3)
2023-10-30 14:43:24 INFO::Adding R matrix info for chrom 16 (core 5)
2023-10-30 14:43:42 INFO::Adding R matrix info for chrom 4 (core 2)
2023-10-30 14:45:31 INFO::Adding R matrix info for chrom 11 (core 4)
2023-10-30 14:49:08 INFO::Adding R matrix info for chrom 17 (core 5)
2023-10-30 14:53:35 INFO::Adding R matrix info for chrom 2 (core 1)
2023-10-30 14:56:48 INFO::Adding R matrix info for chrom 18 (core 5)
2023-10-30 14:57:23 INFO::Adding R matrix info for chrom 12 (core 4)
2023-10-30 14:59:10 INFO::Adding R matrix info for chrom 8 (core 3)
2023-10-30 15:03:37 INFO::Adding R matrix info for chrom 19 (core 5)
2023-10-30 15:05:54 INFO::Adding R matrix info for chrom 5 (core 2)
2023-10-30 15:09:54 INFO::Adding R matrix info for chrom 20 (core 5)
2023-10-30 15:09:57 INFO::Adding R matrix info for chrom 13 (core 4)
2023-10-30 15:13:46 INFO::Adding R matrix info for chrom 3 (core 1)
2023-10-30 15:15:13 INFO::Adding R matrix info for chrom 9 (core 3)
2023-10-30 15:16:26 INFO::Adding R matrix info for chrom 21 (core 5)
2023-10-30 15:19:24 INFO::Adding R matrix info for chrom 22 (core 5)
2023-10-30 15:19:26 INFO::Adding R matrix info for chrom 14 (core 4)
2023-10-30 15:24:56 INFO::Adding R matrix info for chrom 6 (core 2)
2023-10-30 15:27:38 INFO::Adding R matrix info for chrom 10 (core 3)
2023-10-30 15:34:59 INFO::Number of regions that contain strong gene signals: 0
$group_prior
         SNP         gene 
0.0003187859 0.0057119894 

$group_prior_var
      SNP      gene 
0.6092867 2.3877302 

R version 4.1.0 (2021-05-18)
Platform: x86_64-pc-linux-gnu (64-bit)
Running under: CentOS Linux 7 (Core)

Matrix products: default
BLAS/LAPACK: /software/openblas-0.3.13-el7-x86_64/lib/libopenblas_haswellp-r0.3.13.so

locale:
[1] C

attached base packages:
[1] stats     graphics  grDevices utils     datasets  methods   base     

other attached packages:
[1] data.table_1.14.6 ctwas_0.1.40     

loaded via a namespace (and not attached):
 [1] Rcpp_1.0.9        pgenlibr_0.3.2    magrittr_2.0.3    hms_1.1.2        
 [5] doParallel_1.0.17 lattice_0.20-44   R6_2.5.1          rlang_1.1.1      
 [9] foreach_1.5.2     fansi_1.0.3       tools_4.1.0       parallel_4.1.0   
[13] grid_4.1.0        logging_0.10-108  utf8_1.2.2        cli_3.6.1        
[17] iterators_1.0.14  ellipsis_0.3.2    tibble_3.1.8      lifecycle_1.0.3  
[21] crayon_1.5.2      Matrix_1.3-3      readr_2.1.3       tzdb_0.3.0       
[25] vctrs_0.6.3       codetools_0.2-18  glue_1.6.2        compiler_4.1.0   
[29] pillar_1.8.1      pkgconfig_2.0.3  
