[1] "/project2/xinhe/shengqian/cTWAS/cTWAS_analysis/data/UKBB/OxHb.txt"              
[2] "/project2/mstephens/wcrouse/UKB_LDR_0.1"                                        
[3] "/project2/compbio/predictdb/mashr_models/mashr_Artery_Coronary.db"              
[4] "/project2/xinhe/shengqian/cTWAS/cTWAS_analysis/code/ctwas_config_b38.R"         
[5] "OxHb_Artery_Coronary_expr"                                                      
[6] "OxHb_Artery_Coronary_ctwas"                                                     
[7] "/project2/xinhe/shengqian/cTWAS/cTWAS_analysis/data/TIBETN/OxHb/Artery_Coronary"
[1] "skip parameter estimation"
[1] "start fine mapping"
2023-10-29 22:10:16 INFO::ctwas started ...
2023-10-29 22:11:19 INFO::LD region file: /home/shengqian/R/x86_64-pc-linux-gnu-library/4.1/ctwas/extdata/ldetect/EUR.b38.bed
2023-10-29 22:11:21 INFO::No. LD regions: 1700
2023-10-29 22:11:34 INFO::No. regions with at least one SNP/gene for chr1: 130
2023-10-29 22:11:34 INFO::No. regions with at least one SNP/gene for chr1 after merging: 130
2023-10-29 22:11:49 INFO::No. regions with at least one SNP/gene for chr2: 143
2023-10-29 22:11:49 INFO::No. regions with at least one SNP/gene for chr2 after merging: 143
2023-10-29 22:11:59 INFO::No. regions with at least one SNP/gene for chr3: 122
2023-10-29 22:11:59 INFO::No. regions with at least one SNP/gene for chr3 after merging: 122
2023-10-29 22:12:13 INFO::No. regions with at least one SNP/gene for chr4: 122
2023-10-29 22:12:13 INFO::No. regions with at least one SNP/gene for chr4 after merging: 122
2023-10-29 22:12:22 INFO::No. regions with at least one SNP/gene for chr5: 110
2023-10-29 22:12:22 INFO::No. regions with at least one SNP/gene for chr5 after merging: 110
2023-10-29 22:12:34 INFO::No. regions with at least one SNP/gene for chr6: 112
2023-10-29 22:12:34 INFO::No. regions with at least one SNP/gene for chr6 after merging: 112
2023-10-29 22:12:44 INFO::No. regions with at least one SNP/gene for chr7: 98
2023-10-29 22:12:44 INFO::No. regions with at least one SNP/gene for chr7 after merging: 98
2023-10-29 22:12:53 INFO::No. regions with at least one SNP/gene for chr8: 94
2023-10-29 22:12:53 INFO::No. regions with at least one SNP/gene for chr8 after merging: 94
2023-10-29 22:12:59 INFO::No. regions with at least one SNP/gene for chr9: 74
2023-10-29 22:12:59 INFO::No. regions with at least one SNP/gene for chr9 after merging: 74
2023-10-29 22:13:08 INFO::No. regions with at least one SNP/gene for chr10: 85
2023-10-29 22:13:08 INFO::No. regions with at least one SNP/gene for chr10 after merging: 85
2023-10-29 22:13:15 INFO::No. regions with at least one SNP/gene for chr11: 84
2023-10-29 22:13:15 INFO::No. regions with at least one SNP/gene for chr11 after merging: 84
2023-10-29 22:13:22 INFO::No. regions with at least one SNP/gene for chr12: 82
2023-10-29 22:13:22 INFO::No. regions with at least one SNP/gene for chr12 after merging: 82
2023-10-29 22:13:29 INFO::No. regions with at least one SNP/gene for chr13: 62
2023-10-29 22:13:29 INFO::No. regions with at least one SNP/gene for chr13 after merging: 62
2023-10-29 22:13:33 INFO::No. regions with at least one SNP/gene for chr14: 56
2023-10-29 22:13:33 INFO::No. regions with at least one SNP/gene for chr14 after merging: 56
2023-10-29 22:13:40 INFO::No. regions with at least one SNP/gene for chr15: 50
2023-10-29 22:13:40 INFO::No. regions with at least one SNP/gene for chr15 after merging: 50
2023-10-29 22:13:43 INFO::No. regions with at least one SNP/gene for chr16: 54
2023-10-29 22:13:43 INFO::No. regions with at least one SNP/gene for chr16 after merging: 54
2023-10-29 22:13:45 INFO::No. regions with at least one SNP/gene for chr17: 47
2023-10-29 22:13:45 INFO::No. regions with at least one SNP/gene for chr17 after merging: 47
2023-10-29 22:13:48 INFO::No. regions with at least one SNP/gene for chr18: 47
2023-10-29 22:13:48 INFO::No. regions with at least one SNP/gene for chr18 after merging: 47
2023-10-29 22:13:50 INFO::No. regions with at least one SNP/gene for chr19: 39
2023-10-29 22:13:51 INFO::No. regions with at least one SNP/gene for chr19 after merging: 39
2023-10-29 22:13:53 INFO::No. regions with at least one SNP/gene for chr20: 38
2023-10-29 22:13:53 INFO::No. regions with at least one SNP/gene for chr20 after merging: 38
2023-10-29 22:13:55 INFO::No. regions with at least one SNP/gene for chr21: 24
2023-10-29 22:13:55 INFO::No. regions with at least one SNP/gene for chr21 after merging: 24
2023-10-29 22:13:56 INFO::No. regions with at least one SNP/gene for chr22: 24
2023-10-29 22:13:56 INFO::No. regions with at least one SNP/gene for chr22 after merging: 24
2023-10-29 22:13:56 INFO::Trim regions with SNPs more than Inf
2023-10-29 22:13:56 INFO::Adding R matrix info, as genotype is not given
starting worker pid=30113 on localhost:11613 at 22:13:57.450
starting worker pid=30116 on localhost:11613 at 22:13:57.450
starting worker pid=30115 on localhost:11613 at 22:13:57.450
starting worker pid=30112 on localhost:11613 at 22:13:57.451
starting worker pid=30114 on localhost:11613 at 22:13:57.451
2023-10-29 22:14:01 INFO::Adding R matrix info for chrom 1 (core 1)
2023-10-29 22:14:01 INFO::Adding R matrix info for chrom 14 (core 5)
2023-10-29 22:14:01 INFO::Adding R matrix info for chrom 10 (core 4)
2023-10-29 22:14:01 INFO::Adding R matrix info for chrom 6 (core 3)
2023-10-29 22:14:01 INFO::Adding R matrix info for chrom 3 (core 2)
2023-10-29 22:17:27 INFO::Adding R matrix info for chrom 15 (core 5)
2023-10-29 22:29:22 INFO::Adding R matrix info for chrom 16 (core 5)
2023-10-29 22:29:28 INFO::Adding R matrix info for chrom 7 (core 3)
2023-10-29 22:30:07 INFO::Adding R matrix info for chrom 4 (core 2)
2023-10-29 22:32:13 INFO::Adding R matrix info for chrom 11 (core 4)
2023-10-29 22:39:50 INFO::Adding R matrix info for chrom 17 (core 5)
2023-10-29 22:46:59 INFO::Adding R matrix info for chrom 2 (core 1)
2023-10-29 22:54:08 INFO::Adding R matrix info for chrom 18 (core 5)
2023-10-29 22:54:49 INFO::Adding R matrix info for chrom 12 (core 4)
2023-10-29 22:59:02 INFO::Adding R matrix info for chrom 8 (core 3)
2023-10-29 23:07:03 INFO::Adding R matrix info for chrom 19 (core 5)
2023-10-29 23:09:35 INFO::Adding R matrix info for chrom 5 (core 2)
2023-10-29 23:18:06 INFO::Adding R matrix info for chrom 13 (core 4)
2023-10-29 23:19:05 INFO::Adding R matrix info for chrom 20 (core 5)
2023-10-29 23:25:47 INFO::Adding R matrix info for chrom 3 (core 1)
2023-10-29 23:28:50 INFO::Adding R matrix info for chrom 9 (core 3)
2023-10-29 23:30:51 INFO::Adding R matrix info for chrom 21 (core 5)
2023-10-29 23:34:36 INFO::Adding R matrix info for chrom 14 (core 4)
2023-10-29 23:36:20 INFO::Adding R matrix info for chrom 22 (core 5)
2023-10-29 23:43:28 INFO::Adding R matrix info for chrom 6 (core 2)
2023-10-29 23:50:37 INFO::Adding R matrix info for chrom 10 (core 3)
2023-10-30 00:00:28 INFO::Run susie for all regions.
2023-10-30 00:00:28 INFO::run iteration 1
starting worker pid=39849 on localhost:11613 at 00:00:29.278
starting worker pid=39854 on localhost:11613 at 00:00:29.278
starting worker pid=39853 on localhost:11613 at 00:00:29.279
starting worker pid=39852 on localhost:11613 at 00:00:29.279
starting worker pid=39845 on localhost:11613 at 00:00:29.279
starting worker pid=39846 on localhost:11613 at 00:00:29.279
starting worker pid=39851 on localhost:11613 at 00:00:29.279
starting worker pid=39847 on localhost:11613 at 00:00:29.279
starting worker pid=39850 on localhost:11613 at 00:00:29.279
starting worker pid=39848 on localhost:11613 at 00:00:29.279
2023-10-30 00:08:07 INFO::No. LD regions: 1700
2023-10-30 00:08:21 INFO::No. regions with at least one SNP/gene for chr1: 130
2023-10-30 00:08:21 INFO::No. regions with at least one SNP/gene for chr1 after merging: 130
2023-10-30 00:08:37 INFO::No. regions with at least one SNP/gene for chr2: 144
2023-10-30 00:08:37 INFO::No. regions with at least one SNP/gene for chr2 after merging: 144
2023-10-30 00:08:49 INFO::No. regions with at least one SNP/gene for chr3: 122
2023-10-30 00:08:49 INFO::No. regions with at least one SNP/gene for chr3 after merging: 122
2023-10-30 00:09:02 INFO::No. regions with at least one SNP/gene for chr4: 122
2023-10-30 00:09:02 INFO::No. regions with at least one SNP/gene for chr4 after merging: 122
2023-10-30 00:09:15 INFO::No. regions with at least one SNP/gene for chr5: 110
2023-10-30 00:09:15 INFO::No. regions with at least one SNP/gene for chr5 after merging: 110
2023-10-30 00:09:27 INFO::No. regions with at least one SNP/gene for chr6: 112
2023-10-30 00:09:27 INFO::No. regions with at least one SNP/gene for chr6 after merging: 112
2023-10-30 00:09:39 INFO::No. regions with at least one SNP/gene for chr7: 99
2023-10-30 00:09:39 INFO::No. regions with at least one SNP/gene for chr7 after merging: 99
2023-10-30 00:09:49 INFO::No. regions with at least one SNP/gene for chr8: 94
2023-10-30 00:09:49 INFO::No. regions with at least one SNP/gene for chr8 after merging: 94
2023-10-30 00:09:56 INFO::No. regions with at least one SNP/gene for chr9: 74
2023-10-30 00:09:56 INFO::No. regions with at least one SNP/gene for chr9 after merging: 74
2023-10-30 00:10:01 INFO::No. regions with at least one SNP/gene for chr10: 85
2023-10-30 00:10:01 INFO::No. regions with at least one SNP/gene for chr10 after merging: 85
2023-10-30 00:10:08 INFO::No. regions with at least one SNP/gene for chr11: 84
2023-10-30 00:10:08 INFO::No. regions with at least one SNP/gene for chr11 after merging: 84
2023-10-30 00:10:14 INFO::No. regions with at least one SNP/gene for chr12: 82
2023-10-30 00:10:14 INFO::No. regions with at least one SNP/gene for chr12 after merging: 82
2023-10-30 00:10:18 INFO::No. regions with at least one SNP/gene for chr13: 62
2023-10-30 00:10:18 INFO::No. regions with at least one SNP/gene for chr13 after merging: 62
2023-10-30 00:10:22 INFO::No. regions with at least one SNP/gene for chr14: 56
2023-10-30 00:10:22 INFO::No. regions with at least one SNP/gene for chr14 after merging: 56
2023-10-30 00:10:25 INFO::No. regions with at least one SNP/gene for chr15: 50
2023-10-30 00:10:25 INFO::No. regions with at least one SNP/gene for chr15 after merging: 50
2023-10-30 00:10:28 INFO::No. regions with at least one SNP/gene for chr16: 54
2023-10-30 00:10:28 INFO::No. regions with at least one SNP/gene for chr16 after merging: 54
2023-10-30 00:10:31 INFO::No. regions with at least one SNP/gene for chr17: 47
2023-10-30 00:10:31 INFO::No. regions with at least one SNP/gene for chr17 after merging: 47
2023-10-30 00:10:34 INFO::No. regions with at least one SNP/gene for chr18: 47
2023-10-30 00:10:34 INFO::No. regions with at least one SNP/gene for chr18 after merging: 47
2023-10-30 00:10:37 INFO::No. regions with at least one SNP/gene for chr19: 39
2023-10-30 00:10:37 INFO::No. regions with at least one SNP/gene for chr19 after merging: 39
2023-10-30 00:10:39 INFO::No. regions with at least one SNP/gene for chr20: 38
2023-10-30 00:10:39 INFO::No. regions with at least one SNP/gene for chr20 after merging: 38
2023-10-30 00:10:41 INFO::No. regions with at least one SNP/gene for chr21: 24
2023-10-30 00:10:41 INFO::No. regions with at least one SNP/gene for chr21 after merging: 24
2023-10-30 00:10:43 INFO::No. regions with at least one SNP/gene for chr22: 24
2023-10-30 00:10:43 INFO::No. regions with at least one SNP/gene for chr22 after merging: 24
2023-10-30 00:10:43 INFO::Trim regions with SNPs more than 20000
2023-10-30 00:10:43 INFO::Adding R matrix info, as genotype is not given
starting worker pid=40864 on localhost:11613 at 00:10:44.554
starting worker pid=40861 on localhost:11613 at 00:10:44.554
starting worker pid=40862 on localhost:11613 at 00:10:44.554
starting worker pid=40863 on localhost:11613 at 00:10:44.555
starting worker pid=40865 on localhost:11613 at 00:10:44.555
2023-10-30 00:11:25 INFO::Adding R matrix info for chrom 14 (core 5)
2023-10-30 00:11:25 INFO::Adding R matrix info for chrom 1 (core 1)
2023-10-30 00:11:25 INFO::Adding R matrix info for chrom 6 (core 3)
2023-10-30 00:11:25 INFO::Adding R matrix info for chrom 10 (core 4)
2023-10-30 00:11:25 INFO::Adding R matrix info for chrom 3 (core 2)
2023-10-30 00:15:17 INFO::Adding R matrix info for chrom 15 (core 5)
2023-10-30 00:26:45 INFO::Adding R matrix info for chrom 16 (core 5)
2023-10-30 00:28:00 INFO::Adding R matrix info for chrom 7 (core 3)
2023-10-30 00:29:15 INFO::Adding R matrix info for chrom 4 (core 2)
2023-10-30 00:33:03 INFO::Adding R matrix info for chrom 11 (core 4)
2023-10-30 00:36:51 INFO::Adding R matrix info for chrom 17 (core 5)
2023-10-30 00:50:03 INFO::Adding R matrix info for chrom 2 (core 1)
2023-10-30 00:50:08 INFO::Adding R matrix info for chrom 18 (core 5)
2023-10-30 00:57:14 INFO::Adding R matrix info for chrom 12 (core 4)
2023-10-30 00:59:42 INFO::Adding R matrix info for chrom 8 (core 3)
2023-10-30 01:02:07 INFO::Adding R matrix info for chrom 19 (core 5)
2023-10-30 01:11:49 INFO::Adding R matrix info for chrom 5 (core 2)
2023-10-30 01:13:17 INFO::Adding R matrix info for chrom 20 (core 5)
2023-10-30 01:21:30 INFO::Adding R matrix info for chrom 13 (core 4)
2023-10-30 01:24:05 INFO::Adding R matrix info for chrom 21 (core 5)
2023-10-30 01:29:11 INFO::Adding R matrix info for chrom 22 (core 5)
2023-10-30 01:30:31 INFO::Adding R matrix info for chrom 9 (core 3)
2023-10-30 01:35:58 INFO::Adding R matrix info for chrom 3 (core 1)
2023-10-30 01:38:33 INFO::Adding R matrix info for chrom 14 (core 4)
2023-10-30 01:46:16 INFO::Adding R matrix info for chrom 6 (core 2)
2023-10-30 01:53:12 INFO::Adding R matrix info for chrom 10 (core 3)
2023-10-30 02:07:49 INFO::Number of regions that contain strong gene signals: 0
$group_prior
         SNP         gene 
0.0003184855 0.0044369815 

$group_prior_var
      SNP      gene 
0.6125319 0.5950358 

R version 4.1.0 (2021-05-18)
Platform: x86_64-pc-linux-gnu (64-bit)
Running under: CentOS Linux 7 (Core)

Matrix products: default
BLAS/LAPACK: /software/openblas-0.3.13-el7-x86_64/lib/libopenblas_haswellp-r0.3.13.so

locale:
[1] C

attached base packages:
[1] stats     graphics  grDevices utils     datasets  methods   base     

other attached packages:
[1] data.table_1.14.6 ctwas_0.1.40     

loaded via a namespace (and not attached):
 [1] Rcpp_1.0.9        pgenlibr_0.3.2    magrittr_2.0.3    hms_1.1.2        
 [5] doParallel_1.0.17 lattice_0.20-44   R6_2.5.1          rlang_1.1.1      
 [9] foreach_1.5.2     fansi_1.0.3       tools_4.1.0       parallel_4.1.0   
[13] grid_4.1.0        logging_0.10-108  utf8_1.2.2        cli_3.6.1        
[17] iterators_1.0.14  ellipsis_0.3.2    tibble_3.1.8      lifecycle_1.0.3  
[21] crayon_1.5.2      Matrix_1.3-3      readr_2.1.3       tzdb_0.3.0       
[25] vctrs_0.6.3       codetools_0.2-18  glue_1.6.2        compiler_4.1.0   
[29] pillar_1.8.1      pkgconfig_2.0.3  
