[1] "/project2/xinhe/shengqian/cTWAS/cTWAS_analysis/data/UKBB/OxHb.txt"            
[2] "/project2/mstephens/wcrouse/UKB_LDR_0.1"                                      
[3] "/project2/compbio/predictdb/mashr_models/mashr_Artery_Tibial.db"              
[4] "/project2/xinhe/shengqian/cTWAS/cTWAS_analysis/code/ctwas_config_b38.R"       
[5] "OxHb_Artery_Tibial_expr"                                                      
[6] "OxHb_Artery_Tibial_ctwas"                                                     
[7] "/project2/xinhe/shengqian/cTWAS/cTWAS_analysis/data/TIBETN/OxHb/Artery_Tibial"
[1] "skip parameter estimation"
[1] "start fine mapping"
2023-10-30 13:29:50 INFO::ctwas started ...
2023-10-30 13:30:42 INFO::LD region file: /home/shengqian/R/x86_64-pc-linux-gnu-library/4.1/ctwas/extdata/ldetect/EUR.b38.bed
2023-10-30 13:30:44 INFO::No. LD regions: 1700
2023-10-30 13:30:49 INFO::No. regions with at least one SNP/gene for chr1: 130
2023-10-30 13:30:49 INFO::No. regions with at least one SNP/gene for chr1 after merging: 130
2023-10-30 13:30:55 INFO::No. regions with at least one SNP/gene for chr2: 143
2023-10-30 13:30:55 INFO::No. regions with at least one SNP/gene for chr2 after merging: 143
2023-10-30 13:30:59 INFO::No. regions with at least one SNP/gene for chr3: 122
2023-10-30 13:30:59 INFO::No. regions with at least one SNP/gene for chr3 after merging: 122
2023-10-30 13:31:05 INFO::No. regions with at least one SNP/gene for chr4: 122
2023-10-30 13:31:05 INFO::No. regions with at least one SNP/gene for chr4 after merging: 122
2023-10-30 13:31:12 INFO::No. regions with at least one SNP/gene for chr5: 110
2023-10-30 13:31:12 INFO::No. regions with at least one SNP/gene for chr5 after merging: 110
2023-10-30 13:31:18 INFO::No. regions with at least one SNP/gene for chr6: 112
2023-10-30 13:31:18 INFO::No. regions with at least one SNP/gene for chr6 after merging: 112
2023-10-30 13:31:23 INFO::No. regions with at least one SNP/gene for chr7: 98
2023-10-30 13:31:23 INFO::No. regions with at least one SNP/gene for chr7 after merging: 98
2023-10-30 13:31:27 INFO::No. regions with at least one SNP/gene for chr8: 94
2023-10-30 13:31:27 INFO::No. regions with at least one SNP/gene for chr8 after merging: 94
2023-10-30 13:31:30 INFO::No. regions with at least one SNP/gene for chr9: 74
2023-10-30 13:31:30 INFO::No. regions with at least one SNP/gene for chr9 after merging: 74
2023-10-30 13:31:34 INFO::No. regions with at least one SNP/gene for chr10: 85
2023-10-30 13:31:34 INFO::No. regions with at least one SNP/gene for chr10 after merging: 85
2023-10-30 13:31:38 INFO::No. regions with at least one SNP/gene for chr11: 84
2023-10-30 13:31:38 INFO::No. regions with at least one SNP/gene for chr11 after merging: 84
2023-10-30 13:31:42 INFO::No. regions with at least one SNP/gene for chr12: 82
2023-10-30 13:31:42 INFO::No. regions with at least one SNP/gene for chr12 after merging: 82
2023-10-30 13:31:44 INFO::No. regions with at least one SNP/gene for chr13: 62
2023-10-30 13:31:44 INFO::No. regions with at least one SNP/gene for chr13 after merging: 62
2023-10-30 13:31:47 INFO::No. regions with at least one SNP/gene for chr14: 56
2023-10-30 13:31:47 INFO::No. regions with at least one SNP/gene for chr14 after merging: 56
2023-10-30 13:31:48 INFO::No. regions with at least one SNP/gene for chr15: 50
2023-10-30 13:31:48 INFO::No. regions with at least one SNP/gene for chr15 after merging: 50
2023-10-30 13:31:50 INFO::No. regions with at least one SNP/gene for chr16: 54
2023-10-30 13:31:50 INFO::No. regions with at least one SNP/gene for chr16 after merging: 54
2023-10-30 13:31:53 INFO::No. regions with at least one SNP/gene for chr17: 47
2023-10-30 13:31:53 INFO::No. regions with at least one SNP/gene for chr17 after merging: 47
2023-10-30 13:31:54 INFO::No. regions with at least one SNP/gene for chr18: 47
2023-10-30 13:31:54 INFO::No. regions with at least one SNP/gene for chr18 after merging: 47
2023-10-30 13:31:57 INFO::No. regions with at least one SNP/gene for chr19: 39
2023-10-30 13:31:57 INFO::No. regions with at least one SNP/gene for chr19 after merging: 39
2023-10-30 13:32:00 INFO::No. regions with at least one SNP/gene for chr20: 38
2023-10-30 13:32:00 INFO::No. regions with at least one SNP/gene for chr20 after merging: 38
2023-10-30 13:32:00 INFO::No. regions with at least one SNP/gene for chr21: 24
2023-10-30 13:32:00 INFO::No. regions with at least one SNP/gene for chr21 after merging: 24
2023-10-30 13:32:01 INFO::No. regions with at least one SNP/gene for chr22: 24
2023-10-30 13:32:01 INFO::No. regions with at least one SNP/gene for chr22 after merging: 24
2023-10-30 13:32:01 INFO::Trim regions with SNPs more than Inf
2023-10-30 13:32:01 INFO::Adding R matrix info, as genotype is not given
starting worker pid=20502 on localhost:11230 at 13:32:02.123
starting worker pid=20498 on localhost:11230 at 13:32:02.130
starting worker pid=20500 on localhost:11230 at 13:32:02.130
starting worker pid=20501 on localhost:11230 at 13:32:02.155
starting worker pid=20499 on localhost:11230 at 13:32:02.162
2023-10-30 13:32:04 INFO::Adding R matrix info for chrom 6 (core 3)
2023-10-30 13:32:04 INFO::Adding R matrix info for chrom 10 (core 4)
2023-10-30 13:32:04 INFO::Adding R matrix info for chrom 3 (core 2)
2023-10-30 13:32:04 INFO::Adding R matrix info for chrom 14 (core 5)
2023-10-30 13:32:04 INFO::Adding R matrix info for chrom 1 (core 1)
2023-10-30 13:33:56 INFO::Adding R matrix info for chrom 15 (core 5)
2023-10-30 13:38:29 INFO::Adding R matrix info for chrom 7 (core 3)
2023-10-30 13:38:49 INFO::Adding R matrix info for chrom 4 (core 2)
2023-10-30 13:40:15 INFO::Adding R matrix info for chrom 16 (core 5)
2023-10-30 13:41:58 INFO::Adding R matrix info for chrom 11 (core 4)
2023-10-30 13:45:51 INFO::Adding R matrix info for chrom 17 (core 5)
2023-10-30 13:50:38 INFO::Adding R matrix info for chrom 8 (core 3)
2023-10-30 13:51:10 INFO::Adding R matrix info for chrom 2 (core 1)
2023-10-30 13:53:25 INFO::Adding R matrix info for chrom 18 (core 5)
2023-10-30 13:53:35 INFO::Adding R matrix info for chrom 12 (core 4)
2023-10-30 13:55:23 INFO::Adding R matrix info for chrom 5 (core 2)
2023-10-30 14:00:03 INFO::Adding R matrix info for chrom 19 (core 5)
2023-10-30 14:02:42 INFO::Adding R matrix info for chrom 9 (core 3)
2023-10-30 14:05:37 INFO::Adding R matrix info for chrom 13 (core 4)
2023-10-30 14:06:48 INFO::Adding R matrix info for chrom 20 (core 5)
2023-10-30 14:09:34 INFO::Adding R matrix info for chrom 6 (core 2)
2023-10-30 14:12:05 INFO::Adding R matrix info for chrom 10 (core 3)
2023-10-30 14:13:05 INFO::Adding R matrix info for chrom 21 (core 5)
2023-10-30 14:13:37 INFO::Adding R matrix info for chrom 3 (core 1)
2023-10-30 14:14:08 INFO::Adding R matrix info for chrom 14 (core 4)
2023-10-30 14:15:39 INFO::Adding R matrix info for chrom 22 (core 5)
2023-10-30 14:22:08 INFO::Run susie for all regions.
2023-10-30 14:22:08 INFO::run iteration 1
starting worker pid=24984 on localhost:11230 at 14:22:08.893
starting worker pid=24991 on localhost:11230 at 14:22:08.893
starting worker pid=24988 on localhost:11230 at 14:22:08.893
starting worker pid=24993 on localhost:11230 at 14:22:08.893
starting worker pid=24989 on localhost:11230 at 14:22:08.894
starting worker pid=24990 on localhost:11230 at 14:22:08.894
starting worker pid=24985 on localhost:11230 at 14:22:08.894
starting worker pid=24992 on localhost:11230 at 14:22:08.895
starting worker pid=24986 on localhost:11230 at 14:22:08.898
starting worker pid=24987 on localhost:11230 at 14:22:08.902
2023-10-30 14:27:02 INFO::No. LD regions: 1700
2023-10-30 14:27:09 INFO::No. regions with at least one SNP/gene for chr1: 130
2023-10-30 14:27:09 INFO::No. regions with at least one SNP/gene for chr1 after merging: 130
2023-10-30 14:27:17 INFO::No. regions with at least one SNP/gene for chr2: 144
2023-10-30 14:27:17 INFO::No. regions with at least one SNP/gene for chr2 after merging: 144
2023-10-30 14:27:22 INFO::No. regions with at least one SNP/gene for chr3: 122
2023-10-30 14:27:22 INFO::No. regions with at least one SNP/gene for chr3 after merging: 122
2023-10-30 14:27:27 INFO::No. regions with at least one SNP/gene for chr4: 122
2023-10-30 14:27:27 INFO::No. regions with at least one SNP/gene for chr4 after merging: 122
2023-10-30 14:27:33 INFO::No. regions with at least one SNP/gene for chr5: 110
2023-10-30 14:27:33 INFO::No. regions with at least one SNP/gene for chr5 after merging: 110
2023-10-30 14:27:39 INFO::No. regions with at least one SNP/gene for chr6: 112
2023-10-30 14:27:39 INFO::No. regions with at least one SNP/gene for chr6 after merging: 112
2023-10-30 14:27:44 INFO::No. regions with at least one SNP/gene for chr7: 99
2023-10-30 14:27:44 INFO::No. regions with at least one SNP/gene for chr7 after merging: 99
2023-10-30 14:27:49 INFO::No. regions with at least one SNP/gene for chr8: 94
2023-10-30 14:27:49 INFO::No. regions with at least one SNP/gene for chr8 after merging: 94
2023-10-30 14:27:53 INFO::No. regions with at least one SNP/gene for chr9: 74
2023-10-30 14:27:53 INFO::No. regions with at least one SNP/gene for chr9 after merging: 74
2023-10-30 14:27:58 INFO::No. regions with at least one SNP/gene for chr10: 85
2023-10-30 14:27:58 INFO::No. regions with at least one SNP/gene for chr10 after merging: 85
2023-10-30 14:28:00 INFO::No. regions with at least one SNP/gene for chr11: 84
2023-10-30 14:28:00 INFO::No. regions with at least one SNP/gene for chr11 after merging: 84
2023-10-30 14:28:03 INFO::No. regions with at least one SNP/gene for chr12: 82
2023-10-30 14:28:03 INFO::No. regions with at least one SNP/gene for chr12 after merging: 82
2023-10-30 14:28:05 INFO::No. regions with at least one SNP/gene for chr13: 62
2023-10-30 14:28:05 INFO::No. regions with at least one SNP/gene for chr13 after merging: 62
2023-10-30 14:28:07 INFO::No. regions with at least one SNP/gene for chr14: 56
2023-10-30 14:28:07 INFO::No. regions with at least one SNP/gene for chr14 after merging: 56
2023-10-30 14:28:09 INFO::No. regions with at least one SNP/gene for chr15: 50
2023-10-30 14:28:09 INFO::No. regions with at least one SNP/gene for chr15 after merging: 50
2023-10-30 14:28:11 INFO::No. regions with at least one SNP/gene for chr16: 54
2023-10-30 14:28:11 INFO::No. regions with at least one SNP/gene for chr16 after merging: 54
2023-10-30 14:28:13 INFO::No. regions with at least one SNP/gene for chr17: 47
2023-10-30 14:28:13 INFO::No. regions with at least one SNP/gene for chr17 after merging: 47
2023-10-30 14:28:15 INFO::No. regions with at least one SNP/gene for chr18: 47
2023-10-30 14:28:15 INFO::No. regions with at least one SNP/gene for chr18 after merging: 47
2023-10-30 14:28:16 INFO::No. regions with at least one SNP/gene for chr19: 39
2023-10-30 14:28:16 INFO::No. regions with at least one SNP/gene for chr19 after merging: 39
2023-10-30 14:28:17 INFO::No. regions with at least one SNP/gene for chr20: 38
2023-10-30 14:28:17 INFO::No. regions with at least one SNP/gene for chr20 after merging: 38
2023-10-30 14:28:18 INFO::No. regions with at least one SNP/gene for chr21: 24
2023-10-30 14:28:18 INFO::No. regions with at least one SNP/gene for chr21 after merging: 24
2023-10-30 14:28:19 INFO::No. regions with at least one SNP/gene for chr22: 24
2023-10-30 14:28:19 INFO::No. regions with at least one SNP/gene for chr22 after merging: 24
2023-10-30 14:28:19 INFO::Trim regions with SNPs more than 20000
2023-10-30 14:28:19 INFO::Adding R matrix info, as genotype is not given
starting worker pid=25643 on localhost:11230 at 14:28:20.803
starting worker pid=25646 on localhost:11230 at 14:28:20.803
starting worker pid=25644 on localhost:11230 at 14:28:20.803
starting worker pid=25642 on localhost:11230 at 14:28:20.804
starting worker pid=25645 on localhost:11230 at 14:28:20.804
2023-10-30 14:28:40 INFO::Adding R matrix info for chrom 14 (core 5)
2023-10-30 14:28:40 INFO::Adding R matrix info for chrom 1 (core 1)
2023-10-30 14:28:40 INFO::Adding R matrix info for chrom 6 (core 3)
2023-10-30 14:28:40 INFO::Adding R matrix info for chrom 10 (core 4)
2023-10-30 14:28:40 INFO::Adding R matrix info for chrom 3 (core 2)
2023-10-30 14:30:49 INFO::Adding R matrix info for chrom 15 (core 5)
2023-10-30 14:36:00 INFO::Adding R matrix info for chrom 4 (core 2)
2023-10-30 14:37:10 INFO::Adding R matrix info for chrom 16 (core 5)
2023-10-30 14:37:10 INFO::Adding R matrix info for chrom 7 (core 3)
2023-10-30 14:37:29 INFO::Adding R matrix info for chrom 11 (core 4)
2023-10-30 14:42:49 INFO::Adding R matrix info for chrom 17 (core 5)
2023-10-30 14:47:13 INFO::Adding R matrix info for chrom 12 (core 4)
2023-10-30 14:48:22 INFO::Adding R matrix info for chrom 2 (core 1)
2023-10-30 14:50:48 INFO::Adding R matrix info for chrom 18 (core 5)
2023-10-30 14:53:09 INFO::Adding R matrix info for chrom 8 (core 3)
2023-10-30 14:53:36 INFO::Adding R matrix info for chrom 5 (core 2)
2023-10-30 14:57:20 INFO::Adding R matrix info for chrom 13 (core 4)
2023-10-30 14:57:29 INFO::Adding R matrix info for chrom 19 (core 5)
2023-10-30 15:03:47 INFO::Adding R matrix info for chrom 20 (core 5)
2023-10-30 15:04:11 INFO::Adding R matrix info for chrom 14 (core 4)
2023-10-30 15:08:03 INFO::Adding R matrix info for chrom 6 (core 2)
2023-10-30 15:08:47 INFO::Adding R matrix info for chrom 9 (core 3)
2023-10-30 15:10:02 INFO::Adding R matrix info for chrom 21 (core 5)
2023-10-30 15:11:14 INFO::Adding R matrix info for chrom 3 (core 1)
2023-10-30 15:12:43 INFO::Adding R matrix info for chrom 22 (core 5)
2023-10-30 15:20:12 INFO::Adding R matrix info for chrom 10 (core 3)
2023-10-30 15:23:23 INFO::Number of regions that contain strong gene signals: 0
$group_prior
         SNP         gene 
0.0003195873 0.0036442510 

$group_prior_var
      SNP      gene 
0.6292750 0.5583898 

R version 4.1.0 (2021-05-18)
Platform: x86_64-pc-linux-gnu (64-bit)
Running under: CentOS Linux 7 (Core)

Matrix products: default
BLAS/LAPACK: /software/openblas-0.3.13-el7-x86_64/lib/libopenblas_haswellp-r0.3.13.so

locale:
[1] C

attached base packages:
[1] stats     graphics  grDevices utils     datasets  methods   base     

other attached packages:
[1] data.table_1.14.6 ctwas_0.1.40     

loaded via a namespace (and not attached):
 [1] Rcpp_1.0.9        pgenlibr_0.3.2    magrittr_2.0.3    hms_1.1.2        
 [5] doParallel_1.0.17 lattice_0.20-44   R6_2.5.1          rlang_1.1.1      
 [9] foreach_1.5.2     fansi_1.0.3       tools_4.1.0       parallel_4.1.0   
[13] grid_4.1.0        logging_0.10-108  utf8_1.2.2        cli_3.6.1        
[17] iterators_1.0.14  ellipsis_0.3.2    tibble_3.1.8      lifecycle_1.0.3  
[21] crayon_1.5.2      Matrix_1.3-3      readr_2.1.3       tzdb_0.3.0       
[25] vctrs_0.6.3       codetools_0.2-18  glue_1.6.2        compiler_4.1.0   
[29] pillar_1.8.1      pkgconfig_2.0.3  
