[1] "/project2/xinhe/shengqian/cTWAS/cTWAS_analysis/data/UKBB/Pulse.txt"       
[2] "/project2/mstephens/wcrouse/UKB_LDR_0.1"                                  
[3] "/project2/compbio/predictdb/mashr_models/mashr_Pancreas.db"               
[4] "/project2/xinhe/shengqian/cTWAS/cTWAS_analysis/code/ctwas_config_b38.R"   
[5] "Pulse_Pancreas_expr"                                                      
[6] "Pulse_Pancreas_ctwas"                                                     
[7] "/project2/xinhe/shengqian/cTWAS/cTWAS_analysis/data/TIBETN/Pulse/Pancreas"
[1] "skip parameter estimation"
[1] "start fine mapping"
2023-11-09 13:51:49 INFO::ctwas started ...
2023-11-09 13:52:52 INFO::LD region file: /home/shengqian/R/x86_64-pc-linux-gnu-library/4.1/ctwas/extdata/ldetect/EUR.b38.bed
2023-11-09 13:52:54 INFO::No. LD regions: 1700
2023-11-09 13:53:08 INFO::No. regions with at least one SNP/gene for chr1: 130
2023-11-09 13:53:08 INFO::No. regions with at least one SNP/gene for chr1 after merging: 130
2023-11-09 13:53:24 INFO::No. regions with at least one SNP/gene for chr2: 143
2023-11-09 13:53:24 INFO::No. regions with at least one SNP/gene for chr2 after merging: 143
2023-11-09 13:53:34 INFO::No. regions with at least one SNP/gene for chr3: 122
2023-11-09 13:53:34 INFO::No. regions with at least one SNP/gene for chr3 after merging: 122
2023-11-09 13:53:45 INFO::No. regions with at least one SNP/gene for chr4: 122
2023-11-09 13:53:45 INFO::No. regions with at least one SNP/gene for chr4 after merging: 122
2023-11-09 13:53:55 INFO::No. regions with at least one SNP/gene for chr5: 110
2023-11-09 13:53:55 INFO::No. regions with at least one SNP/gene for chr5 after merging: 110
2023-11-09 13:54:05 INFO::No. regions with at least one SNP/gene for chr6: 112
2023-11-09 13:54:05 INFO::No. regions with at least one SNP/gene for chr6 after merging: 112
2023-11-09 13:54:14 INFO::No. regions with at least one SNP/gene for chr7: 98
2023-11-09 13:54:14 INFO::No. regions with at least one SNP/gene for chr7 after merging: 98
2023-11-09 13:54:23 INFO::No. regions with at least one SNP/gene for chr8: 94
2023-11-09 13:54:23 INFO::No. regions with at least one SNP/gene for chr8 after merging: 94
2023-11-09 13:54:29 INFO::No. regions with at least one SNP/gene for chr9: 74
2023-11-09 13:54:29 INFO::No. regions with at least one SNP/gene for chr9 after merging: 74
2023-11-09 13:54:37 INFO::No. regions with at least one SNP/gene for chr10: 85
2023-11-09 13:54:37 INFO::No. regions with at least one SNP/gene for chr10 after merging: 85
2023-11-09 13:54:45 INFO::No. regions with at least one SNP/gene for chr11: 84
2023-11-09 13:54:45 INFO::No. regions with at least one SNP/gene for chr11 after merging: 84
2023-11-09 13:54:53 INFO::No. regions with at least one SNP/gene for chr12: 82
2023-11-09 13:54:53 INFO::No. regions with at least one SNP/gene for chr12 after merging: 82
2023-11-09 13:54:58 INFO::No. regions with at least one SNP/gene for chr13: 62
2023-11-09 13:54:58 INFO::No. regions with at least one SNP/gene for chr13 after merging: 62
2023-11-09 13:55:02 INFO::No. regions with at least one SNP/gene for chr14: 56
2023-11-09 13:55:02 INFO::No. regions with at least one SNP/gene for chr14 after merging: 56
2023-11-09 13:55:06 INFO::No. regions with at least one SNP/gene for chr15: 50
2023-11-09 13:55:06 INFO::No. regions with at least one SNP/gene for chr15 after merging: 50
2023-11-09 13:55:09 INFO::No. regions with at least one SNP/gene for chr16: 54
2023-11-09 13:55:09 INFO::No. regions with at least one SNP/gene for chr16 after merging: 54
2023-11-09 13:55:14 INFO::No. regions with at least one SNP/gene for chr17: 47
2023-11-09 13:55:14 INFO::No. regions with at least one SNP/gene for chr17 after merging: 47
2023-11-09 13:55:18 INFO::No. regions with at least one SNP/gene for chr18: 47
2023-11-09 13:55:18 INFO::No. regions with at least one SNP/gene for chr18 after merging: 47
2023-11-09 13:55:21 INFO::No. regions with at least one SNP/gene for chr19: 39
2023-11-09 13:55:21 INFO::No. regions with at least one SNP/gene for chr19 after merging: 39
2023-11-09 13:55:24 INFO::No. regions with at least one SNP/gene for chr20: 38
2023-11-09 13:55:24 INFO::No. regions with at least one SNP/gene for chr20 after merging: 38
2023-11-09 13:55:26 INFO::No. regions with at least one SNP/gene for chr21: 24
2023-11-09 13:55:26 INFO::No. regions with at least one SNP/gene for chr21 after merging: 24
2023-11-09 13:55:28 INFO::No. regions with at least one SNP/gene for chr22: 24
2023-11-09 13:55:28 INFO::No. regions with at least one SNP/gene for chr22 after merging: 24
2023-11-09 13:55:28 INFO::Trim regions with SNPs more than Inf
2023-11-09 13:55:28 INFO::Adding R matrix info, as genotype is not given
starting worker pid=34969 on localhost:11918 at 13:55:28.963
starting worker pid=34965 on localhost:11918 at 13:55:28.963
starting worker pid=34968 on localhost:11918 at 13:55:28.963
starting worker pid=34966 on localhost:11918 at 13:55:28.964
starting worker pid=34967 on localhost:11918 at 13:55:28.964
2023-11-09 13:55:33 INFO::Adding R matrix info for chrom 1 (core 1)
2023-11-09 13:55:33 INFO::Adding R matrix info for chrom 10 (core 4)
2023-11-09 13:55:33 INFO::Adding R matrix info for chrom 6 (core 3)
2023-11-09 13:55:33 INFO::Adding R matrix info for chrom 3 (core 2)
2023-11-09 13:55:33 INFO::Adding R matrix info for chrom 14 (core 5)
2023-11-09 13:58:49 INFO::Adding R matrix info for chrom 15 (core 5)
2023-11-09 14:09:45 INFO::Adding R matrix info for chrom 16 (core 5)
2023-11-09 14:10:50 INFO::Adding R matrix info for chrom 7 (core 3)
2023-11-09 14:11:12 INFO::Adding R matrix info for chrom 4 (core 2)
2023-11-09 14:13:52 INFO::Adding R matrix info for chrom 11 (core 4)
2023-11-09 14:19:30 INFO::Adding R matrix info for chrom 17 (core 5)
2023-11-09 14:30:59 INFO::Adding R matrix info for chrom 2 (core 1)
2023-11-09 14:32:38 INFO::Adding R matrix info for chrom 18 (core 5)
2023-11-09 14:36:33 INFO::Adding R matrix info for chrom 12 (core 4)
2023-11-09 14:40:25 INFO::Adding R matrix info for chrom 8 (core 3)
2023-11-09 14:44:15 INFO::Adding R matrix info for chrom 19 (core 5)
2023-11-09 14:50:48 INFO::Adding R matrix info for chrom 5 (core 2)
2023-11-09 14:55:11 INFO::Adding R matrix info for chrom 20 (core 5)
2023-11-09 15:00:08 INFO::Adding R matrix info for chrom 13 (core 4)
2023-11-09 15:06:03 INFO::Adding R matrix info for chrom 21 (core 5)
2023-11-09 15:09:30 INFO::Adding R matrix info for chrom 9 (core 3)
2023-11-09 15:11:01 INFO::Adding R matrix info for chrom 22 (core 5)
2023-11-09 15:14:14 INFO::Adding R matrix info for chrom 3 (core 1)
2023-11-09 15:16:37 INFO::Adding R matrix info for chrom 14 (core 4)
2023-11-09 15:24:29 INFO::Adding R matrix info for chrom 6 (core 2)
2023-11-09 15:31:41 INFO::Adding R matrix info for chrom 10 (core 3)
2023-11-09 15:41:52 INFO::Run susie for all regions.
2023-11-09 15:41:52 INFO::run iteration 1
starting worker pid=44582 on localhost:11918 at 15:41:53.118
starting worker pid=44583 on localhost:11918 at 15:41:53.118
starting worker pid=44577 on localhost:11918 at 15:41:53.118
starting worker pid=44586 on localhost:11918 at 15:41:53.118
starting worker pid=44581 on localhost:11918 at 15:41:53.119
starting worker pid=44585 on localhost:11918 at 15:41:53.119
starting worker pid=44579 on localhost:11918 at 15:41:53.119
starting worker pid=44580 on localhost:11918 at 15:41:53.119
starting worker pid=44578 on localhost:11918 at 15:41:53.119
starting worker pid=44584 on localhost:11918 at 15:41:53.119
2023-11-09 15:48:52 INFO::No. LD regions: 1700
2023-11-09 15:49:17 INFO::No. regions with at least one SNP/gene for chr1: 130
2023-11-09 15:49:17 INFO::No. regions with at least one SNP/gene for chr1 after merging: 130
2023-11-09 15:49:32 INFO::No. regions with at least one SNP/gene for chr2: 144
2023-11-09 15:49:32 INFO::No. regions with at least one SNP/gene for chr2 after merging: 144
2023-11-09 15:49:42 INFO::No. regions with at least one SNP/gene for chr3: 122
2023-11-09 15:49:42 INFO::No. regions with at least one SNP/gene for chr3 after merging: 122
2023-11-09 15:49:54 INFO::No. regions with at least one SNP/gene for chr4: 122
2023-11-09 15:49:54 INFO::No. regions with at least one SNP/gene for chr4 after merging: 122
2023-11-09 15:50:03 INFO::No. regions with at least one SNP/gene for chr5: 110
2023-11-09 15:50:03 INFO::No. regions with at least one SNP/gene for chr5 after merging: 110
2023-11-09 15:50:14 INFO::No. regions with at least one SNP/gene for chr6: 112
2023-11-09 15:50:14 INFO::No. regions with at least one SNP/gene for chr6 after merging: 112
2023-11-09 15:50:22 INFO::No. regions with at least one SNP/gene for chr7: 99
2023-11-09 15:50:22 INFO::No. regions with at least one SNP/gene for chr7 after merging: 99
2023-11-09 15:50:31 INFO::No. regions with at least one SNP/gene for chr8: 94
2023-11-09 15:50:31 INFO::No. regions with at least one SNP/gene for chr8 after merging: 94
2023-11-09 15:50:37 INFO::No. regions with at least one SNP/gene for chr9: 74
2023-11-09 15:50:37 INFO::No. regions with at least one SNP/gene for chr9 after merging: 74
2023-11-09 15:50:45 INFO::No. regions with at least one SNP/gene for chr10: 85
2023-11-09 15:50:45 INFO::No. regions with at least one SNP/gene for chr10 after merging: 85
2023-11-09 15:50:52 INFO::No. regions with at least one SNP/gene for chr11: 84
2023-11-09 15:50:52 INFO::No. regions with at least one SNP/gene for chr11 after merging: 84
2023-11-09 15:50:59 INFO::No. regions with at least one SNP/gene for chr12: 82
2023-11-09 15:50:59 INFO::No. regions with at least one SNP/gene for chr12 after merging: 82
2023-11-09 15:51:05 INFO::No. regions with at least one SNP/gene for chr13: 62
2023-11-09 15:51:05 INFO::No. regions with at least one SNP/gene for chr13 after merging: 62
2023-11-09 15:51:10 INFO::No. regions with at least one SNP/gene for chr14: 56
2023-11-09 15:51:10 INFO::No. regions with at least one SNP/gene for chr14 after merging: 56
2023-11-09 15:51:14 INFO::No. regions with at least one SNP/gene for chr15: 50
2023-11-09 15:51:14 INFO::No. regions with at least one SNP/gene for chr15 after merging: 50
2023-11-09 15:51:19 INFO::No. regions with at least one SNP/gene for chr16: 54
2023-11-09 15:51:19 INFO::No. regions with at least one SNP/gene for chr16 after merging: 54
2023-11-09 15:51:21 INFO::No. regions with at least one SNP/gene for chr17: 47
2023-11-09 15:51:21 INFO::No. regions with at least one SNP/gene for chr17 after merging: 47
2023-11-09 15:51:24 INFO::No. regions with at least one SNP/gene for chr18: 47
2023-11-09 15:51:24 INFO::No. regions with at least one SNP/gene for chr18 after merging: 47
2023-11-09 15:51:26 INFO::No. regions with at least one SNP/gene for chr19: 39
2023-11-09 15:51:26 INFO::No. regions with at least one SNP/gene for chr19 after merging: 39
2023-11-09 15:51:28 INFO::No. regions with at least one SNP/gene for chr20: 38
2023-11-09 15:51:28 INFO::No. regions with at least one SNP/gene for chr20 after merging: 38
2023-11-09 15:51:29 INFO::No. regions with at least one SNP/gene for chr21: 24
2023-11-09 15:51:29 INFO::No. regions with at least one SNP/gene for chr21 after merging: 24
2023-11-09 15:51:31 INFO::No. regions with at least one SNP/gene for chr22: 24
2023-11-09 15:51:31 INFO::No. regions with at least one SNP/gene for chr22 after merging: 24
2023-11-09 15:51:31 INFO::Trim regions with SNPs more than 20000
2023-11-09 15:51:31 INFO::Adding R matrix info, as genotype is not given
starting worker pid=45588 on localhost:11918 at 15:51:32.201
starting worker pid=45590 on localhost:11918 at 15:51:32.201
starting worker pid=45586 on localhost:11918 at 15:51:32.201
starting worker pid=45587 on localhost:11918 at 15:51:32.201
starting worker pid=45589 on localhost:11918 at 15:51:32.201
2023-11-09 15:52:00 INFO::Adding R matrix info for chrom 1 (core 1)
2023-11-09 15:52:00 INFO::Adding R matrix info for chrom 6 (core 3)
2023-11-09 15:52:00 INFO::Adding R matrix info for chrom 3 (core 2)
2023-11-09 15:52:00 INFO::Adding R matrix info for chrom 14 (core 5)
2023-11-09 15:52:00 INFO::Adding R matrix info for chrom 10 (core 4)
2023-11-09 15:55:53 INFO::Adding R matrix info for chrom 15 (core 5)
2023-11-09 16:07:19 INFO::Adding R matrix info for chrom 7 (core 3)
2023-11-09 16:07:45 INFO::Adding R matrix info for chrom 16 (core 5)
2023-11-09 16:08:42 INFO::Adding R matrix info for chrom 4 (core 2)
2023-11-09 16:11:56 INFO::Adding R matrix info for chrom 11 (core 4)
2023-11-09 16:18:33 INFO::Adding R matrix info for chrom 17 (core 5)
2023-11-09 16:27:36 INFO::Adding R matrix info for chrom 2 (core 1)
2023-11-09 16:33:09 INFO::Adding R matrix info for chrom 18 (core 5)
2023-11-09 16:33:49 INFO::Adding R matrix info for chrom 12 (core 4)
2023-11-09 16:37:01 INFO::Adding R matrix info for chrom 8 (core 3)
2023-11-09 16:45:58 INFO::Adding R matrix info for chrom 19 (core 5)
2023-11-09 16:47:01 INFO::Adding R matrix info for chrom 5 (core 2)
2023-11-09 16:56:07 INFO::Adding R matrix info for chrom 13 (core 4)
2023-11-09 16:57:59 INFO::Adding R matrix info for chrom 20 (core 5)
2023-11-09 17:05:51 INFO::Adding R matrix info for chrom 9 (core 3)
2023-11-09 17:10:13 INFO::Adding R matrix info for chrom 21 (core 5)
2023-11-09 17:10:59 INFO::Adding R matrix info for chrom 3 (core 1)
2023-11-09 17:11:50 INFO::Adding R matrix info for chrom 14 (core 4)
2023-11-09 17:15:45 INFO::Adding R matrix info for chrom 22 (core 5)
2023-11-09 17:19:42 INFO::Adding R matrix info for chrom 6 (core 2)
2023-11-09 17:28:18 INFO::Adding R matrix info for chrom 10 (core 3)
2023-11-09 17:40:04 INFO::Number of regions that contain strong gene signals: 0
$group_prior
         SNP         gene 
0.0003563512 0.0041245018 

$group_prior_var
      SNP      gene 
0.6754935 0.4146849 

R version 4.1.0 (2021-05-18)
Platform: x86_64-pc-linux-gnu (64-bit)
Running under: CentOS Linux 7 (Core)

Matrix products: default
BLAS/LAPACK: /software/openblas-0.3.13-el7-x86_64/lib/libopenblas_haswellp-r0.3.13.so

locale:
[1] C

attached base packages:
[1] stats     graphics  grDevices utils     datasets  methods   base     

other attached packages:
[1] data.table_1.14.6 ctwas_0.1.40     

loaded via a namespace (and not attached):
 [1] Rcpp_1.0.9        pgenlibr_0.3.2    magrittr_2.0.3    hms_1.1.2        
 [5] doParallel_1.0.17 lattice_0.20-44   R6_2.5.1          rlang_1.1.1      
 [9] foreach_1.5.2     fansi_1.0.3       tools_4.1.0       parallel_4.1.0   
[13] grid_4.1.0        logging_0.10-108  utf8_1.2.2        cli_3.6.1        
[17] iterators_1.0.14  ellipsis_0.3.2    tibble_3.1.8      lifecycle_1.0.3  
[21] crayon_1.5.2      Matrix_1.3-3      readr_2.1.3       tzdb_0.3.0       
[25] vctrs_0.6.3       codetools_0.2-18  glue_1.6.2        compiler_4.1.0   
[29] pillar_1.8.1      pkgconfig_2.0.3  
