[1] "/project2/xinhe/shengqian/cTWAS/cTWAS_analysis/data/UKBB/Pulse.txt"                   
[2] "/project2/mstephens/wcrouse/UKB_LDR_0.1"                                              
[3] "/project2/compbio/predictdb/mashr_models/mashr_Heart_Left_Ventricle.db"               
[4] "/project2/xinhe/shengqian/cTWAS/cTWAS_analysis/code/ctwas_config_b38.R"               
[5] "Pulse_Heart_Left_Ventricle_expr"                                                      
[6] "Pulse_Heart_Left_Ventricle_ctwas"                                                     
[7] "/project2/xinhe/shengqian/cTWAS/cTWAS_analysis/data/TIBETN/Pulse/Heart_Left_Ventricle"
[1] "skip parameter estimation"
[1] "start fine mapping"
2023-11-10 13:22:56 INFO::ctwas started ...
2023-11-10 13:24:27 INFO::LD region file: /home/shengqian/R/x86_64-pc-linux-gnu-library/4.1/ctwas/extdata/ldetect/EUR.b38.bed
2023-11-10 13:24:30 INFO::No. LD regions: 1700
2023-11-10 13:24:38 INFO::No. regions with at least one SNP/gene for chr1: 130
2023-11-10 13:24:38 INFO::No. regions with at least one SNP/gene for chr1 after merging: 130
2023-11-10 13:24:45 INFO::No. regions with at least one SNP/gene for chr2: 143
2023-11-10 13:24:45 INFO::No. regions with at least one SNP/gene for chr2 after merging: 143
2023-11-10 13:24:50 INFO::No. regions with at least one SNP/gene for chr3: 122
2023-11-10 13:24:50 INFO::No. regions with at least one SNP/gene for chr3 after merging: 122
2023-11-10 13:24:55 INFO::No. regions with at least one SNP/gene for chr4: 122
2023-11-10 13:24:55 INFO::No. regions with at least one SNP/gene for chr4 after merging: 122
2023-11-10 13:25:00 INFO::No. regions with at least one SNP/gene for chr5: 110
2023-11-10 13:25:00 INFO::No. regions with at least one SNP/gene for chr5 after merging: 110
2023-11-10 13:25:04 INFO::No. regions with at least one SNP/gene for chr6: 112
2023-11-10 13:25:04 INFO::No. regions with at least one SNP/gene for chr6 after merging: 112
2023-11-10 13:25:09 INFO::No. regions with at least one SNP/gene for chr7: 98
2023-11-10 13:25:09 INFO::No. regions with at least one SNP/gene for chr7 after merging: 98
2023-11-10 13:25:13 INFO::No. regions with at least one SNP/gene for chr8: 94
2023-11-10 13:25:13 INFO::No. regions with at least one SNP/gene for chr8 after merging: 94
2023-11-10 13:25:16 INFO::No. regions with at least one SNP/gene for chr9: 74
2023-11-10 13:25:16 INFO::No. regions with at least one SNP/gene for chr9 after merging: 74
2023-11-10 13:25:20 INFO::No. regions with at least one SNP/gene for chr10: 85
2023-11-10 13:25:20 INFO::No. regions with at least one SNP/gene for chr10 after merging: 85
2023-11-10 13:25:25 INFO::No. regions with at least one SNP/gene for chr11: 84
2023-11-10 13:25:25 INFO::No. regions with at least one SNP/gene for chr11 after merging: 84
2023-11-10 13:25:29 INFO::No. regions with at least one SNP/gene for chr12: 82
2023-11-10 13:25:29 INFO::No. regions with at least one SNP/gene for chr12 after merging: 82
2023-11-10 13:25:31 INFO::No. regions with at least one SNP/gene for chr13: 62
2023-11-10 13:25:31 INFO::No. regions with at least one SNP/gene for chr13 after merging: 62
2023-11-10 13:25:33 INFO::No. regions with at least one SNP/gene for chr14: 56
2023-11-10 13:25:33 INFO::No. regions with at least one SNP/gene for chr14 after merging: 56
2023-11-10 13:25:35 INFO::No. regions with at least one SNP/gene for chr15: 50
2023-11-10 13:25:35 INFO::No. regions with at least one SNP/gene for chr15 after merging: 50
2023-11-10 13:25:37 INFO::No. regions with at least one SNP/gene for chr16: 54
2023-11-10 13:25:37 INFO::No. regions with at least one SNP/gene for chr16 after merging: 54
2023-11-10 13:25:39 INFO::No. regions with at least one SNP/gene for chr17: 47
2023-11-10 13:25:39 INFO::No. regions with at least one SNP/gene for chr17 after merging: 47
2023-11-10 13:25:41 INFO::No. regions with at least one SNP/gene for chr18: 47
2023-11-10 13:25:41 INFO::No. regions with at least one SNP/gene for chr18 after merging: 47
2023-11-10 13:25:43 INFO::No. regions with at least one SNP/gene for chr19: 39
2023-11-10 13:25:43 INFO::No. regions with at least one SNP/gene for chr19 after merging: 39
2023-11-10 13:25:44 INFO::No. regions with at least one SNP/gene for chr20: 38
2023-11-10 13:25:44 INFO::No. regions with at least one SNP/gene for chr20 after merging: 38
2023-11-10 13:25:45 INFO::No. regions with at least one SNP/gene for chr21: 24
2023-11-10 13:25:45 INFO::No. regions with at least one SNP/gene for chr21 after merging: 24
2023-11-10 13:25:46 INFO::No. regions with at least one SNP/gene for chr22: 24
2023-11-10 13:25:46 INFO::No. regions with at least one SNP/gene for chr22 after merging: 24
2023-11-10 13:25:46 INFO::Trim regions with SNPs more than Inf
2023-11-10 13:25:46 INFO::Adding R matrix info, as genotype is not given
starting worker pid=18968 on localhost:11982 at 13:25:47.774
starting worker pid=18971 on localhost:11982 at 13:25:47.774
starting worker pid=18969 on localhost:11982 at 13:25:47.774
starting worker pid=18967 on localhost:11982 at 13:25:47.777
starting worker pid=18970 on localhost:11982 at 13:25:47.786
2023-11-10 13:25:50 INFO::Adding R matrix info for chrom 10 (core 4)
2023-11-10 13:25:50 INFO::Adding R matrix info for chrom 6 (core 3)
2023-11-10 13:25:50 INFO::Adding R matrix info for chrom 14 (core 5)
2023-11-10 13:25:50 INFO::Adding R matrix info for chrom 3 (core 2)
2023-11-10 13:25:50 INFO::Adding R matrix info for chrom 1 (core 1)
2023-11-10 13:27:25 INFO::Adding R matrix info for chrom 15 (core 5)
2023-11-10 13:32:37 INFO::Adding R matrix info for chrom 7 (core 3)
2023-11-10 13:32:48 INFO::Adding R matrix info for chrom 16 (core 5)
2023-11-10 13:32:51 INFO::Adding R matrix info for chrom 4 (core 2)
2023-11-10 13:33:48 INFO::Adding R matrix info for chrom 11 (core 4)
2023-11-10 13:37:29 INFO::Adding R matrix info for chrom 17 (core 5)
2023-11-10 13:41:55 INFO::Adding R matrix info for chrom 2 (core 1)
2023-11-10 13:42:55 INFO::Adding R matrix info for chrom 12 (core 4)
2023-11-10 13:43:43 INFO::Adding R matrix info for chrom 18 (core 5)
2023-11-10 13:45:23 INFO::Adding R matrix info for chrom 8 (core 3)
2023-11-10 13:49:21 INFO::Adding R matrix info for chrom 19 (core 5)
2023-11-10 13:50:05 INFO::Adding R matrix info for chrom 5 (core 2)
2023-11-10 13:53:44 INFO::Adding R matrix info for chrom 13 (core 4)
2023-11-10 13:54:37 INFO::Adding R matrix info for chrom 20 (core 5)
2023-11-10 13:58:07 INFO::Adding R matrix info for chrom 9 (core 3)
2023-11-10 13:59:46 INFO::Adding R matrix info for chrom 21 (core 5)
2023-11-10 14:00:51 INFO::Adding R matrix info for chrom 3 (core 1)
2023-11-10 14:01:45 INFO::Adding R matrix info for chrom 14 (core 4)
2023-11-10 14:02:12 INFO::Adding R matrix info for chrom 22 (core 5)
2023-11-10 14:04:52 INFO::Adding R matrix info for chrom 6 (core 2)
2023-11-10 14:08:30 INFO::Adding R matrix info for chrom 10 (core 3)
2023-11-10 14:12:50 INFO::Run susie for all regions.
2023-11-10 14:12:50 INFO::run iteration 1
starting worker pid=23111 on localhost:11982 at 14:12:51.126
starting worker pid=23112 on localhost:11982 at 14:12:51.126
starting worker pid=23114 on localhost:11982 at 14:12:51.126
starting worker pid=23119 on localhost:11982 at 14:12:51.126
starting worker pid=23117 on localhost:11982 at 14:12:51.126
starting worker pid=23118 on localhost:11982 at 14:12:51.127
starting worker pid=23116 on localhost:11982 at 14:12:51.127
starting worker pid=23113 on localhost:11982 at 14:12:51.127
starting worker pid=23120 on localhost:11982 at 14:12:51.127
starting worker pid=23115 on localhost:11982 at 14:12:51.128
2023-11-10 14:17:20 INFO::No. LD regions: 1700
2023-11-10 14:17:32 INFO::No. regions with at least one SNP/gene for chr1: 130
2023-11-10 14:17:32 INFO::No. regions with at least one SNP/gene for chr1 after merging: 130
2023-11-10 14:17:39 INFO::No. regions with at least one SNP/gene for chr2: 144
2023-11-10 14:17:39 INFO::No. regions with at least one SNP/gene for chr2 after merging: 144
2023-11-10 14:17:43 INFO::No. regions with at least one SNP/gene for chr3: 122
2023-11-10 14:17:43 INFO::No. regions with at least one SNP/gene for chr3 after merging: 122
2023-11-10 14:17:49 INFO::No. regions with at least one SNP/gene for chr4: 122
2023-11-10 14:17:49 INFO::No. regions with at least one SNP/gene for chr4 after merging: 122
2023-11-10 14:17:53 INFO::No. regions with at least one SNP/gene for chr5: 110
2023-11-10 14:17:53 INFO::No. regions with at least one SNP/gene for chr5 after merging: 110
2023-11-10 14:17:58 INFO::No. regions with at least one SNP/gene for chr6: 112
2023-11-10 14:17:58 INFO::No. regions with at least one SNP/gene for chr6 after merging: 112
2023-11-10 14:18:02 INFO::No. regions with at least one SNP/gene for chr7: 99
2023-11-10 14:18:02 INFO::No. regions with at least one SNP/gene for chr7 after merging: 99
2023-11-10 14:18:06 INFO::No. regions with at least one SNP/gene for chr8: 94
2023-11-10 14:18:06 INFO::No. regions with at least one SNP/gene for chr8 after merging: 94
2023-11-10 14:18:09 INFO::No. regions with at least one SNP/gene for chr9: 74
2023-11-10 14:18:09 INFO::No. regions with at least one SNP/gene for chr9 after merging: 74
2023-11-10 14:18:13 INFO::No. regions with at least one SNP/gene for chr10: 85
2023-11-10 14:18:13 INFO::No. regions with at least one SNP/gene for chr10 after merging: 85
2023-11-10 14:18:16 INFO::No. regions with at least one SNP/gene for chr11: 84
2023-11-10 14:18:16 INFO::No. regions with at least one SNP/gene for chr11 after merging: 84
2023-11-10 14:18:20 INFO::No. regions with at least one SNP/gene for chr12: 82
2023-11-10 14:18:20 INFO::No. regions with at least one SNP/gene for chr12 after merging: 82
2023-11-10 14:18:22 INFO::No. regions with at least one SNP/gene for chr13: 62
2023-11-10 14:18:22 INFO::No. regions with at least one SNP/gene for chr13 after merging: 62
2023-11-10 14:18:25 INFO::No. regions with at least one SNP/gene for chr14: 56
2023-11-10 14:18:25 INFO::No. regions with at least one SNP/gene for chr14 after merging: 56
2023-11-10 14:18:27 INFO::No. regions with at least one SNP/gene for chr15: 50
2023-11-10 14:18:27 INFO::No. regions with at least one SNP/gene for chr15 after merging: 50
2023-11-10 14:18:29 INFO::No. regions with at least one SNP/gene for chr16: 54
2023-11-10 14:18:29 INFO::No. regions with at least one SNP/gene for chr16 after merging: 54
2023-11-10 14:18:31 INFO::No. regions with at least one SNP/gene for chr17: 47
2023-11-10 14:18:31 INFO::No. regions with at least one SNP/gene for chr17 after merging: 47
2023-11-10 14:18:33 INFO::No. regions with at least one SNP/gene for chr18: 47
2023-11-10 14:18:33 INFO::No. regions with at least one SNP/gene for chr18 after merging: 47
2023-11-10 14:18:34 INFO::No. regions with at least one SNP/gene for chr19: 39
2023-11-10 14:18:34 INFO::No. regions with at least one SNP/gene for chr19 after merging: 39
2023-11-10 14:18:37 INFO::No. regions with at least one SNP/gene for chr20: 38
2023-11-10 14:18:37 INFO::No. regions with at least one SNP/gene for chr20 after merging: 38
2023-11-10 14:18:37 INFO::No. regions with at least one SNP/gene for chr21: 24
2023-11-10 14:18:37 INFO::No. regions with at least one SNP/gene for chr21 after merging: 24
2023-11-10 14:18:38 INFO::No. regions with at least one SNP/gene for chr22: 24
2023-11-10 14:18:38 INFO::No. regions with at least one SNP/gene for chr22 after merging: 24
2023-11-10 14:18:38 INFO::Trim regions with SNPs more than 20000
2023-11-10 14:18:38 INFO::Adding R matrix info, as genotype is not given
starting worker pid=23764 on localhost:11982 at 14:18:39.687
starting worker pid=23766 on localhost:11982 at 14:18:39.688
starting worker pid=23762 on localhost:11982 at 14:18:39.688
starting worker pid=23763 on localhost:11982 at 14:18:39.688
starting worker pid=23765 on localhost:11982 at 14:18:39.688
2023-11-10 14:18:57 INFO::Adding R matrix info for chrom 14 (core 5)
2023-11-10 14:18:57 INFO::Adding R matrix info for chrom 10 (core 4)
2023-11-10 14:18:57 INFO::Adding R matrix info for chrom 6 (core 3)
2023-11-10 14:18:57 INFO::Adding R matrix info for chrom 1 (core 1)
2023-11-10 14:18:57 INFO::Adding R matrix info for chrom 3 (core 2)
2023-11-10 14:20:54 INFO::Adding R matrix info for chrom 15 (core 5)
2023-11-10 14:26:22 INFO::Adding R matrix info for chrom 7 (core 3)
2023-11-10 14:26:38 INFO::Adding R matrix info for chrom 16 (core 5)
2023-11-10 14:26:58 INFO::Adding R matrix info for chrom 4 (core 2)
2023-11-10 14:28:39 INFO::Adding R matrix info for chrom 11 (core 4)
2023-11-10 14:31:46 INFO::Adding R matrix info for chrom 17 (core 5)
2023-11-10 14:35:42 INFO::Adding R matrix info for chrom 2 (core 1)
2023-11-10 14:38:40 INFO::Adding R matrix info for chrom 18 (core 5)
2023-11-10 14:40:10 INFO::Adding R matrix info for chrom 8 (core 3)
2023-11-10 14:40:32 INFO::Adding R matrix info for chrom 12 (core 4)
2023-11-10 14:44:41 INFO::Adding R matrix info for chrom 19 (core 5)
2023-11-10 14:45:52 INFO::Adding R matrix info for chrom 5 (core 2)
2023-11-10 14:50:20 INFO::Adding R matrix info for chrom 20 (core 5)
2023-11-10 14:51:13 INFO::Adding R matrix info for chrom 13 (core 4)
2023-11-10 14:54:53 INFO::Adding R matrix info for chrom 9 (core 3)
2023-11-10 14:56:15 INFO::Adding R matrix info for chrom 3 (core 1)
2023-11-10 14:56:29 INFO::Adding R matrix info for chrom 21 (core 5)
2023-11-10 14:59:14 INFO::Adding R matrix info for chrom 22 (core 5)
2023-11-10 14:59:19 INFO::Adding R matrix info for chrom 14 (core 4)
2023-11-10 15:02:15 INFO::Adding R matrix info for chrom 6 (core 2)
2023-11-10 15:06:03 INFO::Adding R matrix info for chrom 10 (core 3)
2023-11-10 15:11:57 INFO::Number of regions that contain strong gene signals: 0
$group_prior
         SNP         gene 
0.0003567328 0.0032385306 

$group_prior_var
      SNP      gene 
0.6564012 1.0353120 

R version 4.1.0 (2021-05-18)
Platform: x86_64-pc-linux-gnu (64-bit)
Running under: CentOS Linux 7 (Core)

Matrix products: default
BLAS/LAPACK: /software/openblas-0.3.13-el7-x86_64/lib/libopenblas_haswellp-r0.3.13.so

locale:
[1] C

attached base packages:
[1] stats     graphics  grDevices utils     datasets  methods   base     

other attached packages:
[1] data.table_1.14.6 ctwas_0.1.40     

loaded via a namespace (and not attached):
 [1] Rcpp_1.0.9        pgenlibr_0.3.2    magrittr_2.0.3    hms_1.1.2        
 [5] doParallel_1.0.17 lattice_0.20-44   R6_2.5.1          rlang_1.1.1      
 [9] foreach_1.5.2     fansi_1.0.3       tools_4.1.0       parallel_4.1.0   
[13] grid_4.1.0        logging_0.10-108  utf8_1.2.2        cli_3.6.1        
[17] iterators_1.0.14  ellipsis_0.3.2    tibble_3.1.8      lifecycle_1.0.3  
[21] crayon_1.5.2      Matrix_1.3-3      readr_2.1.3       tzdb_0.3.0       
[25] vctrs_0.6.3       codetools_0.2-18  glue_1.6.2        compiler_4.1.0   
[29] pillar_1.8.1      pkgconfig_2.0.3  
