[1] "/project2/xinhe/shengqian/cTWAS/cTWAS_analysis/data/UKBB/Pulse.txt"              
[2] "/project2/mstephens/wcrouse/UKB_LDR_0.1"                                         
[3] "/project2/compbio/predictdb/mashr_models/mashr_Artery_Coronary.db"               
[4] "/project2/xinhe/shengqian/cTWAS/cTWAS_analysis/code/ctwas_config_b38.R"          
[5] "Pulse_Artery_Coronary_expr"                                                      
[6] "Pulse_Artery_Coronary_ctwas"                                                     
[7] "/project2/xinhe/shengqian/cTWAS/cTWAS_analysis/data/TIBETN/Pulse/Artery_Coronary"
[1] "skip parameter estimation"
[1] "start fine mapping"
2023-10-30 13:29:48 INFO::ctwas started ...
2023-10-30 13:30:41 INFO::LD region file: /home/shengqian/R/x86_64-pc-linux-gnu-library/4.1/ctwas/extdata/ldetect/EUR.b38.bed
2023-10-30 13:30:43 INFO::No. LD regions: 1700
2023-10-30 13:30:49 INFO::No. regions with at least one SNP/gene for chr1: 130
2023-10-30 13:30:49 INFO::No. regions with at least one SNP/gene for chr1 after merging: 130
2023-10-30 13:30:56 INFO::No. regions with at least one SNP/gene for chr2: 143
2023-10-30 13:30:56 INFO::No. regions with at least one SNP/gene for chr2 after merging: 143
2023-10-30 13:31:01 INFO::No. regions with at least one SNP/gene for chr3: 122
2023-10-30 13:31:01 INFO::No. regions with at least one SNP/gene for chr3 after merging: 122
2023-10-30 13:31:08 INFO::No. regions with at least one SNP/gene for chr4: 122
2023-10-30 13:31:08 INFO::No. regions with at least one SNP/gene for chr4 after merging: 122
2023-10-30 13:31:12 INFO::No. regions with at least one SNP/gene for chr5: 110
2023-10-30 13:31:12 INFO::No. regions with at least one SNP/gene for chr5 after merging: 110
2023-10-30 13:31:19 INFO::No. regions with at least one SNP/gene for chr6: 112
2023-10-30 13:31:19 INFO::No. regions with at least one SNP/gene for chr6 after merging: 112
2023-10-30 13:31:23 INFO::No. regions with at least one SNP/gene for chr7: 98
2023-10-30 13:31:23 INFO::No. regions with at least one SNP/gene for chr7 after merging: 98
2023-10-30 13:31:27 INFO::No. regions with at least one SNP/gene for chr8: 94
2023-10-30 13:31:27 INFO::No. regions with at least one SNP/gene for chr8 after merging: 94
2023-10-30 13:31:30 INFO::No. regions with at least one SNP/gene for chr9: 74
2023-10-30 13:31:30 INFO::No. regions with at least one SNP/gene for chr9 after merging: 74
2023-10-30 13:31:35 INFO::No. regions with at least one SNP/gene for chr10: 85
2023-10-30 13:31:35 INFO::No. regions with at least one SNP/gene for chr10 after merging: 85
2023-10-30 13:31:39 INFO::No. regions with at least one SNP/gene for chr11: 84
2023-10-30 13:31:39 INFO::No. regions with at least one SNP/gene for chr11 after merging: 84
2023-10-30 13:31:43 INFO::No. regions with at least one SNP/gene for chr12: 82
2023-10-30 13:31:43 INFO::No. regions with at least one SNP/gene for chr12 after merging: 82
2023-10-30 13:31:46 INFO::No. regions with at least one SNP/gene for chr13: 62
2023-10-30 13:31:46 INFO::No. regions with at least one SNP/gene for chr13 after merging: 62
2023-10-30 13:31:48 INFO::No. regions with at least one SNP/gene for chr14: 56
2023-10-30 13:31:48 INFO::No. regions with at least one SNP/gene for chr14 after merging: 56
2023-10-30 13:31:50 INFO::No. regions with at least one SNP/gene for chr15: 50
2023-10-30 13:31:50 INFO::No. regions with at least one SNP/gene for chr15 after merging: 50
2023-10-30 13:31:52 INFO::No. regions with at least one SNP/gene for chr16: 54
2023-10-30 13:31:52 INFO::No. regions with at least one SNP/gene for chr16 after merging: 54
2023-10-30 13:31:53 INFO::No. regions with at least one SNP/gene for chr17: 47
2023-10-30 13:31:53 INFO::No. regions with at least one SNP/gene for chr17 after merging: 47
2023-10-30 13:31:55 INFO::No. regions with at least one SNP/gene for chr18: 47
2023-10-30 13:31:55 INFO::No. regions with at least one SNP/gene for chr18 after merging: 47
2023-10-30 13:31:56 INFO::No. regions with at least one SNP/gene for chr19: 39
2023-10-30 13:31:56 INFO::No. regions with at least one SNP/gene for chr19 after merging: 39
2023-10-30 13:31:57 INFO::No. regions with at least one SNP/gene for chr20: 38
2023-10-30 13:31:57 INFO::No. regions with at least one SNP/gene for chr20 after merging: 38
2023-10-30 13:31:58 INFO::No. regions with at least one SNP/gene for chr21: 24
2023-10-30 13:31:58 INFO::No. regions with at least one SNP/gene for chr21 after merging: 24
2023-10-30 13:31:58 INFO::No. regions with at least one SNP/gene for chr22: 24
2023-10-30 13:31:58 INFO::No. regions with at least one SNP/gene for chr22 after merging: 24
2023-10-30 13:31:58 INFO::Trim regions with SNPs more than Inf
2023-10-30 13:31:58 INFO::Adding R matrix info, as genotype is not given
starting worker pid=5736 on localhost:11219 at 13:31:59.094
starting worker pid=5738 on localhost:11219 at 13:31:59.094
starting worker pid=5735 on localhost:11219 at 13:31:59.094
starting worker pid=5737 on localhost:11219 at 13:31:59.103
starting worker pid=5734 on localhost:11219 at 13:31:59.109
2023-10-30 13:32:01 INFO::Adding R matrix info for chrom 10 (core 4)
2023-10-30 13:32:01 INFO::Adding R matrix info for chrom 6 (core 3)
2023-10-30 13:32:01 INFO::Adding R matrix info for chrom 3 (core 2)
2023-10-30 13:32:01 INFO::Adding R matrix info for chrom 1 (core 1)
2023-10-30 13:32:01 INFO::Adding R matrix info for chrom 14 (core 5)
2023-10-30 13:33:38 INFO::Adding R matrix info for chrom 15 (core 5)
2023-10-30 13:38:50 INFO::Adding R matrix info for chrom 4 (core 2)
2023-10-30 13:39:01 INFO::Adding R matrix info for chrom 16 (core 5)
2023-10-30 13:39:10 INFO::Adding R matrix info for chrom 7 (core 3)
2023-10-30 13:40:28 INFO::Adding R matrix info for chrom 11 (core 4)
2023-10-30 13:43:49 INFO::Adding R matrix info for chrom 17 (core 5)
2023-10-30 13:46:54 INFO::Adding R matrix info for chrom 2 (core 1)
2023-10-30 13:50:19 INFO::Adding R matrix info for chrom 18 (core 5)
2023-10-30 13:50:44 INFO::Adding R matrix info for chrom 12 (core 4)
2023-10-30 13:52:32 INFO::Adding R matrix info for chrom 8 (core 3)
2023-10-30 13:55:14 INFO::Adding R matrix info for chrom 5 (core 2)
2023-10-30 13:56:02 INFO::Adding R matrix info for chrom 19 (core 5)
2023-10-30 14:01:34 INFO::Adding R matrix info for chrom 13 (core 4)
2023-10-30 14:01:47 INFO::Adding R matrix info for chrom 20 (core 5)
2023-10-30 14:06:21 INFO::Adding R matrix info for chrom 9 (core 3)
2023-10-30 14:06:28 INFO::Adding R matrix info for chrom 3 (core 1)
2023-10-30 14:07:33 INFO::Adding R matrix info for chrom 21 (core 5)
2023-10-30 14:08:22 INFO::Adding R matrix info for chrom 6 (core 2)
2023-10-30 14:09:27 INFO::Adding R matrix info for chrom 14 (core 4)
2023-10-30 14:10:10 INFO::Adding R matrix info for chrom 22 (core 5)
2023-10-30 14:17:13 INFO::Adding R matrix info for chrom 10 (core 3)
2023-10-30 14:19:25 INFO::Run susie for all regions.
2023-10-30 14:19:25 INFO::run iteration 1
starting worker pid=10131 on localhost:11219 at 14:19:25.831
starting worker pid=10129 on localhost:11219 at 14:19:25.832
starting worker pid=10132 on localhost:11219 at 14:19:25.832
starting worker pid=10133 on localhost:11219 at 14:19:25.832
starting worker pid=10138 on localhost:11219 at 14:19:25.832
starting worker pid=10134 on localhost:11219 at 14:19:25.832
starting worker pid=10135 on localhost:11219 at 14:19:25.833
starting worker pid=10136 on localhost:11219 at 14:19:25.833
starting worker pid=10137 on localhost:11219 at 14:19:25.833
starting worker pid=10130 on localhost:11219 at 14:19:25.833
2023-10-30 14:24:25 INFO::No. LD regions: 1700
2023-10-30 14:24:32 INFO::No. regions with at least one SNP/gene for chr1: 130
2023-10-30 14:24:32 INFO::No. regions with at least one SNP/gene for chr1 after merging: 130
2023-10-30 14:24:40 INFO::No. regions with at least one SNP/gene for chr2: 144
2023-10-30 14:24:40 INFO::No. regions with at least one SNP/gene for chr2 after merging: 144
2023-10-30 14:24:46 INFO::No. regions with at least one SNP/gene for chr3: 122
2023-10-30 14:24:46 INFO::No. regions with at least one SNP/gene for chr3 after merging: 122
2023-10-30 14:24:52 INFO::No. regions with at least one SNP/gene for chr4: 122
2023-10-30 14:24:52 INFO::No. regions with at least one SNP/gene for chr4 after merging: 122
2023-10-30 14:24:57 INFO::No. regions with at least one SNP/gene for chr5: 110
2023-10-30 14:24:57 INFO::No. regions with at least one SNP/gene for chr5 after merging: 110
2023-10-30 14:25:04 INFO::No. regions with at least one SNP/gene for chr6: 112
2023-10-30 14:25:04 INFO::No. regions with at least one SNP/gene for chr6 after merging: 112
2023-10-30 14:25:09 INFO::No. regions with at least one SNP/gene for chr7: 99
2023-10-30 14:25:09 INFO::No. regions with at least one SNP/gene for chr7 after merging: 99
2023-10-30 14:25:14 INFO::No. regions with at least one SNP/gene for chr8: 94
2023-10-30 14:25:14 INFO::No. regions with at least one SNP/gene for chr8 after merging: 94
2023-10-30 14:25:18 INFO::No. regions with at least one SNP/gene for chr9: 74
2023-10-30 14:25:18 INFO::No. regions with at least one SNP/gene for chr9 after merging: 74
2023-10-30 14:25:23 INFO::No. regions with at least one SNP/gene for chr10: 85
2023-10-30 14:25:23 INFO::No. regions with at least one SNP/gene for chr10 after merging: 85
2023-10-30 14:25:29 INFO::No. regions with at least one SNP/gene for chr11: 84
2023-10-30 14:25:29 INFO::No. regions with at least one SNP/gene for chr11 after merging: 84
2023-10-30 14:25:31 INFO::No. regions with at least one SNP/gene for chr12: 82
2023-10-30 14:25:31 INFO::No. regions with at least one SNP/gene for chr12 after merging: 82
2023-10-30 14:25:33 INFO::No. regions with at least one SNP/gene for chr13: 62
2023-10-30 14:25:33 INFO::No. regions with at least one SNP/gene for chr13 after merging: 62
2023-10-30 14:25:35 INFO::No. regions with at least one SNP/gene for chr14: 56
2023-10-30 14:25:35 INFO::No. regions with at least one SNP/gene for chr14 after merging: 56
2023-10-30 14:25:37 INFO::No. regions with at least one SNP/gene for chr15: 50
2023-10-30 14:25:37 INFO::No. regions with at least one SNP/gene for chr15 after merging: 50
2023-10-30 14:25:38 INFO::No. regions with at least one SNP/gene for chr16: 54
2023-10-30 14:25:38 INFO::No. regions with at least one SNP/gene for chr16 after merging: 54
2023-10-30 14:25:40 INFO::No. regions with at least one SNP/gene for chr17: 47
2023-10-30 14:25:40 INFO::No. regions with at least one SNP/gene for chr17 after merging: 47
2023-10-30 14:25:42 INFO::No. regions with at least one SNP/gene for chr18: 47
2023-10-30 14:25:42 INFO::No. regions with at least one SNP/gene for chr18 after merging: 47
2023-10-30 14:25:43 INFO::No. regions with at least one SNP/gene for chr19: 39
2023-10-30 14:25:43 INFO::No. regions with at least one SNP/gene for chr19 after merging: 39
2023-10-30 14:25:45 INFO::No. regions with at least one SNP/gene for chr20: 38
2023-10-30 14:25:45 INFO::No. regions with at least one SNP/gene for chr20 after merging: 38
2023-10-30 14:25:46 INFO::No. regions with at least one SNP/gene for chr21: 24
2023-10-30 14:25:46 INFO::No. regions with at least one SNP/gene for chr21 after merging: 24
2023-10-30 14:25:46 INFO::No. regions with at least one SNP/gene for chr22: 24
2023-10-30 14:25:46 INFO::No. regions with at least one SNP/gene for chr22 after merging: 24
2023-10-30 14:25:46 INFO::Trim regions with SNPs more than 20000
2023-10-30 14:25:46 INFO::Adding R matrix info, as genotype is not given
starting worker pid=10801 on localhost:11219 at 14:25:48.017
starting worker pid=10804 on localhost:11219 at 14:25:48.017
starting worker pid=10802 on localhost:11219 at 14:25:48.017
starting worker pid=10803 on localhost:11219 at 14:25:48.017
starting worker pid=10805 on localhost:11219 at 14:25:48.020
2023-10-30 14:26:08 INFO::Adding R matrix info for chrom 1 (core 1)
2023-10-30 14:26:08 INFO::Adding R matrix info for chrom 6 (core 3)
2023-10-30 14:26:08 INFO::Adding R matrix info for chrom 3 (core 2)
2023-10-30 14:26:08 INFO::Adding R matrix info for chrom 10 (core 4)
2023-10-30 14:26:08 INFO::Adding R matrix info for chrom 14 (core 5)
2023-10-30 14:28:08 INFO::Adding R matrix info for chrom 15 (core 5)
2023-10-30 14:34:09 INFO::Adding R matrix info for chrom 16 (core 5)
2023-10-30 14:34:32 INFO::Adding R matrix info for chrom 7 (core 3)
2023-10-30 14:34:45 INFO::Adding R matrix info for chrom 4 (core 2)
2023-10-30 14:36:36 INFO::Adding R matrix info for chrom 11 (core 4)
2023-10-30 14:39:37 INFO::Adding R matrix info for chrom 17 (core 5)
2023-10-30 14:40:56 INFO::Adding R matrix info for chrom 2 (core 1)
2023-10-30 14:47:17 INFO::Adding R matrix info for chrom 18 (core 5)
2023-10-30 14:48:35 INFO::Adding R matrix info for chrom 12 (core 4)
2023-10-30 14:50:21 INFO::Adding R matrix info for chrom 8 (core 3)
2023-10-30 14:54:11 INFO::Adding R matrix info for chrom 19 (core 5)
2023-10-30 14:56:10 INFO::Adding R matrix info for chrom 5 (core 2)
2023-10-30 14:59:08 INFO::Adding R matrix info for chrom 3 (core 1)
2023-10-30 15:00:19 INFO::Adding R matrix info for chrom 20 (core 5)
2023-10-30 15:00:22 INFO::Adding R matrix info for chrom 13 (core 4)
2023-10-30 15:05:42 INFO::Adding R matrix info for chrom 9 (core 3)
2023-10-30 15:06:42 INFO::Adding R matrix info for chrom 21 (core 5)
2023-10-30 15:08:57 INFO::Adding R matrix info for chrom 14 (core 4)
2023-10-30 15:09:38 INFO::Adding R matrix info for chrom 22 (core 5)
2023-10-30 15:14:27 INFO::Adding R matrix info for chrom 6 (core 2)
2023-10-30 15:16:51 INFO::Adding R matrix info for chrom 10 (core 3)
2023-10-30 15:25:24 INFO::Number of regions that contain strong gene signals: 0
$group_prior
         SNP         gene 
0.0003013861 0.0042454101 

$group_prior_var
      SNP      gene 
0.6433205 0.6492740 

R version 4.1.0 (2021-05-18)
Platform: x86_64-pc-linux-gnu (64-bit)
Running under: CentOS Linux 7 (Core)

Matrix products: default
BLAS/LAPACK: /software/openblas-0.3.13-el7-x86_64/lib/libopenblas_haswellp-r0.3.13.so

locale:
[1] C

attached base packages:
[1] stats     graphics  grDevices utils     datasets  methods   base     

other attached packages:
[1] data.table_1.14.6 ctwas_0.1.40     

loaded via a namespace (and not attached):
 [1] Rcpp_1.0.9        pgenlibr_0.3.2    magrittr_2.0.3    hms_1.1.2        
 [5] doParallel_1.0.17 lattice_0.20-44   R6_2.5.1          rlang_1.1.1      
 [9] foreach_1.5.2     fansi_1.0.3       tools_4.1.0       parallel_4.1.0   
[13] grid_4.1.0        logging_0.10-108  utf8_1.2.2        cli_3.6.1        
[17] iterators_1.0.14  ellipsis_0.3.2    tibble_3.1.8      lifecycle_1.0.3  
[21] crayon_1.5.2      Matrix_1.3-3      readr_2.1.3       tzdb_0.3.0       
[25] vctrs_0.6.3       codetools_0.2-18  glue_1.6.2        compiler_4.1.0   
[29] pillar_1.8.1      pkgconfig_2.0.3  
