[1] "/project2/xinhe/shengqian/cTWAS/cTWAS_analysis/data/UKBB/Pulse.txt"                     
[2] "/project2/mstephens/wcrouse/UKB_LDR_0.1"                                                
[3] "/project2/compbio/predictdb/mashr_models/mashr_Heart_Atrial_Appendage.db"               
[4] "/project2/xinhe/shengqian/cTWAS/cTWAS_analysis/code/ctwas_config_b38.R"                 
[5] "Pulse_Heart_Atrial_Appendage_expr"                                                      
[6] "Pulse_Heart_Atrial_Appendage_ctwas"                                                     
[7] "/project2/xinhe/shengqian/cTWAS/cTWAS_analysis/data/TIBETN/Pulse/Heart_Atrial_Appendage"
[1] "skip parameter estimation"
[1] "start fine mapping"
2023-11-09 13:51:50 INFO::ctwas started ...
2023-11-09 13:52:53 INFO::LD region file: /home/shengqian/R/x86_64-pc-linux-gnu-library/4.1/ctwas/extdata/ldetect/EUR.b38.bed
2023-11-09 13:52:56 INFO::No. LD regions: 1700
2023-11-09 13:53:10 INFO::No. regions with at least one SNP/gene for chr1: 130
2023-11-09 13:53:10 INFO::No. regions with at least one SNP/gene for chr1 after merging: 130
2023-11-09 13:53:26 INFO::No. regions with at least one SNP/gene for chr2: 143
2023-11-09 13:53:26 INFO::No. regions with at least one SNP/gene for chr2 after merging: 143
2023-11-09 13:53:36 INFO::No. regions with at least one SNP/gene for chr3: 122
2023-11-09 13:53:36 INFO::No. regions with at least one SNP/gene for chr3 after merging: 122
2023-11-09 13:53:48 INFO::No. regions with at least one SNP/gene for chr4: 122
2023-11-09 13:53:48 INFO::No. regions with at least one SNP/gene for chr4 after merging: 122
2023-11-09 13:53:57 INFO::No. regions with at least one SNP/gene for chr5: 110
2023-11-09 13:53:57 INFO::No. regions with at least one SNP/gene for chr5 after merging: 110
2023-11-09 13:54:08 INFO::No. regions with at least one SNP/gene for chr6: 112
2023-11-09 13:54:08 INFO::No. regions with at least one SNP/gene for chr6 after merging: 112
2023-11-09 13:54:17 INFO::No. regions with at least one SNP/gene for chr7: 98
2023-11-09 13:54:17 INFO::No. regions with at least one SNP/gene for chr7 after merging: 98
2023-11-09 13:54:25 INFO::No. regions with at least one SNP/gene for chr8: 94
2023-11-09 13:54:25 INFO::No. regions with at least one SNP/gene for chr8 after merging: 94
2023-11-09 13:54:31 INFO::No. regions with at least one SNP/gene for chr9: 74
2023-11-09 13:54:31 INFO::No. regions with at least one SNP/gene for chr9 after merging: 74
2023-11-09 13:54:39 INFO::No. regions with at least one SNP/gene for chr10: 85
2023-11-09 13:54:39 INFO::No. regions with at least one SNP/gene for chr10 after merging: 85
2023-11-09 13:54:47 INFO::No. regions with at least one SNP/gene for chr11: 84
2023-11-09 13:54:47 INFO::No. regions with at least one SNP/gene for chr11 after merging: 84
2023-11-09 13:54:54 INFO::No. regions with at least one SNP/gene for chr12: 82
2023-11-09 13:54:54 INFO::No. regions with at least one SNP/gene for chr12 after merging: 82
2023-11-09 13:54:59 INFO::No. regions with at least one SNP/gene for chr13: 62
2023-11-09 13:54:59 INFO::No. regions with at least one SNP/gene for chr13 after merging: 62
2023-11-09 13:55:04 INFO::No. regions with at least one SNP/gene for chr14: 56
2023-11-09 13:55:04 INFO::No. regions with at least one SNP/gene for chr14 after merging: 56
2023-11-09 13:55:08 INFO::No. regions with at least one SNP/gene for chr15: 50
2023-11-09 13:55:08 INFO::No. regions with at least one SNP/gene for chr15 after merging: 50
2023-11-09 13:55:12 INFO::No. regions with at least one SNP/gene for chr16: 54
2023-11-09 13:55:12 INFO::No. regions with at least one SNP/gene for chr16 after merging: 54
2023-11-09 13:55:17 INFO::No. regions with at least one SNP/gene for chr17: 47
2023-11-09 13:55:17 INFO::No. regions with at least one SNP/gene for chr17 after merging: 47
2023-11-09 13:55:21 INFO::No. regions with at least one SNP/gene for chr18: 47
2023-11-09 13:55:21 INFO::No. regions with at least one SNP/gene for chr18 after merging: 47
2023-11-09 13:55:24 INFO::No. regions with at least one SNP/gene for chr19: 39
2023-11-09 13:55:24 INFO::No. regions with at least one SNP/gene for chr19 after merging: 39
2023-11-09 13:55:27 INFO::No. regions with at least one SNP/gene for chr20: 38
2023-11-09 13:55:27 INFO::No. regions with at least one SNP/gene for chr20 after merging: 38
2023-11-09 13:55:29 INFO::No. regions with at least one SNP/gene for chr21: 24
2023-11-09 13:55:29 INFO::No. regions with at least one SNP/gene for chr21 after merging: 24
2023-11-09 13:55:31 INFO::No. regions with at least one SNP/gene for chr22: 24
2023-11-09 13:55:31 INFO::No. regions with at least one SNP/gene for chr22 after merging: 24
2023-11-09 13:55:31 INFO::Trim regions with SNPs more than Inf
2023-11-09 13:55:31 INFO::Adding R matrix info, as genotype is not given
starting worker pid=37275 on localhost:11928 at 13:55:31.861
starting worker pid=37274 on localhost:11928 at 13:55:31.861
starting worker pid=37278 on localhost:11928 at 13:55:31.861
starting worker pid=37276 on localhost:11928 at 13:55:31.861
starting worker pid=37277 on localhost:11928 at 13:55:31.862
2023-11-09 13:55:35 INFO::Adding R matrix info for chrom 14 (core 5)
2023-11-09 13:55:35 INFO::Adding R matrix info for chrom 3 (core 2)
2023-11-09 13:55:35 INFO::Adding R matrix info for chrom 10 (core 4)
2023-11-09 13:55:35 INFO::Adding R matrix info for chrom 1 (core 1)
2023-11-09 13:55:35 INFO::Adding R matrix info for chrom 6 (core 3)
2023-11-09 13:59:13 INFO::Adding R matrix info for chrom 15 (core 5)
2023-11-09 14:10:34 INFO::Adding R matrix info for chrom 4 (core 2)
2023-11-09 14:11:08 INFO::Adding R matrix info for chrom 7 (core 3)
2023-11-09 14:11:12 INFO::Adding R matrix info for chrom 16 (core 5)
2023-11-09 14:14:33 INFO::Adding R matrix info for chrom 11 (core 4)
2023-11-09 14:22:14 INFO::Adding R matrix info for chrom 17 (core 5)
2023-11-09 14:29:01 INFO::Adding R matrix info for chrom 2 (core 1)
2023-11-09 14:36:58 INFO::Adding R matrix info for chrom 18 (core 5)
2023-11-09 14:37:32 INFO::Adding R matrix info for chrom 12 (core 4)
2023-11-09 14:41:26 INFO::Adding R matrix info for chrom 8 (core 3)
2023-11-09 14:46:59 INFO::Adding R matrix info for chrom 5 (core 2)
2023-11-09 14:50:04 INFO::Adding R matrix info for chrom 19 (core 5)
2023-11-09 15:00:54 INFO::Adding R matrix info for chrom 13 (core 4)
2023-11-09 15:02:23 INFO::Adding R matrix info for chrom 20 (core 5)
2023-11-09 15:08:20 INFO::Adding R matrix info for chrom 3 (core 1)
2023-11-09 15:11:40 INFO::Adding R matrix info for chrom 9 (core 3)
2023-11-09 15:14:56 INFO::Adding R matrix info for chrom 21 (core 5)
2023-11-09 15:17:38 INFO::Adding R matrix info for chrom 14 (core 4)
2023-11-09 15:19:02 INFO::Adding R matrix info for chrom 6 (core 2)
2023-11-09 15:20:40 INFO::Adding R matrix info for chrom 22 (core 5)
2023-11-09 15:35:13 INFO::Adding R matrix info for chrom 10 (core 3)
2023-11-09 15:40:31 INFO::Run susie for all regions.
2023-11-09 15:40:32 INFO::run iteration 1
starting worker pid=46764 on localhost:11928 at 15:40:33.359
starting worker pid=46762 on localhost:11928 at 15:40:33.359
starting worker pid=46757 on localhost:11928 at 15:40:33.359
starting worker pid=46758 on localhost:11928 at 15:40:33.359
starting worker pid=46766 on localhost:11928 at 15:40:33.359
starting worker pid=46760 on localhost:11928 at 15:40:33.359
starting worker pid=46759 on localhost:11928 at 15:40:33.359
starting worker pid=46765 on localhost:11928 at 15:40:33.359
starting worker pid=46761 on localhost:11928 at 15:40:33.359
starting worker pid=46763 on localhost:11928 at 15:40:33.359
2023-11-09 15:47:36 INFO::No. LD regions: 1700
2023-11-09 15:47:51 INFO::No. regions with at least one SNP/gene for chr1: 130
2023-11-09 15:47:51 INFO::No. regions with at least one SNP/gene for chr1 after merging: 130
2023-11-09 15:48:05 INFO::No. regions with at least one SNP/gene for chr2: 144
2023-11-09 15:48:05 INFO::No. regions with at least one SNP/gene for chr2 after merging: 144
2023-11-09 15:48:16 INFO::No. regions with at least one SNP/gene for chr3: 122
2023-11-09 15:48:16 INFO::No. regions with at least one SNP/gene for chr3 after merging: 122
2023-11-09 15:48:29 INFO::No. regions with at least one SNP/gene for chr4: 122
2023-11-09 15:48:29 INFO::No. regions with at least one SNP/gene for chr4 after merging: 122
2023-11-09 15:48:39 INFO::No. regions with at least one SNP/gene for chr5: 110
2023-11-09 15:48:39 INFO::No. regions with at least one SNP/gene for chr5 after merging: 110
2023-11-09 15:48:51 INFO::No. regions with at least one SNP/gene for chr6: 112
2023-11-09 15:48:51 INFO::No. regions with at least one SNP/gene for chr6 after merging: 112
2023-11-09 15:49:00 INFO::No. regions with at least one SNP/gene for chr7: 99
2023-11-09 15:49:00 INFO::No. regions with at least one SNP/gene for chr7 after merging: 99
2023-11-09 15:49:09 INFO::No. regions with at least one SNP/gene for chr8: 94
2023-11-09 15:49:09 INFO::No. regions with at least one SNP/gene for chr8 after merging: 94
2023-11-09 15:49:15 INFO::No. regions with at least one SNP/gene for chr9: 74
2023-11-09 15:49:15 INFO::No. regions with at least one SNP/gene for chr9 after merging: 74
2023-11-09 15:49:24 INFO::No. regions with at least one SNP/gene for chr10: 85
2023-11-09 15:49:24 INFO::No. regions with at least one SNP/gene for chr10 after merging: 85
2023-11-09 15:49:31 INFO::No. regions with at least one SNP/gene for chr11: 84
2023-11-09 15:49:31 INFO::No. regions with at least one SNP/gene for chr11 after merging: 84
2023-11-09 15:49:41 INFO::No. regions with at least one SNP/gene for chr12: 82
2023-11-09 15:49:41 INFO::No. regions with at least one SNP/gene for chr12 after merging: 82
2023-11-09 15:49:48 INFO::No. regions with at least one SNP/gene for chr13: 62
2023-11-09 15:49:48 INFO::No. regions with at least one SNP/gene for chr13 after merging: 62
2023-11-09 15:49:50 INFO::No. regions with at least one SNP/gene for chr14: 56
2023-11-09 15:49:50 INFO::No. regions with at least one SNP/gene for chr14 after merging: 56
2023-11-09 15:49:53 INFO::No. regions with at least one SNP/gene for chr15: 50
2023-11-09 15:49:53 INFO::No. regions with at least one SNP/gene for chr15 after merging: 50
2023-11-09 15:49:56 INFO::No. regions with at least one SNP/gene for chr16: 54
2023-11-09 15:49:56 INFO::No. regions with at least one SNP/gene for chr16 after merging: 54
2023-11-09 15:49:59 INFO::No. regions with at least one SNP/gene for chr17: 47
2023-11-09 15:49:59 INFO::No. regions with at least one SNP/gene for chr17 after merging: 47
2023-11-09 15:50:01 INFO::No. regions with at least one SNP/gene for chr18: 47
2023-11-09 15:50:01 INFO::No. regions with at least one SNP/gene for chr18 after merging: 47
2023-11-09 15:50:03 INFO::No. regions with at least one SNP/gene for chr19: 39
2023-11-09 15:50:03 INFO::No. regions with at least one SNP/gene for chr19 after merging: 39
2023-11-09 15:50:05 INFO::No. regions with at least one SNP/gene for chr20: 38
2023-11-09 15:50:05 INFO::No. regions with at least one SNP/gene for chr20 after merging: 38
2023-11-09 15:50:07 INFO::No. regions with at least one SNP/gene for chr21: 24
2023-11-09 15:50:07 INFO::No. regions with at least one SNP/gene for chr21 after merging: 24
2023-11-09 15:50:08 INFO::No. regions with at least one SNP/gene for chr22: 24
2023-11-09 15:50:08 INFO::No. regions with at least one SNP/gene for chr22 after merging: 24
2023-11-09 15:50:08 INFO::Trim regions with SNPs more than 20000
2023-11-09 15:50:08 INFO::Adding R matrix info, as genotype is not given
starting worker pid=47712 on localhost:11928 at 15:50:09.796
starting worker pid=47714 on localhost:11928 at 15:50:09.796
starting worker pid=47716 on localhost:11928 at 15:50:09.796
starting worker pid=47713 on localhost:11928 at 15:50:09.796
starting worker pid=47715 on localhost:11928 at 15:50:09.796
2023-11-09 15:50:39 INFO::Adding R matrix info for chrom 14 (core 5)
2023-11-09 15:50:39 INFO::Adding R matrix info for chrom 6 (core 3)
2023-11-09 15:50:39 INFO::Adding R matrix info for chrom 10 (core 4)
2023-11-09 15:50:39 INFO::Adding R matrix info for chrom 3 (core 2)
2023-11-09 15:50:39 INFO::Adding R matrix info for chrom 1 (core 1)
2023-11-09 15:55:10 INFO::Adding R matrix info for chrom 15 (core 5)
2023-11-09 16:08:14 INFO::Adding R matrix info for chrom 7 (core 3)
2023-11-09 16:08:26 INFO::Adding R matrix info for chrom 16 (core 5)
2023-11-09 16:09:38 INFO::Adding R matrix info for chrom 4 (core 2)
2023-11-09 16:10:09 INFO::Adding R matrix info for chrom 11 (core 4)
2023-11-09 16:20:25 INFO::Adding R matrix info for chrom 17 (core 5)
2023-11-09 16:30:56 INFO::Adding R matrix info for chrom 2 (core 1)
2023-11-09 16:31:17 INFO::Adding R matrix info for chrom 12 (core 4)
2023-11-09 16:36:20 INFO::Adding R matrix info for chrom 18 (core 5)
2023-11-09 16:41:10 INFO::Adding R matrix info for chrom 8 (core 3)
2023-11-09 16:50:52 INFO::Adding R matrix info for chrom 19 (core 5)
2023-11-09 16:53:06 INFO::Adding R matrix info for chrom 13 (core 4)
2023-11-09 16:54:26 INFO::Adding R matrix info for chrom 5 (core 2)
2023-11-09 17:04:34 INFO::Adding R matrix info for chrom 20 (core 5)
2023-11-09 17:08:03 INFO::Adding R matrix info for chrom 14 (core 4)
2023-11-09 17:14:01 INFO::Adding R matrix info for chrom 9 (core 3)
2023-11-09 17:18:17 INFO::Adding R matrix info for chrom 21 (core 5)
2023-11-09 17:19:40 INFO::Adding R matrix info for chrom 3 (core 1)
2023-11-09 17:24:27 INFO::Adding R matrix info for chrom 22 (core 5)
2023-11-09 17:30:38 INFO::Adding R matrix info for chrom 6 (core 2)
2023-11-09 17:38:41 INFO::Adding R matrix info for chrom 10 (core 3)
2023-11-09 17:51:28 INFO::Number of regions that contain strong gene signals: 0
$group_prior
         SNP         gene 
0.0003523846 0.0056746695 

$group_prior_var
      SNP      gene 
0.6749507 1.6195371 

R version 4.1.0 (2021-05-18)
Platform: x86_64-pc-linux-gnu (64-bit)
Running under: CentOS Linux 7 (Core)

Matrix products: default
BLAS/LAPACK: /software/openblas-0.3.13-el7-x86_64/lib/libopenblas_haswellp-r0.3.13.so

locale:
[1] C

attached base packages:
[1] stats     graphics  grDevices utils     datasets  methods   base     

other attached packages:
[1] data.table_1.14.6 ctwas_0.1.40     

loaded via a namespace (and not attached):
 [1] Rcpp_1.0.9        pgenlibr_0.3.2    magrittr_2.0.3    hms_1.1.2        
 [5] doParallel_1.0.17 lattice_0.20-44   R6_2.5.1          rlang_1.1.1      
 [9] foreach_1.5.2     fansi_1.0.3       tools_4.1.0       parallel_4.1.0   
[13] grid_4.1.0        logging_0.10-108  utf8_1.2.2        cli_3.6.1        
[17] iterators_1.0.14  ellipsis_0.3.2    tibble_3.1.8      lifecycle_1.0.3  
[21] crayon_1.5.2      Matrix_1.3-3      readr_2.1.3       tzdb_0.3.0       
[25] vctrs_0.6.3       codetools_0.2-18  glue_1.6.2        compiler_4.1.0   
[29] pillar_1.8.1      pkgconfig_2.0.3  
