[1] "/project2/xinhe/shengqian/cTWAS/cTWAS_analysis/data/UKBB/ukb-d-30000_irnt.vcf.gz"
[2] "/project2/mstephens/wcrouse/UKB_LDR_0.1"                                         
[3] "/project2/xinhe/shengqian/cTWAS/cTWAS_analysis/data/mqtl/Ovary.db"               
[4] "/project2/xinhe/shengqian/cTWAS/cTWAS_analysis/code/ctwas_config_b38.R"          
[5] "White_Blood_Ovary_expr"                                                          
[6] "White_Blood_Ovary_ctwas"                                                         
[7] "/project2/xinhe/shengqian/cTWAS/cTWAS_analysis/data/White_Blood_M/Ovary"         
2023-01-26 01:51:20 INFO::Reading weights for chromosome 1
2023-01-26 01:51:22 INFO::Current weight: /project2/xinhe/shengqian/cTWAS/cTWAS_analysis/data/mqtl/Ovary.db
2023-01-26 01:51:22 INFO::Number of genes with weights provided: 99647
2023-01-26 01:51:22 INFO::Collecting gene weight information ...
2023-01-26 02:37:02 INFO::Start gene z score imputation ...
2023-01-26 02:37:02 INFO::Using given LD matrices to impute gene z score.
2023-01-26 02:55:27 INFO::Imputation done, writing results to output...
2023-01-26 02:55:27 INFO::Imputation done: number of genes with imputed expression: 8278 for chr 1
2023-01-26 02:55:28 INFO::Reading weights for chromosome 2
2023-01-26 02:55:28 INFO::Current weight: /project2/xinhe/shengqian/cTWAS/cTWAS_analysis/data/mqtl/Ovary.db
2023-01-26 02:55:28 INFO::Number of genes with weights provided: 99647
2023-01-26 02:55:28 INFO::Collecting gene weight information ...
2023-01-26 03:24:51 INFO::Start gene z score imputation ...
2023-01-26 03:24:51 INFO::Using given LD matrices to impute gene z score.
2023-01-26 03:43:23 INFO::Imputation done, writing results to output...
2023-01-26 03:43:23 INFO::Imputation done: number of genes with imputed expression: 6718 for chr 2
2023-01-26 03:43:23 INFO::Reading weights for chromosome 3
2023-01-26 03:43:23 INFO::Current weight: /project2/xinhe/shengqian/cTWAS/cTWAS_analysis/data/mqtl/Ovary.db
2023-01-26 03:43:23 INFO::Number of genes with weights provided: 99647
2023-01-26 03:43:23 INFO::Collecting gene weight information ...
2023-01-26 04:09:47 INFO::Start gene z score imputation ...
2023-01-26 04:09:47 INFO::Using given LD matrices to impute gene z score.
2023-01-26 04:24:51 INFO::Imputation done, writing results to output...
2023-01-26 04:24:51 INFO::Imputation done: number of genes with imputed expression: 4702 for chr 3
2023-01-26 04:24:51 INFO::Reading weights for chromosome 4
2023-01-26 04:24:52 INFO::Current weight: /project2/xinhe/shengqian/cTWAS/cTWAS_analysis/data/mqtl/Ovary.db
2023-01-26 04:24:52 INFO::Number of genes with weights provided: 99647
2023-01-26 04:24:52 INFO::Collecting gene weight information ...
2023-01-26 04:50:08 INFO::Start gene z score imputation ...
2023-01-26 04:50:08 INFO::Using given LD matrices to impute gene z score.
2023-01-26 05:03:34 INFO::Imputation done, writing results to output...
2023-01-26 05:03:34 INFO::Imputation done: number of genes with imputed expression: 3818 for chr 4
2023-01-26 05:03:35 INFO::Reading weights for chromosome 5
2023-01-26 05:03:35 INFO::Current weight: /project2/xinhe/shengqian/cTWAS/cTWAS_analysis/data/mqtl/Ovary.db
2023-01-26 05:03:35 INFO::Number of genes with weights provided: 99647
2023-01-26 05:03:35 INFO::Collecting gene weight information ...
2023-01-26 05:30:30 INFO::Start gene z score imputation ...
2023-01-26 05:30:30 INFO::Using given LD matrices to impute gene z score.
2023-01-26 05:44:37 INFO::Imputation done, writing results to output...
2023-01-26 05:44:37 INFO::Imputation done: number of genes with imputed expression: 4579 for chr 5
2023-01-26 05:44:37 INFO::Reading weights for chromosome 6
2023-01-26 05:44:38 INFO::Current weight: /project2/xinhe/shengqian/cTWAS/cTWAS_analysis/data/mqtl/Ovary.db
2023-01-26 05:44:38 INFO::Number of genes with weights provided: 99647
2023-01-26 05:44:38 INFO::Collecting gene weight information ...
2023-01-26 06:15:19 INFO::Start gene z score imputation ...
2023-01-26 06:15:19 INFO::Using given LD matrices to impute gene z score.
2023-01-26 06:32:25 INFO::Imputation done, writing results to output...
2023-01-26 06:32:25 INFO::Imputation done: number of genes with imputed expression: 5595 for chr 6
2023-01-26 06:32:26 INFO::Reading weights for chromosome 7
2023-01-26 06:32:26 INFO::Current weight: /project2/xinhe/shengqian/cTWAS/cTWAS_analysis/data/mqtl/Ovary.db
2023-01-26 06:32:26 INFO::Number of genes with weights provided: 99647
2023-01-26 06:32:26 INFO::Collecting gene weight information ...
2023-01-26 07:01:05 INFO::Start gene z score imputation ...
2023-01-26 07:01:05 INFO::Using given LD matrices to impute gene z score.
2023-01-26 07:17:21 INFO::Imputation done, writing results to output...
2023-01-26 07:17:21 INFO::Imputation done: number of genes with imputed expression: 4978 for chr 7
2023-01-26 07:17:22 INFO::Reading weights for chromosome 8
2023-01-26 07:17:22 INFO::Current weight: /project2/xinhe/shengqian/cTWAS/cTWAS_analysis/data/mqtl/Ovary.db
2023-01-26 07:17:22 INFO::Number of genes with weights provided: 99647
2023-01-26 07:17:22 INFO::Collecting gene weight information ...
2023-01-26 07:44:50 INFO::Start gene z score imputation ...
2023-01-26 07:44:50 INFO::Using given LD matrices to impute gene z score.
2023-01-26 07:58:39 INFO::Imputation done, writing results to output...
2023-01-26 07:58:39 INFO::Imputation done: number of genes with imputed expression: 4091 for chr 8
2023-01-26 07:58:40 INFO::Reading weights for chromosome 9
2023-01-26 07:58:40 INFO::Current weight: /project2/xinhe/shengqian/cTWAS/cTWAS_analysis/data/mqtl/Ovary.db
2023-01-26 07:58:40 INFO::Number of genes with weights provided: 99647
2023-01-26 07:58:40 INFO::Collecting gene weight information ...
2023-01-26 08:22:52 INFO::Start gene z score imputation ...
2023-01-26 08:22:52 INFO::Using given LD matrices to impute gene z score.
2023-01-26 08:32:28 INFO::Imputation done, writing results to output...
2023-01-26 08:32:28 INFO::Imputation done: number of genes with imputed expression: 2592 for chr 9
2023-01-26 08:32:29 INFO::Reading weights for chromosome 10
2023-01-26 08:32:29 INFO::Current weight: /project2/xinhe/shengqian/cTWAS/cTWAS_analysis/data/mqtl/Ovary.db
2023-01-26 08:32:29 INFO::Number of genes with weights provided: 99647
2023-01-26 08:32:29 INFO::Collecting gene weight information ...
2023-01-26 09:01:33 INFO::Start gene z score imputation ...
2023-01-26 09:01:33 INFO::Using given LD matrices to impute gene z score.
2023-01-26 09:16:02 INFO::Imputation done, writing results to output...
2023-01-26 09:16:02 INFO::Imputation done: number of genes with imputed expression: 4401 for chr 10
2023-01-26 09:16:03 INFO::Reading weights for chromosome 11
2023-01-26 09:16:03 INFO::Current weight: /project2/xinhe/shengqian/cTWAS/cTWAS_analysis/data/mqtl/Ovary.db
2023-01-26 09:16:03 INFO::Number of genes with weights provided: 99647
2023-01-26 09:16:03 INFO::Collecting gene weight information ...
2023-01-26 09:45:31 INFO::Start gene z score imputation ...
2023-01-26 09:45:31 INFO::Using given LD matrices to impute gene z score.
2023-01-26 10:01:14 INFO::Imputation done, writing results to output...
2023-01-26 10:01:14 INFO::Imputation done: number of genes with imputed expression: 4958 for chr 11
2023-01-26 10:01:15 INFO::Reading weights for chromosome 12
2023-01-26 10:01:15 INFO::Current weight: /project2/xinhe/shengqian/cTWAS/cTWAS_analysis/data/mqtl/Ovary.db
2023-01-26 10:01:15 INFO::Number of genes with weights provided: 99647
2023-01-26 10:01:15 INFO::Collecting gene weight information ...
2023-01-26 10:29:21 INFO::Start gene z score imputation ...
2023-01-26 10:29:21 INFO::Using given LD matrices to impute gene z score.
2023-01-26 10:43:14 INFO::Imputation done, writing results to output...
2023-01-26 10:43:14 INFO::Imputation done: number of genes with imputed expression: 4176 for chr 12
2023-01-26 10:43:15 INFO::Reading weights for chromosome 13
2023-01-26 10:43:15 INFO::Current weight: /project2/xinhe/shengqian/cTWAS/cTWAS_analysis/data/mqtl/Ovary.db
2023-01-26 10:43:15 INFO::Number of genes with weights provided: 99647
2023-01-26 10:43:15 INFO::Collecting gene weight information ...
2023-01-26 11:06:35 INFO::Start gene z score imputation ...
2023-01-26 11:06:35 INFO::Using given LD matrices to impute gene z score.
2023-01-26 11:14:49 INFO::Imputation done, writing results to output...
2023-01-26 11:14:49 INFO::Imputation done: number of genes with imputed expression: 2106 for chr 13
2023-01-26 11:14:50 INFO::Reading weights for chromosome 14
2023-01-26 11:14:50 INFO::Current weight: /project2/xinhe/shengqian/cTWAS/cTWAS_analysis/data/mqtl/Ovary.db
2023-01-26 11:14:50 INFO::Number of genes with weights provided: 99647
2023-01-26 11:14:50 INFO::Collecting gene weight information ...
2023-01-26 11:40:09 INFO::Start gene z score imputation ...
2023-01-26 11:40:09 INFO::Using given LD matrices to impute gene z score.
2023-01-26 11:50:22 INFO::Imputation done, writing results to output...
2023-01-26 11:50:22 INFO::Imputation done: number of genes with imputed expression: 2897 for chr 14
2023-01-26 11:50:22 INFO::Reading weights for chromosome 15
2023-01-26 11:50:22 INFO::Current weight: /project2/xinhe/shengqian/cTWAS/cTWAS_analysis/data/mqtl/Ovary.db
2023-01-26 11:50:22 INFO::Number of genes with weights provided: 99647
2023-01-26 11:50:22 INFO::Collecting gene weight information ...
2023-01-26 12:15:49 INFO::Start gene z score imputation ...
2023-01-26 12:15:49 INFO::Using given LD matrices to impute gene z score.
2023-01-26 12:25:37 INFO::Imputation done, writing results to output...
2023-01-26 12:25:37 INFO::Imputation done: number of genes with imputed expression: 2750 for chr 15
2023-01-26 12:25:38 INFO::Reading weights for chromosome 16
2023-01-26 12:25:38 INFO::Current weight: /project2/xinhe/shengqian/cTWAS/cTWAS_analysis/data/mqtl/Ovary.db
2023-01-26 12:25:38 INFO::Number of genes with weights provided: 99647
2023-01-26 12:25:38 INFO::Collecting gene weight information ...
2023-01-26 12:54:18 INFO::Start gene z score imputation ...
2023-01-26 12:54:18 INFO::Using given LD matrices to impute gene z score.
2023-01-26 13:06:46 INFO::Imputation done, writing results to output...
2023-01-26 13:06:46 INFO::Imputation done: number of genes with imputed expression: 4071 for chr 16
2023-01-26 13:06:46 INFO::Reading weights for chromosome 17
2023-01-26 13:06:47 INFO::Current weight: /project2/xinhe/shengqian/cTWAS/cTWAS_analysis/data/mqtl/Ovary.db
2023-01-26 13:06:47 INFO::Number of genes with weights provided: 99647
2023-01-26 13:06:47 INFO::Collecting gene weight information ...
2023-01-26 13:37:26 INFO::Start gene z score imputation ...
2023-01-26 13:37:26 INFO::Using given LD matrices to impute gene z score.
2023-01-26 13:51:46 INFO::Imputation done, writing results to output...
2023-01-26 13:51:46 INFO::Imputation done: number of genes with imputed expression: 4692 for chr 17
2023-01-26 13:51:47 INFO::Reading weights for chromosome 18
2023-01-26 13:51:47 INFO::Current weight: /project2/xinhe/shengqian/cTWAS/cTWAS_analysis/data/mqtl/Ovary.db
2023-01-26 13:51:47 INFO::Number of genes with weights provided: 99647
2023-01-26 13:51:47 INFO::Collecting gene weight information ...
2023-01-26 14:13:54 INFO::Start gene z score imputation ...
2023-01-26 14:13:54 INFO::Using given LD matrices to impute gene z score.
2023-01-26 14:20:12 INFO::Imputation done, writing results to output...
2023-01-26 14:20:12 INFO::Imputation done: number of genes with imputed expression: 1449 for chr 18
2023-01-26 14:20:13 INFO::Reading weights for chromosome 19
2023-01-26 14:20:13 INFO::Current weight: /project2/xinhe/shengqian/cTWAS/cTWAS_analysis/data/mqtl/Ovary.db
2023-01-26 14:20:13 INFO::Number of genes with weights provided: 99647
2023-01-26 14:20:13 INFO::Collecting gene weight information ...
2023-01-26 14:48:36 INFO::Start gene z score imputation ...
2023-01-26 14:48:36 INFO::Using given LD matrices to impute gene z score.
2023-01-26 15:01:35 INFO::Imputation done, writing results to output...
2023-01-26 15:01:35 INFO::Imputation done: number of genes with imputed expression: 3872 for chr 19
2023-01-26 15:01:36 INFO::Reading weights for chromosome 20
2023-01-26 15:01:36 INFO::Current weight: /project2/xinhe/shengqian/cTWAS/cTWAS_analysis/data/mqtl/Ovary.db
2023-01-26 15:01:36 INFO::Number of genes with weights provided: 99647
2023-01-26 15:01:36 INFO::Collecting gene weight information ...
2023-01-26 15:26:54 INFO::Start gene z score imputation ...
2023-01-26 15:26:54 INFO::Using given LD matrices to impute gene z score.
2023-01-26 15:35:51 INFO::Imputation done, writing results to output...
2023-01-26 15:35:51 INFO::Imputation done: number of genes with imputed expression: 2544 for chr 20
2023-01-26 15:35:51 INFO::Reading weights for chromosome 21
2023-01-26 15:35:51 INFO::Current weight: /project2/xinhe/shengqian/cTWAS/cTWAS_analysis/data/mqtl/Ovary.db
2023-01-26 15:35:51 INFO::Number of genes with weights provided: 99647
2023-01-26 15:35:51 INFO::Collecting gene weight information ...
2023-01-26 15:57:29 INFO::Start gene z score imputation ...
2023-01-26 15:57:29 INFO::Using given LD matrices to impute gene z score.
2023-01-26 16:02:17 INFO::Imputation done, writing results to output...
2023-01-26 16:02:17 INFO::Imputation done: number of genes with imputed expression: 1270 for chr 21
2023-01-26 16:02:18 INFO::Reading weights for chromosome 22
2023-01-26 16:02:18 INFO::Current weight: /project2/xinhe/shengqian/cTWAS/cTWAS_analysis/data/mqtl/Ovary.db
2023-01-26 16:02:18 INFO::Number of genes with weights provided: 99647
2023-01-26 16:02:18 INFO::Collecting gene weight information ...
2023-01-26 16:26:44 INFO::Start gene z score imputation ...
2023-01-26 16:26:44 INFO::Using given LD matrices to impute gene z score.
2023-01-26 16:34:12 INFO::Imputation done, writing results to output...
2023-01-26 16:34:12 INFO::Imputation done: number of genes with imputed expression: 2244 for chr 22
2023-01-26 16:34:41 INFO::ctwas started ...
2023-01-26 16:35:00 INFO::LD region file: /home/shengqian/R/x86_64-pc-linux-gnu-library/4.1/ctwas/extdata/ldetect/EUR.b38.bed
2023-01-26 16:35:09 INFO::No. LD regions: 1700
2023-01-26 16:35:19 INFO::No. regions with at least one SNP/gene for chr1: 131
2023-01-26 16:35:19 INFO::Merge regions for chr1
2023-01-26 16:35:19 INFO::No. regions with at least one SNP/gene for chr1 after merging: 131
2023-01-26 16:35:26 INFO::No. regions with at least one SNP/gene for chr2: 144
2023-01-26 16:35:26 INFO::Merge regions for chr2
2023-01-26 16:35:26 INFO::No. regions with at least one SNP/gene for chr2 after merging: 144
2023-01-26 16:35:31 INFO::No. regions with at least one SNP/gene for chr3: 122
2023-01-26 16:35:31 INFO::Merge regions for chr3
2023-01-26 16:35:31 INFO::No. regions with at least one SNP/gene for chr3 after merging: 122
2023-01-26 16:35:35 INFO::No. regions with at least one SNP/gene for chr4: 122
2023-01-26 16:35:35 INFO::Merge regions for chr4
2023-01-26 16:35:35 INFO::No. regions with at least one SNP/gene for chr4 after merging: 122
2023-01-26 16:35:39 INFO::No. regions with at least one SNP/gene for chr5: 110
2023-01-26 16:35:39 INFO::Merge regions for chr5
2023-01-26 16:35:39 INFO::No. regions with at least one SNP/gene for chr5 after merging: 110
2023-01-26 16:35:44 INFO::No. regions with at least one SNP/gene for chr6: 112
2023-01-26 16:35:44 INFO::Merge regions for chr6
2023-01-26 16:35:44 INFO::No. regions with at least one SNP/gene for chr6 after merging: 112
2023-01-26 16:35:48 INFO::No. regions with at least one SNP/gene for chr7: 99
2023-01-26 16:35:48 INFO::Merge regions for chr7
2023-01-26 16:35:48 INFO::No. regions with at least one SNP/gene for chr7 after merging: 99
2023-01-26 16:35:51 INFO::No. regions with at least one SNP/gene for chr8: 94
2023-01-26 16:35:51 INFO::Merge regions for chr8
2023-01-26 16:35:51 INFO::No. regions with at least one SNP/gene for chr8 after merging: 94
2023-01-26 16:35:54 INFO::No. regions with at least one SNP/gene for chr9: 74
2023-01-26 16:35:54 INFO::Merge regions for chr9
2023-01-26 16:35:54 INFO::No. regions with at least one SNP/gene for chr9 after merging: 74
2023-01-26 16:35:57 INFO::No. regions with at least one SNP/gene for chr10: 85
2023-01-26 16:35:57 INFO::Merge regions for chr10
2023-01-26 16:35:57 INFO::No. regions with at least one SNP/gene for chr10 after merging: 85
2023-01-26 16:36:00 INFO::No. regions with at least one SNP/gene for chr11: 84
2023-01-26 16:36:00 INFO::Merge regions for chr11
2023-01-26 16:36:00 INFO::No. regions with at least one SNP/gene for chr11 after merging: 84
2023-01-26 16:36:03 INFO::No. regions with at least one SNP/gene for chr12: 82
2023-01-26 16:36:03 INFO::Merge regions for chr12
2023-01-26 16:36:03 INFO::No. regions with at least one SNP/gene for chr12 after merging: 82
2023-01-26 16:36:06 INFO::No. regions with at least one SNP/gene for chr13: 62
2023-01-26 16:36:06 INFO::Merge regions for chr13
2023-01-26 16:36:06 INFO::No. regions with at least one SNP/gene for chr13 after merging: 62
2023-01-26 16:36:08 INFO::No. regions with at least one SNP/gene for chr14: 56
2023-01-26 16:36:08 INFO::Merge regions for chr14
2023-01-26 16:36:08 INFO::No. regions with at least one SNP/gene for chr14 after merging: 56
2023-01-26 16:36:10 INFO::No. regions with at least one SNP/gene for chr15: 50
2023-01-26 16:36:10 INFO::Merge regions for chr15
2023-01-26 16:36:10 INFO::No. regions with at least one SNP/gene for chr15 after merging: 50
2023-01-26 16:36:12 INFO::No. regions with at least one SNP/gene for chr16: 54
2023-01-26 16:36:12 INFO::Merge regions for chr16
2023-01-26 16:36:12 INFO::No. regions with at least one SNP/gene for chr16 after merging: 54
2023-01-26 16:36:14 INFO::No. regions with at least one SNP/gene for chr17: 47
2023-01-26 16:36:14 INFO::Merge regions for chr17
2023-01-26 16:36:14 INFO::No. regions with at least one SNP/gene for chr17 after merging: 47
2023-01-26 16:36:16 INFO::No. regions with at least one SNP/gene for chr18: 47
2023-01-26 16:36:16 INFO::Merge regions for chr18
2023-01-26 16:36:16 INFO::No. regions with at least one SNP/gene for chr18 after merging: 47
2023-01-26 16:36:18 INFO::No. regions with at least one SNP/gene for chr19: 39
2023-01-26 16:36:18 INFO::Merge regions for chr19
2023-01-26 16:36:18 INFO::No. regions with at least one SNP/gene for chr19 after merging: 39
2023-01-26 16:36:19 INFO::No. regions with at least one SNP/gene for chr20: 38
2023-01-26 16:36:19 INFO::Merge regions for chr20
2023-01-26 16:36:19 INFO::No. regions with at least one SNP/gene for chr20 after merging: 38
2023-01-26 16:36:21 INFO::No. regions with at least one SNP/gene for chr21: 24
2023-01-26 16:36:21 INFO::Merge regions for chr21
2023-01-26 16:36:21 INFO::No. regions with at least one SNP/gene for chr21 after merging: 24
2023-01-26 16:36:23 INFO::No. regions with at least one SNP/gene for chr22: 24
2023-01-26 16:36:23 INFO::Merge regions for chr22
2023-01-26 16:36:23 INFO::No. regions with at least one SNP/gene for chr22 after merging: 24
2023-01-26 16:36:23 INFO::Trim regions with SNPs more than Inf
2023-01-26 16:36:23 INFO::Adding R matrix info, as genotype is not given
2023-01-26 16:36:23 INFO::Adding R matrix info for chrom 1
2023-01-26 17:03:53 INFO::Adding R matrix info for chrom 2
2023-01-26 17:28:55 INFO::Adding R matrix info for chrom 3
2023-01-26 17:45:43 INFO::Adding R matrix info for chrom 4
2023-01-26 18:00:58 INFO::Adding R matrix info for chrom 5
2023-01-26 18:17:33 INFO::Adding R matrix info for chrom 6
2023-01-26 18:39:31 INFO::Adding R matrix info for chrom 7
2023-01-26 18:57:23 INFO::Adding R matrix info for chrom 8
2023-01-26 19:12:54 INFO::Adding R matrix info for chrom 9
2023-01-26 19:23:12 INFO::Adding R matrix info for chrom 10
2023-01-26 19:39:16 INFO::Adding R matrix info for chrom 11
2023-01-26 19:57:21 INFO::Adding R matrix info for chrom 12
2023-01-26 20:12:04 INFO::Adding R matrix info for chrom 13
2023-01-26 20:20:36 INFO::Adding R matrix info for chrom 14
2023-01-26 20:31:20 INFO::Adding R matrix info for chrom 15
2023-01-26 20:40:33 INFO::Adding R matrix info for chrom 16
2023-01-26 20:52:45 INFO::Adding R matrix info for chrom 17
2023-01-26 21:07:05 INFO::Adding R matrix info for chrom 18
2023-01-26 21:13:42 INFO::Adding R matrix info for chrom 19
2023-01-26 21:26:19 INFO::Adding R matrix info for chrom 20
2023-01-26 21:35:04 INFO::Adding R matrix info for chrom 21
2023-01-26 21:39:09 INFO::Adding R matrix info for chrom 22
2023-01-26 21:45:27 INFO::Run susie iteratively, getting rough estimate ...
2023-01-26 21:45:27 INFO::run iteration 1
starting worker pid=29907 on localhost:11917 at 21:45:29.047
starting worker pid=29908 on localhost:11917 at 21:45:29.047
starting worker pid=29913 on localhost:11917 at 21:45:29.047
starting worker pid=29914 on localhost:11917 at 21:45:29.047
starting worker pid=29915 on localhost:11917 at 21:45:29.048
starting worker pid=29912 on localhost:11917 at 21:45:29.049
starting worker pid=29911 on localhost:11917 at 21:45:29.049
starting worker pid=29906 on localhost:11917 at 21:45:29.049
starting worker pid=29910 on localhost:11917 at 21:45:29.049
starting worker pid=29909 on localhost:11917 at 21:45:29.049
2023-01-26 22:08:01 INFO::After iteration 1, priors {SNP,gene}: {0.00172715920425438,0.00228112981445405}
2023-01-26 22:08:01 INFO::run iteration 2
starting worker pid=49201 on localhost:11917 at 22:08:02.860
starting worker pid=49205 on localhost:11917 at 22:08:02.861
starting worker pid=49204 on localhost:11917 at 22:08:02.861
starting worker pid=49202 on localhost:11917 at 22:08:02.862
starting worker pid=49198 on localhost:11917 at 22:08:02.862
starting worker pid=49200 on localhost:11917 at 22:08:02.862
starting worker pid=49203 on localhost:11917 at 22:08:02.863
starting worker pid=49206 on localhost:11917 at 22:08:02.863
starting worker pid=49197 on localhost:11917 at 22:08:02.863
starting worker pid=49199 on localhost:11917 at 22:08:02.863
2023-01-26 22:29:44 INFO::After iteration 2, priors {SNP,gene}: {0.00149374840934759,0.0023914691147581}
2023-01-26 22:29:45 INFO::run iteration 3
starting worker pid=10741 on localhost:11917 at 22:29:46.350
starting worker pid=10738 on localhost:11917 at 22:29:46.350
starting worker pid=10735 on localhost:11917 at 22:29:46.351
starting worker pid=10740 on localhost:11917 at 22:29:46.352
starting worker pid=10739 on localhost:11917 at 22:29:46.352
starting worker pid=10737 on localhost:11917 at 22:29:46.352
starting worker pid=10732 on localhost:11917 at 22:29:46.352
starting worker pid=10736 on localhost:11917 at 22:29:46.352
starting worker pid=10733 on localhost:11917 at 22:29:46.353
starting worker pid=10734 on localhost:11917 at 22:29:46.353
2023-01-26 22:51:48 INFO::After iteration 3, priors {SNP,gene}: {0.00140853277927711,0.00252311203597527}
2023-01-26 23:07:01 INFO::Blocks are filtered: 852 blocks left
2023-01-26 23:07:01 INFO::Run susie iteratively, getting accurate estimate ...
2023-01-26 23:07:01 INFO::run iteration 1
starting worker pid=42538 on localhost:11917 at 23:07:02.991
starting worker pid=42539 on localhost:11917 at 23:07:02.991
starting worker pid=42542 on localhost:11917 at 23:07:02.992
starting worker pid=42537 on localhost:11917 at 23:07:02.992
starting worker pid=42536 on localhost:11917 at 23:07:02.992
starting worker pid=42535 on localhost:11917 at 23:07:02.992
starting worker pid=42543 on localhost:11917 at 23:07:02.992
starting worker pid=42540 on localhost:11917 at 23:07:02.992
starting worker pid=42544 on localhost:11917 at 23:07:02.992
starting worker pid=42541 on localhost:11917 at 23:07:02.993
2023-01-26 23:19:58 INFO::After iteration 1, priors {SNP,gene}: {0.00161495731748849,0.0033303176630004}
2023-01-26 23:19:58 INFO::run iteration 2
starting worker pid=55067 on localhost:11917 at 23:19:59.339
starting worker pid=55069 on localhost:11917 at 23:19:59.340
starting worker pid=55070 on localhost:11917 at 23:19:59.340
starting worker pid=55062 on localhost:11917 at 23:19:59.340
starting worker pid=55063 on localhost:11917 at 23:19:59.340
starting worker pid=55065 on localhost:11917 at 23:19:59.340
starting worker pid=55071 on localhost:11917 at 23:19:59.340
starting worker pid=55066 on localhost:11917 at 23:19:59.340
starting worker pid=55064 on localhost:11917 at 23:19:59.341
starting worker pid=55068 on localhost:11917 at 23:19:59.348
2023-01-26 23:32:52 INFO::After iteration 2, priors {SNP,gene}: {0.001762191229621,0.0039730061487804}
2023-01-26 23:32:53 INFO::run iteration 3
starting worker pid=10753 on localhost:11917 at 23:32:53.810
starting worker pid=10756 on localhost:11917 at 23:32:53.809
starting worker pid=10757 on localhost:11917 at 23:32:53.810
starting worker pid=10755 on localhost:11917 at 23:32:53.810
starting worker pid=10758 on localhost:11917 at 23:32:53.810
starting worker pid=10752 on localhost:11917 at 23:32:53.811
starting worker pid=10751 on localhost:11917 at 23:32:53.811
starting worker pid=10760 on localhost:11917 at 23:32:53.811
starting worker pid=10759 on localhost:11917 at 23:32:53.811
starting worker pid=10754 on localhost:11917 at 23:32:53.812
2023-01-26 23:45:52 INFO::After iteration 3, priors {SNP,gene}: {0.00186152617795171,0.00440290426189325}
2023-01-26 23:45:52 INFO::run iteration 4
starting worker pid=21380 on localhost:11917 at 23:45:53.357
starting worker pid=21376 on localhost:11917 at 23:45:53.357
starting worker pid=21375 on localhost:11917 at 23:45:53.358
starting worker pid=21373 on localhost:11917 at 23:45:53.358
starting worker pid=21374 on localhost:11917 at 23:45:53.358
starting worker pid=21371 on localhost:11917 at 23:45:53.358
starting worker pid=21379 on localhost:11917 at 23:45:53.358
starting worker pid=21372 on localhost:11917 at 23:45:53.358
starting worker pid=21378 on localhost:11917 at 23:45:53.358
starting worker pid=21377 on localhost:11917 at 23:45:53.358
2023-01-26 23:58:55 INFO::After iteration 4, priors {SNP,gene}: {0.0019143227117998,0.00464739075619476}
2023-01-26 23:58:55 INFO::run iteration 5
starting worker pid=35978 on localhost:11917 at 23:58:56.173
starting worker pid=35983 on localhost:11917 at 23:58:56.173
starting worker pid=35982 on localhost:11917 at 23:58:56.176
starting worker pid=35985 on localhost:11917 at 23:58:56.178
starting worker pid=35980 on localhost:11917 at 23:58:56.179
starting worker pid=35977 on localhost:11917 at 23:58:56.182
starting worker pid=35976 on localhost:11917 at 23:58:56.187
starting worker pid=35984 on localhost:11917 at 23:58:56.189
starting worker pid=35981 on localhost:11917 at 23:58:56.195
starting worker pid=35979 on localhost:11917 at 23:58:56.200
2023-01-27 00:11:59 INFO::After iteration 5, priors {SNP,gene}: {0.00193865267137653,0.00477660473512982}
2023-01-27 00:12:00 INFO::run iteration 6
starting worker pid=48789 on localhost:11917 at 00:12:00.696
starting worker pid=48795 on localhost:11917 at 00:12:00.696
starting worker pid=48796 on localhost:11917 at 00:12:00.702
starting worker pid=48787 on localhost:11917 at 00:12:00.708
starting worker pid=48794 on localhost:11917 at 00:12:00.720
starting worker pid=48788 on localhost:11917 at 00:12:00.723
starting worker pid=48793 on localhost:11917 at 00:12:00.723
starting worker pid=48790 on localhost:11917 at 00:12:00.723
starting worker pid=48791 on localhost:11917 at 00:12:00.725
starting worker pid=48792 on localhost:11917 at 00:12:00.738
2023-01-27 00:25:05 INFO::After iteration 6, priors {SNP,gene}: {0.00194860053311907,0.00484465196069404}
2023-01-27 00:25:05 INFO::run iteration 7
starting worker pid=2668 on localhost:11917 at 00:25:06.290
starting worker pid=2666 on localhost:11917 at 00:25:06.290
starting worker pid=2667 on localhost:11917 at 00:25:06.291
starting worker pid=2665 on localhost:11917 at 00:25:06.291
starting worker pid=2671 on localhost:11917 at 00:25:06.291
starting worker pid=2670 on localhost:11917 at 00:25:06.291
starting worker pid=2663 on localhost:11917 at 00:25:06.291
starting worker pid=2662 on localhost:11917 at 00:25:06.292
starting worker pid=2669 on localhost:11917 at 00:25:06.293
starting worker pid=2664 on localhost:11917 at 00:25:06.294
2023-01-27 00:37:55 INFO::After iteration 7, priors {SNP,gene}: {0.00195215326491282,0.00488199518988631}
2023-01-27 00:37:55 INFO::run iteration 8
starting worker pid=15277 on localhost:11917 at 00:37:55.982
starting worker pid=15282 on localhost:11917 at 00:37:56.006
starting worker pid=15285 on localhost:11917 at 00:37:56.008
starting worker pid=15278 on localhost:11917 at 00:37:56.009
starting worker pid=15280 on localhost:11917 at 00:37:56.028
starting worker pid=15276 on localhost:11917 at 00:37:56.032
starting worker pid=15279 on localhost:11917 at 00:37:56.035
starting worker pid=15283 on localhost:11917 at 00:37:56.040
starting worker pid=15281 on localhost:11917 at 00:37:56.059
starting worker pid=15284 on localhost:11917 at 00:37:56.084
2023-01-27 00:50:59 INFO::After iteration 8, priors {SNP,gene}: {0.00195303384656193,0.00490363148745339}
2023-01-27 00:50:59 INFO::run iteration 9
starting worker pid=25963 on localhost:11917 at 00:50:59.733
starting worker pid=25966 on localhost:11917 at 00:50:59.791
starting worker pid=25971 on localhost:11917 at 00:50:59.808
starting worker pid=25964 on localhost:11917 at 00:50:59.823
starting worker pid=25965 on localhost:11917 at 00:50:59.828
starting worker pid=25968 on localhost:11917 at 00:50:59.834
starting worker pid=25972 on localhost:11917 at 00:50:59.839
starting worker pid=25969 on localhost:11917 at 00:50:59.849
starting worker pid=25967 on localhost:11917 at 00:50:59.861
starting worker pid=25970 on localhost:11917 at 00:50:59.875
2023-01-27 01:04:02 INFO::After iteration 9, priors {SNP,gene}: {0.00195291000514374,0.00491716980696162}
2023-01-27 01:04:02 INFO::run iteration 10
starting worker pid=38810 on localhost:11917 at 01:04:03.169
starting worker pid=38803 on localhost:11917 at 01:04:03.169
starting worker pid=38808 on localhost:11917 at 01:04:03.169
starting worker pid=38805 on localhost:11917 at 01:04:03.169
starting worker pid=38802 on localhost:11917 at 01:04:03.170
starting worker pid=38811 on localhost:11917 at 01:04:03.175
starting worker pid=38807 on localhost:11917 at 01:04:03.176
starting worker pid=38809 on localhost:11917 at 01:04:03.176
starting worker pid=38804 on localhost:11917 at 01:04:03.177
starting worker pid=38806 on localhost:11917 at 01:04:03.177
2023-01-27 01:17:05 INFO::After iteration 10, priors {SNP,gene}: {0.00195246940470086,0.00492626537674362}
2023-01-27 01:17:06 INFO::run iteration 11
starting worker pid=51367 on localhost:11917 at 01:17:06.518
starting worker pid=51369 on localhost:11917 at 01:17:06.533
starting worker pid=51374 on localhost:11917 at 01:17:06.541
starting worker pid=51368 on localhost:11917 at 01:17:06.564
starting worker pid=51366 on localhost:11917 at 01:17:06.574
starting worker pid=51373 on localhost:11917 at 01:17:06.578
starting worker pid=51375 on localhost:11917 at 01:17:06.581
starting worker pid=51371 on localhost:11917 at 01:17:06.601
starting worker pid=51370 on localhost:11917 at 01:17:06.603
starting worker pid=51372 on localhost:11917 at 01:17:06.641
2023-01-27 01:30:09 INFO::After iteration 11, priors {SNP,gene}: {0.00195198206041146,0.00493272298307194}
2023-01-27 01:30:10 INFO::run iteration 12
starting worker pid=7091 on localhost:11917 at 01:30:10.510
starting worker pid=7099 on localhost:11917 at 01:30:10.516
starting worker pid=7098 on localhost:11917 at 01:30:10.518
starting worker pid=7100 on localhost:11917 at 01:30:10.532
starting worker pid=7093 on localhost:11917 at 01:30:10.539
starting worker pid=7095 on localhost:11917 at 01:30:10.548
starting worker pid=7092 on localhost:11917 at 01:30:10.549
starting worker pid=7096 on localhost:11917 at 01:30:10.552
starting worker pid=7097 on localhost:11917 at 01:30:10.568
starting worker pid=7094 on localhost:11917 at 01:30:10.568
2023-01-27 01:43:14 INFO::After iteration 12, priors {SNP,gene}: {0.00195154174561863,0.00493748095670873}
2023-01-27 01:43:14 INFO::run iteration 13
starting worker pid=17033 on localhost:11917 at 01:43:14.687
starting worker pid=17036 on localhost:11917 at 01:43:14.793
starting worker pid=17028 on localhost:11917 at 01:43:14.804
starting worker pid=17035 on localhost:11917 at 01:43:14.807
starting worker pid=17029 on localhost:11917 at 01:43:14.810
starting worker pid=17037 on localhost:11917 at 01:43:14.814
starting worker pid=17032 on localhost:11917 at 01:43:14.814
starting worker pid=17034 on localhost:11917 at 01:43:14.817
starting worker pid=17031 on localhost:11917 at 01:43:14.827
starting worker pid=17030 on localhost:11917 at 01:43:14.835
2023-01-27 01:56:21 INFO::After iteration 13, priors {SNP,gene}: {0.00195117258531396,0.00494106816402333}
2023-01-27 01:56:21 INFO::run iteration 14
starting worker pid=24221 on localhost:11917 at 01:56:22.199
starting worker pid=24220 on localhost:11917 at 01:56:22.199
starting worker pid=24212 on localhost:11917 at 01:56:22.199
starting worker pid=24217 on localhost:11917 at 01:56:22.199
starting worker pid=24219 on localhost:11917 at 01:56:22.200
starting worker pid=24214 on localhost:11917 at 01:56:22.200
starting worker pid=24216 on localhost:11917 at 01:56:22.200
starting worker pid=24215 on localhost:11917 at 01:56:22.200
starting worker pid=24218 on localhost:11917 at 01:56:22.200
starting worker pid=24213 on localhost:11917 at 01:56:22.201
2023-01-27 02:09:23 INFO::After iteration 14, priors {SNP,gene}: {0.00195087397211178,0.00494381028596945}
2023-01-27 02:09:23 INFO::run iteration 15
starting worker pid=37077 on localhost:11917 at 02:09:23.836
starting worker pid=37073 on localhost:11917 at 02:09:23.846
starting worker pid=37071 on localhost:11917 at 02:09:23.860
starting worker pid=37069 on localhost:11917 at 02:09:23.863
starting worker pid=37070 on localhost:11917 at 02:09:23.868
starting worker pid=37074 on localhost:11917 at 02:09:23.870
starting worker pid=37076 on localhost:11917 at 02:09:23.881
starting worker pid=37068 on localhost:11917 at 02:09:23.897
starting worker pid=37075 on localhost:11917 at 02:09:23.910
starting worker pid=37072 on localhost:11917 at 02:09:23.936
2023-01-27 02:22:26 INFO::After iteration 15, priors {SNP,gene}: {0.00195063676638111,0.00494592308157206}
2023-01-27 02:22:26 INFO::run iteration 16
starting worker pid=47907 on localhost:11917 at 02:22:26.875
starting worker pid=47909 on localhost:11917 at 02:22:26.896
starting worker pid=47906 on localhost:11917 at 02:22:26.908
starting worker pid=47902 on localhost:11917 at 02:22:26.940
starting worker pid=47910 on localhost:11917 at 02:22:26.949
starting worker pid=47911 on localhost:11917 at 02:22:26.949
starting worker pid=47904 on localhost:11917 at 02:22:26.951
starting worker pid=47903 on localhost:11917 at 02:22:26.955
starting worker pid=47905 on localhost:11917 at 02:22:26.982
starting worker pid=47908 on localhost:11917 at 02:22:26.991
2023-01-27 02:35:30 INFO::After iteration 16, priors {SNP,gene}: {0.00195044952880968,0.00494755818049452}
2023-01-27 02:35:30 INFO::run iteration 17
starting worker pid=3661 on localhost:11917 at 02:35:31.104
starting worker pid=3660 on localhost:11917 at 02:35:31.115
starting worker pid=3657 on localhost:11917 at 02:35:31.124
starting worker pid=3662 on localhost:11917 at 02:35:31.130
starting worker pid=3665 on localhost:11917 at 02:35:31.130
starting worker pid=3659 on localhost:11917 at 02:35:31.130
starting worker pid=3658 on localhost:11917 at 02:35:31.131
starting worker pid=3664 on localhost:11917 at 02:35:31.142
starting worker pid=3663 on localhost:11917 at 02:35:31.144
starting worker pid=3656 on localhost:11917 at 02:35:31.146
2023-01-27 02:48:37 INFO::After iteration 17, priors {SNP,gene}: {0.00195030251622326,0.00494882721324898}
2023-01-27 02:48:38 INFO::run iteration 18
starting worker pid=16171 on localhost:11917 at 02:48:38.546
starting worker pid=16167 on localhost:11917 at 02:48:38.561
starting worker pid=16175 on localhost:11917 at 02:48:38.561
starting worker pid=16166 on localhost:11917 at 02:48:38.574
starting worker pid=16169 on localhost:11917 at 02:48:38.585
starting worker pid=16172 on localhost:11917 at 02:48:38.586
starting worker pid=16173 on localhost:11917 at 02:48:38.586
starting worker pid=16170 on localhost:11917 at 02:48:38.598
starting worker pid=16174 on localhost:11917 at 02:48:38.611
starting worker pid=16168 on localhost:11917 at 02:48:38.615
2023-01-27 03:01:44 INFO::After iteration 18, priors {SNP,gene}: {0.00195018749595245,0.00494981380416152}
2023-01-27 03:01:44 INFO::run iteration 19
starting worker pid=26923 on localhost:11917 at 03:01:45.462
starting worker pid=26926 on localhost:11917 at 03:01:45.466
starting worker pid=26927 on localhost:11917 at 03:01:45.467
starting worker pid=26929 on localhost:11917 at 03:01:45.467
starting worker pid=26924 on localhost:11917 at 03:01:45.467
starting worker pid=26925 on localhost:11917 at 03:01:45.467
starting worker pid=26928 on localhost:11917 at 03:01:45.468
starting worker pid=26921 on localhost:11917 at 03:01:45.468
starting worker pid=26922 on localhost:11917 at 03:01:45.468
starting worker pid=26930 on localhost:11917 at 03:01:45.468
2023-01-27 03:14:44 INFO::After iteration 19, priors {SNP,gene}: {0.00195009767913798,0.00495058153363938}
2023-01-27 03:14:45 INFO::run iteration 20
starting worker pid=37967 on localhost:11917 at 03:14:45.555
starting worker pid=37973 on localhost:11917 at 03:14:45.555
starting worker pid=37972 on localhost:11917 at 03:14:45.567
starting worker pid=37971 on localhost:11917 at 03:14:45.574
starting worker pid=37976 on localhost:11917 at 03:14:45.581
starting worker pid=37968 on localhost:11917 at 03:14:45.584
starting worker pid=37969 on localhost:11917 at 03:14:45.585
starting worker pid=37975 on localhost:11917 at 03:14:45.602
starting worker pid=37970 on localhost:11917 at 03:14:45.617
starting worker pid=37974 on localhost:11917 at 03:14:45.624
2023-01-27 03:27:47 INFO::After iteration 20, priors {SNP,gene}: {0.00195002761701468,0.00495117926093465}
2023-01-27 03:27:48 INFO::run iteration 21
starting worker pid=52283 on localhost:11917 at 03:27:48.729
starting worker pid=52291 on localhost:11917 at 03:27:48.737
starting worker pid=52289 on localhost:11917 at 03:27:48.740
starting worker pid=52284 on localhost:11917 at 03:27:48.771
starting worker pid=52287 on localhost:11917 at 03:27:48.771
starting worker pid=52285 on localhost:11917 at 03:27:48.772
starting worker pid=52286 on localhost:11917 at 03:27:48.776
starting worker pid=52288 on localhost:11917 at 03:27:48.778
starting worker pid=52282 on localhost:11917 at 03:27:48.780
starting worker pid=52290 on localhost:11917 at 03:27:48.784
2023-01-27 03:40:51 INFO::After iteration 21, priors {SNP,gene}: {0.00194997299632416,0.00495164476145101}
2023-01-27 03:40:51 INFO::run iteration 22
starting worker pid=6142 on localhost:11917 at 03:40:52.029
starting worker pid=6141 on localhost:11917 at 03:40:52.029
starting worker pid=6140 on localhost:11917 at 03:40:52.029
starting worker pid=6145 on localhost:11917 at 03:40:52.029
starting worker pid=6138 on localhost:11917 at 03:40:52.029
starting worker pid=6144 on localhost:11917 at 03:40:52.030
starting worker pid=6146 on localhost:11917 at 03:40:52.030
starting worker pid=6137 on localhost:11917 at 03:40:52.032
starting worker pid=6139 on localhost:11917 at 03:40:52.033
starting worker pid=6147 on localhost:11917 at 03:40:52.054
2023-01-27 03:53:58 INFO::After iteration 22, priors {SNP,gene}: {0.00194993042747852,0.00495200734112956}
2023-01-27 03:53:59 INFO::run iteration 23
starting worker pid=15303 on localhost:11917 at 03:53:59.612
starting worker pid=15302 on localhost:11917 at 03:53:59.643
starting worker pid=15304 on localhost:11917 at 03:53:59.646
starting worker pid=15308 on localhost:11917 at 03:53:59.647
starting worker pid=15305 on localhost:11917 at 03:53:59.648
starting worker pid=15311 on localhost:11917 at 03:53:59.650
starting worker pid=15307 on localhost:11917 at 03:53:59.650
starting worker pid=15310 on localhost:11917 at 03:53:59.667
starting worker pid=15309 on localhost:11917 at 03:53:59.672
starting worker pid=15306 on localhost:11917 at 03:53:59.675
2023-01-27 04:07:01 INFO::After iteration 23, priors {SNP,gene}: {0.00194989725719524,0.0049522897785784}
2023-01-27 04:07:01 INFO::run iteration 24
starting worker pid=29494 on localhost:11917 at 04:07:02.091
starting worker pid=29497 on localhost:11917 at 04:07:02.095
starting worker pid=29492 on localhost:11917 at 04:07:02.105
starting worker pid=29489 on localhost:11917 at 04:07:02.112
starting worker pid=29490 on localhost:11917 at 04:07:02.119
starting worker pid=29493 on localhost:11917 at 04:07:02.128
starting worker pid=29488 on localhost:11917 at 04:07:02.149
starting worker pid=29491 on localhost:11917 at 04:07:02.175
starting worker pid=29495 on localhost:11917 at 04:07:02.185
starting worker pid=29496 on localhost:11917 at 04:07:02.187
2023-01-27 04:20:02 INFO::After iteration 24, priors {SNP,gene}: {0.00194987141298876,0.00495250979743939}
2023-01-27 04:20:02 INFO::run iteration 25
starting worker pid=41614 on localhost:11917 at 04:20:02.727
starting worker pid=41618 on localhost:11917 at 04:20:02.743
starting worker pid=41617 on localhost:11917 at 04:20:02.750
starting worker pid=41615 on localhost:11917 at 04:20:02.751
starting worker pid=41612 on localhost:11917 at 04:20:02.767
starting worker pid=41613 on localhost:11917 at 04:20:02.771
starting worker pid=41620 on localhost:11917 at 04:20:02.778
starting worker pid=41616 on localhost:11917 at 04:20:02.808
starting worker pid=41621 on localhost:11917 at 04:20:02.811
starting worker pid=41619 on localhost:11917 at 04:20:02.824
2023-01-27 04:33:07 INFO::After iteration 25, priors {SNP,gene}: {0.00194985127793398,0.00495268119605603}
2023-01-27 04:33:07 INFO::run iteration 26
starting worker pid=52582 on localhost:11917 at 04:33:08.402
starting worker pid=52579 on localhost:11917 at 04:33:08.403
starting worker pid=52576 on localhost:11917 at 04:33:08.403
starting worker pid=52578 on localhost:11917 at 04:33:08.403
starting worker pid=52577 on localhost:11917 at 04:33:08.403
starting worker pid=52574 on localhost:11917 at 04:33:08.404
starting worker pid=52575 on localhost:11917 at 04:33:08.411
starting worker pid=52580 on localhost:11917 at 04:33:08.413
starting worker pid=52581 on localhost:11917 at 04:33:08.414
starting worker pid=52573 on localhost:11917 at 04:33:08.428
2023-01-27 04:46:07 INFO::After iteration 26, priors {SNP,gene}: {0.00194983559134487,0.00495281472014778}
2023-01-27 04:46:07 INFO::run iteration 27
starting worker pid=9484 on localhost:11917 at 04:46:08.228
starting worker pid=9491 on localhost:11917 at 04:46:08.280
starting worker pid=9490 on localhost:11917 at 04:46:08.286
starting worker pid=9489 on localhost:11917 at 04:46:08.288
starting worker pid=9486 on localhost:11917 at 04:46:08.301
starting worker pid=9485 on localhost:11917 at 04:46:08.302
starting worker pid=9492 on localhost:11917 at 04:46:08.303
starting worker pid=9487 on localhost:11917 at 04:46:08.304
starting worker pid=9493 on localhost:11917 at 04:46:08.324
starting worker pid=9488 on localhost:11917 at 04:46:08.368
2023-01-27 04:59:08 INFO::After iteration 27, priors {SNP,gene}: {0.00194982337064174,0.0049529187395385}
2023-01-27 04:59:08 INFO::run iteration 28
starting worker pid=21886 on localhost:11917 at 04:59:08.699
starting worker pid=21881 on localhost:11917 at 04:59:08.757
starting worker pid=21890 on localhost:11917 at 04:59:08.760
starting worker pid=21888 on localhost:11917 at 04:59:08.762
starting worker pid=21883 on localhost:11917 at 04:59:08.763
starting worker pid=21889 on localhost:11917 at 04:59:08.765
starting worker pid=21884 on localhost:11917 at 04:59:08.767
starting worker pid=21882 on localhost:11917 at 04:59:08.778
starting worker pid=21887 on localhost:11917 at 04:59:08.778
starting worker pid=21885 on localhost:11917 at 04:59:08.799
2023-01-27 05:12:05 INFO::After iteration 28, priors {SNP,gene}: {0.00194981385015508,0.00495299977404621}
2023-01-27 05:12:05 INFO::run iteration 29
starting worker pid=34541 on localhost:11917 at 05:12:05.698
starting worker pid=34538 on localhost:11917 at 05:12:05.713
starting worker pid=34543 on localhost:11917 at 05:12:05.755
starting worker pid=34542 on localhost:11917 at 05:12:05.756
starting worker pid=34544 on localhost:11917 at 05:12:05.774
starting worker pid=34545 on localhost:11917 at 05:12:05.777
starting worker pid=34547 on localhost:11917 at 05:12:05.779
starting worker pid=34539 on localhost:11917 at 05:12:05.779
starting worker pid=34546 on localhost:11917 at 05:12:05.787
starting worker pid=34540 on localhost:11917 at 05:12:05.788
2023-01-27 05:25:08 INFO::After iteration 29, priors {SNP,gene}: {0.00194980643330891,0.0049530629026287}
2023-01-27 05:25:09 INFO::run iteration 30
starting worker pid=47630 on localhost:11917 at 05:25:09.510
starting worker pid=47634 on localhost:11917 at 05:25:09.520
starting worker pid=47636 on localhost:11917 at 05:25:09.523
starting worker pid=47639 on localhost:11917 at 05:25:09.554
starting worker pid=47632 on localhost:11917 at 05:25:09.558
starting worker pid=47633 on localhost:11917 at 05:25:09.559
starting worker pid=47635 on localhost:11917 at 05:25:09.595
starting worker pid=47631 on localhost:11917 at 05:25:09.595
starting worker pid=47637 on localhost:11917 at 05:25:09.599
starting worker pid=47638 on localhost:11917 at 05:25:09.665
2023-01-27 05:38:15 INFO::After iteration 30, priors {SNP,gene}: {0.00194980065530737,0.00495311208190143}
2023-01-27 05:38:15 INFO::Run susie for all regions.
2023-01-27 05:38:15 INFO::run iteration 1
starting worker pid=3018 on localhost:11917 at 05:38:16.063
starting worker pid=3010 on localhost:11917 at 05:38:16.069
starting worker pid=3012 on localhost:11917 at 05:38:16.075
starting worker pid=3009 on localhost:11917 at 05:38:16.076
starting worker pid=3013 on localhost:11917 at 05:38:16.077
starting worker pid=3016 on localhost:11917 at 05:38:16.080
starting worker pid=3014 on localhost:11917 at 05:38:16.082
starting worker pid=3011 on localhost:11917 at 05:38:16.091
starting worker pid=3017 on localhost:11917 at 05:38:16.092
starting worker pid=3015 on localhost:11917 at 05:38:16.119
2023-01-27 06:00:27 INFO::After iteration 1, priors {SNP,gene}: {0.00716408516143768,0.0141605043948056}
2023-01-27 06:00:27 INFO::No. LD regions: 1700
2023-01-27 06:00:33 INFO::No. regions with at least one SNP/gene for chr1: 131
2023-01-27 06:00:33 INFO::Merge regions for chr1
2023-01-27 06:00:33 INFO::No. regions with at least one SNP/gene for chr1 after merging: 131
2023-01-27 06:00:39 INFO::No. regions with at least one SNP/gene for chr2: 144
2023-01-27 06:00:39 INFO::Merge regions for chr2
2023-01-27 06:00:39 INFO::No. regions with at least one SNP/gene for chr2 after merging: 144
2023-01-27 06:00:43 INFO::No. regions with at least one SNP/gene for chr3: 122
2023-01-27 06:00:43 INFO::Merge regions for chr3
2023-01-27 06:00:43 INFO::No. regions with at least one SNP/gene for chr3 after merging: 122
2023-01-27 06:00:48 INFO::No. regions with at least one SNP/gene for chr4: 122
2023-01-27 06:00:48 INFO::Merge regions for chr4
2023-01-27 06:00:48 INFO::No. regions with at least one SNP/gene for chr4 after merging: 122
2023-01-27 06:00:52 INFO::No. regions with at least one SNP/gene for chr5: 110
2023-01-27 06:00:52 INFO::Merge regions for chr5
2023-01-27 06:00:52 INFO::No. regions with at least one SNP/gene for chr5 after merging: 110
2023-01-27 06:00:57 INFO::No. regions with at least one SNP/gene for chr6: 112
2023-01-27 06:00:57 INFO::Merge regions for chr6
2023-01-27 06:00:57 INFO::No. regions with at least one SNP/gene for chr6 after merging: 112
2023-01-27 06:01:00 INFO::No. regions with at least one SNP/gene for chr7: 99
2023-01-27 06:01:00 INFO::Merge regions for chr7
2023-01-27 06:01:00 INFO::No. regions with at least one SNP/gene for chr7 after merging: 99
2023-01-27 06:01:04 INFO::No. regions with at least one SNP/gene for chr8: 94
2023-01-27 06:01:04 INFO::Merge regions for chr8
2023-01-27 06:01:04 INFO::No. regions with at least one SNP/gene for chr8 after merging: 94
2023-01-27 06:01:06 INFO::No. regions with at least one SNP/gene for chr9: 74
2023-01-27 06:01:06 INFO::Merge regions for chr9
2023-01-27 06:01:06 INFO::No. regions with at least one SNP/gene for chr9 after merging: 74
2023-01-27 06:01:10 INFO::No. regions with at least one SNP/gene for chr10: 85
2023-01-27 06:01:10 INFO::Merge regions for chr10
2023-01-27 06:01:10 INFO::No. regions with at least one SNP/gene for chr10 after merging: 85
2023-01-27 06:01:13 INFO::No. regions with at least one SNP/gene for chr11: 84
2023-01-27 06:01:13 INFO::Merge regions for chr11
2023-01-27 06:01:13 INFO::No. regions with at least one SNP/gene for chr11 after merging: 84
2023-01-27 06:01:16 INFO::No. regions with at least one SNP/gene for chr12: 82
2023-01-27 06:01:16 INFO::Merge regions for chr12
2023-01-27 06:01:16 INFO::No. regions with at least one SNP/gene for chr12 after merging: 82
2023-01-27 06:01:18 INFO::No. regions with at least one SNP/gene for chr13: 62
2023-01-27 06:01:18 INFO::Merge regions for chr13
2023-01-27 06:01:18 INFO::No. regions with at least one SNP/gene for chr13 after merging: 62
2023-01-27 06:01:20 INFO::No. regions with at least one SNP/gene for chr14: 56
2023-01-27 06:01:20 INFO::Merge regions for chr14
2023-01-27 06:01:20 INFO::No. regions with at least one SNP/gene for chr14 after merging: 56
2023-01-27 06:01:23 INFO::No. regions with at least one SNP/gene for chr15: 50
2023-01-27 06:01:23 INFO::Merge regions for chr15
2023-01-27 06:01:23 INFO::No. regions with at least one SNP/gene for chr15 after merging: 50
2023-01-27 06:01:25 INFO::No. regions with at least one SNP/gene for chr16: 54
2023-01-27 06:01:25 INFO::Merge regions for chr16
2023-01-27 06:01:25 INFO::No. regions with at least one SNP/gene for chr16 after merging: 54
2023-01-27 06:01:27 INFO::No. regions with at least one SNP/gene for chr17: 47
2023-01-27 06:01:27 INFO::Merge regions for chr17
2023-01-27 06:01:27 INFO::No. regions with at least one SNP/gene for chr17 after merging: 47
2023-01-27 06:01:29 INFO::No. regions with at least one SNP/gene for chr18: 47
2023-01-27 06:01:29 INFO::Merge regions for chr18
2023-01-27 06:01:29 INFO::No. regions with at least one SNP/gene for chr18 after merging: 47
2023-01-27 06:01:31 INFO::No. regions with at least one SNP/gene for chr19: 39
2023-01-27 06:01:31 INFO::Merge regions for chr19
2023-01-27 06:01:31 INFO::No. regions with at least one SNP/gene for chr19 after merging: 39
2023-01-27 06:01:32 INFO::No. regions with at least one SNP/gene for chr20: 38
2023-01-27 06:01:32 INFO::Merge regions for chr20
2023-01-27 06:01:32 INFO::No. regions with at least one SNP/gene for chr20 after merging: 38
2023-01-27 06:01:34 INFO::No. regions with at least one SNP/gene for chr21: 24
2023-01-27 06:01:34 INFO::Merge regions for chr21
2023-01-27 06:01:34 INFO::No. regions with at least one SNP/gene for chr21 after merging: 24
2023-01-27 06:01:36 INFO::No. regions with at least one SNP/gene for chr22: 24
2023-01-27 06:01:36 INFO::Merge regions for chr22
2023-01-27 06:01:36 INFO::No. regions with at least one SNP/gene for chr22 after merging: 24
2023-01-27 06:01:36 INFO::Trim regions with SNPs more than 20000
2023-01-27 06:01:36 INFO::Adding R matrix info, as genotype is not given
2023-01-27 06:01:37 INFO::Adding R matrix info for chrom 1
2023-01-27 06:28:40 INFO::Adding R matrix info for chrom 2
2023-01-27 06:53:24 INFO::Adding R matrix info for chrom 3
2023-01-27 07:10:30 INFO::Adding R matrix info for chrom 4
2023-01-27 07:25:56 INFO::Adding R matrix info for chrom 5
2023-01-27 07:42:13 INFO::Adding R matrix info for chrom 6
2023-01-27 08:03:46 INFO::Adding R matrix info for chrom 7
2023-01-27 08:21:22 INFO::Adding R matrix info for chrom 8
2023-01-27 08:36:26 INFO::Adding R matrix info for chrom 9
2023-01-27 08:46:39 INFO::Adding R matrix info for chrom 10
2023-01-27 09:02:44 INFO::Adding R matrix info for chrom 11
2023-01-27 09:20:32 INFO::Adding R matrix info for chrom 12
2023-01-27 09:35:20 INFO::Adding R matrix info for chrom 13
2023-01-27 09:44:04 INFO::Adding R matrix info for chrom 14
2023-01-27 09:54:33 INFO::Adding R matrix info for chrom 15
2023-01-27 10:03:51 INFO::Adding R matrix info for chrom 16
2023-01-27 10:15:56 INFO::Adding R matrix info for chrom 17
2023-01-27 10:30:34 INFO::Adding R matrix info for chrom 18
2023-01-27 10:37:16 INFO::Adding R matrix info for chrom 19
2023-01-27 10:49:51 INFO::Adding R matrix info for chrom 20
2023-01-27 10:58:36 INFO::Adding R matrix info for chrom 21
2023-01-27 11:02:54 INFO::Adding R matrix info for chrom 22
2023-01-27 11:12:29 INFO::Number of regions that contain strong gene signals: 69
2023-01-27 11:12:29 INFO::Rerun susie for regions with strong gene signals using full SNPs.
2023-01-27 11:12:29 INFO::run iteration 1
starting worker pid=20364 on localhost:11917 at 11:12:31.016
2023-01-27 11:42:52 INFO::After iteration 1, priors {SNP,gene}: {0.000585620019277468,0.0139020234797873}
$group_prior
         SNP         gene 
0.0001949801 0.0049531121 

$group_prior_var
     SNP     gene 
15.48913 30.30582 

R version 4.1.0 (2021-05-18)
Platform: x86_64-pc-linux-gnu (64-bit)
Running under: CentOS Linux 7 (Core)

Matrix products: default
BLAS/LAPACK: /software/openblas-0.3.13-el7-x86_64/lib/libopenblas_haswellp-r0.3.13.so

locale:
[1] C

attached base packages:
[1] stats     graphics  grDevices utils     datasets  methods   base     

other attached packages:
[1] data.table_1.14.6 ctwas_0.1.35     

loaded via a namespace (and not attached):
 [1] Rcpp_1.0.9        compiler_4.1.0    pillar_1.8.1      iterators_1.0.14 
 [5] tools_4.1.0       bit_4.0.5         RSQLite_2.2.19    memoise_2.0.1    
 [9] lifecycle_1.0.3   tibble_3.1.8      lattice_0.20-44   pkgconfig_2.0.3  
[13] rlang_1.0.6       Matrix_1.3-3      foreach_1.5.2     DBI_1.1.3        
[17] cli_3.4.1         parallel_4.1.0    fastmap_1.1.0     pgenlibr_0.3.2   
[21] vctrs_0.5.1       hms_1.1.2         bit64_4.0.5       grid_4.1.0       
[25] glue_1.6.2        R6_2.5.1          fansi_1.0.3       readr_2.1.3      
[29] tzdb_0.3.0        blob_1.2.3        magrittr_2.0.3    codetools_0.2-18 
[33] ellipsis_0.3.2    logging_0.10-108  utf8_1.2.2        doParallel_1.0.17
[37] cachem_1.0.6      crayon_1.5.2     
