[1] "/project2/xinhe/shengqian/cTWAS/cTWAS_analysis/data/UKBB/ukb-d-30780_irnt.vcf.gz"
[2] "/project2/mstephens/wcrouse/UKB_LDR_0.1"                                         
[3] "/project2/xinhe/shared_data/multigroup_ctwas/weights/predictdb_h3k27ac/Brain.db" 
[4] "/project2/xinhe/shengqian/cTWAS/cTWAS_analysis/code/ctwas_config_b38.R"          
[5] "LDL_Brain_expr"                                                                  
[6] "LDL_Brain_ctwas"                                                                 
[7] "/project2/xinhe/shengqian/cTWAS/cTWAS_analysis/data/LDL_H/Brain"                 
[1] "skip parameter estimation"
[1] "start fine mapping"
2023-11-18 00:35:56 INFO::ctwas started ...
2023-11-18 00:36:57 INFO::LD region file: /home/shengqian/R/x86_64-pc-linux-gnu-library/4.1/ctwas/extdata/ldetect/EUR.b38.bed
2023-11-18 00:37:13 INFO::No. LD regions: 1700
2023-11-18 00:37:23 INFO::No. regions with at least one SNP/gene for chr1: 131
2023-11-18 00:37:23 INFO::No. regions with at least one SNP/gene for chr1 after merging: 131
2023-11-18 00:37:36 INFO::No. regions with at least one SNP/gene for chr2: 144
2023-11-18 00:37:36 INFO::No. regions with at least one SNP/gene for chr2 after merging: 144
2023-11-18 00:37:46 INFO::No. regions with at least one SNP/gene for chr3: 122
2023-11-18 00:37:46 INFO::No. regions with at least one SNP/gene for chr3 after merging: 122
2023-11-18 00:37:55 INFO::No. regions with at least one SNP/gene for chr4: 122
2023-11-18 00:37:55 INFO::No. regions with at least one SNP/gene for chr4 after merging: 122
2023-11-18 00:38:00 INFO::No. regions with at least one SNP/gene for chr5: 110
2023-11-18 00:38:00 INFO::No. regions with at least one SNP/gene for chr5 after merging: 110
2023-11-18 00:38:05 INFO::No. regions with at least one SNP/gene for chr6: 112
2023-11-18 00:38:05 INFO::No. regions with at least one SNP/gene for chr6 after merging: 112
2023-11-18 00:38:10 INFO::No. regions with at least one SNP/gene for chr7: 99
2023-11-18 00:38:10 INFO::No. regions with at least one SNP/gene for chr7 after merging: 99
2023-11-18 00:38:14 INFO::No. regions with at least one SNP/gene for chr8: 94
2023-11-18 00:38:14 INFO::No. regions with at least one SNP/gene for chr8 after merging: 94
2023-11-18 00:38:17 INFO::No. regions with at least one SNP/gene for chr9: 74
2023-11-18 00:38:17 INFO::No. regions with at least one SNP/gene for chr9 after merging: 74
2023-11-18 00:38:23 INFO::No. regions with at least one SNP/gene for chr10: 85
2023-11-18 00:38:23 INFO::No. regions with at least one SNP/gene for chr10 after merging: 85
2023-11-18 00:38:26 INFO::No. regions with at least one SNP/gene for chr11: 84
2023-11-18 00:38:26 INFO::No. regions with at least one SNP/gene for chr11 after merging: 84
2023-11-18 00:38:30 INFO::No. regions with at least one SNP/gene for chr12: 82
2023-11-18 00:38:30 INFO::No. regions with at least one SNP/gene for chr12 after merging: 82
2023-11-18 00:38:32 INFO::No. regions with at least one SNP/gene for chr13: 62
2023-11-18 00:38:32 INFO::No. regions with at least one SNP/gene for chr13 after merging: 62
2023-11-18 00:38:34 INFO::No. regions with at least one SNP/gene for chr14: 56
2023-11-18 00:38:34 INFO::No. regions with at least one SNP/gene for chr14 after merging: 56
2023-11-18 00:38:37 INFO::No. regions with at least one SNP/gene for chr15: 50
2023-11-18 00:38:37 INFO::No. regions with at least one SNP/gene for chr15 after merging: 50
2023-11-18 00:38:39 INFO::No. regions with at least one SNP/gene for chr16: 54
2023-11-18 00:38:39 INFO::No. regions with at least one SNP/gene for chr16 after merging: 54
2023-11-18 00:38:41 INFO::No. regions with at least one SNP/gene for chr17: 47
2023-11-18 00:38:41 INFO::No. regions with at least one SNP/gene for chr17 after merging: 47
2023-11-18 00:38:43 INFO::No. regions with at least one SNP/gene for chr18: 47
2023-11-18 00:38:43 INFO::No. regions with at least one SNP/gene for chr18 after merging: 47
2023-11-18 00:38:45 INFO::No. regions with at least one SNP/gene for chr19: 39
2023-11-18 00:38:45 INFO::No. regions with at least one SNP/gene for chr19 after merging: 39
2023-11-18 00:38:47 INFO::No. regions with at least one SNP/gene for chr20: 38
2023-11-18 00:38:47 INFO::No. regions with at least one SNP/gene for chr20 after merging: 38
2023-11-18 00:38:48 INFO::No. regions with at least one SNP/gene for chr21: 24
2023-11-18 00:38:48 INFO::No. regions with at least one SNP/gene for chr21 after merging: 24
2023-11-18 00:38:50 INFO::No. regions with at least one SNP/gene for chr22: 24
2023-11-18 00:38:50 INFO::No. regions with at least one SNP/gene for chr22 after merging: 24
2023-11-18 00:38:50 INFO::Trim regions with SNPs more than Inf
2023-11-18 00:38:50 INFO::Adding R matrix info, as genotype is not given
starting worker pid=35718 on localhost:11592 at 00:38:50.913
starting worker pid=35717 on localhost:11592 at 00:38:50.913
starting worker pid=35719 on localhost:11592 at 00:38:50.924
2023-11-18 00:38:53 INFO::Adding R matrix info for chrom 11 (core 3)
2023-11-18 00:38:53 INFO::Adding R matrix info for chrom 5 (core 2)
2023-11-18 00:38:53 INFO::Adding R matrix info for chrom 1 (core 1)
2023-11-18 00:42:27 INFO::Adding R matrix info for chrom 12 (core 3)
2023-11-18 00:46:02 INFO::Adding R matrix info for chrom 6 (core 2)
2023-11-18 00:52:12 INFO::Adding R matrix info for chrom 13 (core 3)
2023-11-18 00:54:35 INFO::Adding R matrix info for chrom 2 (core 1)
2023-11-18 00:59:19 INFO::Adding R matrix info for chrom 14 (core 3)
2023-11-18 01:00:37 INFO::Adding R matrix info for chrom 7 (core 2)
2023-11-18 01:05:37 INFO::Adding R matrix info for chrom 15 (core 3)
2023-11-18 01:10:44 INFO::Adding R matrix info for chrom 16 (core 3)
2023-11-18 01:12:54 INFO::Adding R matrix info for chrom 3 (core 1)
2023-11-18 01:13:10 INFO::Adding R matrix info for chrom 8 (core 2)
2023-11-18 01:15:08 INFO::Adding R matrix info for chrom 17 (core 3)
2023-11-18 01:21:01 INFO::Adding R matrix info for chrom 18 (core 3)
2023-11-18 01:25:41 INFO::Adding R matrix info for chrom 9 (core 2)
2023-11-18 01:26:33 INFO::Adding R matrix info for chrom 19 (core 3)
2023-11-18 01:28:01 INFO::Adding R matrix info for chrom 4 (core 1)
2023-11-18 01:30:54 INFO::Adding R matrix info for chrom 20 (core 3)
2023-11-18 01:35:22 INFO::Adding R matrix info for chrom 10 (core 2)
2023-11-18 01:35:56 INFO::Adding R matrix info for chrom 21 (core 3)
2023-11-18 01:38:13 INFO::Adding R matrix info for chrom 22 (core 3)
2023-11-18 01:44:56 INFO::Adding R matrix info for chrom 5 (core 1)
2023-11-18 01:45:12 INFO::Adding R matrix info for chrom 11 (core 2)
2023-11-18 01:51:32 INFO::Run susie for all regions.
2023-11-18 01:51:32 INFO::run iteration 1
starting worker pid=41954 on localhost:11592 at 01:51:32.606
starting worker pid=41952 on localhost:11592 at 01:51:32.607
starting worker pid=41955 on localhost:11592 at 01:51:32.607
starting worker pid=41956 on localhost:11592 at 01:51:32.607
starting worker pid=41950 on localhost:11592 at 01:51:32.608
starting worker pid=41958 on localhost:11592 at 01:51:32.608
starting worker pid=41951 on localhost:11592 at 01:51:32.608
starting worker pid=41949 on localhost:11592 at 01:51:32.610
starting worker pid=41953 on localhost:11592 at 01:51:32.610
starting worker pid=41957 on localhost:11592 at 01:51:32.610
2023-11-18 02:01:58 INFO::No. LD regions: 1700
2023-11-18 02:02:05 INFO::No. regions with at least one SNP/gene for chr1: 131
2023-11-18 02:02:05 INFO::No. regions with at least one SNP/gene for chr1 after merging: 131
2023-11-18 02:02:14 INFO::No. regions with at least one SNP/gene for chr2: 144
2023-11-18 02:02:14 INFO::No. regions with at least one SNP/gene for chr2 after merging: 144
2023-11-18 02:02:21 INFO::No. regions with at least one SNP/gene for chr3: 122
2023-11-18 02:02:21 INFO::No. regions with at least one SNP/gene for chr3 after merging: 122
2023-11-18 02:02:27 INFO::No. regions with at least one SNP/gene for chr4: 122
2023-11-18 02:02:27 INFO::No. regions with at least one SNP/gene for chr4 after merging: 122
2023-11-18 02:02:33 INFO::No. regions with at least one SNP/gene for chr5: 110
2023-11-18 02:02:33 INFO::No. regions with at least one SNP/gene for chr5 after merging: 110
2023-11-18 02:02:38 INFO::No. regions with at least one SNP/gene for chr6: 112
2023-11-18 02:02:38 INFO::No. regions with at least one SNP/gene for chr6 after merging: 112
2023-11-18 02:02:43 INFO::No. regions with at least one SNP/gene for chr7: 99
2023-11-18 02:02:43 INFO::No. regions with at least one SNP/gene for chr7 after merging: 99
2023-11-18 02:02:47 INFO::No. regions with at least one SNP/gene for chr8: 94
2023-11-18 02:02:47 INFO::No. regions with at least one SNP/gene for chr8 after merging: 94
2023-11-18 02:02:51 INFO::No. regions with at least one SNP/gene for chr9: 74
2023-11-18 02:02:51 INFO::No. regions with at least one SNP/gene for chr9 after merging: 74
2023-11-18 02:02:55 INFO::No. regions with at least one SNP/gene for chr10: 85
2023-11-18 02:02:55 INFO::No. regions with at least one SNP/gene for chr10 after merging: 85
2023-11-18 02:02:59 INFO::No. regions with at least one SNP/gene for chr11: 84
2023-11-18 02:02:59 INFO::No. regions with at least one SNP/gene for chr11 after merging: 84
2023-11-18 02:03:03 INFO::No. regions with at least one SNP/gene for chr12: 82
2023-11-18 02:03:03 INFO::No. regions with at least one SNP/gene for chr12 after merging: 82
2023-11-18 02:03:06 INFO::No. regions with at least one SNP/gene for chr13: 62
2023-11-18 02:03:06 INFO::No. regions with at least one SNP/gene for chr13 after merging: 62
2023-11-18 02:03:09 INFO::No. regions with at least one SNP/gene for chr14: 56
2023-11-18 02:03:09 INFO::No. regions with at least one SNP/gene for chr14 after merging: 56
2023-11-18 02:03:11 INFO::No. regions with at least one SNP/gene for chr15: 50
2023-11-18 02:03:11 INFO::No. regions with at least one SNP/gene for chr15 after merging: 50
2023-11-18 02:03:14 INFO::No. regions with at least one SNP/gene for chr16: 54
2023-11-18 02:03:14 INFO::No. regions with at least one SNP/gene for chr16 after merging: 54
2023-11-18 02:03:17 INFO::No. regions with at least one SNP/gene for chr17: 47
2023-11-18 02:03:17 INFO::No. regions with at least one SNP/gene for chr17 after merging: 47
2023-11-18 02:03:19 INFO::No. regions with at least one SNP/gene for chr18: 47
2023-11-18 02:03:19 INFO::No. regions with at least one SNP/gene for chr18 after merging: 47
2023-11-18 02:03:20 INFO::No. regions with at least one SNP/gene for chr19: 39
2023-11-18 02:03:20 INFO::No. regions with at least one SNP/gene for chr19 after merging: 39
2023-11-18 02:03:23 INFO::No. regions with at least one SNP/gene for chr20: 38
2023-11-18 02:03:23 INFO::No. regions with at least one SNP/gene for chr20 after merging: 38
2023-11-18 02:03:24 INFO::No. regions with at least one SNP/gene for chr21: 24
2023-11-18 02:03:24 INFO::No. regions with at least one SNP/gene for chr21 after merging: 24
2023-11-18 02:03:26 INFO::No. regions with at least one SNP/gene for chr22: 24
2023-11-18 02:03:26 INFO::No. regions with at least one SNP/gene for chr22 after merging: 24
2023-11-18 02:03:26 INFO::Trim regions with SNPs more than 20000
2023-11-18 02:03:26 INFO::Adding R matrix info, as genotype is not given
starting worker pid=43095 on localhost:11592 at 02:03:26.735
starting worker pid=43096 on localhost:11592 at 02:03:26.736
starting worker pid=43097 on localhost:11592 at 02:03:26.736
2023-11-18 02:03:58 INFO::Adding R matrix info for chrom 11 (core 3)
2023-11-18 02:03:58 INFO::Adding R matrix info for chrom 5 (core 2)
2023-11-18 02:03:58 INFO::Adding R matrix info for chrom 1 (core 1)
2023-11-18 02:08:03 INFO::Adding R matrix info for chrom 12 (core 3)
2023-11-18 02:11:54 INFO::Adding R matrix info for chrom 6 (core 2)
2023-11-18 02:18:50 INFO::Adding R matrix info for chrom 13 (core 3)
2023-11-18 02:21:43 INFO::Adding R matrix info for chrom 2 (core 1)
2023-11-18 02:26:37 INFO::Adding R matrix info for chrom 14 (core 3)
2023-11-18 02:28:29 INFO::Adding R matrix info for chrom 7 (core 2)
2023-11-18 02:33:56 INFO::Adding R matrix info for chrom 15 (core 3)
2023-11-18 02:39:54 INFO::Adding R matrix info for chrom 16 (core 3)
2023-11-18 02:42:39 INFO::Adding R matrix info for chrom 3 (core 1)
2023-11-18 02:43:03 INFO::Adding R matrix info for chrom 8 (core 2)
2023-11-18 02:44:50 INFO::Adding R matrix info for chrom 17 (core 3)
2023-11-18 02:51:44 INFO::Adding R matrix info for chrom 18 (core 3)
2023-11-18 02:56:58 INFO::Adding R matrix info for chrom 9 (core 2)
2023-11-18 02:57:50 INFO::Adding R matrix info for chrom 19 (core 3)
2023-11-18 03:00:23 INFO::Adding R matrix info for chrom 4 (core 1)
2023-11-18 03:02:49 INFO::Adding R matrix info for chrom 20 (core 3)
2023-11-18 03:07:59 INFO::Adding R matrix info for chrom 10 (core 2)
2023-11-18 03:08:31 INFO::Adding R matrix info for chrom 21 (core 3)
2023-11-18 03:11:06 INFO::Adding R matrix info for chrom 22 (core 3)
2023-11-18 03:19:07 INFO::Adding R matrix info for chrom 11 (core 2)
2023-11-18 03:20:10 INFO::Adding R matrix info for chrom 5 (core 1)
2023-11-18 03:31:32 INFO::Number of regions that contain strong gene signals: 1
2023-11-18 03:31:32 INFO::Rerun susie for regions with strong gene signals using full SNPs.
2023-11-18 03:31:32 INFO::run iteration 1
starting worker pid=50747 on localhost:11592 at 03:31:33.354
$group_prior
         SNP         gene 
0.0001457287 0.0033967369 

$group_prior_var
      SNP      gene 
 22.96474 109.02121 

R version 4.1.0 (2021-05-18)
Platform: x86_64-pc-linux-gnu (64-bit)
Running under: CentOS Linux 7 (Core)

Matrix products: default
BLAS/LAPACK: /software/openblas-0.3.13-el7-x86_64/lib/libopenblas_haswellp-r0.3.13.so

locale:
[1] C

attached base packages:
[1] stats     graphics  grDevices utils     datasets  methods   base     

other attached packages:
[1] data.table_1.14.6 ctwas_0.1.40     

loaded via a namespace (and not attached):
 [1] Rcpp_1.0.9        pgenlibr_0.3.2    magrittr_2.0.3    hms_1.1.2        
 [5] doParallel_1.0.17 lattice_0.20-44   R6_2.5.1          rlang_1.1.1      
 [9] foreach_1.5.2     fansi_1.0.3       tools_4.1.0       parallel_4.1.0   
[13] grid_4.1.0        logging_0.10-108  utf8_1.2.2        cli_3.6.1        
[17] iterators_1.0.14  ellipsis_0.3.2    tibble_3.1.8      lifecycle_1.0.3  
[21] crayon_1.5.2      Matrix_1.3-3      readr_2.1.3       tzdb_0.3.0       
[25] vctrs_0.6.3       codetools_0.2-18  glue_1.6.2        compiler_4.1.0   
[29] pillar_1.8.1      pkgconfig_2.0.3  
