Loading required package: ctwas
loaded ctwas and set parent environment
Loading required package: ctwas
loaded ctwas and set parent environment
Loading required package: ctwas
loaded ctwas and set parent environment
Loading required package: ctwas
loaded ctwas and set parent environment
Loading required package: ctwas
loaded ctwas and set parent environment
Loading required package: ctwas
loaded ctwas and set parent environment
Loading required package: ctwas
loaded ctwas and set parent environment
Loading required package: ctwas
loaded ctwas and set parent environment
Loading required package: ctwas
loaded ctwas and set parent environment
Loading required package: ctwas
loaded ctwas and set parent environment
Loading required package: ctwas
loaded ctwas and set parent environment
Loading required package: ctwas
loaded ctwas and set parent environment
Loading required package: ctwas
loaded ctwas and set parent environment
Loading required package: ctwas
loaded ctwas and set parent environment
Loading required package: ctwas
loaded ctwas and set parent environment
Loading required package: ctwas
loaded ctwas and set parent environment
Loading required package: ctwas
loaded ctwas and set parent environment
Loading required package: ctwas
loaded ctwas and set parent environment
Loading required package: ctwas
loaded ctwas and set parent environment
Loading required package: ctwas
loaded ctwas and set parent environment
Loading required package: ctwas
loaded ctwas and set parent environment
Loading required package: ctwas
loaded ctwas and set parent environment
Loading required package: ctwas
loaded ctwas and set parent environment
Loading required package: ctwas
loaded ctwas and set parent environment
Loading required package: ctwas
loaded ctwas and set parent environment
Loading required package: ctwas
loaded ctwas and set parent environment
Loading required package: ctwas
loaded ctwas and set parent environment
Loading required package: ctwas
loaded ctwas and set parent environment
Loading required package: ctwas
loaded ctwas and set parent environment
Loading required package: ctwas
loaded ctwas and set parent environment
Loading required package: ctwas
loaded ctwas and set parent environment
Loading required package: ctwas
loaded ctwas and set parent environment
Loading required package: ctwas
loaded ctwas and set parent environment
Loading required package: ctwas
loaded ctwas and set parent environment
Loading required package: ctwas
loaded ctwas and set parent environment
Loading required package: ctwas
loaded ctwas and set parent environment
Loading required package: ctwas
loaded ctwas and set parent environment
Loading required package: ctwas
loaded ctwas and set parent environment
Loading required package: ctwas
loaded ctwas and set parent environment
Loading required package: ctwas
loaded ctwas and set parent environment
Loading required package: ctwas
loaded ctwas and set parent environment
Loading required package: ctwas
loaded ctwas and set parent environment
Loading required package: ctwas
loaded ctwas and set parent environment
Loading required package: ctwas
loaded ctwas and set parent environment
Loading required package: ctwas
loaded ctwas and set parent environment
Loading required package: ctwas
loaded ctwas and set parent environment
Loading required package: ctwas
loaded ctwas and set parent environment
Loading required package: ctwas
loaded ctwas and set parent environment
Error in { : task 3 failed - "cannot allocate vector of size 623.9 Mb"
Calls: impute_expr_z -> %dopar% -> <Anonymous>
Execution halted
Error in unserialize(node$con) : error reading from connection
Calls: <Anonymous> ... doTryCatch -> recvData -> recvData.SOCKnode -> unserialize
Error in unserialize(node$con) : error reading from connection
Calls: <Anonymous> ... doTryCatch -> recvData -> recvData.SOCKnode -> unserialize
Error in unserialize(node$con) : error reading from connection
Calls: <Anonymous> ... doTryCatch -> recvData -> recvData.SOCKnode -> unserialize
Error in unserialize(node$con) : error reading from connection
Calls: <Anonymous> ... doTryCatch -> recvData -> recvData.SOCKnode -> unserialize
Execution halted
Error in unserialize(node$con) : error reading from connection
Calls: <Anonymous> ... doTryCatch -> recvData -> recvData.SOCKnode -> unserialize
Execution halted
Error in unserialize(node$con) : error reading from connection
Calls: <Anonymous> ... doTryCatch -> recvData -> recvData.SOCKnode -> unserialize
Execution halted
Execution halted
Error in unserialize(node$con) : error reading from connection
Calls: <Anonymous> ... doTryCatch -> recvData -> recvData.SOCKnode -> unserialize
Error in unserialize(node$con) : error reading from connection
Calls: <Anonymous> ... doTryCatch -> recvData -> recvData.SOCKnode -> unserialize
Execution halted
Error in unserialize(node$con) : error reading from connection
Calls: <Anonymous> ... doTryCatch -> recvData -> recvData.SOCKnode -> unserialize
Error in unserialize(node$con) : error reading from connection
Calls: <Anonymous> ... doTryCatch -> recvData -> recvData.SOCKnode -> unserialize
Error in unserialize(node$con) : error reading from connection
Calls: <Anonymous> ... doTryCatch -> recvData -> recvData.SOCKnode -> unserialize
Error in unserialize(node$con) : error reading from connection
Calls: <Anonymous> ... doTryCatch -> recvData -> recvData.SOCKnode -> unserialize
